[2022-10-02T20:50:16.187+0000] {processor.py:156} INFO - Started process (PID=67) to work on /home/airflow/.local/lib/python3.7/site-packages/airflow/example_dags/example_task_group_decorator.py
[2022-10-02T20:50:16.190+0000] {processor.py:758} INFO - Processing file /home/airflow/.local/lib/python3.7/site-packages/airflow/example_dags/example_task_group_decorator.py for tasks to queue
[2022-10-02T20:50:16.192+0000] {logging_mixin.py:117} INFO - [2022-10-02T20:50:16.192+0000] {dagbag.py:525} INFO - Filling up the DagBag from /home/airflow/.local/lib/python3.7/site-packages/airflow/example_dags/example_task_group_decorator.py
[2022-10-02T20:50:16.439+0000] {processor.py:768} INFO - DAG(s) dict_keys(['example_task_group_decorator']) retrieved from /home/airflow/.local/lib/python3.7/site-packages/airflow/example_dags/example_task_group_decorator.py
[2022-10-02T20:50:16.650+0000] {logging_mixin.py:117} INFO - [2022-10-02T20:50:16.649+0000] {dag.py:2573} INFO - Sync 1 DAGs
[2022-10-02T20:50:16.779+0000] {logging_mixin.py:117} INFO - [2022-10-02T20:50:16.778+0000] {dag.py:3328} INFO - Setting next_dagrun for example_task_group_decorator to 2022-10-01T20:50:16.777468+00:00, run_after=2022-10-02T20:50:16.777468+00:00
[2022-10-02T20:50:16.947+0000] {processor.py:178} INFO - Processing /home/airflow/.local/lib/python3.7/site-packages/airflow/example_dags/example_task_group_decorator.py took 0.765 seconds
[2022-10-02T20:50:47.144+0000] {processor.py:156} INFO - Started process (PID=120) to work on /home/airflow/.local/lib/python3.7/site-packages/airflow/example_dags/example_task_group_decorator.py
[2022-10-02T20:50:47.150+0000] {processor.py:758} INFO - Processing file /home/airflow/.local/lib/python3.7/site-packages/airflow/example_dags/example_task_group_decorator.py for tasks to queue
[2022-10-02T20:50:47.158+0000] {logging_mixin.py:117} INFO - [2022-10-02T20:50:47.158+0000] {dagbag.py:525} INFO - Filling up the DagBag from /home/airflow/.local/lib/python3.7/site-packages/airflow/example_dags/example_task_group_decorator.py
[2022-10-02T20:50:47.203+0000] {processor.py:768} INFO - DAG(s) dict_keys(['example_task_group_decorator']) retrieved from /home/airflow/.local/lib/python3.7/site-packages/airflow/example_dags/example_task_group_decorator.py
[2022-10-02T20:50:47.268+0000] {logging_mixin.py:117} INFO - [2022-10-02T20:50:47.267+0000] {dag.py:2573} INFO - Sync 1 DAGs
[2022-10-02T20:50:47.311+0000] {logging_mixin.py:117} INFO - [2022-10-02T20:50:47.311+0000] {dag.py:3328} INFO - Setting next_dagrun for example_task_group_decorator to 2022-10-01T20:50:47.311023+00:00, run_after=2022-10-02T20:50:47.311023+00:00
[2022-10-02T20:50:47.341+0000] {processor.py:178} INFO - Processing /home/airflow/.local/lib/python3.7/site-packages/airflow/example_dags/example_task_group_decorator.py took 0.205 seconds
[2022-10-02T20:51:17.825+0000] {processor.py:156} INFO - Started process (PID=185) to work on /home/airflow/.local/lib/python3.7/site-packages/airflow/example_dags/example_task_group_decorator.py
[2022-10-02T20:51:17.827+0000] {processor.py:758} INFO - Processing file /home/airflow/.local/lib/python3.7/site-packages/airflow/example_dags/example_task_group_decorator.py for tasks to queue
[2022-10-02T20:51:17.828+0000] {logging_mixin.py:117} INFO - [2022-10-02T20:51:17.828+0000] {dagbag.py:525} INFO - Filling up the DagBag from /home/airflow/.local/lib/python3.7/site-packages/airflow/example_dags/example_task_group_decorator.py
[2022-10-02T20:51:17.853+0000] {processor.py:768} INFO - DAG(s) dict_keys(['example_task_group_decorator']) retrieved from /home/airflow/.local/lib/python3.7/site-packages/airflow/example_dags/example_task_group_decorator.py
[2022-10-02T20:51:17.885+0000] {logging_mixin.py:117} INFO - [2022-10-02T20:51:17.884+0000] {dag.py:2573} INFO - Sync 1 DAGs
[2022-10-02T20:51:17.902+0000] {logging_mixin.py:117} INFO - [2022-10-02T20:51:17.902+0000] {dag.py:3328} INFO - Setting next_dagrun for example_task_group_decorator to 2022-10-01T20:51:17.901877+00:00, run_after=2022-10-02T20:51:17.901877+00:00
[2022-10-02T20:51:17.917+0000] {processor.py:178} INFO - Processing /home/airflow/.local/lib/python3.7/site-packages/airflow/example_dags/example_task_group_decorator.py took 0.094 seconds
[2022-10-02T20:51:48.680+0000] {processor.py:156} INFO - Started process (PID=248) to work on /home/airflow/.local/lib/python3.7/site-packages/airflow/example_dags/example_task_group_decorator.py
[2022-10-02T20:51:48.682+0000] {processor.py:758} INFO - Processing file /home/airflow/.local/lib/python3.7/site-packages/airflow/example_dags/example_task_group_decorator.py for tasks to queue
[2022-10-02T20:51:48.684+0000] {logging_mixin.py:117} INFO - [2022-10-02T20:51:48.683+0000] {dagbag.py:525} INFO - Filling up the DagBag from /home/airflow/.local/lib/python3.7/site-packages/airflow/example_dags/example_task_group_decorator.py
[2022-10-02T20:51:48.709+0000] {processor.py:768} INFO - DAG(s) dict_keys(['example_task_group_decorator']) retrieved from /home/airflow/.local/lib/python3.7/site-packages/airflow/example_dags/example_task_group_decorator.py
[2022-10-02T20:51:48.743+0000] {logging_mixin.py:117} INFO - [2022-10-02T20:51:48.743+0000] {dag.py:2573} INFO - Sync 1 DAGs
[2022-10-02T20:51:48.762+0000] {logging_mixin.py:117} INFO - [2022-10-02T20:51:48.762+0000] {dag.py:3328} INFO - Setting next_dagrun for example_task_group_decorator to 2022-10-01T20:51:48.762397+00:00, run_after=2022-10-02T20:51:48.762397+00:00
[2022-10-02T20:51:48.782+0000] {processor.py:178} INFO - Processing /home/airflow/.local/lib/python3.7/site-packages/airflow/example_dags/example_task_group_decorator.py took 0.104 seconds
[2022-10-02T20:52:19.178+0000] {processor.py:156} INFO - Started process (PID=309) to work on /home/airflow/.local/lib/python3.7/site-packages/airflow/example_dags/example_task_group_decorator.py
[2022-10-02T20:52:19.181+0000] {processor.py:758} INFO - Processing file /home/airflow/.local/lib/python3.7/site-packages/airflow/example_dags/example_task_group_decorator.py for tasks to queue
[2022-10-02T20:52:19.183+0000] {logging_mixin.py:117} INFO - [2022-10-02T20:52:19.183+0000] {dagbag.py:525} INFO - Filling up the DagBag from /home/airflow/.local/lib/python3.7/site-packages/airflow/example_dags/example_task_group_decorator.py
[2022-10-02T20:52:19.221+0000] {processor.py:768} INFO - DAG(s) dict_keys(['example_task_group_decorator']) retrieved from /home/airflow/.local/lib/python3.7/site-packages/airflow/example_dags/example_task_group_decorator.py
[2022-10-02T20:52:19.287+0000] {logging_mixin.py:117} INFO - [2022-10-02T20:52:19.287+0000] {dag.py:2573} INFO - Sync 1 DAGs
[2022-10-02T20:52:19.330+0000] {logging_mixin.py:117} INFO - [2022-10-02T20:52:19.330+0000] {dag.py:3328} INFO - Setting next_dagrun for example_task_group_decorator to 2022-10-01T20:52:19.329995+00:00, run_after=2022-10-02T20:52:19.329995+00:00
[2022-10-02T20:52:19.366+0000] {processor.py:178} INFO - Processing /home/airflow/.local/lib/python3.7/site-packages/airflow/example_dags/example_task_group_decorator.py took 0.192 seconds
[2022-10-02T20:52:49.401+0000] {processor.py:156} INFO - Started process (PID=372) to work on /home/airflow/.local/lib/python3.7/site-packages/airflow/example_dags/example_task_group_decorator.py
[2022-10-02T20:52:49.403+0000] {processor.py:758} INFO - Processing file /home/airflow/.local/lib/python3.7/site-packages/airflow/example_dags/example_task_group_decorator.py for tasks to queue
[2022-10-02T20:52:49.404+0000] {logging_mixin.py:117} INFO - [2022-10-02T20:52:49.404+0000] {dagbag.py:525} INFO - Filling up the DagBag from /home/airflow/.local/lib/python3.7/site-packages/airflow/example_dags/example_task_group_decorator.py
[2022-10-02T20:52:49.422+0000] {processor.py:768} INFO - DAG(s) dict_keys(['example_task_group_decorator']) retrieved from /home/airflow/.local/lib/python3.7/site-packages/airflow/example_dags/example_task_group_decorator.py
[2022-10-02T20:52:49.447+0000] {logging_mixin.py:117} INFO - [2022-10-02T20:52:49.447+0000] {dag.py:2573} INFO - Sync 1 DAGs
[2022-10-02T20:52:49.461+0000] {logging_mixin.py:117} INFO - [2022-10-02T20:52:49.461+0000] {dag.py:3328} INFO - Setting next_dagrun for example_task_group_decorator to 2022-10-01T20:52:49.461265+00:00, run_after=2022-10-02T20:52:49.461265+00:00
[2022-10-02T20:52:49.473+0000] {processor.py:178} INFO - Processing /home/airflow/.local/lib/python3.7/site-packages/airflow/example_dags/example_task_group_decorator.py took 0.074 seconds
[2022-10-02T20:54:20.474+0000] {processor.py:156} INFO - Started process (PID=57) to work on /home/airflow/.local/lib/python3.7/site-packages/airflow/example_dags/example_task_group_decorator.py
[2022-10-02T20:54:20.476+0000] {processor.py:758} INFO - Processing file /home/airflow/.local/lib/python3.7/site-packages/airflow/example_dags/example_task_group_decorator.py for tasks to queue
[2022-10-02T20:54:20.477+0000] {logging_mixin.py:117} INFO - [2022-10-02T20:54:20.477+0000] {dagbag.py:525} INFO - Filling up the DagBag from /home/airflow/.local/lib/python3.7/site-packages/airflow/example_dags/example_task_group_decorator.py
[2022-10-02T20:54:20.520+0000] {processor.py:768} INFO - DAG(s) dict_keys(['example_task_group_decorator']) retrieved from /home/airflow/.local/lib/python3.7/site-packages/airflow/example_dags/example_task_group_decorator.py
[2022-10-02T20:54:20.570+0000] {logging_mixin.py:117} INFO - [2022-10-02T20:54:20.570+0000] {dag.py:2573} INFO - Sync 1 DAGs
[2022-10-02T20:54:20.598+0000] {logging_mixin.py:117} INFO - [2022-10-02T20:54:20.598+0000] {dag.py:3328} INFO - Setting next_dagrun for example_task_group_decorator to 2022-10-01T20:54:20.598223+00:00, run_after=2022-10-02T20:54:20.598223+00:00
[2022-10-02T20:54:20.620+0000] {processor.py:178} INFO - Processing /home/airflow/.local/lib/python3.7/site-packages/airflow/example_dags/example_task_group_decorator.py took 0.148 seconds
[2022-10-02T20:54:51.163+0000] {processor.py:156} INFO - Started process (PID=120) to work on /home/airflow/.local/lib/python3.7/site-packages/airflow/example_dags/example_task_group_decorator.py
[2022-10-02T20:54:51.164+0000] {processor.py:758} INFO - Processing file /home/airflow/.local/lib/python3.7/site-packages/airflow/example_dags/example_task_group_decorator.py for tasks to queue
[2022-10-02T20:54:51.165+0000] {logging_mixin.py:117} INFO - [2022-10-02T20:54:51.165+0000] {dagbag.py:525} INFO - Filling up the DagBag from /home/airflow/.local/lib/python3.7/site-packages/airflow/example_dags/example_task_group_decorator.py
[2022-10-02T20:54:51.185+0000] {processor.py:768} INFO - DAG(s) dict_keys(['example_task_group_decorator']) retrieved from /home/airflow/.local/lib/python3.7/site-packages/airflow/example_dags/example_task_group_decorator.py
[2022-10-02T20:54:51.213+0000] {logging_mixin.py:117} INFO - [2022-10-02T20:54:51.212+0000] {dag.py:2573} INFO - Sync 1 DAGs
[2022-10-02T20:54:51.229+0000] {logging_mixin.py:117} INFO - [2022-10-02T20:54:51.229+0000] {dag.py:3328} INFO - Setting next_dagrun for example_task_group_decorator to 2022-10-01T20:54:51.229454+00:00, run_after=2022-10-02T20:54:51.229454+00:00
[2022-10-02T20:54:51.241+0000] {processor.py:178} INFO - Processing /home/airflow/.local/lib/python3.7/site-packages/airflow/example_dags/example_task_group_decorator.py took 0.080 seconds
[2022-10-02T20:56:39.476+0000] {processor.py:156} INFO - Started process (PID=66) to work on /home/airflow/.local/lib/python3.7/site-packages/airflow/example_dags/example_task_group_decorator.py
[2022-10-02T20:56:39.479+0000] {processor.py:758} INFO - Processing file /home/airflow/.local/lib/python3.7/site-packages/airflow/example_dags/example_task_group_decorator.py for tasks to queue
[2022-10-02T20:56:39.484+0000] {logging_mixin.py:117} INFO - [2022-10-02T20:56:39.484+0000] {dagbag.py:525} INFO - Filling up the DagBag from /home/airflow/.local/lib/python3.7/site-packages/airflow/example_dags/example_task_group_decorator.py
[2022-10-02T20:56:39.660+0000] {processor.py:768} INFO - DAG(s) dict_keys(['example_task_group_decorator']) retrieved from /home/airflow/.local/lib/python3.7/site-packages/airflow/example_dags/example_task_group_decorator.py
[2022-10-02T20:56:39.808+0000] {logging_mixin.py:117} INFO - [2022-10-02T20:56:39.808+0000] {dag.py:2573} INFO - Sync 1 DAGs
[2022-10-02T20:56:39.907+0000] {logging_mixin.py:117} INFO - [2022-10-02T20:56:39.906+0000] {dag.py:3328} INFO - Setting next_dagrun for example_task_group_decorator to 2022-10-01T20:56:39.906662+00:00, run_after=2022-10-02T20:56:39.906662+00:00
[2022-10-02T20:56:39.959+0000] {processor.py:178} INFO - Processing /home/airflow/.local/lib/python3.7/site-packages/airflow/example_dags/example_task_group_decorator.py took 0.516 seconds
[2022-10-02T20:57:10.445+0000] {processor.py:156} INFO - Started process (PID=121) to work on /home/airflow/.local/lib/python3.7/site-packages/airflow/example_dags/example_task_group_decorator.py
[2022-10-02T20:57:10.448+0000] {processor.py:758} INFO - Processing file /home/airflow/.local/lib/python3.7/site-packages/airflow/example_dags/example_task_group_decorator.py for tasks to queue
[2022-10-02T20:57:10.450+0000] {logging_mixin.py:117} INFO - [2022-10-02T20:57:10.450+0000] {dagbag.py:525} INFO - Filling up the DagBag from /home/airflow/.local/lib/python3.7/site-packages/airflow/example_dags/example_task_group_decorator.py
[2022-10-02T20:57:10.474+0000] {processor.py:768} INFO - DAG(s) dict_keys(['example_task_group_decorator']) retrieved from /home/airflow/.local/lib/python3.7/site-packages/airflow/example_dags/example_task_group_decorator.py
[2022-10-02T20:57:10.517+0000] {logging_mixin.py:117} INFO - [2022-10-02T20:57:10.516+0000] {dag.py:2573} INFO - Sync 1 DAGs
[2022-10-02T20:57:10.538+0000] {logging_mixin.py:117} INFO - [2022-10-02T20:57:10.538+0000] {dag.py:3328} INFO - Setting next_dagrun for example_task_group_decorator to 2022-10-01T20:57:10.537787+00:00, run_after=2022-10-02T20:57:10.537787+00:00
[2022-10-02T20:57:10.555+0000] {processor.py:178} INFO - Processing /home/airflow/.local/lib/python3.7/site-packages/airflow/example_dags/example_task_group_decorator.py took 0.112 seconds
[2022-10-02T20:57:40.660+0000] {processor.py:156} INFO - Started process (PID=185) to work on /home/airflow/.local/lib/python3.7/site-packages/airflow/example_dags/example_task_group_decorator.py
[2022-10-02T20:57:40.661+0000] {processor.py:758} INFO - Processing file /home/airflow/.local/lib/python3.7/site-packages/airflow/example_dags/example_task_group_decorator.py for tasks to queue
[2022-10-02T20:57:40.662+0000] {logging_mixin.py:117} INFO - [2022-10-02T20:57:40.662+0000] {dagbag.py:525} INFO - Filling up the DagBag from /home/airflow/.local/lib/python3.7/site-packages/airflow/example_dags/example_task_group_decorator.py
[2022-10-02T20:57:40.688+0000] {processor.py:768} INFO - DAG(s) dict_keys(['example_task_group_decorator']) retrieved from /home/airflow/.local/lib/python3.7/site-packages/airflow/example_dags/example_task_group_decorator.py
[2022-10-02T20:57:40.731+0000] {logging_mixin.py:117} INFO - [2022-10-02T20:57:40.731+0000] {dag.py:2573} INFO - Sync 1 DAGs
[2022-10-02T20:57:40.752+0000] {logging_mixin.py:117} INFO - [2022-10-02T20:57:40.752+0000] {dag.py:3328} INFO - Setting next_dagrun for example_task_group_decorator to 2022-10-01T20:57:40.752246+00:00, run_after=2022-10-02T20:57:40.752246+00:00
[2022-10-02T20:57:40.765+0000] {processor.py:178} INFO - Processing /home/airflow/.local/lib/python3.7/site-packages/airflow/example_dags/example_task_group_decorator.py took 0.108 seconds
[2022-10-02T20:58:11.005+0000] {processor.py:156} INFO - Started process (PID=247) to work on /home/airflow/.local/lib/python3.7/site-packages/airflow/example_dags/example_task_group_decorator.py
[2022-10-02T20:58:11.007+0000] {processor.py:758} INFO - Processing file /home/airflow/.local/lib/python3.7/site-packages/airflow/example_dags/example_task_group_decorator.py for tasks to queue
[2022-10-02T20:58:11.009+0000] {logging_mixin.py:117} INFO - [2022-10-02T20:58:11.009+0000] {dagbag.py:525} INFO - Filling up the DagBag from /home/airflow/.local/lib/python3.7/site-packages/airflow/example_dags/example_task_group_decorator.py
[2022-10-02T20:58:11.031+0000] {processor.py:768} INFO - DAG(s) dict_keys(['example_task_group_decorator']) retrieved from /home/airflow/.local/lib/python3.7/site-packages/airflow/example_dags/example_task_group_decorator.py
[2022-10-02T20:58:11.059+0000] {logging_mixin.py:117} INFO - [2022-10-02T20:58:11.059+0000] {dag.py:2573} INFO - Sync 1 DAGs
[2022-10-02T20:58:11.075+0000] {logging_mixin.py:117} INFO - [2022-10-02T20:58:11.075+0000] {dag.py:3328} INFO - Setting next_dagrun for example_task_group_decorator to 2022-10-01T20:58:11.075295+00:00, run_after=2022-10-02T20:58:11.075295+00:00
[2022-10-02T20:58:11.088+0000] {processor.py:178} INFO - Processing /home/airflow/.local/lib/python3.7/site-packages/airflow/example_dags/example_task_group_decorator.py took 0.085 seconds
[2022-10-02T20:58:41.505+0000] {processor.py:156} INFO - Started process (PID=311) to work on /home/airflow/.local/lib/python3.7/site-packages/airflow/example_dags/example_task_group_decorator.py
[2022-10-02T20:58:41.506+0000] {processor.py:758} INFO - Processing file /home/airflow/.local/lib/python3.7/site-packages/airflow/example_dags/example_task_group_decorator.py for tasks to queue
[2022-10-02T20:58:41.507+0000] {logging_mixin.py:117} INFO - [2022-10-02T20:58:41.507+0000] {dagbag.py:525} INFO - Filling up the DagBag from /home/airflow/.local/lib/python3.7/site-packages/airflow/example_dags/example_task_group_decorator.py
[2022-10-02T20:58:41.526+0000] {processor.py:768} INFO - DAG(s) dict_keys(['example_task_group_decorator']) retrieved from /home/airflow/.local/lib/python3.7/site-packages/airflow/example_dags/example_task_group_decorator.py
[2022-10-02T20:58:41.558+0000] {logging_mixin.py:117} INFO - [2022-10-02T20:58:41.558+0000] {dag.py:2573} INFO - Sync 1 DAGs
[2022-10-02T20:58:41.573+0000] {logging_mixin.py:117} INFO - [2022-10-02T20:58:41.573+0000] {dag.py:3328} INFO - Setting next_dagrun for example_task_group_decorator to 2022-10-01T20:58:41.573528+00:00, run_after=2022-10-02T20:58:41.573528+00:00
[2022-10-02T20:58:41.588+0000] {processor.py:178} INFO - Processing /home/airflow/.local/lib/python3.7/site-packages/airflow/example_dags/example_task_group_decorator.py took 0.085 seconds
[2022-10-02T20:59:11.901+0000] {processor.py:156} INFO - Started process (PID=374) to work on /home/airflow/.local/lib/python3.7/site-packages/airflow/example_dags/example_task_group_decorator.py
[2022-10-02T20:59:11.903+0000] {processor.py:758} INFO - Processing file /home/airflow/.local/lib/python3.7/site-packages/airflow/example_dags/example_task_group_decorator.py for tasks to queue
[2022-10-02T20:59:11.904+0000] {logging_mixin.py:117} INFO - [2022-10-02T20:59:11.904+0000] {dagbag.py:525} INFO - Filling up the DagBag from /home/airflow/.local/lib/python3.7/site-packages/airflow/example_dags/example_task_group_decorator.py
[2022-10-02T20:59:11.933+0000] {processor.py:768} INFO - DAG(s) dict_keys(['example_task_group_decorator']) retrieved from /home/airflow/.local/lib/python3.7/site-packages/airflow/example_dags/example_task_group_decorator.py
[2022-10-02T20:59:11.963+0000] {logging_mixin.py:117} INFO - [2022-10-02T20:59:11.963+0000] {dag.py:2573} INFO - Sync 1 DAGs
[2022-10-02T20:59:11.980+0000] {logging_mixin.py:117} INFO - [2022-10-02T20:59:11.980+0000] {dag.py:3328} INFO - Setting next_dagrun for example_task_group_decorator to 2022-10-01T20:59:11.979914+00:00, run_after=2022-10-02T20:59:11.979914+00:00
[2022-10-02T20:59:11.998+0000] {processor.py:178} INFO - Processing /home/airflow/.local/lib/python3.7/site-packages/airflow/example_dags/example_task_group_decorator.py took 0.101 seconds
[2022-10-02T20:59:42.168+0000] {processor.py:156} INFO - Started process (PID=427) to work on /home/airflow/.local/lib/python3.7/site-packages/airflow/example_dags/example_task_group_decorator.py
[2022-10-02T20:59:42.170+0000] {processor.py:758} INFO - Processing file /home/airflow/.local/lib/python3.7/site-packages/airflow/example_dags/example_task_group_decorator.py for tasks to queue
[2022-10-02T20:59:42.171+0000] {logging_mixin.py:117} INFO - [2022-10-02T20:59:42.171+0000] {dagbag.py:525} INFO - Filling up the DagBag from /home/airflow/.local/lib/python3.7/site-packages/airflow/example_dags/example_task_group_decorator.py
[2022-10-02T20:59:42.194+0000] {processor.py:768} INFO - DAG(s) dict_keys(['example_task_group_decorator']) retrieved from /home/airflow/.local/lib/python3.7/site-packages/airflow/example_dags/example_task_group_decorator.py
[2022-10-02T20:59:42.223+0000] {logging_mixin.py:117} INFO - [2022-10-02T20:59:42.223+0000] {dag.py:2573} INFO - Sync 1 DAGs
[2022-10-02T20:59:42.239+0000] {logging_mixin.py:117} INFO - [2022-10-02T20:59:42.239+0000] {dag.py:3328} INFO - Setting next_dagrun for example_task_group_decorator to 2022-10-01T20:59:42.239536+00:00, run_after=2022-10-02T20:59:42.239536+00:00
[2022-10-02T20:59:42.253+0000] {processor.py:178} INFO - Processing /home/airflow/.local/lib/python3.7/site-packages/airflow/example_dags/example_task_group_decorator.py took 0.087 seconds
[2022-10-02T21:00:12.278+0000] {processor.py:156} INFO - Started process (PID=490) to work on /home/airflow/.local/lib/python3.7/site-packages/airflow/example_dags/example_task_group_decorator.py
[2022-10-02T21:00:12.280+0000] {processor.py:758} INFO - Processing file /home/airflow/.local/lib/python3.7/site-packages/airflow/example_dags/example_task_group_decorator.py for tasks to queue
[2022-10-02T21:00:12.281+0000] {logging_mixin.py:117} INFO - [2022-10-02T21:00:12.281+0000] {dagbag.py:525} INFO - Filling up the DagBag from /home/airflow/.local/lib/python3.7/site-packages/airflow/example_dags/example_task_group_decorator.py
[2022-10-02T21:00:12.300+0000] {processor.py:768} INFO - DAG(s) dict_keys(['example_task_group_decorator']) retrieved from /home/airflow/.local/lib/python3.7/site-packages/airflow/example_dags/example_task_group_decorator.py
[2022-10-02T21:00:12.327+0000] {logging_mixin.py:117} INFO - [2022-10-02T21:00:12.327+0000] {dag.py:2573} INFO - Sync 1 DAGs
[2022-10-02T21:00:12.343+0000] {logging_mixin.py:117} INFO - [2022-10-02T21:00:12.342+0000] {dag.py:3328} INFO - Setting next_dagrun for example_task_group_decorator to 2022-10-01T21:00:12.342790+00:00, run_after=2022-10-02T21:00:12.342790+00:00
[2022-10-02T21:00:12.355+0000] {processor.py:178} INFO - Processing /home/airflow/.local/lib/python3.7/site-packages/airflow/example_dags/example_task_group_decorator.py took 0.078 seconds
[2022-10-02T21:00:43.423+0000] {processor.py:156} INFO - Started process (PID=553) to work on /home/airflow/.local/lib/python3.7/site-packages/airflow/example_dags/example_task_group_decorator.py
[2022-10-02T21:00:43.424+0000] {processor.py:758} INFO - Processing file /home/airflow/.local/lib/python3.7/site-packages/airflow/example_dags/example_task_group_decorator.py for tasks to queue
[2022-10-02T21:00:43.426+0000] {logging_mixin.py:117} INFO - [2022-10-02T21:00:43.426+0000] {dagbag.py:525} INFO - Filling up the DagBag from /home/airflow/.local/lib/python3.7/site-packages/airflow/example_dags/example_task_group_decorator.py
[2022-10-02T21:00:43.449+0000] {processor.py:768} INFO - DAG(s) dict_keys(['example_task_group_decorator']) retrieved from /home/airflow/.local/lib/python3.7/site-packages/airflow/example_dags/example_task_group_decorator.py
[2022-10-02T21:00:43.484+0000] {logging_mixin.py:117} INFO - [2022-10-02T21:00:43.484+0000] {dag.py:2573} INFO - Sync 1 DAGs
[2022-10-02T21:00:43.499+0000] {logging_mixin.py:117} INFO - [2022-10-02T21:00:43.499+0000] {dag.py:3328} INFO - Setting next_dagrun for example_task_group_decorator to 2022-10-01T21:00:43.499564+00:00, run_after=2022-10-02T21:00:43.499564+00:00
[2022-10-02T21:00:43.512+0000] {processor.py:178} INFO - Processing /home/airflow/.local/lib/python3.7/site-packages/airflow/example_dags/example_task_group_decorator.py took 0.091 seconds
[2022-10-02T21:01:14.364+0000] {processor.py:156} INFO - Started process (PID=616) to work on /home/airflow/.local/lib/python3.7/site-packages/airflow/example_dags/example_task_group_decorator.py
[2022-10-02T21:01:14.366+0000] {processor.py:758} INFO - Processing file /home/airflow/.local/lib/python3.7/site-packages/airflow/example_dags/example_task_group_decorator.py for tasks to queue
[2022-10-02T21:01:14.367+0000] {logging_mixin.py:117} INFO - [2022-10-02T21:01:14.367+0000] {dagbag.py:525} INFO - Filling up the DagBag from /home/airflow/.local/lib/python3.7/site-packages/airflow/example_dags/example_task_group_decorator.py
[2022-10-02T21:01:14.386+0000] {processor.py:768} INFO - DAG(s) dict_keys(['example_task_group_decorator']) retrieved from /home/airflow/.local/lib/python3.7/site-packages/airflow/example_dags/example_task_group_decorator.py
[2022-10-02T21:01:14.412+0000] {logging_mixin.py:117} INFO - [2022-10-02T21:01:14.412+0000] {dag.py:2573} INFO - Sync 1 DAGs
[2022-10-02T21:01:14.427+0000] {logging_mixin.py:117} INFO - [2022-10-02T21:01:14.427+0000] {dag.py:3328} INFO - Setting next_dagrun for example_task_group_decorator to 2022-10-01T21:01:14.426988+00:00, run_after=2022-10-02T21:01:14.426988+00:00
[2022-10-02T21:01:14.441+0000] {processor.py:178} INFO - Processing /home/airflow/.local/lib/python3.7/site-packages/airflow/example_dags/example_task_group_decorator.py took 0.079 seconds
[2022-10-02T21:01:45.591+0000] {processor.py:156} INFO - Started process (PID=678) to work on /home/airflow/.local/lib/python3.7/site-packages/airflow/example_dags/example_task_group_decorator.py
[2022-10-02T21:01:45.596+0000] {processor.py:758} INFO - Processing file /home/airflow/.local/lib/python3.7/site-packages/airflow/example_dags/example_task_group_decorator.py for tasks to queue
[2022-10-02T21:01:45.603+0000] {logging_mixin.py:117} INFO - [2022-10-02T21:01:45.603+0000] {dagbag.py:525} INFO - Filling up the DagBag from /home/airflow/.local/lib/python3.7/site-packages/airflow/example_dags/example_task_group_decorator.py
[2022-10-02T21:01:45.640+0000] {processor.py:768} INFO - DAG(s) dict_keys(['example_task_group_decorator']) retrieved from /home/airflow/.local/lib/python3.7/site-packages/airflow/example_dags/example_task_group_decorator.py
[2022-10-02T21:01:45.685+0000] {logging_mixin.py:117} INFO - [2022-10-02T21:01:45.684+0000] {dag.py:2573} INFO - Sync 1 DAGs
[2022-10-02T21:01:45.721+0000] {logging_mixin.py:117} INFO - [2022-10-02T21:01:45.721+0000] {dag.py:3328} INFO - Setting next_dagrun for example_task_group_decorator to 2022-10-01T21:01:45.721205+00:00, run_after=2022-10-02T21:01:45.721205+00:00
[2022-10-02T21:01:45.744+0000] {processor.py:178} INFO - Processing /home/airflow/.local/lib/python3.7/site-packages/airflow/example_dags/example_task_group_decorator.py took 0.156 seconds
[2022-10-02T21:02:15.769+0000] {processor.py:156} INFO - Started process (PID=732) to work on /home/airflow/.local/lib/python3.7/site-packages/airflow/example_dags/example_task_group_decorator.py
[2022-10-02T21:02:15.771+0000] {processor.py:758} INFO - Processing file /home/airflow/.local/lib/python3.7/site-packages/airflow/example_dags/example_task_group_decorator.py for tasks to queue
[2022-10-02T21:02:15.772+0000] {logging_mixin.py:117} INFO - [2022-10-02T21:02:15.772+0000] {dagbag.py:525} INFO - Filling up the DagBag from /home/airflow/.local/lib/python3.7/site-packages/airflow/example_dags/example_task_group_decorator.py
[2022-10-02T21:02:15.794+0000] {processor.py:768} INFO - DAG(s) dict_keys(['example_task_group_decorator']) retrieved from /home/airflow/.local/lib/python3.7/site-packages/airflow/example_dags/example_task_group_decorator.py
[2022-10-02T21:02:15.824+0000] {logging_mixin.py:117} INFO - [2022-10-02T21:02:15.823+0000] {dag.py:2573} INFO - Sync 1 DAGs
[2022-10-02T21:02:15.841+0000] {logging_mixin.py:117} INFO - [2022-10-02T21:02:15.840+0000] {dag.py:3328} INFO - Setting next_dagrun for example_task_group_decorator to 2022-10-01T21:02:15.840823+00:00, run_after=2022-10-02T21:02:15.840823+00:00
[2022-10-02T21:02:15.861+0000] {processor.py:178} INFO - Processing /home/airflow/.local/lib/python3.7/site-packages/airflow/example_dags/example_task_group_decorator.py took 0.094 seconds
[2022-10-02T21:02:49.340+0000] {processor.py:156} INFO - Started process (PID=804) to work on /home/airflow/.local/lib/python3.7/site-packages/airflow/example_dags/example_task_group_decorator.py
[2022-10-02T21:02:49.343+0000] {processor.py:758} INFO - Processing file /home/airflow/.local/lib/python3.7/site-packages/airflow/example_dags/example_task_group_decorator.py for tasks to queue
[2022-10-02T21:02:49.348+0000] {logging_mixin.py:117} INFO - [2022-10-02T21:02:49.347+0000] {dagbag.py:525} INFO - Filling up the DagBag from /home/airflow/.local/lib/python3.7/site-packages/airflow/example_dags/example_task_group_decorator.py
[2022-10-02T21:02:49.421+0000] {processor.py:768} INFO - DAG(s) dict_keys(['example_task_group_decorator']) retrieved from /home/airflow/.local/lib/python3.7/site-packages/airflow/example_dags/example_task_group_decorator.py
[2022-10-02T21:02:49.483+0000] {logging_mixin.py:117} INFO - [2022-10-02T21:02:49.483+0000] {dag.py:2573} INFO - Sync 1 DAGs
[2022-10-02T21:02:49.527+0000] {logging_mixin.py:117} INFO - [2022-10-02T21:02:49.527+0000] {dag.py:3328} INFO - Setting next_dagrun for example_task_group_decorator to 2022-10-01T21:02:49.527114+00:00, run_after=2022-10-02T21:02:49.527114+00:00
[2022-10-02T21:02:49.626+0000] {processor.py:178} INFO - Processing /home/airflow/.local/lib/python3.7/site-packages/airflow/example_dags/example_task_group_decorator.py took 0.289 seconds
[2022-10-02T21:03:20.630+0000] {processor.py:156} INFO - Started process (PID=859) to work on /home/airflow/.local/lib/python3.7/site-packages/airflow/example_dags/example_task_group_decorator.py
[2022-10-02T21:03:20.634+0000] {processor.py:758} INFO - Processing file /home/airflow/.local/lib/python3.7/site-packages/airflow/example_dags/example_task_group_decorator.py for tasks to queue
[2022-10-02T21:03:20.636+0000] {logging_mixin.py:117} INFO - [2022-10-02T21:03:20.636+0000] {dagbag.py:525} INFO - Filling up the DagBag from /home/airflow/.local/lib/python3.7/site-packages/airflow/example_dags/example_task_group_decorator.py
[2022-10-02T21:03:20.664+0000] {processor.py:768} INFO - DAG(s) dict_keys(['example_task_group_decorator']) retrieved from /home/airflow/.local/lib/python3.7/site-packages/airflow/example_dags/example_task_group_decorator.py
[2022-10-02T21:03:20.715+0000] {logging_mixin.py:117} INFO - [2022-10-02T21:03:20.715+0000] {dag.py:2573} INFO - Sync 1 DAGs
[2022-10-02T21:03:20.757+0000] {logging_mixin.py:117} INFO - [2022-10-02T21:03:20.757+0000] {dag.py:3328} INFO - Setting next_dagrun for example_task_group_decorator to 2022-10-01T21:03:20.757031+00:00, run_after=2022-10-02T21:03:20.757031+00:00
[2022-10-02T21:03:20.775+0000] {processor.py:178} INFO - Processing /home/airflow/.local/lib/python3.7/site-packages/airflow/example_dags/example_task_group_decorator.py took 0.151 seconds
[2022-10-02T21:03:51.152+0000] {processor.py:156} INFO - Started process (PID=921) to work on /home/airflow/.local/lib/python3.7/site-packages/airflow/example_dags/example_task_group_decorator.py
[2022-10-02T21:03:51.156+0000] {processor.py:758} INFO - Processing file /home/airflow/.local/lib/python3.7/site-packages/airflow/example_dags/example_task_group_decorator.py for tasks to queue
[2022-10-02T21:03:51.159+0000] {logging_mixin.py:117} INFO - [2022-10-02T21:03:51.158+0000] {dagbag.py:525} INFO - Filling up the DagBag from /home/airflow/.local/lib/python3.7/site-packages/airflow/example_dags/example_task_group_decorator.py
[2022-10-02T21:03:51.185+0000] {processor.py:768} INFO - DAG(s) dict_keys(['example_task_group_decorator']) retrieved from /home/airflow/.local/lib/python3.7/site-packages/airflow/example_dags/example_task_group_decorator.py
[2022-10-02T21:03:51.227+0000] {logging_mixin.py:117} INFO - [2022-10-02T21:03:51.227+0000] {dag.py:2573} INFO - Sync 1 DAGs
[2022-10-02T21:03:51.243+0000] {logging_mixin.py:117} INFO - [2022-10-02T21:03:51.243+0000] {dag.py:3328} INFO - Setting next_dagrun for example_task_group_decorator to 2022-10-01T21:03:51.242925+00:00, run_after=2022-10-02T21:03:51.242925+00:00
[2022-10-02T21:03:51.258+0000] {processor.py:178} INFO - Processing /home/airflow/.local/lib/python3.7/site-packages/airflow/example_dags/example_task_group_decorator.py took 0.111 seconds
[2022-10-02T21:04:21.773+0000] {processor.py:156} INFO - Started process (PID=983) to work on /home/airflow/.local/lib/python3.7/site-packages/airflow/example_dags/example_task_group_decorator.py
[2022-10-02T21:04:21.776+0000] {processor.py:758} INFO - Processing file /home/airflow/.local/lib/python3.7/site-packages/airflow/example_dags/example_task_group_decorator.py for tasks to queue
[2022-10-02T21:04:21.777+0000] {logging_mixin.py:117} INFO - [2022-10-02T21:04:21.777+0000] {dagbag.py:525} INFO - Filling up the DagBag from /home/airflow/.local/lib/python3.7/site-packages/airflow/example_dags/example_task_group_decorator.py
[2022-10-02T21:04:21.798+0000] {processor.py:768} INFO - DAG(s) dict_keys(['example_task_group_decorator']) retrieved from /home/airflow/.local/lib/python3.7/site-packages/airflow/example_dags/example_task_group_decorator.py
[2022-10-02T21:04:21.827+0000] {logging_mixin.py:117} INFO - [2022-10-02T21:04:21.826+0000] {dag.py:2573} INFO - Sync 1 DAGs
[2022-10-02T21:04:21.845+0000] {logging_mixin.py:117} INFO - [2022-10-02T21:04:21.845+0000] {dag.py:3328} INFO - Setting next_dagrun for example_task_group_decorator to 2022-10-01T21:04:21.845545+00:00, run_after=2022-10-02T21:04:21.845545+00:00
[2022-10-02T21:04:21.861+0000] {processor.py:178} INFO - Processing /home/airflow/.local/lib/python3.7/site-packages/airflow/example_dags/example_task_group_decorator.py took 0.092 seconds
[2022-10-02T21:05:10.184+0000] {processor.py:156} INFO - Started process (PID=58) to work on /home/airflow/.local/lib/python3.7/site-packages/airflow/example_dags/example_task_group_decorator.py
[2022-10-02T21:05:10.186+0000] {processor.py:758} INFO - Processing file /home/airflow/.local/lib/python3.7/site-packages/airflow/example_dags/example_task_group_decorator.py for tasks to queue
[2022-10-02T21:05:10.188+0000] {logging_mixin.py:117} INFO - [2022-10-02T21:05:10.188+0000] {dagbag.py:525} INFO - Filling up the DagBag from /home/airflow/.local/lib/python3.7/site-packages/airflow/example_dags/example_task_group_decorator.py
[2022-10-02T21:05:10.249+0000] {processor.py:768} INFO - DAG(s) dict_keys(['example_task_group_decorator']) retrieved from /home/airflow/.local/lib/python3.7/site-packages/airflow/example_dags/example_task_group_decorator.py
[2022-10-02T21:05:10.289+0000] {logging_mixin.py:117} INFO - [2022-10-02T21:05:10.289+0000] {dag.py:2573} INFO - Sync 1 DAGs
[2022-10-02T21:05:10.321+0000] {logging_mixin.py:117} INFO - [2022-10-02T21:05:10.321+0000] {dag.py:3328} INFO - Setting next_dagrun for example_task_group_decorator to 2022-10-01T21:05:10.321224+00:00, run_after=2022-10-02T21:05:10.321224+00:00
[2022-10-02T21:05:10.349+0000] {processor.py:178} INFO - Processing /home/airflow/.local/lib/python3.7/site-packages/airflow/example_dags/example_task_group_decorator.py took 0.168 seconds
[2022-10-02T21:05:40.795+0000] {processor.py:156} INFO - Started process (PID=122) to work on /home/airflow/.local/lib/python3.7/site-packages/airflow/example_dags/example_task_group_decorator.py
[2022-10-02T21:05:40.797+0000] {processor.py:758} INFO - Processing file /home/airflow/.local/lib/python3.7/site-packages/airflow/example_dags/example_task_group_decorator.py for tasks to queue
[2022-10-02T21:05:40.797+0000] {logging_mixin.py:117} INFO - [2022-10-02T21:05:40.797+0000] {dagbag.py:525} INFO - Filling up the DagBag from /home/airflow/.local/lib/python3.7/site-packages/airflow/example_dags/example_task_group_decorator.py
[2022-10-02T21:05:40.816+0000] {processor.py:768} INFO - DAG(s) dict_keys(['example_task_group_decorator']) retrieved from /home/airflow/.local/lib/python3.7/site-packages/airflow/example_dags/example_task_group_decorator.py
[2022-10-02T21:05:40.843+0000] {logging_mixin.py:117} INFO - [2022-10-02T21:05:40.842+0000] {dag.py:2573} INFO - Sync 1 DAGs
[2022-10-02T21:05:40.857+0000] {logging_mixin.py:117} INFO - [2022-10-02T21:05:40.857+0000] {dag.py:3328} INFO - Setting next_dagrun for example_task_group_decorator to 2022-10-01T21:05:40.857654+00:00, run_after=2022-10-02T21:05:40.857654+00:00
[2022-10-02T21:05:40.870+0000] {processor.py:178} INFO - Processing /home/airflow/.local/lib/python3.7/site-packages/airflow/example_dags/example_task_group_decorator.py took 0.078 seconds
[2022-10-02T21:06:11.893+0000] {processor.py:156} INFO - Started process (PID=187) to work on /home/airflow/.local/lib/python3.7/site-packages/airflow/example_dags/example_task_group_decorator.py
[2022-10-02T21:06:11.894+0000] {processor.py:758} INFO - Processing file /home/airflow/.local/lib/python3.7/site-packages/airflow/example_dags/example_task_group_decorator.py for tasks to queue
[2022-10-02T21:06:11.895+0000] {logging_mixin.py:117} INFO - [2022-10-02T21:06:11.895+0000] {dagbag.py:525} INFO - Filling up the DagBag from /home/airflow/.local/lib/python3.7/site-packages/airflow/example_dags/example_task_group_decorator.py
[2022-10-02T21:06:11.914+0000] {processor.py:768} INFO - DAG(s) dict_keys(['example_task_group_decorator']) retrieved from /home/airflow/.local/lib/python3.7/site-packages/airflow/example_dags/example_task_group_decorator.py
[2022-10-02T21:06:11.943+0000] {logging_mixin.py:117} INFO - [2022-10-02T21:06:11.943+0000] {dag.py:2573} INFO - Sync 1 DAGs
[2022-10-02T21:06:11.959+0000] {logging_mixin.py:117} INFO - [2022-10-02T21:06:11.959+0000] {dag.py:3328} INFO - Setting next_dagrun for example_task_group_decorator to 2022-10-01T21:06:11.958880+00:00, run_after=2022-10-02T21:06:11.958880+00:00
[2022-10-02T21:06:11.971+0000] {processor.py:178} INFO - Processing /home/airflow/.local/lib/python3.7/site-packages/airflow/example_dags/example_task_group_decorator.py took 0.081 seconds
[2022-10-02T21:06:42.135+0000] {processor.py:156} INFO - Started process (PID=250) to work on /home/airflow/.local/lib/python3.7/site-packages/airflow/example_dags/example_task_group_decorator.py
[2022-10-02T21:06:42.138+0000] {processor.py:758} INFO - Processing file /home/airflow/.local/lib/python3.7/site-packages/airflow/example_dags/example_task_group_decorator.py for tasks to queue
[2022-10-02T21:06:42.139+0000] {logging_mixin.py:117} INFO - [2022-10-02T21:06:42.139+0000] {dagbag.py:525} INFO - Filling up the DagBag from /home/airflow/.local/lib/python3.7/site-packages/airflow/example_dags/example_task_group_decorator.py
[2022-10-02T21:06:42.156+0000] {processor.py:768} INFO - DAG(s) dict_keys(['example_task_group_decorator']) retrieved from /home/airflow/.local/lib/python3.7/site-packages/airflow/example_dags/example_task_group_decorator.py
[2022-10-02T21:06:42.180+0000] {logging_mixin.py:117} INFO - [2022-10-02T21:06:42.180+0000] {dag.py:2573} INFO - Sync 1 DAGs
[2022-10-02T21:06:42.195+0000] {logging_mixin.py:117} INFO - [2022-10-02T21:06:42.195+0000] {dag.py:3328} INFO - Setting next_dagrun for example_task_group_decorator to 2022-10-01T21:06:42.195426+00:00, run_after=2022-10-02T21:06:42.195426+00:00
[2022-10-02T21:06:42.209+0000] {processor.py:178} INFO - Processing /home/airflow/.local/lib/python3.7/site-packages/airflow/example_dags/example_task_group_decorator.py took 0.076 seconds
[2022-10-02T21:07:12.804+0000] {processor.py:156} INFO - Started process (PID=313) to work on /home/airflow/.local/lib/python3.7/site-packages/airflow/example_dags/example_task_group_decorator.py
[2022-10-02T21:07:12.805+0000] {processor.py:758} INFO - Processing file /home/airflow/.local/lib/python3.7/site-packages/airflow/example_dags/example_task_group_decorator.py for tasks to queue
[2022-10-02T21:07:12.810+0000] {logging_mixin.py:117} INFO - [2022-10-02T21:07:12.810+0000] {dagbag.py:525} INFO - Filling up the DagBag from /home/airflow/.local/lib/python3.7/site-packages/airflow/example_dags/example_task_group_decorator.py
[2022-10-02T21:07:12.835+0000] {processor.py:768} INFO - DAG(s) dict_keys(['example_task_group_decorator']) retrieved from /home/airflow/.local/lib/python3.7/site-packages/airflow/example_dags/example_task_group_decorator.py
[2022-10-02T21:07:12.869+0000] {logging_mixin.py:117} INFO - [2022-10-02T21:07:12.868+0000] {dag.py:2573} INFO - Sync 1 DAGs
[2022-10-02T21:07:12.887+0000] {logging_mixin.py:117} INFO - [2022-10-02T21:07:12.886+0000] {dag.py:3328} INFO - Setting next_dagrun for example_task_group_decorator to 2022-10-01T21:07:12.886753+00:00, run_after=2022-10-02T21:07:12.886753+00:00
[2022-10-02T21:07:12.902+0000] {processor.py:178} INFO - Processing /home/airflow/.local/lib/python3.7/site-packages/airflow/example_dags/example_task_group_decorator.py took 0.100 seconds
[2022-10-02T21:07:42.932+0000] {processor.py:156} INFO - Started process (PID=366) to work on /home/airflow/.local/lib/python3.7/site-packages/airflow/example_dags/example_task_group_decorator.py
[2022-10-02T21:07:42.934+0000] {processor.py:758} INFO - Processing file /home/airflow/.local/lib/python3.7/site-packages/airflow/example_dags/example_task_group_decorator.py for tasks to queue
[2022-10-02T21:07:42.935+0000] {logging_mixin.py:117} INFO - [2022-10-02T21:07:42.935+0000] {dagbag.py:525} INFO - Filling up the DagBag from /home/airflow/.local/lib/python3.7/site-packages/airflow/example_dags/example_task_group_decorator.py
[2022-10-02T21:07:42.955+0000] {processor.py:768} INFO - DAG(s) dict_keys(['example_task_group_decorator']) retrieved from /home/airflow/.local/lib/python3.7/site-packages/airflow/example_dags/example_task_group_decorator.py
[2022-10-02T21:07:42.983+0000] {logging_mixin.py:117} INFO - [2022-10-02T21:07:42.983+0000] {dag.py:2573} INFO - Sync 1 DAGs
[2022-10-02T21:07:42.997+0000] {logging_mixin.py:117} INFO - [2022-10-02T21:07:42.997+0000] {dag.py:3328} INFO - Setting next_dagrun for example_task_group_decorator to 2022-10-01T21:07:42.997239+00:00, run_after=2022-10-02T21:07:42.997239+00:00
[2022-10-02T21:07:43.008+0000] {processor.py:178} INFO - Processing /home/airflow/.local/lib/python3.7/site-packages/airflow/example_dags/example_task_group_decorator.py took 0.079 seconds
[2022-10-02T21:08:13.126+0000] {processor.py:156} INFO - Started process (PID=429) to work on /home/airflow/.local/lib/python3.7/site-packages/airflow/example_dags/example_task_group_decorator.py
[2022-10-02T21:08:13.127+0000] {processor.py:758} INFO - Processing file /home/airflow/.local/lib/python3.7/site-packages/airflow/example_dags/example_task_group_decorator.py for tasks to queue
[2022-10-02T21:08:13.128+0000] {logging_mixin.py:117} INFO - [2022-10-02T21:08:13.128+0000] {dagbag.py:525} INFO - Filling up the DagBag from /home/airflow/.local/lib/python3.7/site-packages/airflow/example_dags/example_task_group_decorator.py
[2022-10-02T21:08:13.149+0000] {processor.py:768} INFO - DAG(s) dict_keys(['example_task_group_decorator']) retrieved from /home/airflow/.local/lib/python3.7/site-packages/airflow/example_dags/example_task_group_decorator.py
[2022-10-02T21:08:13.174+0000] {logging_mixin.py:117} INFO - [2022-10-02T21:08:13.174+0000] {dag.py:2573} INFO - Sync 1 DAGs
[2022-10-02T21:08:13.190+0000] {logging_mixin.py:117} INFO - [2022-10-02T21:08:13.190+0000] {dag.py:3328} INFO - Setting next_dagrun for example_task_group_decorator to 2022-10-01T21:08:13.190186+00:00, run_after=2022-10-02T21:08:13.190186+00:00
[2022-10-02T21:08:13.203+0000] {processor.py:178} INFO - Processing /home/airflow/.local/lib/python3.7/site-packages/airflow/example_dags/example_task_group_decorator.py took 0.079 seconds
[2022-10-02T21:08:43.323+0000] {processor.py:156} INFO - Started process (PID=492) to work on /home/airflow/.local/lib/python3.7/site-packages/airflow/example_dags/example_task_group_decorator.py
[2022-10-02T21:08:43.324+0000] {processor.py:758} INFO - Processing file /home/airflow/.local/lib/python3.7/site-packages/airflow/example_dags/example_task_group_decorator.py for tasks to queue
[2022-10-02T21:08:43.325+0000] {logging_mixin.py:117} INFO - [2022-10-02T21:08:43.325+0000] {dagbag.py:525} INFO - Filling up the DagBag from /home/airflow/.local/lib/python3.7/site-packages/airflow/example_dags/example_task_group_decorator.py
[2022-10-02T21:08:43.344+0000] {processor.py:768} INFO - DAG(s) dict_keys(['example_task_group_decorator']) retrieved from /home/airflow/.local/lib/python3.7/site-packages/airflow/example_dags/example_task_group_decorator.py
[2022-10-02T21:08:43.369+0000] {logging_mixin.py:117} INFO - [2022-10-02T21:08:43.368+0000] {dag.py:2573} INFO - Sync 1 DAGs
[2022-10-02T21:08:43.385+0000] {logging_mixin.py:117} INFO - [2022-10-02T21:08:43.384+0000] {dag.py:3328} INFO - Setting next_dagrun for example_task_group_decorator to 2022-10-01T21:08:43.384856+00:00, run_after=2022-10-02T21:08:43.384856+00:00
[2022-10-02T21:08:43.398+0000] {processor.py:178} INFO - Processing /home/airflow/.local/lib/python3.7/site-packages/airflow/example_dags/example_task_group_decorator.py took 0.077 seconds
[2022-10-02T21:09:13.564+0000] {processor.py:156} INFO - Started process (PID=556) to work on /home/airflow/.local/lib/python3.7/site-packages/airflow/example_dags/example_task_group_decorator.py
[2022-10-02T21:09:13.566+0000] {processor.py:758} INFO - Processing file /home/airflow/.local/lib/python3.7/site-packages/airflow/example_dags/example_task_group_decorator.py for tasks to queue
[2022-10-02T21:09:13.567+0000] {logging_mixin.py:117} INFO - [2022-10-02T21:09:13.567+0000] {dagbag.py:525} INFO - Filling up the DagBag from /home/airflow/.local/lib/python3.7/site-packages/airflow/example_dags/example_task_group_decorator.py
[2022-10-02T21:09:13.586+0000] {processor.py:768} INFO - DAG(s) dict_keys(['example_task_group_decorator']) retrieved from /home/airflow/.local/lib/python3.7/site-packages/airflow/example_dags/example_task_group_decorator.py
[2022-10-02T21:09:13.613+0000] {logging_mixin.py:117} INFO - [2022-10-02T21:09:13.613+0000] {dag.py:2573} INFO - Sync 1 DAGs
[2022-10-02T21:09:13.631+0000] {logging_mixin.py:117} INFO - [2022-10-02T21:09:13.631+0000] {dag.py:3328} INFO - Setting next_dagrun for example_task_group_decorator to 2022-10-01T21:09:13.631727+00:00, run_after=2022-10-02T21:09:13.631727+00:00
[2022-10-02T21:09:13.644+0000] {processor.py:178} INFO - Processing /home/airflow/.local/lib/python3.7/site-packages/airflow/example_dags/example_task_group_decorator.py took 0.081 seconds
[2022-10-02T21:09:43.898+0000] {processor.py:156} INFO - Started process (PID=619) to work on /home/airflow/.local/lib/python3.7/site-packages/airflow/example_dags/example_task_group_decorator.py
[2022-10-02T21:09:43.900+0000] {processor.py:758} INFO - Processing file /home/airflow/.local/lib/python3.7/site-packages/airflow/example_dags/example_task_group_decorator.py for tasks to queue
[2022-10-02T21:09:43.901+0000] {logging_mixin.py:117} INFO - [2022-10-02T21:09:43.901+0000] {dagbag.py:525} INFO - Filling up the DagBag from /home/airflow/.local/lib/python3.7/site-packages/airflow/example_dags/example_task_group_decorator.py
[2022-10-02T21:09:43.921+0000] {processor.py:768} INFO - DAG(s) dict_keys(['example_task_group_decorator']) retrieved from /home/airflow/.local/lib/python3.7/site-packages/airflow/example_dags/example_task_group_decorator.py
[2022-10-02T21:09:43.949+0000] {logging_mixin.py:117} INFO - [2022-10-02T21:09:43.949+0000] {dag.py:2573} INFO - Sync 1 DAGs
[2022-10-02T21:09:43.966+0000] {logging_mixin.py:117} INFO - [2022-10-02T21:09:43.966+0000] {dag.py:3328} INFO - Setting next_dagrun for example_task_group_decorator to 2022-10-01T21:09:43.966187+00:00, run_after=2022-10-02T21:09:43.966187+00:00
[2022-10-02T21:09:43.979+0000] {processor.py:178} INFO - Processing /home/airflow/.local/lib/python3.7/site-packages/airflow/example_dags/example_task_group_decorator.py took 0.083 seconds
[2022-10-02T21:10:14.082+0000] {processor.py:156} INFO - Started process (PID=673) to work on /home/airflow/.local/lib/python3.7/site-packages/airflow/example_dags/example_task_group_decorator.py
[2022-10-02T21:10:14.084+0000] {processor.py:758} INFO - Processing file /home/airflow/.local/lib/python3.7/site-packages/airflow/example_dags/example_task_group_decorator.py for tasks to queue
[2022-10-02T21:10:14.085+0000] {logging_mixin.py:117} INFO - [2022-10-02T21:10:14.084+0000] {dagbag.py:525} INFO - Filling up the DagBag from /home/airflow/.local/lib/python3.7/site-packages/airflow/example_dags/example_task_group_decorator.py
[2022-10-02T21:10:14.104+0000] {processor.py:768} INFO - DAG(s) dict_keys(['example_task_group_decorator']) retrieved from /home/airflow/.local/lib/python3.7/site-packages/airflow/example_dags/example_task_group_decorator.py
[2022-10-02T21:10:14.132+0000] {logging_mixin.py:117} INFO - [2022-10-02T21:10:14.132+0000] {dag.py:2573} INFO - Sync 1 DAGs
[2022-10-02T21:10:14.148+0000] {logging_mixin.py:117} INFO - [2022-10-02T21:10:14.148+0000] {dag.py:3328} INFO - Setting next_dagrun for example_task_group_decorator to 2022-10-01T21:10:14.148706+00:00, run_after=2022-10-02T21:10:14.148706+00:00
[2022-10-02T21:10:14.161+0000] {processor.py:178} INFO - Processing /home/airflow/.local/lib/python3.7/site-packages/airflow/example_dags/example_task_group_decorator.py took 0.081 seconds
[2022-10-02T21:10:45.192+0000] {processor.py:156} INFO - Started process (PID=735) to work on /home/airflow/.local/lib/python3.7/site-packages/airflow/example_dags/example_task_group_decorator.py
[2022-10-02T21:10:45.193+0000] {processor.py:758} INFO - Processing file /home/airflow/.local/lib/python3.7/site-packages/airflow/example_dags/example_task_group_decorator.py for tasks to queue
[2022-10-02T21:10:45.194+0000] {logging_mixin.py:117} INFO - [2022-10-02T21:10:45.194+0000] {dagbag.py:525} INFO - Filling up the DagBag from /home/airflow/.local/lib/python3.7/site-packages/airflow/example_dags/example_task_group_decorator.py
[2022-10-02T21:10:45.213+0000] {processor.py:768} INFO - DAG(s) dict_keys(['example_task_group_decorator']) retrieved from /home/airflow/.local/lib/python3.7/site-packages/airflow/example_dags/example_task_group_decorator.py
[2022-10-02T21:10:45.239+0000] {logging_mixin.py:117} INFO - [2022-10-02T21:10:45.239+0000] {dag.py:2573} INFO - Sync 1 DAGs
[2022-10-02T21:10:45.254+0000] {logging_mixin.py:117} INFO - [2022-10-02T21:10:45.253+0000] {dag.py:3328} INFO - Setting next_dagrun for example_task_group_decorator to 2022-10-01T21:10:45.253870+00:00, run_after=2022-10-02T21:10:45.253870+00:00
[2022-10-02T21:10:45.266+0000] {processor.py:178} INFO - Processing /home/airflow/.local/lib/python3.7/site-packages/airflow/example_dags/example_task_group_decorator.py took 0.076 seconds
[2022-10-02T21:11:15.482+0000] {processor.py:156} INFO - Started process (PID=798) to work on /home/airflow/.local/lib/python3.7/site-packages/airflow/example_dags/example_task_group_decorator.py
[2022-10-02T21:11:15.483+0000] {processor.py:758} INFO - Processing file /home/airflow/.local/lib/python3.7/site-packages/airflow/example_dags/example_task_group_decorator.py for tasks to queue
[2022-10-02T21:11:15.484+0000] {logging_mixin.py:117} INFO - [2022-10-02T21:11:15.484+0000] {dagbag.py:525} INFO - Filling up the DagBag from /home/airflow/.local/lib/python3.7/site-packages/airflow/example_dags/example_task_group_decorator.py
[2022-10-02T21:11:15.503+0000] {processor.py:768} INFO - DAG(s) dict_keys(['example_task_group_decorator']) retrieved from /home/airflow/.local/lib/python3.7/site-packages/airflow/example_dags/example_task_group_decorator.py
[2022-10-02T21:11:15.530+0000] {logging_mixin.py:117} INFO - [2022-10-02T21:11:15.530+0000] {dag.py:2573} INFO - Sync 1 DAGs
[2022-10-02T21:11:15.545+0000] {logging_mixin.py:117} INFO - [2022-10-02T21:11:15.545+0000] {dag.py:3328} INFO - Setting next_dagrun for example_task_group_decorator to 2022-10-01T21:11:15.545322+00:00, run_after=2022-10-02T21:11:15.545322+00:00
[2022-10-02T21:11:15.556+0000] {processor.py:178} INFO - Processing /home/airflow/.local/lib/python3.7/site-packages/airflow/example_dags/example_task_group_decorator.py took 0.077 seconds
[2022-10-02T21:11:46.171+0000] {processor.py:156} INFO - Started process (PID=860) to work on /home/airflow/.local/lib/python3.7/site-packages/airflow/example_dags/example_task_group_decorator.py
[2022-10-02T21:11:46.174+0000] {processor.py:758} INFO - Processing file /home/airflow/.local/lib/python3.7/site-packages/airflow/example_dags/example_task_group_decorator.py for tasks to queue
[2022-10-02T21:11:46.176+0000] {logging_mixin.py:117} INFO - [2022-10-02T21:11:46.175+0000] {dagbag.py:525} INFO - Filling up the DagBag from /home/airflow/.local/lib/python3.7/site-packages/airflow/example_dags/example_task_group_decorator.py
[2022-10-02T21:11:46.211+0000] {processor.py:768} INFO - DAG(s) dict_keys(['example_task_group_decorator']) retrieved from /home/airflow/.local/lib/python3.7/site-packages/airflow/example_dags/example_task_group_decorator.py
[2022-10-02T21:11:46.251+0000] {logging_mixin.py:117} INFO - [2022-10-02T21:11:46.251+0000] {dag.py:2573} INFO - Sync 1 DAGs
[2022-10-02T21:11:46.273+0000] {logging_mixin.py:117} INFO - [2022-10-02T21:11:46.273+0000] {dag.py:3328} INFO - Setting next_dagrun for example_task_group_decorator to 2022-10-01T21:11:46.273294+00:00, run_after=2022-10-02T21:11:46.273294+00:00
[2022-10-02T21:11:46.289+0000] {processor.py:178} INFO - Processing /home/airflow/.local/lib/python3.7/site-packages/airflow/example_dags/example_task_group_decorator.py took 0.122 seconds
[2022-10-02T21:12:16.532+0000] {processor.py:156} INFO - Started process (PID=924) to work on /home/airflow/.local/lib/python3.7/site-packages/airflow/example_dags/example_task_group_decorator.py
[2022-10-02T21:12:16.534+0000] {processor.py:758} INFO - Processing file /home/airflow/.local/lib/python3.7/site-packages/airflow/example_dags/example_task_group_decorator.py for tasks to queue
[2022-10-02T21:12:16.535+0000] {logging_mixin.py:117} INFO - [2022-10-02T21:12:16.535+0000] {dagbag.py:525} INFO - Filling up the DagBag from /home/airflow/.local/lib/python3.7/site-packages/airflow/example_dags/example_task_group_decorator.py
[2022-10-02T21:12:16.555+0000] {processor.py:768} INFO - DAG(s) dict_keys(['example_task_group_decorator']) retrieved from /home/airflow/.local/lib/python3.7/site-packages/airflow/example_dags/example_task_group_decorator.py
[2022-10-02T21:12:16.583+0000] {logging_mixin.py:117} INFO - [2022-10-02T21:12:16.582+0000] {dag.py:2573} INFO - Sync 1 DAGs
[2022-10-02T21:12:16.597+0000] {logging_mixin.py:117} INFO - [2022-10-02T21:12:16.597+0000] {dag.py:3328} INFO - Setting next_dagrun for example_task_group_decorator to 2022-10-01T21:12:16.597633+00:00, run_after=2022-10-02T21:12:16.597633+00:00
[2022-10-02T21:12:16.609+0000] {processor.py:178} INFO - Processing /home/airflow/.local/lib/python3.7/site-packages/airflow/example_dags/example_task_group_decorator.py took 0.078 seconds
[2022-10-02T21:12:46.805+0000] {processor.py:156} INFO - Started process (PID=987) to work on /home/airflow/.local/lib/python3.7/site-packages/airflow/example_dags/example_task_group_decorator.py
[2022-10-02T21:12:46.806+0000] {processor.py:758} INFO - Processing file /home/airflow/.local/lib/python3.7/site-packages/airflow/example_dags/example_task_group_decorator.py for tasks to queue
[2022-10-02T21:12:46.808+0000] {logging_mixin.py:117} INFO - [2022-10-02T21:12:46.808+0000] {dagbag.py:525} INFO - Filling up the DagBag from /home/airflow/.local/lib/python3.7/site-packages/airflow/example_dags/example_task_group_decorator.py
[2022-10-02T21:12:46.827+0000] {processor.py:768} INFO - DAG(s) dict_keys(['example_task_group_decorator']) retrieved from /home/airflow/.local/lib/python3.7/site-packages/airflow/example_dags/example_task_group_decorator.py
[2022-10-02T21:12:46.858+0000] {logging_mixin.py:117} INFO - [2022-10-02T21:12:46.858+0000] {dag.py:2573} INFO - Sync 1 DAGs
[2022-10-02T21:12:46.877+0000] {logging_mixin.py:117} INFO - [2022-10-02T21:12:46.877+0000] {dag.py:3328} INFO - Setting next_dagrun for example_task_group_decorator to 2022-10-01T21:12:46.877585+00:00, run_after=2022-10-02T21:12:46.877585+00:00
[2022-10-02T21:12:46.893+0000] {processor.py:178} INFO - Processing /home/airflow/.local/lib/python3.7/site-packages/airflow/example_dags/example_task_group_decorator.py took 0.090 seconds
[2022-10-02T21:13:17.062+0000] {processor.py:156} INFO - Started process (PID=1040) to work on /home/airflow/.local/lib/python3.7/site-packages/airflow/example_dags/example_task_group_decorator.py
[2022-10-02T21:13:17.063+0000] {processor.py:758} INFO - Processing file /home/airflow/.local/lib/python3.7/site-packages/airflow/example_dags/example_task_group_decorator.py for tasks to queue
[2022-10-02T21:13:17.065+0000] {logging_mixin.py:117} INFO - [2022-10-02T21:13:17.064+0000] {dagbag.py:525} INFO - Filling up the DagBag from /home/airflow/.local/lib/python3.7/site-packages/airflow/example_dags/example_task_group_decorator.py
[2022-10-02T21:13:17.083+0000] {processor.py:768} INFO - DAG(s) dict_keys(['example_task_group_decorator']) retrieved from /home/airflow/.local/lib/python3.7/site-packages/airflow/example_dags/example_task_group_decorator.py
[2022-10-02T21:13:17.107+0000] {logging_mixin.py:117} INFO - [2022-10-02T21:13:17.107+0000] {dag.py:2573} INFO - Sync 1 DAGs
[2022-10-02T21:13:17.120+0000] {logging_mixin.py:117} INFO - [2022-10-02T21:13:17.120+0000] {dag.py:3328} INFO - Setting next_dagrun for example_task_group_decorator to 2022-10-01T21:13:17.120544+00:00, run_after=2022-10-02T21:13:17.120544+00:00
[2022-10-02T21:13:17.130+0000] {processor.py:178} INFO - Processing /home/airflow/.local/lib/python3.7/site-packages/airflow/example_dags/example_task_group_decorator.py took 0.070 seconds
[2022-10-02T21:15:01.647+0000] {processor.py:156} INFO - Started process (PID=67) to work on /home/airflow/.local/lib/python3.7/site-packages/airflow/example_dags/example_task_group_decorator.py
[2022-10-02T21:15:01.653+0000] {processor.py:758} INFO - Processing file /home/airflow/.local/lib/python3.7/site-packages/airflow/example_dags/example_task_group_decorator.py for tasks to queue
[2022-10-02T21:15:01.657+0000] {logging_mixin.py:117} INFO - [2022-10-02T21:15:01.657+0000] {dagbag.py:525} INFO - Filling up the DagBag from /home/airflow/.local/lib/python3.7/site-packages/airflow/example_dags/example_task_group_decorator.py
[2022-10-02T21:15:01.734+0000] {processor.py:768} INFO - DAG(s) dict_keys(['example_task_group_decorator']) retrieved from /home/airflow/.local/lib/python3.7/site-packages/airflow/example_dags/example_task_group_decorator.py
[2022-10-02T21:15:01.878+0000] {logging_mixin.py:117} INFO - [2022-10-02T21:15:01.878+0000] {dag.py:2573} INFO - Sync 1 DAGs
[2022-10-02T21:15:02.015+0000] {logging_mixin.py:117} INFO - [2022-10-02T21:15:02.014+0000] {dag.py:3328} INFO - Setting next_dagrun for example_task_group_decorator to 2022-10-01T21:15:02.014555+00:00, run_after=2022-10-02T21:15:02.014555+00:00
[2022-10-02T21:15:02.097+0000] {processor.py:178} INFO - Processing /home/airflow/.local/lib/python3.7/site-packages/airflow/example_dags/example_task_group_decorator.py took 0.460 seconds
[2022-10-02T21:15:32.704+0000] {processor.py:156} INFO - Started process (PID=130) to work on /home/airflow/.local/lib/python3.7/site-packages/airflow/example_dags/example_task_group_decorator.py
[2022-10-02T21:15:32.706+0000] {processor.py:758} INFO - Processing file /home/airflow/.local/lib/python3.7/site-packages/airflow/example_dags/example_task_group_decorator.py for tasks to queue
[2022-10-02T21:15:32.707+0000] {logging_mixin.py:117} INFO - [2022-10-02T21:15:32.707+0000] {dagbag.py:525} INFO - Filling up the DagBag from /home/airflow/.local/lib/python3.7/site-packages/airflow/example_dags/example_task_group_decorator.py
[2022-10-02T21:15:32.728+0000] {processor.py:768} INFO - DAG(s) dict_keys(['example_task_group_decorator']) retrieved from /home/airflow/.local/lib/python3.7/site-packages/airflow/example_dags/example_task_group_decorator.py
[2022-10-02T21:15:32.756+0000] {logging_mixin.py:117} INFO - [2022-10-02T21:15:32.756+0000] {dag.py:2573} INFO - Sync 1 DAGs
[2022-10-02T21:15:32.775+0000] {logging_mixin.py:117} INFO - [2022-10-02T21:15:32.775+0000] {dag.py:3328} INFO - Setting next_dagrun for example_task_group_decorator to 2022-10-01T21:15:32.775447+00:00, run_after=2022-10-02T21:15:32.775447+00:00
[2022-10-02T21:15:32.792+0000] {processor.py:178} INFO - Processing /home/airflow/.local/lib/python3.7/site-packages/airflow/example_dags/example_task_group_decorator.py took 0.091 seconds
[2022-10-02T21:16:03.060+0000] {processor.py:156} INFO - Started process (PID=185) to work on /home/airflow/.local/lib/python3.7/site-packages/airflow/example_dags/example_task_group_decorator.py
[2022-10-02T21:16:03.066+0000] {processor.py:758} INFO - Processing file /home/airflow/.local/lib/python3.7/site-packages/airflow/example_dags/example_task_group_decorator.py for tasks to queue
[2022-10-02T21:16:03.067+0000] {logging_mixin.py:117} INFO - [2022-10-02T21:16:03.067+0000] {dagbag.py:525} INFO - Filling up the DagBag from /home/airflow/.local/lib/python3.7/site-packages/airflow/example_dags/example_task_group_decorator.py
[2022-10-02T21:16:03.124+0000] {processor.py:768} INFO - DAG(s) dict_keys(['example_task_group_decorator']) retrieved from /home/airflow/.local/lib/python3.7/site-packages/airflow/example_dags/example_task_group_decorator.py
[2022-10-02T21:16:03.203+0000] {logging_mixin.py:117} INFO - [2022-10-02T21:16:03.202+0000] {dag.py:2573} INFO - Sync 1 DAGs
[2022-10-02T21:16:03.234+0000] {logging_mixin.py:117} INFO - [2022-10-02T21:16:03.233+0000] {dag.py:3328} INFO - Setting next_dagrun for example_task_group_decorator to 2022-10-01T21:16:03.233643+00:00, run_after=2022-10-02T21:16:03.233643+00:00
[2022-10-02T21:16:03.260+0000] {processor.py:178} INFO - Processing /home/airflow/.local/lib/python3.7/site-packages/airflow/example_dags/example_task_group_decorator.py took 0.202 seconds
[2022-10-02T21:16:33.544+0000] {processor.py:156} INFO - Started process (PID=247) to work on /home/airflow/.local/lib/python3.7/site-packages/airflow/example_dags/example_task_group_decorator.py
[2022-10-02T21:16:33.546+0000] {processor.py:758} INFO - Processing file /home/airflow/.local/lib/python3.7/site-packages/airflow/example_dags/example_task_group_decorator.py for tasks to queue
[2022-10-02T21:16:33.547+0000] {logging_mixin.py:117} INFO - [2022-10-02T21:16:33.547+0000] {dagbag.py:525} INFO - Filling up the DagBag from /home/airflow/.local/lib/python3.7/site-packages/airflow/example_dags/example_task_group_decorator.py
[2022-10-02T21:16:33.577+0000] {processor.py:768} INFO - DAG(s) dict_keys(['example_task_group_decorator']) retrieved from /home/airflow/.local/lib/python3.7/site-packages/airflow/example_dags/example_task_group_decorator.py
[2022-10-02T21:16:33.610+0000] {logging_mixin.py:117} INFO - [2022-10-02T21:16:33.610+0000] {dag.py:2573} INFO - Sync 1 DAGs
[2022-10-02T21:16:33.638+0000] {logging_mixin.py:117} INFO - [2022-10-02T21:16:33.638+0000] {dag.py:3328} INFO - Setting next_dagrun for example_task_group_decorator to 2022-10-01T21:16:33.637704+00:00, run_after=2022-10-02T21:16:33.637704+00:00
[2022-10-02T21:16:33.656+0000] {processor.py:178} INFO - Processing /home/airflow/.local/lib/python3.7/site-packages/airflow/example_dags/example_task_group_decorator.py took 0.116 seconds
[2022-10-02T21:17:04.410+0000] {processor.py:156} INFO - Started process (PID=309) to work on /home/airflow/.local/lib/python3.7/site-packages/airflow/example_dags/example_task_group_decorator.py
[2022-10-02T21:17:04.416+0000] {processor.py:758} INFO - Processing file /home/airflow/.local/lib/python3.7/site-packages/airflow/example_dags/example_task_group_decorator.py for tasks to queue
[2022-10-02T21:17:04.418+0000] {logging_mixin.py:117} INFO - [2022-10-02T21:17:04.418+0000] {dagbag.py:525} INFO - Filling up the DagBag from /home/airflow/.local/lib/python3.7/site-packages/airflow/example_dags/example_task_group_decorator.py
[2022-10-02T21:17:04.476+0000] {processor.py:768} INFO - DAG(s) dict_keys(['example_task_group_decorator']) retrieved from /home/airflow/.local/lib/python3.7/site-packages/airflow/example_dags/example_task_group_decorator.py
[2022-10-02T21:17:04.600+0000] {logging_mixin.py:117} INFO - [2022-10-02T21:17:04.600+0000] {dag.py:2573} INFO - Sync 1 DAGs
[2022-10-02T21:17:04.642+0000] {logging_mixin.py:117} INFO - [2022-10-02T21:17:04.642+0000] {dag.py:3328} INFO - Setting next_dagrun for example_task_group_decorator to 2022-10-01T21:17:04.642279+00:00, run_after=2022-10-02T21:17:04.642279+00:00
[2022-10-02T21:17:04.716+0000] {processor.py:178} INFO - Processing /home/airflow/.local/lib/python3.7/site-packages/airflow/example_dags/example_task_group_decorator.py took 0.316 seconds
[2022-10-02T21:17:35.608+0000] {processor.py:156} INFO - Started process (PID=372) to work on /home/airflow/.local/lib/python3.7/site-packages/airflow/example_dags/example_task_group_decorator.py
[2022-10-02T21:17:35.609+0000] {processor.py:758} INFO - Processing file /home/airflow/.local/lib/python3.7/site-packages/airflow/example_dags/example_task_group_decorator.py for tasks to queue
[2022-10-02T21:17:35.612+0000] {logging_mixin.py:117} INFO - [2022-10-02T21:17:35.611+0000] {dagbag.py:525} INFO - Filling up the DagBag from /home/airflow/.local/lib/python3.7/site-packages/airflow/example_dags/example_task_group_decorator.py
[2022-10-02T21:17:35.632+0000] {processor.py:768} INFO - DAG(s) dict_keys(['example_task_group_decorator']) retrieved from /home/airflow/.local/lib/python3.7/site-packages/airflow/example_dags/example_task_group_decorator.py
[2022-10-02T21:17:35.659+0000] {logging_mixin.py:117} INFO - [2022-10-02T21:17:35.659+0000] {dag.py:2573} INFO - Sync 1 DAGs
[2022-10-02T21:17:35.674+0000] {logging_mixin.py:117} INFO - [2022-10-02T21:17:35.674+0000] {dag.py:3328} INFO - Setting next_dagrun for example_task_group_decorator to 2022-10-01T21:17:35.674129+00:00, run_after=2022-10-02T21:17:35.674129+00:00
[2022-10-02T21:17:35.695+0000] {processor.py:178} INFO - Processing /home/airflow/.local/lib/python3.7/site-packages/airflow/example_dags/example_task_group_decorator.py took 0.090 seconds
[2022-10-02T21:18:05.769+0000] {processor.py:156} INFO - Started process (PID=437) to work on /home/airflow/.local/lib/python3.7/site-packages/airflow/example_dags/example_task_group_decorator.py
[2022-10-02T21:18:05.771+0000] {processor.py:758} INFO - Processing file /home/airflow/.local/lib/python3.7/site-packages/airflow/example_dags/example_task_group_decorator.py for tasks to queue
[2022-10-02T21:18:05.772+0000] {logging_mixin.py:117} INFO - [2022-10-02T21:18:05.772+0000] {dagbag.py:525} INFO - Filling up the DagBag from /home/airflow/.local/lib/python3.7/site-packages/airflow/example_dags/example_task_group_decorator.py
[2022-10-02T21:18:05.793+0000] {processor.py:768} INFO - DAG(s) dict_keys(['example_task_group_decorator']) retrieved from /home/airflow/.local/lib/python3.7/site-packages/airflow/example_dags/example_task_group_decorator.py
[2022-10-02T21:18:05.823+0000] {logging_mixin.py:117} INFO - [2022-10-02T21:18:05.823+0000] {dag.py:2573} INFO - Sync 1 DAGs
[2022-10-02T21:18:05.846+0000] {logging_mixin.py:117} INFO - [2022-10-02T21:18:05.846+0000] {dag.py:3328} INFO - Setting next_dagrun for example_task_group_decorator to 2022-10-01T21:18:05.846256+00:00, run_after=2022-10-02T21:18:05.846256+00:00
[2022-10-02T21:18:05.867+0000] {processor.py:178} INFO - Processing /home/airflow/.local/lib/python3.7/site-packages/airflow/example_dags/example_task_group_decorator.py took 0.101 seconds
[2022-10-02T21:18:36.354+0000] {processor.py:156} INFO - Started process (PID=492) to work on /home/airflow/.local/lib/python3.7/site-packages/airflow/example_dags/example_task_group_decorator.py
[2022-10-02T21:18:36.357+0000] {processor.py:758} INFO - Processing file /home/airflow/.local/lib/python3.7/site-packages/airflow/example_dags/example_task_group_decorator.py for tasks to queue
[2022-10-02T21:18:36.359+0000] {logging_mixin.py:117} INFO - [2022-10-02T21:18:36.359+0000] {dagbag.py:525} INFO - Filling up the DagBag from /home/airflow/.local/lib/python3.7/site-packages/airflow/example_dags/example_task_group_decorator.py
[2022-10-02T21:18:36.383+0000] {processor.py:768} INFO - DAG(s) dict_keys(['example_task_group_decorator']) retrieved from /home/airflow/.local/lib/python3.7/site-packages/airflow/example_dags/example_task_group_decorator.py
[2022-10-02T21:18:36.410+0000] {logging_mixin.py:117} INFO - [2022-10-02T21:18:36.410+0000] {dag.py:2573} INFO - Sync 1 DAGs
[2022-10-02T21:18:36.425+0000] {logging_mixin.py:117} INFO - [2022-10-02T21:18:36.425+0000] {dag.py:3328} INFO - Setting next_dagrun for example_task_group_decorator to 2022-10-01T21:18:36.425759+00:00, run_after=2022-10-02T21:18:36.425759+00:00
[2022-10-02T21:18:36.439+0000] {processor.py:178} INFO - Processing /home/airflow/.local/lib/python3.7/site-packages/airflow/example_dags/example_task_group_decorator.py took 0.089 seconds
[2022-10-02T21:19:06.778+0000] {processor.py:156} INFO - Started process (PID=555) to work on /home/airflow/.local/lib/python3.7/site-packages/airflow/example_dags/example_task_group_decorator.py
[2022-10-02T21:19:06.782+0000] {processor.py:758} INFO - Processing file /home/airflow/.local/lib/python3.7/site-packages/airflow/example_dags/example_task_group_decorator.py for tasks to queue
[2022-10-02T21:19:06.783+0000] {logging_mixin.py:117} INFO - [2022-10-02T21:19:06.783+0000] {dagbag.py:525} INFO - Filling up the DagBag from /home/airflow/.local/lib/python3.7/site-packages/airflow/example_dags/example_task_group_decorator.py
[2022-10-02T21:19:06.830+0000] {processor.py:768} INFO - DAG(s) dict_keys(['example_task_group_decorator']) retrieved from /home/airflow/.local/lib/python3.7/site-packages/airflow/example_dags/example_task_group_decorator.py
[2022-10-02T21:19:06.872+0000] {logging_mixin.py:117} INFO - [2022-10-02T21:19:06.871+0000] {dag.py:2573} INFO - Sync 1 DAGs
[2022-10-02T21:19:06.916+0000] {logging_mixin.py:117} INFO - [2022-10-02T21:19:06.915+0000] {dag.py:3328} INFO - Setting next_dagrun for example_task_group_decorator to 2022-10-01T21:19:06.915462+00:00, run_after=2022-10-02T21:19:06.915462+00:00
[2022-10-02T21:19:06.939+0000] {processor.py:178} INFO - Processing /home/airflow/.local/lib/python3.7/site-packages/airflow/example_dags/example_task_group_decorator.py took 0.163 seconds
[2022-10-02T21:19:37.207+0000] {processor.py:156} INFO - Started process (PID=618) to work on /home/airflow/.local/lib/python3.7/site-packages/airflow/example_dags/example_task_group_decorator.py
[2022-10-02T21:19:37.208+0000] {processor.py:758} INFO - Processing file /home/airflow/.local/lib/python3.7/site-packages/airflow/example_dags/example_task_group_decorator.py for tasks to queue
[2022-10-02T21:19:37.209+0000] {logging_mixin.py:117} INFO - [2022-10-02T21:19:37.209+0000] {dagbag.py:525} INFO - Filling up the DagBag from /home/airflow/.local/lib/python3.7/site-packages/airflow/example_dags/example_task_group_decorator.py
[2022-10-02T21:19:37.228+0000] {processor.py:768} INFO - DAG(s) dict_keys(['example_task_group_decorator']) retrieved from /home/airflow/.local/lib/python3.7/site-packages/airflow/example_dags/example_task_group_decorator.py
[2022-10-02T21:19:37.256+0000] {logging_mixin.py:117} INFO - [2022-10-02T21:19:37.256+0000] {dag.py:2573} INFO - Sync 1 DAGs
[2022-10-02T21:19:37.270+0000] {logging_mixin.py:117} INFO - [2022-10-02T21:19:37.270+0000] {dag.py:3328} INFO - Setting next_dagrun for example_task_group_decorator to 2022-10-01T21:19:37.270369+00:00, run_after=2022-10-02T21:19:37.270369+00:00
[2022-10-02T21:19:37.286+0000] {processor.py:178} INFO - Processing /home/airflow/.local/lib/python3.7/site-packages/airflow/example_dags/example_task_group_decorator.py took 0.082 seconds
