[2022-10-02T20:50:17.307+0000] {processor.py:156} INFO - Started process (PID=70) to work on /home/airflow/.local/lib/python3.7/site-packages/airflow/example_dags/example_branch_day_of_week_operator.py
[2022-10-02T20:50:17.331+0000] {processor.py:758} INFO - Processing file /home/airflow/.local/lib/python3.7/site-packages/airflow/example_dags/example_branch_day_of_week_operator.py for tasks to queue
[2022-10-02T20:50:17.352+0000] {logging_mixin.py:117} INFO - [2022-10-02T20:50:17.352+0000] {dagbag.py:525} INFO - Filling up the DagBag from /home/airflow/.local/lib/python3.7/site-packages/airflow/example_dags/example_branch_day_of_week_operator.py
[2022-10-02T20:50:17.488+0000] {processor.py:768} INFO - DAG(s) dict_keys(['example_weekday_branch_operator']) retrieved from /home/airflow/.local/lib/python3.7/site-packages/airflow/example_dags/example_branch_day_of_week_operator.py
[2022-10-02T20:50:17.582+0000] {logging_mixin.py:117} INFO - [2022-10-02T20:50:17.582+0000] {dag.py:2573} INFO - Sync 1 DAGs
[2022-10-02T20:50:17.691+0000] {logging_mixin.py:117} INFO - [2022-10-02T20:50:17.691+0000] {dag.py:3328} INFO - Setting next_dagrun for example_weekday_branch_operator to 2022-10-01T00:00:00+00:00, run_after=2022-10-02T00:00:00+00:00
[2022-10-02T20:50:17.789+0000] {processor.py:178} INFO - Processing /home/airflow/.local/lib/python3.7/site-packages/airflow/example_dags/example_branch_day_of_week_operator.py took 0.557 seconds
[2022-10-02T20:50:48.385+0000] {processor.py:156} INFO - Started process (PID=123) to work on /home/airflow/.local/lib/python3.7/site-packages/airflow/example_dags/example_branch_day_of_week_operator.py
[2022-10-02T20:50:48.387+0000] {processor.py:758} INFO - Processing file /home/airflow/.local/lib/python3.7/site-packages/airflow/example_dags/example_branch_day_of_week_operator.py for tasks to queue
[2022-10-02T20:50:48.388+0000] {logging_mixin.py:117} INFO - [2022-10-02T20:50:48.388+0000] {dagbag.py:525} INFO - Filling up the DagBag from /home/airflow/.local/lib/python3.7/site-packages/airflow/example_dags/example_branch_day_of_week_operator.py
[2022-10-02T20:50:48.400+0000] {processor.py:768} INFO - DAG(s) dict_keys(['example_weekday_branch_operator']) retrieved from /home/airflow/.local/lib/python3.7/site-packages/airflow/example_dags/example_branch_day_of_week_operator.py
[2022-10-02T20:50:48.433+0000] {logging_mixin.py:117} INFO - [2022-10-02T20:50:48.433+0000] {dag.py:2573} INFO - Sync 1 DAGs
[2022-10-02T20:50:48.451+0000] {logging_mixin.py:117} INFO - [2022-10-02T20:50:48.451+0000] {dag.py:3328} INFO - Setting next_dagrun for example_weekday_branch_operator to 2022-10-01T00:00:00+00:00, run_after=2022-10-02T00:00:00+00:00
[2022-10-02T20:50:48.473+0000] {processor.py:178} INFO - Processing /home/airflow/.local/lib/python3.7/site-packages/airflow/example_dags/example_branch_day_of_week_operator.py took 0.091 seconds
[2022-10-02T20:51:18.950+0000] {processor.py:156} INFO - Started process (PID=188) to work on /home/airflow/.local/lib/python3.7/site-packages/airflow/example_dags/example_branch_day_of_week_operator.py
[2022-10-02T20:51:18.952+0000] {processor.py:758} INFO - Processing file /home/airflow/.local/lib/python3.7/site-packages/airflow/example_dags/example_branch_day_of_week_operator.py for tasks to queue
[2022-10-02T20:51:18.954+0000] {logging_mixin.py:117} INFO - [2022-10-02T20:51:18.954+0000] {dagbag.py:525} INFO - Filling up the DagBag from /home/airflow/.local/lib/python3.7/site-packages/airflow/example_dags/example_branch_day_of_week_operator.py
[2022-10-02T20:51:18.966+0000] {processor.py:768} INFO - DAG(s) dict_keys(['example_weekday_branch_operator']) retrieved from /home/airflow/.local/lib/python3.7/site-packages/airflow/example_dags/example_branch_day_of_week_operator.py
[2022-10-02T20:51:19.008+0000] {logging_mixin.py:117} INFO - [2022-10-02T20:51:19.007+0000] {dag.py:2573} INFO - Sync 1 DAGs
[2022-10-02T20:51:19.051+0000] {logging_mixin.py:117} INFO - [2022-10-02T20:51:19.050+0000] {dag.py:3328} INFO - Setting next_dagrun for example_weekday_branch_operator to 2022-10-01T00:00:00+00:00, run_after=2022-10-02T00:00:00+00:00
[2022-10-02T20:51:19.068+0000] {processor.py:178} INFO - Processing /home/airflow/.local/lib/python3.7/site-packages/airflow/example_dags/example_branch_day_of_week_operator.py took 0.120 seconds
[2022-10-02T20:51:49.811+0000] {processor.py:156} INFO - Started process (PID=251) to work on /home/airflow/.local/lib/python3.7/site-packages/airflow/example_dags/example_branch_day_of_week_operator.py
[2022-10-02T20:51:49.813+0000] {processor.py:758} INFO - Processing file /home/airflow/.local/lib/python3.7/site-packages/airflow/example_dags/example_branch_day_of_week_operator.py for tasks to queue
[2022-10-02T20:51:49.815+0000] {logging_mixin.py:117} INFO - [2022-10-02T20:51:49.814+0000] {dagbag.py:525} INFO - Filling up the DagBag from /home/airflow/.local/lib/python3.7/site-packages/airflow/example_dags/example_branch_day_of_week_operator.py
[2022-10-02T20:51:49.828+0000] {processor.py:768} INFO - DAG(s) dict_keys(['example_weekday_branch_operator']) retrieved from /home/airflow/.local/lib/python3.7/site-packages/airflow/example_dags/example_branch_day_of_week_operator.py
[2022-10-02T20:51:49.856+0000] {logging_mixin.py:117} INFO - [2022-10-02T20:51:49.856+0000] {dag.py:2573} INFO - Sync 1 DAGs
[2022-10-02T20:51:49.891+0000] {logging_mixin.py:117} INFO - [2022-10-02T20:51:49.891+0000] {dag.py:3328} INFO - Setting next_dagrun for example_weekday_branch_operator to 2022-10-01T00:00:00+00:00, run_after=2022-10-02T00:00:00+00:00
[2022-10-02T20:51:49.925+0000] {processor.py:178} INFO - Processing /home/airflow/.local/lib/python3.7/site-packages/airflow/example_dags/example_branch_day_of_week_operator.py took 0.116 seconds
[2022-10-02T20:52:20.403+0000] {processor.py:156} INFO - Started process (PID=312) to work on /home/airflow/.local/lib/python3.7/site-packages/airflow/example_dags/example_branch_day_of_week_operator.py
[2022-10-02T20:52:20.406+0000] {processor.py:758} INFO - Processing file /home/airflow/.local/lib/python3.7/site-packages/airflow/example_dags/example_branch_day_of_week_operator.py for tasks to queue
[2022-10-02T20:52:20.407+0000] {logging_mixin.py:117} INFO - [2022-10-02T20:52:20.407+0000] {dagbag.py:525} INFO - Filling up the DagBag from /home/airflow/.local/lib/python3.7/site-packages/airflow/example_dags/example_branch_day_of_week_operator.py
[2022-10-02T20:52:20.436+0000] {processor.py:768} INFO - DAG(s) dict_keys(['example_weekday_branch_operator']) retrieved from /home/airflow/.local/lib/python3.7/site-packages/airflow/example_dags/example_branch_day_of_week_operator.py
[2022-10-02T20:52:20.476+0000] {logging_mixin.py:117} INFO - [2022-10-02T20:52:20.476+0000] {dag.py:2573} INFO - Sync 1 DAGs
[2022-10-02T20:52:20.522+0000] {logging_mixin.py:117} INFO - [2022-10-02T20:52:20.522+0000] {dag.py:3328} INFO - Setting next_dagrun for example_weekday_branch_operator to 2022-10-01T00:00:00+00:00, run_after=2022-10-02T00:00:00+00:00
[2022-10-02T20:52:20.547+0000] {processor.py:178} INFO - Processing /home/airflow/.local/lib/python3.7/site-packages/airflow/example_dags/example_branch_day_of_week_operator.py took 0.146 seconds
[2022-10-02T20:52:50.623+0000] {processor.py:156} INFO - Started process (PID=375) to work on /home/airflow/.local/lib/python3.7/site-packages/airflow/example_dags/example_branch_day_of_week_operator.py
[2022-10-02T20:52:50.625+0000] {processor.py:758} INFO - Processing file /home/airflow/.local/lib/python3.7/site-packages/airflow/example_dags/example_branch_day_of_week_operator.py for tasks to queue
[2022-10-02T20:52:50.628+0000] {logging_mixin.py:117} INFO - [2022-10-02T20:52:50.628+0000] {dagbag.py:525} INFO - Filling up the DagBag from /home/airflow/.local/lib/python3.7/site-packages/airflow/example_dags/example_branch_day_of_week_operator.py
[2022-10-02T20:52:50.651+0000] {processor.py:768} INFO - DAG(s) dict_keys(['example_weekday_branch_operator']) retrieved from /home/airflow/.local/lib/python3.7/site-packages/airflow/example_dags/example_branch_day_of_week_operator.py
[2022-10-02T20:52:50.685+0000] {logging_mixin.py:117} INFO - [2022-10-02T20:52:50.685+0000] {dag.py:2573} INFO - Sync 1 DAGs
[2022-10-02T20:52:50.705+0000] {logging_mixin.py:117} INFO - [2022-10-02T20:52:50.705+0000] {dag.py:3328} INFO - Setting next_dagrun for example_weekday_branch_operator to 2022-10-01T00:00:00+00:00, run_after=2022-10-02T00:00:00+00:00
[2022-10-02T20:52:50.720+0000] {processor.py:178} INFO - Processing /home/airflow/.local/lib/python3.7/site-packages/airflow/example_dags/example_branch_day_of_week_operator.py took 0.103 seconds
[2022-10-02T20:54:20.676+0000] {processor.py:156} INFO - Started process (PID=60) to work on /home/airflow/.local/lib/python3.7/site-packages/airflow/example_dags/example_branch_day_of_week_operator.py
[2022-10-02T20:54:20.680+0000] {processor.py:758} INFO - Processing file /home/airflow/.local/lib/python3.7/site-packages/airflow/example_dags/example_branch_day_of_week_operator.py for tasks to queue
[2022-10-02T20:54:20.683+0000] {logging_mixin.py:117} INFO - [2022-10-02T20:54:20.683+0000] {dagbag.py:525} INFO - Filling up the DagBag from /home/airflow/.local/lib/python3.7/site-packages/airflow/example_dags/example_branch_day_of_week_operator.py
[2022-10-02T20:54:20.705+0000] {processor.py:768} INFO - DAG(s) dict_keys(['example_weekday_branch_operator']) retrieved from /home/airflow/.local/lib/python3.7/site-packages/airflow/example_dags/example_branch_day_of_week_operator.py
[2022-10-02T20:54:20.739+0000] {logging_mixin.py:117} INFO - [2022-10-02T20:54:20.739+0000] {dag.py:2573} INFO - Sync 1 DAGs
[2022-10-02T20:54:20.769+0000] {logging_mixin.py:117} INFO - [2022-10-02T20:54:20.768+0000] {dag.py:3328} INFO - Setting next_dagrun for example_weekday_branch_operator to 2022-10-01T00:00:00+00:00, run_after=2022-10-02T00:00:00+00:00
[2022-10-02T20:54:20.796+0000] {processor.py:178} INFO - Processing /home/airflow/.local/lib/python3.7/site-packages/airflow/example_dags/example_branch_day_of_week_operator.py took 0.122 seconds
[2022-10-02T20:54:51.325+0000] {processor.py:156} INFO - Started process (PID=123) to work on /home/airflow/.local/lib/python3.7/site-packages/airflow/example_dags/example_branch_day_of_week_operator.py
[2022-10-02T20:54:51.327+0000] {processor.py:758} INFO - Processing file /home/airflow/.local/lib/python3.7/site-packages/airflow/example_dags/example_branch_day_of_week_operator.py for tasks to queue
[2022-10-02T20:54:51.329+0000] {logging_mixin.py:117} INFO - [2022-10-02T20:54:51.329+0000] {dagbag.py:525} INFO - Filling up the DagBag from /home/airflow/.local/lib/python3.7/site-packages/airflow/example_dags/example_branch_day_of_week_operator.py
[2022-10-02T20:54:51.340+0000] {processor.py:768} INFO - DAG(s) dict_keys(['example_weekday_branch_operator']) retrieved from /home/airflow/.local/lib/python3.7/site-packages/airflow/example_dags/example_branch_day_of_week_operator.py
[2022-10-02T20:54:51.369+0000] {logging_mixin.py:117} INFO - [2022-10-02T20:54:51.369+0000] {dag.py:2573} INFO - Sync 1 DAGs
[2022-10-02T20:54:51.384+0000] {logging_mixin.py:117} INFO - [2022-10-02T20:54:51.384+0000] {dag.py:3328} INFO - Setting next_dagrun for example_weekday_branch_operator to 2022-10-01T00:00:00+00:00, run_after=2022-10-02T00:00:00+00:00
[2022-10-02T20:54:51.396+0000] {processor.py:178} INFO - Processing /home/airflow/.local/lib/python3.7/site-packages/airflow/example_dags/example_branch_day_of_week_operator.py took 0.073 seconds
[2022-10-02T20:56:40.286+0000] {processor.py:156} INFO - Started process (PID=69) to work on /home/airflow/.local/lib/python3.7/site-packages/airflow/example_dags/example_branch_day_of_week_operator.py
[2022-10-02T20:56:40.288+0000] {processor.py:758} INFO - Processing file /home/airflow/.local/lib/python3.7/site-packages/airflow/example_dags/example_branch_day_of_week_operator.py for tasks to queue
[2022-10-02T20:56:40.289+0000] {logging_mixin.py:117} INFO - [2022-10-02T20:56:40.289+0000] {dagbag.py:525} INFO - Filling up the DagBag from /home/airflow/.local/lib/python3.7/site-packages/airflow/example_dags/example_branch_day_of_week_operator.py
[2022-10-02T20:56:40.324+0000] {processor.py:768} INFO - DAG(s) dict_keys(['example_weekday_branch_operator']) retrieved from /home/airflow/.local/lib/python3.7/site-packages/airflow/example_dags/example_branch_day_of_week_operator.py
[2022-10-02T20:56:40.362+0000] {logging_mixin.py:117} INFO - [2022-10-02T20:56:40.362+0000] {dag.py:2573} INFO - Sync 1 DAGs
[2022-10-02T20:56:40.400+0000] {logging_mixin.py:117} INFO - [2022-10-02T20:56:40.400+0000] {dag.py:3328} INFO - Setting next_dagrun for example_weekday_branch_operator to 2022-10-01T00:00:00+00:00, run_after=2022-10-02T00:00:00+00:00
[2022-10-02T20:56:40.434+0000] {processor.py:178} INFO - Processing /home/airflow/.local/lib/python3.7/site-packages/airflow/example_dags/example_branch_day_of_week_operator.py took 0.152 seconds
[2022-10-02T20:57:10.660+0000] {processor.py:156} INFO - Started process (PID=124) to work on /home/airflow/.local/lib/python3.7/site-packages/airflow/example_dags/example_branch_day_of_week_operator.py
[2022-10-02T20:57:10.663+0000] {processor.py:758} INFO - Processing file /home/airflow/.local/lib/python3.7/site-packages/airflow/example_dags/example_branch_day_of_week_operator.py for tasks to queue
[2022-10-02T20:57:10.665+0000] {logging_mixin.py:117} INFO - [2022-10-02T20:57:10.665+0000] {dagbag.py:525} INFO - Filling up the DagBag from /home/airflow/.local/lib/python3.7/site-packages/airflow/example_dags/example_branch_day_of_week_operator.py
[2022-10-02T20:57:10.683+0000] {processor.py:768} INFO - DAG(s) dict_keys(['example_weekday_branch_operator']) retrieved from /home/airflow/.local/lib/python3.7/site-packages/airflow/example_dags/example_branch_day_of_week_operator.py
[2022-10-02T20:57:10.735+0000] {logging_mixin.py:117} INFO - [2022-10-02T20:57:10.735+0000] {dag.py:2573} INFO - Sync 1 DAGs
[2022-10-02T20:57:10.758+0000] {logging_mixin.py:117} INFO - [2022-10-02T20:57:10.758+0000] {dag.py:3328} INFO - Setting next_dagrun for example_weekday_branch_operator to 2022-10-01T00:00:00+00:00, run_after=2022-10-02T00:00:00+00:00
[2022-10-02T20:57:10.776+0000] {processor.py:178} INFO - Processing /home/airflow/.local/lib/python3.7/site-packages/airflow/example_dags/example_branch_day_of_week_operator.py took 0.118 seconds
[2022-10-02T20:57:40.889+0000] {processor.py:156} INFO - Started process (PID=188) to work on /home/airflow/.local/lib/python3.7/site-packages/airflow/example_dags/example_branch_day_of_week_operator.py
[2022-10-02T20:57:40.891+0000] {processor.py:758} INFO - Processing file /home/airflow/.local/lib/python3.7/site-packages/airflow/example_dags/example_branch_day_of_week_operator.py for tasks to queue
[2022-10-02T20:57:40.892+0000] {logging_mixin.py:117} INFO - [2022-10-02T20:57:40.892+0000] {dagbag.py:525} INFO - Filling up the DagBag from /home/airflow/.local/lib/python3.7/site-packages/airflow/example_dags/example_branch_day_of_week_operator.py
[2022-10-02T20:57:40.903+0000] {processor.py:768} INFO - DAG(s) dict_keys(['example_weekday_branch_operator']) retrieved from /home/airflow/.local/lib/python3.7/site-packages/airflow/example_dags/example_branch_day_of_week_operator.py
[2022-10-02T20:57:40.931+0000] {logging_mixin.py:117} INFO - [2022-10-02T20:57:40.931+0000] {dag.py:2573} INFO - Sync 1 DAGs
[2022-10-02T20:57:40.948+0000] {logging_mixin.py:117} INFO - [2022-10-02T20:57:40.948+0000] {dag.py:3328} INFO - Setting next_dagrun for example_weekday_branch_operator to 2022-10-01T00:00:00+00:00, run_after=2022-10-02T00:00:00+00:00
[2022-10-02T20:57:40.960+0000] {processor.py:178} INFO - Processing /home/airflow/.local/lib/python3.7/site-packages/airflow/example_dags/example_branch_day_of_week_operator.py took 0.073 seconds
[2022-10-02T20:58:11.212+0000] {processor.py:156} INFO - Started process (PID=250) to work on /home/airflow/.local/lib/python3.7/site-packages/airflow/example_dags/example_branch_day_of_week_operator.py
[2022-10-02T20:58:11.213+0000] {processor.py:758} INFO - Processing file /home/airflow/.local/lib/python3.7/site-packages/airflow/example_dags/example_branch_day_of_week_operator.py for tasks to queue
[2022-10-02T20:58:11.214+0000] {logging_mixin.py:117} INFO - [2022-10-02T20:58:11.214+0000] {dagbag.py:525} INFO - Filling up the DagBag from /home/airflow/.local/lib/python3.7/site-packages/airflow/example_dags/example_branch_day_of_week_operator.py
[2022-10-02T20:58:11.226+0000] {processor.py:768} INFO - DAG(s) dict_keys(['example_weekday_branch_operator']) retrieved from /home/airflow/.local/lib/python3.7/site-packages/airflow/example_dags/example_branch_day_of_week_operator.py
[2022-10-02T20:58:11.253+0000] {logging_mixin.py:117} INFO - [2022-10-02T20:58:11.253+0000] {dag.py:2573} INFO - Sync 1 DAGs
[2022-10-02T20:58:11.270+0000] {logging_mixin.py:117} INFO - [2022-10-02T20:58:11.270+0000] {dag.py:3328} INFO - Setting next_dagrun for example_weekday_branch_operator to 2022-10-01T00:00:00+00:00, run_after=2022-10-02T00:00:00+00:00
[2022-10-02T20:58:11.283+0000] {processor.py:178} INFO - Processing /home/airflow/.local/lib/python3.7/site-packages/airflow/example_dags/example_branch_day_of_week_operator.py took 0.073 seconds
[2022-10-02T20:58:41.658+0000] {processor.py:156} INFO - Started process (PID=314) to work on /home/airflow/.local/lib/python3.7/site-packages/airflow/example_dags/example_branch_day_of_week_operator.py
[2022-10-02T20:58:41.659+0000] {processor.py:758} INFO - Processing file /home/airflow/.local/lib/python3.7/site-packages/airflow/example_dags/example_branch_day_of_week_operator.py for tasks to queue
[2022-10-02T20:58:41.660+0000] {logging_mixin.py:117} INFO - [2022-10-02T20:58:41.660+0000] {dagbag.py:525} INFO - Filling up the DagBag from /home/airflow/.local/lib/python3.7/site-packages/airflow/example_dags/example_branch_day_of_week_operator.py
[2022-10-02T20:58:41.671+0000] {processor.py:768} INFO - DAG(s) dict_keys(['example_weekday_branch_operator']) retrieved from /home/airflow/.local/lib/python3.7/site-packages/airflow/example_dags/example_branch_day_of_week_operator.py
[2022-10-02T20:58:41.698+0000] {logging_mixin.py:117} INFO - [2022-10-02T20:58:41.697+0000] {dag.py:2573} INFO - Sync 1 DAGs
[2022-10-02T20:58:41.716+0000] {logging_mixin.py:117} INFO - [2022-10-02T20:58:41.716+0000] {dag.py:3328} INFO - Setting next_dagrun for example_weekday_branch_operator to 2022-10-01T00:00:00+00:00, run_after=2022-10-02T00:00:00+00:00
[2022-10-02T20:58:41.728+0000] {processor.py:178} INFO - Processing /home/airflow/.local/lib/python3.7/site-packages/airflow/example_dags/example_branch_day_of_week_operator.py took 0.072 seconds
[2022-10-02T20:59:12.090+0000] {processor.py:156} INFO - Started process (PID=377) to work on /home/airflow/.local/lib/python3.7/site-packages/airflow/example_dags/example_branch_day_of_week_operator.py
[2022-10-02T20:59:12.092+0000] {processor.py:758} INFO - Processing file /home/airflow/.local/lib/python3.7/site-packages/airflow/example_dags/example_branch_day_of_week_operator.py for tasks to queue
[2022-10-02T20:59:12.093+0000] {logging_mixin.py:117} INFO - [2022-10-02T20:59:12.093+0000] {dagbag.py:525} INFO - Filling up the DagBag from /home/airflow/.local/lib/python3.7/site-packages/airflow/example_dags/example_branch_day_of_week_operator.py
[2022-10-02T20:59:12.108+0000] {processor.py:768} INFO - DAG(s) dict_keys(['example_weekday_branch_operator']) retrieved from /home/airflow/.local/lib/python3.7/site-packages/airflow/example_dags/example_branch_day_of_week_operator.py
[2022-10-02T20:59:12.155+0000] {logging_mixin.py:117} INFO - [2022-10-02T20:59:12.155+0000] {dag.py:2573} INFO - Sync 1 DAGs
[2022-10-02T20:59:12.184+0000] {logging_mixin.py:117} INFO - [2022-10-02T20:59:12.184+0000] {dag.py:3328} INFO - Setting next_dagrun for example_weekday_branch_operator to 2022-10-01T00:00:00+00:00, run_after=2022-10-02T00:00:00+00:00
[2022-10-02T20:59:12.201+0000] {processor.py:178} INFO - Processing /home/airflow/.local/lib/python3.7/site-packages/airflow/example_dags/example_branch_day_of_week_operator.py took 0.113 seconds
[2022-10-02T20:59:42.331+0000] {processor.py:156} INFO - Started process (PID=430) to work on /home/airflow/.local/lib/python3.7/site-packages/airflow/example_dags/example_branch_day_of_week_operator.py
[2022-10-02T20:59:42.334+0000] {processor.py:758} INFO - Processing file /home/airflow/.local/lib/python3.7/site-packages/airflow/example_dags/example_branch_day_of_week_operator.py for tasks to queue
[2022-10-02T20:59:42.337+0000] {logging_mixin.py:117} INFO - [2022-10-02T20:59:42.337+0000] {dagbag.py:525} INFO - Filling up the DagBag from /home/airflow/.local/lib/python3.7/site-packages/airflow/example_dags/example_branch_day_of_week_operator.py
[2022-10-02T20:59:42.353+0000] {processor.py:768} INFO - DAG(s) dict_keys(['example_weekday_branch_operator']) retrieved from /home/airflow/.local/lib/python3.7/site-packages/airflow/example_dags/example_branch_day_of_week_operator.py
[2022-10-02T20:59:42.382+0000] {logging_mixin.py:117} INFO - [2022-10-02T20:59:42.382+0000] {dag.py:2573} INFO - Sync 1 DAGs
[2022-10-02T20:59:42.399+0000] {logging_mixin.py:117} INFO - [2022-10-02T20:59:42.399+0000] {dag.py:3328} INFO - Setting next_dagrun for example_weekday_branch_operator to 2022-10-01T00:00:00+00:00, run_after=2022-10-02T00:00:00+00:00
[2022-10-02T20:59:42.411+0000] {processor.py:178} INFO - Processing /home/airflow/.local/lib/python3.7/site-packages/airflow/example_dags/example_branch_day_of_week_operator.py took 0.082 seconds
[2022-10-02T21:00:12.469+0000] {processor.py:156} INFO - Started process (PID=493) to work on /home/airflow/.local/lib/python3.7/site-packages/airflow/example_dags/example_branch_day_of_week_operator.py
[2022-10-02T21:00:12.470+0000] {processor.py:758} INFO - Processing file /home/airflow/.local/lib/python3.7/site-packages/airflow/example_dags/example_branch_day_of_week_operator.py for tasks to queue
[2022-10-02T21:00:12.471+0000] {logging_mixin.py:117} INFO - [2022-10-02T21:00:12.471+0000] {dagbag.py:525} INFO - Filling up the DagBag from /home/airflow/.local/lib/python3.7/site-packages/airflow/example_dags/example_branch_day_of_week_operator.py
[2022-10-02T21:00:12.481+0000] {processor.py:768} INFO - DAG(s) dict_keys(['example_weekday_branch_operator']) retrieved from /home/airflow/.local/lib/python3.7/site-packages/airflow/example_dags/example_branch_day_of_week_operator.py
[2022-10-02T21:00:12.505+0000] {logging_mixin.py:117} INFO - [2022-10-02T21:00:12.505+0000] {dag.py:2573} INFO - Sync 1 DAGs
[2022-10-02T21:00:12.522+0000] {logging_mixin.py:117} INFO - [2022-10-02T21:00:12.522+0000] {dag.py:3328} INFO - Setting next_dagrun for example_weekday_branch_operator to 2022-10-01T00:00:00+00:00, run_after=2022-10-02T00:00:00+00:00
[2022-10-02T21:00:12.535+0000] {processor.py:178} INFO - Processing /home/airflow/.local/lib/python3.7/site-packages/airflow/example_dags/example_branch_day_of_week_operator.py took 0.069 seconds
[2022-10-02T21:00:43.563+0000] {processor.py:156} INFO - Started process (PID=556) to work on /home/airflow/.local/lib/python3.7/site-packages/airflow/example_dags/example_branch_day_of_week_operator.py
[2022-10-02T21:00:43.564+0000] {processor.py:758} INFO - Processing file /home/airflow/.local/lib/python3.7/site-packages/airflow/example_dags/example_branch_day_of_week_operator.py for tasks to queue
[2022-10-02T21:00:43.565+0000] {logging_mixin.py:117} INFO - [2022-10-02T21:00:43.565+0000] {dagbag.py:525} INFO - Filling up the DagBag from /home/airflow/.local/lib/python3.7/site-packages/airflow/example_dags/example_branch_day_of_week_operator.py
[2022-10-02T21:00:43.576+0000] {processor.py:768} INFO - DAG(s) dict_keys(['example_weekday_branch_operator']) retrieved from /home/airflow/.local/lib/python3.7/site-packages/airflow/example_dags/example_branch_day_of_week_operator.py
[2022-10-02T21:00:43.603+0000] {logging_mixin.py:117} INFO - [2022-10-02T21:00:43.603+0000] {dag.py:2573} INFO - Sync 1 DAGs
[2022-10-02T21:00:43.620+0000] {logging_mixin.py:117} INFO - [2022-10-02T21:00:43.620+0000] {dag.py:3328} INFO - Setting next_dagrun for example_weekday_branch_operator to 2022-10-01T00:00:00+00:00, run_after=2022-10-02T00:00:00+00:00
[2022-10-02T21:00:43.633+0000] {processor.py:178} INFO - Processing /home/airflow/.local/lib/python3.7/site-packages/airflow/example_dags/example_branch_day_of_week_operator.py took 0.072 seconds
[2022-10-02T21:01:14.554+0000] {processor.py:156} INFO - Started process (PID=619) to work on /home/airflow/.local/lib/python3.7/site-packages/airflow/example_dags/example_branch_day_of_week_operator.py
[2022-10-02T21:01:14.555+0000] {processor.py:758} INFO - Processing file /home/airflow/.local/lib/python3.7/site-packages/airflow/example_dags/example_branch_day_of_week_operator.py for tasks to queue
[2022-10-02T21:01:14.556+0000] {logging_mixin.py:117} INFO - [2022-10-02T21:01:14.556+0000] {dagbag.py:525} INFO - Filling up the DagBag from /home/airflow/.local/lib/python3.7/site-packages/airflow/example_dags/example_branch_day_of_week_operator.py
[2022-10-02T21:01:14.568+0000] {processor.py:768} INFO - DAG(s) dict_keys(['example_weekday_branch_operator']) retrieved from /home/airflow/.local/lib/python3.7/site-packages/airflow/example_dags/example_branch_day_of_week_operator.py
[2022-10-02T21:01:14.595+0000] {logging_mixin.py:117} INFO - [2022-10-02T21:01:14.595+0000] {dag.py:2573} INFO - Sync 1 DAGs
[2022-10-02T21:01:14.612+0000] {logging_mixin.py:117} INFO - [2022-10-02T21:01:14.612+0000] {dag.py:3328} INFO - Setting next_dagrun for example_weekday_branch_operator to 2022-10-01T00:00:00+00:00, run_after=2022-10-02T00:00:00+00:00
[2022-10-02T21:01:14.624+0000] {processor.py:178} INFO - Processing /home/airflow/.local/lib/python3.7/site-packages/airflow/example_dags/example_branch_day_of_week_operator.py took 0.072 seconds
[2022-10-02T21:01:45.801+0000] {processor.py:156} INFO - Started process (PID=681) to work on /home/airflow/.local/lib/python3.7/site-packages/airflow/example_dags/example_branch_day_of_week_operator.py
[2022-10-02T21:01:45.803+0000] {processor.py:758} INFO - Processing file /home/airflow/.local/lib/python3.7/site-packages/airflow/example_dags/example_branch_day_of_week_operator.py for tasks to queue
[2022-10-02T21:01:45.805+0000] {logging_mixin.py:117} INFO - [2022-10-02T21:01:45.804+0000] {dagbag.py:525} INFO - Filling up the DagBag from /home/airflow/.local/lib/python3.7/site-packages/airflow/example_dags/example_branch_day_of_week_operator.py
[2022-10-02T21:01:45.818+0000] {processor.py:768} INFO - DAG(s) dict_keys(['example_weekday_branch_operator']) retrieved from /home/airflow/.local/lib/python3.7/site-packages/airflow/example_dags/example_branch_day_of_week_operator.py
[2022-10-02T21:01:45.860+0000] {logging_mixin.py:117} INFO - [2022-10-02T21:01:45.859+0000] {dag.py:2573} INFO - Sync 1 DAGs
[2022-10-02T21:01:45.878+0000] {logging_mixin.py:117} INFO - [2022-10-02T21:01:45.878+0000] {dag.py:3328} INFO - Setting next_dagrun for example_weekday_branch_operator to 2022-10-01T00:00:00+00:00, run_after=2022-10-02T00:00:00+00:00
[2022-10-02T21:01:45.898+0000] {processor.py:178} INFO - Processing /home/airflow/.local/lib/python3.7/site-packages/airflow/example_dags/example_branch_day_of_week_operator.py took 0.100 seconds
[2022-10-02T21:02:15.992+0000] {processor.py:156} INFO - Started process (PID=742) to work on /home/airflow/.local/lib/python3.7/site-packages/airflow/example_dags/example_branch_day_of_week_operator.py
[2022-10-02T21:02:15.994+0000] {processor.py:758} INFO - Processing file /home/airflow/.local/lib/python3.7/site-packages/airflow/example_dags/example_branch_day_of_week_operator.py for tasks to queue
[2022-10-02T21:02:15.995+0000] {logging_mixin.py:117} INFO - [2022-10-02T21:02:15.995+0000] {dagbag.py:525} INFO - Filling up the DagBag from /home/airflow/.local/lib/python3.7/site-packages/airflow/example_dags/example_branch_day_of_week_operator.py
[2022-10-02T21:02:16.011+0000] {processor.py:768} INFO - DAG(s) dict_keys(['example_weekday_branch_operator']) retrieved from /home/airflow/.local/lib/python3.7/site-packages/airflow/example_dags/example_branch_day_of_week_operator.py
[2022-10-02T21:02:16.043+0000] {logging_mixin.py:117} INFO - [2022-10-02T21:02:16.043+0000] {dag.py:2573} INFO - Sync 1 DAGs
[2022-10-02T21:02:16.069+0000] {logging_mixin.py:117} INFO - [2022-10-02T21:02:16.069+0000] {dag.py:3328} INFO - Setting next_dagrun for example_weekday_branch_operator to 2022-10-01T00:00:00+00:00, run_after=2022-10-02T00:00:00+00:00
[2022-10-02T21:02:16.113+0000] {processor.py:178} INFO - Processing /home/airflow/.local/lib/python3.7/site-packages/airflow/example_dags/example_branch_day_of_week_operator.py took 0.124 seconds
[2022-10-02T21:02:50.077+0000] {processor.py:156} INFO - Started process (PID=807) to work on /home/airflow/.local/lib/python3.7/site-packages/airflow/example_dags/example_branch_day_of_week_operator.py
[2022-10-02T21:02:50.084+0000] {processor.py:758} INFO - Processing file /home/airflow/.local/lib/python3.7/site-packages/airflow/example_dags/example_branch_day_of_week_operator.py for tasks to queue
[2022-10-02T21:02:50.090+0000] {logging_mixin.py:117} INFO - [2022-10-02T21:02:50.088+0000] {dagbag.py:525} INFO - Filling up the DagBag from /home/airflow/.local/lib/python3.7/site-packages/airflow/example_dags/example_branch_day_of_week_operator.py
[2022-10-02T21:02:50.116+0000] {processor.py:768} INFO - DAG(s) dict_keys(['example_weekday_branch_operator']) retrieved from /home/airflow/.local/lib/python3.7/site-packages/airflow/example_dags/example_branch_day_of_week_operator.py
[2022-10-02T21:02:50.215+0000] {logging_mixin.py:117} INFO - [2022-10-02T21:02:50.215+0000] {dag.py:2573} INFO - Sync 1 DAGs
[2022-10-02T21:02:50.254+0000] {logging_mixin.py:117} INFO - [2022-10-02T21:02:50.254+0000] {dag.py:3328} INFO - Setting next_dagrun for example_weekday_branch_operator to 2022-10-01T00:00:00+00:00, run_after=2022-10-02T00:00:00+00:00
[2022-10-02T21:02:50.292+0000] {processor.py:178} INFO - Processing /home/airflow/.local/lib/python3.7/site-packages/airflow/example_dags/example_branch_day_of_week_operator.py took 0.235 seconds
[2022-10-02T21:03:20.927+0000] {processor.py:156} INFO - Started process (PID=862) to work on /home/airflow/.local/lib/python3.7/site-packages/airflow/example_dags/example_branch_day_of_week_operator.py
[2022-10-02T21:03:20.928+0000] {processor.py:758} INFO - Processing file /home/airflow/.local/lib/python3.7/site-packages/airflow/example_dags/example_branch_day_of_week_operator.py for tasks to queue
[2022-10-02T21:03:20.930+0000] {logging_mixin.py:117} INFO - [2022-10-02T21:03:20.930+0000] {dagbag.py:525} INFO - Filling up the DagBag from /home/airflow/.local/lib/python3.7/site-packages/airflow/example_dags/example_branch_day_of_week_operator.py
[2022-10-02T21:03:20.943+0000] {processor.py:768} INFO - DAG(s) dict_keys(['example_weekday_branch_operator']) retrieved from /home/airflow/.local/lib/python3.7/site-packages/airflow/example_dags/example_branch_day_of_week_operator.py
[2022-10-02T21:03:20.974+0000] {logging_mixin.py:117} INFO - [2022-10-02T21:03:20.973+0000] {dag.py:2573} INFO - Sync 1 DAGs
[2022-10-02T21:03:20.993+0000] {logging_mixin.py:117} INFO - [2022-10-02T21:03:20.993+0000] {dag.py:3328} INFO - Setting next_dagrun for example_weekday_branch_operator to 2022-10-01T00:00:00+00:00, run_after=2022-10-02T00:00:00+00:00
[2022-10-02T21:03:21.012+0000] {processor.py:178} INFO - Processing /home/airflow/.local/lib/python3.7/site-packages/airflow/example_dags/example_branch_day_of_week_operator.py took 0.089 seconds
[2022-10-02T21:03:51.419+0000] {processor.py:156} INFO - Started process (PID=924) to work on /home/airflow/.local/lib/python3.7/site-packages/airflow/example_dags/example_branch_day_of_week_operator.py
[2022-10-02T21:03:51.421+0000] {processor.py:758} INFO - Processing file /home/airflow/.local/lib/python3.7/site-packages/airflow/example_dags/example_branch_day_of_week_operator.py for tasks to queue
[2022-10-02T21:03:51.423+0000] {logging_mixin.py:117} INFO - [2022-10-02T21:03:51.423+0000] {dagbag.py:525} INFO - Filling up the DagBag from /home/airflow/.local/lib/python3.7/site-packages/airflow/example_dags/example_branch_day_of_week_operator.py
[2022-10-02T21:03:51.435+0000] {processor.py:768} INFO - DAG(s) dict_keys(['example_weekday_branch_operator']) retrieved from /home/airflow/.local/lib/python3.7/site-packages/airflow/example_dags/example_branch_day_of_week_operator.py
[2022-10-02T21:03:51.488+0000] {logging_mixin.py:117} INFO - [2022-10-02T21:03:51.487+0000] {dag.py:2573} INFO - Sync 1 DAGs
[2022-10-02T21:03:51.509+0000] {logging_mixin.py:117} INFO - [2022-10-02T21:03:51.509+0000] {dag.py:3328} INFO - Setting next_dagrun for example_weekday_branch_operator to 2022-10-01T00:00:00+00:00, run_after=2022-10-02T00:00:00+00:00
[2022-10-02T21:03:51.530+0000] {processor.py:178} INFO - Processing /home/airflow/.local/lib/python3.7/site-packages/airflow/example_dags/example_branch_day_of_week_operator.py took 0.112 seconds
[2022-10-02T21:04:22.005+0000] {processor.py:156} INFO - Started process (PID=986) to work on /home/airflow/.local/lib/python3.7/site-packages/airflow/example_dags/example_branch_day_of_week_operator.py
[2022-10-02T21:04:22.007+0000] {processor.py:758} INFO - Processing file /home/airflow/.local/lib/python3.7/site-packages/airflow/example_dags/example_branch_day_of_week_operator.py for tasks to queue
[2022-10-02T21:04:22.009+0000] {logging_mixin.py:117} INFO - [2022-10-02T21:04:22.009+0000] {dagbag.py:525} INFO - Filling up the DagBag from /home/airflow/.local/lib/python3.7/site-packages/airflow/example_dags/example_branch_day_of_week_operator.py
[2022-10-02T21:04:22.022+0000] {processor.py:768} INFO - DAG(s) dict_keys(['example_weekday_branch_operator']) retrieved from /home/airflow/.local/lib/python3.7/site-packages/airflow/example_dags/example_branch_day_of_week_operator.py
[2022-10-02T21:04:22.052+0000] {logging_mixin.py:117} INFO - [2022-10-02T21:04:22.052+0000] {dag.py:2573} INFO - Sync 1 DAGs
[2022-10-02T21:04:22.071+0000] {logging_mixin.py:117} INFO - [2022-10-02T21:04:22.071+0000] {dag.py:3328} INFO - Setting next_dagrun for example_weekday_branch_operator to 2022-10-01T00:00:00+00:00, run_after=2022-10-02T00:00:00+00:00
[2022-10-02T21:04:22.084+0000] {processor.py:178} INFO - Processing /home/airflow/.local/lib/python3.7/site-packages/airflow/example_dags/example_branch_day_of_week_operator.py took 0.081 seconds
[2022-10-02T21:05:10.506+0000] {processor.py:156} INFO - Started process (PID=61) to work on /home/airflow/.local/lib/python3.7/site-packages/airflow/example_dags/example_branch_day_of_week_operator.py
[2022-10-02T21:05:10.510+0000] {processor.py:758} INFO - Processing file /home/airflow/.local/lib/python3.7/site-packages/airflow/example_dags/example_branch_day_of_week_operator.py for tasks to queue
[2022-10-02T21:05:10.511+0000] {logging_mixin.py:117} INFO - [2022-10-02T21:05:10.511+0000] {dagbag.py:525} INFO - Filling up the DagBag from /home/airflow/.local/lib/python3.7/site-packages/airflow/example_dags/example_branch_day_of_week_operator.py
[2022-10-02T21:05:10.541+0000] {processor.py:768} INFO - DAG(s) dict_keys(['example_weekday_branch_operator']) retrieved from /home/airflow/.local/lib/python3.7/site-packages/airflow/example_dags/example_branch_day_of_week_operator.py
[2022-10-02T21:05:10.583+0000] {logging_mixin.py:117} INFO - [2022-10-02T21:05:10.583+0000] {dag.py:2573} INFO - Sync 1 DAGs
[2022-10-02T21:05:10.607+0000] {logging_mixin.py:117} INFO - [2022-10-02T21:05:10.607+0000] {dag.py:3328} INFO - Setting next_dagrun for example_weekday_branch_operator to 2022-10-01T00:00:00+00:00, run_after=2022-10-02T00:00:00+00:00
[2022-10-02T21:05:10.625+0000] {processor.py:178} INFO - Processing /home/airflow/.local/lib/python3.7/site-packages/airflow/example_dags/example_branch_day_of_week_operator.py took 0.121 seconds
[2022-10-02T21:05:40.999+0000] {processor.py:156} INFO - Started process (PID=125) to work on /home/airflow/.local/lib/python3.7/site-packages/airflow/example_dags/example_branch_day_of_week_operator.py
[2022-10-02T21:05:41.000+0000] {processor.py:758} INFO - Processing file /home/airflow/.local/lib/python3.7/site-packages/airflow/example_dags/example_branch_day_of_week_operator.py for tasks to queue
[2022-10-02T21:05:41.002+0000] {logging_mixin.py:117} INFO - [2022-10-02T21:05:41.002+0000] {dagbag.py:525} INFO - Filling up the DagBag from /home/airflow/.local/lib/python3.7/site-packages/airflow/example_dags/example_branch_day_of_week_operator.py
[2022-10-02T21:05:41.014+0000] {processor.py:768} INFO - DAG(s) dict_keys(['example_weekday_branch_operator']) retrieved from /home/airflow/.local/lib/python3.7/site-packages/airflow/example_dags/example_branch_day_of_week_operator.py
[2022-10-02T21:05:41.043+0000] {logging_mixin.py:117} INFO - [2022-10-02T21:05:41.043+0000] {dag.py:2573} INFO - Sync 1 DAGs
[2022-10-02T21:05:41.058+0000] {logging_mixin.py:117} INFO - [2022-10-02T21:05:41.058+0000] {dag.py:3328} INFO - Setting next_dagrun for example_weekday_branch_operator to 2022-10-01T00:00:00+00:00, run_after=2022-10-02T00:00:00+00:00
[2022-10-02T21:05:41.070+0000] {processor.py:178} INFO - Processing /home/airflow/.local/lib/python3.7/site-packages/airflow/example_dags/example_branch_day_of_week_operator.py took 0.074 seconds
[2022-10-02T21:06:12.045+0000] {processor.py:156} INFO - Started process (PID=190) to work on /home/airflow/.local/lib/python3.7/site-packages/airflow/example_dags/example_branch_day_of_week_operator.py
[2022-10-02T21:06:12.046+0000] {processor.py:758} INFO - Processing file /home/airflow/.local/lib/python3.7/site-packages/airflow/example_dags/example_branch_day_of_week_operator.py for tasks to queue
[2022-10-02T21:06:12.047+0000] {logging_mixin.py:117} INFO - [2022-10-02T21:06:12.047+0000] {dagbag.py:525} INFO - Filling up the DagBag from /home/airflow/.local/lib/python3.7/site-packages/airflow/example_dags/example_branch_day_of_week_operator.py
[2022-10-02T21:06:12.058+0000] {processor.py:768} INFO - DAG(s) dict_keys(['example_weekday_branch_operator']) retrieved from /home/airflow/.local/lib/python3.7/site-packages/airflow/example_dags/example_branch_day_of_week_operator.py
[2022-10-02T21:06:12.086+0000] {logging_mixin.py:117} INFO - [2022-10-02T21:06:12.086+0000] {dag.py:2573} INFO - Sync 1 DAGs
[2022-10-02T21:06:12.102+0000] {logging_mixin.py:117} INFO - [2022-10-02T21:06:12.102+0000] {dag.py:3328} INFO - Setting next_dagrun for example_weekday_branch_operator to 2022-10-01T00:00:00+00:00, run_after=2022-10-02T00:00:00+00:00
[2022-10-02T21:06:12.113+0000] {processor.py:178} INFO - Processing /home/airflow/.local/lib/python3.7/site-packages/airflow/example_dags/example_branch_day_of_week_operator.py took 0.071 seconds
[2022-10-02T21:06:42.331+0000] {processor.py:156} INFO - Started process (PID=253) to work on /home/airflow/.local/lib/python3.7/site-packages/airflow/example_dags/example_branch_day_of_week_operator.py
[2022-10-02T21:06:42.332+0000] {processor.py:758} INFO - Processing file /home/airflow/.local/lib/python3.7/site-packages/airflow/example_dags/example_branch_day_of_week_operator.py for tasks to queue
[2022-10-02T21:06:42.334+0000] {logging_mixin.py:117} INFO - [2022-10-02T21:06:42.334+0000] {dagbag.py:525} INFO - Filling up the DagBag from /home/airflow/.local/lib/python3.7/site-packages/airflow/example_dags/example_branch_day_of_week_operator.py
[2022-10-02T21:06:42.348+0000] {processor.py:768} INFO - DAG(s) dict_keys(['example_weekday_branch_operator']) retrieved from /home/airflow/.local/lib/python3.7/site-packages/airflow/example_dags/example_branch_day_of_week_operator.py
[2022-10-02T21:06:42.372+0000] {logging_mixin.py:117} INFO - [2022-10-02T21:06:42.372+0000] {dag.py:2573} INFO - Sync 1 DAGs
[2022-10-02T21:06:42.388+0000] {logging_mixin.py:117} INFO - [2022-10-02T21:06:42.388+0000] {dag.py:3328} INFO - Setting next_dagrun for example_weekday_branch_operator to 2022-10-01T00:00:00+00:00, run_after=2022-10-02T00:00:00+00:00
[2022-10-02T21:06:42.401+0000] {processor.py:178} INFO - Processing /home/airflow/.local/lib/python3.7/site-packages/airflow/example_dags/example_branch_day_of_week_operator.py took 0.073 seconds
[2022-10-02T21:07:13.038+0000] {processor.py:156} INFO - Started process (PID=316) to work on /home/airflow/.local/lib/python3.7/site-packages/airflow/example_dags/example_branch_day_of_week_operator.py
[2022-10-02T21:07:13.040+0000] {processor.py:758} INFO - Processing file /home/airflow/.local/lib/python3.7/site-packages/airflow/example_dags/example_branch_day_of_week_operator.py for tasks to queue
[2022-10-02T21:07:13.041+0000] {logging_mixin.py:117} INFO - [2022-10-02T21:07:13.041+0000] {dagbag.py:525} INFO - Filling up the DagBag from /home/airflow/.local/lib/python3.7/site-packages/airflow/example_dags/example_branch_day_of_week_operator.py
[2022-10-02T21:07:13.053+0000] {processor.py:768} INFO - DAG(s) dict_keys(['example_weekday_branch_operator']) retrieved from /home/airflow/.local/lib/python3.7/site-packages/airflow/example_dags/example_branch_day_of_week_operator.py
[2022-10-02T21:07:13.088+0000] {logging_mixin.py:117} INFO - [2022-10-02T21:07:13.088+0000] {dag.py:2573} INFO - Sync 1 DAGs
[2022-10-02T21:07:13.108+0000] {logging_mixin.py:117} INFO - [2022-10-02T21:07:13.108+0000] {dag.py:3328} INFO - Setting next_dagrun for example_weekday_branch_operator to 2022-10-01T00:00:00+00:00, run_after=2022-10-02T00:00:00+00:00
[2022-10-02T21:07:13.121+0000] {processor.py:178} INFO - Processing /home/airflow/.local/lib/python3.7/site-packages/airflow/example_dags/example_branch_day_of_week_operator.py took 0.084 seconds
[2022-10-02T21:07:43.232+0000] {processor.py:156} INFO - Started process (PID=370) to work on /home/airflow/.local/lib/python3.7/site-packages/airflow/example_dags/example_branch_day_of_week_operator.py
[2022-10-02T21:07:43.233+0000] {processor.py:758} INFO - Processing file /home/airflow/.local/lib/python3.7/site-packages/airflow/example_dags/example_branch_day_of_week_operator.py for tasks to queue
[2022-10-02T21:07:43.234+0000] {logging_mixin.py:117} INFO - [2022-10-02T21:07:43.234+0000] {dagbag.py:525} INFO - Filling up the DagBag from /home/airflow/.local/lib/python3.7/site-packages/airflow/example_dags/example_branch_day_of_week_operator.py
[2022-10-02T21:07:43.244+0000] {processor.py:768} INFO - DAG(s) dict_keys(['example_weekday_branch_operator']) retrieved from /home/airflow/.local/lib/python3.7/site-packages/airflow/example_dags/example_branch_day_of_week_operator.py
[2022-10-02T21:07:43.269+0000] {logging_mixin.py:117} INFO - [2022-10-02T21:07:43.269+0000] {dag.py:2573} INFO - Sync 1 DAGs
[2022-10-02T21:07:43.282+0000] {logging_mixin.py:117} INFO - [2022-10-02T21:07:43.282+0000] {dag.py:3328} INFO - Setting next_dagrun for example_weekday_branch_operator to 2022-10-01T00:00:00+00:00, run_after=2022-10-02T00:00:00+00:00
[2022-10-02T21:07:43.293+0000] {processor.py:178} INFO - Processing /home/airflow/.local/lib/python3.7/site-packages/airflow/example_dags/example_branch_day_of_week_operator.py took 0.063 seconds
[2022-10-02T21:08:13.360+0000] {processor.py:156} INFO - Started process (PID=433) to work on /home/airflow/.local/lib/python3.7/site-packages/airflow/example_dags/example_branch_day_of_week_operator.py
[2022-10-02T21:08:13.361+0000] {processor.py:758} INFO - Processing file /home/airflow/.local/lib/python3.7/site-packages/airflow/example_dags/example_branch_day_of_week_operator.py for tasks to queue
[2022-10-02T21:08:13.364+0000] {logging_mixin.py:117} INFO - [2022-10-02T21:08:13.364+0000] {dagbag.py:525} INFO - Filling up the DagBag from /home/airflow/.local/lib/python3.7/site-packages/airflow/example_dags/example_branch_day_of_week_operator.py
[2022-10-02T21:08:13.375+0000] {processor.py:768} INFO - DAG(s) dict_keys(['example_weekday_branch_operator']) retrieved from /home/airflow/.local/lib/python3.7/site-packages/airflow/example_dags/example_branch_day_of_week_operator.py
[2022-10-02T21:08:13.399+0000] {logging_mixin.py:117} INFO - [2022-10-02T21:08:13.399+0000] {dag.py:2573} INFO - Sync 1 DAGs
[2022-10-02T21:08:13.412+0000] {logging_mixin.py:117} INFO - [2022-10-02T21:08:13.412+0000] {dag.py:3328} INFO - Setting next_dagrun for example_weekday_branch_operator to 2022-10-01T00:00:00+00:00, run_after=2022-10-02T00:00:00+00:00
[2022-10-02T21:08:13.422+0000] {processor.py:178} INFO - Processing /home/airflow/.local/lib/python3.7/site-packages/airflow/example_dags/example_branch_day_of_week_operator.py took 0.065 seconds
[2022-10-02T21:08:43.518+0000] {processor.py:156} INFO - Started process (PID=496) to work on /home/airflow/.local/lib/python3.7/site-packages/airflow/example_dags/example_branch_day_of_week_operator.py
[2022-10-02T21:08:43.520+0000] {processor.py:758} INFO - Processing file /home/airflow/.local/lib/python3.7/site-packages/airflow/example_dags/example_branch_day_of_week_operator.py for tasks to queue
[2022-10-02T21:08:43.522+0000] {logging_mixin.py:117} INFO - [2022-10-02T21:08:43.522+0000] {dagbag.py:525} INFO - Filling up the DagBag from /home/airflow/.local/lib/python3.7/site-packages/airflow/example_dags/example_branch_day_of_week_operator.py
[2022-10-02T21:08:43.533+0000] {processor.py:768} INFO - DAG(s) dict_keys(['example_weekday_branch_operator']) retrieved from /home/airflow/.local/lib/python3.7/site-packages/airflow/example_dags/example_branch_day_of_week_operator.py
[2022-10-02T21:08:43.560+0000] {logging_mixin.py:117} INFO - [2022-10-02T21:08:43.560+0000] {dag.py:2573} INFO - Sync 1 DAGs
[2022-10-02T21:08:43.577+0000] {logging_mixin.py:117} INFO - [2022-10-02T21:08:43.577+0000] {dag.py:3328} INFO - Setting next_dagrun for example_weekday_branch_operator to 2022-10-01T00:00:00+00:00, run_after=2022-10-02T00:00:00+00:00
[2022-10-02T21:08:43.589+0000] {processor.py:178} INFO - Processing /home/airflow/.local/lib/python3.7/site-packages/airflow/example_dags/example_branch_day_of_week_operator.py took 0.073 seconds
[2022-10-02T21:09:13.763+0000] {processor.py:156} INFO - Started process (PID=559) to work on /home/airflow/.local/lib/python3.7/site-packages/airflow/example_dags/example_branch_day_of_week_operator.py
[2022-10-02T21:09:13.764+0000] {processor.py:758} INFO - Processing file /home/airflow/.local/lib/python3.7/site-packages/airflow/example_dags/example_branch_day_of_week_operator.py for tasks to queue
[2022-10-02T21:09:13.765+0000] {logging_mixin.py:117} INFO - [2022-10-02T21:09:13.765+0000] {dagbag.py:525} INFO - Filling up the DagBag from /home/airflow/.local/lib/python3.7/site-packages/airflow/example_dags/example_branch_day_of_week_operator.py
[2022-10-02T21:09:13.776+0000] {processor.py:768} INFO - DAG(s) dict_keys(['example_weekday_branch_operator']) retrieved from /home/airflow/.local/lib/python3.7/site-packages/airflow/example_dags/example_branch_day_of_week_operator.py
[2022-10-02T21:09:13.798+0000] {logging_mixin.py:117} INFO - [2022-10-02T21:09:13.798+0000] {dag.py:2573} INFO - Sync 1 DAGs
[2022-10-02T21:09:13.815+0000] {logging_mixin.py:117} INFO - [2022-10-02T21:09:13.815+0000] {dag.py:3328} INFO - Setting next_dagrun for example_weekday_branch_operator to 2022-10-01T00:00:00+00:00, run_after=2022-10-02T00:00:00+00:00
[2022-10-02T21:09:13.828+0000] {processor.py:178} INFO - Processing /home/airflow/.local/lib/python3.7/site-packages/airflow/example_dags/example_branch_day_of_week_operator.py took 0.068 seconds
[2022-10-02T21:09:44.090+0000] {processor.py:156} INFO - Started process (PID=622) to work on /home/airflow/.local/lib/python3.7/site-packages/airflow/example_dags/example_branch_day_of_week_operator.py
[2022-10-02T21:09:44.092+0000] {processor.py:758} INFO - Processing file /home/airflow/.local/lib/python3.7/site-packages/airflow/example_dags/example_branch_day_of_week_operator.py for tasks to queue
[2022-10-02T21:09:44.093+0000] {logging_mixin.py:117} INFO - [2022-10-02T21:09:44.093+0000] {dagbag.py:525} INFO - Filling up the DagBag from /home/airflow/.local/lib/python3.7/site-packages/airflow/example_dags/example_branch_day_of_week_operator.py
[2022-10-02T21:09:44.107+0000] {processor.py:768} INFO - DAG(s) dict_keys(['example_weekday_branch_operator']) retrieved from /home/airflow/.local/lib/python3.7/site-packages/airflow/example_dags/example_branch_day_of_week_operator.py
[2022-10-02T21:09:44.139+0000] {logging_mixin.py:117} INFO - [2022-10-02T21:09:44.139+0000] {dag.py:2573} INFO - Sync 1 DAGs
[2022-10-02T21:09:44.155+0000] {logging_mixin.py:117} INFO - [2022-10-02T21:09:44.155+0000] {dag.py:3328} INFO - Setting next_dagrun for example_weekday_branch_operator to 2022-10-01T00:00:00+00:00, run_after=2022-10-02T00:00:00+00:00
[2022-10-02T21:09:44.167+0000] {processor.py:178} INFO - Processing /home/airflow/.local/lib/python3.7/site-packages/airflow/example_dags/example_branch_day_of_week_operator.py took 0.079 seconds
[2022-10-02T21:10:14.223+0000] {processor.py:156} INFO - Started process (PID=676) to work on /home/airflow/.local/lib/python3.7/site-packages/airflow/example_dags/example_branch_day_of_week_operator.py
[2022-10-02T21:10:14.224+0000] {processor.py:758} INFO - Processing file /home/airflow/.local/lib/python3.7/site-packages/airflow/example_dags/example_branch_day_of_week_operator.py for tasks to queue
[2022-10-02T21:10:14.226+0000] {logging_mixin.py:117} INFO - [2022-10-02T21:10:14.225+0000] {dagbag.py:525} INFO - Filling up the DagBag from /home/airflow/.local/lib/python3.7/site-packages/airflow/example_dags/example_branch_day_of_week_operator.py
[2022-10-02T21:10:14.237+0000] {processor.py:768} INFO - DAG(s) dict_keys(['example_weekday_branch_operator']) retrieved from /home/airflow/.local/lib/python3.7/site-packages/airflow/example_dags/example_branch_day_of_week_operator.py
[2022-10-02T21:10:14.263+0000] {logging_mixin.py:117} INFO - [2022-10-02T21:10:14.263+0000] {dag.py:2573} INFO - Sync 1 DAGs
[2022-10-02T21:10:14.279+0000] {logging_mixin.py:117} INFO - [2022-10-02T21:10:14.279+0000] {dag.py:3328} INFO - Setting next_dagrun for example_weekday_branch_operator to 2022-10-01T00:00:00+00:00, run_after=2022-10-02T00:00:00+00:00
[2022-10-02T21:10:14.293+0000] {processor.py:178} INFO - Processing /home/airflow/.local/lib/python3.7/site-packages/airflow/example_dags/example_branch_day_of_week_operator.py took 0.072 seconds
[2022-10-02T21:10:45.378+0000] {processor.py:156} INFO - Started process (PID=738) to work on /home/airflow/.local/lib/python3.7/site-packages/airflow/example_dags/example_branch_day_of_week_operator.py
[2022-10-02T21:10:45.379+0000] {processor.py:758} INFO - Processing file /home/airflow/.local/lib/python3.7/site-packages/airflow/example_dags/example_branch_day_of_week_operator.py for tasks to queue
[2022-10-02T21:10:45.380+0000] {logging_mixin.py:117} INFO - [2022-10-02T21:10:45.380+0000] {dagbag.py:525} INFO - Filling up the DagBag from /home/airflow/.local/lib/python3.7/site-packages/airflow/example_dags/example_branch_day_of_week_operator.py
[2022-10-02T21:10:45.389+0000] {processor.py:768} INFO - DAG(s) dict_keys(['example_weekday_branch_operator']) retrieved from /home/airflow/.local/lib/python3.7/site-packages/airflow/example_dags/example_branch_day_of_week_operator.py
[2022-10-02T21:10:45.413+0000] {logging_mixin.py:117} INFO - [2022-10-02T21:10:45.413+0000] {dag.py:2573} INFO - Sync 1 DAGs
[2022-10-02T21:10:45.429+0000] {logging_mixin.py:117} INFO - [2022-10-02T21:10:45.429+0000] {dag.py:3328} INFO - Setting next_dagrun for example_weekday_branch_operator to 2022-10-01T00:00:00+00:00, run_after=2022-10-02T00:00:00+00:00
[2022-10-02T21:10:45.443+0000] {processor.py:178} INFO - Processing /home/airflow/.local/lib/python3.7/site-packages/airflow/example_dags/example_branch_day_of_week_operator.py took 0.068 seconds
[2022-10-02T21:11:15.681+0000] {processor.py:156} INFO - Started process (PID=801) to work on /home/airflow/.local/lib/python3.7/site-packages/airflow/example_dags/example_branch_day_of_week_operator.py
[2022-10-02T21:11:15.684+0000] {processor.py:758} INFO - Processing file /home/airflow/.local/lib/python3.7/site-packages/airflow/example_dags/example_branch_day_of_week_operator.py for tasks to queue
[2022-10-02T21:11:15.689+0000] {logging_mixin.py:117} INFO - [2022-10-02T21:11:15.689+0000] {dagbag.py:525} INFO - Filling up the DagBag from /home/airflow/.local/lib/python3.7/site-packages/airflow/example_dags/example_branch_day_of_week_operator.py
[2022-10-02T21:11:15.709+0000] {processor.py:768} INFO - DAG(s) dict_keys(['example_weekday_branch_operator']) retrieved from /home/airflow/.local/lib/python3.7/site-packages/airflow/example_dags/example_branch_day_of_week_operator.py
[2022-10-02T21:11:15.735+0000] {logging_mixin.py:117} INFO - [2022-10-02T21:11:15.735+0000] {dag.py:2573} INFO - Sync 1 DAGs
[2022-10-02T21:11:15.752+0000] {logging_mixin.py:117} INFO - [2022-10-02T21:11:15.752+0000] {dag.py:3328} INFO - Setting next_dagrun for example_weekday_branch_operator to 2022-10-01T00:00:00+00:00, run_after=2022-10-02T00:00:00+00:00
[2022-10-02T21:11:15.768+0000] {processor.py:178} INFO - Processing /home/airflow/.local/lib/python3.7/site-packages/airflow/example_dags/example_branch_day_of_week_operator.py took 0.090 seconds
[2022-10-02T21:11:46.426+0000] {processor.py:156} INFO - Started process (PID=863) to work on /home/airflow/.local/lib/python3.7/site-packages/airflow/example_dags/example_branch_day_of_week_operator.py
[2022-10-02T21:11:46.427+0000] {processor.py:758} INFO - Processing file /home/airflow/.local/lib/python3.7/site-packages/airflow/example_dags/example_branch_day_of_week_operator.py for tasks to queue
[2022-10-02T21:11:46.429+0000] {logging_mixin.py:117} INFO - [2022-10-02T21:11:46.428+0000] {dagbag.py:525} INFO - Filling up the DagBag from /home/airflow/.local/lib/python3.7/site-packages/airflow/example_dags/example_branch_day_of_week_operator.py
[2022-10-02T21:11:46.446+0000] {processor.py:768} INFO - DAG(s) dict_keys(['example_weekday_branch_operator']) retrieved from /home/airflow/.local/lib/python3.7/site-packages/airflow/example_dags/example_branch_day_of_week_operator.py
[2022-10-02T21:11:46.472+0000] {logging_mixin.py:117} INFO - [2022-10-02T21:11:46.472+0000] {dag.py:2573} INFO - Sync 1 DAGs
[2022-10-02T21:11:46.489+0000] {logging_mixin.py:117} INFO - [2022-10-02T21:11:46.488+0000] {dag.py:3328} INFO - Setting next_dagrun for example_weekday_branch_operator to 2022-10-01T00:00:00+00:00, run_after=2022-10-02T00:00:00+00:00
[2022-10-02T21:11:46.500+0000] {processor.py:178} INFO - Processing /home/airflow/.local/lib/python3.7/site-packages/airflow/example_dags/example_branch_day_of_week_operator.py took 0.077 seconds
[2022-10-02T21:12:16.679+0000] {processor.py:156} INFO - Started process (PID=927) to work on /home/airflow/.local/lib/python3.7/site-packages/airflow/example_dags/example_branch_day_of_week_operator.py
[2022-10-02T21:12:16.681+0000] {processor.py:758} INFO - Processing file /home/airflow/.local/lib/python3.7/site-packages/airflow/example_dags/example_branch_day_of_week_operator.py for tasks to queue
[2022-10-02T21:12:16.682+0000] {logging_mixin.py:117} INFO - [2022-10-02T21:12:16.682+0000] {dagbag.py:525} INFO - Filling up the DagBag from /home/airflow/.local/lib/python3.7/site-packages/airflow/example_dags/example_branch_day_of_week_operator.py
[2022-10-02T21:12:16.692+0000] {processor.py:768} INFO - DAG(s) dict_keys(['example_weekday_branch_operator']) retrieved from /home/airflow/.local/lib/python3.7/site-packages/airflow/example_dags/example_branch_day_of_week_operator.py
[2022-10-02T21:12:16.721+0000] {logging_mixin.py:117} INFO - [2022-10-02T21:12:16.721+0000] {dag.py:2573} INFO - Sync 1 DAGs
[2022-10-02T21:12:16.742+0000] {logging_mixin.py:117} INFO - [2022-10-02T21:12:16.742+0000] {dag.py:3328} INFO - Setting next_dagrun for example_weekday_branch_operator to 2022-10-01T00:00:00+00:00, run_after=2022-10-02T00:00:00+00:00
[2022-10-02T21:12:16.753+0000] {processor.py:178} INFO - Processing /home/airflow/.local/lib/python3.7/site-packages/airflow/example_dags/example_branch_day_of_week_operator.py took 0.076 seconds
[2022-10-02T21:12:47.029+0000] {processor.py:156} INFO - Started process (PID=990) to work on /home/airflow/.local/lib/python3.7/site-packages/airflow/example_dags/example_branch_day_of_week_operator.py
[2022-10-02T21:12:47.030+0000] {processor.py:758} INFO - Processing file /home/airflow/.local/lib/python3.7/site-packages/airflow/example_dags/example_branch_day_of_week_operator.py for tasks to queue
[2022-10-02T21:12:47.031+0000] {logging_mixin.py:117} INFO - [2022-10-02T21:12:47.031+0000] {dagbag.py:525} INFO - Filling up the DagBag from /home/airflow/.local/lib/python3.7/site-packages/airflow/example_dags/example_branch_day_of_week_operator.py
[2022-10-02T21:12:47.043+0000] {processor.py:768} INFO - DAG(s) dict_keys(['example_weekday_branch_operator']) retrieved from /home/airflow/.local/lib/python3.7/site-packages/airflow/example_dags/example_branch_day_of_week_operator.py
[2022-10-02T21:12:47.070+0000] {logging_mixin.py:117} INFO - [2022-10-02T21:12:47.069+0000] {dag.py:2573} INFO - Sync 1 DAGs
[2022-10-02T21:12:47.088+0000] {logging_mixin.py:117} INFO - [2022-10-02T21:12:47.088+0000] {dag.py:3328} INFO - Setting next_dagrun for example_weekday_branch_operator to 2022-10-01T00:00:00+00:00, run_after=2022-10-02T00:00:00+00:00
[2022-10-02T21:12:47.100+0000] {processor.py:178} INFO - Processing /home/airflow/.local/lib/python3.7/site-packages/airflow/example_dags/example_branch_day_of_week_operator.py took 0.073 seconds
[2022-10-02T21:13:17.245+0000] {processor.py:156} INFO - Started process (PID=1043) to work on /home/airflow/.local/lib/python3.7/site-packages/airflow/example_dags/example_branch_day_of_week_operator.py
[2022-10-02T21:13:17.246+0000] {processor.py:758} INFO - Processing file /home/airflow/.local/lib/python3.7/site-packages/airflow/example_dags/example_branch_day_of_week_operator.py for tasks to queue
[2022-10-02T21:13:17.247+0000] {logging_mixin.py:117} INFO - [2022-10-02T21:13:17.247+0000] {dagbag.py:525} INFO - Filling up the DagBag from /home/airflow/.local/lib/python3.7/site-packages/airflow/example_dags/example_branch_day_of_week_operator.py
[2022-10-02T21:13:17.257+0000] {processor.py:768} INFO - DAG(s) dict_keys(['example_weekday_branch_operator']) retrieved from /home/airflow/.local/lib/python3.7/site-packages/airflow/example_dags/example_branch_day_of_week_operator.py
[2022-10-02T21:13:17.281+0000] {logging_mixin.py:117} INFO - [2022-10-02T21:13:17.281+0000] {dag.py:2573} INFO - Sync 1 DAGs
[2022-10-02T21:13:17.295+0000] {logging_mixin.py:117} INFO - [2022-10-02T21:13:17.295+0000] {dag.py:3328} INFO - Setting next_dagrun for example_weekday_branch_operator to 2022-10-01T00:00:00+00:00, run_after=2022-10-02T00:00:00+00:00
[2022-10-02T21:13:17.305+0000] {processor.py:178} INFO - Processing /home/airflow/.local/lib/python3.7/site-packages/airflow/example_dags/example_branch_day_of_week_operator.py took 0.063 seconds
[2022-10-02T21:15:02.300+0000] {processor.py:156} INFO - Started process (PID=70) to work on /home/airflow/.local/lib/python3.7/site-packages/airflow/example_dags/example_branch_day_of_week_operator.py
[2022-10-02T21:15:02.306+0000] {processor.py:758} INFO - Processing file /home/airflow/.local/lib/python3.7/site-packages/airflow/example_dags/example_branch_day_of_week_operator.py for tasks to queue
[2022-10-02T21:15:02.325+0000] {logging_mixin.py:117} INFO - [2022-10-02T21:15:02.323+0000] {dagbag.py:525} INFO - Filling up the DagBag from /home/airflow/.local/lib/python3.7/site-packages/airflow/example_dags/example_branch_day_of_week_operator.py
[2022-10-02T21:15:02.455+0000] {processor.py:768} INFO - DAG(s) dict_keys(['example_weekday_branch_operator']) retrieved from /home/airflow/.local/lib/python3.7/site-packages/airflow/example_dags/example_branch_day_of_week_operator.py
[2022-10-02T21:15:02.506+0000] {logging_mixin.py:117} INFO - [2022-10-02T21:15:02.506+0000] {dag.py:2573} INFO - Sync 1 DAGs
[2022-10-02T21:15:02.571+0000] {logging_mixin.py:117} INFO - [2022-10-02T21:15:02.571+0000] {dag.py:3328} INFO - Setting next_dagrun for example_weekday_branch_operator to 2022-10-01T00:00:00+00:00, run_after=2022-10-02T00:00:00+00:00
[2022-10-02T21:15:02.607+0000] {processor.py:178} INFO - Processing /home/airflow/.local/lib/python3.7/site-packages/airflow/example_dags/example_branch_day_of_week_operator.py took 0.315 seconds
[2022-10-02T21:15:32.961+0000] {processor.py:156} INFO - Started process (PID=133) to work on /home/airflow/.local/lib/python3.7/site-packages/airflow/example_dags/example_branch_day_of_week_operator.py
[2022-10-02T21:15:32.962+0000] {processor.py:758} INFO - Processing file /home/airflow/.local/lib/python3.7/site-packages/airflow/example_dags/example_branch_day_of_week_operator.py for tasks to queue
[2022-10-02T21:15:32.964+0000] {logging_mixin.py:117} INFO - [2022-10-02T21:15:32.964+0000] {dagbag.py:525} INFO - Filling up the DagBag from /home/airflow/.local/lib/python3.7/site-packages/airflow/example_dags/example_branch_day_of_week_operator.py
[2022-10-02T21:15:32.979+0000] {processor.py:768} INFO - DAG(s) dict_keys(['example_weekday_branch_operator']) retrieved from /home/airflow/.local/lib/python3.7/site-packages/airflow/example_dags/example_branch_day_of_week_operator.py
[2022-10-02T21:15:33.018+0000] {logging_mixin.py:117} INFO - [2022-10-02T21:15:33.018+0000] {dag.py:2573} INFO - Sync 1 DAGs
[2022-10-02T21:15:33.037+0000] {logging_mixin.py:117} INFO - [2022-10-02T21:15:33.037+0000] {dag.py:3328} INFO - Setting next_dagrun for example_weekday_branch_operator to 2022-10-01T00:00:00+00:00, run_after=2022-10-02T00:00:00+00:00
[2022-10-02T21:15:33.058+0000] {processor.py:178} INFO - Processing /home/airflow/.local/lib/python3.7/site-packages/airflow/example_dags/example_branch_day_of_week_operator.py took 0.101 seconds
[2022-10-02T21:16:03.570+0000] {processor.py:156} INFO - Started process (PID=188) to work on /home/airflow/.local/lib/python3.7/site-packages/airflow/example_dags/example_branch_day_of_week_operator.py
[2022-10-02T21:16:03.572+0000] {processor.py:758} INFO - Processing file /home/airflow/.local/lib/python3.7/site-packages/airflow/example_dags/example_branch_day_of_week_operator.py for tasks to queue
[2022-10-02T21:16:03.574+0000] {logging_mixin.py:117} INFO - [2022-10-02T21:16:03.574+0000] {dagbag.py:525} INFO - Filling up the DagBag from /home/airflow/.local/lib/python3.7/site-packages/airflow/example_dags/example_branch_day_of_week_operator.py
[2022-10-02T21:16:03.678+0000] {processor.py:768} INFO - DAG(s) dict_keys(['example_weekday_branch_operator']) retrieved from /home/airflow/.local/lib/python3.7/site-packages/airflow/example_dags/example_branch_day_of_week_operator.py
[2022-10-02T21:16:03.767+0000] {logging_mixin.py:117} INFO - [2022-10-02T21:16:03.767+0000] {dag.py:2573} INFO - Sync 1 DAGs
[2022-10-02T21:16:03.800+0000] {logging_mixin.py:117} INFO - [2022-10-02T21:16:03.800+0000] {dag.py:3328} INFO - Setting next_dagrun for example_weekday_branch_operator to 2022-10-01T00:00:00+00:00, run_after=2022-10-02T00:00:00+00:00
[2022-10-02T21:16:03.845+0000] {processor.py:178} INFO - Processing /home/airflow/.local/lib/python3.7/site-packages/airflow/example_dags/example_branch_day_of_week_operator.py took 0.286 seconds
[2022-10-02T21:16:34.809+0000] {processor.py:156} INFO - Started process (PID=250) to work on /home/airflow/.local/lib/python3.7/site-packages/airflow/example_dags/example_branch_day_of_week_operator.py
[2022-10-02T21:16:34.811+0000] {processor.py:758} INFO - Processing file /home/airflow/.local/lib/python3.7/site-packages/airflow/example_dags/example_branch_day_of_week_operator.py for tasks to queue
[2022-10-02T21:16:34.812+0000] {logging_mixin.py:117} INFO - [2022-10-02T21:16:34.812+0000] {dagbag.py:525} INFO - Filling up the DagBag from /home/airflow/.local/lib/python3.7/site-packages/airflow/example_dags/example_branch_day_of_week_operator.py
[2022-10-02T21:16:34.831+0000] {processor.py:768} INFO - DAG(s) dict_keys(['example_weekday_branch_operator']) retrieved from /home/airflow/.local/lib/python3.7/site-packages/airflow/example_dags/example_branch_day_of_week_operator.py
[2022-10-02T21:16:34.881+0000] {logging_mixin.py:117} INFO - [2022-10-02T21:16:34.881+0000] {dag.py:2573} INFO - Sync 1 DAGs
[2022-10-02T21:16:34.902+0000] {logging_mixin.py:117} INFO - [2022-10-02T21:16:34.901+0000] {dag.py:3328} INFO - Setting next_dagrun for example_weekday_branch_operator to 2022-10-01T00:00:00+00:00, run_after=2022-10-02T00:00:00+00:00
[2022-10-02T21:16:34.920+0000] {processor.py:178} INFO - Processing /home/airflow/.local/lib/python3.7/site-packages/airflow/example_dags/example_branch_day_of_week_operator.py took 0.115 seconds
[2022-10-02T21:17:04.972+0000] {processor.py:156} INFO - Started process (PID=312) to work on /home/airflow/.local/lib/python3.7/site-packages/airflow/example_dags/example_branch_day_of_week_operator.py
[2022-10-02T21:17:04.974+0000] {processor.py:758} INFO - Processing file /home/airflow/.local/lib/python3.7/site-packages/airflow/example_dags/example_branch_day_of_week_operator.py for tasks to queue
[2022-10-02T21:17:04.976+0000] {logging_mixin.py:117} INFO - [2022-10-02T21:17:04.976+0000] {dagbag.py:525} INFO - Filling up the DagBag from /home/airflow/.local/lib/python3.7/site-packages/airflow/example_dags/example_branch_day_of_week_operator.py
[2022-10-02T21:17:04.994+0000] {processor.py:768} INFO - DAG(s) dict_keys(['example_weekday_branch_operator']) retrieved from /home/airflow/.local/lib/python3.7/site-packages/airflow/example_dags/example_branch_day_of_week_operator.py
[2022-10-02T21:17:05.070+0000] {logging_mixin.py:117} INFO - [2022-10-02T21:17:05.070+0000] {dag.py:2573} INFO - Sync 1 DAGs
[2022-10-02T21:17:05.097+0000] {logging_mixin.py:117} INFO - [2022-10-02T21:17:05.097+0000] {dag.py:3328} INFO - Setting next_dagrun for example_weekday_branch_operator to 2022-10-01T00:00:00+00:00, run_after=2022-10-02T00:00:00+00:00
[2022-10-02T21:17:05.119+0000] {processor.py:178} INFO - Processing /home/airflow/.local/lib/python3.7/site-packages/airflow/example_dags/example_branch_day_of_week_operator.py took 0.149 seconds
[2022-10-02T21:17:35.839+0000] {processor.py:156} INFO - Started process (PID=375) to work on /home/airflow/.local/lib/python3.7/site-packages/airflow/example_dags/example_branch_day_of_week_operator.py
[2022-10-02T21:17:35.841+0000] {processor.py:758} INFO - Processing file /home/airflow/.local/lib/python3.7/site-packages/airflow/example_dags/example_branch_day_of_week_operator.py for tasks to queue
[2022-10-02T21:17:35.842+0000] {logging_mixin.py:117} INFO - [2022-10-02T21:17:35.842+0000] {dagbag.py:525} INFO - Filling up the DagBag from /home/airflow/.local/lib/python3.7/site-packages/airflow/example_dags/example_branch_day_of_week_operator.py
[2022-10-02T21:17:35.854+0000] {processor.py:768} INFO - DAG(s) dict_keys(['example_weekday_branch_operator']) retrieved from /home/airflow/.local/lib/python3.7/site-packages/airflow/example_dags/example_branch_day_of_week_operator.py
[2022-10-02T21:17:35.882+0000] {logging_mixin.py:117} INFO - [2022-10-02T21:17:35.881+0000] {dag.py:2573} INFO - Sync 1 DAGs
[2022-10-02T21:17:35.897+0000] {logging_mixin.py:117} INFO - [2022-10-02T21:17:35.897+0000] {dag.py:3328} INFO - Setting next_dagrun for example_weekday_branch_operator to 2022-10-01T00:00:00+00:00, run_after=2022-10-02T00:00:00+00:00
[2022-10-02T21:17:35.911+0000] {processor.py:178} INFO - Processing /home/airflow/.local/lib/python3.7/site-packages/airflow/example_dags/example_branch_day_of_week_operator.py took 0.074 seconds
[2022-10-02T21:18:06.026+0000] {processor.py:156} INFO - Started process (PID=440) to work on /home/airflow/.local/lib/python3.7/site-packages/airflow/example_dags/example_branch_day_of_week_operator.py
[2022-10-02T21:18:06.028+0000] {processor.py:758} INFO - Processing file /home/airflow/.local/lib/python3.7/site-packages/airflow/example_dags/example_branch_day_of_week_operator.py for tasks to queue
[2022-10-02T21:18:06.030+0000] {logging_mixin.py:117} INFO - [2022-10-02T21:18:06.029+0000] {dagbag.py:525} INFO - Filling up the DagBag from /home/airflow/.local/lib/python3.7/site-packages/airflow/example_dags/example_branch_day_of_week_operator.py
[2022-10-02T21:18:06.045+0000] {processor.py:768} INFO - DAG(s) dict_keys(['example_weekday_branch_operator']) retrieved from /home/airflow/.local/lib/python3.7/site-packages/airflow/example_dags/example_branch_day_of_week_operator.py
[2022-10-02T21:18:06.090+0000] {logging_mixin.py:117} INFO - [2022-10-02T21:18:06.090+0000] {dag.py:2573} INFO - Sync 1 DAGs
[2022-10-02T21:18:06.113+0000] {logging_mixin.py:117} INFO - [2022-10-02T21:18:06.113+0000] {dag.py:3328} INFO - Setting next_dagrun for example_weekday_branch_operator to 2022-10-01T00:00:00+00:00, run_after=2022-10-02T00:00:00+00:00
[2022-10-02T21:18:06.136+0000] {processor.py:178} INFO - Processing /home/airflow/.local/lib/python3.7/site-packages/airflow/example_dags/example_branch_day_of_week_operator.py took 0.112 seconds
[2022-10-02T21:18:36.565+0000] {processor.py:156} INFO - Started process (PID=495) to work on /home/airflow/.local/lib/python3.7/site-packages/airflow/example_dags/example_branch_day_of_week_operator.py
[2022-10-02T21:18:36.567+0000] {processor.py:758} INFO - Processing file /home/airflow/.local/lib/python3.7/site-packages/airflow/example_dags/example_branch_day_of_week_operator.py for tasks to queue
[2022-10-02T21:18:36.569+0000] {logging_mixin.py:117} INFO - [2022-10-02T21:18:36.569+0000] {dagbag.py:525} INFO - Filling up the DagBag from /home/airflow/.local/lib/python3.7/site-packages/airflow/example_dags/example_branch_day_of_week_operator.py
[2022-10-02T21:18:36.581+0000] {processor.py:768} INFO - DAG(s) dict_keys(['example_weekday_branch_operator']) retrieved from /home/airflow/.local/lib/python3.7/site-packages/airflow/example_dags/example_branch_day_of_week_operator.py
[2022-10-02T21:18:36.606+0000] {logging_mixin.py:117} INFO - [2022-10-02T21:18:36.606+0000] {dag.py:2573} INFO - Sync 1 DAGs
[2022-10-02T21:18:36.623+0000] {logging_mixin.py:117} INFO - [2022-10-02T21:18:36.623+0000] {dag.py:3328} INFO - Setting next_dagrun for example_weekday_branch_operator to 2022-10-01T00:00:00+00:00, run_after=2022-10-02T00:00:00+00:00
[2022-10-02T21:18:36.636+0000] {processor.py:178} INFO - Processing /home/airflow/.local/lib/python3.7/site-packages/airflow/example_dags/example_branch_day_of_week_operator.py took 0.073 seconds
[2022-10-02T21:19:07.099+0000] {processor.py:156} INFO - Started process (PID=558) to work on /home/airflow/.local/lib/python3.7/site-packages/airflow/example_dags/example_branch_day_of_week_operator.py
[2022-10-02T21:19:07.101+0000] {processor.py:758} INFO - Processing file /home/airflow/.local/lib/python3.7/site-packages/airflow/example_dags/example_branch_day_of_week_operator.py for tasks to queue
[2022-10-02T21:19:07.102+0000] {logging_mixin.py:117} INFO - [2022-10-02T21:19:07.102+0000] {dagbag.py:525} INFO - Filling up the DagBag from /home/airflow/.local/lib/python3.7/site-packages/airflow/example_dags/example_branch_day_of_week_operator.py
[2022-10-02T21:19:07.113+0000] {processor.py:768} INFO - DAG(s) dict_keys(['example_weekday_branch_operator']) retrieved from /home/airflow/.local/lib/python3.7/site-packages/airflow/example_dags/example_branch_day_of_week_operator.py
[2022-10-02T21:19:07.169+0000] {logging_mixin.py:117} INFO - [2022-10-02T21:19:07.169+0000] {dag.py:2573} INFO - Sync 1 DAGs
[2022-10-02T21:19:07.188+0000] {logging_mixin.py:117} INFO - [2022-10-02T21:19:07.188+0000] {dag.py:3328} INFO - Setting next_dagrun for example_weekday_branch_operator to 2022-10-01T00:00:00+00:00, run_after=2022-10-02T00:00:00+00:00
[2022-10-02T21:19:07.206+0000] {processor.py:178} INFO - Processing /home/airflow/.local/lib/python3.7/site-packages/airflow/example_dags/example_branch_day_of_week_operator.py took 0.110 seconds
[2022-10-02T21:19:37.412+0000] {processor.py:156} INFO - Started process (PID=621) to work on /home/airflow/.local/lib/python3.7/site-packages/airflow/example_dags/example_branch_day_of_week_operator.py
[2022-10-02T21:19:37.414+0000] {processor.py:758} INFO - Processing file /home/airflow/.local/lib/python3.7/site-packages/airflow/example_dags/example_branch_day_of_week_operator.py for tasks to queue
[2022-10-02T21:19:37.416+0000] {logging_mixin.py:117} INFO - [2022-10-02T21:19:37.416+0000] {dagbag.py:525} INFO - Filling up the DagBag from /home/airflow/.local/lib/python3.7/site-packages/airflow/example_dags/example_branch_day_of_week_operator.py
[2022-10-02T21:19:37.427+0000] {processor.py:768} INFO - DAG(s) dict_keys(['example_weekday_branch_operator']) retrieved from /home/airflow/.local/lib/python3.7/site-packages/airflow/example_dags/example_branch_day_of_week_operator.py
[2022-10-02T21:19:37.458+0000] {logging_mixin.py:117} INFO - [2022-10-02T21:19:37.458+0000] {dag.py:2573} INFO - Sync 1 DAGs
[2022-10-02T21:19:37.474+0000] {logging_mixin.py:117} INFO - [2022-10-02T21:19:37.474+0000] {dag.py:3328} INFO - Setting next_dagrun for example_weekday_branch_operator to 2022-10-01T00:00:00+00:00, run_after=2022-10-02T00:00:00+00:00
[2022-10-02T21:19:37.487+0000] {processor.py:178} INFO - Processing /home/airflow/.local/lib/python3.7/site-packages/airflow/example_dags/example_branch_day_of_week_operator.py took 0.078 seconds
