[2022-10-02T20:50:10.870+0000] {processor.py:156} INFO - Started process (PID=36) to work on /home/airflow/.local/lib/python3.7/site-packages/airflow/example_dags/example_kubernetes_executor.py
[2022-10-02T20:50:10.872+0000] {processor.py:758} INFO - Processing file /home/airflow/.local/lib/python3.7/site-packages/airflow/example_dags/example_kubernetes_executor.py for tasks to queue
[2022-10-02T20:50:10.873+0000] {logging_mixin.py:117} INFO - [2022-10-02T20:50:10.873+0000] {dagbag.py:525} INFO - Filling up the DagBag from /home/airflow/.local/lib/python3.7/site-packages/airflow/example_dags/example_kubernetes_executor.py
[2022-10-02T20:50:10.905+0000] {processor.py:768} INFO - DAG(s) dict_keys(['example_kubernetes_executor']) retrieved from /home/airflow/.local/lib/python3.7/site-packages/airflow/example_dags/example_kubernetes_executor.py
[2022-10-02T20:50:10.927+0000] {logging_mixin.py:117} INFO - [2022-10-02T20:50:10.927+0000] {dag.py:2573} INFO - Sync 1 DAGs
[2022-10-02T20:50:10.947+0000] {logging_mixin.py:117} INFO - [2022-10-02T20:50:10.947+0000] {dag.py:3328} INFO - Setting next_dagrun for example_kubernetes_executor to None, run_after=None
[2022-10-02T20:50:10.965+0000] {processor.py:178} INFO - Processing /home/airflow/.local/lib/python3.7/site-packages/airflow/example_dags/example_kubernetes_executor.py took 0.099 seconds
[2022-10-02T20:50:41.086+0000] {processor.py:156} INFO - Started process (PID=98) to work on /home/airflow/.local/lib/python3.7/site-packages/airflow/example_dags/example_kubernetes_executor.py
[2022-10-02T20:50:41.090+0000] {processor.py:758} INFO - Processing file /home/airflow/.local/lib/python3.7/site-packages/airflow/example_dags/example_kubernetes_executor.py for tasks to queue
[2022-10-02T20:50:41.093+0000] {logging_mixin.py:117} INFO - [2022-10-02T20:50:41.092+0000] {dagbag.py:525} INFO - Filling up the DagBag from /home/airflow/.local/lib/python3.7/site-packages/airflow/example_dags/example_kubernetes_executor.py
[2022-10-02T20:50:41.121+0000] {processor.py:768} INFO - DAG(s) dict_keys(['example_kubernetes_executor']) retrieved from /home/airflow/.local/lib/python3.7/site-packages/airflow/example_dags/example_kubernetes_executor.py
[2022-10-02T20:50:41.194+0000] {logging_mixin.py:117} INFO - [2022-10-02T20:50:41.193+0000] {dag.py:2573} INFO - Sync 1 DAGs
[2022-10-02T20:50:41.229+0000] {logging_mixin.py:117} INFO - [2022-10-02T20:50:41.229+0000] {dag.py:3328} INFO - Setting next_dagrun for example_kubernetes_executor to None, run_after=None
[2022-10-02T20:50:41.273+0000] {processor.py:178} INFO - Processing /home/airflow/.local/lib/python3.7/site-packages/airflow/example_dags/example_kubernetes_executor.py took 0.190 seconds
[2022-10-02T20:51:12.169+0000] {processor.py:156} INFO - Started process (PID=163) to work on /home/airflow/.local/lib/python3.7/site-packages/airflow/example_dags/example_kubernetes_executor.py
[2022-10-02T20:51:12.170+0000] {processor.py:758} INFO - Processing file /home/airflow/.local/lib/python3.7/site-packages/airflow/example_dags/example_kubernetes_executor.py for tasks to queue
[2022-10-02T20:51:12.172+0000] {logging_mixin.py:117} INFO - [2022-10-02T20:51:12.172+0000] {dagbag.py:525} INFO - Filling up the DagBag from /home/airflow/.local/lib/python3.7/site-packages/airflow/example_dags/example_kubernetes_executor.py
[2022-10-02T20:51:12.200+0000] {processor.py:768} INFO - DAG(s) dict_keys(['example_kubernetes_executor']) retrieved from /home/airflow/.local/lib/python3.7/site-packages/airflow/example_dags/example_kubernetes_executor.py
[2022-10-02T20:51:12.240+0000] {logging_mixin.py:117} INFO - [2022-10-02T20:51:12.240+0000] {dag.py:2573} INFO - Sync 1 DAGs
[2022-10-02T20:51:12.263+0000] {logging_mixin.py:117} INFO - [2022-10-02T20:51:12.263+0000] {dag.py:3328} INFO - Setting next_dagrun for example_kubernetes_executor to None, run_after=None
[2022-10-02T20:51:12.286+0000] {processor.py:178} INFO - Processing /home/airflow/.local/lib/python3.7/site-packages/airflow/example_dags/example_kubernetes_executor.py took 0.120 seconds
[2022-10-02T20:51:43.120+0000] {processor.py:156} INFO - Started process (PID=217) to work on /home/airflow/.local/lib/python3.7/site-packages/airflow/example_dags/example_kubernetes_executor.py
[2022-10-02T20:51:43.123+0000] {processor.py:758} INFO - Processing file /home/airflow/.local/lib/python3.7/site-packages/airflow/example_dags/example_kubernetes_executor.py for tasks to queue
[2022-10-02T20:51:43.125+0000] {logging_mixin.py:117} INFO - [2022-10-02T20:51:43.124+0000] {dagbag.py:525} INFO - Filling up the DagBag from /home/airflow/.local/lib/python3.7/site-packages/airflow/example_dags/example_kubernetes_executor.py
[2022-10-02T20:51:43.144+0000] {processor.py:768} INFO - DAG(s) dict_keys(['example_kubernetes_executor']) retrieved from /home/airflow/.local/lib/python3.7/site-packages/airflow/example_dags/example_kubernetes_executor.py
[2022-10-02T20:51:43.169+0000] {logging_mixin.py:117} INFO - [2022-10-02T20:51:43.169+0000] {dag.py:2573} INFO - Sync 1 DAGs
[2022-10-02T20:51:43.184+0000] {logging_mixin.py:117} INFO - [2022-10-02T20:51:43.184+0000] {dag.py:3328} INFO - Setting next_dagrun for example_kubernetes_executor to None, run_after=None
[2022-10-02T20:51:43.197+0000] {processor.py:178} INFO - Processing /home/airflow/.local/lib/python3.7/site-packages/airflow/example_dags/example_kubernetes_executor.py took 0.078 seconds
[2022-10-02T20:52:13.539+0000] {processor.py:156} INFO - Started process (PID=279) to work on /home/airflow/.local/lib/python3.7/site-packages/airflow/example_dags/example_kubernetes_executor.py
[2022-10-02T20:52:13.544+0000] {processor.py:758} INFO - Processing file /home/airflow/.local/lib/python3.7/site-packages/airflow/example_dags/example_kubernetes_executor.py for tasks to queue
[2022-10-02T20:52:13.545+0000] {logging_mixin.py:117} INFO - [2022-10-02T20:52:13.545+0000] {dagbag.py:525} INFO - Filling up the DagBag from /home/airflow/.local/lib/python3.7/site-packages/airflow/example_dags/example_kubernetes_executor.py
[2022-10-02T20:52:13.567+0000] {processor.py:768} INFO - DAG(s) dict_keys(['example_kubernetes_executor']) retrieved from /home/airflow/.local/lib/python3.7/site-packages/airflow/example_dags/example_kubernetes_executor.py
[2022-10-02T20:52:13.595+0000] {logging_mixin.py:117} INFO - [2022-10-02T20:52:13.595+0000] {dag.py:2573} INFO - Sync 1 DAGs
[2022-10-02T20:52:13.610+0000] {logging_mixin.py:117} INFO - [2022-10-02T20:52:13.609+0000] {dag.py:3328} INFO - Setting next_dagrun for example_kubernetes_executor to None, run_after=None
[2022-10-02T20:52:13.622+0000] {processor.py:178} INFO - Processing /home/airflow/.local/lib/python3.7/site-packages/airflow/example_dags/example_kubernetes_executor.py took 0.086 seconds
[2022-10-02T20:52:44.087+0000] {processor.py:156} INFO - Started process (PID=341) to work on /home/airflow/.local/lib/python3.7/site-packages/airflow/example_dags/example_kubernetes_executor.py
[2022-10-02T20:52:44.088+0000] {processor.py:758} INFO - Processing file /home/airflow/.local/lib/python3.7/site-packages/airflow/example_dags/example_kubernetes_executor.py for tasks to queue
[2022-10-02T20:52:44.093+0000] {logging_mixin.py:117} INFO - [2022-10-02T20:52:44.093+0000] {dagbag.py:525} INFO - Filling up the DagBag from /home/airflow/.local/lib/python3.7/site-packages/airflow/example_dags/example_kubernetes_executor.py
[2022-10-02T20:52:44.112+0000] {processor.py:768} INFO - DAG(s) dict_keys(['example_kubernetes_executor']) retrieved from /home/airflow/.local/lib/python3.7/site-packages/airflow/example_dags/example_kubernetes_executor.py
[2022-10-02T20:52:44.142+0000] {logging_mixin.py:117} INFO - [2022-10-02T20:52:44.142+0000] {dag.py:2573} INFO - Sync 1 DAGs
[2022-10-02T20:52:44.157+0000] {logging_mixin.py:117} INFO - [2022-10-02T20:52:44.157+0000] {dag.py:3328} INFO - Setting next_dagrun for example_kubernetes_executor to None, run_after=None
[2022-10-02T20:52:44.170+0000] {processor.py:178} INFO - Processing /home/airflow/.local/lib/python3.7/site-packages/airflow/example_dags/example_kubernetes_executor.py took 0.085 seconds
[2022-10-02T20:54:18.223+0000] {processor.py:156} INFO - Started process (PID=35) to work on /home/airflow/.local/lib/python3.7/site-packages/airflow/example_dags/example_kubernetes_executor.py
[2022-10-02T20:54:18.231+0000] {processor.py:758} INFO - Processing file /home/airflow/.local/lib/python3.7/site-packages/airflow/example_dags/example_kubernetes_executor.py for tasks to queue
[2022-10-02T20:54:18.233+0000] {logging_mixin.py:117} INFO - [2022-10-02T20:54:18.233+0000] {dagbag.py:525} INFO - Filling up the DagBag from /home/airflow/.local/lib/python3.7/site-packages/airflow/example_dags/example_kubernetes_executor.py
[2022-10-02T20:54:18.273+0000] {processor.py:768} INFO - DAG(s) dict_keys(['example_kubernetes_executor']) retrieved from /home/airflow/.local/lib/python3.7/site-packages/airflow/example_dags/example_kubernetes_executor.py
[2022-10-02T20:54:18.307+0000] {logging_mixin.py:117} INFO - [2022-10-02T20:54:18.307+0000] {dag.py:2573} INFO - Sync 1 DAGs
[2022-10-02T20:54:18.332+0000] {logging_mixin.py:117} INFO - [2022-10-02T20:54:18.332+0000] {dag.py:3328} INFO - Setting next_dagrun for example_kubernetes_executor to None, run_after=None
[2022-10-02T20:54:18.352+0000] {processor.py:178} INFO - Processing /home/airflow/.local/lib/python3.7/site-packages/airflow/example_dags/example_kubernetes_executor.py took 0.134 seconds
[2022-10-02T20:54:48.882+0000] {processor.py:156} INFO - Started process (PID=98) to work on /home/airflow/.local/lib/python3.7/site-packages/airflow/example_dags/example_kubernetes_executor.py
[2022-10-02T20:54:48.883+0000] {processor.py:758} INFO - Processing file /home/airflow/.local/lib/python3.7/site-packages/airflow/example_dags/example_kubernetes_executor.py for tasks to queue
[2022-10-02T20:54:48.884+0000] {logging_mixin.py:117} INFO - [2022-10-02T20:54:48.884+0000] {dagbag.py:525} INFO - Filling up the DagBag from /home/airflow/.local/lib/python3.7/site-packages/airflow/example_dags/example_kubernetes_executor.py
[2022-10-02T20:54:48.905+0000] {processor.py:768} INFO - DAG(s) dict_keys(['example_kubernetes_executor']) retrieved from /home/airflow/.local/lib/python3.7/site-packages/airflow/example_dags/example_kubernetes_executor.py
[2022-10-02T20:54:48.931+0000] {logging_mixin.py:117} INFO - [2022-10-02T20:54:48.931+0000] {dag.py:2573} INFO - Sync 1 DAGs
[2022-10-02T20:54:48.945+0000] {logging_mixin.py:117} INFO - [2022-10-02T20:54:48.945+0000] {dag.py:3328} INFO - Setting next_dagrun for example_kubernetes_executor to None, run_after=None
[2022-10-02T20:54:48.957+0000] {processor.py:178} INFO - Processing /home/airflow/.local/lib/python3.7/site-packages/airflow/example_dags/example_kubernetes_executor.py took 0.078 seconds
[2022-10-02T20:56:36.250+0000] {processor.py:156} INFO - Started process (PID=36) to work on /home/airflow/.local/lib/python3.7/site-packages/airflow/example_dags/example_kubernetes_executor.py
[2022-10-02T20:56:36.253+0000] {processor.py:758} INFO - Processing file /home/airflow/.local/lib/python3.7/site-packages/airflow/example_dags/example_kubernetes_executor.py for tasks to queue
[2022-10-02T20:56:36.262+0000] {logging_mixin.py:117} INFO - [2022-10-02T20:56:36.261+0000] {dagbag.py:525} INFO - Filling up the DagBag from /home/airflow/.local/lib/python3.7/site-packages/airflow/example_dags/example_kubernetes_executor.py
[2022-10-02T20:56:36.299+0000] {processor.py:768} INFO - DAG(s) dict_keys(['example_kubernetes_executor']) retrieved from /home/airflow/.local/lib/python3.7/site-packages/airflow/example_dags/example_kubernetes_executor.py
[2022-10-02T20:56:36.326+0000] {logging_mixin.py:117} INFO - [2022-10-02T20:56:36.326+0000] {dag.py:2573} INFO - Sync 1 DAGs
[2022-10-02T20:56:36.370+0000] {logging_mixin.py:117} INFO - [2022-10-02T20:56:36.370+0000] {dag.py:3328} INFO - Setting next_dagrun for example_kubernetes_executor to None, run_after=None
[2022-10-02T20:56:36.397+0000] {processor.py:178} INFO - Processing /home/airflow/.local/lib/python3.7/site-packages/airflow/example_dags/example_kubernetes_executor.py took 0.157 seconds
[2022-10-02T20:57:06.953+0000] {processor.py:156} INFO - Started process (PID=99) to work on /home/airflow/.local/lib/python3.7/site-packages/airflow/example_dags/example_kubernetes_executor.py
[2022-10-02T20:57:06.956+0000] {processor.py:758} INFO - Processing file /home/airflow/.local/lib/python3.7/site-packages/airflow/example_dags/example_kubernetes_executor.py for tasks to queue
[2022-10-02T20:57:06.957+0000] {logging_mixin.py:117} INFO - [2022-10-02T20:57:06.957+0000] {dagbag.py:525} INFO - Filling up the DagBag from /home/airflow/.local/lib/python3.7/site-packages/airflow/example_dags/example_kubernetes_executor.py
[2022-10-02T20:57:06.976+0000] {processor.py:768} INFO - DAG(s) dict_keys(['example_kubernetes_executor']) retrieved from /home/airflow/.local/lib/python3.7/site-packages/airflow/example_dags/example_kubernetes_executor.py
[2022-10-02T20:57:07.010+0000] {logging_mixin.py:117} INFO - [2022-10-02T20:57:07.010+0000] {dag.py:2573} INFO - Sync 1 DAGs
[2022-10-02T20:57:07.026+0000] {logging_mixin.py:117} INFO - [2022-10-02T20:57:07.026+0000] {dag.py:3328} INFO - Setting next_dagrun for example_kubernetes_executor to None, run_after=None
[2022-10-02T20:57:07.042+0000] {processor.py:178} INFO - Processing /home/airflow/.local/lib/python3.7/site-packages/airflow/example_dags/example_kubernetes_executor.py took 0.092 seconds
[2022-10-02T20:57:37.778+0000] {processor.py:156} INFO - Started process (PID=163) to work on /home/airflow/.local/lib/python3.7/site-packages/airflow/example_dags/example_kubernetes_executor.py
[2022-10-02T20:57:37.781+0000] {processor.py:758} INFO - Processing file /home/airflow/.local/lib/python3.7/site-packages/airflow/example_dags/example_kubernetes_executor.py for tasks to queue
[2022-10-02T20:57:37.783+0000] {logging_mixin.py:117} INFO - [2022-10-02T20:57:37.783+0000] {dagbag.py:525} INFO - Filling up the DagBag from /home/airflow/.local/lib/python3.7/site-packages/airflow/example_dags/example_kubernetes_executor.py
[2022-10-02T20:57:37.806+0000] {processor.py:768} INFO - DAG(s) dict_keys(['example_kubernetes_executor']) retrieved from /home/airflow/.local/lib/python3.7/site-packages/airflow/example_dags/example_kubernetes_executor.py
[2022-10-02T20:57:37.840+0000] {logging_mixin.py:117} INFO - [2022-10-02T20:57:37.840+0000] {dag.py:2573} INFO - Sync 1 DAGs
[2022-10-02T20:57:37.863+0000] {logging_mixin.py:117} INFO - [2022-10-02T20:57:37.862+0000] {dag.py:3328} INFO - Setting next_dagrun for example_kubernetes_executor to None, run_after=None
[2022-10-02T20:57:37.879+0000] {processor.py:178} INFO - Processing /home/airflow/.local/lib/python3.7/site-packages/airflow/example_dags/example_kubernetes_executor.py took 0.103 seconds
[2022-10-02T20:58:08.555+0000] {processor.py:156} INFO - Started process (PID=225) to work on /home/airflow/.local/lib/python3.7/site-packages/airflow/example_dags/example_kubernetes_executor.py
[2022-10-02T20:58:08.557+0000] {processor.py:758} INFO - Processing file /home/airflow/.local/lib/python3.7/site-packages/airflow/example_dags/example_kubernetes_executor.py for tasks to queue
[2022-10-02T20:58:08.558+0000] {logging_mixin.py:117} INFO - [2022-10-02T20:58:08.557+0000] {dagbag.py:525} INFO - Filling up the DagBag from /home/airflow/.local/lib/python3.7/site-packages/airflow/example_dags/example_kubernetes_executor.py
[2022-10-02T20:58:08.579+0000] {processor.py:768} INFO - DAG(s) dict_keys(['example_kubernetes_executor']) retrieved from /home/airflow/.local/lib/python3.7/site-packages/airflow/example_dags/example_kubernetes_executor.py
[2022-10-02T20:58:08.605+0000] {logging_mixin.py:117} INFO - [2022-10-02T20:58:08.605+0000] {dag.py:2573} INFO - Sync 1 DAGs
[2022-10-02T20:58:08.622+0000] {logging_mixin.py:117} INFO - [2022-10-02T20:58:08.622+0000] {dag.py:3328} INFO - Setting next_dagrun for example_kubernetes_executor to None, run_after=None
[2022-10-02T20:58:08.634+0000] {processor.py:178} INFO - Processing /home/airflow/.local/lib/python3.7/site-packages/airflow/example_dags/example_kubernetes_executor.py took 0.081 seconds
[2022-10-02T20:58:38.856+0000] {processor.py:156} INFO - Started process (PID=280) to work on /home/airflow/.local/lib/python3.7/site-packages/airflow/example_dags/example_kubernetes_executor.py
[2022-10-02T20:58:38.858+0000] {processor.py:758} INFO - Processing file /home/airflow/.local/lib/python3.7/site-packages/airflow/example_dags/example_kubernetes_executor.py for tasks to queue
[2022-10-02T20:58:38.859+0000] {logging_mixin.py:117} INFO - [2022-10-02T20:58:38.859+0000] {dagbag.py:525} INFO - Filling up the DagBag from /home/airflow/.local/lib/python3.7/site-packages/airflow/example_dags/example_kubernetes_executor.py
[2022-10-02T20:58:38.883+0000] {processor.py:768} INFO - DAG(s) dict_keys(['example_kubernetes_executor']) retrieved from /home/airflow/.local/lib/python3.7/site-packages/airflow/example_dags/example_kubernetes_executor.py
[2022-10-02T20:58:38.920+0000] {logging_mixin.py:117} INFO - [2022-10-02T20:58:38.920+0000] {dag.py:2573} INFO - Sync 1 DAGs
[2022-10-02T20:58:38.939+0000] {logging_mixin.py:117} INFO - [2022-10-02T20:58:38.939+0000] {dag.py:3328} INFO - Setting next_dagrun for example_kubernetes_executor to None, run_after=None
[2022-10-02T20:58:38.954+0000] {processor.py:178} INFO - Processing /home/airflow/.local/lib/python3.7/site-packages/airflow/example_dags/example_kubernetes_executor.py took 0.101 seconds
[2022-10-02T20:59:09.180+0000] {processor.py:156} INFO - Started process (PID=343) to work on /home/airflow/.local/lib/python3.7/site-packages/airflow/example_dags/example_kubernetes_executor.py
[2022-10-02T20:59:09.182+0000] {processor.py:758} INFO - Processing file /home/airflow/.local/lib/python3.7/site-packages/airflow/example_dags/example_kubernetes_executor.py for tasks to queue
[2022-10-02T20:59:09.187+0000] {logging_mixin.py:117} INFO - [2022-10-02T20:59:09.187+0000] {dagbag.py:525} INFO - Filling up the DagBag from /home/airflow/.local/lib/python3.7/site-packages/airflow/example_dags/example_kubernetes_executor.py
[2022-10-02T20:59:09.216+0000] {processor.py:768} INFO - DAG(s) dict_keys(['example_kubernetes_executor']) retrieved from /home/airflow/.local/lib/python3.7/site-packages/airflow/example_dags/example_kubernetes_executor.py
[2022-10-02T20:59:09.264+0000] {logging_mixin.py:117} INFO - [2022-10-02T20:59:09.264+0000] {dag.py:2573} INFO - Sync 1 DAGs
[2022-10-02T20:59:09.282+0000] {logging_mixin.py:117} INFO - [2022-10-02T20:59:09.282+0000] {dag.py:3328} INFO - Setting next_dagrun for example_kubernetes_executor to None, run_after=None
[2022-10-02T20:59:09.310+0000] {processor.py:178} INFO - Processing /home/airflow/.local/lib/python3.7/site-packages/airflow/example_dags/example_kubernetes_executor.py took 0.132 seconds
[2022-10-02T20:59:39.902+0000] {processor.py:156} INFO - Started process (PID=405) to work on /home/airflow/.local/lib/python3.7/site-packages/airflow/example_dags/example_kubernetes_executor.py
[2022-10-02T20:59:39.904+0000] {processor.py:758} INFO - Processing file /home/airflow/.local/lib/python3.7/site-packages/airflow/example_dags/example_kubernetes_executor.py for tasks to queue
[2022-10-02T20:59:39.905+0000] {logging_mixin.py:117} INFO - [2022-10-02T20:59:39.905+0000] {dagbag.py:525} INFO - Filling up the DagBag from /home/airflow/.local/lib/python3.7/site-packages/airflow/example_dags/example_kubernetes_executor.py
[2022-10-02T20:59:39.930+0000] {processor.py:768} INFO - DAG(s) dict_keys(['example_kubernetes_executor']) retrieved from /home/airflow/.local/lib/python3.7/site-packages/airflow/example_dags/example_kubernetes_executor.py
[2022-10-02T20:59:39.958+0000] {logging_mixin.py:117} INFO - [2022-10-02T20:59:39.958+0000] {dag.py:2573} INFO - Sync 1 DAGs
[2022-10-02T20:59:39.973+0000] {logging_mixin.py:117} INFO - [2022-10-02T20:59:39.973+0000] {dag.py:3328} INFO - Setting next_dagrun for example_kubernetes_executor to None, run_after=None
[2022-10-02T20:59:39.985+0000] {processor.py:178} INFO - Processing /home/airflow/.local/lib/python3.7/site-packages/airflow/example_dags/example_kubernetes_executor.py took 0.086 seconds
[2022-10-02T21:00:11.020+0000] {processor.py:156} INFO - Started process (PID=468) to work on /home/airflow/.local/lib/python3.7/site-packages/airflow/example_dags/example_kubernetes_executor.py
[2022-10-02T21:00:11.022+0000] {processor.py:758} INFO - Processing file /home/airflow/.local/lib/python3.7/site-packages/airflow/example_dags/example_kubernetes_executor.py for tasks to queue
[2022-10-02T21:00:11.023+0000] {logging_mixin.py:117} INFO - [2022-10-02T21:00:11.023+0000] {dagbag.py:525} INFO - Filling up the DagBag from /home/airflow/.local/lib/python3.7/site-packages/airflow/example_dags/example_kubernetes_executor.py
[2022-10-02T21:00:11.039+0000] {processor.py:768} INFO - DAG(s) dict_keys(['example_kubernetes_executor']) retrieved from /home/airflow/.local/lib/python3.7/site-packages/airflow/example_dags/example_kubernetes_executor.py
[2022-10-02T21:00:11.064+0000] {logging_mixin.py:117} INFO - [2022-10-02T21:00:11.064+0000] {dag.py:2573} INFO - Sync 1 DAGs
[2022-10-02T21:00:11.078+0000] {logging_mixin.py:117} INFO - [2022-10-02T21:00:11.077+0000] {dag.py:3328} INFO - Setting next_dagrun for example_kubernetes_executor to None, run_after=None
[2022-10-02T21:00:11.088+0000] {processor.py:178} INFO - Processing /home/airflow/.local/lib/python3.7/site-packages/airflow/example_dags/example_kubernetes_executor.py took 0.071 seconds
[2022-10-02T21:00:41.140+0000] {processor.py:156} INFO - Started process (PID=531) to work on /home/airflow/.local/lib/python3.7/site-packages/airflow/example_dags/example_kubernetes_executor.py
[2022-10-02T21:00:41.141+0000] {processor.py:758} INFO - Processing file /home/airflow/.local/lib/python3.7/site-packages/airflow/example_dags/example_kubernetes_executor.py for tasks to queue
[2022-10-02T21:00:41.142+0000] {logging_mixin.py:117} INFO - [2022-10-02T21:00:41.142+0000] {dagbag.py:525} INFO - Filling up the DagBag from /home/airflow/.local/lib/python3.7/site-packages/airflow/example_dags/example_kubernetes_executor.py
[2022-10-02T21:00:41.158+0000] {processor.py:768} INFO - DAG(s) dict_keys(['example_kubernetes_executor']) retrieved from /home/airflow/.local/lib/python3.7/site-packages/airflow/example_dags/example_kubernetes_executor.py
[2022-10-02T21:00:41.182+0000] {logging_mixin.py:117} INFO - [2022-10-02T21:00:41.182+0000] {dag.py:2573} INFO - Sync 1 DAGs
[2022-10-02T21:00:41.195+0000] {logging_mixin.py:117} INFO - [2022-10-02T21:00:41.195+0000] {dag.py:3328} INFO - Setting next_dagrun for example_kubernetes_executor to None, run_after=None
[2022-10-02T21:00:41.206+0000] {processor.py:178} INFO - Processing /home/airflow/.local/lib/python3.7/site-packages/airflow/example_dags/example_kubernetes_executor.py took 0.068 seconds
[2022-10-02T21:01:12.176+0000] {processor.py:156} INFO - Started process (PID=594) to work on /home/airflow/.local/lib/python3.7/site-packages/airflow/example_dags/example_kubernetes_executor.py
[2022-10-02T21:01:12.177+0000] {processor.py:758} INFO - Processing file /home/airflow/.local/lib/python3.7/site-packages/airflow/example_dags/example_kubernetes_executor.py for tasks to queue
[2022-10-02T21:01:12.178+0000] {logging_mixin.py:117} INFO - [2022-10-02T21:01:12.178+0000] {dagbag.py:525} INFO - Filling up the DagBag from /home/airflow/.local/lib/python3.7/site-packages/airflow/example_dags/example_kubernetes_executor.py
[2022-10-02T21:01:12.195+0000] {processor.py:768} INFO - DAG(s) dict_keys(['example_kubernetes_executor']) retrieved from /home/airflow/.local/lib/python3.7/site-packages/airflow/example_dags/example_kubernetes_executor.py
[2022-10-02T21:01:12.221+0000] {logging_mixin.py:117} INFO - [2022-10-02T21:01:12.221+0000] {dag.py:2573} INFO - Sync 1 DAGs
[2022-10-02T21:01:12.236+0000] {logging_mixin.py:117} INFO - [2022-10-02T21:01:12.236+0000] {dag.py:3328} INFO - Setting next_dagrun for example_kubernetes_executor to None, run_after=None
[2022-10-02T21:01:12.247+0000] {processor.py:178} INFO - Processing /home/airflow/.local/lib/python3.7/site-packages/airflow/example_dags/example_kubernetes_executor.py took 0.074 seconds
[2022-10-02T21:01:42.430+0000] {processor.py:156} INFO - Started process (PID=648) to work on /home/airflow/.local/lib/python3.7/site-packages/airflow/example_dags/example_kubernetes_executor.py
[2022-10-02T21:01:42.432+0000] {processor.py:758} INFO - Processing file /home/airflow/.local/lib/python3.7/site-packages/airflow/example_dags/example_kubernetes_executor.py for tasks to queue
[2022-10-02T21:01:42.434+0000] {logging_mixin.py:117} INFO - [2022-10-02T21:01:42.434+0000] {dagbag.py:525} INFO - Filling up the DagBag from /home/airflow/.local/lib/python3.7/site-packages/airflow/example_dags/example_kubernetes_executor.py
[2022-10-02T21:01:42.464+0000] {processor.py:768} INFO - DAG(s) dict_keys(['example_kubernetes_executor']) retrieved from /home/airflow/.local/lib/python3.7/site-packages/airflow/example_dags/example_kubernetes_executor.py
[2022-10-02T21:01:42.514+0000] {logging_mixin.py:117} INFO - [2022-10-02T21:01:42.514+0000] {dag.py:2573} INFO - Sync 1 DAGs
[2022-10-02T21:01:42.566+0000] {logging_mixin.py:117} INFO - [2022-10-02T21:01:42.565+0000] {dag.py:3328} INFO - Setting next_dagrun for example_kubernetes_executor to None, run_after=None
[2022-10-02T21:01:42.601+0000] {processor.py:178} INFO - Processing /home/airflow/.local/lib/python3.7/site-packages/airflow/example_dags/example_kubernetes_executor.py took 0.174 seconds
[2022-10-02T21:02:13.523+0000] {processor.py:156} INFO - Started process (PID=710) to work on /home/airflow/.local/lib/python3.7/site-packages/airflow/example_dags/example_kubernetes_executor.py
[2022-10-02T21:02:13.525+0000] {processor.py:758} INFO - Processing file /home/airflow/.local/lib/python3.7/site-packages/airflow/example_dags/example_kubernetes_executor.py for tasks to queue
[2022-10-02T21:02:13.527+0000] {logging_mixin.py:117} INFO - [2022-10-02T21:02:13.527+0000] {dagbag.py:525} INFO - Filling up the DagBag from /home/airflow/.local/lib/python3.7/site-packages/airflow/example_dags/example_kubernetes_executor.py
[2022-10-02T21:02:13.554+0000] {processor.py:768} INFO - DAG(s) dict_keys(['example_kubernetes_executor']) retrieved from /home/airflow/.local/lib/python3.7/site-packages/airflow/example_dags/example_kubernetes_executor.py
[2022-10-02T21:02:13.581+0000] {logging_mixin.py:117} INFO - [2022-10-02T21:02:13.581+0000] {dag.py:2573} INFO - Sync 1 DAGs
[2022-10-02T21:02:13.597+0000] {logging_mixin.py:117} INFO - [2022-10-02T21:02:13.597+0000] {dag.py:3328} INFO - Setting next_dagrun for example_kubernetes_executor to None, run_after=None
[2022-10-02T21:02:13.609+0000] {processor.py:178} INFO - Processing /home/airflow/.local/lib/python3.7/site-packages/airflow/example_dags/example_kubernetes_executor.py took 0.091 seconds
[2022-10-02T21:02:43.772+0000] {processor.py:156} INFO - Started process (PID=773) to work on /home/airflow/.local/lib/python3.7/site-packages/airflow/example_dags/example_kubernetes_executor.py
[2022-10-02T21:02:43.775+0000] {processor.py:758} INFO - Processing file /home/airflow/.local/lib/python3.7/site-packages/airflow/example_dags/example_kubernetes_executor.py for tasks to queue
[2022-10-02T21:02:43.779+0000] {logging_mixin.py:117} INFO - [2022-10-02T21:02:43.779+0000] {dagbag.py:525} INFO - Filling up the DagBag from /home/airflow/.local/lib/python3.7/site-packages/airflow/example_dags/example_kubernetes_executor.py
[2022-10-02T21:02:43.821+0000] {processor.py:768} INFO - DAG(s) dict_keys(['example_kubernetes_executor']) retrieved from /home/airflow/.local/lib/python3.7/site-packages/airflow/example_dags/example_kubernetes_executor.py
[2022-10-02T21:02:43.894+0000] {logging_mixin.py:117} INFO - [2022-10-02T21:02:43.894+0000] {dag.py:2573} INFO - Sync 1 DAGs
[2022-10-02T21:02:43.922+0000] {logging_mixin.py:117} INFO - [2022-10-02T21:02:43.922+0000] {dag.py:3328} INFO - Setting next_dagrun for example_kubernetes_executor to None, run_after=None
[2022-10-02T21:02:43.957+0000] {processor.py:178} INFO - Processing /home/airflow/.local/lib/python3.7/site-packages/airflow/example_dags/example_kubernetes_executor.py took 0.190 seconds
[2022-10-02T21:03:14.173+0000] {processor.py:156} INFO - Started process (PID=837) to work on /home/airflow/.local/lib/python3.7/site-packages/airflow/example_dags/example_kubernetes_executor.py
[2022-10-02T21:03:14.177+0000] {processor.py:758} INFO - Processing file /home/airflow/.local/lib/python3.7/site-packages/airflow/example_dags/example_kubernetes_executor.py for tasks to queue
[2022-10-02T21:03:14.180+0000] {logging_mixin.py:117} INFO - [2022-10-02T21:03:14.180+0000] {dagbag.py:525} INFO - Filling up the DagBag from /home/airflow/.local/lib/python3.7/site-packages/airflow/example_dags/example_kubernetes_executor.py
[2022-10-02T21:03:14.204+0000] {processor.py:768} INFO - DAG(s) dict_keys(['example_kubernetes_executor']) retrieved from /home/airflow/.local/lib/python3.7/site-packages/airflow/example_dags/example_kubernetes_executor.py
[2022-10-02T21:03:14.231+0000] {logging_mixin.py:117} INFO - [2022-10-02T21:03:14.231+0000] {dag.py:2573} INFO - Sync 1 DAGs
[2022-10-02T21:03:14.247+0000] {logging_mixin.py:117} INFO - [2022-10-02T21:03:14.247+0000] {dag.py:3328} INFO - Setting next_dagrun for example_kubernetes_executor to None, run_after=None
[2022-10-02T21:03:14.262+0000] {processor.py:178} INFO - Processing /home/airflow/.local/lib/python3.7/site-packages/airflow/example_dags/example_kubernetes_executor.py took 0.094 seconds
[2022-10-02T21:03:44.850+0000] {processor.py:156} INFO - Started process (PID=899) to work on /home/airflow/.local/lib/python3.7/site-packages/airflow/example_dags/example_kubernetes_executor.py
[2022-10-02T21:03:44.852+0000] {processor.py:758} INFO - Processing file /home/airflow/.local/lib/python3.7/site-packages/airflow/example_dags/example_kubernetes_executor.py for tasks to queue
[2022-10-02T21:03:44.854+0000] {logging_mixin.py:117} INFO - [2022-10-02T21:03:44.854+0000] {dagbag.py:525} INFO - Filling up the DagBag from /home/airflow/.local/lib/python3.7/site-packages/airflow/example_dags/example_kubernetes_executor.py
[2022-10-02T21:03:44.878+0000] {processor.py:768} INFO - DAG(s) dict_keys(['example_kubernetes_executor']) retrieved from /home/airflow/.local/lib/python3.7/site-packages/airflow/example_dags/example_kubernetes_executor.py
[2022-10-02T21:03:44.913+0000] {logging_mixin.py:117} INFO - [2022-10-02T21:03:44.913+0000] {dag.py:2573} INFO - Sync 1 DAGs
[2022-10-02T21:03:44.930+0000] {logging_mixin.py:117} INFO - [2022-10-02T21:03:44.930+0000] {dag.py:3328} INFO - Setting next_dagrun for example_kubernetes_executor to None, run_after=None
[2022-10-02T21:03:44.948+0000] {processor.py:178} INFO - Processing /home/airflow/.local/lib/python3.7/site-packages/airflow/example_dags/example_kubernetes_executor.py took 0.100 seconds
[2022-10-02T21:04:15.400+0000] {processor.py:156} INFO - Started process (PID=952) to work on /home/airflow/.local/lib/python3.7/site-packages/airflow/example_dags/example_kubernetes_executor.py
[2022-10-02T21:04:15.403+0000] {processor.py:758} INFO - Processing file /home/airflow/.local/lib/python3.7/site-packages/airflow/example_dags/example_kubernetes_executor.py for tasks to queue
[2022-10-02T21:04:15.404+0000] {logging_mixin.py:117} INFO - [2022-10-02T21:04:15.404+0000] {dagbag.py:525} INFO - Filling up the DagBag from /home/airflow/.local/lib/python3.7/site-packages/airflow/example_dags/example_kubernetes_executor.py
[2022-10-02T21:04:15.427+0000] {processor.py:768} INFO - DAG(s) dict_keys(['example_kubernetes_executor']) retrieved from /home/airflow/.local/lib/python3.7/site-packages/airflow/example_dags/example_kubernetes_executor.py
[2022-10-02T21:04:15.467+0000] {logging_mixin.py:117} INFO - [2022-10-02T21:04:15.467+0000] {dag.py:2573} INFO - Sync 1 DAGs
[2022-10-02T21:04:15.505+0000] {logging_mixin.py:117} INFO - [2022-10-02T21:04:15.505+0000] {dag.py:3328} INFO - Setting next_dagrun for example_kubernetes_executor to None, run_after=None
[2022-10-02T21:04:15.535+0000] {processor.py:178} INFO - Processing /home/airflow/.local/lib/python3.7/site-packages/airflow/example_dags/example_kubernetes_executor.py took 0.138 seconds
[2022-10-02T21:05:08.348+0000] {processor.py:156} INFO - Started process (PID=36) to work on /home/airflow/.local/lib/python3.7/site-packages/airflow/example_dags/example_kubernetes_executor.py
[2022-10-02T21:05:08.350+0000] {processor.py:758} INFO - Processing file /home/airflow/.local/lib/python3.7/site-packages/airflow/example_dags/example_kubernetes_executor.py for tasks to queue
[2022-10-02T21:05:08.353+0000] {logging_mixin.py:117} INFO - [2022-10-02T21:05:08.353+0000] {dagbag.py:525} INFO - Filling up the DagBag from /home/airflow/.local/lib/python3.7/site-packages/airflow/example_dags/example_kubernetes_executor.py
[2022-10-02T21:05:08.398+0000] {processor.py:768} INFO - DAG(s) dict_keys(['example_kubernetes_executor']) retrieved from /home/airflow/.local/lib/python3.7/site-packages/airflow/example_dags/example_kubernetes_executor.py
[2022-10-02T21:05:08.444+0000] {logging_mixin.py:117} INFO - [2022-10-02T21:05:08.444+0000] {dag.py:2573} INFO - Sync 1 DAGs
[2022-10-02T21:05:08.484+0000] {logging_mixin.py:117} INFO - [2022-10-02T21:05:08.484+0000] {dag.py:3328} INFO - Setting next_dagrun for example_kubernetes_executor to None, run_after=None
[2022-10-02T21:05:08.507+0000] {processor.py:178} INFO - Processing /home/airflow/.local/lib/python3.7/site-packages/airflow/example_dags/example_kubernetes_executor.py took 0.160 seconds
[2022-10-02T21:05:39.435+0000] {processor.py:156} INFO - Started process (PID=100) to work on /home/airflow/.local/lib/python3.7/site-packages/airflow/example_dags/example_kubernetes_executor.py
[2022-10-02T21:05:39.439+0000] {processor.py:758} INFO - Processing file /home/airflow/.local/lib/python3.7/site-packages/airflow/example_dags/example_kubernetes_executor.py for tasks to queue
[2022-10-02T21:05:39.440+0000] {logging_mixin.py:117} INFO - [2022-10-02T21:05:39.440+0000] {dagbag.py:525} INFO - Filling up the DagBag from /home/airflow/.local/lib/python3.7/site-packages/airflow/example_dags/example_kubernetes_executor.py
[2022-10-02T21:05:39.464+0000] {processor.py:768} INFO - DAG(s) dict_keys(['example_kubernetes_executor']) retrieved from /home/airflow/.local/lib/python3.7/site-packages/airflow/example_dags/example_kubernetes_executor.py
[2022-10-02T21:05:39.490+0000] {logging_mixin.py:117} INFO - [2022-10-02T21:05:39.490+0000] {dag.py:2573} INFO - Sync 1 DAGs
[2022-10-02T21:05:39.505+0000] {logging_mixin.py:117} INFO - [2022-10-02T21:05:39.505+0000] {dag.py:3328} INFO - Setting next_dagrun for example_kubernetes_executor to None, run_after=None
[2022-10-02T21:05:39.518+0000] {processor.py:178} INFO - Processing /home/airflow/.local/lib/python3.7/site-packages/airflow/example_dags/example_kubernetes_executor.py took 0.086 seconds
[2022-10-02T21:06:09.646+0000] {processor.py:156} INFO - Started process (PID=165) to work on /home/airflow/.local/lib/python3.7/site-packages/airflow/example_dags/example_kubernetes_executor.py
[2022-10-02T21:06:09.648+0000] {processor.py:758} INFO - Processing file /home/airflow/.local/lib/python3.7/site-packages/airflow/example_dags/example_kubernetes_executor.py for tasks to queue
[2022-10-02T21:06:09.649+0000] {logging_mixin.py:117} INFO - [2022-10-02T21:06:09.649+0000] {dagbag.py:525} INFO - Filling up the DagBag from /home/airflow/.local/lib/python3.7/site-packages/airflow/example_dags/example_kubernetes_executor.py
[2022-10-02T21:06:09.669+0000] {processor.py:768} INFO - DAG(s) dict_keys(['example_kubernetes_executor']) retrieved from /home/airflow/.local/lib/python3.7/site-packages/airflow/example_dags/example_kubernetes_executor.py
[2022-10-02T21:06:09.694+0000] {logging_mixin.py:117} INFO - [2022-10-02T21:06:09.693+0000] {dag.py:2573} INFO - Sync 1 DAGs
[2022-10-02T21:06:09.709+0000] {logging_mixin.py:117} INFO - [2022-10-02T21:06:09.709+0000] {dag.py:3328} INFO - Setting next_dagrun for example_kubernetes_executor to None, run_after=None
[2022-10-02T21:06:09.722+0000] {processor.py:178} INFO - Processing /home/airflow/.local/lib/python3.7/site-packages/airflow/example_dags/example_kubernetes_executor.py took 0.078 seconds
[2022-10-02T21:06:39.780+0000] {processor.py:156} INFO - Started process (PID=228) to work on /home/airflow/.local/lib/python3.7/site-packages/airflow/example_dags/example_kubernetes_executor.py
[2022-10-02T21:06:39.782+0000] {processor.py:758} INFO - Processing file /home/airflow/.local/lib/python3.7/site-packages/airflow/example_dags/example_kubernetes_executor.py for tasks to queue
[2022-10-02T21:06:39.784+0000] {logging_mixin.py:117} INFO - [2022-10-02T21:06:39.784+0000] {dagbag.py:525} INFO - Filling up the DagBag from /home/airflow/.local/lib/python3.7/site-packages/airflow/example_dags/example_kubernetes_executor.py
[2022-10-02T21:06:39.816+0000] {processor.py:768} INFO - DAG(s) dict_keys(['example_kubernetes_executor']) retrieved from /home/airflow/.local/lib/python3.7/site-packages/airflow/example_dags/example_kubernetes_executor.py
[2022-10-02T21:06:39.872+0000] {logging_mixin.py:117} INFO - [2022-10-02T21:06:39.872+0000] {dag.py:2573} INFO - Sync 1 DAGs
[2022-10-02T21:06:39.899+0000] {logging_mixin.py:117} INFO - [2022-10-02T21:06:39.899+0000] {dag.py:3328} INFO - Setting next_dagrun for example_kubernetes_executor to None, run_after=None
[2022-10-02T21:06:39.917+0000] {processor.py:178} INFO - Processing /home/airflow/.local/lib/python3.7/site-packages/airflow/example_dags/example_kubernetes_executor.py took 0.139 seconds
[2022-10-02T21:07:10.073+0000] {processor.py:156} INFO - Started process (PID=283) to work on /home/airflow/.local/lib/python3.7/site-packages/airflow/example_dags/example_kubernetes_executor.py
[2022-10-02T21:07:10.076+0000] {processor.py:758} INFO - Processing file /home/airflow/.local/lib/python3.7/site-packages/airflow/example_dags/example_kubernetes_executor.py for tasks to queue
[2022-10-02T21:07:10.077+0000] {logging_mixin.py:117} INFO - [2022-10-02T21:07:10.077+0000] {dagbag.py:525} INFO - Filling up the DagBag from /home/airflow/.local/lib/python3.7/site-packages/airflow/example_dags/example_kubernetes_executor.py
[2022-10-02T21:07:10.099+0000] {processor.py:768} INFO - DAG(s) dict_keys(['example_kubernetes_executor']) retrieved from /home/airflow/.local/lib/python3.7/site-packages/airflow/example_dags/example_kubernetes_executor.py
[2022-10-02T21:07:10.125+0000] {logging_mixin.py:117} INFO - [2022-10-02T21:07:10.125+0000] {dag.py:2573} INFO - Sync 1 DAGs
[2022-10-02T21:07:10.140+0000] {logging_mixin.py:117} INFO - [2022-10-02T21:07:10.140+0000] {dag.py:3328} INFO - Setting next_dagrun for example_kubernetes_executor to None, run_after=None
[2022-10-02T21:07:10.153+0000] {processor.py:178} INFO - Processing /home/airflow/.local/lib/python3.7/site-packages/airflow/example_dags/example_kubernetes_executor.py took 0.084 seconds
[2022-10-02T21:07:40.742+0000] {processor.py:156} INFO - Started process (PID=345) to work on /home/airflow/.local/lib/python3.7/site-packages/airflow/example_dags/example_kubernetes_executor.py
[2022-10-02T21:07:40.745+0000] {processor.py:758} INFO - Processing file /home/airflow/.local/lib/python3.7/site-packages/airflow/example_dags/example_kubernetes_executor.py for tasks to queue
[2022-10-02T21:07:40.746+0000] {logging_mixin.py:117} INFO - [2022-10-02T21:07:40.746+0000] {dagbag.py:525} INFO - Filling up the DagBag from /home/airflow/.local/lib/python3.7/site-packages/airflow/example_dags/example_kubernetes_executor.py
[2022-10-02T21:07:40.765+0000] {processor.py:768} INFO - DAG(s) dict_keys(['example_kubernetes_executor']) retrieved from /home/airflow/.local/lib/python3.7/site-packages/airflow/example_dags/example_kubernetes_executor.py
[2022-10-02T21:07:40.791+0000] {logging_mixin.py:117} INFO - [2022-10-02T21:07:40.791+0000] {dag.py:2573} INFO - Sync 1 DAGs
[2022-10-02T21:07:40.805+0000] {logging_mixin.py:117} INFO - [2022-10-02T21:07:40.805+0000] {dag.py:3328} INFO - Setting next_dagrun for example_kubernetes_executor to None, run_after=None
[2022-10-02T21:07:40.817+0000] {processor.py:178} INFO - Processing /home/airflow/.local/lib/python3.7/site-packages/airflow/example_dags/example_kubernetes_executor.py took 0.078 seconds
[2022-10-02T21:08:10.977+0000] {processor.py:156} INFO - Started process (PID=408) to work on /home/airflow/.local/lib/python3.7/site-packages/airflow/example_dags/example_kubernetes_executor.py
[2022-10-02T21:08:10.979+0000] {processor.py:758} INFO - Processing file /home/airflow/.local/lib/python3.7/site-packages/airflow/example_dags/example_kubernetes_executor.py for tasks to queue
[2022-10-02T21:08:10.982+0000] {logging_mixin.py:117} INFO - [2022-10-02T21:08:10.982+0000] {dagbag.py:525} INFO - Filling up the DagBag from /home/airflow/.local/lib/python3.7/site-packages/airflow/example_dags/example_kubernetes_executor.py
[2022-10-02T21:08:11.005+0000] {processor.py:768} INFO - DAG(s) dict_keys(['example_kubernetes_executor']) retrieved from /home/airflow/.local/lib/python3.7/site-packages/airflow/example_dags/example_kubernetes_executor.py
[2022-10-02T21:08:11.031+0000] {logging_mixin.py:117} INFO - [2022-10-02T21:08:11.030+0000] {dag.py:2573} INFO - Sync 1 DAGs
[2022-10-02T21:08:11.045+0000] {logging_mixin.py:117} INFO - [2022-10-02T21:08:11.045+0000] {dag.py:3328} INFO - Setting next_dagrun for example_kubernetes_executor to None, run_after=None
[2022-10-02T21:08:11.058+0000] {processor.py:178} INFO - Processing /home/airflow/.local/lib/python3.7/site-packages/airflow/example_dags/example_kubernetes_executor.py took 0.084 seconds
[2022-10-02T21:08:41.121+0000] {processor.py:156} INFO - Started process (PID=471) to work on /home/airflow/.local/lib/python3.7/site-packages/airflow/example_dags/example_kubernetes_executor.py
[2022-10-02T21:08:41.123+0000] {processor.py:758} INFO - Processing file /home/airflow/.local/lib/python3.7/site-packages/airflow/example_dags/example_kubernetes_executor.py for tasks to queue
[2022-10-02T21:08:41.124+0000] {logging_mixin.py:117} INFO - [2022-10-02T21:08:41.124+0000] {dagbag.py:525} INFO - Filling up the DagBag from /home/airflow/.local/lib/python3.7/site-packages/airflow/example_dags/example_kubernetes_executor.py
[2022-10-02T21:08:41.140+0000] {processor.py:768} INFO - DAG(s) dict_keys(['example_kubernetes_executor']) retrieved from /home/airflow/.local/lib/python3.7/site-packages/airflow/example_dags/example_kubernetes_executor.py
[2022-10-02T21:08:41.164+0000] {logging_mixin.py:117} INFO - [2022-10-02T21:08:41.164+0000] {dag.py:2573} INFO - Sync 1 DAGs
[2022-10-02T21:08:41.177+0000] {logging_mixin.py:117} INFO - [2022-10-02T21:08:41.177+0000] {dag.py:3328} INFO - Setting next_dagrun for example_kubernetes_executor to None, run_after=None
[2022-10-02T21:08:41.188+0000] {processor.py:178} INFO - Processing /home/airflow/.local/lib/python3.7/site-packages/airflow/example_dags/example_kubernetes_executor.py took 0.068 seconds
[2022-10-02T21:09:11.219+0000] {processor.py:156} INFO - Started process (PID=534) to work on /home/airflow/.local/lib/python3.7/site-packages/airflow/example_dags/example_kubernetes_executor.py
[2022-10-02T21:09:11.221+0000] {processor.py:758} INFO - Processing file /home/airflow/.local/lib/python3.7/site-packages/airflow/example_dags/example_kubernetes_executor.py for tasks to queue
[2022-10-02T21:09:11.222+0000] {logging_mixin.py:117} INFO - [2022-10-02T21:09:11.221+0000] {dagbag.py:525} INFO - Filling up the DagBag from /home/airflow/.local/lib/python3.7/site-packages/airflow/example_dags/example_kubernetes_executor.py
[2022-10-02T21:09:11.238+0000] {processor.py:768} INFO - DAG(s) dict_keys(['example_kubernetes_executor']) retrieved from /home/airflow/.local/lib/python3.7/site-packages/airflow/example_dags/example_kubernetes_executor.py
[2022-10-02T21:09:11.264+0000] {logging_mixin.py:117} INFO - [2022-10-02T21:09:11.264+0000] {dag.py:2573} INFO - Sync 1 DAGs
[2022-10-02T21:09:11.280+0000] {logging_mixin.py:117} INFO - [2022-10-02T21:09:11.280+0000] {dag.py:3328} INFO - Setting next_dagrun for example_kubernetes_executor to None, run_after=None
[2022-10-02T21:09:11.294+0000] {processor.py:178} INFO - Processing /home/airflow/.local/lib/python3.7/site-packages/airflow/example_dags/example_kubernetes_executor.py took 0.077 seconds
[2022-10-02T21:09:41.597+0000] {processor.py:156} INFO - Started process (PID=588) to work on /home/airflow/.local/lib/python3.7/site-packages/airflow/example_dags/example_kubernetes_executor.py
[2022-10-02T21:09:41.598+0000] {processor.py:758} INFO - Processing file /home/airflow/.local/lib/python3.7/site-packages/airflow/example_dags/example_kubernetes_executor.py for tasks to queue
[2022-10-02T21:09:41.600+0000] {logging_mixin.py:117} INFO - [2022-10-02T21:09:41.600+0000] {dagbag.py:525} INFO - Filling up the DagBag from /home/airflow/.local/lib/python3.7/site-packages/airflow/example_dags/example_kubernetes_executor.py
[2022-10-02T21:09:41.616+0000] {processor.py:768} INFO - DAG(s) dict_keys(['example_kubernetes_executor']) retrieved from /home/airflow/.local/lib/python3.7/site-packages/airflow/example_dags/example_kubernetes_executor.py
[2022-10-02T21:09:41.640+0000] {logging_mixin.py:117} INFO - [2022-10-02T21:09:41.640+0000] {dag.py:2573} INFO - Sync 1 DAGs
[2022-10-02T21:09:41.653+0000] {logging_mixin.py:117} INFO - [2022-10-02T21:09:41.653+0000] {dag.py:3328} INFO - Setting next_dagrun for example_kubernetes_executor to None, run_after=None
[2022-10-02T21:09:41.663+0000] {processor.py:178} INFO - Processing /home/airflow/.local/lib/python3.7/site-packages/airflow/example_dags/example_kubernetes_executor.py took 0.068 seconds
[2022-10-02T21:10:11.863+0000] {processor.py:156} INFO - Started process (PID=651) to work on /home/airflow/.local/lib/python3.7/site-packages/airflow/example_dags/example_kubernetes_executor.py
[2022-10-02T21:10:11.865+0000] {processor.py:758} INFO - Processing file /home/airflow/.local/lib/python3.7/site-packages/airflow/example_dags/example_kubernetes_executor.py for tasks to queue
[2022-10-02T21:10:11.866+0000] {logging_mixin.py:117} INFO - [2022-10-02T21:10:11.865+0000] {dagbag.py:525} INFO - Filling up the DagBag from /home/airflow/.local/lib/python3.7/site-packages/airflow/example_dags/example_kubernetes_executor.py
[2022-10-02T21:10:11.884+0000] {processor.py:768} INFO - DAG(s) dict_keys(['example_kubernetes_executor']) retrieved from /home/airflow/.local/lib/python3.7/site-packages/airflow/example_dags/example_kubernetes_executor.py
[2022-10-02T21:10:11.912+0000] {logging_mixin.py:117} INFO - [2022-10-02T21:10:11.912+0000] {dag.py:2573} INFO - Sync 1 DAGs
[2022-10-02T21:10:11.930+0000] {logging_mixin.py:117} INFO - [2022-10-02T21:10:11.929+0000] {dag.py:3328} INFO - Setting next_dagrun for example_kubernetes_executor to None, run_after=None
[2022-10-02T21:10:11.942+0000] {processor.py:178} INFO - Processing /home/airflow/.local/lib/python3.7/site-packages/airflow/example_dags/example_kubernetes_executor.py took 0.081 seconds
[2022-10-02T21:10:42.030+0000] {processor.py:156} INFO - Started process (PID=713) to work on /home/airflow/.local/lib/python3.7/site-packages/airflow/example_dags/example_kubernetes_executor.py
[2022-10-02T21:10:42.032+0000] {processor.py:758} INFO - Processing file /home/airflow/.local/lib/python3.7/site-packages/airflow/example_dags/example_kubernetes_executor.py for tasks to queue
[2022-10-02T21:10:42.033+0000] {logging_mixin.py:117} INFO - [2022-10-02T21:10:42.033+0000] {dagbag.py:525} INFO - Filling up the DagBag from /home/airflow/.local/lib/python3.7/site-packages/airflow/example_dags/example_kubernetes_executor.py
[2022-10-02T21:10:42.051+0000] {processor.py:768} INFO - DAG(s) dict_keys(['example_kubernetes_executor']) retrieved from /home/airflow/.local/lib/python3.7/site-packages/airflow/example_dags/example_kubernetes_executor.py
[2022-10-02T21:10:42.077+0000] {logging_mixin.py:117} INFO - [2022-10-02T21:10:42.077+0000] {dag.py:2573} INFO - Sync 1 DAGs
[2022-10-02T21:10:42.092+0000] {logging_mixin.py:117} INFO - [2022-10-02T21:10:42.092+0000] {dag.py:3328} INFO - Setting next_dagrun for example_kubernetes_executor to None, run_after=None
[2022-10-02T21:10:42.104+0000] {processor.py:178} INFO - Processing /home/airflow/.local/lib/python3.7/site-packages/airflow/example_dags/example_kubernetes_executor.py took 0.076 seconds
[2022-10-02T21:11:12.187+0000] {processor.py:156} INFO - Started process (PID=776) to work on /home/airflow/.local/lib/python3.7/site-packages/airflow/example_dags/example_kubernetes_executor.py
[2022-10-02T21:11:12.188+0000] {processor.py:758} INFO - Processing file /home/airflow/.local/lib/python3.7/site-packages/airflow/example_dags/example_kubernetes_executor.py for tasks to queue
[2022-10-02T21:11:12.190+0000] {logging_mixin.py:117} INFO - [2022-10-02T21:11:12.190+0000] {dagbag.py:525} INFO - Filling up the DagBag from /home/airflow/.local/lib/python3.7/site-packages/airflow/example_dags/example_kubernetes_executor.py
[2022-10-02T21:11:12.206+0000] {processor.py:768} INFO - DAG(s) dict_keys(['example_kubernetes_executor']) retrieved from /home/airflow/.local/lib/python3.7/site-packages/airflow/example_dags/example_kubernetes_executor.py
[2022-10-02T21:11:12.231+0000] {logging_mixin.py:117} INFO - [2022-10-02T21:11:12.231+0000] {dag.py:2573} INFO - Sync 1 DAGs
[2022-10-02T21:11:12.244+0000] {logging_mixin.py:117} INFO - [2022-10-02T21:11:12.244+0000] {dag.py:3328} INFO - Setting next_dagrun for example_kubernetes_executor to None, run_after=None
[2022-10-02T21:11:12.255+0000] {processor.py:178} INFO - Processing /home/airflow/.local/lib/python3.7/site-packages/airflow/example_dags/example_kubernetes_executor.py took 0.070 seconds
[2022-10-02T21:11:42.572+0000] {processor.py:156} INFO - Started process (PID=838) to work on /home/airflow/.local/lib/python3.7/site-packages/airflow/example_dags/example_kubernetes_executor.py
[2022-10-02T21:11:42.574+0000] {processor.py:758} INFO - Processing file /home/airflow/.local/lib/python3.7/site-packages/airflow/example_dags/example_kubernetes_executor.py for tasks to queue
[2022-10-02T21:11:42.575+0000] {logging_mixin.py:117} INFO - [2022-10-02T21:11:42.574+0000] {dagbag.py:525} INFO - Filling up the DagBag from /home/airflow/.local/lib/python3.7/site-packages/airflow/example_dags/example_kubernetes_executor.py
[2022-10-02T21:11:42.590+0000] {processor.py:768} INFO - DAG(s) dict_keys(['example_kubernetes_executor']) retrieved from /home/airflow/.local/lib/python3.7/site-packages/airflow/example_dags/example_kubernetes_executor.py
[2022-10-02T21:11:42.613+0000] {logging_mixin.py:117} INFO - [2022-10-02T21:11:42.613+0000] {dag.py:2573} INFO - Sync 1 DAGs
[2022-10-02T21:11:42.626+0000] {logging_mixin.py:117} INFO - [2022-10-02T21:11:42.626+0000] {dag.py:3328} INFO - Setting next_dagrun for example_kubernetes_executor to None, run_after=None
[2022-10-02T21:11:42.637+0000] {processor.py:178} INFO - Processing /home/airflow/.local/lib/python3.7/site-packages/airflow/example_dags/example_kubernetes_executor.py took 0.067 seconds
[2022-10-02T21:12:13.192+0000] {processor.py:156} INFO - Started process (PID=902) to work on /home/airflow/.local/lib/python3.7/site-packages/airflow/example_dags/example_kubernetes_executor.py
[2022-10-02T21:12:13.193+0000] {processor.py:758} INFO - Processing file /home/airflow/.local/lib/python3.7/site-packages/airflow/example_dags/example_kubernetes_executor.py for tasks to queue
[2022-10-02T21:12:13.194+0000] {logging_mixin.py:117} INFO - [2022-10-02T21:12:13.194+0000] {dagbag.py:525} INFO - Filling up the DagBag from /home/airflow/.local/lib/python3.7/site-packages/airflow/example_dags/example_kubernetes_executor.py
[2022-10-02T21:12:13.214+0000] {processor.py:768} INFO - DAG(s) dict_keys(['example_kubernetes_executor']) retrieved from /home/airflow/.local/lib/python3.7/site-packages/airflow/example_dags/example_kubernetes_executor.py
[2022-10-02T21:12:13.239+0000] {logging_mixin.py:117} INFO - [2022-10-02T21:12:13.239+0000] {dag.py:2573} INFO - Sync 1 DAGs
[2022-10-02T21:12:13.255+0000] {logging_mixin.py:117} INFO - [2022-10-02T21:12:13.255+0000] {dag.py:3328} INFO - Setting next_dagrun for example_kubernetes_executor to None, run_after=None
[2022-10-02T21:12:13.268+0000] {processor.py:178} INFO - Processing /home/airflow/.local/lib/python3.7/site-packages/airflow/example_dags/example_kubernetes_executor.py took 0.079 seconds
[2022-10-02T21:12:43.460+0000] {processor.py:156} INFO - Started process (PID=956) to work on /home/airflow/.local/lib/python3.7/site-packages/airflow/example_dags/example_kubernetes_executor.py
[2022-10-02T21:12:43.461+0000] {processor.py:758} INFO - Processing file /home/airflow/.local/lib/python3.7/site-packages/airflow/example_dags/example_kubernetes_executor.py for tasks to queue
[2022-10-02T21:12:43.463+0000] {logging_mixin.py:117} INFO - [2022-10-02T21:12:43.463+0000] {dagbag.py:525} INFO - Filling up the DagBag from /home/airflow/.local/lib/python3.7/site-packages/airflow/example_dags/example_kubernetes_executor.py
[2022-10-02T21:12:43.479+0000] {processor.py:768} INFO - DAG(s) dict_keys(['example_kubernetes_executor']) retrieved from /home/airflow/.local/lib/python3.7/site-packages/airflow/example_dags/example_kubernetes_executor.py
[2022-10-02T21:12:43.502+0000] {logging_mixin.py:117} INFO - [2022-10-02T21:12:43.502+0000] {dag.py:2573} INFO - Sync 1 DAGs
[2022-10-02T21:12:43.516+0000] {logging_mixin.py:117} INFO - [2022-10-02T21:12:43.516+0000] {dag.py:3328} INFO - Setting next_dagrun for example_kubernetes_executor to None, run_after=None
[2022-10-02T21:12:43.527+0000] {processor.py:178} INFO - Processing /home/airflow/.local/lib/python3.7/site-packages/airflow/example_dags/example_kubernetes_executor.py took 0.070 seconds
[2022-10-02T21:13:13.725+0000] {processor.py:156} INFO - Started process (PID=1018) to work on /home/airflow/.local/lib/python3.7/site-packages/airflow/example_dags/example_kubernetes_executor.py
[2022-10-02T21:13:13.726+0000] {processor.py:758} INFO - Processing file /home/airflow/.local/lib/python3.7/site-packages/airflow/example_dags/example_kubernetes_executor.py for tasks to queue
[2022-10-02T21:13:13.727+0000] {logging_mixin.py:117} INFO - [2022-10-02T21:13:13.727+0000] {dagbag.py:525} INFO - Filling up the DagBag from /home/airflow/.local/lib/python3.7/site-packages/airflow/example_dags/example_kubernetes_executor.py
[2022-10-02T21:13:13.742+0000] {processor.py:768} INFO - DAG(s) dict_keys(['example_kubernetes_executor']) retrieved from /home/airflow/.local/lib/python3.7/site-packages/airflow/example_dags/example_kubernetes_executor.py
[2022-10-02T21:13:13.767+0000] {logging_mixin.py:117} INFO - [2022-10-02T21:13:13.767+0000] {dag.py:2573} INFO - Sync 1 DAGs
[2022-10-02T21:13:13.781+0000] {logging_mixin.py:117} INFO - [2022-10-02T21:13:13.781+0000] {dag.py:3328} INFO - Setting next_dagrun for example_kubernetes_executor to None, run_after=None
[2022-10-02T21:13:13.792+0000] {processor.py:178} INFO - Processing /home/airflow/.local/lib/python3.7/site-packages/airflow/example_dags/example_kubernetes_executor.py took 0.069 seconds
[2022-10-02T21:14:55.465+0000] {processor.py:156} INFO - Started process (PID=43) to work on /home/airflow/.local/lib/python3.7/site-packages/airflow/example_dags/example_kubernetes_executor.py
[2022-10-02T21:14:55.476+0000] {processor.py:758} INFO - Processing file /home/airflow/.local/lib/python3.7/site-packages/airflow/example_dags/example_kubernetes_executor.py for tasks to queue
[2022-10-02T21:14:55.482+0000] {logging_mixin.py:117} INFO - [2022-10-02T21:14:55.482+0000] {dagbag.py:525} INFO - Filling up the DagBag from /home/airflow/.local/lib/python3.7/site-packages/airflow/example_dags/example_kubernetes_executor.py
[2022-10-02T21:14:55.647+0000] {processor.py:768} INFO - DAG(s) dict_keys(['example_kubernetes_executor']) retrieved from /home/airflow/.local/lib/python3.7/site-packages/airflow/example_dags/example_kubernetes_executor.py
[2022-10-02T21:14:55.796+0000] {logging_mixin.py:117} INFO - [2022-10-02T21:14:55.795+0000] {dag.py:2573} INFO - Sync 1 DAGs
[2022-10-02T21:14:55.968+0000] {logging_mixin.py:117} INFO - [2022-10-02T21:14:55.968+0000] {dag.py:3328} INFO - Setting next_dagrun for example_kubernetes_executor to None, run_after=None
[2022-10-02T21:14:56.060+0000] {processor.py:178} INFO - Processing /home/airflow/.local/lib/python3.7/site-packages/airflow/example_dags/example_kubernetes_executor.py took 0.600 seconds
[2022-10-02T21:15:26.765+0000] {processor.py:156} INFO - Started process (PID=100) to work on /home/airflow/.local/lib/python3.7/site-packages/airflow/example_dags/example_kubernetes_executor.py
[2022-10-02T21:15:26.766+0000] {processor.py:758} INFO - Processing file /home/airflow/.local/lib/python3.7/site-packages/airflow/example_dags/example_kubernetes_executor.py for tasks to queue
[2022-10-02T21:15:26.768+0000] {logging_mixin.py:117} INFO - [2022-10-02T21:15:26.767+0000] {dagbag.py:525} INFO - Filling up the DagBag from /home/airflow/.local/lib/python3.7/site-packages/airflow/example_dags/example_kubernetes_executor.py
[2022-10-02T21:15:26.801+0000] {processor.py:768} INFO - DAG(s) dict_keys(['example_kubernetes_executor']) retrieved from /home/airflow/.local/lib/python3.7/site-packages/airflow/example_dags/example_kubernetes_executor.py
[2022-10-02T21:15:26.836+0000] {logging_mixin.py:117} INFO - [2022-10-02T21:15:26.835+0000] {dag.py:2573} INFO - Sync 1 DAGs
[2022-10-02T21:15:26.862+0000] {logging_mixin.py:117} INFO - [2022-10-02T21:15:26.862+0000] {dag.py:3328} INFO - Setting next_dagrun for example_kubernetes_executor to None, run_after=None
[2022-10-02T21:15:26.881+0000] {processor.py:178} INFO - Processing /home/airflow/.local/lib/python3.7/site-packages/airflow/example_dags/example_kubernetes_executor.py took 0.118 seconds
[2022-10-02T21:15:57.029+0000] {processor.py:156} INFO - Started process (PID=163) to work on /home/airflow/.local/lib/python3.7/site-packages/airflow/example_dags/example_kubernetes_executor.py
[2022-10-02T21:15:57.031+0000] {processor.py:758} INFO - Processing file /home/airflow/.local/lib/python3.7/site-packages/airflow/example_dags/example_kubernetes_executor.py for tasks to queue
[2022-10-02T21:15:57.033+0000] {logging_mixin.py:117} INFO - [2022-10-02T21:15:57.033+0000] {dagbag.py:525} INFO - Filling up the DagBag from /home/airflow/.local/lib/python3.7/site-packages/airflow/example_dags/example_kubernetes_executor.py
[2022-10-02T21:15:57.099+0000] {processor.py:768} INFO - DAG(s) dict_keys(['example_kubernetes_executor']) retrieved from /home/airflow/.local/lib/python3.7/site-packages/airflow/example_dags/example_kubernetes_executor.py
[2022-10-02T21:15:57.156+0000] {logging_mixin.py:117} INFO - [2022-10-02T21:15:57.156+0000] {dag.py:2573} INFO - Sync 1 DAGs
[2022-10-02T21:15:57.183+0000] {logging_mixin.py:117} INFO - [2022-10-02T21:15:57.183+0000] {dag.py:3328} INFO - Setting next_dagrun for example_kubernetes_executor to None, run_after=None
[2022-10-02T21:15:57.221+0000] {processor.py:178} INFO - Processing /home/airflow/.local/lib/python3.7/site-packages/airflow/example_dags/example_kubernetes_executor.py took 0.212 seconds
[2022-10-02T21:16:27.925+0000] {processor.py:156} INFO - Started process (PID=225) to work on /home/airflow/.local/lib/python3.7/site-packages/airflow/example_dags/example_kubernetes_executor.py
[2022-10-02T21:16:27.928+0000] {processor.py:758} INFO - Processing file /home/airflow/.local/lib/python3.7/site-packages/airflow/example_dags/example_kubernetes_executor.py for tasks to queue
[2022-10-02T21:16:27.929+0000] {logging_mixin.py:117} INFO - [2022-10-02T21:16:27.929+0000] {dagbag.py:525} INFO - Filling up the DagBag from /home/airflow/.local/lib/python3.7/site-packages/airflow/example_dags/example_kubernetes_executor.py
[2022-10-02T21:16:27.952+0000] {processor.py:768} INFO - DAG(s) dict_keys(['example_kubernetes_executor']) retrieved from /home/airflow/.local/lib/python3.7/site-packages/airflow/example_dags/example_kubernetes_executor.py
[2022-10-02T21:16:27.982+0000] {logging_mixin.py:117} INFO - [2022-10-02T21:16:27.982+0000] {dag.py:2573} INFO - Sync 1 DAGs
[2022-10-02T21:16:28.003+0000] {logging_mixin.py:117} INFO - [2022-10-02T21:16:28.003+0000] {dag.py:3328} INFO - Setting next_dagrun for example_kubernetes_executor to None, run_after=None
[2022-10-02T21:16:28.026+0000] {processor.py:178} INFO - Processing /home/airflow/.local/lib/python3.7/site-packages/airflow/example_dags/example_kubernetes_executor.py took 0.103 seconds
[2022-10-02T21:16:58.727+0000] {processor.py:156} INFO - Started process (PID=278) to work on /home/airflow/.local/lib/python3.7/site-packages/airflow/example_dags/example_kubernetes_executor.py
[2022-10-02T21:16:58.730+0000] {processor.py:758} INFO - Processing file /home/airflow/.local/lib/python3.7/site-packages/airflow/example_dags/example_kubernetes_executor.py for tasks to queue
[2022-10-02T21:16:58.733+0000] {logging_mixin.py:117} INFO - [2022-10-02T21:16:58.732+0000] {dagbag.py:525} INFO - Filling up the DagBag from /home/airflow/.local/lib/python3.7/site-packages/airflow/example_dags/example_kubernetes_executor.py
[2022-10-02T21:16:58.771+0000] {processor.py:768} INFO - DAG(s) dict_keys(['example_kubernetes_executor']) retrieved from /home/airflow/.local/lib/python3.7/site-packages/airflow/example_dags/example_kubernetes_executor.py
[2022-10-02T21:16:58.850+0000] {logging_mixin.py:117} INFO - [2022-10-02T21:16:58.850+0000] {dag.py:2573} INFO - Sync 1 DAGs
[2022-10-02T21:16:58.907+0000] {logging_mixin.py:117} INFO - [2022-10-02T21:16:58.907+0000] {dag.py:3328} INFO - Setting next_dagrun for example_kubernetes_executor to None, run_after=None
[2022-10-02T21:16:58.925+0000] {processor.py:178} INFO - Processing /home/airflow/.local/lib/python3.7/site-packages/airflow/example_dags/example_kubernetes_executor.py took 0.204 seconds
[2022-10-02T21:17:29.925+0000] {processor.py:156} INFO - Started process (PID=341) to work on /home/airflow/.local/lib/python3.7/site-packages/airflow/example_dags/example_kubernetes_executor.py
[2022-10-02T21:17:29.929+0000] {processor.py:758} INFO - Processing file /home/airflow/.local/lib/python3.7/site-packages/airflow/example_dags/example_kubernetes_executor.py for tasks to queue
[2022-10-02T21:17:29.930+0000] {logging_mixin.py:117} INFO - [2022-10-02T21:17:29.930+0000] {dagbag.py:525} INFO - Filling up the DagBag from /home/airflow/.local/lib/python3.7/site-packages/airflow/example_dags/example_kubernetes_executor.py
[2022-10-02T21:17:29.952+0000] {processor.py:768} INFO - DAG(s) dict_keys(['example_kubernetes_executor']) retrieved from /home/airflow/.local/lib/python3.7/site-packages/airflow/example_dags/example_kubernetes_executor.py
[2022-10-02T21:17:29.985+0000] {logging_mixin.py:117} INFO - [2022-10-02T21:17:29.985+0000] {dag.py:2573} INFO - Sync 1 DAGs
[2022-10-02T21:17:30.002+0000] {logging_mixin.py:117} INFO - [2022-10-02T21:17:30.002+0000] {dag.py:3328} INFO - Setting next_dagrun for example_kubernetes_executor to None, run_after=None
[2022-10-02T21:17:30.017+0000] {processor.py:178} INFO - Processing /home/airflow/.local/lib/python3.7/site-packages/airflow/example_dags/example_kubernetes_executor.py took 0.094 seconds
[2022-10-02T21:18:00.440+0000] {processor.py:156} INFO - Started process (PID=405) to work on /home/airflow/.local/lib/python3.7/site-packages/airflow/example_dags/example_kubernetes_executor.py
[2022-10-02T21:18:00.442+0000] {processor.py:758} INFO - Processing file /home/airflow/.local/lib/python3.7/site-packages/airflow/example_dags/example_kubernetes_executor.py for tasks to queue
[2022-10-02T21:18:00.444+0000] {logging_mixin.py:117} INFO - [2022-10-02T21:18:00.444+0000] {dagbag.py:525} INFO - Filling up the DagBag from /home/airflow/.local/lib/python3.7/site-packages/airflow/example_dags/example_kubernetes_executor.py
[2022-10-02T21:18:00.469+0000] {processor.py:768} INFO - DAG(s) dict_keys(['example_kubernetes_executor']) retrieved from /home/airflow/.local/lib/python3.7/site-packages/airflow/example_dags/example_kubernetes_executor.py
[2022-10-02T21:18:00.495+0000] {logging_mixin.py:117} INFO - [2022-10-02T21:18:00.495+0000] {dag.py:2573} INFO - Sync 1 DAGs
[2022-10-02T21:18:00.512+0000] {logging_mixin.py:117} INFO - [2022-10-02T21:18:00.512+0000] {dag.py:3328} INFO - Setting next_dagrun for example_kubernetes_executor to None, run_after=None
[2022-10-02T21:18:00.526+0000] {processor.py:178} INFO - Processing /home/airflow/.local/lib/python3.7/site-packages/airflow/example_dags/example_kubernetes_executor.py took 0.090 seconds
[2022-10-02T21:18:30.801+0000] {processor.py:156} INFO - Started process (PID=470) to work on /home/airflow/.local/lib/python3.7/site-packages/airflow/example_dags/example_kubernetes_executor.py
[2022-10-02T21:18:30.805+0000] {processor.py:758} INFO - Processing file /home/airflow/.local/lib/python3.7/site-packages/airflow/example_dags/example_kubernetes_executor.py for tasks to queue
[2022-10-02T21:18:30.812+0000] {logging_mixin.py:117} INFO - [2022-10-02T21:18:30.807+0000] {dagbag.py:525} INFO - Filling up the DagBag from /home/airflow/.local/lib/python3.7/site-packages/airflow/example_dags/example_kubernetes_executor.py
[2022-10-02T21:18:30.842+0000] {processor.py:768} INFO - DAG(s) dict_keys(['example_kubernetes_executor']) retrieved from /home/airflow/.local/lib/python3.7/site-packages/airflow/example_dags/example_kubernetes_executor.py
[2022-10-02T21:18:30.876+0000] {logging_mixin.py:117} INFO - [2022-10-02T21:18:30.875+0000] {dag.py:2573} INFO - Sync 1 DAGs
[2022-10-02T21:18:30.908+0000] {logging_mixin.py:117} INFO - [2022-10-02T21:18:30.908+0000] {dag.py:3328} INFO - Setting next_dagrun for example_kubernetes_executor to None, run_after=None
[2022-10-02T21:18:30.934+0000] {processor.py:178} INFO - Processing /home/airflow/.local/lib/python3.7/site-packages/airflow/example_dags/example_kubernetes_executor.py took 0.143 seconds
[2022-10-02T21:19:01.212+0000] {processor.py:156} INFO - Started process (PID=533) to work on /home/airflow/.local/lib/python3.7/site-packages/airflow/example_dags/example_kubernetes_executor.py
[2022-10-02T21:19:01.215+0000] {processor.py:758} INFO - Processing file /home/airflow/.local/lib/python3.7/site-packages/airflow/example_dags/example_kubernetes_executor.py for tasks to queue
[2022-10-02T21:19:01.216+0000] {logging_mixin.py:117} INFO - [2022-10-02T21:19:01.216+0000] {dagbag.py:525} INFO - Filling up the DagBag from /home/airflow/.local/lib/python3.7/site-packages/airflow/example_dags/example_kubernetes_executor.py
[2022-10-02T21:19:01.238+0000] {processor.py:768} INFO - DAG(s) dict_keys(['example_kubernetes_executor']) retrieved from /home/airflow/.local/lib/python3.7/site-packages/airflow/example_dags/example_kubernetes_executor.py
[2022-10-02T21:19:01.273+0000] {logging_mixin.py:117} INFO - [2022-10-02T21:19:01.273+0000] {dag.py:2573} INFO - Sync 1 DAGs
[2022-10-02T21:19:01.294+0000] {logging_mixin.py:117} INFO - [2022-10-02T21:19:01.293+0000] {dag.py:3328} INFO - Setting next_dagrun for example_kubernetes_executor to None, run_after=None
[2022-10-02T21:19:01.310+0000] {processor.py:178} INFO - Processing /home/airflow/.local/lib/python3.7/site-packages/airflow/example_dags/example_kubernetes_executor.py took 0.100 seconds
[2022-10-02T21:19:31.933+0000] {processor.py:156} INFO - Started process (PID=587) to work on /home/airflow/.local/lib/python3.7/site-packages/airflow/example_dags/example_kubernetes_executor.py
[2022-10-02T21:19:31.935+0000] {processor.py:758} INFO - Processing file /home/airflow/.local/lib/python3.7/site-packages/airflow/example_dags/example_kubernetes_executor.py for tasks to queue
[2022-10-02T21:19:31.937+0000] {logging_mixin.py:117} INFO - [2022-10-02T21:19:31.937+0000] {dagbag.py:525} INFO - Filling up the DagBag from /home/airflow/.local/lib/python3.7/site-packages/airflow/example_dags/example_kubernetes_executor.py
[2022-10-02T21:19:31.956+0000] {processor.py:768} INFO - DAG(s) dict_keys(['example_kubernetes_executor']) retrieved from /home/airflow/.local/lib/python3.7/site-packages/airflow/example_dags/example_kubernetes_executor.py
[2022-10-02T21:19:31.982+0000] {logging_mixin.py:117} INFO - [2022-10-02T21:19:31.982+0000] {dag.py:2573} INFO - Sync 1 DAGs
[2022-10-02T21:19:31.997+0000] {logging_mixin.py:117} INFO - [2022-10-02T21:19:31.997+0000] {dag.py:3328} INFO - Setting next_dagrun for example_kubernetes_executor to None, run_after=None
[2022-10-02T21:19:32.012+0000] {processor.py:178} INFO - Processing /home/airflow/.local/lib/python3.7/site-packages/airflow/example_dags/example_kubernetes_executor.py took 0.082 seconds
