[2022-10-02T20:50:15.653+0000] {processor.py:156} INFO - Started process (PID=65) to work on /home/airflow/.local/lib/python3.7/site-packages/airflow/example_dags/example_skip_dag.py
[2022-10-02T20:50:15.668+0000] {processor.py:758} INFO - Processing file /home/airflow/.local/lib/python3.7/site-packages/airflow/example_dags/example_skip_dag.py for tasks to queue
[2022-10-02T20:50:15.691+0000] {logging_mixin.py:117} INFO - [2022-10-02T20:50:15.691+0000] {dagbag.py:525} INFO - Filling up the DagBag from /home/airflow/.local/lib/python3.7/site-packages/airflow/example_dags/example_skip_dag.py
[2022-10-02T20:50:15.796+0000] {processor.py:768} INFO - DAG(s) dict_keys(['example_skip_dag']) retrieved from /home/airflow/.local/lib/python3.7/site-packages/airflow/example_dags/example_skip_dag.py
[2022-10-02T20:50:15.868+0000] {logging_mixin.py:117} INFO - [2022-10-02T20:50:15.868+0000] {dag.py:2573} INFO - Sync 1 DAGs
[2022-10-02T20:50:15.938+0000] {logging_mixin.py:117} INFO - [2022-10-02T20:50:15.936+0000] {dag.py:3328} INFO - Setting next_dagrun for example_skip_dag to 2022-10-01T20:50:15.934507+00:00, run_after=2022-10-02T20:50:15.934507+00:00
[2022-10-02T20:50:16.044+0000] {processor.py:178} INFO - Processing /home/airflow/.local/lib/python3.7/site-packages/airflow/example_dags/example_skip_dag.py took 0.403 seconds
[2022-10-02T20:50:46.973+0000] {processor.py:156} INFO - Started process (PID=118) to work on /home/airflow/.local/lib/python3.7/site-packages/airflow/example_dags/example_skip_dag.py
[2022-10-02T20:50:46.975+0000] {processor.py:758} INFO - Processing file /home/airflow/.local/lib/python3.7/site-packages/airflow/example_dags/example_skip_dag.py for tasks to queue
[2022-10-02T20:50:46.977+0000] {logging_mixin.py:117} INFO - [2022-10-02T20:50:46.977+0000] {dagbag.py:525} INFO - Filling up the DagBag from /home/airflow/.local/lib/python3.7/site-packages/airflow/example_dags/example_skip_dag.py
[2022-10-02T20:50:46.990+0000] {processor.py:768} INFO - DAG(s) dict_keys(['example_skip_dag']) retrieved from /home/airflow/.local/lib/python3.7/site-packages/airflow/example_dags/example_skip_dag.py
[2022-10-02T20:50:47.042+0000] {logging_mixin.py:117} INFO - [2022-10-02T20:50:47.042+0000] {dag.py:2573} INFO - Sync 1 DAGs
[2022-10-02T20:50:47.067+0000] {logging_mixin.py:117} INFO - [2022-10-02T20:50:47.067+0000] {dag.py:3328} INFO - Setting next_dagrun for example_skip_dag to 2022-10-01T20:50:47.067066+00:00, run_after=2022-10-02T20:50:47.067066+00:00
[2022-10-02T20:50:47.095+0000] {processor.py:178} INFO - Processing /home/airflow/.local/lib/python3.7/site-packages/airflow/example_dags/example_skip_dag.py took 0.125 seconds
[2022-10-02T20:51:17.687+0000] {processor.py:156} INFO - Started process (PID=183) to work on /home/airflow/.local/lib/python3.7/site-packages/airflow/example_dags/example_skip_dag.py
[2022-10-02T20:51:17.690+0000] {processor.py:758} INFO - Processing file /home/airflow/.local/lib/python3.7/site-packages/airflow/example_dags/example_skip_dag.py for tasks to queue
[2022-10-02T20:51:17.691+0000] {logging_mixin.py:117} INFO - [2022-10-02T20:51:17.691+0000] {dagbag.py:525} INFO - Filling up the DagBag from /home/airflow/.local/lib/python3.7/site-packages/airflow/example_dags/example_skip_dag.py
[2022-10-02T20:51:17.703+0000] {processor.py:768} INFO - DAG(s) dict_keys(['example_skip_dag']) retrieved from /home/airflow/.local/lib/python3.7/site-packages/airflow/example_dags/example_skip_dag.py
[2022-10-02T20:51:17.743+0000] {logging_mixin.py:117} INFO - [2022-10-02T20:51:17.743+0000] {dag.py:2573} INFO - Sync 1 DAGs
[2022-10-02T20:51:17.772+0000] {logging_mixin.py:117} INFO - [2022-10-02T20:51:17.772+0000] {dag.py:3328} INFO - Setting next_dagrun for example_skip_dag to 2022-10-01T20:51:17.772255+00:00, run_after=2022-10-02T20:51:17.772255+00:00
[2022-10-02T20:51:17.798+0000] {processor.py:178} INFO - Processing /home/airflow/.local/lib/python3.7/site-packages/airflow/example_dags/example_skip_dag.py took 0.113 seconds
[2022-10-02T20:51:48.569+0000] {processor.py:156} INFO - Started process (PID=246) to work on /home/airflow/.local/lib/python3.7/site-packages/airflow/example_dags/example_skip_dag.py
[2022-10-02T20:51:48.572+0000] {processor.py:758} INFO - Processing file /home/airflow/.local/lib/python3.7/site-packages/airflow/example_dags/example_skip_dag.py for tasks to queue
[2022-10-02T20:51:48.574+0000] {logging_mixin.py:117} INFO - [2022-10-02T20:51:48.574+0000] {dagbag.py:525} INFO - Filling up the DagBag from /home/airflow/.local/lib/python3.7/site-packages/airflow/example_dags/example_skip_dag.py
[2022-10-02T20:51:48.587+0000] {processor.py:768} INFO - DAG(s) dict_keys(['example_skip_dag']) retrieved from /home/airflow/.local/lib/python3.7/site-packages/airflow/example_dags/example_skip_dag.py
[2022-10-02T20:51:48.618+0000] {logging_mixin.py:117} INFO - [2022-10-02T20:51:48.618+0000] {dag.py:2573} INFO - Sync 1 DAGs
[2022-10-02T20:51:48.638+0000] {logging_mixin.py:117} INFO - [2022-10-02T20:51:48.637+0000] {dag.py:3328} INFO - Setting next_dagrun for example_skip_dag to 2022-10-01T20:51:48.637817+00:00, run_after=2022-10-02T20:51:48.637817+00:00
[2022-10-02T20:51:48.655+0000] {processor.py:178} INFO - Processing /home/airflow/.local/lib/python3.7/site-packages/airflow/example_dags/example_skip_dag.py took 0.089 seconds
[2022-10-02T20:52:19.019+0000] {processor.py:156} INFO - Started process (PID=307) to work on /home/airflow/.local/lib/python3.7/site-packages/airflow/example_dags/example_skip_dag.py
[2022-10-02T20:52:19.022+0000] {processor.py:758} INFO - Processing file /home/airflow/.local/lib/python3.7/site-packages/airflow/example_dags/example_skip_dag.py for tasks to queue
[2022-10-02T20:52:19.023+0000] {logging_mixin.py:117} INFO - [2022-10-02T20:52:19.023+0000] {dagbag.py:525} INFO - Filling up the DagBag from /home/airflow/.local/lib/python3.7/site-packages/airflow/example_dags/example_skip_dag.py
[2022-10-02T20:52:19.041+0000] {processor.py:768} INFO - DAG(s) dict_keys(['example_skip_dag']) retrieved from /home/airflow/.local/lib/python3.7/site-packages/airflow/example_dags/example_skip_dag.py
[2022-10-02T20:52:19.090+0000] {logging_mixin.py:117} INFO - [2022-10-02T20:52:19.090+0000] {dag.py:2573} INFO - Sync 1 DAGs
[2022-10-02T20:52:19.124+0000] {logging_mixin.py:117} INFO - [2022-10-02T20:52:19.124+0000] {dag.py:3328} INFO - Setting next_dagrun for example_skip_dag to 2022-10-01T20:52:19.124434+00:00, run_after=2022-10-02T20:52:19.124434+00:00
[2022-10-02T20:52:19.152+0000] {processor.py:178} INFO - Processing /home/airflow/.local/lib/python3.7/site-packages/airflow/example_dags/example_skip_dag.py took 0.136 seconds
[2022-10-02T20:52:49.224+0000] {processor.py:156} INFO - Started process (PID=370) to work on /home/airflow/.local/lib/python3.7/site-packages/airflow/example_dags/example_skip_dag.py
[2022-10-02T20:52:49.227+0000] {processor.py:758} INFO - Processing file /home/airflow/.local/lib/python3.7/site-packages/airflow/example_dags/example_skip_dag.py for tasks to queue
[2022-10-02T20:52:49.229+0000] {logging_mixin.py:117} INFO - [2022-10-02T20:52:49.229+0000] {dagbag.py:525} INFO - Filling up the DagBag from /home/airflow/.local/lib/python3.7/site-packages/airflow/example_dags/example_skip_dag.py
[2022-10-02T20:52:49.242+0000] {processor.py:768} INFO - DAG(s) dict_keys(['example_skip_dag']) retrieved from /home/airflow/.local/lib/python3.7/site-packages/airflow/example_dags/example_skip_dag.py
[2022-10-02T20:52:49.270+0000] {logging_mixin.py:117} INFO - [2022-10-02T20:52:49.270+0000] {dag.py:2573} INFO - Sync 1 DAGs
[2022-10-02T20:52:49.287+0000] {logging_mixin.py:117} INFO - [2022-10-02T20:52:49.286+0000] {dag.py:3328} INFO - Setting next_dagrun for example_skip_dag to 2022-10-01T20:52:49.286809+00:00, run_after=2022-10-02T20:52:49.286809+00:00
[2022-10-02T20:52:49.301+0000] {processor.py:178} INFO - Processing /home/airflow/.local/lib/python3.7/site-packages/airflow/example_dags/example_skip_dag.py took 0.081 seconds
[2022-10-02T20:54:20.140+0000] {processor.py:156} INFO - Started process (PID=55) to work on /home/airflow/.local/lib/python3.7/site-packages/airflow/example_dags/example_skip_dag.py
[2022-10-02T20:54:20.147+0000] {processor.py:758} INFO - Processing file /home/airflow/.local/lib/python3.7/site-packages/airflow/example_dags/example_skip_dag.py for tasks to queue
[2022-10-02T20:54:20.150+0000] {logging_mixin.py:117} INFO - [2022-10-02T20:54:20.150+0000] {dagbag.py:525} INFO - Filling up the DagBag from /home/airflow/.local/lib/python3.7/site-packages/airflow/example_dags/example_skip_dag.py
[2022-10-02T20:54:20.173+0000] {processor.py:768} INFO - DAG(s) dict_keys(['example_skip_dag']) retrieved from /home/airflow/.local/lib/python3.7/site-packages/airflow/example_dags/example_skip_dag.py
[2022-10-02T20:54:20.211+0000] {logging_mixin.py:117} INFO - [2022-10-02T20:54:20.211+0000] {dag.py:2573} INFO - Sync 1 DAGs
[2022-10-02T20:54:20.237+0000] {logging_mixin.py:117} INFO - [2022-10-02T20:54:20.237+0000] {dag.py:3328} INFO - Setting next_dagrun for example_skip_dag to 2022-10-01T20:54:20.236924+00:00, run_after=2022-10-02T20:54:20.236924+00:00
[2022-10-02T20:54:20.290+0000] {processor.py:178} INFO - Processing /home/airflow/.local/lib/python3.7/site-packages/airflow/example_dags/example_skip_dag.py took 0.155 seconds
[2022-10-02T20:54:51.077+0000] {processor.py:156} INFO - Started process (PID=118) to work on /home/airflow/.local/lib/python3.7/site-packages/airflow/example_dags/example_skip_dag.py
[2022-10-02T20:54:51.079+0000] {processor.py:758} INFO - Processing file /home/airflow/.local/lib/python3.7/site-packages/airflow/example_dags/example_skip_dag.py for tasks to queue
[2022-10-02T20:54:51.080+0000] {logging_mixin.py:117} INFO - [2022-10-02T20:54:51.080+0000] {dagbag.py:525} INFO - Filling up the DagBag from /home/airflow/.local/lib/python3.7/site-packages/airflow/example_dags/example_skip_dag.py
[2022-10-02T20:54:51.089+0000] {processor.py:768} INFO - DAG(s) dict_keys(['example_skip_dag']) retrieved from /home/airflow/.local/lib/python3.7/site-packages/airflow/example_dags/example_skip_dag.py
[2022-10-02T20:54:51.115+0000] {logging_mixin.py:117} INFO - [2022-10-02T20:54:51.115+0000] {dag.py:2573} INFO - Sync 1 DAGs
[2022-10-02T20:54:51.129+0000] {logging_mixin.py:117} INFO - [2022-10-02T20:54:51.129+0000] {dag.py:3328} INFO - Setting next_dagrun for example_skip_dag to 2022-10-01T20:54:51.129672+00:00, run_after=2022-10-02T20:54:51.129672+00:00
[2022-10-02T20:54:51.142+0000] {processor.py:178} INFO - Processing /home/airflow/.local/lib/python3.7/site-packages/airflow/example_dags/example_skip_dag.py took 0.067 seconds
[2022-10-02T20:56:38.916+0000] {processor.py:156} INFO - Started process (PID=62) to work on /home/airflow/.local/lib/python3.7/site-packages/airflow/example_dags/example_skip_dag.py
[2022-10-02T20:56:38.919+0000] {processor.py:758} INFO - Processing file /home/airflow/.local/lib/python3.7/site-packages/airflow/example_dags/example_skip_dag.py for tasks to queue
[2022-10-02T20:56:38.929+0000] {logging_mixin.py:117} INFO - [2022-10-02T20:56:38.929+0000] {dagbag.py:525} INFO - Filling up the DagBag from /home/airflow/.local/lib/python3.7/site-packages/airflow/example_dags/example_skip_dag.py
[2022-10-02T20:56:39.018+0000] {processor.py:768} INFO - DAG(s) dict_keys(['example_skip_dag']) retrieved from /home/airflow/.local/lib/python3.7/site-packages/airflow/example_dags/example_skip_dag.py
[2022-10-02T20:56:39.148+0000] {logging_mixin.py:117} INFO - [2022-10-02T20:56:39.147+0000] {dag.py:2573} INFO - Sync 1 DAGs
[2022-10-02T20:56:39.291+0000] {logging_mixin.py:117} INFO - [2022-10-02T20:56:39.291+0000] {dag.py:3328} INFO - Setting next_dagrun for example_skip_dag to 2022-10-01T20:56:39.291002+00:00, run_after=2022-10-02T20:56:39.291002+00:00
[2022-10-02T20:56:39.350+0000] {processor.py:178} INFO - Processing /home/airflow/.local/lib/python3.7/site-packages/airflow/example_dags/example_skip_dag.py took 0.436 seconds
[2022-10-02T20:57:10.309+0000] {processor.py:156} INFO - Started process (PID=119) to work on /home/airflow/.local/lib/python3.7/site-packages/airflow/example_dags/example_skip_dag.py
[2022-10-02T20:57:10.312+0000] {processor.py:758} INFO - Processing file /home/airflow/.local/lib/python3.7/site-packages/airflow/example_dags/example_skip_dag.py for tasks to queue
[2022-10-02T20:57:10.315+0000] {logging_mixin.py:117} INFO - [2022-10-02T20:57:10.314+0000] {dagbag.py:525} INFO - Filling up the DagBag from /home/airflow/.local/lib/python3.7/site-packages/airflow/example_dags/example_skip_dag.py
[2022-10-02T20:57:10.329+0000] {processor.py:768} INFO - DAG(s) dict_keys(['example_skip_dag']) retrieved from /home/airflow/.local/lib/python3.7/site-packages/airflow/example_dags/example_skip_dag.py
[2022-10-02T20:57:10.375+0000] {logging_mixin.py:117} INFO - [2022-10-02T20:57:10.375+0000] {dag.py:2573} INFO - Sync 1 DAGs
[2022-10-02T20:57:10.398+0000] {logging_mixin.py:117} INFO - [2022-10-02T20:57:10.397+0000] {dag.py:3328} INFO - Setting next_dagrun for example_skip_dag to 2022-10-01T20:57:10.397744+00:00, run_after=2022-10-02T20:57:10.397744+00:00
[2022-10-02T20:57:10.416+0000] {processor.py:178} INFO - Processing /home/airflow/.local/lib/python3.7/site-packages/airflow/example_dags/example_skip_dag.py took 0.110 seconds
[2022-10-02T20:57:40.452+0000] {processor.py:156} INFO - Started process (PID=183) to work on /home/airflow/.local/lib/python3.7/site-packages/airflow/example_dags/example_skip_dag.py
[2022-10-02T20:57:40.453+0000] {processor.py:758} INFO - Processing file /home/airflow/.local/lib/python3.7/site-packages/airflow/example_dags/example_skip_dag.py for tasks to queue
[2022-10-02T20:57:40.455+0000] {logging_mixin.py:117} INFO - [2022-10-02T20:57:40.455+0000] {dagbag.py:525} INFO - Filling up the DagBag from /home/airflow/.local/lib/python3.7/site-packages/airflow/example_dags/example_skip_dag.py
[2022-10-02T20:57:40.464+0000] {processor.py:768} INFO - DAG(s) dict_keys(['example_skip_dag']) retrieved from /home/airflow/.local/lib/python3.7/site-packages/airflow/example_dags/example_skip_dag.py
[2022-10-02T20:57:40.490+0000] {logging_mixin.py:117} INFO - [2022-10-02T20:57:40.490+0000] {dag.py:2573} INFO - Sync 1 DAGs
[2022-10-02T20:57:40.505+0000] {logging_mixin.py:117} INFO - [2022-10-02T20:57:40.504+0000] {dag.py:3328} INFO - Setting next_dagrun for example_skip_dag to 2022-10-01T20:57:40.504813+00:00, run_after=2022-10-02T20:57:40.504813+00:00
[2022-10-02T20:57:40.516+0000] {processor.py:178} INFO - Processing /home/airflow/.local/lib/python3.7/site-packages/airflow/example_dags/example_skip_dag.py took 0.066 seconds
[2022-10-02T20:58:10.807+0000] {processor.py:156} INFO - Started process (PID=245) to work on /home/airflow/.local/lib/python3.7/site-packages/airflow/example_dags/example_skip_dag.py
[2022-10-02T20:58:10.809+0000] {processor.py:758} INFO - Processing file /home/airflow/.local/lib/python3.7/site-packages/airflow/example_dags/example_skip_dag.py for tasks to queue
[2022-10-02T20:58:10.810+0000] {logging_mixin.py:117} INFO - [2022-10-02T20:58:10.810+0000] {dagbag.py:525} INFO - Filling up the DagBag from /home/airflow/.local/lib/python3.7/site-packages/airflow/example_dags/example_skip_dag.py
[2022-10-02T20:58:10.819+0000] {processor.py:768} INFO - DAG(s) dict_keys(['example_skip_dag']) retrieved from /home/airflow/.local/lib/python3.7/site-packages/airflow/example_dags/example_skip_dag.py
[2022-10-02T20:58:10.845+0000] {logging_mixin.py:117} INFO - [2022-10-02T20:58:10.845+0000] {dag.py:2573} INFO - Sync 1 DAGs
[2022-10-02T20:58:10.861+0000] {logging_mixin.py:117} INFO - [2022-10-02T20:58:10.861+0000] {dag.py:3328} INFO - Setting next_dagrun for example_skip_dag to 2022-10-01T20:58:10.861276+00:00, run_after=2022-10-02T20:58:10.861276+00:00
[2022-10-02T20:58:10.872+0000] {processor.py:178} INFO - Processing /home/airflow/.local/lib/python3.7/site-packages/airflow/example_dags/example_skip_dag.py took 0.067 seconds
[2022-10-02T20:58:41.412+0000] {processor.py:156} INFO - Started process (PID=309) to work on /home/airflow/.local/lib/python3.7/site-packages/airflow/example_dags/example_skip_dag.py
[2022-10-02T20:58:41.414+0000] {processor.py:758} INFO - Processing file /home/airflow/.local/lib/python3.7/site-packages/airflow/example_dags/example_skip_dag.py for tasks to queue
[2022-10-02T20:58:41.415+0000] {logging_mixin.py:117} INFO - [2022-10-02T20:58:41.415+0000] {dagbag.py:525} INFO - Filling up the DagBag from /home/airflow/.local/lib/python3.7/site-packages/airflow/example_dags/example_skip_dag.py
[2022-10-02T20:58:41.426+0000] {processor.py:768} INFO - DAG(s) dict_keys(['example_skip_dag']) retrieved from /home/airflow/.local/lib/python3.7/site-packages/airflow/example_dags/example_skip_dag.py
[2022-10-02T20:58:41.454+0000] {logging_mixin.py:117} INFO - [2022-10-02T20:58:41.454+0000] {dag.py:2573} INFO - Sync 1 DAGs
[2022-10-02T20:58:41.472+0000] {logging_mixin.py:117} INFO - [2022-10-02T20:58:41.471+0000] {dag.py:3328} INFO - Setting next_dagrun for example_skip_dag to 2022-10-01T20:58:41.471768+00:00, run_after=2022-10-02T20:58:41.471768+00:00
[2022-10-02T20:58:41.484+0000] {processor.py:178} INFO - Processing /home/airflow/.local/lib/python3.7/site-packages/airflow/example_dags/example_skip_dag.py took 0.074 seconds
[2022-10-02T20:59:11.738+0000] {processor.py:156} INFO - Started process (PID=372) to work on /home/airflow/.local/lib/python3.7/site-packages/airflow/example_dags/example_skip_dag.py
[2022-10-02T20:59:11.740+0000] {processor.py:758} INFO - Processing file /home/airflow/.local/lib/python3.7/site-packages/airflow/example_dags/example_skip_dag.py for tasks to queue
[2022-10-02T20:59:11.741+0000] {logging_mixin.py:117} INFO - [2022-10-02T20:59:11.741+0000] {dagbag.py:525} INFO - Filling up the DagBag from /home/airflow/.local/lib/python3.7/site-packages/airflow/example_dags/example_skip_dag.py
[2022-10-02T20:59:11.752+0000] {processor.py:768} INFO - DAG(s) dict_keys(['example_skip_dag']) retrieved from /home/airflow/.local/lib/python3.7/site-packages/airflow/example_dags/example_skip_dag.py
[2022-10-02T20:59:11.806+0000] {logging_mixin.py:117} INFO - [2022-10-02T20:59:11.806+0000] {dag.py:2573} INFO - Sync 1 DAGs
[2022-10-02T20:59:11.827+0000] {logging_mixin.py:117} INFO - [2022-10-02T20:59:11.827+0000] {dag.py:3328} INFO - Setting next_dagrun for example_skip_dag to 2022-10-01T20:59:11.826810+00:00, run_after=2022-10-02T20:59:11.826810+00:00
[2022-10-02T20:59:11.873+0000] {processor.py:178} INFO - Processing /home/airflow/.local/lib/python3.7/site-packages/airflow/example_dags/example_skip_dag.py took 0.138 seconds
[2022-10-02T20:59:42.073+0000] {processor.py:156} INFO - Started process (PID=425) to work on /home/airflow/.local/lib/python3.7/site-packages/airflow/example_dags/example_skip_dag.py
[2022-10-02T20:59:42.075+0000] {processor.py:758} INFO - Processing file /home/airflow/.local/lib/python3.7/site-packages/airflow/example_dags/example_skip_dag.py for tasks to queue
[2022-10-02T20:59:42.075+0000] {logging_mixin.py:117} INFO - [2022-10-02T20:59:42.075+0000] {dagbag.py:525} INFO - Filling up the DagBag from /home/airflow/.local/lib/python3.7/site-packages/airflow/example_dags/example_skip_dag.py
[2022-10-02T20:59:42.086+0000] {processor.py:768} INFO - DAG(s) dict_keys(['example_skip_dag']) retrieved from /home/airflow/.local/lib/python3.7/site-packages/airflow/example_dags/example_skip_dag.py
[2022-10-02T20:59:42.116+0000] {logging_mixin.py:117} INFO - [2022-10-02T20:59:42.115+0000] {dag.py:2573} INFO - Sync 1 DAGs
[2022-10-02T20:59:42.131+0000] {logging_mixin.py:117} INFO - [2022-10-02T20:59:42.131+0000] {dag.py:3328} INFO - Setting next_dagrun for example_skip_dag to 2022-10-01T20:59:42.131059+00:00, run_after=2022-10-02T20:59:42.131059+00:00
[2022-10-02T20:59:42.146+0000] {processor.py:178} INFO - Processing /home/airflow/.local/lib/python3.7/site-packages/airflow/example_dags/example_skip_dag.py took 0.075 seconds
[2022-10-02T21:00:12.184+0000] {processor.py:156} INFO - Started process (PID=488) to work on /home/airflow/.local/lib/python3.7/site-packages/airflow/example_dags/example_skip_dag.py
[2022-10-02T21:00:12.186+0000] {processor.py:758} INFO - Processing file /home/airflow/.local/lib/python3.7/site-packages/airflow/example_dags/example_skip_dag.py for tasks to queue
[2022-10-02T21:00:12.186+0000] {logging_mixin.py:117} INFO - [2022-10-02T21:00:12.186+0000] {dagbag.py:525} INFO - Filling up the DagBag from /home/airflow/.local/lib/python3.7/site-packages/airflow/example_dags/example_skip_dag.py
[2022-10-02T21:00:12.196+0000] {processor.py:768} INFO - DAG(s) dict_keys(['example_skip_dag']) retrieved from /home/airflow/.local/lib/python3.7/site-packages/airflow/example_dags/example_skip_dag.py
[2022-10-02T21:00:12.223+0000] {logging_mixin.py:117} INFO - [2022-10-02T21:00:12.223+0000] {dag.py:2573} INFO - Sync 1 DAGs
[2022-10-02T21:00:12.240+0000] {logging_mixin.py:117} INFO - [2022-10-02T21:00:12.240+0000] {dag.py:3328} INFO - Setting next_dagrun for example_skip_dag to 2022-10-01T21:00:12.240148+00:00, run_after=2022-10-02T21:00:12.240148+00:00
[2022-10-02T21:00:12.254+0000] {processor.py:178} INFO - Processing /home/airflow/.local/lib/python3.7/site-packages/airflow/example_dags/example_skip_dag.py took 0.072 seconds
[2022-10-02T21:00:43.334+0000] {processor.py:156} INFO - Started process (PID=551) to work on /home/airflow/.local/lib/python3.7/site-packages/airflow/example_dags/example_skip_dag.py
[2022-10-02T21:00:43.335+0000] {processor.py:758} INFO - Processing file /home/airflow/.local/lib/python3.7/site-packages/airflow/example_dags/example_skip_dag.py for tasks to queue
[2022-10-02T21:00:43.336+0000] {logging_mixin.py:117} INFO - [2022-10-02T21:00:43.336+0000] {dagbag.py:525} INFO - Filling up the DagBag from /home/airflow/.local/lib/python3.7/site-packages/airflow/example_dags/example_skip_dag.py
[2022-10-02T21:00:43.345+0000] {processor.py:768} INFO - DAG(s) dict_keys(['example_skip_dag']) retrieved from /home/airflow/.local/lib/python3.7/site-packages/airflow/example_dags/example_skip_dag.py
[2022-10-02T21:00:43.372+0000] {logging_mixin.py:117} INFO - [2022-10-02T21:00:43.372+0000] {dag.py:2573} INFO - Sync 1 DAGs
[2022-10-02T21:00:43.387+0000] {logging_mixin.py:117} INFO - [2022-10-02T21:00:43.387+0000] {dag.py:3328} INFO - Setting next_dagrun for example_skip_dag to 2022-10-01T21:00:43.387276+00:00, run_after=2022-10-02T21:00:43.387276+00:00
[2022-10-02T21:00:43.399+0000] {processor.py:178} INFO - Processing /home/airflow/.local/lib/python3.7/site-packages/airflow/example_dags/example_skip_dag.py took 0.067 seconds
[2022-10-02T21:01:14.265+0000] {processor.py:156} INFO - Started process (PID=614) to work on /home/airflow/.local/lib/python3.7/site-packages/airflow/example_dags/example_skip_dag.py
[2022-10-02T21:01:14.267+0000] {processor.py:758} INFO - Processing file /home/airflow/.local/lib/python3.7/site-packages/airflow/example_dags/example_skip_dag.py for tasks to queue
[2022-10-02T21:01:14.268+0000] {logging_mixin.py:117} INFO - [2022-10-02T21:01:14.268+0000] {dagbag.py:525} INFO - Filling up the DagBag from /home/airflow/.local/lib/python3.7/site-packages/airflow/example_dags/example_skip_dag.py
[2022-10-02T21:01:14.278+0000] {processor.py:768} INFO - DAG(s) dict_keys(['example_skip_dag']) retrieved from /home/airflow/.local/lib/python3.7/site-packages/airflow/example_dags/example_skip_dag.py
[2022-10-02T21:01:14.310+0000] {logging_mixin.py:117} INFO - [2022-10-02T21:01:14.310+0000] {dag.py:2573} INFO - Sync 1 DAGs
[2022-10-02T21:01:14.326+0000] {logging_mixin.py:117} INFO - [2022-10-02T21:01:14.325+0000] {dag.py:3328} INFO - Setting next_dagrun for example_skip_dag to 2022-10-01T21:01:14.325722+00:00, run_after=2022-10-02T21:01:14.325722+00:00
[2022-10-02T21:01:14.340+0000] {processor.py:178} INFO - Processing /home/airflow/.local/lib/python3.7/site-packages/airflow/example_dags/example_skip_dag.py took 0.077 seconds
[2022-10-02T21:01:45.415+0000] {processor.py:156} INFO - Started process (PID=676) to work on /home/airflow/.local/lib/python3.7/site-packages/airflow/example_dags/example_skip_dag.py
[2022-10-02T21:01:45.420+0000] {processor.py:758} INFO - Processing file /home/airflow/.local/lib/python3.7/site-packages/airflow/example_dags/example_skip_dag.py for tasks to queue
[2022-10-02T21:01:45.427+0000] {logging_mixin.py:117} INFO - [2022-10-02T21:01:45.427+0000] {dagbag.py:525} INFO - Filling up the DagBag from /home/airflow/.local/lib/python3.7/site-packages/airflow/example_dags/example_skip_dag.py
[2022-10-02T21:01:45.439+0000] {processor.py:768} INFO - DAG(s) dict_keys(['example_skip_dag']) retrieved from /home/airflow/.local/lib/python3.7/site-packages/airflow/example_dags/example_skip_dag.py
[2022-10-02T21:01:45.479+0000] {logging_mixin.py:117} INFO - [2022-10-02T21:01:45.479+0000] {dag.py:2573} INFO - Sync 1 DAGs
[2022-10-02T21:01:45.508+0000] {logging_mixin.py:117} INFO - [2022-10-02T21:01:45.508+0000] {dag.py:3328} INFO - Setting next_dagrun for example_skip_dag to 2022-10-01T21:01:45.507623+00:00, run_after=2022-10-02T21:01:45.507623+00:00
[2022-10-02T21:01:45.544+0000] {processor.py:178} INFO - Processing /home/airflow/.local/lib/python3.7/site-packages/airflow/example_dags/example_skip_dag.py took 0.132 seconds
[2022-10-02T21:02:15.660+0000] {processor.py:156} INFO - Started process (PID=730) to work on /home/airflow/.local/lib/python3.7/site-packages/airflow/example_dags/example_skip_dag.py
[2022-10-02T21:02:15.662+0000] {processor.py:758} INFO - Processing file /home/airflow/.local/lib/python3.7/site-packages/airflow/example_dags/example_skip_dag.py for tasks to queue
[2022-10-02T21:02:15.663+0000] {logging_mixin.py:117} INFO - [2022-10-02T21:02:15.663+0000] {dagbag.py:525} INFO - Filling up the DagBag from /home/airflow/.local/lib/python3.7/site-packages/airflow/example_dags/example_skip_dag.py
[2022-10-02T21:02:15.674+0000] {processor.py:768} INFO - DAG(s) dict_keys(['example_skip_dag']) retrieved from /home/airflow/.local/lib/python3.7/site-packages/airflow/example_dags/example_skip_dag.py
[2022-10-02T21:02:15.716+0000] {logging_mixin.py:117} INFO - [2022-10-02T21:02:15.716+0000] {dag.py:2573} INFO - Sync 1 DAGs
[2022-10-02T21:02:15.734+0000] {logging_mixin.py:117} INFO - [2022-10-02T21:02:15.733+0000] {dag.py:3328} INFO - Setting next_dagrun for example_skip_dag to 2022-10-01T21:02:15.733238+00:00, run_after=2022-10-02T21:02:15.733238+00:00
[2022-10-02T21:02:15.747+0000] {processor.py:178} INFO - Processing /home/airflow/.local/lib/python3.7/site-packages/airflow/example_dags/example_skip_dag.py took 0.089 seconds
[2022-10-02T21:02:48.981+0000] {processor.py:156} INFO - Started process (PID=802) to work on /home/airflow/.local/lib/python3.7/site-packages/airflow/example_dags/example_skip_dag.py
[2022-10-02T21:02:48.985+0000] {processor.py:758} INFO - Processing file /home/airflow/.local/lib/python3.7/site-packages/airflow/example_dags/example_skip_dag.py for tasks to queue
[2022-10-02T21:02:48.991+0000] {logging_mixin.py:117} INFO - [2022-10-02T21:02:48.990+0000] {dagbag.py:525} INFO - Filling up the DagBag from /home/airflow/.local/lib/python3.7/site-packages/airflow/example_dags/example_skip_dag.py
[2022-10-02T21:02:49.036+0000] {processor.py:768} INFO - DAG(s) dict_keys(['example_skip_dag']) retrieved from /home/airflow/.local/lib/python3.7/site-packages/airflow/example_dags/example_skip_dag.py
[2022-10-02T21:02:49.175+0000] {logging_mixin.py:117} INFO - [2022-10-02T21:02:49.174+0000] {dag.py:2573} INFO - Sync 1 DAGs
[2022-10-02T21:02:49.252+0000] {logging_mixin.py:117} INFO - [2022-10-02T21:02:49.252+0000] {dag.py:3328} INFO - Setting next_dagrun for example_skip_dag to 2022-10-01T21:02:49.251395+00:00, run_after=2022-10-02T21:02:49.251395+00:00
[2022-10-02T21:02:49.295+0000] {processor.py:178} INFO - Processing /home/airflow/.local/lib/python3.7/site-packages/airflow/example_dags/example_skip_dag.py took 0.327 seconds
[2022-10-02T21:03:19.510+0000] {processor.py:156} INFO - Started process (PID=857) to work on /home/airflow/.local/lib/python3.7/site-packages/airflow/example_dags/example_skip_dag.py
[2022-10-02T21:03:19.512+0000] {processor.py:758} INFO - Processing file /home/airflow/.local/lib/python3.7/site-packages/airflow/example_dags/example_skip_dag.py for tasks to queue
[2022-10-02T21:03:19.514+0000] {logging_mixin.py:117} INFO - [2022-10-02T21:03:19.513+0000] {dagbag.py:525} INFO - Filling up the DagBag from /home/airflow/.local/lib/python3.7/site-packages/airflow/example_dags/example_skip_dag.py
[2022-10-02T21:03:19.541+0000] {processor.py:768} INFO - DAG(s) dict_keys(['example_skip_dag']) retrieved from /home/airflow/.local/lib/python3.7/site-packages/airflow/example_dags/example_skip_dag.py
[2022-10-02T21:03:19.577+0000] {logging_mixin.py:117} INFO - [2022-10-02T21:03:19.577+0000] {dag.py:2573} INFO - Sync 1 DAGs
[2022-10-02T21:03:19.613+0000] {logging_mixin.py:117} INFO - [2022-10-02T21:03:19.613+0000] {dag.py:3328} INFO - Setting next_dagrun for example_skip_dag to 2022-10-01T21:03:19.613498+00:00, run_after=2022-10-02T21:03:19.613498+00:00
[2022-10-02T21:03:19.629+0000] {processor.py:178} INFO - Processing /home/airflow/.local/lib/python3.7/site-packages/airflow/example_dags/example_skip_dag.py took 0.126 seconds
[2022-10-02T21:03:50.137+0000] {processor.py:156} INFO - Started process (PID=919) to work on /home/airflow/.local/lib/python3.7/site-packages/airflow/example_dags/example_skip_dag.py
[2022-10-02T21:03:50.139+0000] {processor.py:758} INFO - Processing file /home/airflow/.local/lib/python3.7/site-packages/airflow/example_dags/example_skip_dag.py for tasks to queue
[2022-10-02T21:03:50.140+0000] {logging_mixin.py:117} INFO - [2022-10-02T21:03:50.140+0000] {dagbag.py:525} INFO - Filling up the DagBag from /home/airflow/.local/lib/python3.7/site-packages/airflow/example_dags/example_skip_dag.py
[2022-10-02T21:03:50.149+0000] {processor.py:768} INFO - DAG(s) dict_keys(['example_skip_dag']) retrieved from /home/airflow/.local/lib/python3.7/site-packages/airflow/example_dags/example_skip_dag.py
[2022-10-02T21:03:50.174+0000] {logging_mixin.py:117} INFO - [2022-10-02T21:03:50.174+0000] {dag.py:2573} INFO - Sync 1 DAGs
[2022-10-02T21:03:50.189+0000] {logging_mixin.py:117} INFO - [2022-10-02T21:03:50.189+0000] {dag.py:3328} INFO - Setting next_dagrun for example_skip_dag to 2022-10-01T21:03:50.189536+00:00, run_after=2022-10-02T21:03:50.189536+00:00
[2022-10-02T21:03:50.202+0000] {processor.py:178} INFO - Processing /home/airflow/.local/lib/python3.7/site-packages/airflow/example_dags/example_skip_dag.py took 0.067 seconds
[2022-10-02T21:04:20.744+0000] {processor.py:156} INFO - Started process (PID=981) to work on /home/airflow/.local/lib/python3.7/site-packages/airflow/example_dags/example_skip_dag.py
[2022-10-02T21:04:20.746+0000] {processor.py:758} INFO - Processing file /home/airflow/.local/lib/python3.7/site-packages/airflow/example_dags/example_skip_dag.py for tasks to queue
[2022-10-02T21:04:20.747+0000] {logging_mixin.py:117} INFO - [2022-10-02T21:04:20.747+0000] {dagbag.py:525} INFO - Filling up the DagBag from /home/airflow/.local/lib/python3.7/site-packages/airflow/example_dags/example_skip_dag.py
[2022-10-02T21:04:20.757+0000] {processor.py:768} INFO - DAG(s) dict_keys(['example_skip_dag']) retrieved from /home/airflow/.local/lib/python3.7/site-packages/airflow/example_dags/example_skip_dag.py
[2022-10-02T21:04:20.783+0000] {logging_mixin.py:117} INFO - [2022-10-02T21:04:20.783+0000] {dag.py:2573} INFO - Sync 1 DAGs
[2022-10-02T21:04:20.799+0000] {logging_mixin.py:117} INFO - [2022-10-02T21:04:20.799+0000] {dag.py:3328} INFO - Setting next_dagrun for example_skip_dag to 2022-10-01T21:04:20.799265+00:00, run_after=2022-10-02T21:04:20.799265+00:00
[2022-10-02T21:04:20.811+0000] {processor.py:178} INFO - Processing /home/airflow/.local/lib/python3.7/site-packages/airflow/example_dags/example_skip_dag.py took 0.069 seconds
[2022-10-02T21:05:09.995+0000] {processor.py:156} INFO - Started process (PID=56) to work on /home/airflow/.local/lib/python3.7/site-packages/airflow/example_dags/example_skip_dag.py
[2022-10-02T21:05:09.998+0000] {processor.py:758} INFO - Processing file /home/airflow/.local/lib/python3.7/site-packages/airflow/example_dags/example_skip_dag.py for tasks to queue
[2022-10-02T21:05:09.999+0000] {logging_mixin.py:117} INFO - [2022-10-02T21:05:09.999+0000] {dagbag.py:525} INFO - Filling up the DagBag from /home/airflow/.local/lib/python3.7/site-packages/airflow/example_dags/example_skip_dag.py
[2022-10-02T21:05:10.018+0000] {processor.py:768} INFO - DAG(s) dict_keys(['example_skip_dag']) retrieved from /home/airflow/.local/lib/python3.7/site-packages/airflow/example_dags/example_skip_dag.py
[2022-10-02T21:05:10.063+0000] {logging_mixin.py:117} INFO - [2022-10-02T21:05:10.063+0000] {dag.py:2573} INFO - Sync 1 DAGs
[2022-10-02T21:05:10.122+0000] {logging_mixin.py:117} INFO - [2022-10-02T21:05:10.122+0000] {dag.py:3328} INFO - Setting next_dagrun for example_skip_dag to 2022-10-01T21:05:10.122368+00:00, run_after=2022-10-02T21:05:10.122368+00:00
[2022-10-02T21:05:10.151+0000] {processor.py:178} INFO - Processing /home/airflow/.local/lib/python3.7/site-packages/airflow/example_dags/example_skip_dag.py took 0.160 seconds
[2022-10-02T21:05:40.709+0000] {processor.py:156} INFO - Started process (PID=120) to work on /home/airflow/.local/lib/python3.7/site-packages/airflow/example_dags/example_skip_dag.py
[2022-10-02T21:05:40.711+0000] {processor.py:758} INFO - Processing file /home/airflow/.local/lib/python3.7/site-packages/airflow/example_dags/example_skip_dag.py for tasks to queue
[2022-10-02T21:05:40.711+0000] {logging_mixin.py:117} INFO - [2022-10-02T21:05:40.711+0000] {dagbag.py:525} INFO - Filling up the DagBag from /home/airflow/.local/lib/python3.7/site-packages/airflow/example_dags/example_skip_dag.py
[2022-10-02T21:05:40.720+0000] {processor.py:768} INFO - DAG(s) dict_keys(['example_skip_dag']) retrieved from /home/airflow/.local/lib/python3.7/site-packages/airflow/example_dags/example_skip_dag.py
[2022-10-02T21:05:40.744+0000] {logging_mixin.py:117} INFO - [2022-10-02T21:05:40.744+0000] {dag.py:2573} INFO - Sync 1 DAGs
[2022-10-02T21:05:40.757+0000] {logging_mixin.py:117} INFO - [2022-10-02T21:05:40.757+0000] {dag.py:3328} INFO - Setting next_dagrun for example_skip_dag to 2022-10-01T21:05:40.757696+00:00, run_after=2022-10-02T21:05:40.757696+00:00
[2022-10-02T21:05:40.768+0000] {processor.py:178} INFO - Processing /home/airflow/.local/lib/python3.7/site-packages/airflow/example_dags/example_skip_dag.py took 0.061 seconds
[2022-10-02T21:06:11.802+0000] {processor.py:156} INFO - Started process (PID=185) to work on /home/airflow/.local/lib/python3.7/site-packages/airflow/example_dags/example_skip_dag.py
[2022-10-02T21:06:11.804+0000] {processor.py:758} INFO - Processing file /home/airflow/.local/lib/python3.7/site-packages/airflow/example_dags/example_skip_dag.py for tasks to queue
[2022-10-02T21:06:11.805+0000] {logging_mixin.py:117} INFO - [2022-10-02T21:06:11.805+0000] {dagbag.py:525} INFO - Filling up the DagBag from /home/airflow/.local/lib/python3.7/site-packages/airflow/example_dags/example_skip_dag.py
[2022-10-02T21:06:11.815+0000] {processor.py:768} INFO - DAG(s) dict_keys(['example_skip_dag']) retrieved from /home/airflow/.local/lib/python3.7/site-packages/airflow/example_dags/example_skip_dag.py
[2022-10-02T21:06:11.841+0000] {logging_mixin.py:117} INFO - [2022-10-02T21:06:11.841+0000] {dag.py:2573} INFO - Sync 1 DAGs
[2022-10-02T21:06:11.857+0000] {logging_mixin.py:117} INFO - [2022-10-02T21:06:11.857+0000] {dag.py:3328} INFO - Setting next_dagrun for example_skip_dag to 2022-10-01T21:06:11.856902+00:00, run_after=2022-10-02T21:06:11.856902+00:00
[2022-10-02T21:06:11.869+0000] {processor.py:178} INFO - Processing /home/airflow/.local/lib/python3.7/site-packages/airflow/example_dags/example_skip_dag.py took 0.069 seconds
[2022-10-02T21:06:42.040+0000] {processor.py:156} INFO - Started process (PID=248) to work on /home/airflow/.local/lib/python3.7/site-packages/airflow/example_dags/example_skip_dag.py
[2022-10-02T21:06:42.042+0000] {processor.py:758} INFO - Processing file /home/airflow/.local/lib/python3.7/site-packages/airflow/example_dags/example_skip_dag.py for tasks to queue
[2022-10-02T21:06:42.043+0000] {logging_mixin.py:117} INFO - [2022-10-02T21:06:42.043+0000] {dagbag.py:525} INFO - Filling up the DagBag from /home/airflow/.local/lib/python3.7/site-packages/airflow/example_dags/example_skip_dag.py
[2022-10-02T21:06:42.052+0000] {processor.py:768} INFO - DAG(s) dict_keys(['example_skip_dag']) retrieved from /home/airflow/.local/lib/python3.7/site-packages/airflow/example_dags/example_skip_dag.py
[2022-10-02T21:06:42.075+0000] {logging_mixin.py:117} INFO - [2022-10-02T21:06:42.075+0000] {dag.py:2573} INFO - Sync 1 DAGs
[2022-10-02T21:06:42.093+0000] {logging_mixin.py:117} INFO - [2022-10-02T21:06:42.093+0000] {dag.py:3328} INFO - Setting next_dagrun for example_skip_dag to 2022-10-01T21:06:42.093391+00:00, run_after=2022-10-02T21:06:42.093391+00:00
[2022-10-02T21:06:42.112+0000] {processor.py:178} INFO - Processing /home/airflow/.local/lib/python3.7/site-packages/airflow/example_dags/example_skip_dag.py took 0.074 seconds
[2022-10-02T21:07:12.672+0000] {processor.py:156} INFO - Started process (PID=311) to work on /home/airflow/.local/lib/python3.7/site-packages/airflow/example_dags/example_skip_dag.py
[2022-10-02T21:07:12.673+0000] {processor.py:758} INFO - Processing file /home/airflow/.local/lib/python3.7/site-packages/airflow/example_dags/example_skip_dag.py for tasks to queue
[2022-10-02T21:07:12.674+0000] {logging_mixin.py:117} INFO - [2022-10-02T21:07:12.674+0000] {dagbag.py:525} INFO - Filling up the DagBag from /home/airflow/.local/lib/python3.7/site-packages/airflow/example_dags/example_skip_dag.py
[2022-10-02T21:07:12.684+0000] {processor.py:768} INFO - DAG(s) dict_keys(['example_skip_dag']) retrieved from /home/airflow/.local/lib/python3.7/site-packages/airflow/example_dags/example_skip_dag.py
[2022-10-02T21:07:12.711+0000] {logging_mixin.py:117} INFO - [2022-10-02T21:07:12.711+0000] {dag.py:2573} INFO - Sync 1 DAGs
[2022-10-02T21:07:12.765+0000] {logging_mixin.py:117} INFO - [2022-10-02T21:07:12.765+0000] {dag.py:3328} INFO - Setting next_dagrun for example_skip_dag to 2022-10-01T21:07:12.765524+00:00, run_after=2022-10-02T21:07:12.765524+00:00
[2022-10-02T21:07:12.778+0000] {processor.py:178} INFO - Processing /home/airflow/.local/lib/python3.7/site-packages/airflow/example_dags/example_skip_dag.py took 0.109 seconds
[2022-10-02T21:07:42.851+0000] {processor.py:156} INFO - Started process (PID=365) to work on /home/airflow/.local/lib/python3.7/site-packages/airflow/example_dags/example_skip_dag.py
[2022-10-02T21:07:42.852+0000] {processor.py:758} INFO - Processing file /home/airflow/.local/lib/python3.7/site-packages/airflow/example_dags/example_skip_dag.py for tasks to queue
[2022-10-02T21:07:42.853+0000] {logging_mixin.py:117} INFO - [2022-10-02T21:07:42.853+0000] {dagbag.py:525} INFO - Filling up the DagBag from /home/airflow/.local/lib/python3.7/site-packages/airflow/example_dags/example_skip_dag.py
[2022-10-02T21:07:42.861+0000] {processor.py:768} INFO - DAG(s) dict_keys(['example_skip_dag']) retrieved from /home/airflow/.local/lib/python3.7/site-packages/airflow/example_dags/example_skip_dag.py
[2022-10-02T21:07:42.886+0000] {logging_mixin.py:117} INFO - [2022-10-02T21:07:42.886+0000] {dag.py:2573} INFO - Sync 1 DAGs
[2022-10-02T21:07:42.900+0000] {logging_mixin.py:117} INFO - [2022-10-02T21:07:42.900+0000] {dag.py:3328} INFO - Setting next_dagrun for example_skip_dag to 2022-10-01T21:07:42.899989+00:00, run_after=2022-10-02T21:07:42.899989+00:00
[2022-10-02T21:07:42.910+0000] {processor.py:178} INFO - Processing /home/airflow/.local/lib/python3.7/site-packages/airflow/example_dags/example_skip_dag.py took 0.062 seconds
[2022-10-02T21:08:13.055+0000] {processor.py:156} INFO - Started process (PID=428) to work on /home/airflow/.local/lib/python3.7/site-packages/airflow/example_dags/example_skip_dag.py
[2022-10-02T21:08:13.057+0000] {processor.py:758} INFO - Processing file /home/airflow/.local/lib/python3.7/site-packages/airflow/example_dags/example_skip_dag.py for tasks to queue
[2022-10-02T21:08:13.058+0000] {logging_mixin.py:117} INFO - [2022-10-02T21:08:13.058+0000] {dagbag.py:525} INFO - Filling up the DagBag from /home/airflow/.local/lib/python3.7/site-packages/airflow/example_dags/example_skip_dag.py
[2022-10-02T21:08:13.068+0000] {processor.py:768} INFO - DAG(s) dict_keys(['example_skip_dag']) retrieved from /home/airflow/.local/lib/python3.7/site-packages/airflow/example_dags/example_skip_dag.py
[2022-10-02T21:08:13.094+0000] {logging_mixin.py:117} INFO - [2022-10-02T21:08:13.094+0000] {dag.py:2573} INFO - Sync 1 DAGs
[2022-10-02T21:08:13.110+0000] {logging_mixin.py:117} INFO - [2022-10-02T21:08:13.110+0000] {dag.py:3328} INFO - Setting next_dagrun for example_skip_dag to 2022-10-01T21:08:13.110213+00:00, run_after=2022-10-02T21:08:13.110213+00:00
[2022-10-02T21:08:13.125+0000] {processor.py:178} INFO - Processing /home/airflow/.local/lib/python3.7/site-packages/airflow/example_dags/example_skip_dag.py took 0.072 seconds
[2022-10-02T21:08:43.242+0000] {processor.py:156} INFO - Started process (PID=491) to work on /home/airflow/.local/lib/python3.7/site-packages/airflow/example_dags/example_skip_dag.py
[2022-10-02T21:08:43.244+0000] {processor.py:758} INFO - Processing file /home/airflow/.local/lib/python3.7/site-packages/airflow/example_dags/example_skip_dag.py for tasks to queue
[2022-10-02T21:08:43.245+0000] {logging_mixin.py:117} INFO - [2022-10-02T21:08:43.244+0000] {dagbag.py:525} INFO - Filling up the DagBag from /home/airflow/.local/lib/python3.7/site-packages/airflow/example_dags/example_skip_dag.py
[2022-10-02T21:08:43.253+0000] {processor.py:768} INFO - DAG(s) dict_keys(['example_skip_dag']) retrieved from /home/airflow/.local/lib/python3.7/site-packages/airflow/example_dags/example_skip_dag.py
[2022-10-02T21:08:43.279+0000] {logging_mixin.py:117} INFO - [2022-10-02T21:08:43.278+0000] {dag.py:2573} INFO - Sync 1 DAGs
[2022-10-02T21:08:43.294+0000] {logging_mixin.py:117} INFO - [2022-10-02T21:08:43.294+0000] {dag.py:3328} INFO - Setting next_dagrun for example_skip_dag to 2022-10-01T21:08:43.293881+00:00, run_after=2022-10-02T21:08:43.293881+00:00
[2022-10-02T21:08:43.307+0000] {processor.py:178} INFO - Processing /home/airflow/.local/lib/python3.7/site-packages/airflow/example_dags/example_skip_dag.py took 0.067 seconds
[2022-10-02T21:09:13.476+0000] {processor.py:156} INFO - Started process (PID=554) to work on /home/airflow/.local/lib/python3.7/site-packages/airflow/example_dags/example_skip_dag.py
[2022-10-02T21:09:13.477+0000] {processor.py:758} INFO - Processing file /home/airflow/.local/lib/python3.7/site-packages/airflow/example_dags/example_skip_dag.py for tasks to queue
[2022-10-02T21:09:13.478+0000] {logging_mixin.py:117} INFO - [2022-10-02T21:09:13.478+0000] {dagbag.py:525} INFO - Filling up the DagBag from /home/airflow/.local/lib/python3.7/site-packages/airflow/example_dags/example_skip_dag.py
[2022-10-02T21:09:13.488+0000] {processor.py:768} INFO - DAG(s) dict_keys(['example_skip_dag']) retrieved from /home/airflow/.local/lib/python3.7/site-packages/airflow/example_dags/example_skip_dag.py
[2022-10-02T21:09:13.513+0000] {logging_mixin.py:117} INFO - [2022-10-02T21:09:13.513+0000] {dag.py:2573} INFO - Sync 1 DAGs
[2022-10-02T21:09:13.529+0000] {logging_mixin.py:117} INFO - [2022-10-02T21:09:13.529+0000] {dag.py:3328} INFO - Setting next_dagrun for example_skip_dag to 2022-10-01T21:09:13.529036+00:00, run_after=2022-10-02T21:09:13.529036+00:00
[2022-10-02T21:09:13.542+0000] {processor.py:178} INFO - Processing /home/airflow/.local/lib/python3.7/site-packages/airflow/example_dags/example_skip_dag.py took 0.069 seconds
[2022-10-02T21:09:43.802+0000] {processor.py:156} INFO - Started process (PID=617) to work on /home/airflow/.local/lib/python3.7/site-packages/airflow/example_dags/example_skip_dag.py
[2022-10-02T21:09:43.803+0000] {processor.py:758} INFO - Processing file /home/airflow/.local/lib/python3.7/site-packages/airflow/example_dags/example_skip_dag.py for tasks to queue
[2022-10-02T21:09:43.805+0000] {logging_mixin.py:117} INFO - [2022-10-02T21:09:43.804+0000] {dagbag.py:525} INFO - Filling up the DagBag from /home/airflow/.local/lib/python3.7/site-packages/airflow/example_dags/example_skip_dag.py
[2022-10-02T21:09:43.814+0000] {processor.py:768} INFO - DAG(s) dict_keys(['example_skip_dag']) retrieved from /home/airflow/.local/lib/python3.7/site-packages/airflow/example_dags/example_skip_dag.py
[2022-10-02T21:09:43.840+0000] {logging_mixin.py:117} INFO - [2022-10-02T21:09:43.840+0000] {dag.py:2573} INFO - Sync 1 DAGs
[2022-10-02T21:09:43.856+0000] {logging_mixin.py:117} INFO - [2022-10-02T21:09:43.856+0000] {dag.py:3328} INFO - Setting next_dagrun for example_skip_dag to 2022-10-01T21:09:43.856517+00:00, run_after=2022-10-02T21:09:43.856517+00:00
[2022-10-02T21:09:43.874+0000] {processor.py:178} INFO - Processing /home/airflow/.local/lib/python3.7/site-packages/airflow/example_dags/example_skip_dag.py took 0.075 seconds
[2022-10-02T21:10:13.921+0000] {processor.py:156} INFO - Started process (PID=671) to work on /home/airflow/.local/lib/python3.7/site-packages/airflow/example_dags/example_skip_dag.py
[2022-10-02T21:10:13.922+0000] {processor.py:758} INFO - Processing file /home/airflow/.local/lib/python3.7/site-packages/airflow/example_dags/example_skip_dag.py for tasks to queue
[2022-10-02T21:10:13.923+0000] {logging_mixin.py:117} INFO - [2022-10-02T21:10:13.923+0000] {dagbag.py:525} INFO - Filling up the DagBag from /home/airflow/.local/lib/python3.7/site-packages/airflow/example_dags/example_skip_dag.py
[2022-10-02T21:10:13.932+0000] {processor.py:768} INFO - DAG(s) dict_keys(['example_skip_dag']) retrieved from /home/airflow/.local/lib/python3.7/site-packages/airflow/example_dags/example_skip_dag.py
[2022-10-02T21:10:13.958+0000] {logging_mixin.py:117} INFO - [2022-10-02T21:10:13.957+0000] {dag.py:2573} INFO - Sync 1 DAGs
[2022-10-02T21:10:13.972+0000] {logging_mixin.py:117} INFO - [2022-10-02T21:10:13.972+0000] {dag.py:3328} INFO - Setting next_dagrun for example_skip_dag to 2022-10-01T21:10:13.972526+00:00, run_after=2022-10-02T21:10:13.972526+00:00
[2022-10-02T21:10:13.984+0000] {processor.py:178} INFO - Processing /home/airflow/.local/lib/python3.7/site-packages/airflow/example_dags/example_skip_dag.py took 0.065 seconds
[2022-10-02T21:10:45.099+0000] {processor.py:156} INFO - Started process (PID=733) to work on /home/airflow/.local/lib/python3.7/site-packages/airflow/example_dags/example_skip_dag.py
[2022-10-02T21:10:45.101+0000] {processor.py:758} INFO - Processing file /home/airflow/.local/lib/python3.7/site-packages/airflow/example_dags/example_skip_dag.py for tasks to queue
[2022-10-02T21:10:45.101+0000] {logging_mixin.py:117} INFO - [2022-10-02T21:10:45.101+0000] {dagbag.py:525} INFO - Filling up the DagBag from /home/airflow/.local/lib/python3.7/site-packages/airflow/example_dags/example_skip_dag.py
[2022-10-02T21:10:45.111+0000] {processor.py:768} INFO - DAG(s) dict_keys(['example_skip_dag']) retrieved from /home/airflow/.local/lib/python3.7/site-packages/airflow/example_dags/example_skip_dag.py
[2022-10-02T21:10:45.136+0000] {logging_mixin.py:117} INFO - [2022-10-02T21:10:45.136+0000] {dag.py:2573} INFO - Sync 1 DAGs
[2022-10-02T21:10:45.151+0000] {logging_mixin.py:117} INFO - [2022-10-02T21:10:45.151+0000] {dag.py:3328} INFO - Setting next_dagrun for example_skip_dag to 2022-10-01T21:10:45.151552+00:00, run_after=2022-10-02T21:10:45.151552+00:00
[2022-10-02T21:10:45.164+0000] {processor.py:178} INFO - Processing /home/airflow/.local/lib/python3.7/site-packages/airflow/example_dags/example_skip_dag.py took 0.068 seconds
[2022-10-02T21:11:15.384+0000] {processor.py:156} INFO - Started process (PID=796) to work on /home/airflow/.local/lib/python3.7/site-packages/airflow/example_dags/example_skip_dag.py
[2022-10-02T21:11:15.386+0000] {processor.py:758} INFO - Processing file /home/airflow/.local/lib/python3.7/site-packages/airflow/example_dags/example_skip_dag.py for tasks to queue
[2022-10-02T21:11:15.387+0000] {logging_mixin.py:117} INFO - [2022-10-02T21:11:15.387+0000] {dagbag.py:525} INFO - Filling up the DagBag from /home/airflow/.local/lib/python3.7/site-packages/airflow/example_dags/example_skip_dag.py
[2022-10-02T21:11:15.396+0000] {processor.py:768} INFO - DAG(s) dict_keys(['example_skip_dag']) retrieved from /home/airflow/.local/lib/python3.7/site-packages/airflow/example_dags/example_skip_dag.py
[2022-10-02T21:11:15.423+0000] {logging_mixin.py:117} INFO - [2022-10-02T21:11:15.423+0000] {dag.py:2573} INFO - Sync 1 DAGs
[2022-10-02T21:11:15.438+0000] {logging_mixin.py:117} INFO - [2022-10-02T21:11:15.438+0000] {dag.py:3328} INFO - Setting next_dagrun for example_skip_dag to 2022-10-01T21:11:15.438058+00:00, run_after=2022-10-02T21:11:15.438058+00:00
[2022-10-02T21:11:15.452+0000] {processor.py:178} INFO - Processing /home/airflow/.local/lib/python3.7/site-packages/airflow/example_dags/example_skip_dag.py took 0.070 seconds
[2022-10-02T21:11:46.003+0000] {processor.py:156} INFO - Started process (PID=858) to work on /home/airflow/.local/lib/python3.7/site-packages/airflow/example_dags/example_skip_dag.py
[2022-10-02T21:11:46.006+0000] {processor.py:758} INFO - Processing file /home/airflow/.local/lib/python3.7/site-packages/airflow/example_dags/example_skip_dag.py for tasks to queue
[2022-10-02T21:11:46.008+0000] {logging_mixin.py:117} INFO - [2022-10-02T21:11:46.008+0000] {dagbag.py:525} INFO - Filling up the DagBag from /home/airflow/.local/lib/python3.7/site-packages/airflow/example_dags/example_skip_dag.py
[2022-10-02T21:11:46.020+0000] {processor.py:768} INFO - DAG(s) dict_keys(['example_skip_dag']) retrieved from /home/airflow/.local/lib/python3.7/site-packages/airflow/example_dags/example_skip_dag.py
[2022-10-02T21:11:46.071+0000] {logging_mixin.py:117} INFO - [2022-10-02T21:11:46.071+0000] {dag.py:2573} INFO - Sync 1 DAGs
[2022-10-02T21:11:46.088+0000] {logging_mixin.py:117} INFO - [2022-10-02T21:11:46.088+0000] {dag.py:3328} INFO - Setting next_dagrun for example_skip_dag to 2022-10-01T21:11:46.088038+00:00, run_after=2022-10-02T21:11:46.088038+00:00
[2022-10-02T21:11:46.121+0000] {processor.py:178} INFO - Processing /home/airflow/.local/lib/python3.7/site-packages/airflow/example_dags/example_skip_dag.py took 0.120 seconds
[2022-10-02T21:12:16.435+0000] {processor.py:156} INFO - Started process (PID=922) to work on /home/airflow/.local/lib/python3.7/site-packages/airflow/example_dags/example_skip_dag.py
[2022-10-02T21:12:16.437+0000] {processor.py:758} INFO - Processing file /home/airflow/.local/lib/python3.7/site-packages/airflow/example_dags/example_skip_dag.py for tasks to queue
[2022-10-02T21:12:16.438+0000] {logging_mixin.py:117} INFO - [2022-10-02T21:12:16.438+0000] {dagbag.py:525} INFO - Filling up the DagBag from /home/airflow/.local/lib/python3.7/site-packages/airflow/example_dags/example_skip_dag.py
[2022-10-02T21:12:16.448+0000] {processor.py:768} INFO - DAG(s) dict_keys(['example_skip_dag']) retrieved from /home/airflow/.local/lib/python3.7/site-packages/airflow/example_dags/example_skip_dag.py
[2022-10-02T21:12:16.473+0000] {logging_mixin.py:117} INFO - [2022-10-02T21:12:16.473+0000] {dag.py:2573} INFO - Sync 1 DAGs
[2022-10-02T21:12:16.490+0000] {logging_mixin.py:117} INFO - [2022-10-02T21:12:16.490+0000] {dag.py:3328} INFO - Setting next_dagrun for example_skip_dag to 2022-10-01T21:12:16.490529+00:00, run_after=2022-10-02T21:12:16.490529+00:00
[2022-10-02T21:12:16.504+0000] {processor.py:178} INFO - Processing /home/airflow/.local/lib/python3.7/site-packages/airflow/example_dags/example_skip_dag.py took 0.070 seconds
[2022-10-02T21:12:46.678+0000] {processor.py:156} INFO - Started process (PID=985) to work on /home/airflow/.local/lib/python3.7/site-packages/airflow/example_dags/example_skip_dag.py
[2022-10-02T21:12:46.680+0000] {processor.py:758} INFO - Processing file /home/airflow/.local/lib/python3.7/site-packages/airflow/example_dags/example_skip_dag.py for tasks to queue
[2022-10-02T21:12:46.683+0000] {logging_mixin.py:117} INFO - [2022-10-02T21:12:46.683+0000] {dagbag.py:525} INFO - Filling up the DagBag from /home/airflow/.local/lib/python3.7/site-packages/airflow/example_dags/example_skip_dag.py
[2022-10-02T21:12:46.694+0000] {processor.py:768} INFO - DAG(s) dict_keys(['example_skip_dag']) retrieved from /home/airflow/.local/lib/python3.7/site-packages/airflow/example_dags/example_skip_dag.py
[2022-10-02T21:12:46.736+0000] {logging_mixin.py:117} INFO - [2022-10-02T21:12:46.736+0000] {dag.py:2573} INFO - Sync 1 DAGs
[2022-10-02T21:12:46.764+0000] {logging_mixin.py:117} INFO - [2022-10-02T21:12:46.764+0000] {dag.py:3328} INFO - Setting next_dagrun for example_skip_dag to 2022-10-01T21:12:46.764442+00:00, run_after=2022-10-02T21:12:46.764442+00:00
[2022-10-02T21:12:46.779+0000] {processor.py:178} INFO - Processing /home/airflow/.local/lib/python3.7/site-packages/airflow/example_dags/example_skip_dag.py took 0.103 seconds
[2022-10-02T21:13:16.874+0000] {processor.py:156} INFO - Started process (PID=1038) to work on /home/airflow/.local/lib/python3.7/site-packages/airflow/example_dags/example_skip_dag.py
[2022-10-02T21:13:16.875+0000] {processor.py:758} INFO - Processing file /home/airflow/.local/lib/python3.7/site-packages/airflow/example_dags/example_skip_dag.py for tasks to queue
[2022-10-02T21:13:16.876+0000] {logging_mixin.py:117} INFO - [2022-10-02T21:13:16.876+0000] {dagbag.py:525} INFO - Filling up the DagBag from /home/airflow/.local/lib/python3.7/site-packages/airflow/example_dags/example_skip_dag.py
[2022-10-02T21:13:16.885+0000] {processor.py:768} INFO - DAG(s) dict_keys(['example_skip_dag']) retrieved from /home/airflow/.local/lib/python3.7/site-packages/airflow/example_dags/example_skip_dag.py
[2022-10-02T21:13:16.909+0000] {logging_mixin.py:117} INFO - [2022-10-02T21:13:16.909+0000] {dag.py:2573} INFO - Sync 1 DAGs
[2022-10-02T21:13:16.924+0000] {logging_mixin.py:117} INFO - [2022-10-02T21:13:16.924+0000] {dag.py:3328} INFO - Setting next_dagrun for example_skip_dag to 2022-10-01T21:13:16.924184+00:00, run_after=2022-10-02T21:13:16.924184+00:00
[2022-10-02T21:13:16.936+0000] {processor.py:178} INFO - Processing /home/airflow/.local/lib/python3.7/site-packages/airflow/example_dags/example_skip_dag.py took 0.064 seconds
[2022-10-02T21:15:01.139+0000] {processor.py:156} INFO - Started process (PID=65) to work on /home/airflow/.local/lib/python3.7/site-packages/airflow/example_dags/example_skip_dag.py
[2022-10-02T21:15:01.146+0000] {processor.py:758} INFO - Processing file /home/airflow/.local/lib/python3.7/site-packages/airflow/example_dags/example_skip_dag.py for tasks to queue
[2022-10-02T21:15:01.157+0000] {logging_mixin.py:117} INFO - [2022-10-02T21:15:01.156+0000] {dagbag.py:525} INFO - Filling up the DagBag from /home/airflow/.local/lib/python3.7/site-packages/airflow/example_dags/example_skip_dag.py
[2022-10-02T21:15:01.194+0000] {processor.py:768} INFO - DAG(s) dict_keys(['example_skip_dag']) retrieved from /home/airflow/.local/lib/python3.7/site-packages/airflow/example_dags/example_skip_dag.py
[2022-10-02T21:15:01.244+0000] {logging_mixin.py:117} INFO - [2022-10-02T21:15:01.244+0000] {dag.py:2573} INFO - Sync 1 DAGs
[2022-10-02T21:15:01.284+0000] {logging_mixin.py:117} INFO - [2022-10-02T21:15:01.284+0000] {dag.py:3328} INFO - Setting next_dagrun for example_skip_dag to 2022-10-01T21:15:01.284185+00:00, run_after=2022-10-02T21:15:01.284185+00:00
[2022-10-02T21:15:01.331+0000] {processor.py:178} INFO - Processing /home/airflow/.local/lib/python3.7/site-packages/airflow/example_dags/example_skip_dag.py took 0.195 seconds
[2022-10-02T21:15:31.499+0000] {processor.py:156} INFO - Started process (PID=125) to work on /home/airflow/.local/lib/python3.7/site-packages/airflow/example_dags/example_skip_dag.py
[2022-10-02T21:15:31.504+0000] {processor.py:758} INFO - Processing file /home/airflow/.local/lib/python3.7/site-packages/airflow/example_dags/example_skip_dag.py for tasks to queue
[2022-10-02T21:15:31.509+0000] {logging_mixin.py:117} INFO - [2022-10-02T21:15:31.508+0000] {dagbag.py:525} INFO - Filling up the DagBag from /home/airflow/.local/lib/python3.7/site-packages/airflow/example_dags/example_skip_dag.py
[2022-10-02T21:15:31.535+0000] {processor.py:768} INFO - DAG(s) dict_keys(['example_skip_dag']) retrieved from /home/airflow/.local/lib/python3.7/site-packages/airflow/example_dags/example_skip_dag.py
[2022-10-02T21:15:31.593+0000] {logging_mixin.py:117} INFO - [2022-10-02T21:15:31.593+0000] {dag.py:2573} INFO - Sync 1 DAGs
[2022-10-02T21:15:31.620+0000] {logging_mixin.py:117} INFO - [2022-10-02T21:15:31.619+0000] {dag.py:3328} INFO - Setting next_dagrun for example_skip_dag to 2022-10-01T21:15:31.619742+00:00, run_after=2022-10-02T21:15:31.619742+00:00
[2022-10-02T21:15:31.653+0000] {processor.py:178} INFO - Processing /home/airflow/.local/lib/python3.7/site-packages/airflow/example_dags/example_skip_dag.py took 0.160 seconds
[2022-10-02T21:16:01.900+0000] {processor.py:156} INFO - Started process (PID=182) to work on /home/airflow/.local/lib/python3.7/site-packages/airflow/example_dags/example_skip_dag.py
[2022-10-02T21:16:01.902+0000] {processor.py:758} INFO - Processing file /home/airflow/.local/lib/python3.7/site-packages/airflow/example_dags/example_skip_dag.py for tasks to queue
[2022-10-02T21:16:01.904+0000] {logging_mixin.py:117} INFO - [2022-10-02T21:16:01.904+0000] {dagbag.py:525} INFO - Filling up the DagBag from /home/airflow/.local/lib/python3.7/site-packages/airflow/example_dags/example_skip_dag.py
[2022-10-02T21:16:01.916+0000] {processor.py:768} INFO - DAG(s) dict_keys(['example_skip_dag']) retrieved from /home/airflow/.local/lib/python3.7/site-packages/airflow/example_dags/example_skip_dag.py
[2022-10-02T21:16:01.962+0000] {logging_mixin.py:117} INFO - [2022-10-02T21:16:01.962+0000] {dag.py:2573} INFO - Sync 1 DAGs
[2022-10-02T21:16:01.987+0000] {logging_mixin.py:117} INFO - [2022-10-02T21:16:01.987+0000] {dag.py:3328} INFO - Setting next_dagrun for example_skip_dag to 2022-10-01T21:16:01.987228+00:00, run_after=2022-10-02T21:16:01.987228+00:00
[2022-10-02T21:16:02.026+0000] {processor.py:178} INFO - Processing /home/airflow/.local/lib/python3.7/site-packages/airflow/example_dags/example_skip_dag.py took 0.132 seconds
[2022-10-02T21:16:32.460+0000] {processor.py:156} INFO - Started process (PID=245) to work on /home/airflow/.local/lib/python3.7/site-packages/airflow/example_dags/example_skip_dag.py
[2022-10-02T21:16:32.462+0000] {processor.py:758} INFO - Processing file /home/airflow/.local/lib/python3.7/site-packages/airflow/example_dags/example_skip_dag.py for tasks to queue
[2022-10-02T21:16:32.463+0000] {logging_mixin.py:117} INFO - [2022-10-02T21:16:32.463+0000] {dagbag.py:525} INFO - Filling up the DagBag from /home/airflow/.local/lib/python3.7/site-packages/airflow/example_dags/example_skip_dag.py
[2022-10-02T21:16:32.475+0000] {processor.py:768} INFO - DAG(s) dict_keys(['example_skip_dag']) retrieved from /home/airflow/.local/lib/python3.7/site-packages/airflow/example_dags/example_skip_dag.py
[2022-10-02T21:16:32.510+0000] {logging_mixin.py:117} INFO - [2022-10-02T21:16:32.510+0000] {dag.py:2573} INFO - Sync 1 DAGs
[2022-10-02T21:16:32.535+0000] {logging_mixin.py:117} INFO - [2022-10-02T21:16:32.535+0000] {dag.py:3328} INFO - Setting next_dagrun for example_skip_dag to 2022-10-01T21:16:32.535163+00:00, run_after=2022-10-02T21:16:32.535163+00:00
[2022-10-02T21:16:32.550+0000] {processor.py:178} INFO - Processing /home/airflow/.local/lib/python3.7/site-packages/airflow/example_dags/example_skip_dag.py took 0.093 seconds
[2022-10-02T21:17:03.251+0000] {processor.py:156} INFO - Started process (PID=307) to work on /home/airflow/.local/lib/python3.7/site-packages/airflow/example_dags/example_skip_dag.py
[2022-10-02T21:17:03.253+0000] {processor.py:758} INFO - Processing file /home/airflow/.local/lib/python3.7/site-packages/airflow/example_dags/example_skip_dag.py for tasks to queue
[2022-10-02T21:17:03.254+0000] {logging_mixin.py:117} INFO - [2022-10-02T21:17:03.254+0000] {dagbag.py:525} INFO - Filling up the DagBag from /home/airflow/.local/lib/python3.7/site-packages/airflow/example_dags/example_skip_dag.py
[2022-10-02T21:17:03.274+0000] {processor.py:768} INFO - DAG(s) dict_keys(['example_skip_dag']) retrieved from /home/airflow/.local/lib/python3.7/site-packages/airflow/example_dags/example_skip_dag.py
[2022-10-02T21:17:03.312+0000] {logging_mixin.py:117} INFO - [2022-10-02T21:17:03.312+0000] {dag.py:2573} INFO - Sync 1 DAGs
[2022-10-02T21:17:03.335+0000] {logging_mixin.py:117} INFO - [2022-10-02T21:17:03.335+0000] {dag.py:3328} INFO - Setting next_dagrun for example_skip_dag to 2022-10-01T21:17:03.335704+00:00, run_after=2022-10-02T21:17:03.335704+00:00
[2022-10-02T21:17:03.355+0000] {processor.py:178} INFO - Processing /home/airflow/.local/lib/python3.7/site-packages/airflow/example_dags/example_skip_dag.py took 0.107 seconds
[2022-10-02T21:17:33.558+0000] {processor.py:156} INFO - Started process (PID=370) to work on /home/airflow/.local/lib/python3.7/site-packages/airflow/example_dags/example_skip_dag.py
[2022-10-02T21:17:33.560+0000] {processor.py:758} INFO - Processing file /home/airflow/.local/lib/python3.7/site-packages/airflow/example_dags/example_skip_dag.py for tasks to queue
[2022-10-02T21:17:33.561+0000] {logging_mixin.py:117} INFO - [2022-10-02T21:17:33.561+0000] {dagbag.py:525} INFO - Filling up the DagBag from /home/airflow/.local/lib/python3.7/site-packages/airflow/example_dags/example_skip_dag.py
[2022-10-02T21:17:33.571+0000] {processor.py:768} INFO - DAG(s) dict_keys(['example_skip_dag']) retrieved from /home/airflow/.local/lib/python3.7/site-packages/airflow/example_dags/example_skip_dag.py
[2022-10-02T21:17:33.596+0000] {logging_mixin.py:117} INFO - [2022-10-02T21:17:33.596+0000] {dag.py:2573} INFO - Sync 1 DAGs
[2022-10-02T21:17:33.610+0000] {logging_mixin.py:117} INFO - [2022-10-02T21:17:33.610+0000] {dag.py:3328} INFO - Setting next_dagrun for example_skip_dag to 2022-10-01T21:17:33.610702+00:00, run_after=2022-10-02T21:17:33.610702+00:00
[2022-10-02T21:17:33.623+0000] {processor.py:178} INFO - Processing /home/airflow/.local/lib/python3.7/site-packages/airflow/example_dags/example_skip_dag.py took 0.067 seconds
[2022-10-02T21:18:04.662+0000] {processor.py:156} INFO - Started process (PID=433) to work on /home/airflow/.local/lib/python3.7/site-packages/airflow/example_dags/example_skip_dag.py
[2022-10-02T21:18:04.665+0000] {processor.py:758} INFO - Processing file /home/airflow/.local/lib/python3.7/site-packages/airflow/example_dags/example_skip_dag.py for tasks to queue
[2022-10-02T21:18:04.666+0000] {logging_mixin.py:117} INFO - [2022-10-02T21:18:04.666+0000] {dagbag.py:525} INFO - Filling up the DagBag from /home/airflow/.local/lib/python3.7/site-packages/airflow/example_dags/example_skip_dag.py
[2022-10-02T21:18:04.677+0000] {processor.py:768} INFO - DAG(s) dict_keys(['example_skip_dag']) retrieved from /home/airflow/.local/lib/python3.7/site-packages/airflow/example_dags/example_skip_dag.py
[2022-10-02T21:18:04.705+0000] {logging_mixin.py:117} INFO - [2022-10-02T21:18:04.705+0000] {dag.py:2573} INFO - Sync 1 DAGs
[2022-10-02T21:18:04.721+0000] {logging_mixin.py:117} INFO - [2022-10-02T21:18:04.721+0000] {dag.py:3328} INFO - Setting next_dagrun for example_skip_dag to 2022-10-01T21:18:04.721392+00:00, run_after=2022-10-02T21:18:04.721392+00:00
[2022-10-02T21:18:04.735+0000] {processor.py:178} INFO - Processing /home/airflow/.local/lib/python3.7/site-packages/airflow/example_dags/example_skip_dag.py took 0.075 seconds
[2022-10-02T21:18:35.309+0000] {processor.py:156} INFO - Started process (PID=490) to work on /home/airflow/.local/lib/python3.7/site-packages/airflow/example_dags/example_skip_dag.py
[2022-10-02T21:18:35.311+0000] {processor.py:758} INFO - Processing file /home/airflow/.local/lib/python3.7/site-packages/airflow/example_dags/example_skip_dag.py for tasks to queue
[2022-10-02T21:18:35.313+0000] {logging_mixin.py:117} INFO - [2022-10-02T21:18:35.313+0000] {dagbag.py:525} INFO - Filling up the DagBag from /home/airflow/.local/lib/python3.7/site-packages/airflow/example_dags/example_skip_dag.py
[2022-10-02T21:18:35.322+0000] {processor.py:768} INFO - DAG(s) dict_keys(['example_skip_dag']) retrieved from /home/airflow/.local/lib/python3.7/site-packages/airflow/example_dags/example_skip_dag.py
[2022-10-02T21:18:35.348+0000] {logging_mixin.py:117} INFO - [2022-10-02T21:18:35.348+0000] {dag.py:2573} INFO - Sync 1 DAGs
[2022-10-02T21:18:35.364+0000] {logging_mixin.py:117} INFO - [2022-10-02T21:18:35.364+0000] {dag.py:3328} INFO - Setting next_dagrun for example_skip_dag to 2022-10-01T21:18:35.364070+00:00, run_after=2022-10-02T21:18:35.364070+00:00
[2022-10-02T21:18:35.377+0000] {processor.py:178} INFO - Processing /home/airflow/.local/lib/python3.7/site-packages/airflow/example_dags/example_skip_dag.py took 0.069 seconds
[2022-10-02T21:19:05.766+0000] {processor.py:156} INFO - Started process (PID=553) to work on /home/airflow/.local/lib/python3.7/site-packages/airflow/example_dags/example_skip_dag.py
[2022-10-02T21:19:05.769+0000] {processor.py:758} INFO - Processing file /home/airflow/.local/lib/python3.7/site-packages/airflow/example_dags/example_skip_dag.py for tasks to queue
[2022-10-02T21:19:05.770+0000] {logging_mixin.py:117} INFO - [2022-10-02T21:19:05.770+0000] {dagbag.py:525} INFO - Filling up the DagBag from /home/airflow/.local/lib/python3.7/site-packages/airflow/example_dags/example_skip_dag.py
[2022-10-02T21:19:05.781+0000] {processor.py:768} INFO - DAG(s) dict_keys(['example_skip_dag']) retrieved from /home/airflow/.local/lib/python3.7/site-packages/airflow/example_dags/example_skip_dag.py
[2022-10-02T21:19:05.828+0000] {logging_mixin.py:117} INFO - [2022-10-02T21:19:05.827+0000] {dag.py:2573} INFO - Sync 1 DAGs
[2022-10-02T21:19:05.874+0000] {logging_mixin.py:117} INFO - [2022-10-02T21:19:05.874+0000] {dag.py:3328} INFO - Setting next_dagrun for example_skip_dag to 2022-10-01T21:19:05.874632+00:00, run_after=2022-10-02T21:19:05.874632+00:00
[2022-10-02T21:19:05.892+0000] {processor.py:178} INFO - Processing /home/airflow/.local/lib/python3.7/site-packages/airflow/example_dags/example_skip_dag.py took 0.132 seconds
[2022-10-02T21:19:36.182+0000] {processor.py:156} INFO - Started process (PID=616) to work on /home/airflow/.local/lib/python3.7/site-packages/airflow/example_dags/example_skip_dag.py
[2022-10-02T21:19:36.185+0000] {processor.py:758} INFO - Processing file /home/airflow/.local/lib/python3.7/site-packages/airflow/example_dags/example_skip_dag.py for tasks to queue
[2022-10-02T21:19:36.186+0000] {logging_mixin.py:117} INFO - [2022-10-02T21:19:36.186+0000] {dagbag.py:525} INFO - Filling up the DagBag from /home/airflow/.local/lib/python3.7/site-packages/airflow/example_dags/example_skip_dag.py
[2022-10-02T21:19:36.196+0000] {processor.py:768} INFO - DAG(s) dict_keys(['example_skip_dag']) retrieved from /home/airflow/.local/lib/python3.7/site-packages/airflow/example_dags/example_skip_dag.py
[2022-10-02T21:19:36.222+0000] {logging_mixin.py:117} INFO - [2022-10-02T21:19:36.221+0000] {dag.py:2573} INFO - Sync 1 DAGs
[2022-10-02T21:19:36.237+0000] {logging_mixin.py:117} INFO - [2022-10-02T21:19:36.237+0000] {dag.py:3328} INFO - Setting next_dagrun for example_skip_dag to 2022-10-01T21:19:36.237351+00:00, run_after=2022-10-02T21:19:36.237351+00:00
[2022-10-02T21:19:36.251+0000] {processor.py:178} INFO - Processing /home/airflow/.local/lib/python3.7/site-packages/airflow/example_dags/example_skip_dag.py took 0.070 seconds
