[2022-10-02T20:50:11.871+0000] {processor.py:156} INFO - Started process (PID=44) to work on /home/airflow/.local/lib/python3.7/site-packages/airflow/example_dags/example_python_operator.py
[2022-10-02T20:50:11.875+0000] {processor.py:758} INFO - Processing file /home/airflow/.local/lib/python3.7/site-packages/airflow/example_dags/example_python_operator.py for tasks to queue
[2022-10-02T20:50:11.879+0000] {logging_mixin.py:117} INFO - [2022-10-02T20:50:11.878+0000] {dagbag.py:525} INFO - Filling up the DagBag from /home/airflow/.local/lib/python3.7/site-packages/airflow/example_dags/example_python_operator.py
[2022-10-02T20:50:11.922+0000] {processor.py:768} INFO - DAG(s) dict_keys(['example_python_operator']) retrieved from /home/airflow/.local/lib/python3.7/site-packages/airflow/example_dags/example_python_operator.py
[2022-10-02T20:50:11.947+0000] {logging_mixin.py:117} INFO - [2022-10-02T20:50:11.947+0000] {dag.py:2573} INFO - Sync 1 DAGs
[2022-10-02T20:50:11.972+0000] {logging_mixin.py:117} INFO - [2022-10-02T20:50:11.972+0000] {dag.py:3328} INFO - Setting next_dagrun for example_python_operator to None, run_after=None
[2022-10-02T20:50:12.010+0000] {processor.py:178} INFO - Processing /home/airflow/.local/lib/python3.7/site-packages/airflow/example_dags/example_python_operator.py took 0.145 seconds
[2022-10-02T20:50:43.035+0000] {processor.py:156} INFO - Started process (PID=106) to work on /home/airflow/.local/lib/python3.7/site-packages/airflow/example_dags/example_python_operator.py
[2022-10-02T20:50:43.037+0000] {processor.py:758} INFO - Processing file /home/airflow/.local/lib/python3.7/site-packages/airflow/example_dags/example_python_operator.py for tasks to queue
[2022-10-02T20:50:43.038+0000] {logging_mixin.py:117} INFO - [2022-10-02T20:50:43.038+0000] {dagbag.py:525} INFO - Filling up the DagBag from /home/airflow/.local/lib/python3.7/site-packages/airflow/example_dags/example_python_operator.py
[2022-10-02T20:50:43.074+0000] {processor.py:768} INFO - DAG(s) dict_keys(['example_python_operator']) retrieved from /home/airflow/.local/lib/python3.7/site-packages/airflow/example_dags/example_python_operator.py
[2022-10-02T20:50:43.120+0000] {logging_mixin.py:117} INFO - [2022-10-02T20:50:43.120+0000] {dag.py:2573} INFO - Sync 1 DAGs
[2022-10-02T20:50:43.139+0000] {logging_mixin.py:117} INFO - [2022-10-02T20:50:43.139+0000] {dag.py:3328} INFO - Setting next_dagrun for example_python_operator to None, run_after=None
[2022-10-02T20:50:43.156+0000] {processor.py:178} INFO - Processing /home/airflow/.local/lib/python3.7/site-packages/airflow/example_dags/example_python_operator.py took 0.122 seconds
[2022-10-02T20:51:14.019+0000] {processor.py:156} INFO - Started process (PID=171) to work on /home/airflow/.local/lib/python3.7/site-packages/airflow/example_dags/example_python_operator.py
[2022-10-02T20:51:14.021+0000] {processor.py:758} INFO - Processing file /home/airflow/.local/lib/python3.7/site-packages/airflow/example_dags/example_python_operator.py for tasks to queue
[2022-10-02T20:51:14.024+0000] {logging_mixin.py:117} INFO - [2022-10-02T20:51:14.024+0000] {dagbag.py:525} INFO - Filling up the DagBag from /home/airflow/.local/lib/python3.7/site-packages/airflow/example_dags/example_python_operator.py
[2022-10-02T20:51:14.073+0000] {processor.py:768} INFO - DAG(s) dict_keys(['example_python_operator']) retrieved from /home/airflow/.local/lib/python3.7/site-packages/airflow/example_dags/example_python_operator.py
[2022-10-02T20:51:14.124+0000] {logging_mixin.py:117} INFO - [2022-10-02T20:51:14.124+0000] {dag.py:2573} INFO - Sync 1 DAGs
[2022-10-02T20:51:14.142+0000] {logging_mixin.py:117} INFO - [2022-10-02T20:51:14.142+0000] {dag.py:3328} INFO - Setting next_dagrun for example_python_operator to None, run_after=None
[2022-10-02T20:51:14.164+0000] {processor.py:178} INFO - Processing /home/airflow/.local/lib/python3.7/site-packages/airflow/example_dags/example_python_operator.py took 0.149 seconds
[2022-10-02T20:51:44.730+0000] {processor.py:156} INFO - Started process (PID=234) to work on /home/airflow/.local/lib/python3.7/site-packages/airflow/example_dags/example_python_operator.py
[2022-10-02T20:51:44.732+0000] {processor.py:758} INFO - Processing file /home/airflow/.local/lib/python3.7/site-packages/airflow/example_dags/example_python_operator.py for tasks to queue
[2022-10-02T20:51:44.733+0000] {logging_mixin.py:117} INFO - [2022-10-02T20:51:44.733+0000] {dagbag.py:525} INFO - Filling up the DagBag from /home/airflow/.local/lib/python3.7/site-packages/airflow/example_dags/example_python_operator.py
[2022-10-02T20:51:44.752+0000] {processor.py:768} INFO - DAG(s) dict_keys(['example_python_operator']) retrieved from /home/airflow/.local/lib/python3.7/site-packages/airflow/example_dags/example_python_operator.py
[2022-10-02T20:51:44.782+0000] {logging_mixin.py:117} INFO - [2022-10-02T20:51:44.782+0000] {dag.py:2573} INFO - Sync 1 DAGs
[2022-10-02T20:51:44.800+0000] {logging_mixin.py:117} INFO - [2022-10-02T20:51:44.800+0000] {dag.py:3328} INFO - Setting next_dagrun for example_python_operator to None, run_after=None
[2022-10-02T20:51:44.816+0000] {processor.py:178} INFO - Processing /home/airflow/.local/lib/python3.7/site-packages/airflow/example_dags/example_python_operator.py took 0.088 seconds
[2022-10-02T20:52:15.138+0000] {processor.py:156} INFO - Started process (PID=287) to work on /home/airflow/.local/lib/python3.7/site-packages/airflow/example_dags/example_python_operator.py
[2022-10-02T20:52:15.140+0000] {processor.py:758} INFO - Processing file /home/airflow/.local/lib/python3.7/site-packages/airflow/example_dags/example_python_operator.py for tasks to queue
[2022-10-02T20:52:15.142+0000] {logging_mixin.py:117} INFO - [2022-10-02T20:52:15.142+0000] {dagbag.py:525} INFO - Filling up the DagBag from /home/airflow/.local/lib/python3.7/site-packages/airflow/example_dags/example_python_operator.py
[2022-10-02T20:52:15.166+0000] {processor.py:768} INFO - DAG(s) dict_keys(['example_python_operator']) retrieved from /home/airflow/.local/lib/python3.7/site-packages/airflow/example_dags/example_python_operator.py
[2022-10-02T20:52:15.207+0000] {logging_mixin.py:117} INFO - [2022-10-02T20:52:15.206+0000] {dag.py:2573} INFO - Sync 1 DAGs
[2022-10-02T20:52:15.230+0000] {logging_mixin.py:117} INFO - [2022-10-02T20:52:15.230+0000] {dag.py:3328} INFO - Setting next_dagrun for example_python_operator to None, run_after=None
[2022-10-02T20:52:15.259+0000] {processor.py:178} INFO - Processing /home/airflow/.local/lib/python3.7/site-packages/airflow/example_dags/example_python_operator.py took 0.126 seconds
[2022-10-02T20:52:45.632+0000] {processor.py:156} INFO - Started process (PID=349) to work on /home/airflow/.local/lib/python3.7/site-packages/airflow/example_dags/example_python_operator.py
[2022-10-02T20:52:45.633+0000] {processor.py:758} INFO - Processing file /home/airflow/.local/lib/python3.7/site-packages/airflow/example_dags/example_python_operator.py for tasks to queue
[2022-10-02T20:52:45.635+0000] {logging_mixin.py:117} INFO - [2022-10-02T20:52:45.634+0000] {dagbag.py:525} INFO - Filling up the DagBag from /home/airflow/.local/lib/python3.7/site-packages/airflow/example_dags/example_python_operator.py
[2022-10-02T20:52:45.652+0000] {processor.py:768} INFO - DAG(s) dict_keys(['example_python_operator']) retrieved from /home/airflow/.local/lib/python3.7/site-packages/airflow/example_dags/example_python_operator.py
[2022-10-02T20:52:45.680+0000] {logging_mixin.py:117} INFO - [2022-10-02T20:52:45.679+0000] {dag.py:2573} INFO - Sync 1 DAGs
[2022-10-02T20:52:45.695+0000] {logging_mixin.py:117} INFO - [2022-10-02T20:52:45.695+0000] {dag.py:3328} INFO - Setting next_dagrun for example_python_operator to None, run_after=None
[2022-10-02T20:52:45.707+0000] {processor.py:178} INFO - Processing /home/airflow/.local/lib/python3.7/site-packages/airflow/example_dags/example_python_operator.py took 0.077 seconds
[2022-10-02T20:54:18.983+0000] {processor.py:156} INFO - Started process (PID=43) to work on /home/airflow/.local/lib/python3.7/site-packages/airflow/example_dags/example_python_operator.py
[2022-10-02T20:54:18.990+0000] {processor.py:758} INFO - Processing file /home/airflow/.local/lib/python3.7/site-packages/airflow/example_dags/example_python_operator.py for tasks to queue
[2022-10-02T20:54:18.994+0000] {logging_mixin.py:117} INFO - [2022-10-02T20:54:18.994+0000] {dagbag.py:525} INFO - Filling up the DagBag from /home/airflow/.local/lib/python3.7/site-packages/airflow/example_dags/example_python_operator.py
[2022-10-02T20:54:19.023+0000] {processor.py:768} INFO - DAG(s) dict_keys(['example_python_operator']) retrieved from /home/airflow/.local/lib/python3.7/site-packages/airflow/example_dags/example_python_operator.py
[2022-10-02T20:54:19.047+0000] {logging_mixin.py:117} INFO - [2022-10-02T20:54:19.047+0000] {dag.py:2573} INFO - Sync 1 DAGs
[2022-10-02T20:54:19.085+0000] {logging_mixin.py:117} INFO - [2022-10-02T20:54:19.084+0000] {dag.py:3328} INFO - Setting next_dagrun for example_python_operator to None, run_after=None
[2022-10-02T20:54:19.113+0000] {processor.py:178} INFO - Processing /home/airflow/.local/lib/python3.7/site-packages/airflow/example_dags/example_python_operator.py took 0.132 seconds
[2022-10-02T20:54:49.344+0000] {processor.py:156} INFO - Started process (PID=106) to work on /home/airflow/.local/lib/python3.7/site-packages/airflow/example_dags/example_python_operator.py
[2022-10-02T20:54:49.346+0000] {processor.py:758} INFO - Processing file /home/airflow/.local/lib/python3.7/site-packages/airflow/example_dags/example_python_operator.py for tasks to queue
[2022-10-02T20:54:49.347+0000] {logging_mixin.py:117} INFO - [2022-10-02T20:54:49.347+0000] {dagbag.py:525} INFO - Filling up the DagBag from /home/airflow/.local/lib/python3.7/site-packages/airflow/example_dags/example_python_operator.py
[2022-10-02T20:54:49.363+0000] {processor.py:768} INFO - DAG(s) dict_keys(['example_python_operator']) retrieved from /home/airflow/.local/lib/python3.7/site-packages/airflow/example_dags/example_python_operator.py
[2022-10-02T20:54:49.389+0000] {logging_mixin.py:117} INFO - [2022-10-02T20:54:49.389+0000] {dag.py:2573} INFO - Sync 1 DAGs
[2022-10-02T20:54:49.403+0000] {logging_mixin.py:117} INFO - [2022-10-02T20:54:49.403+0000] {dag.py:3328} INFO - Setting next_dagrun for example_python_operator to None, run_after=None
[2022-10-02T20:54:49.415+0000] {processor.py:178} INFO - Processing /home/airflow/.local/lib/python3.7/site-packages/airflow/example_dags/example_python_operator.py took 0.073 seconds
[2022-10-02T20:56:37.213+0000] {processor.py:156} INFO - Started process (PID=44) to work on /home/airflow/.local/lib/python3.7/site-packages/airflow/example_dags/example_python_operator.py
[2022-10-02T20:56:37.218+0000] {processor.py:758} INFO - Processing file /home/airflow/.local/lib/python3.7/site-packages/airflow/example_dags/example_python_operator.py for tasks to queue
[2022-10-02T20:56:37.221+0000] {logging_mixin.py:117} INFO - [2022-10-02T20:56:37.220+0000] {dagbag.py:525} INFO - Filling up the DagBag from /home/airflow/.local/lib/python3.7/site-packages/airflow/example_dags/example_python_operator.py
[2022-10-02T20:56:37.258+0000] {processor.py:768} INFO - DAG(s) dict_keys(['example_python_operator']) retrieved from /home/airflow/.local/lib/python3.7/site-packages/airflow/example_dags/example_python_operator.py
[2022-10-02T20:56:37.285+0000] {logging_mixin.py:117} INFO - [2022-10-02T20:56:37.285+0000] {dag.py:2573} INFO - Sync 1 DAGs
[2022-10-02T20:56:37.326+0000] {logging_mixin.py:117} INFO - [2022-10-02T20:56:37.326+0000] {dag.py:3328} INFO - Setting next_dagrun for example_python_operator to None, run_after=None
[2022-10-02T20:56:37.344+0000] {processor.py:178} INFO - Processing /home/airflow/.local/lib/python3.7/site-packages/airflow/example_dags/example_python_operator.py took 0.133 seconds
[2022-10-02T20:57:07.634+0000] {processor.py:156} INFO - Started process (PID=107) to work on /home/airflow/.local/lib/python3.7/site-packages/airflow/example_dags/example_python_operator.py
[2022-10-02T20:57:07.636+0000] {processor.py:758} INFO - Processing file /home/airflow/.local/lib/python3.7/site-packages/airflow/example_dags/example_python_operator.py for tasks to queue
[2022-10-02T20:57:07.639+0000] {logging_mixin.py:117} INFO - [2022-10-02T20:57:07.639+0000] {dagbag.py:525} INFO - Filling up the DagBag from /home/airflow/.local/lib/python3.7/site-packages/airflow/example_dags/example_python_operator.py
[2022-10-02T20:57:07.658+0000] {processor.py:768} INFO - DAG(s) dict_keys(['example_python_operator']) retrieved from /home/airflow/.local/lib/python3.7/site-packages/airflow/example_dags/example_python_operator.py
[2022-10-02T20:57:07.686+0000] {logging_mixin.py:117} INFO - [2022-10-02T20:57:07.686+0000] {dag.py:2573} INFO - Sync 1 DAGs
[2022-10-02T20:57:07.702+0000] {logging_mixin.py:117} INFO - [2022-10-02T20:57:07.702+0000] {dag.py:3328} INFO - Setting next_dagrun for example_python_operator to None, run_after=None
[2022-10-02T20:57:07.714+0000] {processor.py:178} INFO - Processing /home/airflow/.local/lib/python3.7/site-packages/airflow/example_dags/example_python_operator.py took 0.083 seconds
[2022-10-02T20:57:38.590+0000] {processor.py:156} INFO - Started process (PID=171) to work on /home/airflow/.local/lib/python3.7/site-packages/airflow/example_dags/example_python_operator.py
[2022-10-02T20:57:38.592+0000] {processor.py:758} INFO - Processing file /home/airflow/.local/lib/python3.7/site-packages/airflow/example_dags/example_python_operator.py for tasks to queue
[2022-10-02T20:57:38.594+0000] {logging_mixin.py:117} INFO - [2022-10-02T20:57:38.594+0000] {dagbag.py:525} INFO - Filling up the DagBag from /home/airflow/.local/lib/python3.7/site-packages/airflow/example_dags/example_python_operator.py
[2022-10-02T20:57:38.615+0000] {processor.py:768} INFO - DAG(s) dict_keys(['example_python_operator']) retrieved from /home/airflow/.local/lib/python3.7/site-packages/airflow/example_dags/example_python_operator.py
[2022-10-02T20:57:38.650+0000] {logging_mixin.py:117} INFO - [2022-10-02T20:57:38.650+0000] {dag.py:2573} INFO - Sync 1 DAGs
[2022-10-02T20:57:38.669+0000] {logging_mixin.py:117} INFO - [2022-10-02T20:57:38.668+0000] {dag.py:3328} INFO - Setting next_dagrun for example_python_operator to None, run_after=None
[2022-10-02T20:57:38.684+0000] {processor.py:178} INFO - Processing /home/airflow/.local/lib/python3.7/site-packages/airflow/example_dags/example_python_operator.py took 0.097 seconds
[2022-10-02T20:58:09.088+0000] {processor.py:156} INFO - Started process (PID=233) to work on /home/airflow/.local/lib/python3.7/site-packages/airflow/example_dags/example_python_operator.py
[2022-10-02T20:58:09.089+0000] {processor.py:758} INFO - Processing file /home/airflow/.local/lib/python3.7/site-packages/airflow/example_dags/example_python_operator.py for tasks to queue
[2022-10-02T20:58:09.090+0000] {logging_mixin.py:117} INFO - [2022-10-02T20:58:09.090+0000] {dagbag.py:525} INFO - Filling up the DagBag from /home/airflow/.local/lib/python3.7/site-packages/airflow/example_dags/example_python_operator.py
[2022-10-02T20:58:09.106+0000] {processor.py:768} INFO - DAG(s) dict_keys(['example_python_operator']) retrieved from /home/airflow/.local/lib/python3.7/site-packages/airflow/example_dags/example_python_operator.py
[2022-10-02T20:58:09.134+0000] {logging_mixin.py:117} INFO - [2022-10-02T20:58:09.134+0000] {dag.py:2573} INFO - Sync 1 DAGs
[2022-10-02T20:58:09.150+0000] {logging_mixin.py:117} INFO - [2022-10-02T20:58:09.149+0000] {dag.py:3328} INFO - Setting next_dagrun for example_python_operator to None, run_after=None
[2022-10-02T20:58:09.161+0000] {processor.py:178} INFO - Processing /home/airflow/.local/lib/python3.7/site-packages/airflow/example_dags/example_python_operator.py took 0.076 seconds
[2022-10-02T20:58:39.585+0000] {processor.py:156} INFO - Started process (PID=297) to work on /home/airflow/.local/lib/python3.7/site-packages/airflow/example_dags/example_python_operator.py
[2022-10-02T20:58:39.587+0000] {processor.py:758} INFO - Processing file /home/airflow/.local/lib/python3.7/site-packages/airflow/example_dags/example_python_operator.py for tasks to queue
[2022-10-02T20:58:39.589+0000] {logging_mixin.py:117} INFO - [2022-10-02T20:58:39.589+0000] {dagbag.py:525} INFO - Filling up the DagBag from /home/airflow/.local/lib/python3.7/site-packages/airflow/example_dags/example_python_operator.py
[2022-10-02T20:58:39.615+0000] {processor.py:768} INFO - DAG(s) dict_keys(['example_python_operator']) retrieved from /home/airflow/.local/lib/python3.7/site-packages/airflow/example_dags/example_python_operator.py
[2022-10-02T20:58:39.660+0000] {logging_mixin.py:117} INFO - [2022-10-02T20:58:39.659+0000] {dag.py:2573} INFO - Sync 1 DAGs
[2022-10-02T20:58:39.687+0000] {logging_mixin.py:117} INFO - [2022-10-02T20:58:39.686+0000] {dag.py:3328} INFO - Setting next_dagrun for example_python_operator to None, run_after=None
[2022-10-02T20:58:39.718+0000] {processor.py:178} INFO - Processing /home/airflow/.local/lib/python3.7/site-packages/airflow/example_dags/example_python_operator.py took 0.135 seconds
[2022-10-02T20:59:10.012+0000] {processor.py:156} INFO - Started process (PID=351) to work on /home/airflow/.local/lib/python3.7/site-packages/airflow/example_dags/example_python_operator.py
[2022-10-02T20:59:10.013+0000] {processor.py:758} INFO - Processing file /home/airflow/.local/lib/python3.7/site-packages/airflow/example_dags/example_python_operator.py for tasks to queue
[2022-10-02T20:59:10.014+0000] {logging_mixin.py:117} INFO - [2022-10-02T20:59:10.014+0000] {dagbag.py:525} INFO - Filling up the DagBag from /home/airflow/.local/lib/python3.7/site-packages/airflow/example_dags/example_python_operator.py
[2022-10-02T20:59:10.031+0000] {processor.py:768} INFO - DAG(s) dict_keys(['example_python_operator']) retrieved from /home/airflow/.local/lib/python3.7/site-packages/airflow/example_dags/example_python_operator.py
[2022-10-02T20:59:10.058+0000] {logging_mixin.py:117} INFO - [2022-10-02T20:59:10.058+0000] {dag.py:2573} INFO - Sync 1 DAGs
[2022-10-02T20:59:10.074+0000] {logging_mixin.py:117} INFO - [2022-10-02T20:59:10.074+0000] {dag.py:3328} INFO - Setting next_dagrun for example_python_operator to None, run_after=None
[2022-10-02T20:59:10.087+0000] {processor.py:178} INFO - Processing /home/airflow/.local/lib/python3.7/site-packages/airflow/example_dags/example_python_operator.py took 0.078 seconds
[2022-10-02T20:59:40.384+0000] {processor.py:156} INFO - Started process (PID=413) to work on /home/airflow/.local/lib/python3.7/site-packages/airflow/example_dags/example_python_operator.py
[2022-10-02T20:59:40.385+0000] {processor.py:758} INFO - Processing file /home/airflow/.local/lib/python3.7/site-packages/airflow/example_dags/example_python_operator.py for tasks to queue
[2022-10-02T20:59:40.386+0000] {logging_mixin.py:117} INFO - [2022-10-02T20:59:40.386+0000] {dagbag.py:525} INFO - Filling up the DagBag from /home/airflow/.local/lib/python3.7/site-packages/airflow/example_dags/example_python_operator.py
[2022-10-02T20:59:40.400+0000] {processor.py:768} INFO - DAG(s) dict_keys(['example_python_operator']) retrieved from /home/airflow/.local/lib/python3.7/site-packages/airflow/example_dags/example_python_operator.py
[2022-10-02T20:59:40.424+0000] {logging_mixin.py:117} INFO - [2022-10-02T20:59:40.424+0000] {dag.py:2573} INFO - Sync 1 DAGs
[2022-10-02T20:59:40.438+0000] {logging_mixin.py:117} INFO - [2022-10-02T20:59:40.438+0000] {dag.py:3328} INFO - Setting next_dagrun for example_python_operator to None, run_after=None
[2022-10-02T20:59:40.449+0000] {processor.py:178} INFO - Processing /home/airflow/.local/lib/python3.7/site-packages/airflow/example_dags/example_python_operator.py took 0.067 seconds
[2022-10-02T21:00:11.505+0000] {processor.py:156} INFO - Started process (PID=476) to work on /home/airflow/.local/lib/python3.7/site-packages/airflow/example_dags/example_python_operator.py
[2022-10-02T21:00:11.507+0000] {processor.py:758} INFO - Processing file /home/airflow/.local/lib/python3.7/site-packages/airflow/example_dags/example_python_operator.py for tasks to queue
[2022-10-02T21:00:11.508+0000] {logging_mixin.py:117} INFO - [2022-10-02T21:00:11.508+0000] {dagbag.py:525} INFO - Filling up the DagBag from /home/airflow/.local/lib/python3.7/site-packages/airflow/example_dags/example_python_operator.py
[2022-10-02T21:00:11.526+0000] {processor.py:768} INFO - DAG(s) dict_keys(['example_python_operator']) retrieved from /home/airflow/.local/lib/python3.7/site-packages/airflow/example_dags/example_python_operator.py
[2022-10-02T21:00:11.559+0000] {logging_mixin.py:117} INFO - [2022-10-02T21:00:11.559+0000] {dag.py:2573} INFO - Sync 1 DAGs
[2022-10-02T21:00:11.578+0000] {logging_mixin.py:117} INFO - [2022-10-02T21:00:11.578+0000] {dag.py:3328} INFO - Setting next_dagrun for example_python_operator to None, run_after=None
[2022-10-02T21:00:11.592+0000] {processor.py:178} INFO - Processing /home/airflow/.local/lib/python3.7/site-packages/airflow/example_dags/example_python_operator.py took 0.089 seconds
[2022-10-02T21:00:42.678+0000] {processor.py:156} INFO - Started process (PID=539) to work on /home/airflow/.local/lib/python3.7/site-packages/airflow/example_dags/example_python_operator.py
[2022-10-02T21:00:42.680+0000] {processor.py:758} INFO - Processing file /home/airflow/.local/lib/python3.7/site-packages/airflow/example_dags/example_python_operator.py for tasks to queue
[2022-10-02T21:00:42.682+0000] {logging_mixin.py:117} INFO - [2022-10-02T21:00:42.681+0000] {dagbag.py:525} INFO - Filling up the DagBag from /home/airflow/.local/lib/python3.7/site-packages/airflow/example_dags/example_python_operator.py
[2022-10-02T21:00:42.704+0000] {processor.py:768} INFO - DAG(s) dict_keys(['example_python_operator']) retrieved from /home/airflow/.local/lib/python3.7/site-packages/airflow/example_dags/example_python_operator.py
[2022-10-02T21:00:42.732+0000] {logging_mixin.py:117} INFO - [2022-10-02T21:00:42.732+0000] {dag.py:2573} INFO - Sync 1 DAGs
[2022-10-02T21:00:42.747+0000] {logging_mixin.py:117} INFO - [2022-10-02T21:00:42.747+0000] {dag.py:3328} INFO - Setting next_dagrun for example_python_operator to None, run_after=None
[2022-10-02T21:00:42.760+0000] {processor.py:178} INFO - Processing /home/airflow/.local/lib/python3.7/site-packages/airflow/example_dags/example_python_operator.py took 0.084 seconds
[2022-10-02T21:01:13.672+0000] {processor.py:156} INFO - Started process (PID=602) to work on /home/airflow/.local/lib/python3.7/site-packages/airflow/example_dags/example_python_operator.py
[2022-10-02T21:01:13.673+0000] {processor.py:758} INFO - Processing file /home/airflow/.local/lib/python3.7/site-packages/airflow/example_dags/example_python_operator.py for tasks to queue
[2022-10-02T21:01:13.674+0000] {logging_mixin.py:117} INFO - [2022-10-02T21:01:13.674+0000] {dagbag.py:525} INFO - Filling up the DagBag from /home/airflow/.local/lib/python3.7/site-packages/airflow/example_dags/example_python_operator.py
[2022-10-02T21:01:13.691+0000] {processor.py:768} INFO - DAG(s) dict_keys(['example_python_operator']) retrieved from /home/airflow/.local/lib/python3.7/site-packages/airflow/example_dags/example_python_operator.py
[2022-10-02T21:01:13.718+0000] {logging_mixin.py:117} INFO - [2022-10-02T21:01:13.717+0000] {dag.py:2573} INFO - Sync 1 DAGs
[2022-10-02T21:01:13.732+0000] {logging_mixin.py:117} INFO - [2022-10-02T21:01:13.732+0000] {dag.py:3328} INFO - Setting next_dagrun for example_python_operator to None, run_after=None
[2022-10-02T21:01:13.745+0000] {processor.py:178} INFO - Processing /home/airflow/.local/lib/python3.7/site-packages/airflow/example_dags/example_python_operator.py took 0.076 seconds
[2022-10-02T21:01:44.358+0000] {processor.py:156} INFO - Started process (PID=664) to work on /home/airflow/.local/lib/python3.7/site-packages/airflow/example_dags/example_python_operator.py
[2022-10-02T21:01:44.362+0000] {processor.py:758} INFO - Processing file /home/airflow/.local/lib/python3.7/site-packages/airflow/example_dags/example_python_operator.py for tasks to queue
[2022-10-02T21:01:44.364+0000] {logging_mixin.py:117} INFO - [2022-10-02T21:01:44.364+0000] {dagbag.py:525} INFO - Filling up the DagBag from /home/airflow/.local/lib/python3.7/site-packages/airflow/example_dags/example_python_operator.py
[2022-10-02T21:01:44.387+0000] {processor.py:768} INFO - DAG(s) dict_keys(['example_python_operator']) retrieved from /home/airflow/.local/lib/python3.7/site-packages/airflow/example_dags/example_python_operator.py
[2022-10-02T21:01:44.441+0000] {logging_mixin.py:117} INFO - [2022-10-02T21:01:44.441+0000] {dag.py:2573} INFO - Sync 1 DAGs
[2022-10-02T21:01:44.480+0000] {logging_mixin.py:117} INFO - [2022-10-02T21:01:44.480+0000] {dag.py:3328} INFO - Setting next_dagrun for example_python_operator to None, run_after=None
[2022-10-02T21:01:44.509+0000] {processor.py:178} INFO - Processing /home/airflow/.local/lib/python3.7/site-packages/airflow/example_dags/example_python_operator.py took 0.157 seconds
[2022-10-02T21:02:15.069+0000] {processor.py:156} INFO - Started process (PID=718) to work on /home/airflow/.local/lib/python3.7/site-packages/airflow/example_dags/example_python_operator.py
[2022-10-02T21:02:15.071+0000] {processor.py:758} INFO - Processing file /home/airflow/.local/lib/python3.7/site-packages/airflow/example_dags/example_python_operator.py for tasks to queue
[2022-10-02T21:02:15.072+0000] {logging_mixin.py:117} INFO - [2022-10-02T21:02:15.072+0000] {dagbag.py:525} INFO - Filling up the DagBag from /home/airflow/.local/lib/python3.7/site-packages/airflow/example_dags/example_python_operator.py
[2022-10-02T21:02:15.089+0000] {processor.py:768} INFO - DAG(s) dict_keys(['example_python_operator']) retrieved from /home/airflow/.local/lib/python3.7/site-packages/airflow/example_dags/example_python_operator.py
[2022-10-02T21:02:15.116+0000] {logging_mixin.py:117} INFO - [2022-10-02T21:02:15.115+0000] {dag.py:2573} INFO - Sync 1 DAGs
[2022-10-02T21:02:15.131+0000] {logging_mixin.py:117} INFO - [2022-10-02T21:02:15.131+0000] {dag.py:3328} INFO - Setting next_dagrun for example_python_operator to None, run_after=None
[2022-10-02T21:02:15.143+0000] {processor.py:178} INFO - Processing /home/airflow/.local/lib/python3.7/site-packages/airflow/example_dags/example_python_operator.py took 0.077 seconds
[2022-10-02T21:02:46.314+0000] {processor.py:156} INFO - Started process (PID=781) to work on /home/airflow/.local/lib/python3.7/site-packages/airflow/example_dags/example_python_operator.py
[2022-10-02T21:02:46.323+0000] {processor.py:758} INFO - Processing file /home/airflow/.local/lib/python3.7/site-packages/airflow/example_dags/example_python_operator.py for tasks to queue
[2022-10-02T21:02:46.329+0000] {logging_mixin.py:117} INFO - [2022-10-02T21:02:46.328+0000] {dagbag.py:525} INFO - Filling up the DagBag from /home/airflow/.local/lib/python3.7/site-packages/airflow/example_dags/example_python_operator.py
[2022-10-02T21:02:46.382+0000] {processor.py:768} INFO - DAG(s) dict_keys(['example_python_operator']) retrieved from /home/airflow/.local/lib/python3.7/site-packages/airflow/example_dags/example_python_operator.py
[2022-10-02T21:02:46.531+0000] {logging_mixin.py:117} INFO - [2022-10-02T21:02:46.531+0000] {dag.py:2573} INFO - Sync 1 DAGs
[2022-10-02T21:02:46.608+0000] {logging_mixin.py:117} INFO - [2022-10-02T21:02:46.606+0000] {dag.py:3328} INFO - Setting next_dagrun for example_python_operator to None, run_after=None
[2022-10-02T21:02:46.677+0000] {processor.py:178} INFO - Processing /home/airflow/.local/lib/python3.7/site-packages/airflow/example_dags/example_python_operator.py took 0.372 seconds
[2022-10-02T21:03:17.716+0000] {processor.py:156} INFO - Started process (PID=845) to work on /home/airflow/.local/lib/python3.7/site-packages/airflow/example_dags/example_python_operator.py
[2022-10-02T21:03:17.719+0000] {processor.py:758} INFO - Processing file /home/airflow/.local/lib/python3.7/site-packages/airflow/example_dags/example_python_operator.py for tasks to queue
[2022-10-02T21:03:17.720+0000] {logging_mixin.py:117} INFO - [2022-10-02T21:03:17.720+0000] {dagbag.py:525} INFO - Filling up the DagBag from /home/airflow/.local/lib/python3.7/site-packages/airflow/example_dags/example_python_operator.py
[2022-10-02T21:03:17.737+0000] {processor.py:768} INFO - DAG(s) dict_keys(['example_python_operator']) retrieved from /home/airflow/.local/lib/python3.7/site-packages/airflow/example_dags/example_python_operator.py
[2022-10-02T21:03:17.787+0000] {logging_mixin.py:117} INFO - [2022-10-02T21:03:17.786+0000] {dag.py:2573} INFO - Sync 1 DAGs
[2022-10-02T21:03:17.815+0000] {logging_mixin.py:117} INFO - [2022-10-02T21:03:17.815+0000] {dag.py:3328} INFO - Setting next_dagrun for example_python_operator to None, run_after=None
[2022-10-02T21:03:17.831+0000] {processor.py:178} INFO - Processing /home/airflow/.local/lib/python3.7/site-packages/airflow/example_dags/example_python_operator.py took 0.122 seconds
[2022-10-02T21:03:48.381+0000] {processor.py:156} INFO - Started process (PID=907) to work on /home/airflow/.local/lib/python3.7/site-packages/airflow/example_dags/example_python_operator.py
[2022-10-02T21:03:48.384+0000] {processor.py:758} INFO - Processing file /home/airflow/.local/lib/python3.7/site-packages/airflow/example_dags/example_python_operator.py for tasks to queue
[2022-10-02T21:03:48.386+0000] {logging_mixin.py:117} INFO - [2022-10-02T21:03:48.386+0000] {dagbag.py:525} INFO - Filling up the DagBag from /home/airflow/.local/lib/python3.7/site-packages/airflow/example_dags/example_python_operator.py
[2022-10-02T21:03:48.404+0000] {processor.py:768} INFO - DAG(s) dict_keys(['example_python_operator']) retrieved from /home/airflow/.local/lib/python3.7/site-packages/airflow/example_dags/example_python_operator.py
[2022-10-02T21:03:48.439+0000] {logging_mixin.py:117} INFO - [2022-10-02T21:03:48.439+0000] {dag.py:2573} INFO - Sync 1 DAGs
[2022-10-02T21:03:48.457+0000] {logging_mixin.py:117} INFO - [2022-10-02T21:03:48.457+0000] {dag.py:3328} INFO - Setting next_dagrun for example_python_operator to None, run_after=None
[2022-10-02T21:03:48.476+0000] {processor.py:178} INFO - Processing /home/airflow/.local/lib/python3.7/site-packages/airflow/example_dags/example_python_operator.py took 0.097 seconds
[2022-10-02T21:04:19.019+0000] {processor.py:156} INFO - Started process (PID=969) to work on /home/airflow/.local/lib/python3.7/site-packages/airflow/example_dags/example_python_operator.py
[2022-10-02T21:04:19.021+0000] {processor.py:758} INFO - Processing file /home/airflow/.local/lib/python3.7/site-packages/airflow/example_dags/example_python_operator.py for tasks to queue
[2022-10-02T21:04:19.022+0000] {logging_mixin.py:117} INFO - [2022-10-02T21:04:19.022+0000] {dagbag.py:525} INFO - Filling up the DagBag from /home/airflow/.local/lib/python3.7/site-packages/airflow/example_dags/example_python_operator.py
[2022-10-02T21:04:19.040+0000] {processor.py:768} INFO - DAG(s) dict_keys(['example_python_operator']) retrieved from /home/airflow/.local/lib/python3.7/site-packages/airflow/example_dags/example_python_operator.py
[2022-10-02T21:04:19.066+0000] {logging_mixin.py:117} INFO - [2022-10-02T21:04:19.066+0000] {dag.py:2573} INFO - Sync 1 DAGs
[2022-10-02T21:04:19.083+0000] {logging_mixin.py:117} INFO - [2022-10-02T21:04:19.083+0000] {dag.py:3328} INFO - Setting next_dagrun for example_python_operator to None, run_after=None
[2022-10-02T21:04:19.096+0000] {processor.py:178} INFO - Processing /home/airflow/.local/lib/python3.7/site-packages/airflow/example_dags/example_python_operator.py took 0.081 seconds
[2022-10-02T21:05:08.998+0000] {processor.py:156} INFO - Started process (PID=44) to work on /home/airflow/.local/lib/python3.7/site-packages/airflow/example_dags/example_python_operator.py
[2022-10-02T21:05:09.003+0000] {processor.py:758} INFO - Processing file /home/airflow/.local/lib/python3.7/site-packages/airflow/example_dags/example_python_operator.py for tasks to queue
[2022-10-02T21:05:09.005+0000] {logging_mixin.py:117} INFO - [2022-10-02T21:05:09.004+0000] {dagbag.py:525} INFO - Filling up the DagBag from /home/airflow/.local/lib/python3.7/site-packages/airflow/example_dags/example_python_operator.py
[2022-10-02T21:05:09.030+0000] {processor.py:768} INFO - DAG(s) dict_keys(['example_python_operator']) retrieved from /home/airflow/.local/lib/python3.7/site-packages/airflow/example_dags/example_python_operator.py
[2022-10-02T21:05:09.059+0000] {logging_mixin.py:117} INFO - [2022-10-02T21:05:09.059+0000] {dag.py:2573} INFO - Sync 1 DAGs
[2022-10-02T21:05:09.083+0000] {logging_mixin.py:117} INFO - [2022-10-02T21:05:09.083+0000] {dag.py:3328} INFO - Setting next_dagrun for example_python_operator to None, run_after=None
[2022-10-02T21:05:09.124+0000] {processor.py:178} INFO - Processing /home/airflow/.local/lib/python3.7/site-packages/airflow/example_dags/example_python_operator.py took 0.130 seconds
[2022-10-02T21:05:39.907+0000] {processor.py:156} INFO - Started process (PID=108) to work on /home/airflow/.local/lib/python3.7/site-packages/airflow/example_dags/example_python_operator.py
[2022-10-02T21:05:39.908+0000] {processor.py:758} INFO - Processing file /home/airflow/.local/lib/python3.7/site-packages/airflow/example_dags/example_python_operator.py for tasks to queue
[2022-10-02T21:05:39.909+0000] {logging_mixin.py:117} INFO - [2022-10-02T21:05:39.909+0000] {dagbag.py:525} INFO - Filling up the DagBag from /home/airflow/.local/lib/python3.7/site-packages/airflow/example_dags/example_python_operator.py
[2022-10-02T21:05:39.922+0000] {processor.py:768} INFO - DAG(s) dict_keys(['example_python_operator']) retrieved from /home/airflow/.local/lib/python3.7/site-packages/airflow/example_dags/example_python_operator.py
[2022-10-02T21:05:39.947+0000] {logging_mixin.py:117} INFO - [2022-10-02T21:05:39.947+0000] {dag.py:2573} INFO - Sync 1 DAGs
[2022-10-02T21:05:39.960+0000] {logging_mixin.py:117} INFO - [2022-10-02T21:05:39.960+0000] {dag.py:3328} INFO - Setting next_dagrun for example_python_operator to None, run_after=None
[2022-10-02T21:05:39.971+0000] {processor.py:178} INFO - Processing /home/airflow/.local/lib/python3.7/site-packages/airflow/example_dags/example_python_operator.py took 0.066 seconds
[2022-10-02T21:06:10.117+0000] {processor.py:156} INFO - Started process (PID=173) to work on /home/airflow/.local/lib/python3.7/site-packages/airflow/example_dags/example_python_operator.py
[2022-10-02T21:06:10.120+0000] {processor.py:758} INFO - Processing file /home/airflow/.local/lib/python3.7/site-packages/airflow/example_dags/example_python_operator.py for tasks to queue
[2022-10-02T21:06:10.121+0000] {logging_mixin.py:117} INFO - [2022-10-02T21:06:10.121+0000] {dagbag.py:525} INFO - Filling up the DagBag from /home/airflow/.local/lib/python3.7/site-packages/airflow/example_dags/example_python_operator.py
[2022-10-02T21:06:10.137+0000] {processor.py:768} INFO - DAG(s) dict_keys(['example_python_operator']) retrieved from /home/airflow/.local/lib/python3.7/site-packages/airflow/example_dags/example_python_operator.py
[2022-10-02T21:06:10.166+0000] {logging_mixin.py:117} INFO - [2022-10-02T21:06:10.166+0000] {dag.py:2573} INFO - Sync 1 DAGs
[2022-10-02T21:06:10.181+0000] {logging_mixin.py:117} INFO - [2022-10-02T21:06:10.181+0000] {dag.py:3328} INFO - Setting next_dagrun for example_python_operator to None, run_after=None
[2022-10-02T21:06:10.192+0000] {processor.py:178} INFO - Processing /home/airflow/.local/lib/python3.7/site-packages/airflow/example_dags/example_python_operator.py took 0.080 seconds
[2022-10-02T21:06:40.411+0000] {processor.py:156} INFO - Started process (PID=236) to work on /home/airflow/.local/lib/python3.7/site-packages/airflow/example_dags/example_python_operator.py
[2022-10-02T21:06:40.412+0000] {processor.py:758} INFO - Processing file /home/airflow/.local/lib/python3.7/site-packages/airflow/example_dags/example_python_operator.py for tasks to queue
[2022-10-02T21:06:40.414+0000] {logging_mixin.py:117} INFO - [2022-10-02T21:06:40.413+0000] {dagbag.py:525} INFO - Filling up the DagBag from /home/airflow/.local/lib/python3.7/site-packages/airflow/example_dags/example_python_operator.py
[2022-10-02T21:06:40.430+0000] {processor.py:768} INFO - DAG(s) dict_keys(['example_python_operator']) retrieved from /home/airflow/.local/lib/python3.7/site-packages/airflow/example_dags/example_python_operator.py
[2022-10-02T21:06:40.456+0000] {logging_mixin.py:117} INFO - [2022-10-02T21:06:40.456+0000] {dag.py:2573} INFO - Sync 1 DAGs
[2022-10-02T21:06:40.471+0000] {logging_mixin.py:117} INFO - [2022-10-02T21:06:40.470+0000] {dag.py:3328} INFO - Setting next_dagrun for example_python_operator to None, run_after=None
[2022-10-02T21:06:40.483+0000] {processor.py:178} INFO - Processing /home/airflow/.local/lib/python3.7/site-packages/airflow/example_dags/example_python_operator.py took 0.074 seconds
[2022-10-02T21:07:11.594+0000] {processor.py:156} INFO - Started process (PID=297) to work on /home/airflow/.local/lib/python3.7/site-packages/airflow/example_dags/example_python_operator.py
[2022-10-02T21:07:11.596+0000] {processor.py:758} INFO - Processing file /home/airflow/.local/lib/python3.7/site-packages/airflow/example_dags/example_python_operator.py for tasks to queue
[2022-10-02T21:07:11.598+0000] {logging_mixin.py:117} INFO - [2022-10-02T21:07:11.597+0000] {dagbag.py:525} INFO - Filling up the DagBag from /home/airflow/.local/lib/python3.7/site-packages/airflow/example_dags/example_python_operator.py
[2022-10-02T21:07:11.618+0000] {processor.py:768} INFO - DAG(s) dict_keys(['example_python_operator']) retrieved from /home/airflow/.local/lib/python3.7/site-packages/airflow/example_dags/example_python_operator.py
[2022-10-02T21:07:11.667+0000] {logging_mixin.py:117} INFO - [2022-10-02T21:07:11.666+0000] {dag.py:2573} INFO - Sync 1 DAGs
[2022-10-02T21:07:11.704+0000] {logging_mixin.py:117} INFO - [2022-10-02T21:07:11.704+0000] {dag.py:3328} INFO - Setting next_dagrun for example_python_operator to None, run_after=None
[2022-10-02T21:07:11.748+0000] {processor.py:178} INFO - Processing /home/airflow/.local/lib/python3.7/site-packages/airflow/example_dags/example_python_operator.py took 0.156 seconds
[2022-10-02T21:07:42.220+0000] {processor.py:156} INFO - Started process (PID=353) to work on /home/airflow/.local/lib/python3.7/site-packages/airflow/example_dags/example_python_operator.py
[2022-10-02T21:07:42.222+0000] {processor.py:758} INFO - Processing file /home/airflow/.local/lib/python3.7/site-packages/airflow/example_dags/example_python_operator.py for tasks to queue
[2022-10-02T21:07:42.225+0000] {logging_mixin.py:117} INFO - [2022-10-02T21:07:42.225+0000] {dagbag.py:525} INFO - Filling up the DagBag from /home/airflow/.local/lib/python3.7/site-packages/airflow/example_dags/example_python_operator.py
[2022-10-02T21:07:42.247+0000] {processor.py:768} INFO - DAG(s) dict_keys(['example_python_operator']) retrieved from /home/airflow/.local/lib/python3.7/site-packages/airflow/example_dags/example_python_operator.py
[2022-10-02T21:07:42.276+0000] {logging_mixin.py:117} INFO - [2022-10-02T21:07:42.276+0000] {dag.py:2573} INFO - Sync 1 DAGs
[2022-10-02T21:07:42.291+0000] {logging_mixin.py:117} INFO - [2022-10-02T21:07:42.291+0000] {dag.py:3328} INFO - Setting next_dagrun for example_python_operator to None, run_after=None
[2022-10-02T21:07:42.302+0000] {processor.py:178} INFO - Processing /home/airflow/.local/lib/python3.7/site-packages/airflow/example_dags/example_python_operator.py took 0.084 seconds
[2022-10-02T21:08:12.474+0000] {processor.py:156} INFO - Started process (PID=416) to work on /home/airflow/.local/lib/python3.7/site-packages/airflow/example_dags/example_python_operator.py
[2022-10-02T21:08:12.475+0000] {processor.py:758} INFO - Processing file /home/airflow/.local/lib/python3.7/site-packages/airflow/example_dags/example_python_operator.py for tasks to queue
[2022-10-02T21:08:12.476+0000] {logging_mixin.py:117} INFO - [2022-10-02T21:08:12.476+0000] {dagbag.py:525} INFO - Filling up the DagBag from /home/airflow/.local/lib/python3.7/site-packages/airflow/example_dags/example_python_operator.py
[2022-10-02T21:08:12.495+0000] {processor.py:768} INFO - DAG(s) dict_keys(['example_python_operator']) retrieved from /home/airflow/.local/lib/python3.7/site-packages/airflow/example_dags/example_python_operator.py
[2022-10-02T21:08:12.521+0000] {logging_mixin.py:117} INFO - [2022-10-02T21:08:12.521+0000] {dag.py:2573} INFO - Sync 1 DAGs
[2022-10-02T21:08:12.537+0000] {logging_mixin.py:117} INFO - [2022-10-02T21:08:12.537+0000] {dag.py:3328} INFO - Setting next_dagrun for example_python_operator to None, run_after=None
[2022-10-02T21:08:12.551+0000] {processor.py:178} INFO - Processing /home/airflow/.local/lib/python3.7/site-packages/airflow/example_dags/example_python_operator.py took 0.079 seconds
[2022-10-02T21:08:42.669+0000] {processor.py:156} INFO - Started process (PID=479) to work on /home/airflow/.local/lib/python3.7/site-packages/airflow/example_dags/example_python_operator.py
[2022-10-02T21:08:42.671+0000] {processor.py:758} INFO - Processing file /home/airflow/.local/lib/python3.7/site-packages/airflow/example_dags/example_python_operator.py for tasks to queue
[2022-10-02T21:08:42.672+0000] {logging_mixin.py:117} INFO - [2022-10-02T21:08:42.672+0000] {dagbag.py:525} INFO - Filling up the DagBag from /home/airflow/.local/lib/python3.7/site-packages/airflow/example_dags/example_python_operator.py
[2022-10-02T21:08:42.688+0000] {processor.py:768} INFO - DAG(s) dict_keys(['example_python_operator']) retrieved from /home/airflow/.local/lib/python3.7/site-packages/airflow/example_dags/example_python_operator.py
[2022-10-02T21:08:42.713+0000] {logging_mixin.py:117} INFO - [2022-10-02T21:08:42.713+0000] {dag.py:2573} INFO - Sync 1 DAGs
[2022-10-02T21:08:42.728+0000] {logging_mixin.py:117} INFO - [2022-10-02T21:08:42.728+0000] {dag.py:3328} INFO - Setting next_dagrun for example_python_operator to None, run_after=None
[2022-10-02T21:08:42.740+0000] {processor.py:178} INFO - Processing /home/airflow/.local/lib/python3.7/site-packages/airflow/example_dags/example_python_operator.py took 0.073 seconds
[2022-10-02T21:09:12.899+0000] {processor.py:156} INFO - Started process (PID=542) to work on /home/airflow/.local/lib/python3.7/site-packages/airflow/example_dags/example_python_operator.py
[2022-10-02T21:09:12.900+0000] {processor.py:758} INFO - Processing file /home/airflow/.local/lib/python3.7/site-packages/airflow/example_dags/example_python_operator.py for tasks to queue
[2022-10-02T21:09:12.901+0000] {logging_mixin.py:117} INFO - [2022-10-02T21:09:12.901+0000] {dagbag.py:525} INFO - Filling up the DagBag from /home/airflow/.local/lib/python3.7/site-packages/airflow/example_dags/example_python_operator.py
[2022-10-02T21:09:12.917+0000] {processor.py:768} INFO - DAG(s) dict_keys(['example_python_operator']) retrieved from /home/airflow/.local/lib/python3.7/site-packages/airflow/example_dags/example_python_operator.py
[2022-10-02T21:09:12.944+0000] {logging_mixin.py:117} INFO - [2022-10-02T21:09:12.944+0000] {dag.py:2573} INFO - Sync 1 DAGs
[2022-10-02T21:09:12.959+0000] {logging_mixin.py:117} INFO - [2022-10-02T21:09:12.959+0000] {dag.py:3328} INFO - Setting next_dagrun for example_python_operator to None, run_after=None
[2022-10-02T21:09:12.972+0000] {processor.py:178} INFO - Processing /home/airflow/.local/lib/python3.7/site-packages/airflow/example_dags/example_python_operator.py took 0.075 seconds
[2022-10-02T21:09:43.154+0000] {processor.py:156} INFO - Started process (PID=605) to work on /home/airflow/.local/lib/python3.7/site-packages/airflow/example_dags/example_python_operator.py
[2022-10-02T21:09:43.156+0000] {processor.py:758} INFO - Processing file /home/airflow/.local/lib/python3.7/site-packages/airflow/example_dags/example_python_operator.py for tasks to queue
[2022-10-02T21:09:43.157+0000] {logging_mixin.py:117} INFO - [2022-10-02T21:09:43.157+0000] {dagbag.py:525} INFO - Filling up the DagBag from /home/airflow/.local/lib/python3.7/site-packages/airflow/example_dags/example_python_operator.py
[2022-10-02T21:09:43.175+0000] {processor.py:768} INFO - DAG(s) dict_keys(['example_python_operator']) retrieved from /home/airflow/.local/lib/python3.7/site-packages/airflow/example_dags/example_python_operator.py
[2022-10-02T21:09:43.203+0000] {logging_mixin.py:117} INFO - [2022-10-02T21:09:43.203+0000] {dag.py:2573} INFO - Sync 1 DAGs
[2022-10-02T21:09:43.221+0000] {logging_mixin.py:117} INFO - [2022-10-02T21:09:43.221+0000] {dag.py:3328} INFO - Setting next_dagrun for example_python_operator to None, run_after=None
[2022-10-02T21:09:43.235+0000] {processor.py:178} INFO - Processing /home/airflow/.local/lib/python3.7/site-packages/airflow/example_dags/example_python_operator.py took 0.083 seconds
[2022-10-02T21:10:13.364+0000] {processor.py:156} INFO - Started process (PID=659) to work on /home/airflow/.local/lib/python3.7/site-packages/airflow/example_dags/example_python_operator.py
[2022-10-02T21:10:13.365+0000] {processor.py:758} INFO - Processing file /home/airflow/.local/lib/python3.7/site-packages/airflow/example_dags/example_python_operator.py for tasks to queue
[2022-10-02T21:10:13.366+0000] {logging_mixin.py:117} INFO - [2022-10-02T21:10:13.366+0000] {dagbag.py:525} INFO - Filling up the DagBag from /home/airflow/.local/lib/python3.7/site-packages/airflow/example_dags/example_python_operator.py
[2022-10-02T21:10:13.384+0000] {processor.py:768} INFO - DAG(s) dict_keys(['example_python_operator']) retrieved from /home/airflow/.local/lib/python3.7/site-packages/airflow/example_dags/example_python_operator.py
[2022-10-02T21:10:13.410+0000] {logging_mixin.py:117} INFO - [2022-10-02T21:10:13.410+0000] {dag.py:2573} INFO - Sync 1 DAGs
[2022-10-02T21:10:13.426+0000] {logging_mixin.py:117} INFO - [2022-10-02T21:10:13.426+0000] {dag.py:3328} INFO - Setting next_dagrun for example_python_operator to None, run_after=None
[2022-10-02T21:10:13.439+0000] {processor.py:178} INFO - Processing /home/airflow/.local/lib/python3.7/site-packages/airflow/example_dags/example_python_operator.py took 0.079 seconds
[2022-10-02T21:10:44.509+0000] {processor.py:156} INFO - Started process (PID=721) to work on /home/airflow/.local/lib/python3.7/site-packages/airflow/example_dags/example_python_operator.py
[2022-10-02T21:10:44.511+0000] {processor.py:758} INFO - Processing file /home/airflow/.local/lib/python3.7/site-packages/airflow/example_dags/example_python_operator.py for tasks to queue
[2022-10-02T21:10:44.513+0000] {logging_mixin.py:117} INFO - [2022-10-02T21:10:44.513+0000] {dagbag.py:525} INFO - Filling up the DagBag from /home/airflow/.local/lib/python3.7/site-packages/airflow/example_dags/example_python_operator.py
[2022-10-02T21:10:44.529+0000] {processor.py:768} INFO - DAG(s) dict_keys(['example_python_operator']) retrieved from /home/airflow/.local/lib/python3.7/site-packages/airflow/example_dags/example_python_operator.py
[2022-10-02T21:10:44.555+0000] {logging_mixin.py:117} INFO - [2022-10-02T21:10:44.555+0000] {dag.py:2573} INFO - Sync 1 DAGs
[2022-10-02T21:10:44.570+0000] {logging_mixin.py:117} INFO - [2022-10-02T21:10:44.570+0000] {dag.py:3328} INFO - Setting next_dagrun for example_python_operator to None, run_after=None
[2022-10-02T21:10:44.581+0000] {processor.py:178} INFO - Processing /home/airflow/.local/lib/python3.7/site-packages/airflow/example_dags/example_python_operator.py took 0.074 seconds
[2022-10-02T21:11:14.769+0000] {processor.py:156} INFO - Started process (PID=784) to work on /home/airflow/.local/lib/python3.7/site-packages/airflow/example_dags/example_python_operator.py
[2022-10-02T21:11:14.770+0000] {processor.py:758} INFO - Processing file /home/airflow/.local/lib/python3.7/site-packages/airflow/example_dags/example_python_operator.py for tasks to queue
[2022-10-02T21:11:14.771+0000] {logging_mixin.py:117} INFO - [2022-10-02T21:11:14.771+0000] {dagbag.py:525} INFO - Filling up the DagBag from /home/airflow/.local/lib/python3.7/site-packages/airflow/example_dags/example_python_operator.py
[2022-10-02T21:11:14.790+0000] {processor.py:768} INFO - DAG(s) dict_keys(['example_python_operator']) retrieved from /home/airflow/.local/lib/python3.7/site-packages/airflow/example_dags/example_python_operator.py
[2022-10-02T21:11:14.817+0000] {logging_mixin.py:117} INFO - [2022-10-02T21:11:14.817+0000] {dag.py:2573} INFO - Sync 1 DAGs
[2022-10-02T21:11:14.832+0000] {logging_mixin.py:117} INFO - [2022-10-02T21:11:14.832+0000] {dag.py:3328} INFO - Setting next_dagrun for example_python_operator to None, run_after=None
[2022-10-02T21:11:14.846+0000] {processor.py:178} INFO - Processing /home/airflow/.local/lib/python3.7/site-packages/airflow/example_dags/example_python_operator.py took 0.079 seconds
[2022-10-02T21:11:45.180+0000] {processor.py:156} INFO - Started process (PID=846) to work on /home/airflow/.local/lib/python3.7/site-packages/airflow/example_dags/example_python_operator.py
[2022-10-02T21:11:45.182+0000] {processor.py:758} INFO - Processing file /home/airflow/.local/lib/python3.7/site-packages/airflow/example_dags/example_python_operator.py for tasks to queue
[2022-10-02T21:11:45.185+0000] {logging_mixin.py:117} INFO - [2022-10-02T21:11:45.185+0000] {dagbag.py:525} INFO - Filling up the DagBag from /home/airflow/.local/lib/python3.7/site-packages/airflow/example_dags/example_python_operator.py
[2022-10-02T21:11:45.202+0000] {processor.py:768} INFO - DAG(s) dict_keys(['example_python_operator']) retrieved from /home/airflow/.local/lib/python3.7/site-packages/airflow/example_dags/example_python_operator.py
[2022-10-02T21:11:45.229+0000] {logging_mixin.py:117} INFO - [2022-10-02T21:11:45.229+0000] {dag.py:2573} INFO - Sync 1 DAGs
[2022-10-02T21:11:45.245+0000] {logging_mixin.py:117} INFO - [2022-10-02T21:11:45.245+0000] {dag.py:3328} INFO - Setting next_dagrun for example_python_operator to None, run_after=None
[2022-10-02T21:11:45.257+0000] {processor.py:178} INFO - Processing /home/airflow/.local/lib/python3.7/site-packages/airflow/example_dags/example_python_operator.py took 0.080 seconds
[2022-10-02T21:12:15.788+0000] {processor.py:156} INFO - Started process (PID=910) to work on /home/airflow/.local/lib/python3.7/site-packages/airflow/example_dags/example_python_operator.py
[2022-10-02T21:12:15.790+0000] {processor.py:758} INFO - Processing file /home/airflow/.local/lib/python3.7/site-packages/airflow/example_dags/example_python_operator.py for tasks to queue
[2022-10-02T21:12:15.791+0000] {logging_mixin.py:117} INFO - [2022-10-02T21:12:15.791+0000] {dagbag.py:525} INFO - Filling up the DagBag from /home/airflow/.local/lib/python3.7/site-packages/airflow/example_dags/example_python_operator.py
[2022-10-02T21:12:15.807+0000] {processor.py:768} INFO - DAG(s) dict_keys(['example_python_operator']) retrieved from /home/airflow/.local/lib/python3.7/site-packages/airflow/example_dags/example_python_operator.py
[2022-10-02T21:12:15.832+0000] {logging_mixin.py:117} INFO - [2022-10-02T21:12:15.831+0000] {dag.py:2573} INFO - Sync 1 DAGs
[2022-10-02T21:12:15.847+0000] {logging_mixin.py:117} INFO - [2022-10-02T21:12:15.847+0000] {dag.py:3328} INFO - Setting next_dagrun for example_python_operator to None, run_after=None
[2022-10-02T21:12:15.859+0000] {processor.py:178} INFO - Processing /home/airflow/.local/lib/python3.7/site-packages/airflow/example_dags/example_python_operator.py took 0.072 seconds
[2022-10-02T21:12:46.025+0000] {processor.py:156} INFO - Started process (PID=973) to work on /home/airflow/.local/lib/python3.7/site-packages/airflow/example_dags/example_python_operator.py
[2022-10-02T21:12:46.027+0000] {processor.py:758} INFO - Processing file /home/airflow/.local/lib/python3.7/site-packages/airflow/example_dags/example_python_operator.py for tasks to queue
[2022-10-02T21:12:46.028+0000] {logging_mixin.py:117} INFO - [2022-10-02T21:12:46.028+0000] {dagbag.py:525} INFO - Filling up the DagBag from /home/airflow/.local/lib/python3.7/site-packages/airflow/example_dags/example_python_operator.py
[2022-10-02T21:12:46.045+0000] {processor.py:768} INFO - DAG(s) dict_keys(['example_python_operator']) retrieved from /home/airflow/.local/lib/python3.7/site-packages/airflow/example_dags/example_python_operator.py
[2022-10-02T21:12:46.072+0000] {logging_mixin.py:117} INFO - [2022-10-02T21:12:46.072+0000] {dag.py:2573} INFO - Sync 1 DAGs
[2022-10-02T21:12:46.088+0000] {logging_mixin.py:117} INFO - [2022-10-02T21:12:46.088+0000] {dag.py:3328} INFO - Setting next_dagrun for example_python_operator to None, run_after=None
[2022-10-02T21:12:46.101+0000] {processor.py:178} INFO - Processing /home/airflow/.local/lib/python3.7/site-packages/airflow/example_dags/example_python_operator.py took 0.078 seconds
[2022-10-02T21:13:16.224+0000] {processor.py:156} INFO - Started process (PID=1026) to work on /home/airflow/.local/lib/python3.7/site-packages/airflow/example_dags/example_python_operator.py
[2022-10-02T21:13:16.226+0000] {processor.py:758} INFO - Processing file /home/airflow/.local/lib/python3.7/site-packages/airflow/example_dags/example_python_operator.py for tasks to queue
[2022-10-02T21:13:16.227+0000] {logging_mixin.py:117} INFO - [2022-10-02T21:13:16.227+0000] {dagbag.py:525} INFO - Filling up the DagBag from /home/airflow/.local/lib/python3.7/site-packages/airflow/example_dags/example_python_operator.py
[2022-10-02T21:13:16.243+0000] {processor.py:768} INFO - DAG(s) dict_keys(['example_python_operator']) retrieved from /home/airflow/.local/lib/python3.7/site-packages/airflow/example_dags/example_python_operator.py
[2022-10-02T21:13:16.270+0000] {logging_mixin.py:117} INFO - [2022-10-02T21:13:16.270+0000] {dag.py:2573} INFO - Sync 1 DAGs
[2022-10-02T21:13:16.284+0000] {logging_mixin.py:117} INFO - [2022-10-02T21:13:16.284+0000] {dag.py:3328} INFO - Setting next_dagrun for example_python_operator to None, run_after=None
[2022-10-02T21:13:16.296+0000] {processor.py:178} INFO - Processing /home/airflow/.local/lib/python3.7/site-packages/airflow/example_dags/example_python_operator.py took 0.074 seconds
[2022-10-02T21:14:58.034+0000] {processor.py:156} INFO - Started process (PID=53) to work on /home/airflow/.local/lib/python3.7/site-packages/airflow/example_dags/example_python_operator.py
[2022-10-02T21:14:58.037+0000] {processor.py:758} INFO - Processing file /home/airflow/.local/lib/python3.7/site-packages/airflow/example_dags/example_python_operator.py for tasks to queue
[2022-10-02T21:14:58.045+0000] {logging_mixin.py:117} INFO - [2022-10-02T21:14:58.045+0000] {dagbag.py:525} INFO - Filling up the DagBag from /home/airflow/.local/lib/python3.7/site-packages/airflow/example_dags/example_python_operator.py
[2022-10-02T21:14:58.134+0000] {processor.py:768} INFO - DAG(s) dict_keys(['example_python_operator']) retrieved from /home/airflow/.local/lib/python3.7/site-packages/airflow/example_dags/example_python_operator.py
[2022-10-02T21:14:58.238+0000] {logging_mixin.py:117} INFO - [2022-10-02T21:14:58.238+0000] {dag.py:2573} INFO - Sync 1 DAGs
[2022-10-02T21:14:58.330+0000] {logging_mixin.py:117} INFO - [2022-10-02T21:14:58.328+0000] {dag.py:3328} INFO - Setting next_dagrun for example_python_operator to None, run_after=None
[2022-10-02T21:14:58.410+0000] {processor.py:178} INFO - Processing /home/airflow/.local/lib/python3.7/site-packages/airflow/example_dags/example_python_operator.py took 0.381 seconds
[2022-10-02T21:15:28.554+0000] {processor.py:156} INFO - Started process (PID=108) to work on /home/airflow/.local/lib/python3.7/site-packages/airflow/example_dags/example_python_operator.py
[2022-10-02T21:15:28.556+0000] {processor.py:758} INFO - Processing file /home/airflow/.local/lib/python3.7/site-packages/airflow/example_dags/example_python_operator.py for tasks to queue
[2022-10-02T21:15:28.559+0000] {logging_mixin.py:117} INFO - [2022-10-02T21:15:28.558+0000] {dagbag.py:525} INFO - Filling up the DagBag from /home/airflow/.local/lib/python3.7/site-packages/airflow/example_dags/example_python_operator.py
[2022-10-02T21:15:28.606+0000] {processor.py:768} INFO - DAG(s) dict_keys(['example_python_operator']) retrieved from /home/airflow/.local/lib/python3.7/site-packages/airflow/example_dags/example_python_operator.py
[2022-10-02T21:15:28.640+0000] {logging_mixin.py:117} INFO - [2022-10-02T21:15:28.640+0000] {dag.py:2573} INFO - Sync 1 DAGs
[2022-10-02T21:15:28.661+0000] {logging_mixin.py:117} INFO - [2022-10-02T21:15:28.661+0000] {dag.py:3328} INFO - Setting next_dagrun for example_python_operator to None, run_after=None
[2022-10-02T21:15:28.684+0000] {processor.py:178} INFO - Processing /home/airflow/.local/lib/python3.7/site-packages/airflow/example_dags/example_python_operator.py took 0.132 seconds
[2022-10-02T21:15:58.801+0000] {processor.py:156} INFO - Started process (PID=171) to work on /home/airflow/.local/lib/python3.7/site-packages/airflow/example_dags/example_python_operator.py
[2022-10-02T21:15:58.803+0000] {processor.py:758} INFO - Processing file /home/airflow/.local/lib/python3.7/site-packages/airflow/example_dags/example_python_operator.py for tasks to queue
[2022-10-02T21:15:58.804+0000] {logging_mixin.py:117} INFO - [2022-10-02T21:15:58.804+0000] {dagbag.py:525} INFO - Filling up the DagBag from /home/airflow/.local/lib/python3.7/site-packages/airflow/example_dags/example_python_operator.py
[2022-10-02T21:15:58.844+0000] {processor.py:768} INFO - DAG(s) dict_keys(['example_python_operator']) retrieved from /home/airflow/.local/lib/python3.7/site-packages/airflow/example_dags/example_python_operator.py
[2022-10-02T21:15:58.894+0000] {logging_mixin.py:117} INFO - [2022-10-02T21:15:58.894+0000] {dag.py:2573} INFO - Sync 1 DAGs
[2022-10-02T21:15:58.915+0000] {logging_mixin.py:117} INFO - [2022-10-02T21:15:58.915+0000] {dag.py:3328} INFO - Setting next_dagrun for example_python_operator to None, run_after=None
[2022-10-02T21:15:58.939+0000] {processor.py:178} INFO - Processing /home/airflow/.local/lib/python3.7/site-packages/airflow/example_dags/example_python_operator.py took 0.140 seconds
[2022-10-02T21:16:29.553+0000] {processor.py:156} INFO - Started process (PID=233) to work on /home/airflow/.local/lib/python3.7/site-packages/airflow/example_dags/example_python_operator.py
[2022-10-02T21:16:29.559+0000] {processor.py:758} INFO - Processing file /home/airflow/.local/lib/python3.7/site-packages/airflow/example_dags/example_python_operator.py for tasks to queue
[2022-10-02T21:16:29.562+0000] {logging_mixin.py:117} INFO - [2022-10-02T21:16:29.562+0000] {dagbag.py:525} INFO - Filling up the DagBag from /home/airflow/.local/lib/python3.7/site-packages/airflow/example_dags/example_python_operator.py
[2022-10-02T21:16:29.630+0000] {processor.py:768} INFO - DAG(s) dict_keys(['example_python_operator']) retrieved from /home/airflow/.local/lib/python3.7/site-packages/airflow/example_dags/example_python_operator.py
[2022-10-02T21:16:29.680+0000] {logging_mixin.py:117} INFO - [2022-10-02T21:16:29.680+0000] {dag.py:2573} INFO - Sync 1 DAGs
[2022-10-02T21:16:29.701+0000] {logging_mixin.py:117} INFO - [2022-10-02T21:16:29.701+0000] {dag.py:3328} INFO - Setting next_dagrun for example_python_operator to None, run_after=None
[2022-10-02T21:16:29.734+0000] {processor.py:178} INFO - Processing /home/airflow/.local/lib/python3.7/site-packages/airflow/example_dags/example_python_operator.py took 0.192 seconds
[2022-10-02T21:17:00.343+0000] {processor.py:156} INFO - Started process (PID=295) to work on /home/airflow/.local/lib/python3.7/site-packages/airflow/example_dags/example_python_operator.py
[2022-10-02T21:17:00.345+0000] {processor.py:758} INFO - Processing file /home/airflow/.local/lib/python3.7/site-packages/airflow/example_dags/example_python_operator.py for tasks to queue
[2022-10-02T21:17:00.348+0000] {logging_mixin.py:117} INFO - [2022-10-02T21:17:00.347+0000] {dagbag.py:525} INFO - Filling up the DagBag from /home/airflow/.local/lib/python3.7/site-packages/airflow/example_dags/example_python_operator.py
[2022-10-02T21:17:00.369+0000] {processor.py:768} INFO - DAG(s) dict_keys(['example_python_operator']) retrieved from /home/airflow/.local/lib/python3.7/site-packages/airflow/example_dags/example_python_operator.py
[2022-10-02T21:17:00.417+0000] {logging_mixin.py:117} INFO - [2022-10-02T21:17:00.417+0000] {dag.py:2573} INFO - Sync 1 DAGs
[2022-10-02T21:17:00.451+0000] {logging_mixin.py:117} INFO - [2022-10-02T21:17:00.451+0000] {dag.py:3328} INFO - Setting next_dagrun for example_python_operator to None, run_after=None
[2022-10-02T21:17:00.468+0000] {processor.py:178} INFO - Processing /home/airflow/.local/lib/python3.7/site-packages/airflow/example_dags/example_python_operator.py took 0.128 seconds
[2022-10-02T21:17:30.572+0000] {processor.py:156} INFO - Started process (PID=349) to work on /home/airflow/.local/lib/python3.7/site-packages/airflow/example_dags/example_python_operator.py
[2022-10-02T21:17:30.576+0000] {processor.py:758} INFO - Processing file /home/airflow/.local/lib/python3.7/site-packages/airflow/example_dags/example_python_operator.py for tasks to queue
[2022-10-02T21:17:30.579+0000] {logging_mixin.py:117} INFO - [2022-10-02T21:17:30.579+0000] {dagbag.py:525} INFO - Filling up the DagBag from /home/airflow/.local/lib/python3.7/site-packages/airflow/example_dags/example_python_operator.py
[2022-10-02T21:17:30.622+0000] {processor.py:768} INFO - DAG(s) dict_keys(['example_python_operator']) retrieved from /home/airflow/.local/lib/python3.7/site-packages/airflow/example_dags/example_python_operator.py
[2022-10-02T21:17:30.661+0000] {logging_mixin.py:117} INFO - [2022-10-02T21:17:30.661+0000] {dag.py:2573} INFO - Sync 1 DAGs
[2022-10-02T21:17:30.713+0000] {logging_mixin.py:117} INFO - [2022-10-02T21:17:30.713+0000] {dag.py:3328} INFO - Setting next_dagrun for example_python_operator to None, run_after=None
[2022-10-02T21:17:30.758+0000] {processor.py:178} INFO - Processing /home/airflow/.local/lib/python3.7/site-packages/airflow/example_dags/example_python_operator.py took 0.193 seconds
[2022-10-02T21:18:00.787+0000] {processor.py:156} INFO - Started process (PID=412) to work on /home/airflow/.local/lib/python3.7/site-packages/airflow/example_dags/example_python_operator.py
[2022-10-02T21:18:00.789+0000] {processor.py:758} INFO - Processing file /home/airflow/.local/lib/python3.7/site-packages/airflow/example_dags/example_python_operator.py for tasks to queue
[2022-10-02T21:18:00.791+0000] {logging_mixin.py:117} INFO - [2022-10-02T21:18:00.791+0000] {dagbag.py:525} INFO - Filling up the DagBag from /home/airflow/.local/lib/python3.7/site-packages/airflow/example_dags/example_python_operator.py
[2022-10-02T21:18:00.806+0000] {processor.py:768} INFO - DAG(s) dict_keys(['example_python_operator']) retrieved from /home/airflow/.local/lib/python3.7/site-packages/airflow/example_dags/example_python_operator.py
[2022-10-02T21:18:00.833+0000] {logging_mixin.py:117} INFO - [2022-10-02T21:18:00.833+0000] {dag.py:2573} INFO - Sync 1 DAGs
[2022-10-02T21:18:00.848+0000] {logging_mixin.py:117} INFO - [2022-10-02T21:18:00.848+0000] {dag.py:3328} INFO - Setting next_dagrun for example_python_operator to None, run_after=None
[2022-10-02T21:18:00.861+0000] {processor.py:178} INFO - Processing /home/airflow/.local/lib/python3.7/site-packages/airflow/example_dags/example_python_operator.py took 0.076 seconds
[2022-10-02T21:18:31.652+0000] {processor.py:156} INFO - Started process (PID=478) to work on /home/airflow/.local/lib/python3.7/site-packages/airflow/example_dags/example_python_operator.py
[2022-10-02T21:18:31.654+0000] {processor.py:758} INFO - Processing file /home/airflow/.local/lib/python3.7/site-packages/airflow/example_dags/example_python_operator.py for tasks to queue
[2022-10-02T21:18:31.655+0000] {logging_mixin.py:117} INFO - [2022-10-02T21:18:31.655+0000] {dagbag.py:525} INFO - Filling up the DagBag from /home/airflow/.local/lib/python3.7/site-packages/airflow/example_dags/example_python_operator.py
[2022-10-02T21:18:31.674+0000] {processor.py:768} INFO - DAG(s) dict_keys(['example_python_operator']) retrieved from /home/airflow/.local/lib/python3.7/site-packages/airflow/example_dags/example_python_operator.py
[2022-10-02T21:18:31.706+0000] {logging_mixin.py:117} INFO - [2022-10-02T21:18:31.706+0000] {dag.py:2573} INFO - Sync 1 DAGs
[2022-10-02T21:18:31.727+0000] {logging_mixin.py:117} INFO - [2022-10-02T21:18:31.727+0000] {dag.py:3328} INFO - Setting next_dagrun for example_python_operator to None, run_after=None
[2022-10-02T21:18:31.745+0000] {processor.py:178} INFO - Processing /home/airflow/.local/lib/python3.7/site-packages/airflow/example_dags/example_python_operator.py took 0.097 seconds
[2022-10-02T21:19:02.799+0000] {processor.py:156} INFO - Started process (PID=541) to work on /home/airflow/.local/lib/python3.7/site-packages/airflow/example_dags/example_python_operator.py
[2022-10-02T21:19:02.801+0000] {processor.py:758} INFO - Processing file /home/airflow/.local/lib/python3.7/site-packages/airflow/example_dags/example_python_operator.py for tasks to queue
[2022-10-02T21:19:02.803+0000] {logging_mixin.py:117} INFO - [2022-10-02T21:19:02.802+0000] {dagbag.py:525} INFO - Filling up the DagBag from /home/airflow/.local/lib/python3.7/site-packages/airflow/example_dags/example_python_operator.py
[2022-10-02T21:19:02.821+0000] {processor.py:768} INFO - DAG(s) dict_keys(['example_python_operator']) retrieved from /home/airflow/.local/lib/python3.7/site-packages/airflow/example_dags/example_python_operator.py
[2022-10-02T21:19:02.873+0000] {logging_mixin.py:117} INFO - [2022-10-02T21:19:02.873+0000] {dag.py:2573} INFO - Sync 1 DAGs
[2022-10-02T21:19:02.893+0000] {logging_mixin.py:117} INFO - [2022-10-02T21:19:02.893+0000] {dag.py:3328} INFO - Setting next_dagrun for example_python_operator to None, run_after=None
[2022-10-02T21:19:02.928+0000] {processor.py:178} INFO - Processing /home/airflow/.local/lib/python3.7/site-packages/airflow/example_dags/example_python_operator.py took 0.131 seconds
[2022-10-02T21:19:33.458+0000] {processor.py:156} INFO - Started process (PID=604) to work on /home/airflow/.local/lib/python3.7/site-packages/airflow/example_dags/example_python_operator.py
[2022-10-02T21:19:33.459+0000] {processor.py:758} INFO - Processing file /home/airflow/.local/lib/python3.7/site-packages/airflow/example_dags/example_python_operator.py for tasks to queue
[2022-10-02T21:19:33.460+0000] {logging_mixin.py:117} INFO - [2022-10-02T21:19:33.460+0000] {dagbag.py:525} INFO - Filling up the DagBag from /home/airflow/.local/lib/python3.7/site-packages/airflow/example_dags/example_python_operator.py
[2022-10-02T21:19:33.477+0000] {processor.py:768} INFO - DAG(s) dict_keys(['example_python_operator']) retrieved from /home/airflow/.local/lib/python3.7/site-packages/airflow/example_dags/example_python_operator.py
[2022-10-02T21:19:33.504+0000] {logging_mixin.py:117} INFO - [2022-10-02T21:19:33.504+0000] {dag.py:2573} INFO - Sync 1 DAGs
[2022-10-02T21:19:33.520+0000] {logging_mixin.py:117} INFO - [2022-10-02T21:19:33.520+0000] {dag.py:3328} INFO - Setting next_dagrun for example_python_operator to None, run_after=None
[2022-10-02T21:19:33.533+0000] {processor.py:178} INFO - Processing /home/airflow/.local/lib/python3.7/site-packages/airflow/example_dags/example_python_operator.py took 0.077 seconds
