[2022-10-02T20:50:10.387+0000] {processor.py:156} INFO - Started process (PID=34) to work on /home/airflow/.local/lib/python3.7/site-packages/airflow/example_dags/example_branch_python_dop_operator_3.py
[2022-10-02T20:50:10.390+0000] {processor.py:758} INFO - Processing file /home/airflow/.local/lib/python3.7/site-packages/airflow/example_dags/example_branch_python_dop_operator_3.py for tasks to queue
[2022-10-02T20:50:10.391+0000] {logging_mixin.py:117} INFO - [2022-10-02T20:50:10.391+0000] {dagbag.py:525} INFO - Filling up the DagBag from /home/airflow/.local/lib/python3.7/site-packages/airflow/example_dags/example_branch_python_dop_operator_3.py
[2022-10-02T20:50:10.743+0000] {processor.py:768} INFO - DAG(s) dict_keys(['example_branch_dop_operator_v3']) retrieved from /home/airflow/.local/lib/python3.7/site-packages/airflow/example_dags/example_branch_python_dop_operator_3.py
[2022-10-02T20:50:10.783+0000] {logging_mixin.py:117} INFO - [2022-10-02T20:50:10.783+0000] {dag.py:2573} INFO - Sync 1 DAGs
[2022-10-02T20:50:10.820+0000] {logging_mixin.py:117} INFO - [2022-10-02T20:50:10.820+0000] {dag.py:3328} INFO - Setting next_dagrun for example_branch_dop_operator_v3 to 2022-10-02T20:49:00+00:00, run_after=2022-10-02T20:50:00+00:00
[2022-10-02T20:50:10.834+0000] {processor.py:178} INFO - Processing /home/airflow/.local/lib/python3.7/site-packages/airflow/example_dags/example_branch_python_dop_operator_3.py took 0.455 seconds
[2022-10-02T20:50:40.887+0000] {processor.py:156} INFO - Started process (PID=96) to work on /home/airflow/.local/lib/python3.7/site-packages/airflow/example_dags/example_branch_python_dop_operator_3.py
[2022-10-02T20:50:40.893+0000] {processor.py:758} INFO - Processing file /home/airflow/.local/lib/python3.7/site-packages/airflow/example_dags/example_branch_python_dop_operator_3.py for tasks to queue
[2022-10-02T20:50:40.895+0000] {logging_mixin.py:117} INFO - [2022-10-02T20:50:40.894+0000] {dagbag.py:525} INFO - Filling up the DagBag from /home/airflow/.local/lib/python3.7/site-packages/airflow/example_dags/example_branch_python_dop_operator_3.py
[2022-10-02T20:50:40.945+0000] {processor.py:768} INFO - DAG(s) dict_keys(['example_branch_dop_operator_v3']) retrieved from /home/airflow/.local/lib/python3.7/site-packages/airflow/example_dags/example_branch_python_dop_operator_3.py
[2022-10-02T20:50:40.993+0000] {logging_mixin.py:117} INFO - [2022-10-02T20:50:40.993+0000] {dag.py:2573} INFO - Sync 1 DAGs
[2022-10-02T20:50:41.030+0000] {logging_mixin.py:117} INFO - [2022-10-02T20:50:41.030+0000] {dag.py:3328} INFO - Setting next_dagrun for example_branch_dop_operator_v3 to 2022-10-02T20:49:00+00:00, run_after=2022-10-02T20:50:00+00:00
[2022-10-02T20:50:41.054+0000] {processor.py:178} INFO - Processing /home/airflow/.local/lib/python3.7/site-packages/airflow/example_dags/example_branch_python_dop_operator_3.py took 0.176 seconds
[2022-10-02T20:51:11.095+0000] {processor.py:156} INFO - Started process (PID=160) to work on /home/airflow/.local/lib/python3.7/site-packages/airflow/example_dags/example_branch_python_dop_operator_3.py
[2022-10-02T20:51:11.098+0000] {processor.py:758} INFO - Processing file /home/airflow/.local/lib/python3.7/site-packages/airflow/example_dags/example_branch_python_dop_operator_3.py for tasks to queue
[2022-10-02T20:51:11.100+0000] {logging_mixin.py:117} INFO - [2022-10-02T20:51:11.099+0000] {dagbag.py:525} INFO - Filling up the DagBag from /home/airflow/.local/lib/python3.7/site-packages/airflow/example_dags/example_branch_python_dop_operator_3.py
[2022-10-02T20:51:11.119+0000] {processor.py:768} INFO - DAG(s) dict_keys(['example_branch_dop_operator_v3']) retrieved from /home/airflow/.local/lib/python3.7/site-packages/airflow/example_dags/example_branch_python_dop_operator_3.py
[2022-10-02T20:51:11.186+0000] {logging_mixin.py:117} INFO - [2022-10-02T20:51:11.186+0000] {dag.py:2573} INFO - Sync 1 DAGs
[2022-10-02T20:51:11.208+0000] {logging_mixin.py:117} INFO - [2022-10-02T20:51:11.208+0000] {dag.py:3328} INFO - Setting next_dagrun for example_branch_dop_operator_v3 to 2022-10-02T20:50:00+00:00, run_after=2022-10-02T20:51:00+00:00
[2022-10-02T20:51:11.229+0000] {processor.py:178} INFO - Processing /home/airflow/.local/lib/python3.7/site-packages/airflow/example_dags/example_branch_python_dop_operator_3.py took 0.136 seconds
[2022-10-02T20:51:42.095+0000] {processor.py:156} INFO - Started process (PID=215) to work on /home/airflow/.local/lib/python3.7/site-packages/airflow/example_dags/example_branch_python_dop_operator_3.py
[2022-10-02T20:51:42.097+0000] {processor.py:758} INFO - Processing file /home/airflow/.local/lib/python3.7/site-packages/airflow/example_dags/example_branch_python_dop_operator_3.py for tasks to queue
[2022-10-02T20:51:42.098+0000] {logging_mixin.py:117} INFO - [2022-10-02T20:51:42.098+0000] {dagbag.py:525} INFO - Filling up the DagBag from /home/airflow/.local/lib/python3.7/site-packages/airflow/example_dags/example_branch_python_dop_operator_3.py
[2022-10-02T20:51:42.116+0000] {processor.py:768} INFO - DAG(s) dict_keys(['example_branch_dop_operator_v3']) retrieved from /home/airflow/.local/lib/python3.7/site-packages/airflow/example_dags/example_branch_python_dop_operator_3.py
[2022-10-02T20:51:42.144+0000] {logging_mixin.py:117} INFO - [2022-10-02T20:51:42.143+0000] {dag.py:2573} INFO - Sync 1 DAGs
[2022-10-02T20:51:42.165+0000] {logging_mixin.py:117} INFO - [2022-10-02T20:51:42.165+0000] {dag.py:3328} INFO - Setting next_dagrun for example_branch_dop_operator_v3 to 2022-10-02T20:50:00+00:00, run_after=2022-10-02T20:51:00+00:00
[2022-10-02T20:51:42.181+0000] {processor.py:178} INFO - Processing /home/airflow/.local/lib/python3.7/site-packages/airflow/example_dags/example_branch_python_dop_operator_3.py took 0.088 seconds
[2022-10-02T20:52:12.494+0000] {processor.py:156} INFO - Started process (PID=277) to work on /home/airflow/.local/lib/python3.7/site-packages/airflow/example_dags/example_branch_python_dop_operator_3.py
[2022-10-02T20:52:12.495+0000] {processor.py:758} INFO - Processing file /home/airflow/.local/lib/python3.7/site-packages/airflow/example_dags/example_branch_python_dop_operator_3.py for tasks to queue
[2022-10-02T20:52:12.496+0000] {logging_mixin.py:117} INFO - [2022-10-02T20:52:12.496+0000] {dagbag.py:525} INFO - Filling up the DagBag from /home/airflow/.local/lib/python3.7/site-packages/airflow/example_dags/example_branch_python_dop_operator_3.py
[2022-10-02T20:52:12.513+0000] {processor.py:768} INFO - DAG(s) dict_keys(['example_branch_dop_operator_v3']) retrieved from /home/airflow/.local/lib/python3.7/site-packages/airflow/example_dags/example_branch_python_dop_operator_3.py
[2022-10-02T20:52:12.539+0000] {logging_mixin.py:117} INFO - [2022-10-02T20:52:12.539+0000] {dag.py:2573} INFO - Sync 1 DAGs
[2022-10-02T20:52:12.555+0000] {logging_mixin.py:117} INFO - [2022-10-02T20:52:12.555+0000] {dag.py:3328} INFO - Setting next_dagrun for example_branch_dop_operator_v3 to 2022-10-02T20:51:00+00:00, run_after=2022-10-02T20:52:00+00:00
[2022-10-02T20:52:12.567+0000] {processor.py:178} INFO - Processing /home/airflow/.local/lib/python3.7/site-packages/airflow/example_dags/example_branch_python_dop_operator_3.py took 0.076 seconds
[2022-10-02T20:52:43.066+0000] {processor.py:156} INFO - Started process (PID=339) to work on /home/airflow/.local/lib/python3.7/site-packages/airflow/example_dags/example_branch_python_dop_operator_3.py
[2022-10-02T20:52:43.068+0000] {processor.py:758} INFO - Processing file /home/airflow/.local/lib/python3.7/site-packages/airflow/example_dags/example_branch_python_dop_operator_3.py for tasks to queue
[2022-10-02T20:52:43.069+0000] {logging_mixin.py:117} INFO - [2022-10-02T20:52:43.069+0000] {dagbag.py:525} INFO - Filling up the DagBag from /home/airflow/.local/lib/python3.7/site-packages/airflow/example_dags/example_branch_python_dop_operator_3.py
[2022-10-02T20:52:43.090+0000] {processor.py:768} INFO - DAG(s) dict_keys(['example_branch_dop_operator_v3']) retrieved from /home/airflow/.local/lib/python3.7/site-packages/airflow/example_dags/example_branch_python_dop_operator_3.py
[2022-10-02T20:52:43.120+0000] {logging_mixin.py:117} INFO - [2022-10-02T20:52:43.120+0000] {dag.py:2573} INFO - Sync 1 DAGs
[2022-10-02T20:52:43.139+0000] {logging_mixin.py:117} INFO - [2022-10-02T20:52:43.139+0000] {dag.py:3328} INFO - Setting next_dagrun for example_branch_dop_operator_v3 to 2022-10-02T20:51:00+00:00, run_after=2022-10-02T20:52:00+00:00
[2022-10-02T20:52:43.152+0000] {processor.py:178} INFO - Processing /home/airflow/.local/lib/python3.7/site-packages/airflow/example_dags/example_branch_python_dop_operator_3.py took 0.090 seconds
[2022-10-02T20:53:13.264+0000] {processor.py:156} INFO - Started process (PID=403) to work on /home/airflow/.local/lib/python3.7/site-packages/airflow/example_dags/example_branch_python_dop_operator_3.py
[2022-10-02T20:53:13.267+0000] {processor.py:758} INFO - Processing file /home/airflow/.local/lib/python3.7/site-packages/airflow/example_dags/example_branch_python_dop_operator_3.py for tasks to queue
[2022-10-02T20:53:13.269+0000] {logging_mixin.py:117} INFO - [2022-10-02T20:53:13.269+0000] {dagbag.py:525} INFO - Filling up the DagBag from /home/airflow/.local/lib/python3.7/site-packages/airflow/example_dags/example_branch_python_dop_operator_3.py
[2022-10-02T20:53:13.291+0000] {processor.py:768} INFO - DAG(s) dict_keys(['example_branch_dop_operator_v3']) retrieved from /home/airflow/.local/lib/python3.7/site-packages/airflow/example_dags/example_branch_python_dop_operator_3.py
[2022-10-02T20:53:13.325+0000] {logging_mixin.py:117} INFO - [2022-10-02T20:53:13.324+0000] {dag.py:2573} INFO - Sync 1 DAGs
[2022-10-02T20:53:13.361+0000] {logging_mixin.py:117} INFO - [2022-10-02T20:53:13.360+0000] {dag.py:3328} INFO - Setting next_dagrun for example_branch_dop_operator_v3 to 2022-10-02T20:52:00+00:00, run_after=2022-10-02T20:53:00+00:00
[2022-10-02T20:53:13.396+0000] {processor.py:178} INFO - Processing /home/airflow/.local/lib/python3.7/site-packages/airflow/example_dags/example_branch_python_dop_operator_3.py took 0.135 seconds
[2022-10-02T20:54:17.543+0000] {processor.py:156} INFO - Started process (PID=33) to work on /home/airflow/.local/lib/python3.7/site-packages/airflow/example_dags/example_branch_python_dop_operator_3.py
[2022-10-02T20:54:17.548+0000] {processor.py:758} INFO - Processing file /home/airflow/.local/lib/python3.7/site-packages/airflow/example_dags/example_branch_python_dop_operator_3.py for tasks to queue
[2022-10-02T20:54:17.550+0000] {logging_mixin.py:117} INFO - [2022-10-02T20:54:17.549+0000] {dagbag.py:525} INFO - Filling up the DagBag from /home/airflow/.local/lib/python3.7/site-packages/airflow/example_dags/example_branch_python_dop_operator_3.py
[2022-10-02T20:54:18.077+0000] {processor.py:768} INFO - DAG(s) dict_keys(['example_branch_dop_operator_v3']) retrieved from /home/airflow/.local/lib/python3.7/site-packages/airflow/example_dags/example_branch_python_dop_operator_3.py
[2022-10-02T20:54:18.107+0000] {logging_mixin.py:117} INFO - [2022-10-02T20:54:18.107+0000] {dag.py:2573} INFO - Sync 1 DAGs
[2022-10-02T20:54:18.135+0000] {logging_mixin.py:117} INFO - [2022-10-02T20:54:18.135+0000] {dag.py:3328} INFO - Setting next_dagrun for example_branch_dop_operator_v3 to 2022-10-02T20:53:00+00:00, run_after=2022-10-02T20:54:00+00:00
[2022-10-02T20:54:18.164+0000] {processor.py:178} INFO - Processing /home/airflow/.local/lib/python3.7/site-packages/airflow/example_dags/example_branch_python_dop_operator_3.py took 0.631 seconds
[2022-10-02T20:54:48.753+0000] {processor.py:156} INFO - Started process (PID=96) to work on /home/airflow/.local/lib/python3.7/site-packages/airflow/example_dags/example_branch_python_dop_operator_3.py
[2022-10-02T20:54:48.758+0000] {processor.py:758} INFO - Processing file /home/airflow/.local/lib/python3.7/site-packages/airflow/example_dags/example_branch_python_dop_operator_3.py for tasks to queue
[2022-10-02T20:54:48.761+0000] {logging_mixin.py:117} INFO - [2022-10-02T20:54:48.761+0000] {dagbag.py:525} INFO - Filling up the DagBag from /home/airflow/.local/lib/python3.7/site-packages/airflow/example_dags/example_branch_python_dop_operator_3.py
[2022-10-02T20:54:48.788+0000] {processor.py:768} INFO - DAG(s) dict_keys(['example_branch_dop_operator_v3']) retrieved from /home/airflow/.local/lib/python3.7/site-packages/airflow/example_dags/example_branch_python_dop_operator_3.py
[2022-10-02T20:54:48.822+0000] {logging_mixin.py:117} INFO - [2022-10-02T20:54:48.821+0000] {dag.py:2573} INFO - Sync 1 DAGs
[2022-10-02T20:54:48.844+0000] {logging_mixin.py:117} INFO - [2022-10-02T20:54:48.843+0000] {dag.py:3328} INFO - Setting next_dagrun for example_branch_dop_operator_v3 to 2022-10-02T20:53:00+00:00, run_after=2022-10-02T20:54:00+00:00
[2022-10-02T20:54:48.857+0000] {processor.py:178} INFO - Processing /home/airflow/.local/lib/python3.7/site-packages/airflow/example_dags/example_branch_python_dop_operator_3.py took 0.109 seconds
[2022-10-02T20:56:35.760+0000] {processor.py:156} INFO - Started process (PID=34) to work on /home/airflow/.local/lib/python3.7/site-packages/airflow/example_dags/example_branch_python_dop_operator_3.py
[2022-10-02T20:56:35.763+0000] {processor.py:758} INFO - Processing file /home/airflow/.local/lib/python3.7/site-packages/airflow/example_dags/example_branch_python_dop_operator_3.py for tasks to queue
[2022-10-02T20:56:35.767+0000] {logging_mixin.py:117} INFO - [2022-10-02T20:56:35.766+0000] {dagbag.py:525} INFO - Filling up the DagBag from /home/airflow/.local/lib/python3.7/site-packages/airflow/example_dags/example_branch_python_dop_operator_3.py
[2022-10-02T20:56:36.133+0000] {processor.py:768} INFO - DAG(s) dict_keys(['example_branch_dop_operator_v3']) retrieved from /home/airflow/.local/lib/python3.7/site-packages/airflow/example_dags/example_branch_python_dop_operator_3.py
[2022-10-02T20:56:36.164+0000] {logging_mixin.py:117} INFO - [2022-10-02T20:56:36.164+0000] {dag.py:2573} INFO - Sync 1 DAGs
[2022-10-02T20:56:36.186+0000] {logging_mixin.py:117} INFO - [2022-10-02T20:56:36.186+0000] {dag.py:3328} INFO - Setting next_dagrun for example_branch_dop_operator_v3 to 2022-10-02T20:55:00+00:00, run_after=2022-10-02T20:56:00+00:00
[2022-10-02T20:56:36.223+0000] {processor.py:178} INFO - Processing /home/airflow/.local/lib/python3.7/site-packages/airflow/example_dags/example_branch_python_dop_operator_3.py took 0.467 seconds
[2022-10-02T20:57:06.767+0000] {processor.py:156} INFO - Started process (PID=97) to work on /home/airflow/.local/lib/python3.7/site-packages/airflow/example_dags/example_branch_python_dop_operator_3.py
[2022-10-02T20:57:06.771+0000] {processor.py:758} INFO - Processing file /home/airflow/.local/lib/python3.7/site-packages/airflow/example_dags/example_branch_python_dop_operator_3.py for tasks to queue
[2022-10-02T20:57:06.773+0000] {logging_mixin.py:117} INFO - [2022-10-02T20:57:06.773+0000] {dagbag.py:525} INFO - Filling up the DagBag from /home/airflow/.local/lib/python3.7/site-packages/airflow/example_dags/example_branch_python_dop_operator_3.py
[2022-10-02T20:57:06.830+0000] {processor.py:768} INFO - DAG(s) dict_keys(['example_branch_dop_operator_v3']) retrieved from /home/airflow/.local/lib/python3.7/site-packages/airflow/example_dags/example_branch_python_dop_operator_3.py
[2022-10-02T20:57:06.876+0000] {logging_mixin.py:117} INFO - [2022-10-02T20:57:06.876+0000] {dag.py:2573} INFO - Sync 1 DAGs
[2022-10-02T20:57:06.898+0000] {logging_mixin.py:117} INFO - [2022-10-02T20:57:06.898+0000] {dag.py:3328} INFO - Setting next_dagrun for example_branch_dop_operator_v3 to 2022-10-02T20:56:00+00:00, run_after=2022-10-02T20:57:00+00:00
[2022-10-02T20:57:06.926+0000] {processor.py:178} INFO - Processing /home/airflow/.local/lib/python3.7/site-packages/airflow/example_dags/example_branch_python_dop_operator_3.py took 0.162 seconds
[2022-10-02T20:57:37.547+0000] {processor.py:156} INFO - Started process (PID=161) to work on /home/airflow/.local/lib/python3.7/site-packages/airflow/example_dags/example_branch_python_dop_operator_3.py
[2022-10-02T20:57:37.551+0000] {processor.py:758} INFO - Processing file /home/airflow/.local/lib/python3.7/site-packages/airflow/example_dags/example_branch_python_dop_operator_3.py for tasks to queue
[2022-10-02T20:57:37.554+0000] {logging_mixin.py:117} INFO - [2022-10-02T20:57:37.554+0000] {dagbag.py:525} INFO - Filling up the DagBag from /home/airflow/.local/lib/python3.7/site-packages/airflow/example_dags/example_branch_python_dop_operator_3.py
[2022-10-02T20:57:37.596+0000] {processor.py:768} INFO - DAG(s) dict_keys(['example_branch_dop_operator_v3']) retrieved from /home/airflow/.local/lib/python3.7/site-packages/airflow/example_dags/example_branch_python_dop_operator_3.py
[2022-10-02T20:57:37.676+0000] {logging_mixin.py:117} INFO - [2022-10-02T20:57:37.676+0000] {dag.py:2573} INFO - Sync 1 DAGs
[2022-10-02T20:57:37.720+0000] {logging_mixin.py:117} INFO - [2022-10-02T20:57:37.720+0000] {dag.py:3328} INFO - Setting next_dagrun for example_branch_dop_operator_v3 to 2022-10-02T20:56:00+00:00, run_after=2022-10-02T20:57:00+00:00
[2022-10-02T20:57:37.744+0000] {processor.py:178} INFO - Processing /home/airflow/.local/lib/python3.7/site-packages/airflow/example_dags/example_branch_python_dop_operator_3.py took 0.205 seconds
[2022-10-02T20:58:08.453+0000] {processor.py:156} INFO - Started process (PID=223) to work on /home/airflow/.local/lib/python3.7/site-packages/airflow/example_dags/example_branch_python_dop_operator_3.py
[2022-10-02T20:58:08.455+0000] {processor.py:758} INFO - Processing file /home/airflow/.local/lib/python3.7/site-packages/airflow/example_dags/example_branch_python_dop_operator_3.py for tasks to queue
[2022-10-02T20:58:08.456+0000] {logging_mixin.py:117} INFO - [2022-10-02T20:58:08.456+0000] {dagbag.py:525} INFO - Filling up the DagBag from /home/airflow/.local/lib/python3.7/site-packages/airflow/example_dags/example_branch_python_dop_operator_3.py
[2022-10-02T20:58:08.473+0000] {processor.py:768} INFO - DAG(s) dict_keys(['example_branch_dop_operator_v3']) retrieved from /home/airflow/.local/lib/python3.7/site-packages/airflow/example_dags/example_branch_python_dop_operator_3.py
[2022-10-02T20:58:08.499+0000] {logging_mixin.py:117} INFO - [2022-10-02T20:58:08.499+0000] {dag.py:2573} INFO - Sync 1 DAGs
[2022-10-02T20:58:08.521+0000] {logging_mixin.py:117} INFO - [2022-10-02T20:58:08.521+0000] {dag.py:3328} INFO - Setting next_dagrun for example_branch_dop_operator_v3 to 2022-10-02T20:57:00+00:00, run_after=2022-10-02T20:58:00+00:00
[2022-10-02T20:58:08.535+0000] {processor.py:178} INFO - Processing /home/airflow/.local/lib/python3.7/site-packages/airflow/example_dags/example_branch_python_dop_operator_3.py took 0.086 seconds
[2022-10-02T20:58:38.718+0000] {processor.py:156} INFO - Started process (PID=278) to work on /home/airflow/.local/lib/python3.7/site-packages/airflow/example_dags/example_branch_python_dop_operator_3.py
[2022-10-02T20:58:38.720+0000] {processor.py:758} INFO - Processing file /home/airflow/.local/lib/python3.7/site-packages/airflow/example_dags/example_branch_python_dop_operator_3.py for tasks to queue
[2022-10-02T20:58:38.722+0000] {logging_mixin.py:117} INFO - [2022-10-02T20:58:38.722+0000] {dagbag.py:525} INFO - Filling up the DagBag from /home/airflow/.local/lib/python3.7/site-packages/airflow/example_dags/example_branch_python_dop_operator_3.py
[2022-10-02T20:58:38.745+0000] {processor.py:768} INFO - DAG(s) dict_keys(['example_branch_dop_operator_v3']) retrieved from /home/airflow/.local/lib/python3.7/site-packages/airflow/example_dags/example_branch_python_dop_operator_3.py
[2022-10-02T20:58:38.778+0000] {logging_mixin.py:117} INFO - [2022-10-02T20:58:38.778+0000] {dag.py:2573} INFO - Sync 1 DAGs
[2022-10-02T20:58:38.814+0000] {logging_mixin.py:117} INFO - [2022-10-02T20:58:38.814+0000] {dag.py:3328} INFO - Setting next_dagrun for example_branch_dop_operator_v3 to 2022-10-02T20:57:00+00:00, run_after=2022-10-02T20:58:00+00:00
[2022-10-02T20:58:38.835+0000] {processor.py:178} INFO - Processing /home/airflow/.local/lib/python3.7/site-packages/airflow/example_dags/example_branch_python_dop_operator_3.py took 0.119 seconds
[2022-10-02T20:59:09.009+0000] {processor.py:156} INFO - Started process (PID=341) to work on /home/airflow/.local/lib/python3.7/site-packages/airflow/example_dags/example_branch_python_dop_operator_3.py
[2022-10-02T20:59:09.013+0000] {processor.py:758} INFO - Processing file /home/airflow/.local/lib/python3.7/site-packages/airflow/example_dags/example_branch_python_dop_operator_3.py for tasks to queue
[2022-10-02T20:59:09.016+0000] {logging_mixin.py:117} INFO - [2022-10-02T20:59:09.016+0000] {dagbag.py:525} INFO - Filling up the DagBag from /home/airflow/.local/lib/python3.7/site-packages/airflow/example_dags/example_branch_python_dop_operator_3.py
[2022-10-02T20:59:09.043+0000] {processor.py:768} INFO - DAG(s) dict_keys(['example_branch_dop_operator_v3']) retrieved from /home/airflow/.local/lib/python3.7/site-packages/airflow/example_dags/example_branch_python_dop_operator_3.py
[2022-10-02T20:59:09.085+0000] {logging_mixin.py:117} INFO - [2022-10-02T20:59:09.085+0000] {dag.py:2573} INFO - Sync 1 DAGs
[2022-10-02T20:59:09.111+0000] {logging_mixin.py:117} INFO - [2022-10-02T20:59:09.111+0000] {dag.py:3328} INFO - Setting next_dagrun for example_branch_dop_operator_v3 to 2022-10-02T20:58:00+00:00, run_after=2022-10-02T20:59:00+00:00
[2022-10-02T20:59:09.138+0000] {processor.py:178} INFO - Processing /home/airflow/.local/lib/python3.7/site-packages/airflow/example_dags/example_branch_python_dop_operator_3.py took 0.135 seconds
[2022-10-02T20:59:39.700+0000] {processor.py:156} INFO - Started process (PID=403) to work on /home/airflow/.local/lib/python3.7/site-packages/airflow/example_dags/example_branch_python_dop_operator_3.py
[2022-10-02T20:59:39.703+0000] {processor.py:758} INFO - Processing file /home/airflow/.local/lib/python3.7/site-packages/airflow/example_dags/example_branch_python_dop_operator_3.py for tasks to queue
[2022-10-02T20:59:39.707+0000] {logging_mixin.py:117} INFO - [2022-10-02T20:59:39.706+0000] {dagbag.py:525} INFO - Filling up the DagBag from /home/airflow/.local/lib/python3.7/site-packages/airflow/example_dags/example_branch_python_dop_operator_3.py
[2022-10-02T20:59:39.742+0000] {processor.py:768} INFO - DAG(s) dict_keys(['example_branch_dop_operator_v3']) retrieved from /home/airflow/.local/lib/python3.7/site-packages/airflow/example_dags/example_branch_python_dop_operator_3.py
[2022-10-02T20:59:39.823+0000] {logging_mixin.py:117} INFO - [2022-10-02T20:59:39.823+0000] {dag.py:2573} INFO - Sync 1 DAGs
[2022-10-02T20:59:39.857+0000] {logging_mixin.py:117} INFO - [2022-10-02T20:59:39.857+0000] {dag.py:3328} INFO - Setting next_dagrun for example_branch_dop_operator_v3 to 2022-10-02T20:58:00+00:00, run_after=2022-10-02T20:59:00+00:00
[2022-10-02T20:59:39.880+0000] {processor.py:178} INFO - Processing /home/airflow/.local/lib/python3.7/site-packages/airflow/example_dags/example_branch_python_dop_operator_3.py took 0.182 seconds
[2022-10-02T21:00:10.910+0000] {processor.py:156} INFO - Started process (PID=466) to work on /home/airflow/.local/lib/python3.7/site-packages/airflow/example_dags/example_branch_python_dop_operator_3.py
[2022-10-02T21:00:10.913+0000] {processor.py:758} INFO - Processing file /home/airflow/.local/lib/python3.7/site-packages/airflow/example_dags/example_branch_python_dop_operator_3.py for tasks to queue
[2022-10-02T21:00:10.915+0000] {logging_mixin.py:117} INFO - [2022-10-02T21:00:10.915+0000] {dagbag.py:525} INFO - Filling up the DagBag from /home/airflow/.local/lib/python3.7/site-packages/airflow/example_dags/example_branch_python_dop_operator_3.py
[2022-10-02T21:00:10.937+0000] {processor.py:768} INFO - DAG(s) dict_keys(['example_branch_dop_operator_v3']) retrieved from /home/airflow/.local/lib/python3.7/site-packages/airflow/example_dags/example_branch_python_dop_operator_3.py
[2022-10-02T21:00:10.965+0000] {logging_mixin.py:117} INFO - [2022-10-02T21:00:10.965+0000] {dag.py:2573} INFO - Sync 1 DAGs
[2022-10-02T21:00:10.984+0000] {logging_mixin.py:117} INFO - [2022-10-02T21:00:10.984+0000] {dag.py:3328} INFO - Setting next_dagrun for example_branch_dop_operator_v3 to 2022-10-02T20:59:00+00:00, run_after=2022-10-02T21:00:00+00:00
[2022-10-02T21:00:10.996+0000] {processor.py:178} INFO - Processing /home/airflow/.local/lib/python3.7/site-packages/airflow/example_dags/example_branch_python_dop_operator_3.py took 0.089 seconds
[2022-10-02T21:00:41.040+0000] {processor.py:156} INFO - Started process (PID=529) to work on /home/airflow/.local/lib/python3.7/site-packages/airflow/example_dags/example_branch_python_dop_operator_3.py
[2022-10-02T21:00:41.042+0000] {processor.py:758} INFO - Processing file /home/airflow/.local/lib/python3.7/site-packages/airflow/example_dags/example_branch_python_dop_operator_3.py for tasks to queue
[2022-10-02T21:00:41.044+0000] {logging_mixin.py:117} INFO - [2022-10-02T21:00:41.044+0000] {dagbag.py:525} INFO - Filling up the DagBag from /home/airflow/.local/lib/python3.7/site-packages/airflow/example_dags/example_branch_python_dop_operator_3.py
[2022-10-02T21:00:41.059+0000] {processor.py:768} INFO - DAG(s) dict_keys(['example_branch_dop_operator_v3']) retrieved from /home/airflow/.local/lib/python3.7/site-packages/airflow/example_dags/example_branch_python_dop_operator_3.py
[2022-10-02T21:00:41.087+0000] {logging_mixin.py:117} INFO - [2022-10-02T21:00:41.087+0000] {dag.py:2573} INFO - Sync 1 DAGs
[2022-10-02T21:00:41.107+0000] {logging_mixin.py:117} INFO - [2022-10-02T21:00:41.107+0000] {dag.py:3328} INFO - Setting next_dagrun for example_branch_dop_operator_v3 to 2022-10-02T20:59:00+00:00, run_after=2022-10-02T21:00:00+00:00
[2022-10-02T21:00:41.119+0000] {processor.py:178} INFO - Processing /home/airflow/.local/lib/python3.7/site-packages/airflow/example_dags/example_branch_python_dop_operator_3.py took 0.082 seconds
[2022-10-02T21:01:12.077+0000] {processor.py:156} INFO - Started process (PID=592) to work on /home/airflow/.local/lib/python3.7/site-packages/airflow/example_dags/example_branch_python_dop_operator_3.py
[2022-10-02T21:01:12.079+0000] {processor.py:758} INFO - Processing file /home/airflow/.local/lib/python3.7/site-packages/airflow/example_dags/example_branch_python_dop_operator_3.py for tasks to queue
[2022-10-02T21:01:12.081+0000] {logging_mixin.py:117} INFO - [2022-10-02T21:01:12.080+0000] {dagbag.py:525} INFO - Filling up the DagBag from /home/airflow/.local/lib/python3.7/site-packages/airflow/example_dags/example_branch_python_dop_operator_3.py
[2022-10-02T21:01:12.097+0000] {processor.py:768} INFO - DAG(s) dict_keys(['example_branch_dop_operator_v3']) retrieved from /home/airflow/.local/lib/python3.7/site-packages/airflow/example_dags/example_branch_python_dop_operator_3.py
[2022-10-02T21:01:12.123+0000] {logging_mixin.py:117} INFO - [2022-10-02T21:01:12.123+0000] {dag.py:2573} INFO - Sync 1 DAGs
[2022-10-02T21:01:12.141+0000] {logging_mixin.py:117} INFO - [2022-10-02T21:01:12.141+0000] {dag.py:3328} INFO - Setting next_dagrun for example_branch_dop_operator_v3 to 2022-10-02T21:00:00+00:00, run_after=2022-10-02T21:01:00+00:00
[2022-10-02T21:01:12.154+0000] {processor.py:178} INFO - Processing /home/airflow/.local/lib/python3.7/site-packages/airflow/example_dags/example_branch_python_dop_operator_3.py took 0.080 seconds
[2022-10-02T21:01:42.289+0000] {processor.py:156} INFO - Started process (PID=646) to work on /home/airflow/.local/lib/python3.7/site-packages/airflow/example_dags/example_branch_python_dop_operator_3.py
[2022-10-02T21:01:42.291+0000] {processor.py:758} INFO - Processing file /home/airflow/.local/lib/python3.7/site-packages/airflow/example_dags/example_branch_python_dop_operator_3.py for tasks to queue
[2022-10-02T21:01:42.292+0000] {logging_mixin.py:117} INFO - [2022-10-02T21:01:42.292+0000] {dagbag.py:525} INFO - Filling up the DagBag from /home/airflow/.local/lib/python3.7/site-packages/airflow/example_dags/example_branch_python_dop_operator_3.py
[2022-10-02T21:01:42.314+0000] {processor.py:768} INFO - DAG(s) dict_keys(['example_branch_dop_operator_v3']) retrieved from /home/airflow/.local/lib/python3.7/site-packages/airflow/example_dags/example_branch_python_dop_operator_3.py
[2022-10-02T21:01:42.366+0000] {logging_mixin.py:117} INFO - [2022-10-02T21:01:42.366+0000] {dag.py:2573} INFO - Sync 1 DAGs
[2022-10-02T21:01:42.388+0000] {logging_mixin.py:117} INFO - [2022-10-02T21:01:42.388+0000] {dag.py:3328} INFO - Setting next_dagrun for example_branch_dop_operator_v3 to 2022-10-02T21:00:00+00:00, run_after=2022-10-02T21:01:00+00:00
[2022-10-02T21:01:42.407+0000] {processor.py:178} INFO - Processing /home/airflow/.local/lib/python3.7/site-packages/airflow/example_dags/example_branch_python_dop_operator_3.py took 0.121 seconds
[2022-10-02T21:02:12.487+0000] {processor.py:156} INFO - Started process (PID=708) to work on /home/airflow/.local/lib/python3.7/site-packages/airflow/example_dags/example_branch_python_dop_operator_3.py
[2022-10-02T21:02:12.490+0000] {processor.py:758} INFO - Processing file /home/airflow/.local/lib/python3.7/site-packages/airflow/example_dags/example_branch_python_dop_operator_3.py for tasks to queue
[2022-10-02T21:02:12.491+0000] {logging_mixin.py:117} INFO - [2022-10-02T21:02:12.491+0000] {dagbag.py:525} INFO - Filling up the DagBag from /home/airflow/.local/lib/python3.7/site-packages/airflow/example_dags/example_branch_python_dop_operator_3.py
[2022-10-02T21:02:12.511+0000] {processor.py:768} INFO - DAG(s) dict_keys(['example_branch_dop_operator_v3']) retrieved from /home/airflow/.local/lib/python3.7/site-packages/airflow/example_dags/example_branch_python_dop_operator_3.py
[2022-10-02T21:02:12.542+0000] {logging_mixin.py:117} INFO - [2022-10-02T21:02:12.542+0000] {dag.py:2573} INFO - Sync 1 DAGs
[2022-10-02T21:02:12.562+0000] {logging_mixin.py:117} INFO - [2022-10-02T21:02:12.562+0000] {dag.py:3328} INFO - Setting next_dagrun for example_branch_dop_operator_v3 to 2022-10-02T21:01:00+00:00, run_after=2022-10-02T21:02:00+00:00
[2022-10-02T21:02:12.577+0000] {processor.py:178} INFO - Processing /home/airflow/.local/lib/python3.7/site-packages/airflow/example_dags/example_branch_python_dop_operator_3.py took 0.093 seconds
[2022-10-02T21:02:42.746+0000] {processor.py:156} INFO - Started process (PID=771) to work on /home/airflow/.local/lib/python3.7/site-packages/airflow/example_dags/example_branch_python_dop_operator_3.py
[2022-10-02T21:02:42.748+0000] {processor.py:758} INFO - Processing file /home/airflow/.local/lib/python3.7/site-packages/airflow/example_dags/example_branch_python_dop_operator_3.py for tasks to queue
[2022-10-02T21:02:42.753+0000] {logging_mixin.py:117} INFO - [2022-10-02T21:02:42.752+0000] {dagbag.py:525} INFO - Filling up the DagBag from /home/airflow/.local/lib/python3.7/site-packages/airflow/example_dags/example_branch_python_dop_operator_3.py
[2022-10-02T21:02:42.806+0000] {processor.py:768} INFO - DAG(s) dict_keys(['example_branch_dop_operator_v3']) retrieved from /home/airflow/.local/lib/python3.7/site-packages/airflow/example_dags/example_branch_python_dop_operator_3.py
[2022-10-02T21:02:42.857+0000] {logging_mixin.py:117} INFO - [2022-10-02T21:02:42.857+0000] {dag.py:2573} INFO - Sync 1 DAGs
[2022-10-02T21:02:42.889+0000] {logging_mixin.py:117} INFO - [2022-10-02T21:02:42.889+0000] {dag.py:3328} INFO - Setting next_dagrun for example_branch_dop_operator_v3 to 2022-10-02T21:01:00+00:00, run_after=2022-10-02T21:02:00+00:00
[2022-10-02T21:02:42.906+0000] {processor.py:178} INFO - Processing /home/airflow/.local/lib/python3.7/site-packages/airflow/example_dags/example_branch_python_dop_operator_3.py took 0.165 seconds
[2022-10-02T21:03:13.043+0000] {processor.py:156} INFO - Started process (PID=835) to work on /home/airflow/.local/lib/python3.7/site-packages/airflow/example_dags/example_branch_python_dop_operator_3.py
[2022-10-02T21:03:13.046+0000] {processor.py:758} INFO - Processing file /home/airflow/.local/lib/python3.7/site-packages/airflow/example_dags/example_branch_python_dop_operator_3.py for tasks to queue
[2022-10-02T21:03:13.049+0000] {logging_mixin.py:117} INFO - [2022-10-02T21:03:13.049+0000] {dagbag.py:525} INFO - Filling up the DagBag from /home/airflow/.local/lib/python3.7/site-packages/airflow/example_dags/example_branch_python_dop_operator_3.py
[2022-10-02T21:03:13.075+0000] {processor.py:768} INFO - DAG(s) dict_keys(['example_branch_dop_operator_v3']) retrieved from /home/airflow/.local/lib/python3.7/site-packages/airflow/example_dags/example_branch_python_dop_operator_3.py
[2022-10-02T21:03:13.102+0000] {logging_mixin.py:117} INFO - [2022-10-02T21:03:13.102+0000] {dag.py:2573} INFO - Sync 1 DAGs
[2022-10-02T21:03:13.123+0000] {logging_mixin.py:117} INFO - [2022-10-02T21:03:13.123+0000] {dag.py:3328} INFO - Setting next_dagrun for example_branch_dop_operator_v3 to 2022-10-02T21:02:00+00:00, run_after=2022-10-02T21:03:00+00:00
[2022-10-02T21:03:13.136+0000] {processor.py:178} INFO - Processing /home/airflow/.local/lib/python3.7/site-packages/airflow/example_dags/example_branch_python_dop_operator_3.py took 0.098 seconds
[2022-10-02T21:03:43.617+0000] {processor.py:156} INFO - Started process (PID=889) to work on /home/airflow/.local/lib/python3.7/site-packages/airflow/example_dags/example_branch_python_dop_operator_3.py
[2022-10-02T21:03:43.620+0000] {processor.py:758} INFO - Processing file /home/airflow/.local/lib/python3.7/site-packages/airflow/example_dags/example_branch_python_dop_operator_3.py for tasks to queue
[2022-10-02T21:03:43.621+0000] {logging_mixin.py:117} INFO - [2022-10-02T21:03:43.621+0000] {dagbag.py:525} INFO - Filling up the DagBag from /home/airflow/.local/lib/python3.7/site-packages/airflow/example_dags/example_branch_python_dop_operator_3.py
[2022-10-02T21:03:43.656+0000] {processor.py:768} INFO - DAG(s) dict_keys(['example_branch_dop_operator_v3']) retrieved from /home/airflow/.local/lib/python3.7/site-packages/airflow/example_dags/example_branch_python_dop_operator_3.py
[2022-10-02T21:03:43.716+0000] {logging_mixin.py:117} INFO - [2022-10-02T21:03:43.716+0000] {dag.py:2573} INFO - Sync 1 DAGs
[2022-10-02T21:03:43.754+0000] {logging_mixin.py:117} INFO - [2022-10-02T21:03:43.754+0000] {dag.py:3328} INFO - Setting next_dagrun for example_branch_dop_operator_v3 to 2022-10-02T21:02:00+00:00, run_after=2022-10-02T21:03:00+00:00
[2022-10-02T21:03:43.781+0000] {processor.py:178} INFO - Processing /home/airflow/.local/lib/python3.7/site-packages/airflow/example_dags/example_branch_python_dop_operator_3.py took 0.167 seconds
[2022-10-02T21:04:14.221+0000] {processor.py:156} INFO - Started process (PID=950) to work on /home/airflow/.local/lib/python3.7/site-packages/airflow/example_dags/example_branch_python_dop_operator_3.py
[2022-10-02T21:04:14.224+0000] {processor.py:758} INFO - Processing file /home/airflow/.local/lib/python3.7/site-packages/airflow/example_dags/example_branch_python_dop_operator_3.py for tasks to queue
[2022-10-02T21:04:14.225+0000] {logging_mixin.py:117} INFO - [2022-10-02T21:04:14.225+0000] {dagbag.py:525} INFO - Filling up the DagBag from /home/airflow/.local/lib/python3.7/site-packages/airflow/example_dags/example_branch_python_dop_operator_3.py
[2022-10-02T21:04:14.245+0000] {processor.py:768} INFO - DAG(s) dict_keys(['example_branch_dop_operator_v3']) retrieved from /home/airflow/.local/lib/python3.7/site-packages/airflow/example_dags/example_branch_python_dop_operator_3.py
[2022-10-02T21:04:14.303+0000] {logging_mixin.py:117} INFO - [2022-10-02T21:04:14.303+0000] {dag.py:2573} INFO - Sync 1 DAGs
[2022-10-02T21:04:14.341+0000] {logging_mixin.py:117} INFO - [2022-10-02T21:04:14.340+0000] {dag.py:3328} INFO - Setting next_dagrun for example_branch_dop_operator_v3 to 2022-10-02T21:03:00+00:00, run_after=2022-10-02T21:04:00+00:00
[2022-10-02T21:04:14.396+0000] {processor.py:178} INFO - Processing /home/airflow/.local/lib/python3.7/site-packages/airflow/example_dags/example_branch_python_dop_operator_3.py took 0.177 seconds
[2022-10-02T21:05:07.997+0000] {processor.py:156} INFO - Started process (PID=34) to work on /home/airflow/.local/lib/python3.7/site-packages/airflow/example_dags/example_branch_python_dop_operator_3.py
[2022-10-02T21:05:08.000+0000] {processor.py:758} INFO - Processing file /home/airflow/.local/lib/python3.7/site-packages/airflow/example_dags/example_branch_python_dop_operator_3.py for tasks to queue
[2022-10-02T21:05:08.003+0000] {logging_mixin.py:117} INFO - [2022-10-02T21:05:08.002+0000] {dagbag.py:525} INFO - Filling up the DagBag from /home/airflow/.local/lib/python3.7/site-packages/airflow/example_dags/example_branch_python_dop_operator_3.py
[2022-10-02T21:05:08.225+0000] {processor.py:768} INFO - DAG(s) dict_keys(['example_branch_dop_operator_v3']) retrieved from /home/airflow/.local/lib/python3.7/site-packages/airflow/example_dags/example_branch_python_dop_operator_3.py
[2022-10-02T21:05:08.267+0000] {logging_mixin.py:117} INFO - [2022-10-02T21:05:08.267+0000] {dag.py:2573} INFO - Sync 1 DAGs
[2022-10-02T21:05:08.289+0000] {logging_mixin.py:117} INFO - [2022-10-02T21:05:08.289+0000] {dag.py:3328} INFO - Setting next_dagrun for example_branch_dop_operator_v3 to 2022-10-02T21:04:00+00:00, run_after=2022-10-02T21:05:00+00:00
[2022-10-02T21:05:08.310+0000] {processor.py:178} INFO - Processing /home/airflow/.local/lib/python3.7/site-packages/airflow/example_dags/example_branch_python_dop_operator_3.py took 0.315 seconds
[2022-10-02T21:05:38.396+0000] {processor.py:156} INFO - Started process (PID=98) to work on /home/airflow/.local/lib/python3.7/site-packages/airflow/example_dags/example_branch_python_dop_operator_3.py
[2022-10-02T21:05:38.399+0000] {processor.py:758} INFO - Processing file /home/airflow/.local/lib/python3.7/site-packages/airflow/example_dags/example_branch_python_dop_operator_3.py for tasks to queue
[2022-10-02T21:05:38.400+0000] {logging_mixin.py:117} INFO - [2022-10-02T21:05:38.400+0000] {dagbag.py:525} INFO - Filling up the DagBag from /home/airflow/.local/lib/python3.7/site-packages/airflow/example_dags/example_branch_python_dop_operator_3.py
[2022-10-02T21:05:38.418+0000] {processor.py:768} INFO - DAG(s) dict_keys(['example_branch_dop_operator_v3']) retrieved from /home/airflow/.local/lib/python3.7/site-packages/airflow/example_dags/example_branch_python_dop_operator_3.py
[2022-10-02T21:05:38.449+0000] {logging_mixin.py:117} INFO - [2022-10-02T21:05:38.449+0000] {dag.py:2573} INFO - Sync 1 DAGs
[2022-10-02T21:05:38.467+0000] {logging_mixin.py:117} INFO - [2022-10-02T21:05:38.466+0000] {dag.py:3328} INFO - Setting next_dagrun for example_branch_dop_operator_v3 to 2022-10-02T21:04:00+00:00, run_after=2022-10-02T21:05:00+00:00
[2022-10-02T21:05:38.478+0000] {processor.py:178} INFO - Processing /home/airflow/.local/lib/python3.7/site-packages/airflow/example_dags/example_branch_python_dop_operator_3.py took 0.085 seconds
[2022-10-02T21:06:08.624+0000] {processor.py:156} INFO - Started process (PID=163) to work on /home/airflow/.local/lib/python3.7/site-packages/airflow/example_dags/example_branch_python_dop_operator_3.py
[2022-10-02T21:06:08.626+0000] {processor.py:758} INFO - Processing file /home/airflow/.local/lib/python3.7/site-packages/airflow/example_dags/example_branch_python_dop_operator_3.py for tasks to queue
[2022-10-02T21:06:08.629+0000] {logging_mixin.py:117} INFO - [2022-10-02T21:06:08.629+0000] {dagbag.py:525} INFO - Filling up the DagBag from /home/airflow/.local/lib/python3.7/site-packages/airflow/example_dags/example_branch_python_dop_operator_3.py
[2022-10-02T21:06:08.649+0000] {processor.py:768} INFO - DAG(s) dict_keys(['example_branch_dop_operator_v3']) retrieved from /home/airflow/.local/lib/python3.7/site-packages/airflow/example_dags/example_branch_python_dop_operator_3.py
[2022-10-02T21:06:08.676+0000] {logging_mixin.py:117} INFO - [2022-10-02T21:06:08.676+0000] {dag.py:2573} INFO - Sync 1 DAGs
[2022-10-02T21:06:08.695+0000] {logging_mixin.py:117} INFO - [2022-10-02T21:06:08.695+0000] {dag.py:3328} INFO - Setting next_dagrun for example_branch_dop_operator_v3 to 2022-10-02T21:05:00+00:00, run_after=2022-10-02T21:06:00+00:00
[2022-10-02T21:06:08.709+0000] {processor.py:178} INFO - Processing /home/airflow/.local/lib/python3.7/site-packages/airflow/example_dags/example_branch_python_dop_operator_3.py took 0.088 seconds
[2022-10-02T21:06:38.762+0000] {processor.py:156} INFO - Started process (PID=217) to work on /home/airflow/.local/lib/python3.7/site-packages/airflow/example_dags/example_branch_python_dop_operator_3.py
[2022-10-02T21:06:38.764+0000] {processor.py:758} INFO - Processing file /home/airflow/.local/lib/python3.7/site-packages/airflow/example_dags/example_branch_python_dop_operator_3.py for tasks to queue
[2022-10-02T21:06:38.768+0000] {logging_mixin.py:117} INFO - [2022-10-02T21:06:38.768+0000] {dagbag.py:525} INFO - Filling up the DagBag from /home/airflow/.local/lib/python3.7/site-packages/airflow/example_dags/example_branch_python_dop_operator_3.py
[2022-10-02T21:06:38.788+0000] {processor.py:768} INFO - DAG(s) dict_keys(['example_branch_dop_operator_v3']) retrieved from /home/airflow/.local/lib/python3.7/site-packages/airflow/example_dags/example_branch_python_dop_operator_3.py
[2022-10-02T21:06:38.812+0000] {logging_mixin.py:117} INFO - [2022-10-02T21:06:38.812+0000] {dag.py:2573} INFO - Sync 1 DAGs
[2022-10-02T21:06:38.830+0000] {logging_mixin.py:117} INFO - [2022-10-02T21:06:38.830+0000] {dag.py:3328} INFO - Setting next_dagrun for example_branch_dop_operator_v3 to 2022-10-02T21:05:00+00:00, run_after=2022-10-02T21:06:00+00:00
[2022-10-02T21:06:38.841+0000] {processor.py:178} INFO - Processing /home/airflow/.local/lib/python3.7/site-packages/airflow/example_dags/example_branch_python_dop_operator_3.py took 0.083 seconds
[2022-10-02T21:07:09.028+0000] {processor.py:156} INFO - Started process (PID=281) to work on /home/airflow/.local/lib/python3.7/site-packages/airflow/example_dags/example_branch_python_dop_operator_3.py
[2022-10-02T21:07:09.031+0000] {processor.py:758} INFO - Processing file /home/airflow/.local/lib/python3.7/site-packages/airflow/example_dags/example_branch_python_dop_operator_3.py for tasks to queue
[2022-10-02T21:07:09.032+0000] {logging_mixin.py:117} INFO - [2022-10-02T21:07:09.032+0000] {dagbag.py:525} INFO - Filling up the DagBag from /home/airflow/.local/lib/python3.7/site-packages/airflow/example_dags/example_branch_python_dop_operator_3.py
[2022-10-02T21:07:09.054+0000] {processor.py:768} INFO - DAG(s) dict_keys(['example_branch_dop_operator_v3']) retrieved from /home/airflow/.local/lib/python3.7/site-packages/airflow/example_dags/example_branch_python_dop_operator_3.py
[2022-10-02T21:07:09.081+0000] {logging_mixin.py:117} INFO - [2022-10-02T21:07:09.080+0000] {dag.py:2573} INFO - Sync 1 DAGs
[2022-10-02T21:07:09.098+0000] {logging_mixin.py:117} INFO - [2022-10-02T21:07:09.097+0000] {dag.py:3328} INFO - Setting next_dagrun for example_branch_dop_operator_v3 to 2022-10-02T21:06:00+00:00, run_after=2022-10-02T21:07:00+00:00
[2022-10-02T21:07:09.109+0000] {processor.py:178} INFO - Processing /home/airflow/.local/lib/python3.7/site-packages/airflow/example_dags/example_branch_python_dop_operator_3.py took 0.085 seconds
[2022-10-02T21:07:39.706+0000] {processor.py:156} INFO - Started process (PID=343) to work on /home/airflow/.local/lib/python3.7/site-packages/airflow/example_dags/example_branch_python_dop_operator_3.py
[2022-10-02T21:07:39.710+0000] {processor.py:758} INFO - Processing file /home/airflow/.local/lib/python3.7/site-packages/airflow/example_dags/example_branch_python_dop_operator_3.py for tasks to queue
[2022-10-02T21:07:39.714+0000] {logging_mixin.py:117} INFO - [2022-10-02T21:07:39.714+0000] {dagbag.py:525} INFO - Filling up the DagBag from /home/airflow/.local/lib/python3.7/site-packages/airflow/example_dags/example_branch_python_dop_operator_3.py
[2022-10-02T21:07:39.733+0000] {processor.py:768} INFO - DAG(s) dict_keys(['example_branch_dop_operator_v3']) retrieved from /home/airflow/.local/lib/python3.7/site-packages/airflow/example_dags/example_branch_python_dop_operator_3.py
[2022-10-02T21:07:39.757+0000] {logging_mixin.py:117} INFO - [2022-10-02T21:07:39.757+0000] {dag.py:2573} INFO - Sync 1 DAGs
[2022-10-02T21:07:39.774+0000] {logging_mixin.py:117} INFO - [2022-10-02T21:07:39.774+0000] {dag.py:3328} INFO - Setting next_dagrun for example_branch_dop_operator_v3 to 2022-10-02T21:06:00+00:00, run_after=2022-10-02T21:07:00+00:00
[2022-10-02T21:07:39.786+0000] {processor.py:178} INFO - Processing /home/airflow/.local/lib/python3.7/site-packages/airflow/example_dags/example_branch_python_dop_operator_3.py took 0.085 seconds
[2022-10-02T21:08:09.931+0000] {processor.py:156} INFO - Started process (PID=406) to work on /home/airflow/.local/lib/python3.7/site-packages/airflow/example_dags/example_branch_python_dop_operator_3.py
[2022-10-02T21:08:09.940+0000] {processor.py:758} INFO - Processing file /home/airflow/.local/lib/python3.7/site-packages/airflow/example_dags/example_branch_python_dop_operator_3.py for tasks to queue
[2022-10-02T21:08:09.941+0000] {logging_mixin.py:117} INFO - [2022-10-02T21:08:09.941+0000] {dagbag.py:525} INFO - Filling up the DagBag from /home/airflow/.local/lib/python3.7/site-packages/airflow/example_dags/example_branch_python_dop_operator_3.py
[2022-10-02T21:08:09.957+0000] {processor.py:768} INFO - DAG(s) dict_keys(['example_branch_dop_operator_v3']) retrieved from /home/airflow/.local/lib/python3.7/site-packages/airflow/example_dags/example_branch_python_dop_operator_3.py
[2022-10-02T21:08:09.980+0000] {logging_mixin.py:117} INFO - [2022-10-02T21:08:09.980+0000] {dag.py:2573} INFO - Sync 1 DAGs
[2022-10-02T21:08:09.997+0000] {logging_mixin.py:117} INFO - [2022-10-02T21:08:09.997+0000] {dag.py:3328} INFO - Setting next_dagrun for example_branch_dop_operator_v3 to 2022-10-02T21:07:00+00:00, run_after=2022-10-02T21:08:00+00:00
[2022-10-02T21:08:10.009+0000] {processor.py:178} INFO - Processing /home/airflow/.local/lib/python3.7/site-packages/airflow/example_dags/example_branch_python_dop_operator_3.py took 0.081 seconds
[2022-10-02T21:08:41.029+0000] {processor.py:156} INFO - Started process (PID=469) to work on /home/airflow/.local/lib/python3.7/site-packages/airflow/example_dags/example_branch_python_dop_operator_3.py
[2022-10-02T21:08:41.031+0000] {processor.py:758} INFO - Processing file /home/airflow/.local/lib/python3.7/site-packages/airflow/example_dags/example_branch_python_dop_operator_3.py for tasks to queue
[2022-10-02T21:08:41.032+0000] {logging_mixin.py:117} INFO - [2022-10-02T21:08:41.032+0000] {dagbag.py:525} INFO - Filling up the DagBag from /home/airflow/.local/lib/python3.7/site-packages/airflow/example_dags/example_branch_python_dop_operator_3.py
[2022-10-02T21:08:41.048+0000] {processor.py:768} INFO - DAG(s) dict_keys(['example_branch_dop_operator_v3']) retrieved from /home/airflow/.local/lib/python3.7/site-packages/airflow/example_dags/example_branch_python_dop_operator_3.py
[2022-10-02T21:08:41.072+0000] {logging_mixin.py:117} INFO - [2022-10-02T21:08:41.072+0000] {dag.py:2573} INFO - Sync 1 DAGs
[2022-10-02T21:08:41.091+0000] {logging_mixin.py:117} INFO - [2022-10-02T21:08:41.091+0000] {dag.py:3328} INFO - Setting next_dagrun for example_branch_dop_operator_v3 to 2022-10-02T21:07:00+00:00, run_after=2022-10-02T21:08:00+00:00
[2022-10-02T21:08:41.102+0000] {processor.py:178} INFO - Processing /home/airflow/.local/lib/python3.7/site-packages/airflow/example_dags/example_branch_python_dop_operator_3.py took 0.076 seconds
[2022-10-02T21:09:11.130+0000] {processor.py:156} INFO - Started process (PID=533) to work on /home/airflow/.local/lib/python3.7/site-packages/airflow/example_dags/example_branch_python_dop_operator_3.py
[2022-10-02T21:09:11.131+0000] {processor.py:758} INFO - Processing file /home/airflow/.local/lib/python3.7/site-packages/airflow/example_dags/example_branch_python_dop_operator_3.py for tasks to queue
[2022-10-02T21:09:11.132+0000] {logging_mixin.py:117} INFO - [2022-10-02T21:09:11.132+0000] {dagbag.py:525} INFO - Filling up the DagBag from /home/airflow/.local/lib/python3.7/site-packages/airflow/example_dags/example_branch_python_dop_operator_3.py
[2022-10-02T21:09:11.148+0000] {processor.py:768} INFO - DAG(s) dict_keys(['example_branch_dop_operator_v3']) retrieved from /home/airflow/.local/lib/python3.7/site-packages/airflow/example_dags/example_branch_python_dop_operator_3.py
[2022-10-02T21:09:11.174+0000] {logging_mixin.py:117} INFO - [2022-10-02T21:09:11.173+0000] {dag.py:2573} INFO - Sync 1 DAGs
[2022-10-02T21:09:11.191+0000] {logging_mixin.py:117} INFO - [2022-10-02T21:09:11.191+0000] {dag.py:3328} INFO - Setting next_dagrun for example_branch_dop_operator_v3 to 2022-10-02T21:08:00+00:00, run_after=2022-10-02T21:09:00+00:00
[2022-10-02T21:09:11.206+0000] {processor.py:178} INFO - Processing /home/airflow/.local/lib/python3.7/site-packages/airflow/example_dags/example_branch_python_dop_operator_3.py took 0.078 seconds
[2022-10-02T21:09:41.490+0000] {processor.py:156} INFO - Started process (PID=586) to work on /home/airflow/.local/lib/python3.7/site-packages/airflow/example_dags/example_branch_python_dop_operator_3.py
[2022-10-02T21:09:41.494+0000] {processor.py:758} INFO - Processing file /home/airflow/.local/lib/python3.7/site-packages/airflow/example_dags/example_branch_python_dop_operator_3.py for tasks to queue
[2022-10-02T21:09:41.495+0000] {logging_mixin.py:117} INFO - [2022-10-02T21:09:41.495+0000] {dagbag.py:525} INFO - Filling up the DagBag from /home/airflow/.local/lib/python3.7/site-packages/airflow/example_dags/example_branch_python_dop_operator_3.py
[2022-10-02T21:09:41.520+0000] {processor.py:768} INFO - DAG(s) dict_keys(['example_branch_dop_operator_v3']) retrieved from /home/airflow/.local/lib/python3.7/site-packages/airflow/example_dags/example_branch_python_dop_operator_3.py
[2022-10-02T21:09:41.546+0000] {logging_mixin.py:117} INFO - [2022-10-02T21:09:41.546+0000] {dag.py:2573} INFO - Sync 1 DAGs
[2022-10-02T21:09:41.567+0000] {logging_mixin.py:117} INFO - [2022-10-02T21:09:41.567+0000] {dag.py:3328} INFO - Setting next_dagrun for example_branch_dop_operator_v3 to 2022-10-02T21:08:00+00:00, run_after=2022-10-02T21:09:00+00:00
[2022-10-02T21:09:41.577+0000] {processor.py:178} INFO - Processing /home/airflow/.local/lib/python3.7/site-packages/airflow/example_dags/example_branch_python_dop_operator_3.py took 0.091 seconds
[2022-10-02T21:10:11.758+0000] {processor.py:156} INFO - Started process (PID=649) to work on /home/airflow/.local/lib/python3.7/site-packages/airflow/example_dags/example_branch_python_dop_operator_3.py
[2022-10-02T21:10:11.762+0000] {processor.py:758} INFO - Processing file /home/airflow/.local/lib/python3.7/site-packages/airflow/example_dags/example_branch_python_dop_operator_3.py for tasks to queue
[2022-10-02T21:10:11.763+0000] {logging_mixin.py:117} INFO - [2022-10-02T21:10:11.763+0000] {dagbag.py:525} INFO - Filling up the DagBag from /home/airflow/.local/lib/python3.7/site-packages/airflow/example_dags/example_branch_python_dop_operator_3.py
[2022-10-02T21:10:11.785+0000] {processor.py:768} INFO - DAG(s) dict_keys(['example_branch_dop_operator_v3']) retrieved from /home/airflow/.local/lib/python3.7/site-packages/airflow/example_dags/example_branch_python_dop_operator_3.py
[2022-10-02T21:10:11.812+0000] {logging_mixin.py:117} INFO - [2022-10-02T21:10:11.812+0000] {dag.py:2573} INFO - Sync 1 DAGs
[2022-10-02T21:10:11.830+0000] {logging_mixin.py:117} INFO - [2022-10-02T21:10:11.830+0000] {dag.py:3328} INFO - Setting next_dagrun for example_branch_dop_operator_v3 to 2022-10-02T21:09:00+00:00, run_after=2022-10-02T21:10:00+00:00
[2022-10-02T21:10:11.843+0000] {processor.py:178} INFO - Processing /home/airflow/.local/lib/python3.7/site-packages/airflow/example_dags/example_branch_python_dop_operator_3.py took 0.088 seconds
[2022-10-02T21:10:41.925+0000] {processor.py:156} INFO - Started process (PID=711) to work on /home/airflow/.local/lib/python3.7/site-packages/airflow/example_dags/example_branch_python_dop_operator_3.py
[2022-10-02T21:10:41.928+0000] {processor.py:758} INFO - Processing file /home/airflow/.local/lib/python3.7/site-packages/airflow/example_dags/example_branch_python_dop_operator_3.py for tasks to queue
[2022-10-02T21:10:41.930+0000] {logging_mixin.py:117} INFO - [2022-10-02T21:10:41.930+0000] {dagbag.py:525} INFO - Filling up the DagBag from /home/airflow/.local/lib/python3.7/site-packages/airflow/example_dags/example_branch_python_dop_operator_3.py
[2022-10-02T21:10:41.951+0000] {processor.py:768} INFO - DAG(s) dict_keys(['example_branch_dop_operator_v3']) retrieved from /home/airflow/.local/lib/python3.7/site-packages/airflow/example_dags/example_branch_python_dop_operator_3.py
[2022-10-02T21:10:41.976+0000] {logging_mixin.py:117} INFO - [2022-10-02T21:10:41.976+0000] {dag.py:2573} INFO - Sync 1 DAGs
[2022-10-02T21:10:41.995+0000] {logging_mixin.py:117} INFO - [2022-10-02T21:10:41.995+0000] {dag.py:3328} INFO - Setting next_dagrun for example_branch_dop_operator_v3 to 2022-10-02T21:09:00+00:00, run_after=2022-10-02T21:10:00+00:00
[2022-10-02T21:10:42.009+0000] {processor.py:178} INFO - Processing /home/airflow/.local/lib/python3.7/site-packages/airflow/example_dags/example_branch_python_dop_operator_3.py took 0.088 seconds
[2022-10-02T21:11:12.095+0000] {processor.py:156} INFO - Started process (PID=774) to work on /home/airflow/.local/lib/python3.7/site-packages/airflow/example_dags/example_branch_python_dop_operator_3.py
[2022-10-02T21:11:12.096+0000] {processor.py:758} INFO - Processing file /home/airflow/.local/lib/python3.7/site-packages/airflow/example_dags/example_branch_python_dop_operator_3.py for tasks to queue
[2022-10-02T21:11:12.098+0000] {logging_mixin.py:117} INFO - [2022-10-02T21:11:12.098+0000] {dagbag.py:525} INFO - Filling up the DagBag from /home/airflow/.local/lib/python3.7/site-packages/airflow/example_dags/example_branch_python_dop_operator_3.py
[2022-10-02T21:11:12.112+0000] {processor.py:768} INFO - DAG(s) dict_keys(['example_branch_dop_operator_v3']) retrieved from /home/airflow/.local/lib/python3.7/site-packages/airflow/example_dags/example_branch_python_dop_operator_3.py
[2022-10-02T21:11:12.137+0000] {logging_mixin.py:117} INFO - [2022-10-02T21:11:12.137+0000] {dag.py:2573} INFO - Sync 1 DAGs
[2022-10-02T21:11:12.153+0000] {logging_mixin.py:117} INFO - [2022-10-02T21:11:12.153+0000] {dag.py:3328} INFO - Setting next_dagrun for example_branch_dop_operator_v3 to 2022-10-02T21:10:00+00:00, run_after=2022-10-02T21:11:00+00:00
[2022-10-02T21:11:12.165+0000] {processor.py:178} INFO - Processing /home/airflow/.local/lib/python3.7/site-packages/airflow/example_dags/example_branch_python_dop_operator_3.py took 0.072 seconds
[2022-10-02T21:11:42.467+0000] {processor.py:156} INFO - Started process (PID=836) to work on /home/airflow/.local/lib/python3.7/site-packages/airflow/example_dags/example_branch_python_dop_operator_3.py
[2022-10-02T21:11:42.470+0000] {processor.py:758} INFO - Processing file /home/airflow/.local/lib/python3.7/site-packages/airflow/example_dags/example_branch_python_dop_operator_3.py for tasks to queue
[2022-10-02T21:11:42.472+0000] {logging_mixin.py:117} INFO - [2022-10-02T21:11:42.472+0000] {dagbag.py:525} INFO - Filling up the DagBag from /home/airflow/.local/lib/python3.7/site-packages/airflow/example_dags/example_branch_python_dop_operator_3.py
[2022-10-02T21:11:42.497+0000] {processor.py:768} INFO - DAG(s) dict_keys(['example_branch_dop_operator_v3']) retrieved from /home/airflow/.local/lib/python3.7/site-packages/airflow/example_dags/example_branch_python_dop_operator_3.py
[2022-10-02T21:11:42.523+0000] {logging_mixin.py:117} INFO - [2022-10-02T21:11:42.522+0000] {dag.py:2573} INFO - Sync 1 DAGs
[2022-10-02T21:11:42.540+0000] {logging_mixin.py:117} INFO - [2022-10-02T21:11:42.540+0000] {dag.py:3328} INFO - Setting next_dagrun for example_branch_dop_operator_v3 to 2022-10-02T21:10:00+00:00, run_after=2022-10-02T21:11:00+00:00
[2022-10-02T21:11:42.552+0000] {processor.py:178} INFO - Processing /home/airflow/.local/lib/python3.7/site-packages/airflow/example_dags/example_branch_python_dop_operator_3.py took 0.091 seconds
[2022-10-02T21:12:13.070+0000] {processor.py:156} INFO - Started process (PID=900) to work on /home/airflow/.local/lib/python3.7/site-packages/airflow/example_dags/example_branch_python_dop_operator_3.py
[2022-10-02T21:12:13.073+0000] {processor.py:758} INFO - Processing file /home/airflow/.local/lib/python3.7/site-packages/airflow/example_dags/example_branch_python_dop_operator_3.py for tasks to queue
[2022-10-02T21:12:13.075+0000] {logging_mixin.py:117} INFO - [2022-10-02T21:12:13.074+0000] {dagbag.py:525} INFO - Filling up the DagBag from /home/airflow/.local/lib/python3.7/site-packages/airflow/example_dags/example_branch_python_dop_operator_3.py
[2022-10-02T21:12:13.100+0000] {processor.py:768} INFO - DAG(s) dict_keys(['example_branch_dop_operator_v3']) retrieved from /home/airflow/.local/lib/python3.7/site-packages/airflow/example_dags/example_branch_python_dop_operator_3.py
[2022-10-02T21:12:13.127+0000] {logging_mixin.py:117} INFO - [2022-10-02T21:12:13.127+0000] {dag.py:2573} INFO - Sync 1 DAGs
[2022-10-02T21:12:13.151+0000] {logging_mixin.py:117} INFO - [2022-10-02T21:12:13.151+0000] {dag.py:3328} INFO - Setting next_dagrun for example_branch_dop_operator_v3 to 2022-10-02T21:11:00+00:00, run_after=2022-10-02T21:12:00+00:00
[2022-10-02T21:12:13.168+0000] {processor.py:178} INFO - Processing /home/airflow/.local/lib/python3.7/site-packages/airflow/example_dags/example_branch_python_dop_operator_3.py took 0.103 seconds
[2022-10-02T21:12:43.351+0000] {processor.py:156} INFO - Started process (PID=954) to work on /home/airflow/.local/lib/python3.7/site-packages/airflow/example_dags/example_branch_python_dop_operator_3.py
[2022-10-02T21:12:43.355+0000] {processor.py:758} INFO - Processing file /home/airflow/.local/lib/python3.7/site-packages/airflow/example_dags/example_branch_python_dop_operator_3.py for tasks to queue
[2022-10-02T21:12:43.357+0000] {logging_mixin.py:117} INFO - [2022-10-02T21:12:43.357+0000] {dagbag.py:525} INFO - Filling up the DagBag from /home/airflow/.local/lib/python3.7/site-packages/airflow/example_dags/example_branch_python_dop_operator_3.py
[2022-10-02T21:12:43.381+0000] {processor.py:768} INFO - DAG(s) dict_keys(['example_branch_dop_operator_v3']) retrieved from /home/airflow/.local/lib/python3.7/site-packages/airflow/example_dags/example_branch_python_dop_operator_3.py
[2022-10-02T21:12:43.409+0000] {logging_mixin.py:117} INFO - [2022-10-02T21:12:43.409+0000] {dag.py:2573} INFO - Sync 1 DAGs
[2022-10-02T21:12:43.427+0000] {logging_mixin.py:117} INFO - [2022-10-02T21:12:43.427+0000] {dag.py:3328} INFO - Setting next_dagrun for example_branch_dop_operator_v3 to 2022-10-02T21:11:00+00:00, run_after=2022-10-02T21:12:00+00:00
[2022-10-02T21:12:43.439+0000] {processor.py:178} INFO - Processing /home/airflow/.local/lib/python3.7/site-packages/airflow/example_dags/example_branch_python_dop_operator_3.py took 0.094 seconds
[2022-10-02T21:13:13.629+0000] {processor.py:156} INFO - Started process (PID=1016) to work on /home/airflow/.local/lib/python3.7/site-packages/airflow/example_dags/example_branch_python_dop_operator_3.py
[2022-10-02T21:13:13.631+0000] {processor.py:758} INFO - Processing file /home/airflow/.local/lib/python3.7/site-packages/airflow/example_dags/example_branch_python_dop_operator_3.py for tasks to queue
[2022-10-02T21:13:13.632+0000] {logging_mixin.py:117} INFO - [2022-10-02T21:13:13.632+0000] {dagbag.py:525} INFO - Filling up the DagBag from /home/airflow/.local/lib/python3.7/site-packages/airflow/example_dags/example_branch_python_dop_operator_3.py
[2022-10-02T21:13:13.649+0000] {processor.py:768} INFO - DAG(s) dict_keys(['example_branch_dop_operator_v3']) retrieved from /home/airflow/.local/lib/python3.7/site-packages/airflow/example_dags/example_branch_python_dop_operator_3.py
[2022-10-02T21:13:13.674+0000] {logging_mixin.py:117} INFO - [2022-10-02T21:13:13.674+0000] {dag.py:2573} INFO - Sync 1 DAGs
[2022-10-02T21:13:13.693+0000] {logging_mixin.py:117} INFO - [2022-10-02T21:13:13.693+0000] {dag.py:3328} INFO - Setting next_dagrun for example_branch_dop_operator_v3 to 2022-10-02T21:12:00+00:00, run_after=2022-10-02T21:13:00+00:00
[2022-10-02T21:13:13.704+0000] {processor.py:178} INFO - Processing /home/airflow/.local/lib/python3.7/site-packages/airflow/example_dags/example_branch_python_dop_operator_3.py took 0.078 seconds
[2022-10-02T21:14:54.265+0000] {processor.py:156} INFO - Started process (PID=34) to work on /home/airflow/.local/lib/python3.7/site-packages/airflow/example_dags/example_branch_python_dop_operator_3.py
[2022-10-02T21:14:54.270+0000] {processor.py:758} INFO - Processing file /home/airflow/.local/lib/python3.7/site-packages/airflow/example_dags/example_branch_python_dop_operator_3.py for tasks to queue
[2022-10-02T21:14:54.276+0000] {logging_mixin.py:117} INFO - [2022-10-02T21:14:54.276+0000] {dagbag.py:525} INFO - Filling up the DagBag from /home/airflow/.local/lib/python3.7/site-packages/airflow/example_dags/example_branch_python_dop_operator_3.py
[2022-10-02T21:14:55.052+0000] {processor.py:768} INFO - DAG(s) dict_keys(['example_branch_dop_operator_v3']) retrieved from /home/airflow/.local/lib/python3.7/site-packages/airflow/example_dags/example_branch_python_dop_operator_3.py
[2022-10-02T21:14:55.178+0000] {logging_mixin.py:117} INFO - [2022-10-02T21:14:55.178+0000] {dag.py:2573} INFO - Sync 1 DAGs
[2022-10-02T21:14:55.331+0000] {logging_mixin.py:117} INFO - [2022-10-02T21:14:55.330+0000] {dag.py:3328} INFO - Setting next_dagrun for example_branch_dop_operator_v3 to 2022-10-02T21:13:00+00:00, run_after=2022-10-02T21:14:00+00:00
[2022-10-02T21:14:55.448+0000] {processor.py:178} INFO - Processing /home/airflow/.local/lib/python3.7/site-packages/airflow/example_dags/example_branch_python_dop_operator_3.py took 1.188 seconds
[2022-10-02T21:15:25.522+0000] {processor.py:156} INFO - Started process (PID=98) to work on /home/airflow/.local/lib/python3.7/site-packages/airflow/example_dags/example_branch_python_dop_operator_3.py
[2022-10-02T21:15:25.525+0000] {processor.py:758} INFO - Processing file /home/airflow/.local/lib/python3.7/site-packages/airflow/example_dags/example_branch_python_dop_operator_3.py for tasks to queue
[2022-10-02T21:15:25.532+0000] {logging_mixin.py:117} INFO - [2022-10-02T21:15:25.532+0000] {dagbag.py:525} INFO - Filling up the DagBag from /home/airflow/.local/lib/python3.7/site-packages/airflow/example_dags/example_branch_python_dop_operator_3.py
[2022-10-02T21:15:25.571+0000] {processor.py:768} INFO - DAG(s) dict_keys(['example_branch_dop_operator_v3']) retrieved from /home/airflow/.local/lib/python3.7/site-packages/airflow/example_dags/example_branch_python_dop_operator_3.py
[2022-10-02T21:15:25.649+0000] {logging_mixin.py:117} INFO - [2022-10-02T21:15:25.649+0000] {dag.py:2573} INFO - Sync 1 DAGs
[2022-10-02T21:15:25.677+0000] {logging_mixin.py:117} INFO - [2022-10-02T21:15:25.677+0000] {dag.py:3328} INFO - Setting next_dagrun for example_branch_dop_operator_v3 to 2022-10-02T21:14:00+00:00, run_after=2022-10-02T21:15:00+00:00
[2022-10-02T21:15:25.729+0000] {processor.py:178} INFO - Processing /home/airflow/.local/lib/python3.7/site-packages/airflow/example_dags/example_branch_python_dop_operator_3.py took 0.211 seconds
[2022-10-02T21:15:56.746+0000] {processor.py:156} INFO - Started process (PID=161) to work on /home/airflow/.local/lib/python3.7/site-packages/airflow/example_dags/example_branch_python_dop_operator_3.py
[2022-10-02T21:15:56.754+0000] {processor.py:758} INFO - Processing file /home/airflow/.local/lib/python3.7/site-packages/airflow/example_dags/example_branch_python_dop_operator_3.py for tasks to queue
[2022-10-02T21:15:56.756+0000] {logging_mixin.py:117} INFO - [2022-10-02T21:15:56.756+0000] {dagbag.py:525} INFO - Filling up the DagBag from /home/airflow/.local/lib/python3.7/site-packages/airflow/example_dags/example_branch_python_dop_operator_3.py
[2022-10-02T21:15:56.795+0000] {processor.py:768} INFO - DAG(s) dict_keys(['example_branch_dop_operator_v3']) retrieved from /home/airflow/.local/lib/python3.7/site-packages/airflow/example_dags/example_branch_python_dop_operator_3.py
[2022-10-02T21:15:56.861+0000] {logging_mixin.py:117} INFO - [2022-10-02T21:15:56.860+0000] {dag.py:2573} INFO - Sync 1 DAGs
[2022-10-02T21:15:56.919+0000] {logging_mixin.py:117} INFO - [2022-10-02T21:15:56.918+0000] {dag.py:3328} INFO - Setting next_dagrun for example_branch_dop_operator_v3 to 2022-10-02T21:14:00+00:00, run_after=2022-10-02T21:15:00+00:00
[2022-10-02T21:15:56.947+0000] {processor.py:178} INFO - Processing /home/airflow/.local/lib/python3.7/site-packages/airflow/example_dags/example_branch_python_dop_operator_3.py took 0.205 seconds
[2022-10-02T21:16:27.793+0000] {processor.py:156} INFO - Started process (PID=223) to work on /home/airflow/.local/lib/python3.7/site-packages/airflow/example_dags/example_branch_python_dop_operator_3.py
[2022-10-02T21:16:27.796+0000] {processor.py:758} INFO - Processing file /home/airflow/.local/lib/python3.7/site-packages/airflow/example_dags/example_branch_python_dop_operator_3.py for tasks to queue
[2022-10-02T21:16:27.798+0000] {logging_mixin.py:117} INFO - [2022-10-02T21:16:27.798+0000] {dagbag.py:525} INFO - Filling up the DagBag from /home/airflow/.local/lib/python3.7/site-packages/airflow/example_dags/example_branch_python_dop_operator_3.py
[2022-10-02T21:16:27.828+0000] {processor.py:768} INFO - DAG(s) dict_keys(['example_branch_dop_operator_v3']) retrieved from /home/airflow/.local/lib/python3.7/site-packages/airflow/example_dags/example_branch_python_dop_operator_3.py
[2022-10-02T21:16:27.872+0000] {logging_mixin.py:117} INFO - [2022-10-02T21:16:27.872+0000] {dag.py:2573} INFO - Sync 1 DAGs
[2022-10-02T21:16:27.897+0000] {logging_mixin.py:117} INFO - [2022-10-02T21:16:27.897+0000] {dag.py:3328} INFO - Setting next_dagrun for example_branch_dop_operator_v3 to 2022-10-02T21:15:00+00:00, run_after=2022-10-02T21:16:00+00:00
[2022-10-02T21:16:27.916+0000] {processor.py:178} INFO - Processing /home/airflow/.local/lib/python3.7/site-packages/airflow/example_dags/example_branch_python_dop_operator_3.py took 0.126 seconds
[2022-10-02T21:16:58.548+0000] {processor.py:156} INFO - Started process (PID=276) to work on /home/airflow/.local/lib/python3.7/site-packages/airflow/example_dags/example_branch_python_dop_operator_3.py
[2022-10-02T21:16:58.549+0000] {processor.py:758} INFO - Processing file /home/airflow/.local/lib/python3.7/site-packages/airflow/example_dags/example_branch_python_dop_operator_3.py for tasks to queue
[2022-10-02T21:16:58.553+0000] {logging_mixin.py:117} INFO - [2022-10-02T21:16:58.553+0000] {dagbag.py:525} INFO - Filling up the DagBag from /home/airflow/.local/lib/python3.7/site-packages/airflow/example_dags/example_branch_python_dop_operator_3.py
[2022-10-02T21:16:58.575+0000] {processor.py:768} INFO - DAG(s) dict_keys(['example_branch_dop_operator_v3']) retrieved from /home/airflow/.local/lib/python3.7/site-packages/airflow/example_dags/example_branch_python_dop_operator_3.py
[2022-10-02T21:16:58.630+0000] {logging_mixin.py:117} INFO - [2022-10-02T21:16:58.630+0000] {dag.py:2573} INFO - Sync 1 DAGs
[2022-10-02T21:16:58.679+0000] {logging_mixin.py:117} INFO - [2022-10-02T21:16:58.678+0000] {dag.py:3328} INFO - Setting next_dagrun for example_branch_dop_operator_v3 to 2022-10-02T21:15:00+00:00, run_after=2022-10-02T21:16:00+00:00
[2022-10-02T21:16:58.696+0000] {processor.py:178} INFO - Processing /home/airflow/.local/lib/python3.7/site-packages/airflow/example_dags/example_branch_python_dop_operator_3.py took 0.152 seconds
[2022-10-02T21:17:28.781+0000] {processor.py:156} INFO - Started process (PID=339) to work on /home/airflow/.local/lib/python3.7/site-packages/airflow/example_dags/example_branch_python_dop_operator_3.py
[2022-10-02T21:17:28.785+0000] {processor.py:758} INFO - Processing file /home/airflow/.local/lib/python3.7/site-packages/airflow/example_dags/example_branch_python_dop_operator_3.py for tasks to queue
[2022-10-02T21:17:28.789+0000] {logging_mixin.py:117} INFO - [2022-10-02T21:17:28.789+0000] {dagbag.py:525} INFO - Filling up the DagBag from /home/airflow/.local/lib/python3.7/site-packages/airflow/example_dags/example_branch_python_dop_operator_3.py
[2022-10-02T21:17:28.809+0000] {processor.py:768} INFO - DAG(s) dict_keys(['example_branch_dop_operator_v3']) retrieved from /home/airflow/.local/lib/python3.7/site-packages/airflow/example_dags/example_branch_python_dop_operator_3.py
[2022-10-02T21:17:28.850+0000] {logging_mixin.py:117} INFO - [2022-10-02T21:17:28.850+0000] {dag.py:2573} INFO - Sync 1 DAGs
[2022-10-02T21:17:28.876+0000] {logging_mixin.py:117} INFO - [2022-10-02T21:17:28.875+0000] {dag.py:3328} INFO - Setting next_dagrun for example_branch_dop_operator_v3 to 2022-10-02T21:16:00+00:00, run_after=2022-10-02T21:17:00+00:00
[2022-10-02T21:17:28.902+0000] {processor.py:178} INFO - Processing /home/airflow/.local/lib/python3.7/site-packages/airflow/example_dags/example_branch_python_dop_operator_3.py took 0.124 seconds
[2022-10-02T21:17:59.420+0000] {processor.py:156} INFO - Started process (PID=403) to work on /home/airflow/.local/lib/python3.7/site-packages/airflow/example_dags/example_branch_python_dop_operator_3.py
[2022-10-02T21:17:59.424+0000] {processor.py:758} INFO - Processing file /home/airflow/.local/lib/python3.7/site-packages/airflow/example_dags/example_branch_python_dop_operator_3.py for tasks to queue
[2022-10-02T21:17:59.426+0000] {logging_mixin.py:117} INFO - [2022-10-02T21:17:59.426+0000] {dagbag.py:525} INFO - Filling up the DagBag from /home/airflow/.local/lib/python3.7/site-packages/airflow/example_dags/example_branch_python_dop_operator_3.py
[2022-10-02T21:17:59.452+0000] {processor.py:768} INFO - DAG(s) dict_keys(['example_branch_dop_operator_v3']) retrieved from /home/airflow/.local/lib/python3.7/site-packages/airflow/example_dags/example_branch_python_dop_operator_3.py
[2022-10-02T21:17:59.482+0000] {logging_mixin.py:117} INFO - [2022-10-02T21:17:59.482+0000] {dag.py:2573} INFO - Sync 1 DAGs
[2022-10-02T21:17:59.502+0000] {logging_mixin.py:117} INFO - [2022-10-02T21:17:59.501+0000] {dag.py:3328} INFO - Setting next_dagrun for example_branch_dop_operator_v3 to 2022-10-02T21:16:00+00:00, run_after=2022-10-02T21:17:00+00:00
[2022-10-02T21:17:59.515+0000] {processor.py:178} INFO - Processing /home/airflow/.local/lib/python3.7/site-packages/airflow/example_dags/example_branch_python_dop_operator_3.py took 0.098 seconds
[2022-10-02T21:18:29.640+0000] {processor.py:156} INFO - Started process (PID=468) to work on /home/airflow/.local/lib/python3.7/site-packages/airflow/example_dags/example_branch_python_dop_operator_3.py
[2022-10-02T21:18:29.643+0000] {processor.py:758} INFO - Processing file /home/airflow/.local/lib/python3.7/site-packages/airflow/example_dags/example_branch_python_dop_operator_3.py for tasks to queue
[2022-10-02T21:18:29.645+0000] {logging_mixin.py:117} INFO - [2022-10-02T21:18:29.645+0000] {dagbag.py:525} INFO - Filling up the DagBag from /home/airflow/.local/lib/python3.7/site-packages/airflow/example_dags/example_branch_python_dop_operator_3.py
[2022-10-02T21:18:29.666+0000] {processor.py:768} INFO - DAG(s) dict_keys(['example_branch_dop_operator_v3']) retrieved from /home/airflow/.local/lib/python3.7/site-packages/airflow/example_dags/example_branch_python_dop_operator_3.py
[2022-10-02T21:18:29.706+0000] {logging_mixin.py:117} INFO - [2022-10-02T21:18:29.706+0000] {dag.py:2573} INFO - Sync 1 DAGs
[2022-10-02T21:18:29.733+0000] {logging_mixin.py:117} INFO - [2022-10-02T21:18:29.733+0000] {dag.py:3328} INFO - Setting next_dagrun for example_branch_dop_operator_v3 to 2022-10-02T21:17:00+00:00, run_after=2022-10-02T21:18:00+00:00
[2022-10-02T21:18:29.752+0000] {processor.py:178} INFO - Processing /home/airflow/.local/lib/python3.7/site-packages/airflow/example_dags/example_branch_python_dop_operator_3.py took 0.114 seconds
[2022-10-02T21:19:00.087+0000] {processor.py:156} INFO - Started process (PID=531) to work on /home/airflow/.local/lib/python3.7/site-packages/airflow/example_dags/example_branch_python_dop_operator_3.py
[2022-10-02T21:19:00.090+0000] {processor.py:758} INFO - Processing file /home/airflow/.local/lib/python3.7/site-packages/airflow/example_dags/example_branch_python_dop_operator_3.py for tasks to queue
[2022-10-02T21:19:00.092+0000] {logging_mixin.py:117} INFO - [2022-10-02T21:19:00.091+0000] {dagbag.py:525} INFO - Filling up the DagBag from /home/airflow/.local/lib/python3.7/site-packages/airflow/example_dags/example_branch_python_dop_operator_3.py
[2022-10-02T21:19:00.110+0000] {processor.py:768} INFO - DAG(s) dict_keys(['example_branch_dop_operator_v3']) retrieved from /home/airflow/.local/lib/python3.7/site-packages/airflow/example_dags/example_branch_python_dop_operator_3.py
[2022-10-02T21:19:00.148+0000] {logging_mixin.py:117} INFO - [2022-10-02T21:19:00.148+0000] {dag.py:2573} INFO - Sync 1 DAGs
[2022-10-02T21:19:00.169+0000] {logging_mixin.py:117} INFO - [2022-10-02T21:19:00.169+0000] {dag.py:3328} INFO - Setting next_dagrun for example_branch_dop_operator_v3 to 2022-10-02T21:18:00+00:00, run_after=2022-10-02T21:19:00+00:00
[2022-10-02T21:19:00.185+0000] {processor.py:178} INFO - Processing /home/airflow/.local/lib/python3.7/site-packages/airflow/example_dags/example_branch_python_dop_operator_3.py took 0.100 seconds
[2022-10-02T21:19:30.912+0000] {processor.py:156} INFO - Started process (PID=585) to work on /home/airflow/.local/lib/python3.7/site-packages/airflow/example_dags/example_branch_python_dop_operator_3.py
[2022-10-02T21:19:30.916+0000] {processor.py:758} INFO - Processing file /home/airflow/.local/lib/python3.7/site-packages/airflow/example_dags/example_branch_python_dop_operator_3.py for tasks to queue
[2022-10-02T21:19:30.917+0000] {logging_mixin.py:117} INFO - [2022-10-02T21:19:30.917+0000] {dagbag.py:525} INFO - Filling up the DagBag from /home/airflow/.local/lib/python3.7/site-packages/airflow/example_dags/example_branch_python_dop_operator_3.py
[2022-10-02T21:19:30.932+0000] {processor.py:768} INFO - DAG(s) dict_keys(['example_branch_dop_operator_v3']) retrieved from /home/airflow/.local/lib/python3.7/site-packages/airflow/example_dags/example_branch_python_dop_operator_3.py
[2022-10-02T21:19:30.959+0000] {logging_mixin.py:117} INFO - [2022-10-02T21:19:30.959+0000] {dag.py:2573} INFO - Sync 1 DAGs
[2022-10-02T21:19:30.977+0000] {logging_mixin.py:117} INFO - [2022-10-02T21:19:30.977+0000] {dag.py:3328} INFO - Setting next_dagrun for example_branch_dop_operator_v3 to 2022-10-02T21:18:00+00:00, run_after=2022-10-02T21:19:00+00:00
[2022-10-02T21:19:30.990+0000] {processor.py:178} INFO - Processing /home/airflow/.local/lib/python3.7/site-packages/airflow/example_dags/example_branch_python_dop_operator_3.py took 0.081 seconds
