[2022-10-02T20:50:11.018+0000] {processor.py:156} INFO - Started process (PID=38) to work on /home/airflow/.local/lib/python3.7/site-packages/airflow/example_dags/example_local_kubernetes_executor.py
[2022-10-02T20:50:11.022+0000] {processor.py:758} INFO - Processing file /home/airflow/.local/lib/python3.7/site-packages/airflow/example_dags/example_local_kubernetes_executor.py for tasks to queue
[2022-10-02T20:50:11.025+0000] {logging_mixin.py:117} INFO - [2022-10-02T20:50:11.025+0000] {dagbag.py:525} INFO - Filling up the DagBag from /home/airflow/.local/lib/python3.7/site-packages/airflow/example_dags/example_local_kubernetes_executor.py
[2022-10-02T20:50:11.106+0000] {processor.py:768} INFO - DAG(s) dict_keys(['example_local_kubernetes_executor']) retrieved from /home/airflow/.local/lib/python3.7/site-packages/airflow/example_dags/example_local_kubernetes_executor.py
[2022-10-02T20:50:11.131+0000] {logging_mixin.py:117} INFO - [2022-10-02T20:50:11.131+0000] {dag.py:2573} INFO - Sync 1 DAGs
[2022-10-02T20:50:11.161+0000] {logging_mixin.py:117} INFO - [2022-10-02T20:50:11.160+0000] {dag.py:3328} INFO - Setting next_dagrun for example_local_kubernetes_executor to None, run_after=None
[2022-10-02T20:50:11.208+0000] {processor.py:178} INFO - Processing /home/airflow/.local/lib/python3.7/site-packages/airflow/example_dags/example_local_kubernetes_executor.py took 0.193 seconds
[2022-10-02T20:50:41.383+0000] {processor.py:156} INFO - Started process (PID=100) to work on /home/airflow/.local/lib/python3.7/site-packages/airflow/example_dags/example_local_kubernetes_executor.py
[2022-10-02T20:50:41.385+0000] {processor.py:758} INFO - Processing file /home/airflow/.local/lib/python3.7/site-packages/airflow/example_dags/example_local_kubernetes_executor.py for tasks to queue
[2022-10-02T20:50:41.387+0000] {logging_mixin.py:117} INFO - [2022-10-02T20:50:41.387+0000] {dagbag.py:525} INFO - Filling up the DagBag from /home/airflow/.local/lib/python3.7/site-packages/airflow/example_dags/example_local_kubernetes_executor.py
[2022-10-02T20:50:41.411+0000] {processor.py:768} INFO - DAG(s) dict_keys(['example_local_kubernetes_executor']) retrieved from /home/airflow/.local/lib/python3.7/site-packages/airflow/example_dags/example_local_kubernetes_executor.py
[2022-10-02T20:50:41.442+0000] {logging_mixin.py:117} INFO - [2022-10-02T20:50:41.442+0000] {dag.py:2573} INFO - Sync 1 DAGs
[2022-10-02T20:50:41.460+0000] {logging_mixin.py:117} INFO - [2022-10-02T20:50:41.460+0000] {dag.py:3328} INFO - Setting next_dagrun for example_local_kubernetes_executor to None, run_after=None
[2022-10-02T20:50:41.477+0000] {processor.py:178} INFO - Processing /home/airflow/.local/lib/python3.7/site-packages/airflow/example_dags/example_local_kubernetes_executor.py took 0.097 seconds
[2022-10-02T20:51:12.352+0000] {processor.py:156} INFO - Started process (PID=165) to work on /home/airflow/.local/lib/python3.7/site-packages/airflow/example_dags/example_local_kubernetes_executor.py
[2022-10-02T20:51:12.354+0000] {processor.py:758} INFO - Processing file /home/airflow/.local/lib/python3.7/site-packages/airflow/example_dags/example_local_kubernetes_executor.py for tasks to queue
[2022-10-02T20:51:12.356+0000] {logging_mixin.py:117} INFO - [2022-10-02T20:51:12.356+0000] {dagbag.py:525} INFO - Filling up the DagBag from /home/airflow/.local/lib/python3.7/site-packages/airflow/example_dags/example_local_kubernetes_executor.py
[2022-10-02T20:51:12.379+0000] {processor.py:768} INFO - DAG(s) dict_keys(['example_local_kubernetes_executor']) retrieved from /home/airflow/.local/lib/python3.7/site-packages/airflow/example_dags/example_local_kubernetes_executor.py
[2022-10-02T20:51:12.435+0000] {logging_mixin.py:117} INFO - [2022-10-02T20:51:12.435+0000] {dag.py:2573} INFO - Sync 1 DAGs
[2022-10-02T20:51:12.457+0000] {logging_mixin.py:117} INFO - [2022-10-02T20:51:12.457+0000] {dag.py:3328} INFO - Setting next_dagrun for example_local_kubernetes_executor to None, run_after=None
[2022-10-02T20:51:12.474+0000] {processor.py:178} INFO - Processing /home/airflow/.local/lib/python3.7/site-packages/airflow/example_dags/example_local_kubernetes_executor.py took 0.126 seconds
[2022-10-02T20:51:43.219+0000] {processor.py:156} INFO - Started process (PID=219) to work on /home/airflow/.local/lib/python3.7/site-packages/airflow/example_dags/example_local_kubernetes_executor.py
[2022-10-02T20:51:43.220+0000] {processor.py:758} INFO - Processing file /home/airflow/.local/lib/python3.7/site-packages/airflow/example_dags/example_local_kubernetes_executor.py for tasks to queue
[2022-10-02T20:51:43.223+0000] {logging_mixin.py:117} INFO - [2022-10-02T20:51:43.222+0000] {dagbag.py:525} INFO - Filling up the DagBag from /home/airflow/.local/lib/python3.7/site-packages/airflow/example_dags/example_local_kubernetes_executor.py
[2022-10-02T20:51:43.237+0000] {processor.py:768} INFO - DAG(s) dict_keys(['example_local_kubernetes_executor']) retrieved from /home/airflow/.local/lib/python3.7/site-packages/airflow/example_dags/example_local_kubernetes_executor.py
[2022-10-02T20:51:43.273+0000] {logging_mixin.py:117} INFO - [2022-10-02T20:51:43.273+0000] {dag.py:2573} INFO - Sync 1 DAGs
[2022-10-02T20:51:43.296+0000] {logging_mixin.py:117} INFO - [2022-10-02T20:51:43.296+0000] {dag.py:3328} INFO - Setting next_dagrun for example_local_kubernetes_executor to None, run_after=None
[2022-10-02T20:51:43.311+0000] {processor.py:178} INFO - Processing /home/airflow/.local/lib/python3.7/site-packages/airflow/example_dags/example_local_kubernetes_executor.py took 0.094 seconds
[2022-10-02T20:52:13.650+0000] {processor.py:156} INFO - Started process (PID=281) to work on /home/airflow/.local/lib/python3.7/site-packages/airflow/example_dags/example_local_kubernetes_executor.py
[2022-10-02T20:52:13.652+0000] {processor.py:758} INFO - Processing file /home/airflow/.local/lib/python3.7/site-packages/airflow/example_dags/example_local_kubernetes_executor.py for tasks to queue
[2022-10-02T20:52:13.654+0000] {logging_mixin.py:117} INFO - [2022-10-02T20:52:13.654+0000] {dagbag.py:525} INFO - Filling up the DagBag from /home/airflow/.local/lib/python3.7/site-packages/airflow/example_dags/example_local_kubernetes_executor.py
[2022-10-02T20:52:13.670+0000] {processor.py:768} INFO - DAG(s) dict_keys(['example_local_kubernetes_executor']) retrieved from /home/airflow/.local/lib/python3.7/site-packages/airflow/example_dags/example_local_kubernetes_executor.py
[2022-10-02T20:52:13.699+0000] {logging_mixin.py:117} INFO - [2022-10-02T20:52:13.699+0000] {dag.py:2573} INFO - Sync 1 DAGs
[2022-10-02T20:52:13.715+0000] {logging_mixin.py:117} INFO - [2022-10-02T20:52:13.715+0000] {dag.py:3328} INFO - Setting next_dagrun for example_local_kubernetes_executor to None, run_after=None
[2022-10-02T20:52:13.729+0000] {processor.py:178} INFO - Processing /home/airflow/.local/lib/python3.7/site-packages/airflow/example_dags/example_local_kubernetes_executor.py took 0.082 seconds
[2022-10-02T20:52:44.194+0000] {processor.py:156} INFO - Started process (PID=343) to work on /home/airflow/.local/lib/python3.7/site-packages/airflow/example_dags/example_local_kubernetes_executor.py
[2022-10-02T20:52:44.195+0000] {processor.py:758} INFO - Processing file /home/airflow/.local/lib/python3.7/site-packages/airflow/example_dags/example_local_kubernetes_executor.py for tasks to queue
[2022-10-02T20:52:44.196+0000] {logging_mixin.py:117} INFO - [2022-10-02T20:52:44.196+0000] {dagbag.py:525} INFO - Filling up the DagBag from /home/airflow/.local/lib/python3.7/site-packages/airflow/example_dags/example_local_kubernetes_executor.py
[2022-10-02T20:52:44.213+0000] {processor.py:768} INFO - DAG(s) dict_keys(['example_local_kubernetes_executor']) retrieved from /home/airflow/.local/lib/python3.7/site-packages/airflow/example_dags/example_local_kubernetes_executor.py
[2022-10-02T20:52:44.240+0000] {logging_mixin.py:117} INFO - [2022-10-02T20:52:44.240+0000] {dag.py:2573} INFO - Sync 1 DAGs
[2022-10-02T20:52:44.256+0000] {logging_mixin.py:117} INFO - [2022-10-02T20:52:44.256+0000] {dag.py:3328} INFO - Setting next_dagrun for example_local_kubernetes_executor to None, run_after=None
[2022-10-02T20:52:44.272+0000] {processor.py:178} INFO - Processing /home/airflow/.local/lib/python3.7/site-packages/airflow/example_dags/example_local_kubernetes_executor.py took 0.081 seconds
[2022-10-02T20:54:18.396+0000] {processor.py:156} INFO - Started process (PID=37) to work on /home/airflow/.local/lib/python3.7/site-packages/airflow/example_dags/example_local_kubernetes_executor.py
[2022-10-02T20:54:18.400+0000] {processor.py:758} INFO - Processing file /home/airflow/.local/lib/python3.7/site-packages/airflow/example_dags/example_local_kubernetes_executor.py for tasks to queue
[2022-10-02T20:54:18.405+0000] {logging_mixin.py:117} INFO - [2022-10-02T20:54:18.404+0000] {dagbag.py:525} INFO - Filling up the DagBag from /home/airflow/.local/lib/python3.7/site-packages/airflow/example_dags/example_local_kubernetes_executor.py
[2022-10-02T20:54:18.458+0000] {processor.py:768} INFO - DAG(s) dict_keys(['example_local_kubernetes_executor']) retrieved from /home/airflow/.local/lib/python3.7/site-packages/airflow/example_dags/example_local_kubernetes_executor.py
[2022-10-02T20:54:18.527+0000] {logging_mixin.py:117} INFO - [2022-10-02T20:54:18.527+0000] {dag.py:2573} INFO - Sync 1 DAGs
[2022-10-02T20:54:18.551+0000] {logging_mixin.py:117} INFO - [2022-10-02T20:54:18.551+0000] {dag.py:3328} INFO - Setting next_dagrun for example_local_kubernetes_executor to None, run_after=None
[2022-10-02T20:54:18.575+0000] {processor.py:178} INFO - Processing /home/airflow/.local/lib/python3.7/site-packages/airflow/example_dags/example_local_kubernetes_executor.py took 0.182 seconds
[2022-10-02T20:54:48.980+0000] {processor.py:156} INFO - Started process (PID=100) to work on /home/airflow/.local/lib/python3.7/site-packages/airflow/example_dags/example_local_kubernetes_executor.py
[2022-10-02T20:54:48.981+0000] {processor.py:758} INFO - Processing file /home/airflow/.local/lib/python3.7/site-packages/airflow/example_dags/example_local_kubernetes_executor.py for tasks to queue
[2022-10-02T20:54:48.982+0000] {logging_mixin.py:117} INFO - [2022-10-02T20:54:48.982+0000] {dagbag.py:525} INFO - Filling up the DagBag from /home/airflow/.local/lib/python3.7/site-packages/airflow/example_dags/example_local_kubernetes_executor.py
[2022-10-02T20:54:48.999+0000] {processor.py:768} INFO - DAG(s) dict_keys(['example_local_kubernetes_executor']) retrieved from /home/airflow/.local/lib/python3.7/site-packages/airflow/example_dags/example_local_kubernetes_executor.py
[2022-10-02T20:54:49.024+0000] {logging_mixin.py:117} INFO - [2022-10-02T20:54:49.024+0000] {dag.py:2573} INFO - Sync 1 DAGs
[2022-10-02T20:54:49.039+0000] {logging_mixin.py:117} INFO - [2022-10-02T20:54:49.039+0000] {dag.py:3328} INFO - Setting next_dagrun for example_local_kubernetes_executor to None, run_after=None
[2022-10-02T20:54:49.051+0000] {processor.py:178} INFO - Processing /home/airflow/.local/lib/python3.7/site-packages/airflow/example_dags/example_local_kubernetes_executor.py took 0.074 seconds
[2022-10-02T20:56:36.452+0000] {processor.py:156} INFO - Started process (PID=38) to work on /home/airflow/.local/lib/python3.7/site-packages/airflow/example_dags/example_local_kubernetes_executor.py
[2022-10-02T20:56:36.455+0000] {processor.py:758} INFO - Processing file /home/airflow/.local/lib/python3.7/site-packages/airflow/example_dags/example_local_kubernetes_executor.py for tasks to queue
[2022-10-02T20:56:36.467+0000] {logging_mixin.py:117} INFO - [2022-10-02T20:56:36.467+0000] {dagbag.py:525} INFO - Filling up the DagBag from /home/airflow/.local/lib/python3.7/site-packages/airflow/example_dags/example_local_kubernetes_executor.py
[2022-10-02T20:56:36.515+0000] {processor.py:768} INFO - DAG(s) dict_keys(['example_local_kubernetes_executor']) retrieved from /home/airflow/.local/lib/python3.7/site-packages/airflow/example_dags/example_local_kubernetes_executor.py
[2022-10-02T20:56:36.605+0000] {logging_mixin.py:117} INFO - [2022-10-02T20:56:36.605+0000] {dag.py:2573} INFO - Sync 1 DAGs
[2022-10-02T20:56:36.644+0000] {logging_mixin.py:117} INFO - [2022-10-02T20:56:36.643+0000] {dag.py:3328} INFO - Setting next_dagrun for example_local_kubernetes_executor to None, run_after=None
[2022-10-02T20:56:36.687+0000] {processor.py:178} INFO - Processing /home/airflow/.local/lib/python3.7/site-packages/airflow/example_dags/example_local_kubernetes_executor.py took 0.238 seconds
[2022-10-02T20:57:07.096+0000] {processor.py:156} INFO - Started process (PID=101) to work on /home/airflow/.local/lib/python3.7/site-packages/airflow/example_dags/example_local_kubernetes_executor.py
[2022-10-02T20:57:07.101+0000] {processor.py:758} INFO - Processing file /home/airflow/.local/lib/python3.7/site-packages/airflow/example_dags/example_local_kubernetes_executor.py for tasks to queue
[2022-10-02T20:57:07.104+0000] {logging_mixin.py:117} INFO - [2022-10-02T20:57:07.104+0000] {dagbag.py:525} INFO - Filling up the DagBag from /home/airflow/.local/lib/python3.7/site-packages/airflow/example_dags/example_local_kubernetes_executor.py
[2022-10-02T20:57:07.134+0000] {processor.py:768} INFO - DAG(s) dict_keys(['example_local_kubernetes_executor']) retrieved from /home/airflow/.local/lib/python3.7/site-packages/airflow/example_dags/example_local_kubernetes_executor.py
[2022-10-02T20:57:07.165+0000] {logging_mixin.py:117} INFO - [2022-10-02T20:57:07.165+0000] {dag.py:2573} INFO - Sync 1 DAGs
[2022-10-02T20:57:07.186+0000] {logging_mixin.py:117} INFO - [2022-10-02T20:57:07.186+0000] {dag.py:3328} INFO - Setting next_dagrun for example_local_kubernetes_executor to None, run_after=None
[2022-10-02T20:57:07.202+0000] {processor.py:178} INFO - Processing /home/airflow/.local/lib/python3.7/site-packages/airflow/example_dags/example_local_kubernetes_executor.py took 0.108 seconds
[2022-10-02T20:57:37.917+0000] {processor.py:156} INFO - Started process (PID=165) to work on /home/airflow/.local/lib/python3.7/site-packages/airflow/example_dags/example_local_kubernetes_executor.py
[2022-10-02T20:57:37.919+0000] {processor.py:758} INFO - Processing file /home/airflow/.local/lib/python3.7/site-packages/airflow/example_dags/example_local_kubernetes_executor.py for tasks to queue
[2022-10-02T20:57:37.921+0000] {logging_mixin.py:117} INFO - [2022-10-02T20:57:37.921+0000] {dagbag.py:525} INFO - Filling up the DagBag from /home/airflow/.local/lib/python3.7/site-packages/airflow/example_dags/example_local_kubernetes_executor.py
[2022-10-02T20:57:37.944+0000] {processor.py:768} INFO - DAG(s) dict_keys(['example_local_kubernetes_executor']) retrieved from /home/airflow/.local/lib/python3.7/site-packages/airflow/example_dags/example_local_kubernetes_executor.py
[2022-10-02T20:57:37.989+0000] {logging_mixin.py:117} INFO - [2022-10-02T20:57:37.989+0000] {dag.py:2573} INFO - Sync 1 DAGs
[2022-10-02T20:57:38.024+0000] {logging_mixin.py:117} INFO - [2022-10-02T20:57:38.024+0000] {dag.py:3328} INFO - Setting next_dagrun for example_local_kubernetes_executor to None, run_after=None
[2022-10-02T20:57:38.057+0000] {processor.py:178} INFO - Processing /home/airflow/.local/lib/python3.7/site-packages/airflow/example_dags/example_local_kubernetes_executor.py took 0.142 seconds
[2022-10-02T20:58:08.660+0000] {processor.py:156} INFO - Started process (PID=227) to work on /home/airflow/.local/lib/python3.7/site-packages/airflow/example_dags/example_local_kubernetes_executor.py
[2022-10-02T20:58:08.663+0000] {processor.py:758} INFO - Processing file /home/airflow/.local/lib/python3.7/site-packages/airflow/example_dags/example_local_kubernetes_executor.py for tasks to queue
[2022-10-02T20:58:08.664+0000] {logging_mixin.py:117} INFO - [2022-10-02T20:58:08.664+0000] {dagbag.py:525} INFO - Filling up the DagBag from /home/airflow/.local/lib/python3.7/site-packages/airflow/example_dags/example_local_kubernetes_executor.py
[2022-10-02T20:58:08.682+0000] {processor.py:768} INFO - DAG(s) dict_keys(['example_local_kubernetes_executor']) retrieved from /home/airflow/.local/lib/python3.7/site-packages/airflow/example_dags/example_local_kubernetes_executor.py
[2022-10-02T20:58:08.709+0000] {logging_mixin.py:117} INFO - [2022-10-02T20:58:08.709+0000] {dag.py:2573} INFO - Sync 1 DAGs
[2022-10-02T20:58:08.729+0000] {logging_mixin.py:117} INFO - [2022-10-02T20:58:08.729+0000] {dag.py:3328} INFO - Setting next_dagrun for example_local_kubernetes_executor to None, run_after=None
[2022-10-02T20:58:08.746+0000] {processor.py:178} INFO - Processing /home/airflow/.local/lib/python3.7/site-packages/airflow/example_dags/example_local_kubernetes_executor.py took 0.087 seconds
[2022-10-02T20:58:38.980+0000] {processor.py:156} INFO - Started process (PID=282) to work on /home/airflow/.local/lib/python3.7/site-packages/airflow/example_dags/example_local_kubernetes_executor.py
[2022-10-02T20:58:38.982+0000] {processor.py:758} INFO - Processing file /home/airflow/.local/lib/python3.7/site-packages/airflow/example_dags/example_local_kubernetes_executor.py for tasks to queue
[2022-10-02T20:58:38.985+0000] {logging_mixin.py:117} INFO - [2022-10-02T20:58:38.985+0000] {dagbag.py:525} INFO - Filling up the DagBag from /home/airflow/.local/lib/python3.7/site-packages/airflow/example_dags/example_local_kubernetes_executor.py
[2022-10-02T20:58:39.007+0000] {processor.py:768} INFO - DAG(s) dict_keys(['example_local_kubernetes_executor']) retrieved from /home/airflow/.local/lib/python3.7/site-packages/airflow/example_dags/example_local_kubernetes_executor.py
[2022-10-02T20:58:39.051+0000] {logging_mixin.py:117} INFO - [2022-10-02T20:58:39.051+0000] {dag.py:2573} INFO - Sync 1 DAGs
[2022-10-02T20:58:39.087+0000] {logging_mixin.py:117} INFO - [2022-10-02T20:58:39.087+0000] {dag.py:3328} INFO - Setting next_dagrun for example_local_kubernetes_executor to None, run_after=None
[2022-10-02T20:58:39.113+0000] {processor.py:178} INFO - Processing /home/airflow/.local/lib/python3.7/site-packages/airflow/example_dags/example_local_kubernetes_executor.py took 0.135 seconds
[2022-10-02T20:59:09.481+0000] {processor.py:156} INFO - Started process (PID=345) to work on /home/airflow/.local/lib/python3.7/site-packages/airflow/example_dags/example_local_kubernetes_executor.py
[2022-10-02T20:59:09.511+0000] {processor.py:758} INFO - Processing file /home/airflow/.local/lib/python3.7/site-packages/airflow/example_dags/example_local_kubernetes_executor.py for tasks to queue
[2022-10-02T20:59:09.545+0000] {logging_mixin.py:117} INFO - [2022-10-02T20:59:09.529+0000] {dagbag.py:525} INFO - Filling up the DagBag from /home/airflow/.local/lib/python3.7/site-packages/airflow/example_dags/example_local_kubernetes_executor.py
[2022-10-02T20:59:09.566+0000] {processor.py:768} INFO - DAG(s) dict_keys(['example_local_kubernetes_executor']) retrieved from /home/airflow/.local/lib/python3.7/site-packages/airflow/example_dags/example_local_kubernetes_executor.py
[2022-10-02T20:59:09.591+0000] {logging_mixin.py:117} INFO - [2022-10-02T20:59:09.591+0000] {dag.py:2573} INFO - Sync 1 DAGs
[2022-10-02T20:59:09.607+0000] {logging_mixin.py:117} INFO - [2022-10-02T20:59:09.606+0000] {dag.py:3328} INFO - Setting next_dagrun for example_local_kubernetes_executor to None, run_after=None
[2022-10-02T20:59:09.619+0000] {processor.py:178} INFO - Processing /home/airflow/.local/lib/python3.7/site-packages/airflow/example_dags/example_local_kubernetes_executor.py took 0.234 seconds
[2022-10-02T20:59:40.007+0000] {processor.py:156} INFO - Started process (PID=407) to work on /home/airflow/.local/lib/python3.7/site-packages/airflow/example_dags/example_local_kubernetes_executor.py
[2022-10-02T20:59:40.008+0000] {processor.py:758} INFO - Processing file /home/airflow/.local/lib/python3.7/site-packages/airflow/example_dags/example_local_kubernetes_executor.py for tasks to queue
[2022-10-02T20:59:40.009+0000] {logging_mixin.py:117} INFO - [2022-10-02T20:59:40.009+0000] {dagbag.py:525} INFO - Filling up the DagBag from /home/airflow/.local/lib/python3.7/site-packages/airflow/example_dags/example_local_kubernetes_executor.py
[2022-10-02T20:59:40.024+0000] {processor.py:768} INFO - DAG(s) dict_keys(['example_local_kubernetes_executor']) retrieved from /home/airflow/.local/lib/python3.7/site-packages/airflow/example_dags/example_local_kubernetes_executor.py
[2022-10-02T20:59:40.051+0000] {logging_mixin.py:117} INFO - [2022-10-02T20:59:40.051+0000] {dag.py:2573} INFO - Sync 1 DAGs
[2022-10-02T20:59:40.066+0000] {logging_mixin.py:117} INFO - [2022-10-02T20:59:40.066+0000] {dag.py:3328} INFO - Setting next_dagrun for example_local_kubernetes_executor to None, run_after=None
[2022-10-02T20:59:40.079+0000] {processor.py:178} INFO - Processing /home/airflow/.local/lib/python3.7/site-packages/airflow/example_dags/example_local_kubernetes_executor.py took 0.074 seconds
[2022-10-02T21:00:11.112+0000] {processor.py:156} INFO - Started process (PID=470) to work on /home/airflow/.local/lib/python3.7/site-packages/airflow/example_dags/example_local_kubernetes_executor.py
[2022-10-02T21:00:11.114+0000] {processor.py:758} INFO - Processing file /home/airflow/.local/lib/python3.7/site-packages/airflow/example_dags/example_local_kubernetes_executor.py for tasks to queue
[2022-10-02T21:00:11.115+0000] {logging_mixin.py:117} INFO - [2022-10-02T21:00:11.114+0000] {dagbag.py:525} INFO - Filling up the DagBag from /home/airflow/.local/lib/python3.7/site-packages/airflow/example_dags/example_local_kubernetes_executor.py
[2022-10-02T21:00:11.128+0000] {processor.py:768} INFO - DAG(s) dict_keys(['example_local_kubernetes_executor']) retrieved from /home/airflow/.local/lib/python3.7/site-packages/airflow/example_dags/example_local_kubernetes_executor.py
[2022-10-02T21:00:11.153+0000] {logging_mixin.py:117} INFO - [2022-10-02T21:00:11.152+0000] {dag.py:2573} INFO - Sync 1 DAGs
[2022-10-02T21:00:11.168+0000] {logging_mixin.py:117} INFO - [2022-10-02T21:00:11.168+0000] {dag.py:3328} INFO - Setting next_dagrun for example_local_kubernetes_executor to None, run_after=None
[2022-10-02T21:00:11.181+0000] {processor.py:178} INFO - Processing /home/airflow/.local/lib/python3.7/site-packages/airflow/example_dags/example_local_kubernetes_executor.py took 0.071 seconds
[2022-10-02T21:00:41.229+0000] {processor.py:156} INFO - Started process (PID=533) to work on /home/airflow/.local/lib/python3.7/site-packages/airflow/example_dags/example_local_kubernetes_executor.py
[2022-10-02T21:00:41.230+0000] {processor.py:758} INFO - Processing file /home/airflow/.local/lib/python3.7/site-packages/airflow/example_dags/example_local_kubernetes_executor.py for tasks to queue
[2022-10-02T21:00:41.231+0000] {logging_mixin.py:117} INFO - [2022-10-02T21:00:41.231+0000] {dagbag.py:525} INFO - Filling up the DagBag from /home/airflow/.local/lib/python3.7/site-packages/airflow/example_dags/example_local_kubernetes_executor.py
[2022-10-02T21:00:41.245+0000] {processor.py:768} INFO - DAG(s) dict_keys(['example_local_kubernetes_executor']) retrieved from /home/airflow/.local/lib/python3.7/site-packages/airflow/example_dags/example_local_kubernetes_executor.py
[2022-10-02T21:00:41.270+0000] {logging_mixin.py:117} INFO - [2022-10-02T21:00:41.270+0000] {dag.py:2573} INFO - Sync 1 DAGs
[2022-10-02T21:00:41.284+0000] {logging_mixin.py:117} INFO - [2022-10-02T21:00:41.284+0000] {dag.py:3328} INFO - Setting next_dagrun for example_local_kubernetes_executor to None, run_after=None
[2022-10-02T21:00:41.297+0000] {processor.py:178} INFO - Processing /home/airflow/.local/lib/python3.7/site-packages/airflow/example_dags/example_local_kubernetes_executor.py took 0.070 seconds
[2022-10-02T21:01:12.274+0000] {processor.py:156} INFO - Started process (PID=596) to work on /home/airflow/.local/lib/python3.7/site-packages/airflow/example_dags/example_local_kubernetes_executor.py
[2022-10-02T21:01:12.275+0000] {processor.py:758} INFO - Processing file /home/airflow/.local/lib/python3.7/site-packages/airflow/example_dags/example_local_kubernetes_executor.py for tasks to queue
[2022-10-02T21:01:12.276+0000] {logging_mixin.py:117} INFO - [2022-10-02T21:01:12.276+0000] {dagbag.py:525} INFO - Filling up the DagBag from /home/airflow/.local/lib/python3.7/site-packages/airflow/example_dags/example_local_kubernetes_executor.py
[2022-10-02T21:01:12.291+0000] {processor.py:768} INFO - DAG(s) dict_keys(['example_local_kubernetes_executor']) retrieved from /home/airflow/.local/lib/python3.7/site-packages/airflow/example_dags/example_local_kubernetes_executor.py
[2022-10-02T21:01:12.316+0000] {logging_mixin.py:117} INFO - [2022-10-02T21:01:12.316+0000] {dag.py:2573} INFO - Sync 1 DAGs
[2022-10-02T21:01:12.331+0000] {logging_mixin.py:117} INFO - [2022-10-02T21:01:12.331+0000] {dag.py:3328} INFO - Setting next_dagrun for example_local_kubernetes_executor to None, run_after=None
[2022-10-02T21:01:12.344+0000] {processor.py:178} INFO - Processing /home/airflow/.local/lib/python3.7/site-packages/airflow/example_dags/example_local_kubernetes_executor.py took 0.073 seconds
[2022-10-02T21:01:42.670+0000] {processor.py:156} INFO - Started process (PID=656) to work on /home/airflow/.local/lib/python3.7/site-packages/airflow/example_dags/example_local_kubernetes_executor.py
[2022-10-02T21:01:42.671+0000] {processor.py:758} INFO - Processing file /home/airflow/.local/lib/python3.7/site-packages/airflow/example_dags/example_local_kubernetes_executor.py for tasks to queue
[2022-10-02T21:01:42.674+0000] {logging_mixin.py:117} INFO - [2022-10-02T21:01:42.674+0000] {dagbag.py:525} INFO - Filling up the DagBag from /home/airflow/.local/lib/python3.7/site-packages/airflow/example_dags/example_local_kubernetes_executor.py
[2022-10-02T21:01:42.717+0000] {processor.py:768} INFO - DAG(s) dict_keys(['example_local_kubernetes_executor']) retrieved from /home/airflow/.local/lib/python3.7/site-packages/airflow/example_dags/example_local_kubernetes_executor.py
[2022-10-02T21:01:42.767+0000] {logging_mixin.py:117} INFO - [2022-10-02T21:01:42.767+0000] {dag.py:2573} INFO - Sync 1 DAGs
[2022-10-02T21:01:42.804+0000] {logging_mixin.py:117} INFO - [2022-10-02T21:01:42.804+0000] {dag.py:3328} INFO - Setting next_dagrun for example_local_kubernetes_executor to None, run_after=None
[2022-10-02T21:01:42.847+0000] {processor.py:178} INFO - Processing /home/airflow/.local/lib/python3.7/site-packages/airflow/example_dags/example_local_kubernetes_executor.py took 0.181 seconds
[2022-10-02T21:02:13.630+0000] {processor.py:156} INFO - Started process (PID=712) to work on /home/airflow/.local/lib/python3.7/site-packages/airflow/example_dags/example_local_kubernetes_executor.py
[2022-10-02T21:02:13.632+0000] {processor.py:758} INFO - Processing file /home/airflow/.local/lib/python3.7/site-packages/airflow/example_dags/example_local_kubernetes_executor.py for tasks to queue
[2022-10-02T21:02:13.634+0000] {logging_mixin.py:117} INFO - [2022-10-02T21:02:13.634+0000] {dagbag.py:525} INFO - Filling up the DagBag from /home/airflow/.local/lib/python3.7/site-packages/airflow/example_dags/example_local_kubernetes_executor.py
[2022-10-02T21:02:13.655+0000] {processor.py:768} INFO - DAG(s) dict_keys(['example_local_kubernetes_executor']) retrieved from /home/airflow/.local/lib/python3.7/site-packages/airflow/example_dags/example_local_kubernetes_executor.py
[2022-10-02T21:02:13.683+0000] {logging_mixin.py:117} INFO - [2022-10-02T21:02:13.683+0000] {dag.py:2573} INFO - Sync 1 DAGs
[2022-10-02T21:02:13.699+0000] {logging_mixin.py:117} INFO - [2022-10-02T21:02:13.698+0000] {dag.py:3328} INFO - Setting next_dagrun for example_local_kubernetes_executor to None, run_after=None
[2022-10-02T21:02:13.711+0000] {processor.py:178} INFO - Processing /home/airflow/.local/lib/python3.7/site-packages/airflow/example_dags/example_local_kubernetes_executor.py took 0.083 seconds
[2022-10-02T21:02:44.005+0000] {processor.py:156} INFO - Started process (PID=775) to work on /home/airflow/.local/lib/python3.7/site-packages/airflow/example_dags/example_local_kubernetes_executor.py
[2022-10-02T21:02:44.008+0000] {processor.py:758} INFO - Processing file /home/airflow/.local/lib/python3.7/site-packages/airflow/example_dags/example_local_kubernetes_executor.py for tasks to queue
[2022-10-02T21:02:44.013+0000] {logging_mixin.py:117} INFO - [2022-10-02T21:02:44.013+0000] {dagbag.py:525} INFO - Filling up the DagBag from /home/airflow/.local/lib/python3.7/site-packages/airflow/example_dags/example_local_kubernetes_executor.py
[2022-10-02T21:02:44.081+0000] {processor.py:768} INFO - DAG(s) dict_keys(['example_local_kubernetes_executor']) retrieved from /home/airflow/.local/lib/python3.7/site-packages/airflow/example_dags/example_local_kubernetes_executor.py
[2022-10-02T21:02:44.135+0000] {logging_mixin.py:117} INFO - [2022-10-02T21:02:44.135+0000] {dag.py:2573} INFO - Sync 1 DAGs
[2022-10-02T21:02:44.164+0000] {logging_mixin.py:117} INFO - [2022-10-02T21:02:44.164+0000] {dag.py:3328} INFO - Setting next_dagrun for example_local_kubernetes_executor to None, run_after=None
[2022-10-02T21:02:44.194+0000] {processor.py:178} INFO - Processing /home/airflow/.local/lib/python3.7/site-packages/airflow/example_dags/example_local_kubernetes_executor.py took 0.193 seconds
[2022-10-02T21:03:14.285+0000] {processor.py:156} INFO - Started process (PID=839) to work on /home/airflow/.local/lib/python3.7/site-packages/airflow/example_dags/example_local_kubernetes_executor.py
[2022-10-02T21:03:14.288+0000] {processor.py:758} INFO - Processing file /home/airflow/.local/lib/python3.7/site-packages/airflow/example_dags/example_local_kubernetes_executor.py for tasks to queue
[2022-10-02T21:03:14.289+0000] {logging_mixin.py:117} INFO - [2022-10-02T21:03:14.289+0000] {dagbag.py:525} INFO - Filling up the DagBag from /home/airflow/.local/lib/python3.7/site-packages/airflow/example_dags/example_local_kubernetes_executor.py
[2022-10-02T21:03:14.306+0000] {processor.py:768} INFO - DAG(s) dict_keys(['example_local_kubernetes_executor']) retrieved from /home/airflow/.local/lib/python3.7/site-packages/airflow/example_dags/example_local_kubernetes_executor.py
[2022-10-02T21:03:14.332+0000] {logging_mixin.py:117} INFO - [2022-10-02T21:03:14.332+0000] {dag.py:2573} INFO - Sync 1 DAGs
[2022-10-02T21:03:14.346+0000] {logging_mixin.py:117} INFO - [2022-10-02T21:03:14.346+0000] {dag.py:3328} INFO - Setting next_dagrun for example_local_kubernetes_executor to None, run_after=None
[2022-10-02T21:03:14.373+0000] {processor.py:178} INFO - Processing /home/airflow/.local/lib/python3.7/site-packages/airflow/example_dags/example_local_kubernetes_executor.py took 0.091 seconds
[2022-10-02T21:03:44.975+0000] {processor.py:156} INFO - Started process (PID=901) to work on /home/airflow/.local/lib/python3.7/site-packages/airflow/example_dags/example_local_kubernetes_executor.py
[2022-10-02T21:03:44.977+0000] {processor.py:758} INFO - Processing file /home/airflow/.local/lib/python3.7/site-packages/airflow/example_dags/example_local_kubernetes_executor.py for tasks to queue
[2022-10-02T21:03:44.979+0000] {logging_mixin.py:117} INFO - [2022-10-02T21:03:44.979+0000] {dagbag.py:525} INFO - Filling up the DagBag from /home/airflow/.local/lib/python3.7/site-packages/airflow/example_dags/example_local_kubernetes_executor.py
[2022-10-02T21:03:44.999+0000] {processor.py:768} INFO - DAG(s) dict_keys(['example_local_kubernetes_executor']) retrieved from /home/airflow/.local/lib/python3.7/site-packages/airflow/example_dags/example_local_kubernetes_executor.py
[2022-10-02T21:03:45.030+0000] {logging_mixin.py:117} INFO - [2022-10-02T21:03:45.030+0000] {dag.py:2573} INFO - Sync 1 DAGs
[2022-10-02T21:03:45.047+0000] {logging_mixin.py:117} INFO - [2022-10-02T21:03:45.046+0000] {dag.py:3328} INFO - Setting next_dagrun for example_local_kubernetes_executor to None, run_after=None
[2022-10-02T21:03:45.060+0000] {processor.py:178} INFO - Processing /home/airflow/.local/lib/python3.7/site-packages/airflow/example_dags/example_local_kubernetes_executor.py took 0.088 seconds
[2022-10-02T21:04:15.563+0000] {processor.py:156} INFO - Started process (PID=954) to work on /home/airflow/.local/lib/python3.7/site-packages/airflow/example_dags/example_local_kubernetes_executor.py
[2022-10-02T21:04:15.565+0000] {processor.py:758} INFO - Processing file /home/airflow/.local/lib/python3.7/site-packages/airflow/example_dags/example_local_kubernetes_executor.py for tasks to queue
[2022-10-02T21:04:15.566+0000] {logging_mixin.py:117} INFO - [2022-10-02T21:04:15.566+0000] {dagbag.py:525} INFO - Filling up the DagBag from /home/airflow/.local/lib/python3.7/site-packages/airflow/example_dags/example_local_kubernetes_executor.py
[2022-10-02T21:04:15.585+0000] {processor.py:768} INFO - DAG(s) dict_keys(['example_local_kubernetes_executor']) retrieved from /home/airflow/.local/lib/python3.7/site-packages/airflow/example_dags/example_local_kubernetes_executor.py
[2022-10-02T21:04:15.628+0000] {logging_mixin.py:117} INFO - [2022-10-02T21:04:15.628+0000] {dag.py:2573} INFO - Sync 1 DAGs
[2022-10-02T21:04:15.649+0000] {logging_mixin.py:117} INFO - [2022-10-02T21:04:15.649+0000] {dag.py:3328} INFO - Setting next_dagrun for example_local_kubernetes_executor to None, run_after=None
[2022-10-02T21:04:15.666+0000] {processor.py:178} INFO - Processing /home/airflow/.local/lib/python3.7/site-packages/airflow/example_dags/example_local_kubernetes_executor.py took 0.105 seconds
[2022-10-02T21:05:08.533+0000] {processor.py:156} INFO - Started process (PID=38) to work on /home/airflow/.local/lib/python3.7/site-packages/airflow/example_dags/example_local_kubernetes_executor.py
[2022-10-02T21:05:08.535+0000] {processor.py:758} INFO - Processing file /home/airflow/.local/lib/python3.7/site-packages/airflow/example_dags/example_local_kubernetes_executor.py for tasks to queue
[2022-10-02T21:05:08.537+0000] {logging_mixin.py:117} INFO - [2022-10-02T21:05:08.536+0000] {dagbag.py:525} INFO - Filling up the DagBag from /home/airflow/.local/lib/python3.7/site-packages/airflow/example_dags/example_local_kubernetes_executor.py
[2022-10-02T21:05:08.558+0000] {processor.py:768} INFO - DAG(s) dict_keys(['example_local_kubernetes_executor']) retrieved from /home/airflow/.local/lib/python3.7/site-packages/airflow/example_dags/example_local_kubernetes_executor.py
[2022-10-02T21:05:08.580+0000] {logging_mixin.py:117} INFO - [2022-10-02T21:05:08.580+0000] {dag.py:2573} INFO - Sync 1 DAGs
[2022-10-02T21:05:08.606+0000] {logging_mixin.py:117} INFO - [2022-10-02T21:05:08.606+0000] {dag.py:3328} INFO - Setting next_dagrun for example_local_kubernetes_executor to None, run_after=None
[2022-10-02T21:05:08.624+0000] {processor.py:178} INFO - Processing /home/airflow/.local/lib/python3.7/site-packages/airflow/example_dags/example_local_kubernetes_executor.py took 0.093 seconds
[2022-10-02T21:05:39.540+0000] {processor.py:156} INFO - Started process (PID=102) to work on /home/airflow/.local/lib/python3.7/site-packages/airflow/example_dags/example_local_kubernetes_executor.py
[2022-10-02T21:05:39.541+0000] {processor.py:758} INFO - Processing file /home/airflow/.local/lib/python3.7/site-packages/airflow/example_dags/example_local_kubernetes_executor.py for tasks to queue
[2022-10-02T21:05:39.542+0000] {logging_mixin.py:117} INFO - [2022-10-02T21:05:39.542+0000] {dagbag.py:525} INFO - Filling up the DagBag from /home/airflow/.local/lib/python3.7/site-packages/airflow/example_dags/example_local_kubernetes_executor.py
[2022-10-02T21:05:39.559+0000] {processor.py:768} INFO - DAG(s) dict_keys(['example_local_kubernetes_executor']) retrieved from /home/airflow/.local/lib/python3.7/site-packages/airflow/example_dags/example_local_kubernetes_executor.py
[2022-10-02T21:05:39.584+0000] {logging_mixin.py:117} INFO - [2022-10-02T21:05:39.584+0000] {dag.py:2573} INFO - Sync 1 DAGs
[2022-10-02T21:05:39.599+0000] {logging_mixin.py:117} INFO - [2022-10-02T21:05:39.599+0000] {dag.py:3328} INFO - Setting next_dagrun for example_local_kubernetes_executor to None, run_after=None
[2022-10-02T21:05:39.611+0000] {processor.py:178} INFO - Processing /home/airflow/.local/lib/python3.7/site-packages/airflow/example_dags/example_local_kubernetes_executor.py took 0.073 seconds
[2022-10-02T21:06:09.743+0000] {processor.py:156} INFO - Started process (PID=167) to work on /home/airflow/.local/lib/python3.7/site-packages/airflow/example_dags/example_local_kubernetes_executor.py
[2022-10-02T21:06:09.745+0000] {processor.py:758} INFO - Processing file /home/airflow/.local/lib/python3.7/site-packages/airflow/example_dags/example_local_kubernetes_executor.py for tasks to queue
[2022-10-02T21:06:09.746+0000] {logging_mixin.py:117} INFO - [2022-10-02T21:06:09.746+0000] {dagbag.py:525} INFO - Filling up the DagBag from /home/airflow/.local/lib/python3.7/site-packages/airflow/example_dags/example_local_kubernetes_executor.py
[2022-10-02T21:06:09.763+0000] {processor.py:768} INFO - DAG(s) dict_keys(['example_local_kubernetes_executor']) retrieved from /home/airflow/.local/lib/python3.7/site-packages/airflow/example_dags/example_local_kubernetes_executor.py
[2022-10-02T21:06:09.788+0000] {logging_mixin.py:117} INFO - [2022-10-02T21:06:09.788+0000] {dag.py:2573} INFO - Sync 1 DAGs
[2022-10-02T21:06:09.803+0000] {logging_mixin.py:117} INFO - [2022-10-02T21:06:09.803+0000] {dag.py:3328} INFO - Setting next_dagrun for example_local_kubernetes_executor to None, run_after=None
[2022-10-02T21:06:09.816+0000] {processor.py:178} INFO - Processing /home/airflow/.local/lib/python3.7/site-packages/airflow/example_dags/example_local_kubernetes_executor.py took 0.075 seconds
[2022-10-02T21:06:39.947+0000] {processor.py:156} INFO - Started process (PID=230) to work on /home/airflow/.local/lib/python3.7/site-packages/airflow/example_dags/example_local_kubernetes_executor.py
[2022-10-02T21:06:39.950+0000] {processor.py:758} INFO - Processing file /home/airflow/.local/lib/python3.7/site-packages/airflow/example_dags/example_local_kubernetes_executor.py for tasks to queue
[2022-10-02T21:06:39.953+0000] {logging_mixin.py:117} INFO - [2022-10-02T21:06:39.953+0000] {dagbag.py:525} INFO - Filling up the DagBag from /home/airflow/.local/lib/python3.7/site-packages/airflow/example_dags/example_local_kubernetes_executor.py
[2022-10-02T21:06:39.968+0000] {processor.py:768} INFO - DAG(s) dict_keys(['example_local_kubernetes_executor']) retrieved from /home/airflow/.local/lib/python3.7/site-packages/airflow/example_dags/example_local_kubernetes_executor.py
[2022-10-02T21:06:39.993+0000] {logging_mixin.py:117} INFO - [2022-10-02T21:06:39.993+0000] {dag.py:2573} INFO - Sync 1 DAGs
[2022-10-02T21:06:40.009+0000] {logging_mixin.py:117} INFO - [2022-10-02T21:06:40.009+0000] {dag.py:3328} INFO - Setting next_dagrun for example_local_kubernetes_executor to None, run_after=None
[2022-10-02T21:06:40.022+0000] {processor.py:178} INFO - Processing /home/airflow/.local/lib/python3.7/site-packages/airflow/example_dags/example_local_kubernetes_executor.py took 0.081 seconds
[2022-10-02T21:07:10.175+0000] {processor.py:156} INFO - Started process (PID=285) to work on /home/airflow/.local/lib/python3.7/site-packages/airflow/example_dags/example_local_kubernetes_executor.py
[2022-10-02T21:07:10.176+0000] {processor.py:758} INFO - Processing file /home/airflow/.local/lib/python3.7/site-packages/airflow/example_dags/example_local_kubernetes_executor.py for tasks to queue
[2022-10-02T21:07:10.177+0000] {logging_mixin.py:117} INFO - [2022-10-02T21:07:10.177+0000] {dagbag.py:525} INFO - Filling up the DagBag from /home/airflow/.local/lib/python3.7/site-packages/airflow/example_dags/example_local_kubernetes_executor.py
[2022-10-02T21:07:10.193+0000] {processor.py:768} INFO - DAG(s) dict_keys(['example_local_kubernetes_executor']) retrieved from /home/airflow/.local/lib/python3.7/site-packages/airflow/example_dags/example_local_kubernetes_executor.py
[2022-10-02T21:07:10.219+0000] {logging_mixin.py:117} INFO - [2022-10-02T21:07:10.219+0000] {dag.py:2573} INFO - Sync 1 DAGs
[2022-10-02T21:07:10.234+0000] {logging_mixin.py:117} INFO - [2022-10-02T21:07:10.233+0000] {dag.py:3328} INFO - Setting next_dagrun for example_local_kubernetes_executor to None, run_after=None
[2022-10-02T21:07:10.246+0000] {processor.py:178} INFO - Processing /home/airflow/.local/lib/python3.7/site-packages/airflow/example_dags/example_local_kubernetes_executor.py took 0.073 seconds
[2022-10-02T21:07:40.837+0000] {processor.py:156} INFO - Started process (PID=347) to work on /home/airflow/.local/lib/python3.7/site-packages/airflow/example_dags/example_local_kubernetes_executor.py
[2022-10-02T21:07:40.839+0000] {processor.py:758} INFO - Processing file /home/airflow/.local/lib/python3.7/site-packages/airflow/example_dags/example_local_kubernetes_executor.py for tasks to queue
[2022-10-02T21:07:40.840+0000] {logging_mixin.py:117} INFO - [2022-10-02T21:07:40.840+0000] {dagbag.py:525} INFO - Filling up the DagBag from /home/airflow/.local/lib/python3.7/site-packages/airflow/example_dags/example_local_kubernetes_executor.py
[2022-10-02T21:07:40.858+0000] {processor.py:768} INFO - DAG(s) dict_keys(['example_local_kubernetes_executor']) retrieved from /home/airflow/.local/lib/python3.7/site-packages/airflow/example_dags/example_local_kubernetes_executor.py
[2022-10-02T21:07:40.883+0000] {logging_mixin.py:117} INFO - [2022-10-02T21:07:40.883+0000] {dag.py:2573} INFO - Sync 1 DAGs
[2022-10-02T21:07:40.898+0000] {logging_mixin.py:117} INFO - [2022-10-02T21:07:40.898+0000] {dag.py:3328} INFO - Setting next_dagrun for example_local_kubernetes_executor to None, run_after=None
[2022-10-02T21:07:40.910+0000] {processor.py:178} INFO - Processing /home/airflow/.local/lib/python3.7/site-packages/airflow/example_dags/example_local_kubernetes_executor.py took 0.075 seconds
[2022-10-02T21:08:11.078+0000] {processor.py:156} INFO - Started process (PID=410) to work on /home/airflow/.local/lib/python3.7/site-packages/airflow/example_dags/example_local_kubernetes_executor.py
[2022-10-02T21:08:11.080+0000] {processor.py:758} INFO - Processing file /home/airflow/.local/lib/python3.7/site-packages/airflow/example_dags/example_local_kubernetes_executor.py for tasks to queue
[2022-10-02T21:08:11.081+0000] {logging_mixin.py:117} INFO - [2022-10-02T21:08:11.081+0000] {dagbag.py:525} INFO - Filling up the DagBag from /home/airflow/.local/lib/python3.7/site-packages/airflow/example_dags/example_local_kubernetes_executor.py
[2022-10-02T21:08:11.097+0000] {processor.py:768} INFO - DAG(s) dict_keys(['example_local_kubernetes_executor']) retrieved from /home/airflow/.local/lib/python3.7/site-packages/airflow/example_dags/example_local_kubernetes_executor.py
[2022-10-02T21:08:11.124+0000] {logging_mixin.py:117} INFO - [2022-10-02T21:08:11.124+0000] {dag.py:2573} INFO - Sync 1 DAGs
[2022-10-02T21:08:11.138+0000] {logging_mixin.py:117} INFO - [2022-10-02T21:08:11.138+0000] {dag.py:3328} INFO - Setting next_dagrun for example_local_kubernetes_executor to None, run_after=None
[2022-10-02T21:08:11.151+0000] {processor.py:178} INFO - Processing /home/airflow/.local/lib/python3.7/site-packages/airflow/example_dags/example_local_kubernetes_executor.py took 0.075 seconds
[2022-10-02T21:08:41.316+0000] {processor.py:156} INFO - Started process (PID=473) to work on /home/airflow/.local/lib/python3.7/site-packages/airflow/example_dags/example_local_kubernetes_executor.py
[2022-10-02T21:08:41.317+0000] {processor.py:758} INFO - Processing file /home/airflow/.local/lib/python3.7/site-packages/airflow/example_dags/example_local_kubernetes_executor.py for tasks to queue
[2022-10-02T21:08:41.318+0000] {logging_mixin.py:117} INFO - [2022-10-02T21:08:41.318+0000] {dagbag.py:525} INFO - Filling up the DagBag from /home/airflow/.local/lib/python3.7/site-packages/airflow/example_dags/example_local_kubernetes_executor.py
[2022-10-02T21:08:41.332+0000] {processor.py:768} INFO - DAG(s) dict_keys(['example_local_kubernetes_executor']) retrieved from /home/airflow/.local/lib/python3.7/site-packages/airflow/example_dags/example_local_kubernetes_executor.py
[2022-10-02T21:08:41.354+0000] {logging_mixin.py:117} INFO - [2022-10-02T21:08:41.354+0000] {dag.py:2573} INFO - Sync 1 DAGs
[2022-10-02T21:08:41.370+0000] {logging_mixin.py:117} INFO - [2022-10-02T21:08:41.369+0000] {dag.py:3328} INFO - Setting next_dagrun for example_local_kubernetes_executor to None, run_after=None
[2022-10-02T21:08:41.381+0000] {processor.py:178} INFO - Processing /home/airflow/.local/lib/python3.7/site-packages/airflow/example_dags/example_local_kubernetes_executor.py took 0.068 seconds
[2022-10-02T21:09:11.438+0000] {processor.py:156} INFO - Started process (PID=536) to work on /home/airflow/.local/lib/python3.7/site-packages/airflow/example_dags/example_local_kubernetes_executor.py
[2022-10-02T21:09:11.440+0000] {processor.py:758} INFO - Processing file /home/airflow/.local/lib/python3.7/site-packages/airflow/example_dags/example_local_kubernetes_executor.py for tasks to queue
[2022-10-02T21:09:11.443+0000] {logging_mixin.py:117} INFO - [2022-10-02T21:09:11.443+0000] {dagbag.py:525} INFO - Filling up the DagBag from /home/airflow/.local/lib/python3.7/site-packages/airflow/example_dags/example_local_kubernetes_executor.py
[2022-10-02T21:09:11.458+0000] {processor.py:768} INFO - DAG(s) dict_keys(['example_local_kubernetes_executor']) retrieved from /home/airflow/.local/lib/python3.7/site-packages/airflow/example_dags/example_local_kubernetes_executor.py
[2022-10-02T21:09:11.480+0000] {logging_mixin.py:117} INFO - [2022-10-02T21:09:11.479+0000] {dag.py:2573} INFO - Sync 1 DAGs
[2022-10-02T21:09:11.494+0000] {logging_mixin.py:117} INFO - [2022-10-02T21:09:11.494+0000] {dag.py:3328} INFO - Setting next_dagrun for example_local_kubernetes_executor to None, run_after=None
[2022-10-02T21:09:11.506+0000] {processor.py:178} INFO - Processing /home/airflow/.local/lib/python3.7/site-packages/airflow/example_dags/example_local_kubernetes_executor.py took 0.071 seconds
[2022-10-02T21:09:41.792+0000] {processor.py:156} INFO - Started process (PID=590) to work on /home/airflow/.local/lib/python3.7/site-packages/airflow/example_dags/example_local_kubernetes_executor.py
[2022-10-02T21:09:41.793+0000] {processor.py:758} INFO - Processing file /home/airflow/.local/lib/python3.7/site-packages/airflow/example_dags/example_local_kubernetes_executor.py for tasks to queue
[2022-10-02T21:09:41.794+0000] {logging_mixin.py:117} INFO - [2022-10-02T21:09:41.794+0000] {dagbag.py:525} INFO - Filling up the DagBag from /home/airflow/.local/lib/python3.7/site-packages/airflow/example_dags/example_local_kubernetes_executor.py
[2022-10-02T21:09:41.808+0000] {processor.py:768} INFO - DAG(s) dict_keys(['example_local_kubernetes_executor']) retrieved from /home/airflow/.local/lib/python3.7/site-packages/airflow/example_dags/example_local_kubernetes_executor.py
[2022-10-02T21:09:41.831+0000] {logging_mixin.py:117} INFO - [2022-10-02T21:09:41.831+0000] {dag.py:2573} INFO - Sync 1 DAGs
[2022-10-02T21:09:41.845+0000] {logging_mixin.py:117} INFO - [2022-10-02T21:09:41.845+0000] {dag.py:3328} INFO - Setting next_dagrun for example_local_kubernetes_executor to None, run_after=None
[2022-10-02T21:09:41.856+0000] {processor.py:178} INFO - Processing /home/airflow/.local/lib/python3.7/site-packages/airflow/example_dags/example_local_kubernetes_executor.py took 0.067 seconds
[2022-10-02T21:10:11.968+0000] {processor.py:156} INFO - Started process (PID=653) to work on /home/airflow/.local/lib/python3.7/site-packages/airflow/example_dags/example_local_kubernetes_executor.py
[2022-10-02T21:10:11.969+0000] {processor.py:758} INFO - Processing file /home/airflow/.local/lib/python3.7/site-packages/airflow/example_dags/example_local_kubernetes_executor.py for tasks to queue
[2022-10-02T21:10:11.971+0000] {logging_mixin.py:117} INFO - [2022-10-02T21:10:11.970+0000] {dagbag.py:525} INFO - Filling up the DagBag from /home/airflow/.local/lib/python3.7/site-packages/airflow/example_dags/example_local_kubernetes_executor.py
[2022-10-02T21:10:11.987+0000] {processor.py:768} INFO - DAG(s) dict_keys(['example_local_kubernetes_executor']) retrieved from /home/airflow/.local/lib/python3.7/site-packages/airflow/example_dags/example_local_kubernetes_executor.py
[2022-10-02T21:10:12.017+0000] {logging_mixin.py:117} INFO - [2022-10-02T21:10:12.017+0000] {dag.py:2573} INFO - Sync 1 DAGs
[2022-10-02T21:10:12.032+0000] {logging_mixin.py:117} INFO - [2022-10-02T21:10:12.032+0000] {dag.py:3328} INFO - Setting next_dagrun for example_local_kubernetes_executor to None, run_after=None
[2022-10-02T21:10:12.045+0000] {processor.py:178} INFO - Processing /home/airflow/.local/lib/python3.7/site-packages/airflow/example_dags/example_local_kubernetes_executor.py took 0.080 seconds
[2022-10-02T21:10:42.125+0000] {processor.py:156} INFO - Started process (PID=715) to work on /home/airflow/.local/lib/python3.7/site-packages/airflow/example_dags/example_local_kubernetes_executor.py
[2022-10-02T21:10:42.127+0000] {processor.py:758} INFO - Processing file /home/airflow/.local/lib/python3.7/site-packages/airflow/example_dags/example_local_kubernetes_executor.py for tasks to queue
[2022-10-02T21:10:42.128+0000] {logging_mixin.py:117} INFO - [2022-10-02T21:10:42.128+0000] {dagbag.py:525} INFO - Filling up the DagBag from /home/airflow/.local/lib/python3.7/site-packages/airflow/example_dags/example_local_kubernetes_executor.py
[2022-10-02T21:10:42.143+0000] {processor.py:768} INFO - DAG(s) dict_keys(['example_local_kubernetes_executor']) retrieved from /home/airflow/.local/lib/python3.7/site-packages/airflow/example_dags/example_local_kubernetes_executor.py
[2022-10-02T21:10:42.169+0000] {logging_mixin.py:117} INFO - [2022-10-02T21:10:42.169+0000] {dag.py:2573} INFO - Sync 1 DAGs
[2022-10-02T21:10:42.184+0000] {logging_mixin.py:117} INFO - [2022-10-02T21:10:42.184+0000] {dag.py:3328} INFO - Setting next_dagrun for example_local_kubernetes_executor to None, run_after=None
[2022-10-02T21:10:42.196+0000] {processor.py:178} INFO - Processing /home/airflow/.local/lib/python3.7/site-packages/airflow/example_dags/example_local_kubernetes_executor.py took 0.073 seconds
[2022-10-02T21:11:12.383+0000] {processor.py:156} INFO - Started process (PID=778) to work on /home/airflow/.local/lib/python3.7/site-packages/airflow/example_dags/example_local_kubernetes_executor.py
[2022-10-02T21:11:12.384+0000] {processor.py:758} INFO - Processing file /home/airflow/.local/lib/python3.7/site-packages/airflow/example_dags/example_local_kubernetes_executor.py for tasks to queue
[2022-10-02T21:11:12.385+0000] {logging_mixin.py:117} INFO - [2022-10-02T21:11:12.385+0000] {dagbag.py:525} INFO - Filling up the DagBag from /home/airflow/.local/lib/python3.7/site-packages/airflow/example_dags/example_local_kubernetes_executor.py
[2022-10-02T21:11:12.399+0000] {processor.py:768} INFO - DAG(s) dict_keys(['example_local_kubernetes_executor']) retrieved from /home/airflow/.local/lib/python3.7/site-packages/airflow/example_dags/example_local_kubernetes_executor.py
[2022-10-02T21:11:12.423+0000] {logging_mixin.py:117} INFO - [2022-10-02T21:11:12.423+0000] {dag.py:2573} INFO - Sync 1 DAGs
[2022-10-02T21:11:12.437+0000] {logging_mixin.py:117} INFO - [2022-10-02T21:11:12.437+0000] {dag.py:3328} INFO - Setting next_dagrun for example_local_kubernetes_executor to None, run_after=None
[2022-10-02T21:11:12.449+0000] {processor.py:178} INFO - Processing /home/airflow/.local/lib/python3.7/site-packages/airflow/example_dags/example_local_kubernetes_executor.py took 0.068 seconds
[2022-10-02T21:11:42.770+0000] {processor.py:156} INFO - Started process (PID=840) to work on /home/airflow/.local/lib/python3.7/site-packages/airflow/example_dags/example_local_kubernetes_executor.py
[2022-10-02T21:11:42.771+0000] {processor.py:758} INFO - Processing file /home/airflow/.local/lib/python3.7/site-packages/airflow/example_dags/example_local_kubernetes_executor.py for tasks to queue
[2022-10-02T21:11:42.773+0000] {logging_mixin.py:117} INFO - [2022-10-02T21:11:42.773+0000] {dagbag.py:525} INFO - Filling up the DagBag from /home/airflow/.local/lib/python3.7/site-packages/airflow/example_dags/example_local_kubernetes_executor.py
[2022-10-02T21:11:42.790+0000] {processor.py:768} INFO - DAG(s) dict_keys(['example_local_kubernetes_executor']) retrieved from /home/airflow/.local/lib/python3.7/site-packages/airflow/example_dags/example_local_kubernetes_executor.py
[2022-10-02T21:11:42.819+0000] {logging_mixin.py:117} INFO - [2022-10-02T21:11:42.819+0000] {dag.py:2573} INFO - Sync 1 DAGs
[2022-10-02T21:11:42.842+0000] {logging_mixin.py:117} INFO - [2022-10-02T21:11:42.842+0000] {dag.py:3328} INFO - Setting next_dagrun for example_local_kubernetes_executor to None, run_after=None
[2022-10-02T21:11:42.856+0000] {processor.py:178} INFO - Processing /home/airflow/.local/lib/python3.7/site-packages/airflow/example_dags/example_local_kubernetes_executor.py took 0.090 seconds
[2022-10-02T21:12:13.297+0000] {processor.py:156} INFO - Started process (PID=904) to work on /home/airflow/.local/lib/python3.7/site-packages/airflow/example_dags/example_local_kubernetes_executor.py
[2022-10-02T21:12:13.299+0000] {processor.py:758} INFO - Processing file /home/airflow/.local/lib/python3.7/site-packages/airflow/example_dags/example_local_kubernetes_executor.py for tasks to queue
[2022-10-02T21:12:13.300+0000] {logging_mixin.py:117} INFO - [2022-10-02T21:12:13.300+0000] {dagbag.py:525} INFO - Filling up the DagBag from /home/airflow/.local/lib/python3.7/site-packages/airflow/example_dags/example_local_kubernetes_executor.py
[2022-10-02T21:12:13.316+0000] {processor.py:768} INFO - DAG(s) dict_keys(['example_local_kubernetes_executor']) retrieved from /home/airflow/.local/lib/python3.7/site-packages/airflow/example_dags/example_local_kubernetes_executor.py
[2022-10-02T21:12:13.347+0000] {logging_mixin.py:117} INFO - [2022-10-02T21:12:13.347+0000] {dag.py:2573} INFO - Sync 1 DAGs
[2022-10-02T21:12:13.364+0000] {logging_mixin.py:117} INFO - [2022-10-02T21:12:13.364+0000] {dag.py:3328} INFO - Setting next_dagrun for example_local_kubernetes_executor to None, run_after=None
[2022-10-02T21:12:13.379+0000] {processor.py:178} INFO - Processing /home/airflow/.local/lib/python3.7/site-packages/airflow/example_dags/example_local_kubernetes_executor.py took 0.085 seconds
[2022-10-02T21:12:43.553+0000] {processor.py:156} INFO - Started process (PID=958) to work on /home/airflow/.local/lib/python3.7/site-packages/airflow/example_dags/example_local_kubernetes_executor.py
[2022-10-02T21:12:43.554+0000] {processor.py:758} INFO - Processing file /home/airflow/.local/lib/python3.7/site-packages/airflow/example_dags/example_local_kubernetes_executor.py for tasks to queue
[2022-10-02T21:12:43.555+0000] {logging_mixin.py:117} INFO - [2022-10-02T21:12:43.555+0000] {dagbag.py:525} INFO - Filling up the DagBag from /home/airflow/.local/lib/python3.7/site-packages/airflow/example_dags/example_local_kubernetes_executor.py
[2022-10-02T21:12:43.568+0000] {processor.py:768} INFO - DAG(s) dict_keys(['example_local_kubernetes_executor']) retrieved from /home/airflow/.local/lib/python3.7/site-packages/airflow/example_dags/example_local_kubernetes_executor.py
[2022-10-02T21:12:43.597+0000] {logging_mixin.py:117} INFO - [2022-10-02T21:12:43.597+0000] {dag.py:2573} INFO - Sync 1 DAGs
[2022-10-02T21:12:43.612+0000] {logging_mixin.py:117} INFO - [2022-10-02T21:12:43.612+0000] {dag.py:3328} INFO - Setting next_dagrun for example_local_kubernetes_executor to None, run_after=None
[2022-10-02T21:12:43.624+0000] {processor.py:178} INFO - Processing /home/airflow/.local/lib/python3.7/site-packages/airflow/example_dags/example_local_kubernetes_executor.py took 0.073 seconds
[2022-10-02T21:13:13.818+0000] {processor.py:156} INFO - Started process (PID=1020) to work on /home/airflow/.local/lib/python3.7/site-packages/airflow/example_dags/example_local_kubernetes_executor.py
[2022-10-02T21:13:13.819+0000] {processor.py:758} INFO - Processing file /home/airflow/.local/lib/python3.7/site-packages/airflow/example_dags/example_local_kubernetes_executor.py for tasks to queue
[2022-10-02T21:13:13.820+0000] {logging_mixin.py:117} INFO - [2022-10-02T21:13:13.820+0000] {dagbag.py:525} INFO - Filling up the DagBag from /home/airflow/.local/lib/python3.7/site-packages/airflow/example_dags/example_local_kubernetes_executor.py
[2022-10-02T21:13:13.834+0000] {processor.py:768} INFO - DAG(s) dict_keys(['example_local_kubernetes_executor']) retrieved from /home/airflow/.local/lib/python3.7/site-packages/airflow/example_dags/example_local_kubernetes_executor.py
[2022-10-02T21:13:13.857+0000] {logging_mixin.py:117} INFO - [2022-10-02T21:13:13.857+0000] {dag.py:2573} INFO - Sync 1 DAGs
[2022-10-02T21:13:13.872+0000] {logging_mixin.py:117} INFO - [2022-10-02T21:13:13.871+0000] {dag.py:3328} INFO - Setting next_dagrun for example_local_kubernetes_executor to None, run_after=None
[2022-10-02T21:13:13.885+0000] {processor.py:178} INFO - Processing /home/airflow/.local/lib/python3.7/site-packages/airflow/example_dags/example_local_kubernetes_executor.py took 0.069 seconds
[2022-10-02T21:14:56.232+0000] {processor.py:156} INFO - Started process (PID=47) to work on /home/airflow/.local/lib/python3.7/site-packages/airflow/example_dags/example_local_kubernetes_executor.py
[2022-10-02T21:14:56.245+0000] {processor.py:758} INFO - Processing file /home/airflow/.local/lib/python3.7/site-packages/airflow/example_dags/example_local_kubernetes_executor.py for tasks to queue
[2022-10-02T21:14:56.252+0000] {logging_mixin.py:117} INFO - [2022-10-02T21:14:56.252+0000] {dagbag.py:525} INFO - Filling up the DagBag from /home/airflow/.local/lib/python3.7/site-packages/airflow/example_dags/example_local_kubernetes_executor.py
[2022-10-02T21:14:56.345+0000] {processor.py:768} INFO - DAG(s) dict_keys(['example_local_kubernetes_executor']) retrieved from /home/airflow/.local/lib/python3.7/site-packages/airflow/example_dags/example_local_kubernetes_executor.py
[2022-10-02T21:14:56.405+0000] {logging_mixin.py:117} INFO - [2022-10-02T21:14:56.404+0000] {dag.py:2573} INFO - Sync 1 DAGs
[2022-10-02T21:14:56.566+0000] {logging_mixin.py:117} INFO - [2022-10-02T21:14:56.566+0000] {dag.py:3328} INFO - Setting next_dagrun for example_local_kubernetes_executor to None, run_after=None
[2022-10-02T21:14:56.609+0000] {processor.py:178} INFO - Processing /home/airflow/.local/lib/python3.7/site-packages/airflow/example_dags/example_local_kubernetes_executor.py took 0.384 seconds
[2022-10-02T21:15:26.905+0000] {processor.py:156} INFO - Started process (PID=102) to work on /home/airflow/.local/lib/python3.7/site-packages/airflow/example_dags/example_local_kubernetes_executor.py
[2022-10-02T21:15:26.906+0000] {processor.py:758} INFO - Processing file /home/airflow/.local/lib/python3.7/site-packages/airflow/example_dags/example_local_kubernetes_executor.py for tasks to queue
[2022-10-02T21:15:26.908+0000] {logging_mixin.py:117} INFO - [2022-10-02T21:15:26.908+0000] {dagbag.py:525} INFO - Filling up the DagBag from /home/airflow/.local/lib/python3.7/site-packages/airflow/example_dags/example_local_kubernetes_executor.py
[2022-10-02T21:15:26.925+0000] {processor.py:768} INFO - DAG(s) dict_keys(['example_local_kubernetes_executor']) retrieved from /home/airflow/.local/lib/python3.7/site-packages/airflow/example_dags/example_local_kubernetes_executor.py
[2022-10-02T21:15:26.956+0000] {logging_mixin.py:117} INFO - [2022-10-02T21:15:26.956+0000] {dag.py:2573} INFO - Sync 1 DAGs
[2022-10-02T21:15:26.973+0000] {logging_mixin.py:117} INFO - [2022-10-02T21:15:26.973+0000] {dag.py:3328} INFO - Setting next_dagrun for example_local_kubernetes_executor to None, run_after=None
[2022-10-02T21:15:27.004+0000] {processor.py:178} INFO - Processing /home/airflow/.local/lib/python3.7/site-packages/airflow/example_dags/example_local_kubernetes_executor.py took 0.101 seconds
[2022-10-02T21:15:57.269+0000] {processor.py:156} INFO - Started process (PID=165) to work on /home/airflow/.local/lib/python3.7/site-packages/airflow/example_dags/example_local_kubernetes_executor.py
[2022-10-02T21:15:57.272+0000] {processor.py:758} INFO - Processing file /home/airflow/.local/lib/python3.7/site-packages/airflow/example_dags/example_local_kubernetes_executor.py for tasks to queue
[2022-10-02T21:15:57.274+0000] {logging_mixin.py:117} INFO - [2022-10-02T21:15:57.274+0000] {dagbag.py:525} INFO - Filling up the DagBag from /home/airflow/.local/lib/python3.7/site-packages/airflow/example_dags/example_local_kubernetes_executor.py
[2022-10-02T21:15:57.295+0000] {processor.py:768} INFO - DAG(s) dict_keys(['example_local_kubernetes_executor']) retrieved from /home/airflow/.local/lib/python3.7/site-packages/airflow/example_dags/example_local_kubernetes_executor.py
[2022-10-02T21:15:57.339+0000] {logging_mixin.py:117} INFO - [2022-10-02T21:15:57.339+0000] {dag.py:2573} INFO - Sync 1 DAGs
[2022-10-02T21:15:57.366+0000] {logging_mixin.py:117} INFO - [2022-10-02T21:15:57.366+0000] {dag.py:3328} INFO - Setting next_dagrun for example_local_kubernetes_executor to None, run_after=None
[2022-10-02T21:15:57.406+0000] {processor.py:178} INFO - Processing /home/airflow/.local/lib/python3.7/site-packages/airflow/example_dags/example_local_kubernetes_executor.py took 0.145 seconds
[2022-10-02T21:16:28.060+0000] {processor.py:156} INFO - Started process (PID=227) to work on /home/airflow/.local/lib/python3.7/site-packages/airflow/example_dags/example_local_kubernetes_executor.py
[2022-10-02T21:16:28.062+0000] {processor.py:758} INFO - Processing file /home/airflow/.local/lib/python3.7/site-packages/airflow/example_dags/example_local_kubernetes_executor.py for tasks to queue
[2022-10-02T21:16:28.064+0000] {logging_mixin.py:117} INFO - [2022-10-02T21:16:28.064+0000] {dagbag.py:525} INFO - Filling up the DagBag from /home/airflow/.local/lib/python3.7/site-packages/airflow/example_dags/example_local_kubernetes_executor.py
[2022-10-02T21:16:28.085+0000] {processor.py:768} INFO - DAG(s) dict_keys(['example_local_kubernetes_executor']) retrieved from /home/airflow/.local/lib/python3.7/site-packages/airflow/example_dags/example_local_kubernetes_executor.py
[2022-10-02T21:16:28.120+0000] {logging_mixin.py:117} INFO - [2022-10-02T21:16:28.120+0000] {dag.py:2573} INFO - Sync 1 DAGs
[2022-10-02T21:16:28.137+0000] {logging_mixin.py:117} INFO - [2022-10-02T21:16:28.137+0000] {dag.py:3328} INFO - Setting next_dagrun for example_local_kubernetes_executor to None, run_after=None
[2022-10-02T21:16:28.155+0000] {processor.py:178} INFO - Processing /home/airflow/.local/lib/python3.7/site-packages/airflow/example_dags/example_local_kubernetes_executor.py took 0.098 seconds
[2022-10-02T21:16:58.971+0000] {processor.py:156} INFO - Started process (PID=287) to work on /home/airflow/.local/lib/python3.7/site-packages/airflow/example_dags/example_local_kubernetes_executor.py
[2022-10-02T21:16:58.973+0000] {processor.py:758} INFO - Processing file /home/airflow/.local/lib/python3.7/site-packages/airflow/example_dags/example_local_kubernetes_executor.py for tasks to queue
[2022-10-02T21:16:58.975+0000] {logging_mixin.py:117} INFO - [2022-10-02T21:16:58.974+0000] {dagbag.py:525} INFO - Filling up the DagBag from /home/airflow/.local/lib/python3.7/site-packages/airflow/example_dags/example_local_kubernetes_executor.py
[2022-10-02T21:16:58.998+0000] {processor.py:768} INFO - DAG(s) dict_keys(['example_local_kubernetes_executor']) retrieved from /home/airflow/.local/lib/python3.7/site-packages/airflow/example_dags/example_local_kubernetes_executor.py
[2022-10-02T21:16:59.067+0000] {logging_mixin.py:117} INFO - [2022-10-02T21:16:59.066+0000] {dag.py:2573} INFO - Sync 1 DAGs
[2022-10-02T21:16:59.102+0000] {logging_mixin.py:117} INFO - [2022-10-02T21:16:59.102+0000] {dag.py:3328} INFO - Setting next_dagrun for example_local_kubernetes_executor to None, run_after=None
[2022-10-02T21:16:59.134+0000] {processor.py:178} INFO - Processing /home/airflow/.local/lib/python3.7/site-packages/airflow/example_dags/example_local_kubernetes_executor.py took 0.166 seconds
[2022-10-02T21:17:30.042+0000] {processor.py:156} INFO - Started process (PID=343) to work on /home/airflow/.local/lib/python3.7/site-packages/airflow/example_dags/example_local_kubernetes_executor.py
[2022-10-02T21:17:30.044+0000] {processor.py:758} INFO - Processing file /home/airflow/.local/lib/python3.7/site-packages/airflow/example_dags/example_local_kubernetes_executor.py for tasks to queue
[2022-10-02T21:17:30.045+0000] {logging_mixin.py:117} INFO - [2022-10-02T21:17:30.045+0000] {dagbag.py:525} INFO - Filling up the DagBag from /home/airflow/.local/lib/python3.7/site-packages/airflow/example_dags/example_local_kubernetes_executor.py
[2022-10-02T21:17:30.063+0000] {processor.py:768} INFO - DAG(s) dict_keys(['example_local_kubernetes_executor']) retrieved from /home/airflow/.local/lib/python3.7/site-packages/airflow/example_dags/example_local_kubernetes_executor.py
[2022-10-02T21:17:30.111+0000] {logging_mixin.py:117} INFO - [2022-10-02T21:17:30.110+0000] {dag.py:2573} INFO - Sync 1 DAGs
[2022-10-02T21:17:30.144+0000] {logging_mixin.py:117} INFO - [2022-10-02T21:17:30.144+0000] {dag.py:3328} INFO - Setting next_dagrun for example_local_kubernetes_executor to None, run_after=None
[2022-10-02T21:17:30.172+0000] {processor.py:178} INFO - Processing /home/airflow/.local/lib/python3.7/site-packages/airflow/example_dags/example_local_kubernetes_executor.py took 0.133 seconds
[2022-10-02T21:18:00.548+0000] {processor.py:156} INFO - Started process (PID=407) to work on /home/airflow/.local/lib/python3.7/site-packages/airflow/example_dags/example_local_kubernetes_executor.py
[2022-10-02T21:18:00.550+0000] {processor.py:758} INFO - Processing file /home/airflow/.local/lib/python3.7/site-packages/airflow/example_dags/example_local_kubernetes_executor.py for tasks to queue
[2022-10-02T21:18:00.551+0000] {logging_mixin.py:117} INFO - [2022-10-02T21:18:00.551+0000] {dagbag.py:525} INFO - Filling up the DagBag from /home/airflow/.local/lib/python3.7/site-packages/airflow/example_dags/example_local_kubernetes_executor.py
[2022-10-02T21:18:00.569+0000] {processor.py:768} INFO - DAG(s) dict_keys(['example_local_kubernetes_executor']) retrieved from /home/airflow/.local/lib/python3.7/site-packages/airflow/example_dags/example_local_kubernetes_executor.py
[2022-10-02T21:18:00.594+0000] {logging_mixin.py:117} INFO - [2022-10-02T21:18:00.594+0000] {dag.py:2573} INFO - Sync 1 DAGs
[2022-10-02T21:18:00.608+0000] {logging_mixin.py:117} INFO - [2022-10-02T21:18:00.608+0000] {dag.py:3328} INFO - Setting next_dagrun for example_local_kubernetes_executor to None, run_after=None
[2022-10-02T21:18:00.622+0000] {processor.py:178} INFO - Processing /home/airflow/.local/lib/python3.7/site-packages/airflow/example_dags/example_local_kubernetes_executor.py took 0.076 seconds
[2022-10-02T21:18:30.965+0000] {processor.py:156} INFO - Started process (PID=472) to work on /home/airflow/.local/lib/python3.7/site-packages/airflow/example_dags/example_local_kubernetes_executor.py
[2022-10-02T21:18:30.967+0000] {processor.py:758} INFO - Processing file /home/airflow/.local/lib/python3.7/site-packages/airflow/example_dags/example_local_kubernetes_executor.py for tasks to queue
[2022-10-02T21:18:30.968+0000] {logging_mixin.py:117} INFO - [2022-10-02T21:18:30.968+0000] {dagbag.py:525} INFO - Filling up the DagBag from /home/airflow/.local/lib/python3.7/site-packages/airflow/example_dags/example_local_kubernetes_executor.py
[2022-10-02T21:18:31.018+0000] {processor.py:768} INFO - DAG(s) dict_keys(['example_local_kubernetes_executor']) retrieved from /home/airflow/.local/lib/python3.7/site-packages/airflow/example_dags/example_local_kubernetes_executor.py
[2022-10-02T21:18:31.093+0000] {logging_mixin.py:117} INFO - [2022-10-02T21:18:31.093+0000] {dag.py:2573} INFO - Sync 1 DAGs
[2022-10-02T21:18:31.120+0000] {logging_mixin.py:117} INFO - [2022-10-02T21:18:31.120+0000] {dag.py:3328} INFO - Setting next_dagrun for example_local_kubernetes_executor to None, run_after=None
[2022-10-02T21:18:31.141+0000] {processor.py:178} INFO - Processing /home/airflow/.local/lib/python3.7/site-packages/airflow/example_dags/example_local_kubernetes_executor.py took 0.180 seconds
[2022-10-02T21:19:01.335+0000] {processor.py:156} INFO - Started process (PID=535) to work on /home/airflow/.local/lib/python3.7/site-packages/airflow/example_dags/example_local_kubernetes_executor.py
[2022-10-02T21:19:01.337+0000] {processor.py:758} INFO - Processing file /home/airflow/.local/lib/python3.7/site-packages/airflow/example_dags/example_local_kubernetes_executor.py for tasks to queue
[2022-10-02T21:19:01.339+0000] {logging_mixin.py:117} INFO - [2022-10-02T21:19:01.338+0000] {dagbag.py:525} INFO - Filling up the DagBag from /home/airflow/.local/lib/python3.7/site-packages/airflow/example_dags/example_local_kubernetes_executor.py
[2022-10-02T21:19:01.356+0000] {processor.py:768} INFO - DAG(s) dict_keys(['example_local_kubernetes_executor']) retrieved from /home/airflow/.local/lib/python3.7/site-packages/airflow/example_dags/example_local_kubernetes_executor.py
[2022-10-02T21:19:01.390+0000] {logging_mixin.py:117} INFO - [2022-10-02T21:19:01.390+0000] {dag.py:2573} INFO - Sync 1 DAGs
[2022-10-02T21:19:01.409+0000] {logging_mixin.py:117} INFO - [2022-10-02T21:19:01.409+0000] {dag.py:3328} INFO - Setting next_dagrun for example_local_kubernetes_executor to None, run_after=None
[2022-10-02T21:19:01.422+0000] {processor.py:178} INFO - Processing /home/airflow/.local/lib/python3.7/site-packages/airflow/example_dags/example_local_kubernetes_executor.py took 0.090 seconds
[2022-10-02T21:19:32.036+0000] {processor.py:156} INFO - Started process (PID=589) to work on /home/airflow/.local/lib/python3.7/site-packages/airflow/example_dags/example_local_kubernetes_executor.py
[2022-10-02T21:19:32.038+0000] {processor.py:758} INFO - Processing file /home/airflow/.local/lib/python3.7/site-packages/airflow/example_dags/example_local_kubernetes_executor.py for tasks to queue
[2022-10-02T21:19:32.039+0000] {logging_mixin.py:117} INFO - [2022-10-02T21:19:32.039+0000] {dagbag.py:525} INFO - Filling up the DagBag from /home/airflow/.local/lib/python3.7/site-packages/airflow/example_dags/example_local_kubernetes_executor.py
[2022-10-02T21:19:32.057+0000] {processor.py:768} INFO - DAG(s) dict_keys(['example_local_kubernetes_executor']) retrieved from /home/airflow/.local/lib/python3.7/site-packages/airflow/example_dags/example_local_kubernetes_executor.py
[2022-10-02T21:19:32.091+0000] {logging_mixin.py:117} INFO - [2022-10-02T21:19:32.091+0000] {dag.py:2573} INFO - Sync 1 DAGs
[2022-10-02T21:19:32.108+0000] {logging_mixin.py:117} INFO - [2022-10-02T21:19:32.107+0000] {dag.py:3328} INFO - Setting next_dagrun for example_local_kubernetes_executor to None, run_after=None
[2022-10-02T21:19:32.126+0000] {processor.py:178} INFO - Processing /home/airflow/.local/lib/python3.7/site-packages/airflow/example_dags/example_local_kubernetes_executor.py took 0.093 seconds
