[2022-10-02T20:50:10.905+0000] {processor.py:156} INFO - Started process (PID=37) to work on /home/airflow/.local/lib/python3.7/site-packages/airflow/example_dags/example_dag_decorator.py
[2022-10-02T20:50:10.909+0000] {processor.py:758} INFO - Processing file /home/airflow/.local/lib/python3.7/site-packages/airflow/example_dags/example_dag_decorator.py for tasks to queue
[2022-10-02T20:50:10.910+0000] {logging_mixin.py:117} INFO - [2022-10-02T20:50:10.910+0000] {dagbag.py:525} INFO - Filling up the DagBag from /home/airflow/.local/lib/python3.7/site-packages/airflow/example_dags/example_dag_decorator.py
[2022-10-02T20:50:10.953+0000] {processor.py:768} INFO - DAG(s) dict_keys(['example_dag_decorator']) retrieved from /home/airflow/.local/lib/python3.7/site-packages/airflow/example_dags/example_dag_decorator.py
[2022-10-02T20:50:10.974+0000] {logging_mixin.py:117} INFO - [2022-10-02T20:50:10.974+0000] {dag.py:2573} INFO - Sync 1 DAGs
[2022-10-02T20:50:11.022+0000] {logging_mixin.py:117} INFO - [2022-10-02T20:50:11.022+0000] {dag.py:3328} INFO - Setting next_dagrun for example_dag_decorator to None, run_after=None
[2022-10-02T20:50:11.076+0000] {processor.py:178} INFO - Processing /home/airflow/.local/lib/python3.7/site-packages/airflow/example_dags/example_dag_decorator.py took 0.173 seconds
[2022-10-02T20:50:41.340+0000] {processor.py:156} INFO - Started process (PID=99) to work on /home/airflow/.local/lib/python3.7/site-packages/airflow/example_dags/example_dag_decorator.py
[2022-10-02T20:50:41.354+0000] {processor.py:758} INFO - Processing file /home/airflow/.local/lib/python3.7/site-packages/airflow/example_dags/example_dag_decorator.py for tasks to queue
[2022-10-02T20:50:41.360+0000] {logging_mixin.py:117} INFO - [2022-10-02T20:50:41.360+0000] {dagbag.py:525} INFO - Filling up the DagBag from /home/airflow/.local/lib/python3.7/site-packages/airflow/example_dags/example_dag_decorator.py
[2022-10-02T20:50:41.415+0000] {processor.py:768} INFO - DAG(s) dict_keys(['example_dag_decorator']) retrieved from /home/airflow/.local/lib/python3.7/site-packages/airflow/example_dags/example_dag_decorator.py
[2022-10-02T20:50:41.488+0000] {logging_mixin.py:117} INFO - [2022-10-02T20:50:41.488+0000] {dag.py:2573} INFO - Sync 1 DAGs
[2022-10-02T20:50:41.505+0000] {logging_mixin.py:117} INFO - [2022-10-02T20:50:41.505+0000] {dag.py:3328} INFO - Setting next_dagrun for example_dag_decorator to None, run_after=None
[2022-10-02T20:50:41.522+0000] {processor.py:178} INFO - Processing /home/airflow/.local/lib/python3.7/site-packages/airflow/example_dags/example_dag_decorator.py took 0.195 seconds
[2022-10-02T20:51:12.313+0000] {processor.py:156} INFO - Started process (PID=164) to work on /home/airflow/.local/lib/python3.7/site-packages/airflow/example_dags/example_dag_decorator.py
[2022-10-02T20:51:12.315+0000] {processor.py:758} INFO - Processing file /home/airflow/.local/lib/python3.7/site-packages/airflow/example_dags/example_dag_decorator.py for tasks to queue
[2022-10-02T20:51:12.316+0000] {logging_mixin.py:117} INFO - [2022-10-02T20:51:12.316+0000] {dagbag.py:525} INFO - Filling up the DagBag from /home/airflow/.local/lib/python3.7/site-packages/airflow/example_dags/example_dag_decorator.py
[2022-10-02T20:51:12.339+0000] {processor.py:768} INFO - DAG(s) dict_keys(['example_dag_decorator']) retrieved from /home/airflow/.local/lib/python3.7/site-packages/airflow/example_dags/example_dag_decorator.py
[2022-10-02T20:51:12.448+0000] {logging_mixin.py:117} INFO - [2022-10-02T20:51:12.448+0000] {dag.py:2573} INFO - Sync 1 DAGs
[2022-10-02T20:51:12.498+0000] {logging_mixin.py:117} INFO - [2022-10-02T20:51:12.497+0000] {dag.py:3328} INFO - Setting next_dagrun for example_dag_decorator to None, run_after=None
[2022-10-02T20:51:12.518+0000] {processor.py:178} INFO - Processing /home/airflow/.local/lib/python3.7/site-packages/airflow/example_dags/example_dag_decorator.py took 0.207 seconds
[2022-10-02T20:51:43.217+0000] {processor.py:156} INFO - Started process (PID=218) to work on /home/airflow/.local/lib/python3.7/site-packages/airflow/example_dags/example_dag_decorator.py
[2022-10-02T20:51:43.220+0000] {processor.py:758} INFO - Processing file /home/airflow/.local/lib/python3.7/site-packages/airflow/example_dags/example_dag_decorator.py for tasks to queue
[2022-10-02T20:51:43.222+0000] {logging_mixin.py:117} INFO - [2022-10-02T20:51:43.222+0000] {dagbag.py:525} INFO - Filling up the DagBag from /home/airflow/.local/lib/python3.7/site-packages/airflow/example_dags/example_dag_decorator.py
[2022-10-02T20:51:43.240+0000] {processor.py:768} INFO - DAG(s) dict_keys(['example_dag_decorator']) retrieved from /home/airflow/.local/lib/python3.7/site-packages/airflow/example_dags/example_dag_decorator.py
[2022-10-02T20:51:43.296+0000] {logging_mixin.py:117} INFO - [2022-10-02T20:51:43.296+0000] {dag.py:2573} INFO - Sync 1 DAGs
[2022-10-02T20:51:43.314+0000] {logging_mixin.py:117} INFO - [2022-10-02T20:51:43.314+0000] {dag.py:3328} INFO - Setting next_dagrun for example_dag_decorator to None, run_after=None
[2022-10-02T20:51:43.338+0000] {processor.py:178} INFO - Processing /home/airflow/.local/lib/python3.7/site-packages/airflow/example_dags/example_dag_decorator.py took 0.123 seconds
[2022-10-02T20:52:13.635+0000] {processor.py:156} INFO - Started process (PID=280) to work on /home/airflow/.local/lib/python3.7/site-packages/airflow/example_dags/example_dag_decorator.py
[2022-10-02T20:52:13.637+0000] {processor.py:758} INFO - Processing file /home/airflow/.local/lib/python3.7/site-packages/airflow/example_dags/example_dag_decorator.py for tasks to queue
[2022-10-02T20:52:13.639+0000] {logging_mixin.py:117} INFO - [2022-10-02T20:52:13.639+0000] {dagbag.py:525} INFO - Filling up the DagBag from /home/airflow/.local/lib/python3.7/site-packages/airflow/example_dags/example_dag_decorator.py
[2022-10-02T20:52:13.664+0000] {processor.py:768} INFO - DAG(s) dict_keys(['example_dag_decorator']) retrieved from /home/airflow/.local/lib/python3.7/site-packages/airflow/example_dags/example_dag_decorator.py
[2022-10-02T20:52:13.717+0000] {logging_mixin.py:117} INFO - [2022-10-02T20:52:13.717+0000] {dag.py:2573} INFO - Sync 1 DAGs
[2022-10-02T20:52:13.732+0000] {logging_mixin.py:117} INFO - [2022-10-02T20:52:13.732+0000] {dag.py:3328} INFO - Setting next_dagrun for example_dag_decorator to None, run_after=None
[2022-10-02T20:52:13.750+0000] {processor.py:178} INFO - Processing /home/airflow/.local/lib/python3.7/site-packages/airflow/example_dags/example_dag_decorator.py took 0.117 seconds
[2022-10-02T20:52:44.182+0000] {processor.py:156} INFO - Started process (PID=342) to work on /home/airflow/.local/lib/python3.7/site-packages/airflow/example_dags/example_dag_decorator.py
[2022-10-02T20:52:44.183+0000] {processor.py:758} INFO - Processing file /home/airflow/.local/lib/python3.7/site-packages/airflow/example_dags/example_dag_decorator.py for tasks to queue
[2022-10-02T20:52:44.184+0000] {logging_mixin.py:117} INFO - [2022-10-02T20:52:44.184+0000] {dagbag.py:525} INFO - Filling up the DagBag from /home/airflow/.local/lib/python3.7/site-packages/airflow/example_dags/example_dag_decorator.py
[2022-10-02T20:52:44.203+0000] {processor.py:768} INFO - DAG(s) dict_keys(['example_dag_decorator']) retrieved from /home/airflow/.local/lib/python3.7/site-packages/airflow/example_dags/example_dag_decorator.py
[2022-10-02T20:52:44.251+0000] {logging_mixin.py:117} INFO - [2022-10-02T20:52:44.251+0000] {dag.py:2573} INFO - Sync 1 DAGs
[2022-10-02T20:52:44.266+0000] {logging_mixin.py:117} INFO - [2022-10-02T20:52:44.266+0000] {dag.py:3328} INFO - Setting next_dagrun for example_dag_decorator to None, run_after=None
[2022-10-02T20:52:44.281+0000] {processor.py:178} INFO - Processing /home/airflow/.local/lib/python3.7/site-packages/airflow/example_dags/example_dag_decorator.py took 0.101 seconds
[2022-10-02T20:54:18.382+0000] {processor.py:156} INFO - Started process (PID=36) to work on /home/airflow/.local/lib/python3.7/site-packages/airflow/example_dags/example_dag_decorator.py
[2022-10-02T20:54:18.385+0000] {processor.py:758} INFO - Processing file /home/airflow/.local/lib/python3.7/site-packages/airflow/example_dags/example_dag_decorator.py for tasks to queue
[2022-10-02T20:54:18.390+0000] {logging_mixin.py:117} INFO - [2022-10-02T20:54:18.389+0000] {dagbag.py:525} INFO - Filling up the DagBag from /home/airflow/.local/lib/python3.7/site-packages/airflow/example_dags/example_dag_decorator.py
[2022-10-02T20:54:18.426+0000] {processor.py:768} INFO - DAG(s) dict_keys(['example_dag_decorator']) retrieved from /home/airflow/.local/lib/python3.7/site-packages/airflow/example_dags/example_dag_decorator.py
[2022-10-02T20:54:18.494+0000] {logging_mixin.py:117} INFO - [2022-10-02T20:54:18.493+0000] {dag.py:2573} INFO - Sync 1 DAGs
[2022-10-02T20:54:18.537+0000] {logging_mixin.py:117} INFO - [2022-10-02T20:54:18.537+0000] {dag.py:3328} INFO - Setting next_dagrun for example_dag_decorator to None, run_after=None
[2022-10-02T20:54:18.558+0000] {processor.py:178} INFO - Processing /home/airflow/.local/lib/python3.7/site-packages/airflow/example_dags/example_dag_decorator.py took 0.180 seconds
[2022-10-02T20:54:48.888+0000] {processor.py:156} INFO - Started process (PID=99) to work on /home/airflow/.local/lib/python3.7/site-packages/airflow/example_dags/example_dag_decorator.py
[2022-10-02T20:54:48.889+0000] {processor.py:758} INFO - Processing file /home/airflow/.local/lib/python3.7/site-packages/airflow/example_dags/example_dag_decorator.py for tasks to queue
[2022-10-02T20:54:48.890+0000] {logging_mixin.py:117} INFO - [2022-10-02T20:54:48.890+0000] {dagbag.py:525} INFO - Filling up the DagBag from /home/airflow/.local/lib/python3.7/site-packages/airflow/example_dags/example_dag_decorator.py
[2022-10-02T20:54:48.908+0000] {processor.py:768} INFO - DAG(s) dict_keys(['example_dag_decorator']) retrieved from /home/airflow/.local/lib/python3.7/site-packages/airflow/example_dags/example_dag_decorator.py
[2022-10-02T20:54:48.953+0000] {logging_mixin.py:117} INFO - [2022-10-02T20:54:48.953+0000] {dag.py:2573} INFO - Sync 1 DAGs
[2022-10-02T20:54:48.968+0000] {logging_mixin.py:117} INFO - [2022-10-02T20:54:48.968+0000] {dag.py:3328} INFO - Setting next_dagrun for example_dag_decorator to None, run_after=None
[2022-10-02T20:54:48.982+0000] {processor.py:178} INFO - Processing /home/airflow/.local/lib/python3.7/site-packages/airflow/example_dags/example_dag_decorator.py took 0.096 seconds
[2022-10-02T20:56:36.293+0000] {processor.py:156} INFO - Started process (PID=37) to work on /home/airflow/.local/lib/python3.7/site-packages/airflow/example_dags/example_dag_decorator.py
[2022-10-02T20:56:36.295+0000] {processor.py:758} INFO - Processing file /home/airflow/.local/lib/python3.7/site-packages/airflow/example_dags/example_dag_decorator.py for tasks to queue
[2022-10-02T20:56:36.297+0000] {logging_mixin.py:117} INFO - [2022-10-02T20:56:36.297+0000] {dagbag.py:525} INFO - Filling up the DagBag from /home/airflow/.local/lib/python3.7/site-packages/airflow/example_dags/example_dag_decorator.py
[2022-10-02T20:56:36.336+0000] {processor.py:768} INFO - DAG(s) dict_keys(['example_dag_decorator']) retrieved from /home/airflow/.local/lib/python3.7/site-packages/airflow/example_dags/example_dag_decorator.py
[2022-10-02T20:56:36.383+0000] {logging_mixin.py:117} INFO - [2022-10-02T20:56:36.383+0000] {dag.py:2573} INFO - Sync 1 DAGs
[2022-10-02T20:56:36.418+0000] {logging_mixin.py:117} INFO - [2022-10-02T20:56:36.418+0000] {dag.py:3328} INFO - Setting next_dagrun for example_dag_decorator to None, run_after=None
[2022-10-02T20:56:36.453+0000] {processor.py:178} INFO - Processing /home/airflow/.local/lib/python3.7/site-packages/airflow/example_dags/example_dag_decorator.py took 0.164 seconds
[2022-10-02T20:57:07.078+0000] {processor.py:156} INFO - Started process (PID=100) to work on /home/airflow/.local/lib/python3.7/site-packages/airflow/example_dags/example_dag_decorator.py
[2022-10-02T20:57:07.085+0000] {processor.py:758} INFO - Processing file /home/airflow/.local/lib/python3.7/site-packages/airflow/example_dags/example_dag_decorator.py for tasks to queue
[2022-10-02T20:57:07.088+0000] {logging_mixin.py:117} INFO - [2022-10-02T20:57:07.088+0000] {dagbag.py:525} INFO - Filling up the DagBag from /home/airflow/.local/lib/python3.7/site-packages/airflow/example_dags/example_dag_decorator.py
[2022-10-02T20:57:07.130+0000] {processor.py:768} INFO - DAG(s) dict_keys(['example_dag_decorator']) retrieved from /home/airflow/.local/lib/python3.7/site-packages/airflow/example_dags/example_dag_decorator.py
[2022-10-02T20:57:07.192+0000] {logging_mixin.py:117} INFO - [2022-10-02T20:57:07.191+0000] {dag.py:2573} INFO - Sync 1 DAGs
[2022-10-02T20:57:07.209+0000] {logging_mixin.py:117} INFO - [2022-10-02T20:57:07.209+0000] {dag.py:3328} INFO - Setting next_dagrun for example_dag_decorator to None, run_after=None
[2022-10-02T20:57:07.233+0000] {processor.py:178} INFO - Processing /home/airflow/.local/lib/python3.7/site-packages/airflow/example_dags/example_dag_decorator.py took 0.159 seconds
[2022-10-02T20:57:37.912+0000] {processor.py:156} INFO - Started process (PID=164) to work on /home/airflow/.local/lib/python3.7/site-packages/airflow/example_dags/example_dag_decorator.py
[2022-10-02T20:57:37.915+0000] {processor.py:758} INFO - Processing file /home/airflow/.local/lib/python3.7/site-packages/airflow/example_dags/example_dag_decorator.py for tasks to queue
[2022-10-02T20:57:37.917+0000] {logging_mixin.py:117} INFO - [2022-10-02T20:57:37.917+0000] {dagbag.py:525} INFO - Filling up the DagBag from /home/airflow/.local/lib/python3.7/site-packages/airflow/example_dags/example_dag_decorator.py
[2022-10-02T20:57:37.947+0000] {processor.py:768} INFO - DAG(s) dict_keys(['example_dag_decorator']) retrieved from /home/airflow/.local/lib/python3.7/site-packages/airflow/example_dags/example_dag_decorator.py
[2022-10-02T20:57:38.044+0000] {logging_mixin.py:117} INFO - [2022-10-02T20:57:38.044+0000] {dag.py:2573} INFO - Sync 1 DAGs
[2022-10-02T20:57:38.067+0000] {logging_mixin.py:117} INFO - [2022-10-02T20:57:38.067+0000] {dag.py:3328} INFO - Setting next_dagrun for example_dag_decorator to None, run_after=None
[2022-10-02T20:57:38.099+0000] {processor.py:178} INFO - Processing /home/airflow/.local/lib/python3.7/site-packages/airflow/example_dags/example_dag_decorator.py took 0.191 seconds
[2022-10-02T20:58:08.658+0000] {processor.py:156} INFO - Started process (PID=226) to work on /home/airflow/.local/lib/python3.7/site-packages/airflow/example_dags/example_dag_decorator.py
[2022-10-02T20:58:08.662+0000] {processor.py:758} INFO - Processing file /home/airflow/.local/lib/python3.7/site-packages/airflow/example_dags/example_dag_decorator.py for tasks to queue
[2022-10-02T20:58:08.664+0000] {logging_mixin.py:117} INFO - [2022-10-02T20:58:08.664+0000] {dagbag.py:525} INFO - Filling up the DagBag from /home/airflow/.local/lib/python3.7/site-packages/airflow/example_dags/example_dag_decorator.py
[2022-10-02T20:58:08.682+0000] {processor.py:768} INFO - DAG(s) dict_keys(['example_dag_decorator']) retrieved from /home/airflow/.local/lib/python3.7/site-packages/airflow/example_dags/example_dag_decorator.py
[2022-10-02T20:58:08.737+0000] {logging_mixin.py:117} INFO - [2022-10-02T20:58:08.737+0000] {dag.py:2573} INFO - Sync 1 DAGs
[2022-10-02T20:58:08.755+0000] {logging_mixin.py:117} INFO - [2022-10-02T20:58:08.755+0000] {dag.py:3328} INFO - Setting next_dagrun for example_dag_decorator to None, run_after=None
[2022-10-02T20:58:08.771+0000] {processor.py:178} INFO - Processing /home/airflow/.local/lib/python3.7/site-packages/airflow/example_dags/example_dag_decorator.py took 0.117 seconds
[2022-10-02T20:58:38.867+0000] {processor.py:156} INFO - Started process (PID=281) to work on /home/airflow/.local/lib/python3.7/site-packages/airflow/example_dags/example_dag_decorator.py
[2022-10-02T20:58:38.868+0000] {processor.py:758} INFO - Processing file /home/airflow/.local/lib/python3.7/site-packages/airflow/example_dags/example_dag_decorator.py for tasks to queue
[2022-10-02T20:58:38.870+0000] {logging_mixin.py:117} INFO - [2022-10-02T20:58:38.870+0000] {dagbag.py:525} INFO - Filling up the DagBag from /home/airflow/.local/lib/python3.7/site-packages/airflow/example_dags/example_dag_decorator.py
[2022-10-02T20:58:38.895+0000] {processor.py:768} INFO - DAG(s) dict_keys(['example_dag_decorator']) retrieved from /home/airflow/.local/lib/python3.7/site-packages/airflow/example_dags/example_dag_decorator.py
[2022-10-02T20:58:38.960+0000] {logging_mixin.py:117} INFO - [2022-10-02T20:58:38.960+0000] {dag.py:2573} INFO - Sync 1 DAGs
[2022-10-02T20:58:38.985+0000] {logging_mixin.py:117} INFO - [2022-10-02T20:58:38.985+0000] {dag.py:3328} INFO - Setting next_dagrun for example_dag_decorator to None, run_after=None
[2022-10-02T20:58:39.016+0000] {processor.py:178} INFO - Processing /home/airflow/.local/lib/python3.7/site-packages/airflow/example_dags/example_dag_decorator.py took 0.151 seconds
[2022-10-02T20:59:09.208+0000] {processor.py:156} INFO - Started process (PID=344) to work on /home/airflow/.local/lib/python3.7/site-packages/airflow/example_dags/example_dag_decorator.py
[2022-10-02T20:59:09.212+0000] {processor.py:758} INFO - Processing file /home/airflow/.local/lib/python3.7/site-packages/airflow/example_dags/example_dag_decorator.py for tasks to queue
[2022-10-02T20:59:09.221+0000] {logging_mixin.py:117} INFO - [2022-10-02T20:59:09.220+0000] {dagbag.py:525} INFO - Filling up the DagBag from /home/airflow/.local/lib/python3.7/site-packages/airflow/example_dags/example_dag_decorator.py
[2022-10-02T20:59:09.253+0000] {processor.py:768} INFO - DAG(s) dict_keys(['example_dag_decorator']) retrieved from /home/airflow/.local/lib/python3.7/site-packages/airflow/example_dags/example_dag_decorator.py
[2022-10-02T20:59:09.397+0000] {logging_mixin.py:117} INFO - [2022-10-02T20:59:09.397+0000] {dag.py:2573} INFO - Sync 1 DAGs
[2022-10-02T20:59:09.424+0000] {logging_mixin.py:117} INFO - [2022-10-02T20:59:09.423+0000] {dag.py:3328} INFO - Setting next_dagrun for example_dag_decorator to None, run_after=None
[2022-10-02T20:59:09.459+0000] {processor.py:178} INFO - Processing /home/airflow/.local/lib/python3.7/site-packages/airflow/example_dags/example_dag_decorator.py took 0.253 seconds
[2022-10-02T20:59:39.921+0000] {processor.py:156} INFO - Started process (PID=406) to work on /home/airflow/.local/lib/python3.7/site-packages/airflow/example_dags/example_dag_decorator.py
[2022-10-02T20:59:39.922+0000] {processor.py:758} INFO - Processing file /home/airflow/.local/lib/python3.7/site-packages/airflow/example_dags/example_dag_decorator.py for tasks to queue
[2022-10-02T20:59:39.923+0000] {logging_mixin.py:117} INFO - [2022-10-02T20:59:39.923+0000] {dagbag.py:525} INFO - Filling up the DagBag from /home/airflow/.local/lib/python3.7/site-packages/airflow/example_dags/example_dag_decorator.py
[2022-10-02T20:59:39.943+0000] {processor.py:768} INFO - DAG(s) dict_keys(['example_dag_decorator']) retrieved from /home/airflow/.local/lib/python3.7/site-packages/airflow/example_dags/example_dag_decorator.py
[2022-10-02T20:59:39.996+0000] {logging_mixin.py:117} INFO - [2022-10-02T20:59:39.996+0000] {dag.py:2573} INFO - Sync 1 DAGs
[2022-10-02T20:59:40.010+0000] {logging_mixin.py:117} INFO - [2022-10-02T20:59:40.010+0000] {dag.py:3328} INFO - Setting next_dagrun for example_dag_decorator to None, run_after=None
[2022-10-02T20:59:40.021+0000] {processor.py:178} INFO - Processing /home/airflow/.local/lib/python3.7/site-packages/airflow/example_dags/example_dag_decorator.py took 0.104 seconds
[2022-10-02T21:00:11.109+0000] {processor.py:156} INFO - Started process (PID=469) to work on /home/airflow/.local/lib/python3.7/site-packages/airflow/example_dags/example_dag_decorator.py
[2022-10-02T21:00:11.111+0000] {processor.py:758} INFO - Processing file /home/airflow/.local/lib/python3.7/site-packages/airflow/example_dags/example_dag_decorator.py for tasks to queue
[2022-10-02T21:00:11.112+0000] {logging_mixin.py:117} INFO - [2022-10-02T21:00:11.112+0000] {dagbag.py:525} INFO - Filling up the DagBag from /home/airflow/.local/lib/python3.7/site-packages/airflow/example_dags/example_dag_decorator.py
[2022-10-02T21:00:11.130+0000] {processor.py:768} INFO - DAG(s) dict_keys(['example_dag_decorator']) retrieved from /home/airflow/.local/lib/python3.7/site-packages/airflow/example_dags/example_dag_decorator.py
[2022-10-02T21:00:11.176+0000] {logging_mixin.py:117} INFO - [2022-10-02T21:00:11.176+0000] {dag.py:2573} INFO - Sync 1 DAGs
[2022-10-02T21:00:11.191+0000] {logging_mixin.py:117} INFO - [2022-10-02T21:00:11.191+0000] {dag.py:3328} INFO - Setting next_dagrun for example_dag_decorator to None, run_after=None
[2022-10-02T21:00:11.203+0000] {processor.py:178} INFO - Processing /home/airflow/.local/lib/python3.7/site-packages/airflow/example_dags/example_dag_decorator.py took 0.096 seconds
[2022-10-02T21:00:41.227+0000] {processor.py:156} INFO - Started process (PID=532) to work on /home/airflow/.local/lib/python3.7/site-packages/airflow/example_dags/example_dag_decorator.py
[2022-10-02T21:00:41.228+0000] {processor.py:758} INFO - Processing file /home/airflow/.local/lib/python3.7/site-packages/airflow/example_dags/example_dag_decorator.py for tasks to queue
[2022-10-02T21:00:41.229+0000] {logging_mixin.py:117} INFO - [2022-10-02T21:00:41.229+0000] {dagbag.py:525} INFO - Filling up the DagBag from /home/airflow/.local/lib/python3.7/site-packages/airflow/example_dags/example_dag_decorator.py
[2022-10-02T21:00:41.247+0000] {processor.py:768} INFO - DAG(s) dict_keys(['example_dag_decorator']) retrieved from /home/airflow/.local/lib/python3.7/site-packages/airflow/example_dags/example_dag_decorator.py
[2022-10-02T21:00:41.292+0000] {logging_mixin.py:117} INFO - [2022-10-02T21:00:41.292+0000] {dag.py:2573} INFO - Sync 1 DAGs
[2022-10-02T21:00:41.307+0000] {logging_mixin.py:117} INFO - [2022-10-02T21:00:41.307+0000] {dag.py:3328} INFO - Setting next_dagrun for example_dag_decorator to None, run_after=None
[2022-10-02T21:00:41.326+0000] {processor.py:178} INFO - Processing /home/airflow/.local/lib/python3.7/site-packages/airflow/example_dags/example_dag_decorator.py took 0.102 seconds
[2022-10-02T21:01:12.269+0000] {processor.py:156} INFO - Started process (PID=595) to work on /home/airflow/.local/lib/python3.7/site-packages/airflow/example_dags/example_dag_decorator.py
[2022-10-02T21:01:12.271+0000] {processor.py:758} INFO - Processing file /home/airflow/.local/lib/python3.7/site-packages/airflow/example_dags/example_dag_decorator.py for tasks to queue
[2022-10-02T21:01:12.272+0000] {logging_mixin.py:117} INFO - [2022-10-02T21:01:12.272+0000] {dagbag.py:525} INFO - Filling up the DagBag from /home/airflow/.local/lib/python3.7/site-packages/airflow/example_dags/example_dag_decorator.py
[2022-10-02T21:01:12.291+0000] {processor.py:768} INFO - DAG(s) dict_keys(['example_dag_decorator']) retrieved from /home/airflow/.local/lib/python3.7/site-packages/airflow/example_dags/example_dag_decorator.py
[2022-10-02T21:01:12.340+0000] {logging_mixin.py:117} INFO - [2022-10-02T21:01:12.340+0000] {dag.py:2573} INFO - Sync 1 DAGs
[2022-10-02T21:01:12.359+0000] {logging_mixin.py:117} INFO - [2022-10-02T21:01:12.359+0000] {dag.py:3328} INFO - Setting next_dagrun for example_dag_decorator to None, run_after=None
[2022-10-02T21:01:12.374+0000] {processor.py:178} INFO - Processing /home/airflow/.local/lib/python3.7/site-packages/airflow/example_dags/example_dag_decorator.py took 0.108 seconds
[2022-10-02T21:01:42.502+0000] {processor.py:156} INFO - Started process (PID=649) to work on /home/airflow/.local/lib/python3.7/site-packages/airflow/example_dags/example_dag_decorator.py
[2022-10-02T21:01:42.504+0000] {processor.py:758} INFO - Processing file /home/airflow/.local/lib/python3.7/site-packages/airflow/example_dags/example_dag_decorator.py for tasks to queue
[2022-10-02T21:01:42.505+0000] {logging_mixin.py:117} INFO - [2022-10-02T21:01:42.505+0000] {dagbag.py:525} INFO - Filling up the DagBag from /home/airflow/.local/lib/python3.7/site-packages/airflow/example_dags/example_dag_decorator.py
[2022-10-02T21:01:42.546+0000] {processor.py:768} INFO - DAG(s) dict_keys(['example_dag_decorator']) retrieved from /home/airflow/.local/lib/python3.7/site-packages/airflow/example_dags/example_dag_decorator.py
[2022-10-02T21:01:42.695+0000] {logging_mixin.py:117} INFO - [2022-10-02T21:01:42.695+0000] {dag.py:2573} INFO - Sync 1 DAGs
[2022-10-02T21:01:42.722+0000] {logging_mixin.py:117} INFO - [2022-10-02T21:01:42.722+0000] {dag.py:3328} INFO - Setting next_dagrun for example_dag_decorator to None, run_after=None
[2022-10-02T21:01:42.769+0000] {processor.py:178} INFO - Processing /home/airflow/.local/lib/python3.7/site-packages/airflow/example_dags/example_dag_decorator.py took 0.270 seconds
[2022-10-02T21:02:13.527+0000] {processor.py:156} INFO - Started process (PID=711) to work on /home/airflow/.local/lib/python3.7/site-packages/airflow/example_dags/example_dag_decorator.py
[2022-10-02T21:02:13.530+0000] {processor.py:758} INFO - Processing file /home/airflow/.local/lib/python3.7/site-packages/airflow/example_dags/example_dag_decorator.py for tasks to queue
[2022-10-02T21:02:13.531+0000] {logging_mixin.py:117} INFO - [2022-10-02T21:02:13.531+0000] {dagbag.py:525} INFO - Filling up the DagBag from /home/airflow/.local/lib/python3.7/site-packages/airflow/example_dags/example_dag_decorator.py
[2022-10-02T21:02:13.554+0000] {processor.py:768} INFO - DAG(s) dict_keys(['example_dag_decorator']) retrieved from /home/airflow/.local/lib/python3.7/site-packages/airflow/example_dags/example_dag_decorator.py
[2022-10-02T21:02:13.605+0000] {logging_mixin.py:117} INFO - [2022-10-02T21:02:13.604+0000] {dag.py:2573} INFO - Sync 1 DAGs
[2022-10-02T21:02:13.620+0000] {logging_mixin.py:117} INFO - [2022-10-02T21:02:13.620+0000] {dag.py:3328} INFO - Setting next_dagrun for example_dag_decorator to None, run_after=None
[2022-10-02T21:02:13.634+0000] {processor.py:178} INFO - Processing /home/airflow/.local/lib/python3.7/site-packages/airflow/example_dags/example_dag_decorator.py took 0.111 seconds
[2022-10-02T21:02:43.773+0000] {processor.py:156} INFO - Started process (PID=774) to work on /home/airflow/.local/lib/python3.7/site-packages/airflow/example_dags/example_dag_decorator.py
[2022-10-02T21:02:43.776+0000] {processor.py:758} INFO - Processing file /home/airflow/.local/lib/python3.7/site-packages/airflow/example_dags/example_dag_decorator.py for tasks to queue
[2022-10-02T21:02:43.778+0000] {logging_mixin.py:117} INFO - [2022-10-02T21:02:43.778+0000] {dagbag.py:525} INFO - Filling up the DagBag from /home/airflow/.local/lib/python3.7/site-packages/airflow/example_dags/example_dag_decorator.py
[2022-10-02T21:02:43.812+0000] {processor.py:768} INFO - DAG(s) dict_keys(['example_dag_decorator']) retrieved from /home/airflow/.local/lib/python3.7/site-packages/airflow/example_dags/example_dag_decorator.py
[2022-10-02T21:02:43.916+0000] {logging_mixin.py:117} INFO - [2022-10-02T21:02:43.915+0000] {dag.py:2573} INFO - Sync 1 DAGs
[2022-10-02T21:02:43.947+0000] {logging_mixin.py:117} INFO - [2022-10-02T21:02:43.946+0000] {dag.py:3328} INFO - Setting next_dagrun for example_dag_decorator to None, run_after=None
[2022-10-02T21:02:43.991+0000] {processor.py:178} INFO - Processing /home/airflow/.local/lib/python3.7/site-packages/airflow/example_dags/example_dag_decorator.py took 0.224 seconds
[2022-10-02T21:03:14.177+0000] {processor.py:156} INFO - Started process (PID=838) to work on /home/airflow/.local/lib/python3.7/site-packages/airflow/example_dags/example_dag_decorator.py
[2022-10-02T21:03:14.180+0000] {processor.py:758} INFO - Processing file /home/airflow/.local/lib/python3.7/site-packages/airflow/example_dags/example_dag_decorator.py for tasks to queue
[2022-10-02T21:03:14.183+0000] {logging_mixin.py:117} INFO - [2022-10-02T21:03:14.183+0000] {dagbag.py:525} INFO - Filling up the DagBag from /home/airflow/.local/lib/python3.7/site-packages/airflow/example_dags/example_dag_decorator.py
[2022-10-02T21:03:14.205+0000] {processor.py:768} INFO - DAG(s) dict_keys(['example_dag_decorator']) retrieved from /home/airflow/.local/lib/python3.7/site-packages/airflow/example_dags/example_dag_decorator.py
[2022-10-02T21:03:14.253+0000] {logging_mixin.py:117} INFO - [2022-10-02T21:03:14.253+0000] {dag.py:2573} INFO - Sync 1 DAGs
[2022-10-02T21:03:14.269+0000] {logging_mixin.py:117} INFO - [2022-10-02T21:03:14.269+0000] {dag.py:3328} INFO - Setting next_dagrun for example_dag_decorator to None, run_after=None
[2022-10-02T21:03:14.284+0000] {processor.py:178} INFO - Processing /home/airflow/.local/lib/python3.7/site-packages/airflow/example_dags/example_dag_decorator.py took 0.110 seconds
[2022-10-02T21:03:44.854+0000] {processor.py:156} INFO - Started process (PID=900) to work on /home/airflow/.local/lib/python3.7/site-packages/airflow/example_dags/example_dag_decorator.py
[2022-10-02T21:03:44.856+0000] {processor.py:758} INFO - Processing file /home/airflow/.local/lib/python3.7/site-packages/airflow/example_dags/example_dag_decorator.py for tasks to queue
[2022-10-02T21:03:44.857+0000] {logging_mixin.py:117} INFO - [2022-10-02T21:03:44.857+0000] {dagbag.py:525} INFO - Filling up the DagBag from /home/airflow/.local/lib/python3.7/site-packages/airflow/example_dags/example_dag_decorator.py
[2022-10-02T21:03:44.878+0000] {processor.py:768} INFO - DAG(s) dict_keys(['example_dag_decorator']) retrieved from /home/airflow/.local/lib/python3.7/site-packages/airflow/example_dags/example_dag_decorator.py
[2022-10-02T21:03:44.946+0000] {logging_mixin.py:117} INFO - [2022-10-02T21:03:44.946+0000] {dag.py:2573} INFO - Sync 1 DAGs
[2022-10-02T21:03:44.963+0000] {logging_mixin.py:117} INFO - [2022-10-02T21:03:44.963+0000] {dag.py:3328} INFO - Setting next_dagrun for example_dag_decorator to None, run_after=None
[2022-10-02T21:03:44.981+0000] {processor.py:178} INFO - Processing /home/airflow/.local/lib/python3.7/site-packages/airflow/example_dags/example_dag_decorator.py took 0.130 seconds
[2022-10-02T21:04:15.423+0000] {processor.py:156} INFO - Started process (PID=953) to work on /home/airflow/.local/lib/python3.7/site-packages/airflow/example_dags/example_dag_decorator.py
[2022-10-02T21:04:15.426+0000] {processor.py:758} INFO - Processing file /home/airflow/.local/lib/python3.7/site-packages/airflow/example_dags/example_dag_decorator.py for tasks to queue
[2022-10-02T21:04:15.427+0000] {logging_mixin.py:117} INFO - [2022-10-02T21:04:15.427+0000] {dagbag.py:525} INFO - Filling up the DagBag from /home/airflow/.local/lib/python3.7/site-packages/airflow/example_dags/example_dag_decorator.py
[2022-10-02T21:04:15.452+0000] {processor.py:768} INFO - DAG(s) dict_keys(['example_dag_decorator']) retrieved from /home/airflow/.local/lib/python3.7/site-packages/airflow/example_dags/example_dag_decorator.py
[2022-10-02T21:04:15.528+0000] {logging_mixin.py:117} INFO - [2022-10-02T21:04:15.527+0000] {dag.py:2573} INFO - Sync 1 DAGs
[2022-10-02T21:04:15.553+0000] {logging_mixin.py:117} INFO - [2022-10-02T21:04:15.553+0000] {dag.py:3328} INFO - Setting next_dagrun for example_dag_decorator to None, run_after=None
[2022-10-02T21:04:15.578+0000] {processor.py:178} INFO - Processing /home/airflow/.local/lib/python3.7/site-packages/airflow/example_dags/example_dag_decorator.py took 0.167 seconds
[2022-10-02T21:05:08.349+0000] {processor.py:156} INFO - Started process (PID=37) to work on /home/airflow/.local/lib/python3.7/site-packages/airflow/example_dags/example_dag_decorator.py
[2022-10-02T21:05:08.352+0000] {processor.py:758} INFO - Processing file /home/airflow/.local/lib/python3.7/site-packages/airflow/example_dags/example_dag_decorator.py for tasks to queue
[2022-10-02T21:05:08.354+0000] {logging_mixin.py:117} INFO - [2022-10-02T21:05:08.353+0000] {dagbag.py:525} INFO - Filling up the DagBag from /home/airflow/.local/lib/python3.7/site-packages/airflow/example_dags/example_dag_decorator.py
[2022-10-02T21:05:08.404+0000] {processor.py:768} INFO - DAG(s) dict_keys(['example_dag_decorator']) retrieved from /home/airflow/.local/lib/python3.7/site-packages/airflow/example_dags/example_dag_decorator.py
[2022-10-02T21:05:08.455+0000] {logging_mixin.py:117} INFO - [2022-10-02T21:05:08.455+0000] {dag.py:2573} INFO - Sync 1 DAGs
[2022-10-02T21:05:08.485+0000] {logging_mixin.py:117} INFO - [2022-10-02T21:05:08.485+0000] {dag.py:3328} INFO - Setting next_dagrun for example_dag_decorator to None, run_after=None
[2022-10-02T21:05:08.507+0000] {processor.py:178} INFO - Processing /home/airflow/.local/lib/python3.7/site-packages/airflow/example_dags/example_dag_decorator.py took 0.161 seconds
[2022-10-02T21:05:39.443+0000] {processor.py:156} INFO - Started process (PID=101) to work on /home/airflow/.local/lib/python3.7/site-packages/airflow/example_dags/example_dag_decorator.py
[2022-10-02T21:05:39.445+0000] {processor.py:758} INFO - Processing file /home/airflow/.local/lib/python3.7/site-packages/airflow/example_dags/example_dag_decorator.py for tasks to queue
[2022-10-02T21:05:39.446+0000] {logging_mixin.py:117} INFO - [2022-10-02T21:05:39.446+0000] {dagbag.py:525} INFO - Filling up the DagBag from /home/airflow/.local/lib/python3.7/site-packages/airflow/example_dags/example_dag_decorator.py
[2022-10-02T21:05:39.468+0000] {processor.py:768} INFO - DAG(s) dict_keys(['example_dag_decorator']) retrieved from /home/airflow/.local/lib/python3.7/site-packages/airflow/example_dags/example_dag_decorator.py
[2022-10-02T21:05:39.513+0000] {logging_mixin.py:117} INFO - [2022-10-02T21:05:39.513+0000] {dag.py:2573} INFO - Sync 1 DAGs
[2022-10-02T21:05:39.528+0000] {logging_mixin.py:117} INFO - [2022-10-02T21:05:39.527+0000] {dag.py:3328} INFO - Setting next_dagrun for example_dag_decorator to None, run_after=None
[2022-10-02T21:05:39.542+0000] {processor.py:178} INFO - Processing /home/airflow/.local/lib/python3.7/site-packages/airflow/example_dags/example_dag_decorator.py took 0.103 seconds
[2022-10-02T21:06:09.651+0000] {processor.py:156} INFO - Started process (PID=166) to work on /home/airflow/.local/lib/python3.7/site-packages/airflow/example_dags/example_dag_decorator.py
[2022-10-02T21:06:09.652+0000] {processor.py:758} INFO - Processing file /home/airflow/.local/lib/python3.7/site-packages/airflow/example_dags/example_dag_decorator.py for tasks to queue
[2022-10-02T21:06:09.653+0000] {logging_mixin.py:117} INFO - [2022-10-02T21:06:09.653+0000] {dagbag.py:525} INFO - Filling up the DagBag from /home/airflow/.local/lib/python3.7/site-packages/airflow/example_dags/example_dag_decorator.py
[2022-10-02T21:06:09.670+0000] {processor.py:768} INFO - DAG(s) dict_keys(['example_dag_decorator']) retrieved from /home/airflow/.local/lib/python3.7/site-packages/airflow/example_dags/example_dag_decorator.py
[2022-10-02T21:06:09.716+0000] {logging_mixin.py:117} INFO - [2022-10-02T21:06:09.716+0000] {dag.py:2573} INFO - Sync 1 DAGs
[2022-10-02T21:06:09.732+0000] {logging_mixin.py:117} INFO - [2022-10-02T21:06:09.732+0000] {dag.py:3328} INFO - Setting next_dagrun for example_dag_decorator to None, run_after=None
[2022-10-02T21:06:09.747+0000] {processor.py:178} INFO - Processing /home/airflow/.local/lib/python3.7/site-packages/airflow/example_dags/example_dag_decorator.py took 0.098 seconds
[2022-10-02T21:06:39.889+0000] {processor.py:156} INFO - Started process (PID=229) to work on /home/airflow/.local/lib/python3.7/site-packages/airflow/example_dags/example_dag_decorator.py
[2022-10-02T21:06:39.893+0000] {processor.py:758} INFO - Processing file /home/airflow/.local/lib/python3.7/site-packages/airflow/example_dags/example_dag_decorator.py for tasks to queue
[2022-10-02T21:06:39.894+0000] {logging_mixin.py:117} INFO - [2022-10-02T21:06:39.894+0000] {dagbag.py:525} INFO - Filling up the DagBag from /home/airflow/.local/lib/python3.7/site-packages/airflow/example_dags/example_dag_decorator.py
[2022-10-02T21:06:39.931+0000] {processor.py:768} INFO - DAG(s) dict_keys(['example_dag_decorator']) retrieved from /home/airflow/.local/lib/python3.7/site-packages/airflow/example_dags/example_dag_decorator.py
[2022-10-02T21:06:39.989+0000] {logging_mixin.py:117} INFO - [2022-10-02T21:06:39.989+0000] {dag.py:2573} INFO - Sync 1 DAGs
[2022-10-02T21:06:40.004+0000] {logging_mixin.py:117} INFO - [2022-10-02T21:06:40.004+0000] {dag.py:3328} INFO - Setting next_dagrun for example_dag_decorator to None, run_after=None
[2022-10-02T21:06:40.017+0000] {processor.py:178} INFO - Processing /home/airflow/.local/lib/python3.7/site-packages/airflow/example_dags/example_dag_decorator.py took 0.136 seconds
[2022-10-02T21:07:10.077+0000] {processor.py:156} INFO - Started process (PID=284) to work on /home/airflow/.local/lib/python3.7/site-packages/airflow/example_dags/example_dag_decorator.py
[2022-10-02T21:07:10.080+0000] {processor.py:758} INFO - Processing file /home/airflow/.local/lib/python3.7/site-packages/airflow/example_dags/example_dag_decorator.py for tasks to queue
[2022-10-02T21:07:10.082+0000] {logging_mixin.py:117} INFO - [2022-10-02T21:07:10.082+0000] {dagbag.py:525} INFO - Filling up the DagBag from /home/airflow/.local/lib/python3.7/site-packages/airflow/example_dags/example_dag_decorator.py
[2022-10-02T21:07:10.101+0000] {processor.py:768} INFO - DAG(s) dict_keys(['example_dag_decorator']) retrieved from /home/airflow/.local/lib/python3.7/site-packages/airflow/example_dags/example_dag_decorator.py
[2022-10-02T21:07:10.146+0000] {logging_mixin.py:117} INFO - [2022-10-02T21:07:10.146+0000] {dag.py:2573} INFO - Sync 1 DAGs
[2022-10-02T21:07:10.163+0000] {logging_mixin.py:117} INFO - [2022-10-02T21:07:10.162+0000] {dag.py:3328} INFO - Setting next_dagrun for example_dag_decorator to None, run_after=None
[2022-10-02T21:07:10.178+0000] {processor.py:178} INFO - Processing /home/airflow/.local/lib/python3.7/site-packages/airflow/example_dags/example_dag_decorator.py took 0.103 seconds
[2022-10-02T21:07:40.748+0000] {processor.py:156} INFO - Started process (PID=346) to work on /home/airflow/.local/lib/python3.7/site-packages/airflow/example_dags/example_dag_decorator.py
[2022-10-02T21:07:40.750+0000] {processor.py:758} INFO - Processing file /home/airflow/.local/lib/python3.7/site-packages/airflow/example_dags/example_dag_decorator.py for tasks to queue
[2022-10-02T21:07:40.751+0000] {logging_mixin.py:117} INFO - [2022-10-02T21:07:40.751+0000] {dagbag.py:525} INFO - Filling up the DagBag from /home/airflow/.local/lib/python3.7/site-packages/airflow/example_dags/example_dag_decorator.py
[2022-10-02T21:07:40.769+0000] {processor.py:768} INFO - DAG(s) dict_keys(['example_dag_decorator']) retrieved from /home/airflow/.local/lib/python3.7/site-packages/airflow/example_dags/example_dag_decorator.py
[2022-10-02T21:07:40.814+0000] {logging_mixin.py:117} INFO - [2022-10-02T21:07:40.814+0000] {dag.py:2573} INFO - Sync 1 DAGs
[2022-10-02T21:07:40.829+0000] {logging_mixin.py:117} INFO - [2022-10-02T21:07:40.829+0000] {dag.py:3328} INFO - Setting next_dagrun for example_dag_decorator to None, run_after=None
[2022-10-02T21:07:40.844+0000] {processor.py:178} INFO - Processing /home/airflow/.local/lib/python3.7/site-packages/airflow/example_dags/example_dag_decorator.py took 0.101 seconds
[2022-10-02T21:08:10.980+0000] {processor.py:156} INFO - Started process (PID=409) to work on /home/airflow/.local/lib/python3.7/site-packages/airflow/example_dags/example_dag_decorator.py
[2022-10-02T21:08:10.981+0000] {processor.py:758} INFO - Processing file /home/airflow/.local/lib/python3.7/site-packages/airflow/example_dags/example_dag_decorator.py for tasks to queue
[2022-10-02T21:08:10.982+0000] {logging_mixin.py:117} INFO - [2022-10-02T21:08:10.982+0000] {dagbag.py:525} INFO - Filling up the DagBag from /home/airflow/.local/lib/python3.7/site-packages/airflow/example_dags/example_dag_decorator.py
[2022-10-02T21:08:11.005+0000] {processor.py:768} INFO - DAG(s) dict_keys(['example_dag_decorator']) retrieved from /home/airflow/.local/lib/python3.7/site-packages/airflow/example_dags/example_dag_decorator.py
[2022-10-02T21:08:11.053+0000] {logging_mixin.py:117} INFO - [2022-10-02T21:08:11.052+0000] {dag.py:2573} INFO - Sync 1 DAGs
[2022-10-02T21:08:11.068+0000] {logging_mixin.py:117} INFO - [2022-10-02T21:08:11.068+0000] {dag.py:3328} INFO - Setting next_dagrun for example_dag_decorator to None, run_after=None
[2022-10-02T21:08:11.082+0000] {processor.py:178} INFO - Processing /home/airflow/.local/lib/python3.7/site-packages/airflow/example_dags/example_dag_decorator.py took 0.106 seconds
[2022-10-02T21:08:41.208+0000] {processor.py:156} INFO - Started process (PID=472) to work on /home/airflow/.local/lib/python3.7/site-packages/airflow/example_dags/example_dag_decorator.py
[2022-10-02T21:08:41.210+0000] {processor.py:758} INFO - Processing file /home/airflow/.local/lib/python3.7/site-packages/airflow/example_dags/example_dag_decorator.py for tasks to queue
[2022-10-02T21:08:41.212+0000] {logging_mixin.py:117} INFO - [2022-10-02T21:08:41.212+0000] {dagbag.py:525} INFO - Filling up the DagBag from /home/airflow/.local/lib/python3.7/site-packages/airflow/example_dags/example_dag_decorator.py
[2022-10-02T21:08:41.227+0000] {processor.py:768} INFO - DAG(s) dict_keys(['example_dag_decorator']) retrieved from /home/airflow/.local/lib/python3.7/site-packages/airflow/example_dags/example_dag_decorator.py
[2022-10-02T21:08:41.269+0000] {logging_mixin.py:117} INFO - [2022-10-02T21:08:41.269+0000] {dag.py:2573} INFO - Sync 1 DAGs
[2022-10-02T21:08:41.281+0000] {logging_mixin.py:117} INFO - [2022-10-02T21:08:41.281+0000] {dag.py:3328} INFO - Setting next_dagrun for example_dag_decorator to None, run_after=None
[2022-10-02T21:08:41.292+0000] {processor.py:178} INFO - Processing /home/airflow/.local/lib/python3.7/site-packages/airflow/example_dags/example_dag_decorator.py took 0.086 seconds
[2022-10-02T21:09:11.321+0000] {processor.py:156} INFO - Started process (PID=535) to work on /home/airflow/.local/lib/python3.7/site-packages/airflow/example_dags/example_dag_decorator.py
[2022-10-02T21:09:11.323+0000] {processor.py:758} INFO - Processing file /home/airflow/.local/lib/python3.7/site-packages/airflow/example_dags/example_dag_decorator.py for tasks to queue
[2022-10-02T21:09:11.324+0000] {logging_mixin.py:117} INFO - [2022-10-02T21:09:11.324+0000] {dagbag.py:525} INFO - Filling up the DagBag from /home/airflow/.local/lib/python3.7/site-packages/airflow/example_dags/example_dag_decorator.py
[2022-10-02T21:09:11.344+0000] {processor.py:768} INFO - DAG(s) dict_keys(['example_dag_decorator']) retrieved from /home/airflow/.local/lib/python3.7/site-packages/airflow/example_dags/example_dag_decorator.py
[2022-10-02T21:09:11.393+0000] {logging_mixin.py:117} INFO - [2022-10-02T21:09:11.392+0000] {dag.py:2573} INFO - Sync 1 DAGs
[2022-10-02T21:09:11.406+0000] {logging_mixin.py:117} INFO - [2022-10-02T21:09:11.406+0000] {dag.py:3328} INFO - Setting next_dagrun for example_dag_decorator to None, run_after=None
[2022-10-02T21:09:11.417+0000] {processor.py:178} INFO - Processing /home/airflow/.local/lib/python3.7/site-packages/airflow/example_dags/example_dag_decorator.py took 0.098 seconds
[2022-10-02T21:09:41.684+0000] {processor.py:156} INFO - Started process (PID=589) to work on /home/airflow/.local/lib/python3.7/site-packages/airflow/example_dags/example_dag_decorator.py
[2022-10-02T21:09:41.686+0000] {processor.py:758} INFO - Processing file /home/airflow/.local/lib/python3.7/site-packages/airflow/example_dags/example_dag_decorator.py for tasks to queue
[2022-10-02T21:09:41.687+0000] {logging_mixin.py:117} INFO - [2022-10-02T21:09:41.687+0000] {dagbag.py:525} INFO - Filling up the DagBag from /home/airflow/.local/lib/python3.7/site-packages/airflow/example_dags/example_dag_decorator.py
[2022-10-02T21:09:41.703+0000] {processor.py:768} INFO - DAG(s) dict_keys(['example_dag_decorator']) retrieved from /home/airflow/.local/lib/python3.7/site-packages/airflow/example_dags/example_dag_decorator.py
[2022-10-02T21:09:41.746+0000] {logging_mixin.py:117} INFO - [2022-10-02T21:09:41.746+0000] {dag.py:2573} INFO - Sync 1 DAGs
[2022-10-02T21:09:41.759+0000] {logging_mixin.py:117} INFO - [2022-10-02T21:09:41.759+0000] {dag.py:3328} INFO - Setting next_dagrun for example_dag_decorator to None, run_after=None
[2022-10-02T21:09:41.769+0000] {processor.py:178} INFO - Processing /home/airflow/.local/lib/python3.7/site-packages/airflow/example_dags/example_dag_decorator.py took 0.087 seconds
[2022-10-02T21:10:11.874+0000] {processor.py:156} INFO - Started process (PID=652) to work on /home/airflow/.local/lib/python3.7/site-packages/airflow/example_dags/example_dag_decorator.py
[2022-10-02T21:10:11.876+0000] {processor.py:758} INFO - Processing file /home/airflow/.local/lib/python3.7/site-packages/airflow/example_dags/example_dag_decorator.py for tasks to queue
[2022-10-02T21:10:11.877+0000] {logging_mixin.py:117} INFO - [2022-10-02T21:10:11.877+0000] {dagbag.py:525} INFO - Filling up the DagBag from /home/airflow/.local/lib/python3.7/site-packages/airflow/example_dags/example_dag_decorator.py
[2022-10-02T21:10:11.895+0000] {processor.py:768} INFO - DAG(s) dict_keys(['example_dag_decorator']) retrieved from /home/airflow/.local/lib/python3.7/site-packages/airflow/example_dags/example_dag_decorator.py
[2022-10-02T21:10:11.951+0000] {logging_mixin.py:117} INFO - [2022-10-02T21:10:11.951+0000] {dag.py:2573} INFO - Sync 1 DAGs
[2022-10-02T21:10:11.967+0000] {logging_mixin.py:117} INFO - [2022-10-02T21:10:11.967+0000] {dag.py:3328} INFO - Setting next_dagrun for example_dag_decorator to None, run_after=None
[2022-10-02T21:10:11.980+0000] {processor.py:178} INFO - Processing /home/airflow/.local/lib/python3.7/site-packages/airflow/example_dags/example_dag_decorator.py took 0.107 seconds
[2022-10-02T21:10:42.035+0000] {processor.py:156} INFO - Started process (PID=714) to work on /home/airflow/.local/lib/python3.7/site-packages/airflow/example_dags/example_dag_decorator.py
[2022-10-02T21:10:42.037+0000] {processor.py:758} INFO - Processing file /home/airflow/.local/lib/python3.7/site-packages/airflow/example_dags/example_dag_decorator.py for tasks to queue
[2022-10-02T21:10:42.038+0000] {logging_mixin.py:117} INFO - [2022-10-02T21:10:42.038+0000] {dagbag.py:525} INFO - Filling up the DagBag from /home/airflow/.local/lib/python3.7/site-packages/airflow/example_dags/example_dag_decorator.py
[2022-10-02T21:10:42.056+0000] {processor.py:768} INFO - DAG(s) dict_keys(['example_dag_decorator']) retrieved from /home/airflow/.local/lib/python3.7/site-packages/airflow/example_dags/example_dag_decorator.py
[2022-10-02T21:10:42.101+0000] {logging_mixin.py:117} INFO - [2022-10-02T21:10:42.101+0000] {dag.py:2573} INFO - Sync 1 DAGs
[2022-10-02T21:10:42.117+0000] {logging_mixin.py:117} INFO - [2022-10-02T21:10:42.117+0000] {dag.py:3328} INFO - Setting next_dagrun for example_dag_decorator to None, run_after=None
[2022-10-02T21:10:42.133+0000] {processor.py:178} INFO - Processing /home/airflow/.local/lib/python3.7/site-packages/airflow/example_dags/example_dag_decorator.py took 0.100 seconds
[2022-10-02T21:11:12.276+0000] {processor.py:156} INFO - Started process (PID=777) to work on /home/airflow/.local/lib/python3.7/site-packages/airflow/example_dags/example_dag_decorator.py
[2022-10-02T21:11:12.278+0000] {processor.py:758} INFO - Processing file /home/airflow/.local/lib/python3.7/site-packages/airflow/example_dags/example_dag_decorator.py for tasks to queue
[2022-10-02T21:11:12.279+0000] {logging_mixin.py:117} INFO - [2022-10-02T21:11:12.279+0000] {dagbag.py:525} INFO - Filling up the DagBag from /home/airflow/.local/lib/python3.7/site-packages/airflow/example_dags/example_dag_decorator.py
[2022-10-02T21:11:12.294+0000] {processor.py:768} INFO - DAG(s) dict_keys(['example_dag_decorator']) retrieved from /home/airflow/.local/lib/python3.7/site-packages/airflow/example_dags/example_dag_decorator.py
[2022-10-02T21:11:12.338+0000] {logging_mixin.py:117} INFO - [2022-10-02T21:11:12.337+0000] {dag.py:2573} INFO - Sync 1 DAGs
[2022-10-02T21:11:12.350+0000] {logging_mixin.py:117} INFO - [2022-10-02T21:11:12.350+0000] {dag.py:3328} INFO - Setting next_dagrun for example_dag_decorator to None, run_after=None
[2022-10-02T21:11:12.361+0000] {processor.py:178} INFO - Processing /home/airflow/.local/lib/python3.7/site-packages/airflow/example_dags/example_dag_decorator.py took 0.087 seconds
[2022-10-02T21:11:42.658+0000] {processor.py:156} INFO - Started process (PID=839) to work on /home/airflow/.local/lib/python3.7/site-packages/airflow/example_dags/example_dag_decorator.py
[2022-10-02T21:11:42.659+0000] {processor.py:758} INFO - Processing file /home/airflow/.local/lib/python3.7/site-packages/airflow/example_dags/example_dag_decorator.py for tasks to queue
[2022-10-02T21:11:42.660+0000] {logging_mixin.py:117} INFO - [2022-10-02T21:11:42.660+0000] {dagbag.py:525} INFO - Filling up the DagBag from /home/airflow/.local/lib/python3.7/site-packages/airflow/example_dags/example_dag_decorator.py
[2022-10-02T21:11:42.678+0000] {processor.py:768} INFO - DAG(s) dict_keys(['example_dag_decorator']) retrieved from /home/airflow/.local/lib/python3.7/site-packages/airflow/example_dags/example_dag_decorator.py
[2022-10-02T21:11:42.720+0000] {logging_mixin.py:117} INFO - [2022-10-02T21:11:42.720+0000] {dag.py:2573} INFO - Sync 1 DAGs
[2022-10-02T21:11:42.733+0000] {logging_mixin.py:117} INFO - [2022-10-02T21:11:42.733+0000] {dag.py:3328} INFO - Setting next_dagrun for example_dag_decorator to None, run_after=None
[2022-10-02T21:11:42.744+0000] {processor.py:178} INFO - Processing /home/airflow/.local/lib/python3.7/site-packages/airflow/example_dags/example_dag_decorator.py took 0.088 seconds
[2022-10-02T21:12:13.295+0000] {processor.py:156} INFO - Started process (PID=903) to work on /home/airflow/.local/lib/python3.7/site-packages/airflow/example_dags/example_dag_decorator.py
[2022-10-02T21:12:13.297+0000] {processor.py:758} INFO - Processing file /home/airflow/.local/lib/python3.7/site-packages/airflow/example_dags/example_dag_decorator.py for tasks to queue
[2022-10-02T21:12:13.298+0000] {logging_mixin.py:117} INFO - [2022-10-02T21:12:13.298+0000] {dagbag.py:525} INFO - Filling up the DagBag from /home/airflow/.local/lib/python3.7/site-packages/airflow/example_dags/example_dag_decorator.py
[2022-10-02T21:12:13.320+0000] {processor.py:768} INFO - DAG(s) dict_keys(['example_dag_decorator']) retrieved from /home/airflow/.local/lib/python3.7/site-packages/airflow/example_dags/example_dag_decorator.py
[2022-10-02T21:12:13.377+0000] {logging_mixin.py:117} INFO - [2022-10-02T21:12:13.377+0000] {dag.py:2573} INFO - Sync 1 DAGs
[2022-10-02T21:12:13.394+0000] {logging_mixin.py:117} INFO - [2022-10-02T21:12:13.394+0000] {dag.py:3328} INFO - Setting next_dagrun for example_dag_decorator to None, run_after=None
[2022-10-02T21:12:13.422+0000] {processor.py:178} INFO - Processing /home/airflow/.local/lib/python3.7/site-packages/airflow/example_dags/example_dag_decorator.py took 0.132 seconds
[2022-10-02T21:12:43.549+0000] {processor.py:156} INFO - Started process (PID=957) to work on /home/airflow/.local/lib/python3.7/site-packages/airflow/example_dags/example_dag_decorator.py
[2022-10-02T21:12:43.551+0000] {processor.py:758} INFO - Processing file /home/airflow/.local/lib/python3.7/site-packages/airflow/example_dags/example_dag_decorator.py for tasks to queue
[2022-10-02T21:12:43.552+0000] {logging_mixin.py:117} INFO - [2022-10-02T21:12:43.552+0000] {dagbag.py:525} INFO - Filling up the DagBag from /home/airflow/.local/lib/python3.7/site-packages/airflow/example_dags/example_dag_decorator.py
[2022-10-02T21:12:43.569+0000] {processor.py:768} INFO - DAG(s) dict_keys(['example_dag_decorator']) retrieved from /home/airflow/.local/lib/python3.7/site-packages/airflow/example_dags/example_dag_decorator.py
[2022-10-02T21:12:43.616+0000] {logging_mixin.py:117} INFO - [2022-10-02T21:12:43.616+0000] {dag.py:2573} INFO - Sync 1 DAGs
[2022-10-02T21:12:43.630+0000] {logging_mixin.py:117} INFO - [2022-10-02T21:12:43.629+0000] {dag.py:3328} INFO - Setting next_dagrun for example_dag_decorator to None, run_after=None
[2022-10-02T21:12:43.643+0000] {processor.py:178} INFO - Processing /home/airflow/.local/lib/python3.7/site-packages/airflow/example_dags/example_dag_decorator.py took 0.096 seconds
[2022-10-02T21:13:13.813+0000] {processor.py:156} INFO - Started process (PID=1019) to work on /home/airflow/.local/lib/python3.7/site-packages/airflow/example_dags/example_dag_decorator.py
[2022-10-02T21:13:13.815+0000] {processor.py:758} INFO - Processing file /home/airflow/.local/lib/python3.7/site-packages/airflow/example_dags/example_dag_decorator.py for tasks to queue
[2022-10-02T21:13:13.816+0000] {logging_mixin.py:117} INFO - [2022-10-02T21:13:13.816+0000] {dagbag.py:525} INFO - Filling up the DagBag from /home/airflow/.local/lib/python3.7/site-packages/airflow/example_dags/example_dag_decorator.py
[2022-10-02T21:13:13.833+0000] {processor.py:768} INFO - DAG(s) dict_keys(['example_dag_decorator']) retrieved from /home/airflow/.local/lib/python3.7/site-packages/airflow/example_dags/example_dag_decorator.py
[2022-10-02T21:13:13.880+0000] {logging_mixin.py:117} INFO - [2022-10-02T21:13:13.880+0000] {dag.py:2573} INFO - Sync 1 DAGs
[2022-10-02T21:13:13.896+0000] {logging_mixin.py:117} INFO - [2022-10-02T21:13:13.896+0000] {dag.py:3328} INFO - Setting next_dagrun for example_dag_decorator to None, run_after=None
[2022-10-02T21:13:13.912+0000] {processor.py:178} INFO - Processing /home/airflow/.local/lib/python3.7/site-packages/airflow/example_dags/example_dag_decorator.py took 0.101 seconds
[2022-10-02T21:14:55.537+0000] {processor.py:156} INFO - Started process (PID=44) to work on /home/airflow/.local/lib/python3.7/site-packages/airflow/example_dags/example_dag_decorator.py
[2022-10-02T21:14:55.543+0000] {processor.py:758} INFO - Processing file /home/airflow/.local/lib/python3.7/site-packages/airflow/example_dags/example_dag_decorator.py for tasks to queue
[2022-10-02T21:14:55.549+0000] {logging_mixin.py:117} INFO - [2022-10-02T21:14:55.549+0000] {dagbag.py:525} INFO - Filling up the DagBag from /home/airflow/.local/lib/python3.7/site-packages/airflow/example_dags/example_dag_decorator.py
[2022-10-02T21:14:55.741+0000] {processor.py:768} INFO - DAG(s) dict_keys(['example_dag_decorator']) retrieved from /home/airflow/.local/lib/python3.7/site-packages/airflow/example_dags/example_dag_decorator.py
[2022-10-02T21:14:55.879+0000] {logging_mixin.py:117} INFO - [2022-10-02T21:14:55.879+0000] {dag.py:2573} INFO - Sync 1 DAGs
[2022-10-02T21:14:55.982+0000] {logging_mixin.py:117} INFO - [2022-10-02T21:14:55.981+0000] {dag.py:3328} INFO - Setting next_dagrun for example_dag_decorator to None, run_after=None
[2022-10-02T21:14:56.143+0000] {processor.py:178} INFO - Processing /home/airflow/.local/lib/python3.7/site-packages/airflow/example_dags/example_dag_decorator.py took 0.619 seconds
[2022-10-02T21:15:26.766+0000] {processor.py:156} INFO - Started process (PID=101) to work on /home/airflow/.local/lib/python3.7/site-packages/airflow/example_dags/example_dag_decorator.py
[2022-10-02T21:15:26.768+0000] {processor.py:758} INFO - Processing file /home/airflow/.local/lib/python3.7/site-packages/airflow/example_dags/example_dag_decorator.py for tasks to queue
[2022-10-02T21:15:26.769+0000] {logging_mixin.py:117} INFO - [2022-10-02T21:15:26.769+0000] {dagbag.py:525} INFO - Filling up the DagBag from /home/airflow/.local/lib/python3.7/site-packages/airflow/example_dags/example_dag_decorator.py
[2022-10-02T21:15:26.801+0000] {processor.py:768} INFO - DAG(s) dict_keys(['example_dag_decorator']) retrieved from /home/airflow/.local/lib/python3.7/site-packages/airflow/example_dags/example_dag_decorator.py
[2022-10-02T21:15:26.870+0000] {logging_mixin.py:117} INFO - [2022-10-02T21:15:26.870+0000] {dag.py:2573} INFO - Sync 1 DAGs
[2022-10-02T21:15:26.898+0000] {logging_mixin.py:117} INFO - [2022-10-02T21:15:26.898+0000] {dag.py:3328} INFO - Setting next_dagrun for example_dag_decorator to None, run_after=None
[2022-10-02T21:15:26.924+0000] {processor.py:178} INFO - Processing /home/airflow/.local/lib/python3.7/site-packages/airflow/example_dags/example_dag_decorator.py took 0.160 seconds
[2022-10-02T21:15:57.113+0000] {processor.py:156} INFO - Started process (PID=164) to work on /home/airflow/.local/lib/python3.7/site-packages/airflow/example_dags/example_dag_decorator.py
[2022-10-02T21:15:57.115+0000] {processor.py:758} INFO - Processing file /home/airflow/.local/lib/python3.7/site-packages/airflow/example_dags/example_dag_decorator.py for tasks to queue
[2022-10-02T21:15:57.117+0000] {logging_mixin.py:117} INFO - [2022-10-02T21:15:57.117+0000] {dagbag.py:525} INFO - Filling up the DagBag from /home/airflow/.local/lib/python3.7/site-packages/airflow/example_dags/example_dag_decorator.py
[2022-10-02T21:15:57.140+0000] {processor.py:768} INFO - DAG(s) dict_keys(['example_dag_decorator']) retrieved from /home/airflow/.local/lib/python3.7/site-packages/airflow/example_dags/example_dag_decorator.py
[2022-10-02T21:15:57.227+0000] {logging_mixin.py:117} INFO - [2022-10-02T21:15:57.227+0000] {dag.py:2573} INFO - Sync 1 DAGs
[2022-10-02T21:15:57.300+0000] {logging_mixin.py:117} INFO - [2022-10-02T21:15:57.300+0000] {dag.py:3328} INFO - Setting next_dagrun for example_dag_decorator to None, run_after=None
[2022-10-02T21:15:57.356+0000] {processor.py:178} INFO - Processing /home/airflow/.local/lib/python3.7/site-packages/airflow/example_dags/example_dag_decorator.py took 0.257 seconds
[2022-10-02T21:16:27.947+0000] {processor.py:156} INFO - Started process (PID=226) to work on /home/airflow/.local/lib/python3.7/site-packages/airflow/example_dags/example_dag_decorator.py
[2022-10-02T21:16:27.948+0000] {processor.py:758} INFO - Processing file /home/airflow/.local/lib/python3.7/site-packages/airflow/example_dags/example_dag_decorator.py for tasks to queue
[2022-10-02T21:16:27.949+0000] {logging_mixin.py:117} INFO - [2022-10-02T21:16:27.949+0000] {dagbag.py:525} INFO - Filling up the DagBag from /home/airflow/.local/lib/python3.7/site-packages/airflow/example_dags/example_dag_decorator.py
[2022-10-02T21:16:27.972+0000] {processor.py:768} INFO - DAG(s) dict_keys(['example_dag_decorator']) retrieved from /home/airflow/.local/lib/python3.7/site-packages/airflow/example_dags/example_dag_decorator.py
[2022-10-02T21:16:28.032+0000] {logging_mixin.py:117} INFO - [2022-10-02T21:16:28.032+0000] {dag.py:2573} INFO - Sync 1 DAGs
[2022-10-02T21:16:28.049+0000] {logging_mixin.py:117} INFO - [2022-10-02T21:16:28.049+0000] {dag.py:3328} INFO - Setting next_dagrun for example_dag_decorator to None, run_after=None
[2022-10-02T21:16:28.091+0000] {processor.py:178} INFO - Processing /home/airflow/.local/lib/python3.7/site-packages/airflow/example_dags/example_dag_decorator.py took 0.147 seconds
[2022-10-02T21:16:58.760+0000] {processor.py:156} INFO - Started process (PID=279) to work on /home/airflow/.local/lib/python3.7/site-packages/airflow/example_dags/example_dag_decorator.py
[2022-10-02T21:16:58.764+0000] {processor.py:758} INFO - Processing file /home/airflow/.local/lib/python3.7/site-packages/airflow/example_dags/example_dag_decorator.py for tasks to queue
[2022-10-02T21:16:58.767+0000] {logging_mixin.py:117} INFO - [2022-10-02T21:16:58.767+0000] {dagbag.py:525} INFO - Filling up the DagBag from /home/airflow/.local/lib/python3.7/site-packages/airflow/example_dags/example_dag_decorator.py
[2022-10-02T21:16:58.796+0000] {processor.py:768} INFO - DAG(s) dict_keys(['example_dag_decorator']) retrieved from /home/airflow/.local/lib/python3.7/site-packages/airflow/example_dags/example_dag_decorator.py
[2022-10-02T21:16:58.891+0000] {logging_mixin.py:117} INFO - [2022-10-02T21:16:58.891+0000] {dag.py:2573} INFO - Sync 1 DAGs
[2022-10-02T21:16:58.911+0000] {logging_mixin.py:117} INFO - [2022-10-02T21:16:58.911+0000] {dag.py:3328} INFO - Setting next_dagrun for example_dag_decorator to None, run_after=None
[2022-10-02T21:16:58.925+0000] {processor.py:178} INFO - Processing /home/airflow/.local/lib/python3.7/site-packages/airflow/example_dags/example_dag_decorator.py took 0.167 seconds
[2022-10-02T21:17:29.933+0000] {processor.py:156} INFO - Started process (PID=342) to work on /home/airflow/.local/lib/python3.7/site-packages/airflow/example_dags/example_dag_decorator.py
[2022-10-02T21:17:29.937+0000] {processor.py:758} INFO - Processing file /home/airflow/.local/lib/python3.7/site-packages/airflow/example_dags/example_dag_decorator.py for tasks to queue
[2022-10-02T21:17:29.939+0000] {logging_mixin.py:117} INFO - [2022-10-02T21:17:29.939+0000] {dagbag.py:525} INFO - Filling up the DagBag from /home/airflow/.local/lib/python3.7/site-packages/airflow/example_dags/example_dag_decorator.py
[2022-10-02T21:17:29.993+0000] {processor.py:768} INFO - DAG(s) dict_keys(['example_dag_decorator']) retrieved from /home/airflow/.local/lib/python3.7/site-packages/airflow/example_dags/example_dag_decorator.py
[2022-10-02T21:17:30.075+0000] {logging_mixin.py:117} INFO - [2022-10-02T21:17:30.075+0000] {dag.py:2573} INFO - Sync 1 DAGs
[2022-10-02T21:17:30.094+0000] {logging_mixin.py:117} INFO - [2022-10-02T21:17:30.094+0000] {dag.py:3328} INFO - Setting next_dagrun for example_dag_decorator to None, run_after=None
[2022-10-02T21:17:30.119+0000] {processor.py:178} INFO - Processing /home/airflow/.local/lib/python3.7/site-packages/airflow/example_dags/example_dag_decorator.py took 0.190 seconds
[2022-10-02T21:18:00.448+0000] {processor.py:156} INFO - Started process (PID=406) to work on /home/airflow/.local/lib/python3.7/site-packages/airflow/example_dags/example_dag_decorator.py
[2022-10-02T21:18:00.450+0000] {processor.py:758} INFO - Processing file /home/airflow/.local/lib/python3.7/site-packages/airflow/example_dags/example_dag_decorator.py for tasks to queue
[2022-10-02T21:18:00.451+0000] {logging_mixin.py:117} INFO - [2022-10-02T21:18:00.451+0000] {dagbag.py:525} INFO - Filling up the DagBag from /home/airflow/.local/lib/python3.7/site-packages/airflow/example_dags/example_dag_decorator.py
[2022-10-02T21:18:00.473+0000] {processor.py:768} INFO - DAG(s) dict_keys(['example_dag_decorator']) retrieved from /home/airflow/.local/lib/python3.7/site-packages/airflow/example_dags/example_dag_decorator.py
[2022-10-02T21:18:00.519+0000] {logging_mixin.py:117} INFO - [2022-10-02T21:18:00.519+0000] {dag.py:2573} INFO - Sync 1 DAGs
[2022-10-02T21:18:00.535+0000] {logging_mixin.py:117} INFO - [2022-10-02T21:18:00.535+0000] {dag.py:3328} INFO - Setting next_dagrun for example_dag_decorator to None, run_after=None
[2022-10-02T21:18:00.549+0000] {processor.py:178} INFO - Processing /home/airflow/.local/lib/python3.7/site-packages/airflow/example_dags/example_dag_decorator.py took 0.104 seconds
[2022-10-02T21:18:30.801+0000] {processor.py:156} INFO - Started process (PID=471) to work on /home/airflow/.local/lib/python3.7/site-packages/airflow/example_dags/example_dag_decorator.py
[2022-10-02T21:18:30.804+0000] {processor.py:758} INFO - Processing file /home/airflow/.local/lib/python3.7/site-packages/airflow/example_dags/example_dag_decorator.py for tasks to queue
[2022-10-02T21:18:30.806+0000] {logging_mixin.py:117} INFO - [2022-10-02T21:18:30.806+0000] {dagbag.py:525} INFO - Filling up the DagBag from /home/airflow/.local/lib/python3.7/site-packages/airflow/example_dags/example_dag_decorator.py
[2022-10-02T21:18:30.833+0000] {processor.py:768} INFO - DAG(s) dict_keys(['example_dag_decorator']) retrieved from /home/airflow/.local/lib/python3.7/site-packages/airflow/example_dags/example_dag_decorator.py
[2022-10-02T21:18:30.916+0000] {logging_mixin.py:117} INFO - [2022-10-02T21:18:30.916+0000] {dag.py:2573} INFO - Sync 1 DAGs
[2022-10-02T21:18:30.946+0000] {logging_mixin.py:117} INFO - [2022-10-02T21:18:30.946+0000] {dag.py:3328} INFO - Setting next_dagrun for example_dag_decorator to None, run_after=None
[2022-10-02T21:18:30.963+0000] {processor.py:178} INFO - Processing /home/airflow/.local/lib/python3.7/site-packages/airflow/example_dags/example_dag_decorator.py took 0.166 seconds
[2022-10-02T21:19:01.221+0000] {processor.py:156} INFO - Started process (PID=534) to work on /home/airflow/.local/lib/python3.7/site-packages/airflow/example_dags/example_dag_decorator.py
[2022-10-02T21:19:01.224+0000] {processor.py:758} INFO - Processing file /home/airflow/.local/lib/python3.7/site-packages/airflow/example_dags/example_dag_decorator.py for tasks to queue
[2022-10-02T21:19:01.225+0000] {logging_mixin.py:117} INFO - [2022-10-02T21:19:01.225+0000] {dagbag.py:525} INFO - Filling up the DagBag from /home/airflow/.local/lib/python3.7/site-packages/airflow/example_dags/example_dag_decorator.py
[2022-10-02T21:19:01.247+0000] {processor.py:768} INFO - DAG(s) dict_keys(['example_dag_decorator']) retrieved from /home/airflow/.local/lib/python3.7/site-packages/airflow/example_dags/example_dag_decorator.py
[2022-10-02T21:19:01.306+0000] {logging_mixin.py:117} INFO - [2022-10-02T21:19:01.306+0000] {dag.py:2573} INFO - Sync 1 DAGs
[2022-10-02T21:19:01.324+0000] {logging_mixin.py:117} INFO - [2022-10-02T21:19:01.323+0000] {dag.py:3328} INFO - Setting next_dagrun for example_dag_decorator to None, run_after=None
[2022-10-02T21:19:01.362+0000] {processor.py:178} INFO - Processing /home/airflow/.local/lib/python3.7/site-packages/airflow/example_dags/example_dag_decorator.py took 0.143 seconds
[2022-10-02T21:19:31.935+0000] {processor.py:156} INFO - Started process (PID=588) to work on /home/airflow/.local/lib/python3.7/site-packages/airflow/example_dags/example_dag_decorator.py
[2022-10-02T21:19:31.937+0000] {processor.py:758} INFO - Processing file /home/airflow/.local/lib/python3.7/site-packages/airflow/example_dags/example_dag_decorator.py for tasks to queue
[2022-10-02T21:19:31.938+0000] {logging_mixin.py:117} INFO - [2022-10-02T21:19:31.938+0000] {dagbag.py:525} INFO - Filling up the DagBag from /home/airflow/.local/lib/python3.7/site-packages/airflow/example_dags/example_dag_decorator.py
[2022-10-02T21:19:31.956+0000] {processor.py:768} INFO - DAG(s) dict_keys(['example_dag_decorator']) retrieved from /home/airflow/.local/lib/python3.7/site-packages/airflow/example_dags/example_dag_decorator.py
[2022-10-02T21:19:32.005+0000] {logging_mixin.py:117} INFO - [2022-10-02T21:19:32.005+0000] {dag.py:2573} INFO - Sync 1 DAGs
[2022-10-02T21:19:32.021+0000] {logging_mixin.py:117} INFO - [2022-10-02T21:19:32.021+0000] {dag.py:3328} INFO - Setting next_dagrun for example_dag_decorator to None, run_after=None
[2022-10-02T21:19:32.036+0000] {processor.py:178} INFO - Processing /home/airflow/.local/lib/python3.7/site-packages/airflow/example_dags/example_dag_decorator.py took 0.103 seconds
