[2022-10-02T20:50:17.545+0000] {processor.py:156} INFO - Started process (PID=71) to work on /home/airflow/.local/lib/python3.7/site-packages/airflow/example_dags/example_short_circuit_decorator.py
[2022-10-02T20:50:17.555+0000] {processor.py:758} INFO - Processing file /home/airflow/.local/lib/python3.7/site-packages/airflow/example_dags/example_short_circuit_decorator.py for tasks to queue
[2022-10-02T20:50:17.558+0000] {logging_mixin.py:117} INFO - [2022-10-02T20:50:17.558+0000] {dagbag.py:525} INFO - Filling up the DagBag from /home/airflow/.local/lib/python3.7/site-packages/airflow/example_dags/example_short_circuit_decorator.py
[2022-10-02T20:50:17.624+0000] {processor.py:768} INFO - DAG(s) dict_keys(['example_short_circuit_decorator']) retrieved from /home/airflow/.local/lib/python3.7/site-packages/airflow/example_dags/example_short_circuit_decorator.py
[2022-10-02T20:50:17.696+0000] {logging_mixin.py:117} INFO - [2022-10-02T20:50:17.696+0000] {dag.py:2573} INFO - Sync 1 DAGs
[2022-10-02T20:50:17.780+0000] {logging_mixin.py:117} INFO - [2022-10-02T20:50:17.779+0000] {dag.py:3328} INFO - Setting next_dagrun for example_short_circuit_decorator to 2022-10-01T20:50:17.779641+00:00, run_after=2022-10-02T20:50:17.779641+00:00
[2022-10-02T20:50:17.820+0000] {processor.py:178} INFO - Processing /home/airflow/.local/lib/python3.7/site-packages/airflow/example_dags/example_short_circuit_decorator.py took 0.280 seconds
[2022-10-02T20:50:48.503+0000] {processor.py:156} INFO - Started process (PID=124) to work on /home/airflow/.local/lib/python3.7/site-packages/airflow/example_dags/example_short_circuit_decorator.py
[2022-10-02T20:50:48.505+0000] {processor.py:758} INFO - Processing file /home/airflow/.local/lib/python3.7/site-packages/airflow/example_dags/example_short_circuit_decorator.py for tasks to queue
[2022-10-02T20:50:48.506+0000] {logging_mixin.py:117} INFO - [2022-10-02T20:50:48.506+0000] {dagbag.py:525} INFO - Filling up the DagBag from /home/airflow/.local/lib/python3.7/site-packages/airflow/example_dags/example_short_circuit_decorator.py
[2022-10-02T20:50:48.524+0000] {processor.py:768} INFO - DAG(s) dict_keys(['example_short_circuit_decorator']) retrieved from /home/airflow/.local/lib/python3.7/site-packages/airflow/example_dags/example_short_circuit_decorator.py
[2022-10-02T20:50:48.574+0000] {logging_mixin.py:117} INFO - [2022-10-02T20:50:48.574+0000] {dag.py:2573} INFO - Sync 1 DAGs
[2022-10-02T20:50:48.598+0000] {logging_mixin.py:117} INFO - [2022-10-02T20:50:48.597+0000] {dag.py:3328} INFO - Setting next_dagrun for example_short_circuit_decorator to 2022-10-01T20:50:48.597823+00:00, run_after=2022-10-02T20:50:48.597823+00:00
[2022-10-02T20:50:48.613+0000] {processor.py:178} INFO - Processing /home/airflow/.local/lib/python3.7/site-packages/airflow/example_dags/example_short_circuit_decorator.py took 0.112 seconds
[2022-10-02T20:51:19.093+0000] {processor.py:156} INFO - Started process (PID=189) to work on /home/airflow/.local/lib/python3.7/site-packages/airflow/example_dags/example_short_circuit_decorator.py
[2022-10-02T20:51:19.095+0000] {processor.py:758} INFO - Processing file /home/airflow/.local/lib/python3.7/site-packages/airflow/example_dags/example_short_circuit_decorator.py for tasks to queue
[2022-10-02T20:51:19.096+0000] {logging_mixin.py:117} INFO - [2022-10-02T20:51:19.096+0000] {dagbag.py:525} INFO - Filling up the DagBag from /home/airflow/.local/lib/python3.7/site-packages/airflow/example_dags/example_short_circuit_decorator.py
[2022-10-02T20:51:19.113+0000] {processor.py:768} INFO - DAG(s) dict_keys(['example_short_circuit_decorator']) retrieved from /home/airflow/.local/lib/python3.7/site-packages/airflow/example_dags/example_short_circuit_decorator.py
[2022-10-02T20:51:19.142+0000] {logging_mixin.py:117} INFO - [2022-10-02T20:51:19.142+0000] {dag.py:2573} INFO - Sync 1 DAGs
[2022-10-02T20:51:19.162+0000] {logging_mixin.py:117} INFO - [2022-10-02T20:51:19.162+0000] {dag.py:3328} INFO - Setting next_dagrun for example_short_circuit_decorator to 2022-10-01T20:51:19.162124+00:00, run_after=2022-10-02T20:51:19.162124+00:00
[2022-10-02T20:51:19.180+0000] {processor.py:178} INFO - Processing /home/airflow/.local/lib/python3.7/site-packages/airflow/example_dags/example_short_circuit_decorator.py took 0.089 seconds
[2022-10-02T20:51:49.932+0000] {processor.py:156} INFO - Started process (PID=252) to work on /home/airflow/.local/lib/python3.7/site-packages/airflow/example_dags/example_short_circuit_decorator.py
[2022-10-02T20:51:49.935+0000] {processor.py:758} INFO - Processing file /home/airflow/.local/lib/python3.7/site-packages/airflow/example_dags/example_short_circuit_decorator.py for tasks to queue
[2022-10-02T20:51:49.937+0000] {logging_mixin.py:117} INFO - [2022-10-02T20:51:49.937+0000] {dagbag.py:525} INFO - Filling up the DagBag from /home/airflow/.local/lib/python3.7/site-packages/airflow/example_dags/example_short_circuit_decorator.py
[2022-10-02T20:51:49.955+0000] {processor.py:768} INFO - DAG(s) dict_keys(['example_short_circuit_decorator']) retrieved from /home/airflow/.local/lib/python3.7/site-packages/airflow/example_dags/example_short_circuit_decorator.py
[2022-10-02T20:51:49.987+0000] {logging_mixin.py:117} INFO - [2022-10-02T20:51:49.987+0000] {dag.py:2573} INFO - Sync 1 DAGs
[2022-10-02T20:51:50.005+0000] {logging_mixin.py:117} INFO - [2022-10-02T20:51:50.005+0000] {dag.py:3328} INFO - Setting next_dagrun for example_short_circuit_decorator to 2022-10-01T20:51:50.005482+00:00, run_after=2022-10-02T20:51:50.005482+00:00
[2022-10-02T20:51:50.022+0000] {processor.py:178} INFO - Processing /home/airflow/.local/lib/python3.7/site-packages/airflow/example_dags/example_short_circuit_decorator.py took 0.093 seconds
[2022-10-02T20:52:20.520+0000] {processor.py:156} INFO - Started process (PID=313) to work on /home/airflow/.local/lib/python3.7/site-packages/airflow/example_dags/example_short_circuit_decorator.py
[2022-10-02T20:52:20.522+0000] {processor.py:758} INFO - Processing file /home/airflow/.local/lib/python3.7/site-packages/airflow/example_dags/example_short_circuit_decorator.py for tasks to queue
[2022-10-02T20:52:20.523+0000] {logging_mixin.py:117} INFO - [2022-10-02T20:52:20.523+0000] {dagbag.py:525} INFO - Filling up the DagBag from /home/airflow/.local/lib/python3.7/site-packages/airflow/example_dags/example_short_circuit_decorator.py
[2022-10-02T20:52:20.540+0000] {processor.py:768} INFO - DAG(s) dict_keys(['example_short_circuit_decorator']) retrieved from /home/airflow/.local/lib/python3.7/site-packages/airflow/example_dags/example_short_circuit_decorator.py
[2022-10-02T20:52:20.592+0000] {logging_mixin.py:117} INFO - [2022-10-02T20:52:20.592+0000] {dag.py:2573} INFO - Sync 1 DAGs
[2022-10-02T20:52:20.611+0000] {logging_mixin.py:117} INFO - [2022-10-02T20:52:20.611+0000] {dag.py:3328} INFO - Setting next_dagrun for example_short_circuit_decorator to 2022-10-01T20:52:20.610950+00:00, run_after=2022-10-02T20:52:20.610950+00:00
[2022-10-02T20:52:20.633+0000] {processor.py:178} INFO - Processing /home/airflow/.local/lib/python3.7/site-packages/airflow/example_dags/example_short_circuit_decorator.py took 0.115 seconds
[2022-10-02T20:52:50.741+0000] {processor.py:156} INFO - Started process (PID=376) to work on /home/airflow/.local/lib/python3.7/site-packages/airflow/example_dags/example_short_circuit_decorator.py
[2022-10-02T20:52:50.744+0000] {processor.py:758} INFO - Processing file /home/airflow/.local/lib/python3.7/site-packages/airflow/example_dags/example_short_circuit_decorator.py for tasks to queue
[2022-10-02T20:52:50.745+0000] {logging_mixin.py:117} INFO - [2022-10-02T20:52:50.745+0000] {dagbag.py:525} INFO - Filling up the DagBag from /home/airflow/.local/lib/python3.7/site-packages/airflow/example_dags/example_short_circuit_decorator.py
[2022-10-02T20:52:50.761+0000] {processor.py:768} INFO - DAG(s) dict_keys(['example_short_circuit_decorator']) retrieved from /home/airflow/.local/lib/python3.7/site-packages/airflow/example_dags/example_short_circuit_decorator.py
[2022-10-02T20:52:50.786+0000] {logging_mixin.py:117} INFO - [2022-10-02T20:52:50.786+0000] {dag.py:2573} INFO - Sync 1 DAGs
[2022-10-02T20:52:50.802+0000] {logging_mixin.py:117} INFO - [2022-10-02T20:52:50.802+0000] {dag.py:3328} INFO - Setting next_dagrun for example_short_circuit_decorator to 2022-10-01T20:52:50.802267+00:00, run_after=2022-10-02T20:52:50.802267+00:00
[2022-10-02T20:52:50.814+0000] {processor.py:178} INFO - Processing /home/airflow/.local/lib/python3.7/site-packages/airflow/example_dags/example_short_circuit_decorator.py took 0.075 seconds
[2022-10-02T20:54:20.776+0000] {processor.py:156} INFO - Started process (PID=61) to work on /home/airflow/.local/lib/python3.7/site-packages/airflow/example_dags/example_short_circuit_decorator.py
[2022-10-02T20:54:20.778+0000] {processor.py:758} INFO - Processing file /home/airflow/.local/lib/python3.7/site-packages/airflow/example_dags/example_short_circuit_decorator.py for tasks to queue
[2022-10-02T20:54:20.779+0000] {logging_mixin.py:117} INFO - [2022-10-02T20:54:20.779+0000] {dagbag.py:525} INFO - Filling up the DagBag from /home/airflow/.local/lib/python3.7/site-packages/airflow/example_dags/example_short_circuit_decorator.py
[2022-10-02T20:54:20.801+0000] {processor.py:768} INFO - DAG(s) dict_keys(['example_short_circuit_decorator']) retrieved from /home/airflow/.local/lib/python3.7/site-packages/airflow/example_dags/example_short_circuit_decorator.py
[2022-10-02T20:54:20.826+0000] {logging_mixin.py:117} INFO - [2022-10-02T20:54:20.825+0000] {dag.py:2573} INFO - Sync 1 DAGs
[2022-10-02T20:54:20.851+0000] {logging_mixin.py:117} INFO - [2022-10-02T20:54:20.851+0000] {dag.py:3328} INFO - Setting next_dagrun for example_short_circuit_decorator to 2022-10-01T20:54:20.850931+00:00, run_after=2022-10-02T20:54:20.850931+00:00
[2022-10-02T20:54:20.872+0000] {processor.py:178} INFO - Processing /home/airflow/.local/lib/python3.7/site-packages/airflow/example_dags/example_short_circuit_decorator.py took 0.098 seconds
[2022-10-02T20:54:51.360+0000] {processor.py:156} INFO - Started process (PID=124) to work on /home/airflow/.local/lib/python3.7/site-packages/airflow/example_dags/example_short_circuit_decorator.py
[2022-10-02T20:54:51.362+0000] {processor.py:758} INFO - Processing file /home/airflow/.local/lib/python3.7/site-packages/airflow/example_dags/example_short_circuit_decorator.py for tasks to queue
[2022-10-02T20:54:51.363+0000] {logging_mixin.py:117} INFO - [2022-10-02T20:54:51.363+0000] {dagbag.py:525} INFO - Filling up the DagBag from /home/airflow/.local/lib/python3.7/site-packages/airflow/example_dags/example_short_circuit_decorator.py
[2022-10-02T20:54:51.377+0000] {processor.py:768} INFO - DAG(s) dict_keys(['example_short_circuit_decorator']) retrieved from /home/airflow/.local/lib/python3.7/site-packages/airflow/example_dags/example_short_circuit_decorator.py
[2022-10-02T20:54:51.407+0000] {logging_mixin.py:117} INFO - [2022-10-02T20:54:51.406+0000] {dag.py:2573} INFO - Sync 1 DAGs
[2022-10-02T20:54:51.430+0000] {logging_mixin.py:117} INFO - [2022-10-02T20:54:51.429+0000] {dag.py:3328} INFO - Setting next_dagrun for example_short_circuit_decorator to 2022-10-01T20:54:51.429815+00:00, run_after=2022-10-02T20:54:51.429815+00:00
[2022-10-02T20:54:51.442+0000] {processor.py:178} INFO - Processing /home/airflow/.local/lib/python3.7/site-packages/airflow/example_dags/example_short_circuit_decorator.py took 0.084 seconds
[2022-10-02T20:56:40.303+0000] {processor.py:156} INFO - Started process (PID=70) to work on /home/airflow/.local/lib/python3.7/site-packages/airflow/example_dags/example_short_circuit_decorator.py
[2022-10-02T20:56:40.308+0000] {processor.py:758} INFO - Processing file /home/airflow/.local/lib/python3.7/site-packages/airflow/example_dags/example_short_circuit_decorator.py for tasks to queue
[2022-10-02T20:56:40.312+0000] {logging_mixin.py:117} INFO - [2022-10-02T20:56:40.312+0000] {dagbag.py:525} INFO - Filling up the DagBag from /home/airflow/.local/lib/python3.7/site-packages/airflow/example_dags/example_short_circuit_decorator.py
[2022-10-02T20:56:40.378+0000] {processor.py:768} INFO - DAG(s) dict_keys(['example_short_circuit_decorator']) retrieved from /home/airflow/.local/lib/python3.7/site-packages/airflow/example_dags/example_short_circuit_decorator.py
[2022-10-02T20:56:40.467+0000] {logging_mixin.py:117} INFO - [2022-10-02T20:56:40.467+0000] {dag.py:2573} INFO - Sync 1 DAGs
[2022-10-02T20:56:40.536+0000] {logging_mixin.py:117} INFO - [2022-10-02T20:56:40.536+0000] {dag.py:3328} INFO - Setting next_dagrun for example_short_circuit_decorator to 2022-10-01T20:56:40.536567+00:00, run_after=2022-10-02T20:56:40.536567+00:00
[2022-10-02T20:56:40.591+0000] {processor.py:178} INFO - Processing /home/airflow/.local/lib/python3.7/site-packages/airflow/example_dags/example_short_circuit_decorator.py took 0.302 seconds
[2022-10-02T20:57:10.751+0000] {processor.py:156} INFO - Started process (PID=125) to work on /home/airflow/.local/lib/python3.7/site-packages/airflow/example_dags/example_short_circuit_decorator.py
[2022-10-02T20:57:10.754+0000] {processor.py:758} INFO - Processing file /home/airflow/.local/lib/python3.7/site-packages/airflow/example_dags/example_short_circuit_decorator.py for tasks to queue
[2022-10-02T20:57:10.755+0000] {logging_mixin.py:117} INFO - [2022-10-02T20:57:10.755+0000] {dagbag.py:525} INFO - Filling up the DagBag from /home/airflow/.local/lib/python3.7/site-packages/airflow/example_dags/example_short_circuit_decorator.py
[2022-10-02T20:57:10.778+0000] {processor.py:768} INFO - DAG(s) dict_keys(['example_short_circuit_decorator']) retrieved from /home/airflow/.local/lib/python3.7/site-packages/airflow/example_dags/example_short_circuit_decorator.py
[2022-10-02T20:57:10.814+0000] {logging_mixin.py:117} INFO - [2022-10-02T20:57:10.814+0000] {dag.py:2573} INFO - Sync 1 DAGs
[2022-10-02T20:57:10.831+0000] {logging_mixin.py:117} INFO - [2022-10-02T20:57:10.831+0000] {dag.py:3328} INFO - Setting next_dagrun for example_short_circuit_decorator to 2022-10-01T20:57:10.831368+00:00, run_after=2022-10-02T20:57:10.831368+00:00
[2022-10-02T20:57:10.846+0000] {processor.py:178} INFO - Processing /home/airflow/.local/lib/python3.7/site-packages/airflow/example_dags/example_short_circuit_decorator.py took 0.098 seconds
[2022-10-02T20:57:40.892+0000] {processor.py:156} INFO - Started process (PID=189) to work on /home/airflow/.local/lib/python3.7/site-packages/airflow/example_dags/example_short_circuit_decorator.py
[2022-10-02T20:57:40.894+0000] {processor.py:758} INFO - Processing file /home/airflow/.local/lib/python3.7/site-packages/airflow/example_dags/example_short_circuit_decorator.py for tasks to queue
[2022-10-02T20:57:40.895+0000] {logging_mixin.py:117} INFO - [2022-10-02T20:57:40.895+0000] {dagbag.py:525} INFO - Filling up the DagBag from /home/airflow/.local/lib/python3.7/site-packages/airflow/example_dags/example_short_circuit_decorator.py
[2022-10-02T20:57:40.910+0000] {processor.py:768} INFO - DAG(s) dict_keys(['example_short_circuit_decorator']) retrieved from /home/airflow/.local/lib/python3.7/site-packages/airflow/example_dags/example_short_circuit_decorator.py
[2022-10-02T20:57:40.938+0000] {logging_mixin.py:117} INFO - [2022-10-02T20:57:40.938+0000] {dag.py:2573} INFO - Sync 1 DAGs
[2022-10-02T20:57:40.954+0000] {logging_mixin.py:117} INFO - [2022-10-02T20:57:40.954+0000] {dag.py:3328} INFO - Setting next_dagrun for example_short_circuit_decorator to 2022-10-01T20:57:40.953986+00:00, run_after=2022-10-02T20:57:40.953986+00:00
[2022-10-02T20:57:40.967+0000] {processor.py:178} INFO - Processing /home/airflow/.local/lib/python3.7/site-packages/airflow/example_dags/example_short_circuit_decorator.py took 0.077 seconds
[2022-10-02T20:58:11.215+0000] {processor.py:156} INFO - Started process (PID=251) to work on /home/airflow/.local/lib/python3.7/site-packages/airflow/example_dags/example_short_circuit_decorator.py
[2022-10-02T20:58:11.216+0000] {processor.py:758} INFO - Processing file /home/airflow/.local/lib/python3.7/site-packages/airflow/example_dags/example_short_circuit_decorator.py for tasks to queue
[2022-10-02T20:58:11.217+0000] {logging_mixin.py:117} INFO - [2022-10-02T20:58:11.217+0000] {dagbag.py:525} INFO - Filling up the DagBag from /home/airflow/.local/lib/python3.7/site-packages/airflow/example_dags/example_short_circuit_decorator.py
[2022-10-02T20:58:11.233+0000] {processor.py:768} INFO - DAG(s) dict_keys(['example_short_circuit_decorator']) retrieved from /home/airflow/.local/lib/python3.7/site-packages/airflow/example_dags/example_short_circuit_decorator.py
[2022-10-02T20:58:11.259+0000] {logging_mixin.py:117} INFO - [2022-10-02T20:58:11.259+0000] {dag.py:2573} INFO - Sync 1 DAGs
[2022-10-02T20:58:11.275+0000] {logging_mixin.py:117} INFO - [2022-10-02T20:58:11.275+0000] {dag.py:3328} INFO - Setting next_dagrun for example_short_circuit_decorator to 2022-10-01T20:58:11.275283+00:00, run_after=2022-10-02T20:58:11.275283+00:00
[2022-10-02T20:58:11.287+0000] {processor.py:178} INFO - Processing /home/airflow/.local/lib/python3.7/site-packages/airflow/example_dags/example_short_circuit_decorator.py took 0.075 seconds
[2022-10-02T20:58:41.710+0000] {processor.py:156} INFO - Started process (PID=315) to work on /home/airflow/.local/lib/python3.7/site-packages/airflow/example_dags/example_short_circuit_decorator.py
[2022-10-02T20:58:41.712+0000] {processor.py:758} INFO - Processing file /home/airflow/.local/lib/python3.7/site-packages/airflow/example_dags/example_short_circuit_decorator.py for tasks to queue
[2022-10-02T20:58:41.713+0000] {logging_mixin.py:117} INFO - [2022-10-02T20:58:41.713+0000] {dagbag.py:525} INFO - Filling up the DagBag from /home/airflow/.local/lib/python3.7/site-packages/airflow/example_dags/example_short_circuit_decorator.py
[2022-10-02T20:58:41.729+0000] {processor.py:768} INFO - DAG(s) dict_keys(['example_short_circuit_decorator']) retrieved from /home/airflow/.local/lib/python3.7/site-packages/airflow/example_dags/example_short_circuit_decorator.py
[2022-10-02T20:58:41.760+0000] {logging_mixin.py:117} INFO - [2022-10-02T20:58:41.759+0000] {dag.py:2573} INFO - Sync 1 DAGs
[2022-10-02T20:58:41.775+0000] {logging_mixin.py:117} INFO - [2022-10-02T20:58:41.775+0000] {dag.py:3328} INFO - Setting next_dagrun for example_short_circuit_decorator to 2022-10-01T20:58:41.775341+00:00, run_after=2022-10-02T20:58:41.775341+00:00
[2022-10-02T20:58:41.787+0000] {processor.py:178} INFO - Processing /home/airflow/.local/lib/python3.7/site-packages/airflow/example_dags/example_short_circuit_decorator.py took 0.079 seconds
[2022-10-02T20:59:12.183+0000] {processor.py:156} INFO - Started process (PID=378) to work on /home/airflow/.local/lib/python3.7/site-packages/airflow/example_dags/example_short_circuit_decorator.py
[2022-10-02T20:59:12.185+0000] {processor.py:758} INFO - Processing file /home/airflow/.local/lib/python3.7/site-packages/airflow/example_dags/example_short_circuit_decorator.py for tasks to queue
[2022-10-02T20:59:12.187+0000] {logging_mixin.py:117} INFO - [2022-10-02T20:59:12.187+0000] {dagbag.py:525} INFO - Filling up the DagBag from /home/airflow/.local/lib/python3.7/site-packages/airflow/example_dags/example_short_circuit_decorator.py
[2022-10-02T20:59:12.211+0000] {processor.py:768} INFO - DAG(s) dict_keys(['example_short_circuit_decorator']) retrieved from /home/airflow/.local/lib/python3.7/site-packages/airflow/example_dags/example_short_circuit_decorator.py
[2022-10-02T20:59:12.243+0000] {logging_mixin.py:117} INFO - [2022-10-02T20:59:12.243+0000] {dag.py:2573} INFO - Sync 1 DAGs
[2022-10-02T20:59:12.260+0000] {logging_mixin.py:117} INFO - [2022-10-02T20:59:12.260+0000] {dag.py:3328} INFO - Setting next_dagrun for example_short_circuit_decorator to 2022-10-01T20:59:12.260237+00:00, run_after=2022-10-02T20:59:12.260237+00:00
[2022-10-02T20:59:12.274+0000] {processor.py:178} INFO - Processing /home/airflow/.local/lib/python3.7/site-packages/airflow/example_dags/example_short_circuit_decorator.py took 0.095 seconds
[2022-10-02T20:59:42.391+0000] {processor.py:156} INFO - Started process (PID=431) to work on /home/airflow/.local/lib/python3.7/site-packages/airflow/example_dags/example_short_circuit_decorator.py
[2022-10-02T20:59:42.392+0000] {processor.py:758} INFO - Processing file /home/airflow/.local/lib/python3.7/site-packages/airflow/example_dags/example_short_circuit_decorator.py for tasks to queue
[2022-10-02T20:59:42.394+0000] {logging_mixin.py:117} INFO - [2022-10-02T20:59:42.394+0000] {dagbag.py:525} INFO - Filling up the DagBag from /home/airflow/.local/lib/python3.7/site-packages/airflow/example_dags/example_short_circuit_decorator.py
[2022-10-02T20:59:42.409+0000] {processor.py:768} INFO - DAG(s) dict_keys(['example_short_circuit_decorator']) retrieved from /home/airflow/.local/lib/python3.7/site-packages/airflow/example_dags/example_short_circuit_decorator.py
[2022-10-02T20:59:42.436+0000] {logging_mixin.py:117} INFO - [2022-10-02T20:59:42.436+0000] {dag.py:2573} INFO - Sync 1 DAGs
[2022-10-02T20:59:42.450+0000] {logging_mixin.py:117} INFO - [2022-10-02T20:59:42.450+0000] {dag.py:3328} INFO - Setting next_dagrun for example_short_circuit_decorator to 2022-10-01T20:59:42.450768+00:00, run_after=2022-10-02T20:59:42.450768+00:00
[2022-10-02T20:59:42.466+0000] {processor.py:178} INFO - Processing /home/airflow/.local/lib/python3.7/site-packages/airflow/example_dags/example_short_circuit_decorator.py took 0.077 seconds
[2022-10-02T21:00:12.558+0000] {processor.py:156} INFO - Started process (PID=494) to work on /home/airflow/.local/lib/python3.7/site-packages/airflow/example_dags/example_short_circuit_decorator.py
[2022-10-02T21:00:12.560+0000] {processor.py:758} INFO - Processing file /home/airflow/.local/lib/python3.7/site-packages/airflow/example_dags/example_short_circuit_decorator.py for tasks to queue
[2022-10-02T21:00:12.561+0000] {logging_mixin.py:117} INFO - [2022-10-02T21:00:12.561+0000] {dagbag.py:525} INFO - Filling up the DagBag from /home/airflow/.local/lib/python3.7/site-packages/airflow/example_dags/example_short_circuit_decorator.py
[2022-10-02T21:00:12.575+0000] {processor.py:768} INFO - DAG(s) dict_keys(['example_short_circuit_decorator']) retrieved from /home/airflow/.local/lib/python3.7/site-packages/airflow/example_dags/example_short_circuit_decorator.py
[2022-10-02T21:00:12.599+0000] {logging_mixin.py:117} INFO - [2022-10-02T21:00:12.599+0000] {dag.py:2573} INFO - Sync 1 DAGs
[2022-10-02T21:00:12.614+0000] {logging_mixin.py:117} INFO - [2022-10-02T21:00:12.614+0000] {dag.py:3328} INFO - Setting next_dagrun for example_short_circuit_decorator to 2022-10-01T21:00:12.614198+00:00, run_after=2022-10-02T21:00:12.614198+00:00
[2022-10-02T21:00:12.625+0000] {processor.py:178} INFO - Processing /home/airflow/.local/lib/python3.7/site-packages/airflow/example_dags/example_short_circuit_decorator.py took 0.069 seconds
[2022-10-02T21:00:43.639+0000] {processor.py:156} INFO - Started process (PID=557) to work on /home/airflow/.local/lib/python3.7/site-packages/airflow/example_dags/example_short_circuit_decorator.py
[2022-10-02T21:00:43.640+0000] {processor.py:758} INFO - Processing file /home/airflow/.local/lib/python3.7/site-packages/airflow/example_dags/example_short_circuit_decorator.py for tasks to queue
[2022-10-02T21:00:43.641+0000] {logging_mixin.py:117} INFO - [2022-10-02T21:00:43.641+0000] {dagbag.py:525} INFO - Filling up the DagBag from /home/airflow/.local/lib/python3.7/site-packages/airflow/example_dags/example_short_circuit_decorator.py
[2022-10-02T21:00:43.658+0000] {processor.py:768} INFO - DAG(s) dict_keys(['example_short_circuit_decorator']) retrieved from /home/airflow/.local/lib/python3.7/site-packages/airflow/example_dags/example_short_circuit_decorator.py
[2022-10-02T21:00:43.684+0000] {logging_mixin.py:117} INFO - [2022-10-02T21:00:43.684+0000] {dag.py:2573} INFO - Sync 1 DAGs
[2022-10-02T21:00:43.700+0000] {logging_mixin.py:117} INFO - [2022-10-02T21:00:43.700+0000] {dag.py:3328} INFO - Setting next_dagrun for example_short_circuit_decorator to 2022-10-01T21:00:43.700322+00:00, run_after=2022-10-02T21:00:43.700322+00:00
[2022-10-02T21:00:43.713+0000] {processor.py:178} INFO - Processing /home/airflow/.local/lib/python3.7/site-packages/airflow/example_dags/example_short_circuit_decorator.py took 0.077 seconds
[2022-10-02T21:01:14.578+0000] {processor.py:156} INFO - Started process (PID=620) to work on /home/airflow/.local/lib/python3.7/site-packages/airflow/example_dags/example_short_circuit_decorator.py
[2022-10-02T21:01:14.580+0000] {processor.py:758} INFO - Processing file /home/airflow/.local/lib/python3.7/site-packages/airflow/example_dags/example_short_circuit_decorator.py for tasks to queue
[2022-10-02T21:01:14.581+0000] {logging_mixin.py:117} INFO - [2022-10-02T21:01:14.581+0000] {dagbag.py:525} INFO - Filling up the DagBag from /home/airflow/.local/lib/python3.7/site-packages/airflow/example_dags/example_short_circuit_decorator.py
[2022-10-02T21:01:14.597+0000] {processor.py:768} INFO - DAG(s) dict_keys(['example_short_circuit_decorator']) retrieved from /home/airflow/.local/lib/python3.7/site-packages/airflow/example_dags/example_short_circuit_decorator.py
[2022-10-02T21:01:14.623+0000] {logging_mixin.py:117} INFO - [2022-10-02T21:01:14.622+0000] {dag.py:2573} INFO - Sync 1 DAGs
[2022-10-02T21:01:14.639+0000] {logging_mixin.py:117} INFO - [2022-10-02T21:01:14.639+0000] {dag.py:3328} INFO - Setting next_dagrun for example_short_circuit_decorator to 2022-10-01T21:01:14.639202+00:00, run_after=2022-10-02T21:01:14.639202+00:00
[2022-10-02T21:01:14.653+0000] {processor.py:178} INFO - Processing /home/airflow/.local/lib/python3.7/site-packages/airflow/example_dags/example_short_circuit_decorator.py took 0.078 seconds
[2022-10-02T21:01:45.913+0000] {processor.py:156} INFO - Started process (PID=682) to work on /home/airflow/.local/lib/python3.7/site-packages/airflow/example_dags/example_short_circuit_decorator.py
[2022-10-02T21:01:45.915+0000] {processor.py:758} INFO - Processing file /home/airflow/.local/lib/python3.7/site-packages/airflow/example_dags/example_short_circuit_decorator.py for tasks to queue
[2022-10-02T21:01:45.917+0000] {logging_mixin.py:117} INFO - [2022-10-02T21:01:45.916+0000] {dagbag.py:525} INFO - Filling up the DagBag from /home/airflow/.local/lib/python3.7/site-packages/airflow/example_dags/example_short_circuit_decorator.py
[2022-10-02T21:01:45.945+0000] {processor.py:768} INFO - DAG(s) dict_keys(['example_short_circuit_decorator']) retrieved from /home/airflow/.local/lib/python3.7/site-packages/airflow/example_dags/example_short_circuit_decorator.py
[2022-10-02T21:01:45.985+0000] {logging_mixin.py:117} INFO - [2022-10-02T21:01:45.985+0000] {dag.py:2573} INFO - Sync 1 DAGs
[2022-10-02T21:01:46.006+0000] {logging_mixin.py:117} INFO - [2022-10-02T21:01:46.006+0000] {dag.py:3328} INFO - Setting next_dagrun for example_short_circuit_decorator to 2022-10-01T21:01:46.006163+00:00, run_after=2022-10-02T21:01:46.006163+00:00
[2022-10-02T21:01:46.029+0000] {processor.py:178} INFO - Processing /home/airflow/.local/lib/python3.7/site-packages/airflow/example_dags/example_short_circuit_decorator.py took 0.118 seconds
[2022-10-02T21:02:16.134+0000] {processor.py:156} INFO - Started process (PID=743) to work on /home/airflow/.local/lib/python3.7/site-packages/airflow/example_dags/example_short_circuit_decorator.py
[2022-10-02T21:02:16.137+0000] {processor.py:758} INFO - Processing file /home/airflow/.local/lib/python3.7/site-packages/airflow/example_dags/example_short_circuit_decorator.py for tasks to queue
[2022-10-02T21:02:16.139+0000] {logging_mixin.py:117} INFO - [2022-10-02T21:02:16.138+0000] {dagbag.py:525} INFO - Filling up the DagBag from /home/airflow/.local/lib/python3.7/site-packages/airflow/example_dags/example_short_circuit_decorator.py
[2022-10-02T21:02:16.157+0000] {processor.py:768} INFO - DAG(s) dict_keys(['example_short_circuit_decorator']) retrieved from /home/airflow/.local/lib/python3.7/site-packages/airflow/example_dags/example_short_circuit_decorator.py
[2022-10-02T21:02:16.189+0000] {logging_mixin.py:117} INFO - [2022-10-02T21:02:16.188+0000] {dag.py:2573} INFO - Sync 1 DAGs
[2022-10-02T21:02:16.208+0000] {logging_mixin.py:117} INFO - [2022-10-02T21:02:16.208+0000] {dag.py:3328} INFO - Setting next_dagrun for example_short_circuit_decorator to 2022-10-01T21:02:16.208218+00:00, run_after=2022-10-02T21:02:16.208218+00:00
[2022-10-02T21:02:16.228+0000] {processor.py:178} INFO - Processing /home/airflow/.local/lib/python3.7/site-packages/airflow/example_dags/example_short_circuit_decorator.py took 0.096 seconds
[2022-10-02T21:02:50.295+0000] {processor.py:156} INFO - Started process (PID=808) to work on /home/airflow/.local/lib/python3.7/site-packages/airflow/example_dags/example_short_circuit_decorator.py
[2022-10-02T21:02:50.297+0000] {processor.py:758} INFO - Processing file /home/airflow/.local/lib/python3.7/site-packages/airflow/example_dags/example_short_circuit_decorator.py for tasks to queue
[2022-10-02T21:02:50.299+0000] {logging_mixin.py:117} INFO - [2022-10-02T21:02:50.299+0000] {dagbag.py:525} INFO - Filling up the DagBag from /home/airflow/.local/lib/python3.7/site-packages/airflow/example_dags/example_short_circuit_decorator.py
[2022-10-02T21:02:50.323+0000] {processor.py:768} INFO - DAG(s) dict_keys(['example_short_circuit_decorator']) retrieved from /home/airflow/.local/lib/python3.7/site-packages/airflow/example_dags/example_short_circuit_decorator.py
[2022-10-02T21:02:50.367+0000] {logging_mixin.py:117} INFO - [2022-10-02T21:02:50.366+0000] {dag.py:2573} INFO - Sync 1 DAGs
[2022-10-02T21:02:50.411+0000] {logging_mixin.py:117} INFO - [2022-10-02T21:02:50.411+0000] {dag.py:3328} INFO - Setting next_dagrun for example_short_circuit_decorator to 2022-10-01T21:02:50.410931+00:00, run_after=2022-10-02T21:02:50.410931+00:00
[2022-10-02T21:02:50.433+0000] {processor.py:178} INFO - Processing /home/airflow/.local/lib/python3.7/site-packages/airflow/example_dags/example_short_circuit_decorator.py took 0.141 seconds
[2022-10-02T21:03:21.048+0000] {processor.py:156} INFO - Started process (PID=863) to work on /home/airflow/.local/lib/python3.7/site-packages/airflow/example_dags/example_short_circuit_decorator.py
[2022-10-02T21:03:21.050+0000] {processor.py:758} INFO - Processing file /home/airflow/.local/lib/python3.7/site-packages/airflow/example_dags/example_short_circuit_decorator.py for tasks to queue
[2022-10-02T21:03:21.051+0000] {logging_mixin.py:117} INFO - [2022-10-02T21:03:21.051+0000] {dagbag.py:525} INFO - Filling up the DagBag from /home/airflow/.local/lib/python3.7/site-packages/airflow/example_dags/example_short_circuit_decorator.py
[2022-10-02T21:03:21.071+0000] {processor.py:768} INFO - DAG(s) dict_keys(['example_short_circuit_decorator']) retrieved from /home/airflow/.local/lib/python3.7/site-packages/airflow/example_dags/example_short_circuit_decorator.py
[2022-10-02T21:03:21.104+0000] {logging_mixin.py:117} INFO - [2022-10-02T21:03:21.104+0000] {dag.py:2573} INFO - Sync 1 DAGs
[2022-10-02T21:03:21.123+0000] {logging_mixin.py:117} INFO - [2022-10-02T21:03:21.123+0000] {dag.py:3328} INFO - Setting next_dagrun for example_short_circuit_decorator to 2022-10-01T21:03:21.123086+00:00, run_after=2022-10-02T21:03:21.123086+00:00
[2022-10-02T21:03:21.140+0000] {processor.py:178} INFO - Processing /home/airflow/.local/lib/python3.7/site-packages/airflow/example_dags/example_short_circuit_decorator.py took 0.098 seconds
[2022-10-02T21:03:51.440+0000] {processor.py:156} INFO - Started process (PID=925) to work on /home/airflow/.local/lib/python3.7/site-packages/airflow/example_dags/example_short_circuit_decorator.py
[2022-10-02T21:03:51.442+0000] {processor.py:758} INFO - Processing file /home/airflow/.local/lib/python3.7/site-packages/airflow/example_dags/example_short_circuit_decorator.py for tasks to queue
[2022-10-02T21:03:51.443+0000] {logging_mixin.py:117} INFO - [2022-10-02T21:03:51.443+0000] {dagbag.py:525} INFO - Filling up the DagBag from /home/airflow/.local/lib/python3.7/site-packages/airflow/example_dags/example_short_circuit_decorator.py
[2022-10-02T21:03:51.462+0000] {processor.py:768} INFO - DAG(s) dict_keys(['example_short_circuit_decorator']) retrieved from /home/airflow/.local/lib/python3.7/site-packages/airflow/example_dags/example_short_circuit_decorator.py
[2022-10-02T21:03:51.494+0000] {logging_mixin.py:117} INFO - [2022-10-02T21:03:51.494+0000] {dag.py:2573} INFO - Sync 1 DAGs
[2022-10-02T21:03:51.512+0000] {logging_mixin.py:117} INFO - [2022-10-02T21:03:51.512+0000] {dag.py:3328} INFO - Setting next_dagrun for example_short_circuit_decorator to 2022-10-01T21:03:51.512203+00:00, run_after=2022-10-02T21:03:51.512203+00:00
[2022-10-02T21:03:51.544+0000] {processor.py:178} INFO - Processing /home/airflow/.local/lib/python3.7/site-packages/airflow/example_dags/example_short_circuit_decorator.py took 0.110 seconds
[2022-10-02T21:04:22.037+0000] {processor.py:156} INFO - Started process (PID=987) to work on /home/airflow/.local/lib/python3.7/site-packages/airflow/example_dags/example_short_circuit_decorator.py
[2022-10-02T21:04:22.040+0000] {processor.py:758} INFO - Processing file /home/airflow/.local/lib/python3.7/site-packages/airflow/example_dags/example_short_circuit_decorator.py for tasks to queue
[2022-10-02T21:04:22.041+0000] {logging_mixin.py:117} INFO - [2022-10-02T21:04:22.041+0000] {dagbag.py:525} INFO - Filling up the DagBag from /home/airflow/.local/lib/python3.7/site-packages/airflow/example_dags/example_short_circuit_decorator.py
[2022-10-02T21:04:22.058+0000] {processor.py:768} INFO - DAG(s) dict_keys(['example_short_circuit_decorator']) retrieved from /home/airflow/.local/lib/python3.7/site-packages/airflow/example_dags/example_short_circuit_decorator.py
[2022-10-02T21:04:22.088+0000] {logging_mixin.py:117} INFO - [2022-10-02T21:04:22.088+0000] {dag.py:2573} INFO - Sync 1 DAGs
[2022-10-02T21:04:22.106+0000] {logging_mixin.py:117} INFO - [2022-10-02T21:04:22.106+0000] {dag.py:3328} INFO - Setting next_dagrun for example_short_circuit_decorator to 2022-10-01T21:04:22.106237+00:00, run_after=2022-10-02T21:04:22.106237+00:00
[2022-10-02T21:04:22.120+0000] {processor.py:178} INFO - Processing /home/airflow/.local/lib/python3.7/site-packages/airflow/example_dags/example_short_circuit_decorator.py took 0.085 seconds
[2022-10-02T21:05:10.660+0000] {processor.py:156} INFO - Started process (PID=62) to work on /home/airflow/.local/lib/python3.7/site-packages/airflow/example_dags/example_short_circuit_decorator.py
[2022-10-02T21:05:10.662+0000] {processor.py:758} INFO - Processing file /home/airflow/.local/lib/python3.7/site-packages/airflow/example_dags/example_short_circuit_decorator.py for tasks to queue
[2022-10-02T21:05:10.663+0000] {logging_mixin.py:117} INFO - [2022-10-02T21:05:10.663+0000] {dagbag.py:525} INFO - Filling up the DagBag from /home/airflow/.local/lib/python3.7/site-packages/airflow/example_dags/example_short_circuit_decorator.py
[2022-10-02T21:05:10.694+0000] {processor.py:768} INFO - DAG(s) dict_keys(['example_short_circuit_decorator']) retrieved from /home/airflow/.local/lib/python3.7/site-packages/airflow/example_dags/example_short_circuit_decorator.py
[2022-10-02T21:05:10.729+0000] {logging_mixin.py:117} INFO - [2022-10-02T21:05:10.728+0000] {dag.py:2573} INFO - Sync 1 DAGs
[2022-10-02T21:05:10.755+0000] {logging_mixin.py:117} INFO - [2022-10-02T21:05:10.754+0000] {dag.py:3328} INFO - Setting next_dagrun for example_short_circuit_decorator to 2022-10-01T21:05:10.754741+00:00, run_after=2022-10-02T21:05:10.754741+00:00
[2022-10-02T21:05:10.774+0000] {processor.py:178} INFO - Processing /home/airflow/.local/lib/python3.7/site-packages/airflow/example_dags/example_short_circuit_decorator.py took 0.120 seconds
[2022-10-02T21:05:41.041+0000] {processor.py:156} INFO - Started process (PID=126) to work on /home/airflow/.local/lib/python3.7/site-packages/airflow/example_dags/example_short_circuit_decorator.py
[2022-10-02T21:05:41.043+0000] {processor.py:758} INFO - Processing file /home/airflow/.local/lib/python3.7/site-packages/airflow/example_dags/example_short_circuit_decorator.py for tasks to queue
[2022-10-02T21:05:41.044+0000] {logging_mixin.py:117} INFO - [2022-10-02T21:05:41.044+0000] {dagbag.py:525} INFO - Filling up the DagBag from /home/airflow/.local/lib/python3.7/site-packages/airflow/example_dags/example_short_circuit_decorator.py
[2022-10-02T21:05:41.059+0000] {processor.py:768} INFO - DAG(s) dict_keys(['example_short_circuit_decorator']) retrieved from /home/airflow/.local/lib/python3.7/site-packages/airflow/example_dags/example_short_circuit_decorator.py
[2022-10-02T21:05:41.087+0000] {logging_mixin.py:117} INFO - [2022-10-02T21:05:41.087+0000] {dag.py:2573} INFO - Sync 1 DAGs
[2022-10-02T21:05:41.103+0000] {logging_mixin.py:117} INFO - [2022-10-02T21:05:41.103+0000] {dag.py:3328} INFO - Setting next_dagrun for example_short_circuit_decorator to 2022-10-01T21:05:41.102962+00:00, run_after=2022-10-02T21:05:41.102962+00:00
[2022-10-02T21:05:41.115+0000] {processor.py:178} INFO - Processing /home/airflow/.local/lib/python3.7/site-packages/airflow/example_dags/example_short_circuit_decorator.py took 0.076 seconds
[2022-10-02T21:06:12.099+0000] {processor.py:156} INFO - Started process (PID=191) to work on /home/airflow/.local/lib/python3.7/site-packages/airflow/example_dags/example_short_circuit_decorator.py
[2022-10-02T21:06:12.101+0000] {processor.py:758} INFO - Processing file /home/airflow/.local/lib/python3.7/site-packages/airflow/example_dags/example_short_circuit_decorator.py for tasks to queue
[2022-10-02T21:06:12.102+0000] {logging_mixin.py:117} INFO - [2022-10-02T21:06:12.102+0000] {dagbag.py:525} INFO - Filling up the DagBag from /home/airflow/.local/lib/python3.7/site-packages/airflow/example_dags/example_short_circuit_decorator.py
[2022-10-02T21:06:12.118+0000] {processor.py:768} INFO - DAG(s) dict_keys(['example_short_circuit_decorator']) retrieved from /home/airflow/.local/lib/python3.7/site-packages/airflow/example_dags/example_short_circuit_decorator.py
[2022-10-02T21:06:12.146+0000] {logging_mixin.py:117} INFO - [2022-10-02T21:06:12.146+0000] {dag.py:2573} INFO - Sync 1 DAGs
[2022-10-02T21:06:12.162+0000] {logging_mixin.py:117} INFO - [2022-10-02T21:06:12.161+0000] {dag.py:3328} INFO - Setting next_dagrun for example_short_circuit_decorator to 2022-10-01T21:06:12.161844+00:00, run_after=2022-10-02T21:06:12.161844+00:00
[2022-10-02T21:06:12.174+0000] {processor.py:178} INFO - Processing /home/airflow/.local/lib/python3.7/site-packages/airflow/example_dags/example_short_circuit_decorator.py took 0.077 seconds
[2022-10-02T21:06:42.350+0000] {processor.py:156} INFO - Started process (PID=254) to work on /home/airflow/.local/lib/python3.7/site-packages/airflow/example_dags/example_short_circuit_decorator.py
[2022-10-02T21:06:42.351+0000] {processor.py:758} INFO - Processing file /home/airflow/.local/lib/python3.7/site-packages/airflow/example_dags/example_short_circuit_decorator.py for tasks to queue
[2022-10-02T21:06:42.352+0000] {logging_mixin.py:117} INFO - [2022-10-02T21:06:42.352+0000] {dagbag.py:525} INFO - Filling up the DagBag from /home/airflow/.local/lib/python3.7/site-packages/airflow/example_dags/example_short_circuit_decorator.py
[2022-10-02T21:06:42.367+0000] {processor.py:768} INFO - DAG(s) dict_keys(['example_short_circuit_decorator']) retrieved from /home/airflow/.local/lib/python3.7/site-packages/airflow/example_dags/example_short_circuit_decorator.py
[2022-10-02T21:06:42.393+0000] {logging_mixin.py:117} INFO - [2022-10-02T21:06:42.393+0000] {dag.py:2573} INFO - Sync 1 DAGs
[2022-10-02T21:06:42.409+0000] {logging_mixin.py:117} INFO - [2022-10-02T21:06:42.409+0000] {dag.py:3328} INFO - Setting next_dagrun for example_short_circuit_decorator to 2022-10-01T21:06:42.409505+00:00, run_after=2022-10-02T21:06:42.409505+00:00
[2022-10-02T21:06:42.423+0000] {processor.py:178} INFO - Processing /home/airflow/.local/lib/python3.7/site-packages/airflow/example_dags/example_short_circuit_decorator.py took 0.075 seconds
[2022-10-02T21:07:13.051+0000] {processor.py:156} INFO - Started process (PID=317) to work on /home/airflow/.local/lib/python3.7/site-packages/airflow/example_dags/example_short_circuit_decorator.py
[2022-10-02T21:07:13.053+0000] {processor.py:758} INFO - Processing file /home/airflow/.local/lib/python3.7/site-packages/airflow/example_dags/example_short_circuit_decorator.py for tasks to queue
[2022-10-02T21:07:13.054+0000] {logging_mixin.py:117} INFO - [2022-10-02T21:07:13.054+0000] {dagbag.py:525} INFO - Filling up the DagBag from /home/airflow/.local/lib/python3.7/site-packages/airflow/example_dags/example_short_circuit_decorator.py
[2022-10-02T21:07:13.074+0000] {processor.py:768} INFO - DAG(s) dict_keys(['example_short_circuit_decorator']) retrieved from /home/airflow/.local/lib/python3.7/site-packages/airflow/example_dags/example_short_circuit_decorator.py
[2022-10-02T21:07:13.113+0000] {logging_mixin.py:117} INFO - [2022-10-02T21:07:13.113+0000] {dag.py:2573} INFO - Sync 1 DAGs
[2022-10-02T21:07:13.130+0000] {logging_mixin.py:117} INFO - [2022-10-02T21:07:13.130+0000] {dag.py:3328} INFO - Setting next_dagrun for example_short_circuit_decorator to 2022-10-01T21:07:13.129950+00:00, run_after=2022-10-02T21:07:13.129950+00:00
[2022-10-02T21:07:13.144+0000] {processor.py:178} INFO - Processing /home/airflow/.local/lib/python3.7/site-packages/airflow/example_dags/example_short_circuit_decorator.py took 0.096 seconds
[2022-10-02T21:07:43.315+0000] {processor.py:156} INFO - Started process (PID=371) to work on /home/airflow/.local/lib/python3.7/site-packages/airflow/example_dags/example_short_circuit_decorator.py
[2022-10-02T21:07:43.317+0000] {processor.py:758} INFO - Processing file /home/airflow/.local/lib/python3.7/site-packages/airflow/example_dags/example_short_circuit_decorator.py for tasks to queue
[2022-10-02T21:07:43.318+0000] {logging_mixin.py:117} INFO - [2022-10-02T21:07:43.318+0000] {dagbag.py:525} INFO - Filling up the DagBag from /home/airflow/.local/lib/python3.7/site-packages/airflow/example_dags/example_short_circuit_decorator.py
[2022-10-02T21:07:43.331+0000] {processor.py:768} INFO - DAG(s) dict_keys(['example_short_circuit_decorator']) retrieved from /home/airflow/.local/lib/python3.7/site-packages/airflow/example_dags/example_short_circuit_decorator.py
[2022-10-02T21:07:43.356+0000] {logging_mixin.py:117} INFO - [2022-10-02T21:07:43.356+0000] {dag.py:2573} INFO - Sync 1 DAGs
[2022-10-02T21:07:43.370+0000] {logging_mixin.py:117} INFO - [2022-10-02T21:07:43.370+0000] {dag.py:3328} INFO - Setting next_dagrun for example_short_circuit_decorator to 2022-10-01T21:07:43.370379+00:00, run_after=2022-10-02T21:07:43.370379+00:00
[2022-10-02T21:07:43.380+0000] {processor.py:178} INFO - Processing /home/airflow/.local/lib/python3.7/site-packages/airflow/example_dags/example_short_circuit_decorator.py took 0.067 seconds
[2022-10-02T21:08:13.443+0000] {processor.py:156} INFO - Started process (PID=434) to work on /home/airflow/.local/lib/python3.7/site-packages/airflow/example_dags/example_short_circuit_decorator.py
[2022-10-02T21:08:13.444+0000] {processor.py:758} INFO - Processing file /home/airflow/.local/lib/python3.7/site-packages/airflow/example_dags/example_short_circuit_decorator.py for tasks to queue
[2022-10-02T21:08:13.445+0000] {logging_mixin.py:117} INFO - [2022-10-02T21:08:13.445+0000] {dagbag.py:525} INFO - Filling up the DagBag from /home/airflow/.local/lib/python3.7/site-packages/airflow/example_dags/example_short_circuit_decorator.py
[2022-10-02T21:08:13.458+0000] {processor.py:768} INFO - DAG(s) dict_keys(['example_short_circuit_decorator']) retrieved from /home/airflow/.local/lib/python3.7/site-packages/airflow/example_dags/example_short_circuit_decorator.py
[2022-10-02T21:08:13.482+0000] {logging_mixin.py:117} INFO - [2022-10-02T21:08:13.482+0000] {dag.py:2573} INFO - Sync 1 DAGs
[2022-10-02T21:08:13.495+0000] {logging_mixin.py:117} INFO - [2022-10-02T21:08:13.495+0000] {dag.py:3328} INFO - Setting next_dagrun for example_short_circuit_decorator to 2022-10-01T21:08:13.495727+00:00, run_after=2022-10-02T21:08:13.495727+00:00
[2022-10-02T21:08:13.506+0000] {processor.py:178} INFO - Processing /home/airflow/.local/lib/python3.7/site-packages/airflow/example_dags/example_short_circuit_decorator.py took 0.065 seconds
[2022-10-02T21:08:43.544+0000] {processor.py:156} INFO - Started process (PID=497) to work on /home/airflow/.local/lib/python3.7/site-packages/airflow/example_dags/example_short_circuit_decorator.py
[2022-10-02T21:08:43.546+0000] {processor.py:758} INFO - Processing file /home/airflow/.local/lib/python3.7/site-packages/airflow/example_dags/example_short_circuit_decorator.py for tasks to queue
[2022-10-02T21:08:43.547+0000] {logging_mixin.py:117} INFO - [2022-10-02T21:08:43.547+0000] {dagbag.py:525} INFO - Filling up the DagBag from /home/airflow/.local/lib/python3.7/site-packages/airflow/example_dags/example_short_circuit_decorator.py
[2022-10-02T21:08:43.563+0000] {processor.py:768} INFO - DAG(s) dict_keys(['example_short_circuit_decorator']) retrieved from /home/airflow/.local/lib/python3.7/site-packages/airflow/example_dags/example_short_circuit_decorator.py
[2022-10-02T21:08:43.588+0000] {logging_mixin.py:117} INFO - [2022-10-02T21:08:43.588+0000] {dag.py:2573} INFO - Sync 1 DAGs
[2022-10-02T21:08:43.607+0000] {logging_mixin.py:117} INFO - [2022-10-02T21:08:43.607+0000] {dag.py:3328} INFO - Setting next_dagrun for example_short_circuit_decorator to 2022-10-01T21:08:43.607457+00:00, run_after=2022-10-02T21:08:43.607457+00:00
[2022-10-02T21:08:43.619+0000] {processor.py:178} INFO - Processing /home/airflow/.local/lib/python3.7/site-packages/airflow/example_dags/example_short_circuit_decorator.py took 0.077 seconds
[2022-10-02T21:09:13.850+0000] {processor.py:156} INFO - Started process (PID=560) to work on /home/airflow/.local/lib/python3.7/site-packages/airflow/example_dags/example_short_circuit_decorator.py
[2022-10-02T21:09:13.851+0000] {processor.py:758} INFO - Processing file /home/airflow/.local/lib/python3.7/site-packages/airflow/example_dags/example_short_circuit_decorator.py for tasks to queue
[2022-10-02T21:09:13.852+0000] {logging_mixin.py:117} INFO - [2022-10-02T21:09:13.852+0000] {dagbag.py:525} INFO - Filling up the DagBag from /home/airflow/.local/lib/python3.7/site-packages/airflow/example_dags/example_short_circuit_decorator.py
[2022-10-02T21:09:13.867+0000] {processor.py:768} INFO - DAG(s) dict_keys(['example_short_circuit_decorator']) retrieved from /home/airflow/.local/lib/python3.7/site-packages/airflow/example_dags/example_short_circuit_decorator.py
[2022-10-02T21:09:13.892+0000] {logging_mixin.py:117} INFO - [2022-10-02T21:09:13.892+0000] {dag.py:2573} INFO - Sync 1 DAGs
[2022-10-02T21:09:13.905+0000] {logging_mixin.py:117} INFO - [2022-10-02T21:09:13.905+0000] {dag.py:3328} INFO - Setting next_dagrun for example_short_circuit_decorator to 2022-10-01T21:09:13.905521+00:00, run_after=2022-10-02T21:09:13.905521+00:00
[2022-10-02T21:09:13.916+0000] {processor.py:178} INFO - Processing /home/airflow/.local/lib/python3.7/site-packages/airflow/example_dags/example_short_circuit_decorator.py took 0.068 seconds
[2022-10-02T21:09:44.117+0000] {processor.py:156} INFO - Started process (PID=623) to work on /home/airflow/.local/lib/python3.7/site-packages/airflow/example_dags/example_short_circuit_decorator.py
[2022-10-02T21:09:44.119+0000] {processor.py:758} INFO - Processing file /home/airflow/.local/lib/python3.7/site-packages/airflow/example_dags/example_short_circuit_decorator.py for tasks to queue
[2022-10-02T21:09:44.122+0000] {logging_mixin.py:117} INFO - [2022-10-02T21:09:44.122+0000] {dagbag.py:525} INFO - Filling up the DagBag from /home/airflow/.local/lib/python3.7/site-packages/airflow/example_dags/example_short_circuit_decorator.py
[2022-10-02T21:09:44.139+0000] {processor.py:768} INFO - DAG(s) dict_keys(['example_short_circuit_decorator']) retrieved from /home/airflow/.local/lib/python3.7/site-packages/airflow/example_dags/example_short_circuit_decorator.py
[2022-10-02T21:09:44.166+0000] {logging_mixin.py:117} INFO - [2022-10-02T21:09:44.166+0000] {dag.py:2573} INFO - Sync 1 DAGs
[2022-10-02T21:09:44.182+0000] {logging_mixin.py:117} INFO - [2022-10-02T21:09:44.181+0000] {dag.py:3328} INFO - Setting next_dagrun for example_short_circuit_decorator to 2022-10-01T21:09:44.181866+00:00, run_after=2022-10-02T21:09:44.181866+00:00
[2022-10-02T21:09:44.195+0000] {processor.py:178} INFO - Processing /home/airflow/.local/lib/python3.7/site-packages/airflow/example_dags/example_short_circuit_decorator.py took 0.080 seconds
[2022-10-02T21:10:14.286+0000] {processor.py:156} INFO - Started process (PID=677) to work on /home/airflow/.local/lib/python3.7/site-packages/airflow/example_dags/example_short_circuit_decorator.py
[2022-10-02T21:10:14.288+0000] {processor.py:758} INFO - Processing file /home/airflow/.local/lib/python3.7/site-packages/airflow/example_dags/example_short_circuit_decorator.py for tasks to queue
[2022-10-02T21:10:14.289+0000] {logging_mixin.py:117} INFO - [2022-10-02T21:10:14.289+0000] {dagbag.py:525} INFO - Filling up the DagBag from /home/airflow/.local/lib/python3.7/site-packages/airflow/example_dags/example_short_circuit_decorator.py
[2022-10-02T21:10:14.305+0000] {processor.py:768} INFO - DAG(s) dict_keys(['example_short_circuit_decorator']) retrieved from /home/airflow/.local/lib/python3.7/site-packages/airflow/example_dags/example_short_circuit_decorator.py
[2022-10-02T21:10:14.332+0000] {logging_mixin.py:117} INFO - [2022-10-02T21:10:14.332+0000] {dag.py:2573} INFO - Sync 1 DAGs
[2022-10-02T21:10:14.347+0000] {logging_mixin.py:117} INFO - [2022-10-02T21:10:14.347+0000] {dag.py:3328} INFO - Setting next_dagrun for example_short_circuit_decorator to 2022-10-01T21:10:14.347659+00:00, run_after=2022-10-02T21:10:14.347659+00:00
[2022-10-02T21:10:14.360+0000] {processor.py:178} INFO - Processing /home/airflow/.local/lib/python3.7/site-packages/airflow/example_dags/example_short_circuit_decorator.py took 0.076 seconds
[2022-10-02T21:10:45.465+0000] {processor.py:156} INFO - Started process (PID=739) to work on /home/airflow/.local/lib/python3.7/site-packages/airflow/example_dags/example_short_circuit_decorator.py
[2022-10-02T21:10:45.466+0000] {processor.py:758} INFO - Processing file /home/airflow/.local/lib/python3.7/site-packages/airflow/example_dags/example_short_circuit_decorator.py for tasks to queue
[2022-10-02T21:10:45.467+0000] {logging_mixin.py:117} INFO - [2022-10-02T21:10:45.467+0000] {dagbag.py:525} INFO - Filling up the DagBag from /home/airflow/.local/lib/python3.7/site-packages/airflow/example_dags/example_short_circuit_decorator.py
[2022-10-02T21:10:45.483+0000] {processor.py:768} INFO - DAG(s) dict_keys(['example_short_circuit_decorator']) retrieved from /home/airflow/.local/lib/python3.7/site-packages/airflow/example_dags/example_short_circuit_decorator.py
[2022-10-02T21:10:45.508+0000] {logging_mixin.py:117} INFO - [2022-10-02T21:10:45.508+0000] {dag.py:2573} INFO - Sync 1 DAGs
[2022-10-02T21:10:45.523+0000] {logging_mixin.py:117} INFO - [2022-10-02T21:10:45.523+0000] {dag.py:3328} INFO - Setting next_dagrun for example_short_circuit_decorator to 2022-10-01T21:10:45.523540+00:00, run_after=2022-10-02T21:10:45.523540+00:00
[2022-10-02T21:10:45.535+0000] {processor.py:178} INFO - Processing /home/airflow/.local/lib/python3.7/site-packages/airflow/example_dags/example_short_circuit_decorator.py took 0.072 seconds
[2022-10-02T21:11:15.785+0000] {processor.py:156} INFO - Started process (PID=802) to work on /home/airflow/.local/lib/python3.7/site-packages/airflow/example_dags/example_short_circuit_decorator.py
[2022-10-02T21:11:15.787+0000] {processor.py:758} INFO - Processing file /home/airflow/.local/lib/python3.7/site-packages/airflow/example_dags/example_short_circuit_decorator.py for tasks to queue
[2022-10-02T21:11:15.789+0000] {logging_mixin.py:117} INFO - [2022-10-02T21:11:15.789+0000] {dagbag.py:525} INFO - Filling up the DagBag from /home/airflow/.local/lib/python3.7/site-packages/airflow/example_dags/example_short_circuit_decorator.py
[2022-10-02T21:11:15.806+0000] {processor.py:768} INFO - DAG(s) dict_keys(['example_short_circuit_decorator']) retrieved from /home/airflow/.local/lib/python3.7/site-packages/airflow/example_dags/example_short_circuit_decorator.py
[2022-10-02T21:11:15.830+0000] {logging_mixin.py:117} INFO - [2022-10-02T21:11:15.830+0000] {dag.py:2573} INFO - Sync 1 DAGs
[2022-10-02T21:11:15.844+0000] {logging_mixin.py:117} INFO - [2022-10-02T21:11:15.844+0000] {dag.py:3328} INFO - Setting next_dagrun for example_short_circuit_decorator to 2022-10-01T21:11:15.843961+00:00, run_after=2022-10-02T21:11:15.843961+00:00
[2022-10-02T21:11:15.856+0000] {processor.py:178} INFO - Processing /home/airflow/.local/lib/python3.7/site-packages/airflow/example_dags/example_short_circuit_decorator.py took 0.073 seconds
[2022-10-02T21:11:46.458+0000] {processor.py:156} INFO - Started process (PID=864) to work on /home/airflow/.local/lib/python3.7/site-packages/airflow/example_dags/example_short_circuit_decorator.py
[2022-10-02T21:11:46.459+0000] {processor.py:758} INFO - Processing file /home/airflow/.local/lib/python3.7/site-packages/airflow/example_dags/example_short_circuit_decorator.py for tasks to queue
[2022-10-02T21:11:46.460+0000] {logging_mixin.py:117} INFO - [2022-10-02T21:11:46.460+0000] {dagbag.py:525} INFO - Filling up the DagBag from /home/airflow/.local/lib/python3.7/site-packages/airflow/example_dags/example_short_circuit_decorator.py
[2022-10-02T21:11:46.476+0000] {processor.py:768} INFO - DAG(s) dict_keys(['example_short_circuit_decorator']) retrieved from /home/airflow/.local/lib/python3.7/site-packages/airflow/example_dags/example_short_circuit_decorator.py
[2022-10-02T21:11:46.502+0000] {logging_mixin.py:117} INFO - [2022-10-02T21:11:46.502+0000] {dag.py:2573} INFO - Sync 1 DAGs
[2022-10-02T21:11:46.519+0000] {logging_mixin.py:117} INFO - [2022-10-02T21:11:46.519+0000] {dag.py:3328} INFO - Setting next_dagrun for example_short_circuit_decorator to 2022-10-01T21:11:46.519136+00:00, run_after=2022-10-02T21:11:46.519136+00:00
[2022-10-02T21:11:46.531+0000] {processor.py:178} INFO - Processing /home/airflow/.local/lib/python3.7/site-packages/airflow/example_dags/example_short_circuit_decorator.py took 0.076 seconds
[2022-10-02T21:12:16.732+0000] {processor.py:156} INFO - Started process (PID=928) to work on /home/airflow/.local/lib/python3.7/site-packages/airflow/example_dags/example_short_circuit_decorator.py
[2022-10-02T21:12:16.733+0000] {processor.py:758} INFO - Processing file /home/airflow/.local/lib/python3.7/site-packages/airflow/example_dags/example_short_circuit_decorator.py for tasks to queue
[2022-10-02T21:12:16.734+0000] {logging_mixin.py:117} INFO - [2022-10-02T21:12:16.734+0000] {dagbag.py:525} INFO - Filling up the DagBag from /home/airflow/.local/lib/python3.7/site-packages/airflow/example_dags/example_short_circuit_decorator.py
[2022-10-02T21:12:16.749+0000] {processor.py:768} INFO - DAG(s) dict_keys(['example_short_circuit_decorator']) retrieved from /home/airflow/.local/lib/python3.7/site-packages/airflow/example_dags/example_short_circuit_decorator.py
[2022-10-02T21:12:16.776+0000] {logging_mixin.py:117} INFO - [2022-10-02T21:12:16.776+0000] {dag.py:2573} INFO - Sync 1 DAGs
[2022-10-02T21:12:16.792+0000] {logging_mixin.py:117} INFO - [2022-10-02T21:12:16.792+0000] {dag.py:3328} INFO - Setting next_dagrun for example_short_circuit_decorator to 2022-10-01T21:12:16.792012+00:00, run_after=2022-10-02T21:12:16.792012+00:00
[2022-10-02T21:12:16.804+0000] {processor.py:178} INFO - Processing /home/airflow/.local/lib/python3.7/site-packages/airflow/example_dags/example_short_circuit_decorator.py took 0.074 seconds
[2022-10-02T21:12:47.053+0000] {processor.py:156} INFO - Started process (PID=991) to work on /home/airflow/.local/lib/python3.7/site-packages/airflow/example_dags/example_short_circuit_decorator.py
[2022-10-02T21:12:47.055+0000] {processor.py:758} INFO - Processing file /home/airflow/.local/lib/python3.7/site-packages/airflow/example_dags/example_short_circuit_decorator.py for tasks to queue
[2022-10-02T21:12:47.056+0000] {logging_mixin.py:117} INFO - [2022-10-02T21:12:47.056+0000] {dagbag.py:525} INFO - Filling up the DagBag from /home/airflow/.local/lib/python3.7/site-packages/airflow/example_dags/example_short_circuit_decorator.py
[2022-10-02T21:12:47.071+0000] {processor.py:768} INFO - DAG(s) dict_keys(['example_short_circuit_decorator']) retrieved from /home/airflow/.local/lib/python3.7/site-packages/airflow/example_dags/example_short_circuit_decorator.py
[2022-10-02T21:12:47.096+0000] {logging_mixin.py:117} INFO - [2022-10-02T21:12:47.096+0000] {dag.py:2573} INFO - Sync 1 DAGs
[2022-10-02T21:12:47.113+0000] {logging_mixin.py:117} INFO - [2022-10-02T21:12:47.113+0000] {dag.py:3328} INFO - Setting next_dagrun for example_short_circuit_decorator to 2022-10-01T21:12:47.113478+00:00, run_after=2022-10-02T21:12:47.113478+00:00
[2022-10-02T21:12:47.130+0000] {processor.py:178} INFO - Processing /home/airflow/.local/lib/python3.7/site-packages/airflow/example_dags/example_short_circuit_decorator.py took 0.079 seconds
[2022-10-02T21:13:17.326+0000] {processor.py:156} INFO - Started process (PID=1044) to work on /home/airflow/.local/lib/python3.7/site-packages/airflow/example_dags/example_short_circuit_decorator.py
[2022-10-02T21:13:17.327+0000] {processor.py:758} INFO - Processing file /home/airflow/.local/lib/python3.7/site-packages/airflow/example_dags/example_short_circuit_decorator.py for tasks to queue
[2022-10-02T21:13:17.328+0000] {logging_mixin.py:117} INFO - [2022-10-02T21:13:17.328+0000] {dagbag.py:525} INFO - Filling up the DagBag from /home/airflow/.local/lib/python3.7/site-packages/airflow/example_dags/example_short_circuit_decorator.py
[2022-10-02T21:13:17.342+0000] {processor.py:768} INFO - DAG(s) dict_keys(['example_short_circuit_decorator']) retrieved from /home/airflow/.local/lib/python3.7/site-packages/airflow/example_dags/example_short_circuit_decorator.py
[2022-10-02T21:13:17.372+0000] {logging_mixin.py:117} INFO - [2022-10-02T21:13:17.372+0000] {dag.py:2573} INFO - Sync 1 DAGs
[2022-10-02T21:13:17.389+0000] {logging_mixin.py:117} INFO - [2022-10-02T21:13:17.389+0000] {dag.py:3328} INFO - Setting next_dagrun for example_short_circuit_decorator to 2022-10-01T21:13:17.388929+00:00, run_after=2022-10-02T21:13:17.388929+00:00
[2022-10-02T21:13:17.402+0000] {processor.py:178} INFO - Processing /home/airflow/.local/lib/python3.7/site-packages/airflow/example_dags/example_short_circuit_decorator.py took 0.079 seconds
[2022-10-02T21:15:02.464+0000] {processor.py:156} INFO - Started process (PID=71) to work on /home/airflow/.local/lib/python3.7/site-packages/airflow/example_dags/example_short_circuit_decorator.py
[2022-10-02T21:15:02.468+0000] {processor.py:758} INFO - Processing file /home/airflow/.local/lib/python3.7/site-packages/airflow/example_dags/example_short_circuit_decorator.py for tasks to queue
[2022-10-02T21:15:02.471+0000] {logging_mixin.py:117} INFO - [2022-10-02T21:15:02.470+0000] {dagbag.py:525} INFO - Filling up the DagBag from /home/airflow/.local/lib/python3.7/site-packages/airflow/example_dags/example_short_circuit_decorator.py
[2022-10-02T21:15:02.532+0000] {processor.py:768} INFO - DAG(s) dict_keys(['example_short_circuit_decorator']) retrieved from /home/airflow/.local/lib/python3.7/site-packages/airflow/example_dags/example_short_circuit_decorator.py
[2022-10-02T21:15:02.610+0000] {logging_mixin.py:117} INFO - [2022-10-02T21:15:02.610+0000] {dag.py:2573} INFO - Sync 1 DAGs
[2022-10-02T21:15:02.641+0000] {logging_mixin.py:117} INFO - [2022-10-02T21:15:02.641+0000] {dag.py:3328} INFO - Setting next_dagrun for example_short_circuit_decorator to 2022-10-01T21:15:02.641190+00:00, run_after=2022-10-02T21:15:02.641190+00:00
[2022-10-02T21:15:02.680+0000] {processor.py:178} INFO - Processing /home/airflow/.local/lib/python3.7/site-packages/airflow/example_dags/example_short_circuit_decorator.py took 0.231 seconds
[2022-10-02T21:15:33.052+0000] {processor.py:156} INFO - Started process (PID=134) to work on /home/airflow/.local/lib/python3.7/site-packages/airflow/example_dags/example_short_circuit_decorator.py
[2022-10-02T21:15:33.053+0000] {processor.py:758} INFO - Processing file /home/airflow/.local/lib/python3.7/site-packages/airflow/example_dags/example_short_circuit_decorator.py for tasks to queue
[2022-10-02T21:15:33.054+0000] {logging_mixin.py:117} INFO - [2022-10-02T21:15:33.054+0000] {dagbag.py:525} INFO - Filling up the DagBag from /home/airflow/.local/lib/python3.7/site-packages/airflow/example_dags/example_short_circuit_decorator.py
[2022-10-02T21:15:33.073+0000] {processor.py:768} INFO - DAG(s) dict_keys(['example_short_circuit_decorator']) retrieved from /home/airflow/.local/lib/python3.7/site-packages/airflow/example_dags/example_short_circuit_decorator.py
[2022-10-02T21:15:33.108+0000] {logging_mixin.py:117} INFO - [2022-10-02T21:15:33.108+0000] {dag.py:2573} INFO - Sync 1 DAGs
[2022-10-02T21:15:33.133+0000] {logging_mixin.py:117} INFO - [2022-10-02T21:15:33.133+0000] {dag.py:3328} INFO - Setting next_dagrun for example_short_circuit_decorator to 2022-10-01T21:15:33.133205+00:00, run_after=2022-10-02T21:15:33.133205+00:00
[2022-10-02T21:15:33.150+0000] {processor.py:178} INFO - Processing /home/airflow/.local/lib/python3.7/site-packages/airflow/example_dags/example_short_circuit_decorator.py took 0.101 seconds
[2022-10-02T21:16:03.606+0000] {processor.py:156} INFO - Started process (PID=189) to work on /home/airflow/.local/lib/python3.7/site-packages/airflow/example_dags/example_short_circuit_decorator.py
[2022-10-02T21:16:03.609+0000] {processor.py:758} INFO - Processing file /home/airflow/.local/lib/python3.7/site-packages/airflow/example_dags/example_short_circuit_decorator.py for tasks to queue
[2022-10-02T21:16:03.613+0000] {logging_mixin.py:117} INFO - [2022-10-02T21:16:03.612+0000] {dagbag.py:525} INFO - Filling up the DagBag from /home/airflow/.local/lib/python3.7/site-packages/airflow/example_dags/example_short_circuit_decorator.py
[2022-10-02T21:16:03.741+0000] {processor.py:768} INFO - DAG(s) dict_keys(['example_short_circuit_decorator']) retrieved from /home/airflow/.local/lib/python3.7/site-packages/airflow/example_dags/example_short_circuit_decorator.py
[2022-10-02T21:16:03.801+0000] {logging_mixin.py:117} INFO - [2022-10-02T21:16:03.801+0000] {dag.py:2573} INFO - Sync 1 DAGs
[2022-10-02T21:16:03.860+0000] {logging_mixin.py:117} INFO - [2022-10-02T21:16:03.860+0000] {dag.py:3328} INFO - Setting next_dagrun for example_short_circuit_decorator to 2022-10-01T21:16:03.859971+00:00, run_after=2022-10-02T21:16:03.859971+00:00
[2022-10-02T21:16:03.888+0000] {processor.py:178} INFO - Processing /home/airflow/.local/lib/python3.7/site-packages/airflow/example_dags/example_short_circuit_decorator.py took 0.297 seconds
[2022-10-02T21:16:34.813+0000] {processor.py:156} INFO - Started process (PID=251) to work on /home/airflow/.local/lib/python3.7/site-packages/airflow/example_dags/example_short_circuit_decorator.py
[2022-10-02T21:16:34.814+0000] {processor.py:758} INFO - Processing file /home/airflow/.local/lib/python3.7/site-packages/airflow/example_dags/example_short_circuit_decorator.py for tasks to queue
[2022-10-02T21:16:34.816+0000] {logging_mixin.py:117} INFO - [2022-10-02T21:16:34.816+0000] {dagbag.py:525} INFO - Filling up the DagBag from /home/airflow/.local/lib/python3.7/site-packages/airflow/example_dags/example_short_circuit_decorator.py
[2022-10-02T21:16:34.831+0000] {processor.py:768} INFO - DAG(s) dict_keys(['example_short_circuit_decorator']) retrieved from /home/airflow/.local/lib/python3.7/site-packages/airflow/example_dags/example_short_circuit_decorator.py
[2022-10-02T21:16:34.868+0000] {logging_mixin.py:117} INFO - [2022-10-02T21:16:34.868+0000] {dag.py:2573} INFO - Sync 1 DAGs
[2022-10-02T21:16:34.891+0000] {logging_mixin.py:117} INFO - [2022-10-02T21:16:34.891+0000] {dag.py:3328} INFO - Setting next_dagrun for example_short_circuit_decorator to 2022-10-01T21:16:34.891286+00:00, run_after=2022-10-02T21:16:34.891286+00:00
[2022-10-02T21:16:34.911+0000] {processor.py:178} INFO - Processing /home/airflow/.local/lib/python3.7/site-packages/airflow/example_dags/example_short_circuit_decorator.py took 0.102 seconds
[2022-10-02T21:17:04.973+0000] {processor.py:156} INFO - Started process (PID=313) to work on /home/airflow/.local/lib/python3.7/site-packages/airflow/example_dags/example_short_circuit_decorator.py
[2022-10-02T21:17:04.975+0000] {processor.py:758} INFO - Processing file /home/airflow/.local/lib/python3.7/site-packages/airflow/example_dags/example_short_circuit_decorator.py for tasks to queue
[2022-10-02T21:17:04.976+0000] {logging_mixin.py:117} INFO - [2022-10-02T21:17:04.976+0000] {dagbag.py:525} INFO - Filling up the DagBag from /home/airflow/.local/lib/python3.7/site-packages/airflow/example_dags/example_short_circuit_decorator.py
[2022-10-02T21:17:04.994+0000] {processor.py:768} INFO - DAG(s) dict_keys(['example_short_circuit_decorator']) retrieved from /home/airflow/.local/lib/python3.7/site-packages/airflow/example_dags/example_short_circuit_decorator.py
[2022-10-02T21:17:05.044+0000] {logging_mixin.py:117} INFO - [2022-10-02T21:17:05.044+0000] {dag.py:2573} INFO - Sync 1 DAGs
[2022-10-02T21:17:05.067+0000] {logging_mixin.py:117} INFO - [2022-10-02T21:17:05.067+0000] {dag.py:3328} INFO - Setting next_dagrun for example_short_circuit_decorator to 2022-10-01T21:17:05.067153+00:00, run_after=2022-10-02T21:17:05.067153+00:00
[2022-10-02T21:17:05.104+0000] {processor.py:178} INFO - Processing /home/airflow/.local/lib/python3.7/site-packages/airflow/example_dags/example_short_circuit_decorator.py took 0.134 seconds
[2022-10-02T21:17:35.862+0000] {processor.py:156} INFO - Started process (PID=376) to work on /home/airflow/.local/lib/python3.7/site-packages/airflow/example_dags/example_short_circuit_decorator.py
[2022-10-02T21:17:35.864+0000] {processor.py:758} INFO - Processing file /home/airflow/.local/lib/python3.7/site-packages/airflow/example_dags/example_short_circuit_decorator.py for tasks to queue
[2022-10-02T21:17:35.865+0000] {logging_mixin.py:117} INFO - [2022-10-02T21:17:35.865+0000] {dagbag.py:525} INFO - Filling up the DagBag from /home/airflow/.local/lib/python3.7/site-packages/airflow/example_dags/example_short_circuit_decorator.py
[2022-10-02T21:17:35.879+0000] {processor.py:768} INFO - DAG(s) dict_keys(['example_short_circuit_decorator']) retrieved from /home/airflow/.local/lib/python3.7/site-packages/airflow/example_dags/example_short_circuit_decorator.py
[2022-10-02T21:17:35.907+0000] {logging_mixin.py:117} INFO - [2022-10-02T21:17:35.906+0000] {dag.py:2573} INFO - Sync 1 DAGs
[2022-10-02T21:17:35.923+0000] {logging_mixin.py:117} INFO - [2022-10-02T21:17:35.923+0000] {dag.py:3328} INFO - Setting next_dagrun for example_short_circuit_decorator to 2022-10-01T21:17:35.923128+00:00, run_after=2022-10-02T21:17:35.923128+00:00
[2022-10-02T21:17:35.938+0000] {processor.py:178} INFO - Processing /home/airflow/.local/lib/python3.7/site-packages/airflow/example_dags/example_short_circuit_decorator.py took 0.079 seconds
[2022-10-02T21:18:06.053+0000] {processor.py:156} INFO - Started process (PID=441) to work on /home/airflow/.local/lib/python3.7/site-packages/airflow/example_dags/example_short_circuit_decorator.py
[2022-10-02T21:18:06.055+0000] {processor.py:758} INFO - Processing file /home/airflow/.local/lib/python3.7/site-packages/airflow/example_dags/example_short_circuit_decorator.py for tasks to queue
[2022-10-02T21:18:06.056+0000] {logging_mixin.py:117} INFO - [2022-10-02T21:18:06.056+0000] {dagbag.py:525} INFO - Filling up the DagBag from /home/airflow/.local/lib/python3.7/site-packages/airflow/example_dags/example_short_circuit_decorator.py
[2022-10-02T21:18:06.074+0000] {processor.py:768} INFO - DAG(s) dict_keys(['example_short_circuit_decorator']) retrieved from /home/airflow/.local/lib/python3.7/site-packages/airflow/example_dags/example_short_circuit_decorator.py
[2022-10-02T21:18:06.116+0000] {logging_mixin.py:117} INFO - [2022-10-02T21:18:06.116+0000] {dag.py:2573} INFO - Sync 1 DAGs
[2022-10-02T21:18:06.141+0000] {logging_mixin.py:117} INFO - [2022-10-02T21:18:06.141+0000] {dag.py:3328} INFO - Setting next_dagrun for example_short_circuit_decorator to 2022-10-01T21:18:06.141638+00:00, run_after=2022-10-02T21:18:06.141638+00:00
[2022-10-02T21:18:06.156+0000] {processor.py:178} INFO - Processing /home/airflow/.local/lib/python3.7/site-packages/airflow/example_dags/example_short_circuit_decorator.py took 0.106 seconds
[2022-10-02T21:18:36.585+0000] {processor.py:156} INFO - Started process (PID=496) to work on /home/airflow/.local/lib/python3.7/site-packages/airflow/example_dags/example_short_circuit_decorator.py
[2022-10-02T21:18:36.587+0000] {processor.py:758} INFO - Processing file /home/airflow/.local/lib/python3.7/site-packages/airflow/example_dags/example_short_circuit_decorator.py for tasks to queue
[2022-10-02T21:18:36.588+0000] {logging_mixin.py:117} INFO - [2022-10-02T21:18:36.588+0000] {dagbag.py:525} INFO - Filling up the DagBag from /home/airflow/.local/lib/python3.7/site-packages/airflow/example_dags/example_short_circuit_decorator.py
[2022-10-02T21:18:36.603+0000] {processor.py:768} INFO - DAG(s) dict_keys(['example_short_circuit_decorator']) retrieved from /home/airflow/.local/lib/python3.7/site-packages/airflow/example_dags/example_short_circuit_decorator.py
[2022-10-02T21:18:36.630+0000] {logging_mixin.py:117} INFO - [2022-10-02T21:18:36.630+0000] {dag.py:2573} INFO - Sync 1 DAGs
[2022-10-02T21:18:36.647+0000] {logging_mixin.py:117} INFO - [2022-10-02T21:18:36.647+0000] {dag.py:3328} INFO - Setting next_dagrun for example_short_circuit_decorator to 2022-10-01T21:18:36.646939+00:00, run_after=2022-10-02T21:18:36.646939+00:00
[2022-10-02T21:18:36.666+0000] {processor.py:178} INFO - Processing /home/airflow/.local/lib/python3.7/site-packages/airflow/example_dags/example_short_circuit_decorator.py took 0.083 seconds
[2022-10-02T21:19:07.145+0000] {processor.py:156} INFO - Started process (PID=559) to work on /home/airflow/.local/lib/python3.7/site-packages/airflow/example_dags/example_short_circuit_decorator.py
[2022-10-02T21:19:07.147+0000] {processor.py:758} INFO - Processing file /home/airflow/.local/lib/python3.7/site-packages/airflow/example_dags/example_short_circuit_decorator.py for tasks to queue
[2022-10-02T21:19:07.150+0000] {logging_mixin.py:117} INFO - [2022-10-02T21:19:07.149+0000] {dagbag.py:525} INFO - Filling up the DagBag from /home/airflow/.local/lib/python3.7/site-packages/airflow/example_dags/example_short_circuit_decorator.py
[2022-10-02T21:19:07.168+0000] {processor.py:768} INFO - DAG(s) dict_keys(['example_short_circuit_decorator']) retrieved from /home/airflow/.local/lib/python3.7/site-packages/airflow/example_dags/example_short_circuit_decorator.py
[2022-10-02T21:19:07.219+0000] {logging_mixin.py:117} INFO - [2022-10-02T21:19:07.218+0000] {dag.py:2573} INFO - Sync 1 DAGs
[2022-10-02T21:19:07.267+0000] {logging_mixin.py:117} INFO - [2022-10-02T21:19:07.267+0000] {dag.py:3328} INFO - Setting next_dagrun for example_short_circuit_decorator to 2022-10-01T21:19:07.267129+00:00, run_after=2022-10-02T21:19:07.267129+00:00
[2022-10-02T21:19:07.289+0000] {processor.py:178} INFO - Processing /home/airflow/.local/lib/python3.7/site-packages/airflow/example_dags/example_short_circuit_decorator.py took 0.147 seconds
[2022-10-02T21:19:37.431+0000] {processor.py:156} INFO - Started process (PID=622) to work on /home/airflow/.local/lib/python3.7/site-packages/airflow/example_dags/example_short_circuit_decorator.py
[2022-10-02T21:19:37.432+0000] {processor.py:758} INFO - Processing file /home/airflow/.local/lib/python3.7/site-packages/airflow/example_dags/example_short_circuit_decorator.py for tasks to queue
[2022-10-02T21:19:37.434+0000] {logging_mixin.py:117} INFO - [2022-10-02T21:19:37.433+0000] {dagbag.py:525} INFO - Filling up the DagBag from /home/airflow/.local/lib/python3.7/site-packages/airflow/example_dags/example_short_circuit_decorator.py
[2022-10-02T21:19:37.448+0000] {processor.py:768} INFO - DAG(s) dict_keys(['example_short_circuit_decorator']) retrieved from /home/airflow/.local/lib/python3.7/site-packages/airflow/example_dags/example_short_circuit_decorator.py
[2022-10-02T21:19:37.475+0000] {logging_mixin.py:117} INFO - [2022-10-02T21:19:37.475+0000] {dag.py:2573} INFO - Sync 1 DAGs
[2022-10-02T21:19:37.491+0000] {logging_mixin.py:117} INFO - [2022-10-02T21:19:37.491+0000] {dag.py:3328} INFO - Setting next_dagrun for example_short_circuit_decorator to 2022-10-01T21:19:37.491350+00:00, run_after=2022-10-02T21:19:37.491350+00:00
[2022-10-02T21:19:37.515+0000] {processor.py:178} INFO - Processing /home/airflow/.local/lib/python3.7/site-packages/airflow/example_dags/example_short_circuit_decorator.py took 0.087 seconds
