[2022-10-02T20:50:14.397+0000] {processor.py:156} INFO - Started process (PID=62) to work on /home/airflow/.local/lib/python3.7/site-packages/airflow/example_dags/example_external_task_marker_dag.py
[2022-10-02T20:50:14.403+0000] {processor.py:758} INFO - Processing file /home/airflow/.local/lib/python3.7/site-packages/airflow/example_dags/example_external_task_marker_dag.py for tasks to queue
[2022-10-02T20:50:14.412+0000] {logging_mixin.py:117} INFO - [2022-10-02T20:50:14.411+0000] {dagbag.py:525} INFO - Filling up the DagBag from /home/airflow/.local/lib/python3.7/site-packages/airflow/example_dags/example_external_task_marker_dag.py
[2022-10-02T20:50:14.521+0000] {processor.py:768} INFO - DAG(s) dict_keys(['example_external_task_marker_parent', 'example_external_task_marker_child']) retrieved from /home/airflow/.local/lib/python3.7/site-packages/airflow/example_dags/example_external_task_marker_dag.py
[2022-10-02T20:50:14.717+0000] {logging_mixin.py:117} INFO - [2022-10-02T20:50:14.717+0000] {dag.py:2573} INFO - Sync 2 DAGs
[2022-10-02T20:50:14.814+0000] {logging_mixin.py:117} INFO - [2022-10-02T20:50:14.813+0000] {dag.py:3328} INFO - Setting next_dagrun for example_external_task_marker_child to None, run_after=None
[2022-10-02T20:50:14.829+0000] {logging_mixin.py:117} INFO - [2022-10-02T20:50:14.828+0000] {dag.py:3328} INFO - Setting next_dagrun for example_external_task_marker_parent to None, run_after=None
[2022-10-02T20:50:14.960+0000] {processor.py:178} INFO - Processing /home/airflow/.local/lib/python3.7/site-packages/airflow/example_dags/example_external_task_marker_dag.py took 0.576 seconds
[2022-10-02T20:50:45.718+0000] {processor.py:156} INFO - Started process (PID=115) to work on /home/airflow/.local/lib/python3.7/site-packages/airflow/example_dags/example_external_task_marker_dag.py
[2022-10-02T20:50:45.720+0000] {processor.py:758} INFO - Processing file /home/airflow/.local/lib/python3.7/site-packages/airflow/example_dags/example_external_task_marker_dag.py for tasks to queue
[2022-10-02T20:50:45.722+0000] {logging_mixin.py:117} INFO - [2022-10-02T20:50:45.722+0000] {dagbag.py:525} INFO - Filling up the DagBag from /home/airflow/.local/lib/python3.7/site-packages/airflow/example_dags/example_external_task_marker_dag.py
[2022-10-02T20:50:45.744+0000] {processor.py:768} INFO - DAG(s) dict_keys(['example_external_task_marker_child', 'example_external_task_marker_parent']) retrieved from /home/airflow/.local/lib/python3.7/site-packages/airflow/example_dags/example_external_task_marker_dag.py
[2022-10-02T20:50:45.894+0000] {logging_mixin.py:117} INFO - [2022-10-02T20:50:45.894+0000] {dag.py:2573} INFO - Sync 2 DAGs
[2022-10-02T20:50:45.912+0000] {logging_mixin.py:117} INFO - [2022-10-02T20:50:45.912+0000] {dag.py:3328} INFO - Setting next_dagrun for example_external_task_marker_child to None, run_after=None
[2022-10-02T20:50:45.916+0000] {logging_mixin.py:117} INFO - [2022-10-02T20:50:45.916+0000] {dag.py:3328} INFO - Setting next_dagrun for example_external_task_marker_parent to None, run_after=None
[2022-10-02T20:50:45.937+0000] {processor.py:178} INFO - Processing /home/airflow/.local/lib/python3.7/site-packages/airflow/example_dags/example_external_task_marker_dag.py took 0.222 seconds
[2022-10-02T20:51:16.453+0000] {processor.py:156} INFO - Started process (PID=180) to work on /home/airflow/.local/lib/python3.7/site-packages/airflow/example_dags/example_external_task_marker_dag.py
[2022-10-02T20:51:16.455+0000] {processor.py:758} INFO - Processing file /home/airflow/.local/lib/python3.7/site-packages/airflow/example_dags/example_external_task_marker_dag.py for tasks to queue
[2022-10-02T20:51:16.458+0000] {logging_mixin.py:117} INFO - [2022-10-02T20:51:16.457+0000] {dagbag.py:525} INFO - Filling up the DagBag from /home/airflow/.local/lib/python3.7/site-packages/airflow/example_dags/example_external_task_marker_dag.py
[2022-10-02T20:51:16.471+0000] {processor.py:768} INFO - DAG(s) dict_keys(['example_external_task_marker_child', 'example_external_task_marker_parent']) retrieved from /home/airflow/.local/lib/python3.7/site-packages/airflow/example_dags/example_external_task_marker_dag.py
[2022-10-02T20:51:16.582+0000] {logging_mixin.py:117} INFO - [2022-10-02T20:51:16.582+0000] {dag.py:2573} INFO - Sync 2 DAGs
[2022-10-02T20:51:16.603+0000] {logging_mixin.py:117} INFO - [2022-10-02T20:51:16.603+0000] {dag.py:3328} INFO - Setting next_dagrun for example_external_task_marker_child to None, run_after=None
[2022-10-02T20:51:16.607+0000] {logging_mixin.py:117} INFO - [2022-10-02T20:51:16.606+0000] {dag.py:3328} INFO - Setting next_dagrun for example_external_task_marker_parent to None, run_after=None
[2022-10-02T20:51:16.620+0000] {processor.py:178} INFO - Processing /home/airflow/.local/lib/python3.7/site-packages/airflow/example_dags/example_external_task_marker_dag.py took 0.172 seconds
[2022-10-02T20:51:47.327+0000] {processor.py:156} INFO - Started process (PID=243) to work on /home/airflow/.local/lib/python3.7/site-packages/airflow/example_dags/example_external_task_marker_dag.py
[2022-10-02T20:51:47.329+0000] {processor.py:758} INFO - Processing file /home/airflow/.local/lib/python3.7/site-packages/airflow/example_dags/example_external_task_marker_dag.py for tasks to queue
[2022-10-02T20:51:47.331+0000] {logging_mixin.py:117} INFO - [2022-10-02T20:51:47.331+0000] {dagbag.py:525} INFO - Filling up the DagBag from /home/airflow/.local/lib/python3.7/site-packages/airflow/example_dags/example_external_task_marker_dag.py
[2022-10-02T20:51:47.342+0000] {processor.py:768} INFO - DAG(s) dict_keys(['example_external_task_marker_child', 'example_external_task_marker_parent']) retrieved from /home/airflow/.local/lib/python3.7/site-packages/airflow/example_dags/example_external_task_marker_dag.py
[2022-10-02T20:51:47.483+0000] {logging_mixin.py:117} INFO - [2022-10-02T20:51:47.483+0000] {dag.py:2573} INFO - Sync 2 DAGs
[2022-10-02T20:51:47.506+0000] {logging_mixin.py:117} INFO - [2022-10-02T20:51:47.506+0000] {dag.py:3328} INFO - Setting next_dagrun for example_external_task_marker_child to None, run_after=None
[2022-10-02T20:51:47.519+0000] {logging_mixin.py:117} INFO - [2022-10-02T20:51:47.518+0000] {dag.py:3328} INFO - Setting next_dagrun for example_external_task_marker_parent to None, run_after=None
[2022-10-02T20:51:47.537+0000] {processor.py:178} INFO - Processing /home/airflow/.local/lib/python3.7/site-packages/airflow/example_dags/example_external_task_marker_dag.py took 0.212 seconds
[2022-10-02T20:52:17.719+0000] {processor.py:156} INFO - Started process (PID=304) to work on /home/airflow/.local/lib/python3.7/site-packages/airflow/example_dags/example_external_task_marker_dag.py
[2022-10-02T20:52:17.721+0000] {processor.py:758} INFO - Processing file /home/airflow/.local/lib/python3.7/site-packages/airflow/example_dags/example_external_task_marker_dag.py for tasks to queue
[2022-10-02T20:52:17.724+0000] {logging_mixin.py:117} INFO - [2022-10-02T20:52:17.724+0000] {dagbag.py:525} INFO - Filling up the DagBag from /home/airflow/.local/lib/python3.7/site-packages/airflow/example_dags/example_external_task_marker_dag.py
[2022-10-02T20:52:17.736+0000] {processor.py:768} INFO - DAG(s) dict_keys(['example_external_task_marker_parent', 'example_external_task_marker_child']) retrieved from /home/airflow/.local/lib/python3.7/site-packages/airflow/example_dags/example_external_task_marker_dag.py
[2022-10-02T20:52:17.849+0000] {logging_mixin.py:117} INFO - [2022-10-02T20:52:17.849+0000] {dag.py:2573} INFO - Sync 2 DAGs
[2022-10-02T20:52:17.869+0000] {logging_mixin.py:117} INFO - [2022-10-02T20:52:17.868+0000] {dag.py:3328} INFO - Setting next_dagrun for example_external_task_marker_child to None, run_after=None
[2022-10-02T20:52:17.872+0000] {logging_mixin.py:117} INFO - [2022-10-02T20:52:17.872+0000] {dag.py:3328} INFO - Setting next_dagrun for example_external_task_marker_parent to None, run_after=None
[2022-10-02T20:52:17.888+0000] {processor.py:178} INFO - Processing /home/airflow/.local/lib/python3.7/site-packages/airflow/example_dags/example_external_task_marker_dag.py took 0.171 seconds
[2022-10-02T20:52:48.011+0000] {processor.py:156} INFO - Started process (PID=367) to work on /home/airflow/.local/lib/python3.7/site-packages/airflow/example_dags/example_external_task_marker_dag.py
[2022-10-02T20:52:48.014+0000] {processor.py:758} INFO - Processing file /home/airflow/.local/lib/python3.7/site-packages/airflow/example_dags/example_external_task_marker_dag.py for tasks to queue
[2022-10-02T20:52:48.016+0000] {logging_mixin.py:117} INFO - [2022-10-02T20:52:48.015+0000] {dagbag.py:525} INFO - Filling up the DagBag from /home/airflow/.local/lib/python3.7/site-packages/airflow/example_dags/example_external_task_marker_dag.py
[2022-10-02T20:52:48.027+0000] {processor.py:768} INFO - DAG(s) dict_keys(['example_external_task_marker_child', 'example_external_task_marker_parent']) retrieved from /home/airflow/.local/lib/python3.7/site-packages/airflow/example_dags/example_external_task_marker_dag.py
[2022-10-02T20:52:48.145+0000] {logging_mixin.py:117} INFO - [2022-10-02T20:52:48.145+0000] {dag.py:2573} INFO - Sync 2 DAGs
[2022-10-02T20:52:48.164+0000] {logging_mixin.py:117} INFO - [2022-10-02T20:52:48.164+0000] {dag.py:3328} INFO - Setting next_dagrun for example_external_task_marker_child to None, run_after=None
[2022-10-02T20:52:48.168+0000] {logging_mixin.py:117} INFO - [2022-10-02T20:52:48.167+0000] {dag.py:3328} INFO - Setting next_dagrun for example_external_task_marker_parent to None, run_after=None
[2022-10-02T20:52:48.179+0000] {processor.py:178} INFO - Processing /home/airflow/.local/lib/python3.7/site-packages/airflow/example_dags/example_external_task_marker_dag.py took 0.170 seconds
[2022-10-02T20:54:19.872+0000] {processor.py:156} INFO - Started process (PID=52) to work on /home/airflow/.local/lib/python3.7/site-packages/airflow/example_dags/example_external_task_marker_dag.py
[2022-10-02T20:54:19.875+0000] {processor.py:758} INFO - Processing file /home/airflow/.local/lib/python3.7/site-packages/airflow/example_dags/example_external_task_marker_dag.py for tasks to queue
[2022-10-02T20:54:19.876+0000] {logging_mixin.py:117} INFO - [2022-10-02T20:54:19.876+0000] {dagbag.py:525} INFO - Filling up the DagBag from /home/airflow/.local/lib/python3.7/site-packages/airflow/example_dags/example_external_task_marker_dag.py
[2022-10-02T20:54:19.924+0000] {processor.py:768} INFO - DAG(s) dict_keys(['example_external_task_marker_parent', 'example_external_task_marker_child']) retrieved from /home/airflow/.local/lib/python3.7/site-packages/airflow/example_dags/example_external_task_marker_dag.py
[2022-10-02T20:54:19.981+0000] {logging_mixin.py:117} INFO - [2022-10-02T20:54:19.980+0000] {dag.py:2573} INFO - Sync 2 DAGs
[2022-10-02T20:54:20.021+0000] {logging_mixin.py:117} INFO - [2022-10-02T20:54:20.021+0000] {dag.py:3328} INFO - Setting next_dagrun for example_external_task_marker_child to None, run_after=None
[2022-10-02T20:54:20.039+0000] {logging_mixin.py:117} INFO - [2022-10-02T20:54:20.038+0000] {dag.py:3328} INFO - Setting next_dagrun for example_external_task_marker_parent to None, run_after=None
[2022-10-02T20:54:20.083+0000] {processor.py:178} INFO - Processing /home/airflow/.local/lib/python3.7/site-packages/airflow/example_dags/example_external_task_marker_dag.py took 0.220 seconds
[2022-10-02T20:54:50.826+0000] {processor.py:156} INFO - Started process (PID=115) to work on /home/airflow/.local/lib/python3.7/site-packages/airflow/example_dags/example_external_task_marker_dag.py
[2022-10-02T20:54:50.828+0000] {processor.py:758} INFO - Processing file /home/airflow/.local/lib/python3.7/site-packages/airflow/example_dags/example_external_task_marker_dag.py for tasks to queue
[2022-10-02T20:54:50.829+0000] {logging_mixin.py:117} INFO - [2022-10-02T20:54:50.829+0000] {dagbag.py:525} INFO - Filling up the DagBag from /home/airflow/.local/lib/python3.7/site-packages/airflow/example_dags/example_external_task_marker_dag.py
[2022-10-02T20:54:50.838+0000] {processor.py:768} INFO - DAG(s) dict_keys(['example_external_task_marker_parent', 'example_external_task_marker_child']) retrieved from /home/airflow/.local/lib/python3.7/site-packages/airflow/example_dags/example_external_task_marker_dag.py
[2022-10-02T20:54:50.944+0000] {logging_mixin.py:117} INFO - [2022-10-02T20:54:50.944+0000] {dag.py:2573} INFO - Sync 2 DAGs
[2022-10-02T20:54:50.957+0000] {logging_mixin.py:117} INFO - [2022-10-02T20:54:50.957+0000] {dag.py:3328} INFO - Setting next_dagrun for example_external_task_marker_child to None, run_after=None
[2022-10-02T20:54:50.959+0000] {logging_mixin.py:117} INFO - [2022-10-02T20:54:50.959+0000] {dag.py:3328} INFO - Setting next_dagrun for example_external_task_marker_parent to None, run_after=None
[2022-10-02T20:54:50.970+0000] {processor.py:178} INFO - Processing /home/airflow/.local/lib/python3.7/site-packages/airflow/example_dags/example_external_task_marker_dag.py took 0.146 seconds
[2022-10-02T20:56:38.233+0000] {processor.py:156} INFO - Started process (PID=53) to work on /home/airflow/.local/lib/python3.7/site-packages/airflow/example_dags/example_external_task_marker_dag.py
[2022-10-02T20:56:38.235+0000] {processor.py:758} INFO - Processing file /home/airflow/.local/lib/python3.7/site-packages/airflow/example_dags/example_external_task_marker_dag.py for tasks to queue
[2022-10-02T20:56:38.237+0000] {logging_mixin.py:117} INFO - [2022-10-02T20:56:38.237+0000] {dagbag.py:525} INFO - Filling up the DagBag from /home/airflow/.local/lib/python3.7/site-packages/airflow/example_dags/example_external_task_marker_dag.py
[2022-10-02T20:56:38.260+0000] {processor.py:768} INFO - DAG(s) dict_keys(['example_external_task_marker_parent', 'example_external_task_marker_child']) retrieved from /home/airflow/.local/lib/python3.7/site-packages/airflow/example_dags/example_external_task_marker_dag.py
[2022-10-02T20:56:38.325+0000] {logging_mixin.py:117} INFO - [2022-10-02T20:56:38.325+0000] {dag.py:2573} INFO - Sync 2 DAGs
[2022-10-02T20:56:38.369+0000] {logging_mixin.py:117} INFO - [2022-10-02T20:56:38.369+0000] {dag.py:3328} INFO - Setting next_dagrun for example_external_task_marker_child to None, run_after=None
[2022-10-02T20:56:38.374+0000] {logging_mixin.py:117} INFO - [2022-10-02T20:56:38.374+0000] {dag.py:3328} INFO - Setting next_dagrun for example_external_task_marker_parent to None, run_after=None
[2022-10-02T20:56:38.406+0000] {processor.py:178} INFO - Processing /home/airflow/.local/lib/python3.7/site-packages/airflow/example_dags/example_external_task_marker_dag.py took 0.177 seconds
[2022-10-02T20:57:09.118+0000] {processor.py:156} INFO - Started process (PID=116) to work on /home/airflow/.local/lib/python3.7/site-packages/airflow/example_dags/example_external_task_marker_dag.py
[2022-10-02T20:57:09.119+0000] {processor.py:758} INFO - Processing file /home/airflow/.local/lib/python3.7/site-packages/airflow/example_dags/example_external_task_marker_dag.py for tasks to queue
[2022-10-02T20:57:09.120+0000] {logging_mixin.py:117} INFO - [2022-10-02T20:57:09.120+0000] {dagbag.py:525} INFO - Filling up the DagBag from /home/airflow/.local/lib/python3.7/site-packages/airflow/example_dags/example_external_task_marker_dag.py
[2022-10-02T20:57:09.130+0000] {processor.py:768} INFO - DAG(s) dict_keys(['example_external_task_marker_parent', 'example_external_task_marker_child']) retrieved from /home/airflow/.local/lib/python3.7/site-packages/airflow/example_dags/example_external_task_marker_dag.py
[2022-10-02T20:57:09.232+0000] {logging_mixin.py:117} INFO - [2022-10-02T20:57:09.232+0000] {dag.py:2573} INFO - Sync 2 DAGs
[2022-10-02T20:57:09.249+0000] {logging_mixin.py:117} INFO - [2022-10-02T20:57:09.249+0000] {dag.py:3328} INFO - Setting next_dagrun for example_external_task_marker_child to None, run_after=None
[2022-10-02T20:57:09.252+0000] {logging_mixin.py:117} INFO - [2022-10-02T20:57:09.252+0000] {dag.py:3328} INFO - Setting next_dagrun for example_external_task_marker_parent to None, run_after=None
[2022-10-02T20:57:09.266+0000] {processor.py:178} INFO - Processing /home/airflow/.local/lib/python3.7/site-packages/airflow/example_dags/example_external_task_marker_dag.py took 0.150 seconds
[2022-10-02T20:57:40.146+0000] {processor.py:156} INFO - Started process (PID=180) to work on /home/airflow/.local/lib/python3.7/site-packages/airflow/example_dags/example_external_task_marker_dag.py
[2022-10-02T20:57:40.151+0000] {processor.py:758} INFO - Processing file /home/airflow/.local/lib/python3.7/site-packages/airflow/example_dags/example_external_task_marker_dag.py for tasks to queue
[2022-10-02T20:57:40.152+0000] {logging_mixin.py:117} INFO - [2022-10-02T20:57:40.152+0000] {dagbag.py:525} INFO - Filling up the DagBag from /home/airflow/.local/lib/python3.7/site-packages/airflow/example_dags/example_external_task_marker_dag.py
[2022-10-02T20:57:40.163+0000] {processor.py:768} INFO - DAG(s) dict_keys(['example_external_task_marker_parent', 'example_external_task_marker_child']) retrieved from /home/airflow/.local/lib/python3.7/site-packages/airflow/example_dags/example_external_task_marker_dag.py
[2022-10-02T20:57:40.283+0000] {logging_mixin.py:117} INFO - [2022-10-02T20:57:40.283+0000] {dag.py:2573} INFO - Sync 2 DAGs
[2022-10-02T20:57:40.302+0000] {logging_mixin.py:117} INFO - [2022-10-02T20:57:40.302+0000] {dag.py:3328} INFO - Setting next_dagrun for example_external_task_marker_child to None, run_after=None
[2022-10-02T20:57:40.308+0000] {logging_mixin.py:117} INFO - [2022-10-02T20:57:40.308+0000] {dag.py:3328} INFO - Setting next_dagrun for example_external_task_marker_parent to None, run_after=None
[2022-10-02T20:57:40.320+0000] {processor.py:178} INFO - Processing /home/airflow/.local/lib/python3.7/site-packages/airflow/example_dags/example_external_task_marker_dag.py took 0.177 seconds
[2022-10-02T20:58:10.534+0000] {processor.py:156} INFO - Started process (PID=242) to work on /home/airflow/.local/lib/python3.7/site-packages/airflow/example_dags/example_external_task_marker_dag.py
[2022-10-02T20:58:10.536+0000] {processor.py:758} INFO - Processing file /home/airflow/.local/lib/python3.7/site-packages/airflow/example_dags/example_external_task_marker_dag.py for tasks to queue
[2022-10-02T20:58:10.537+0000] {logging_mixin.py:117} INFO - [2022-10-02T20:58:10.536+0000] {dagbag.py:525} INFO - Filling up the DagBag from /home/airflow/.local/lib/python3.7/site-packages/airflow/example_dags/example_external_task_marker_dag.py
[2022-10-02T20:58:10.546+0000] {processor.py:768} INFO - DAG(s) dict_keys(['example_external_task_marker_parent', 'example_external_task_marker_child']) retrieved from /home/airflow/.local/lib/python3.7/site-packages/airflow/example_dags/example_external_task_marker_dag.py
[2022-10-02T20:58:10.646+0000] {logging_mixin.py:117} INFO - [2022-10-02T20:58:10.646+0000] {dag.py:2573} INFO - Sync 2 DAGs
[2022-10-02T20:58:10.661+0000] {logging_mixin.py:117} INFO - [2022-10-02T20:58:10.661+0000] {dag.py:3328} INFO - Setting next_dagrun for example_external_task_marker_child to None, run_after=None
[2022-10-02T20:58:10.664+0000] {logging_mixin.py:117} INFO - [2022-10-02T20:58:10.664+0000] {dag.py:3328} INFO - Setting next_dagrun for example_external_task_marker_parent to None, run_after=None
[2022-10-02T20:58:10.674+0000] {processor.py:178} INFO - Processing /home/airflow/.local/lib/python3.7/site-packages/airflow/example_dags/example_external_task_marker_dag.py took 0.142 seconds
[2022-10-02T20:58:41.225+0000] {processor.py:156} INFO - Started process (PID=306) to work on /home/airflow/.local/lib/python3.7/site-packages/airflow/example_dags/example_external_task_marker_dag.py
[2022-10-02T20:58:41.228+0000] {processor.py:758} INFO - Processing file /home/airflow/.local/lib/python3.7/site-packages/airflow/example_dags/example_external_task_marker_dag.py for tasks to queue
[2022-10-02T20:58:41.229+0000] {logging_mixin.py:117} INFO - [2022-10-02T20:58:41.229+0000] {dagbag.py:525} INFO - Filling up the DagBag from /home/airflow/.local/lib/python3.7/site-packages/airflow/example_dags/example_external_task_marker_dag.py
[2022-10-02T20:58:41.243+0000] {processor.py:768} INFO - DAG(s) dict_keys(['example_external_task_marker_child', 'example_external_task_marker_parent']) retrieved from /home/airflow/.local/lib/python3.7/site-packages/airflow/example_dags/example_external_task_marker_dag.py
[2022-10-02T20:58:41.358+0000] {logging_mixin.py:117} INFO - [2022-10-02T20:58:41.358+0000] {dag.py:2573} INFO - Sync 2 DAGs
[2022-10-02T20:58:41.374+0000] {logging_mixin.py:117} INFO - [2022-10-02T20:58:41.374+0000] {dag.py:3328} INFO - Setting next_dagrun for example_external_task_marker_child to None, run_after=None
[2022-10-02T20:58:41.377+0000] {logging_mixin.py:117} INFO - [2022-10-02T20:58:41.377+0000] {dag.py:3328} INFO - Setting next_dagrun for example_external_task_marker_parent to None, run_after=None
[2022-10-02T20:58:41.389+0000] {processor.py:178} INFO - Processing /home/airflow/.local/lib/python3.7/site-packages/airflow/example_dags/example_external_task_marker_dag.py took 0.166 seconds
[2022-10-02T20:59:11.520+0000] {processor.py:156} INFO - Started process (PID=370) to work on /home/airflow/.local/lib/python3.7/site-packages/airflow/example_dags/example_external_task_marker_dag.py
[2022-10-02T20:59:11.521+0000] {processor.py:758} INFO - Processing file /home/airflow/.local/lib/python3.7/site-packages/airflow/example_dags/example_external_task_marker_dag.py for tasks to queue
[2022-10-02T20:59:11.523+0000] {logging_mixin.py:117} INFO - [2022-10-02T20:59:11.523+0000] {dagbag.py:525} INFO - Filling up the DagBag from /home/airflow/.local/lib/python3.7/site-packages/airflow/example_dags/example_external_task_marker_dag.py
[2022-10-02T20:59:11.539+0000] {processor.py:768} INFO - DAG(s) dict_keys(['example_external_task_marker_parent', 'example_external_task_marker_child']) retrieved from /home/airflow/.local/lib/python3.7/site-packages/airflow/example_dags/example_external_task_marker_dag.py
[2022-10-02T20:59:11.658+0000] {logging_mixin.py:117} INFO - [2022-10-02T20:59:11.658+0000] {dag.py:2573} INFO - Sync 2 DAGs
[2022-10-02T20:59:11.678+0000] {logging_mixin.py:117} INFO - [2022-10-02T20:59:11.678+0000] {dag.py:3328} INFO - Setting next_dagrun for example_external_task_marker_child to None, run_after=None
[2022-10-02T20:59:11.683+0000] {logging_mixin.py:117} INFO - [2022-10-02T20:59:11.682+0000] {dag.py:3328} INFO - Setting next_dagrun for example_external_task_marker_parent to None, run_after=None
[2022-10-02T20:59:11.707+0000] {processor.py:178} INFO - Processing /home/airflow/.local/lib/python3.7/site-packages/airflow/example_dags/example_external_task_marker_dag.py took 0.189 seconds
[2022-10-02T20:59:41.886+0000] {processor.py:156} INFO - Started process (PID=422) to work on /home/airflow/.local/lib/python3.7/site-packages/airflow/example_dags/example_external_task_marker_dag.py
[2022-10-02T20:59:41.887+0000] {processor.py:758} INFO - Processing file /home/airflow/.local/lib/python3.7/site-packages/airflow/example_dags/example_external_task_marker_dag.py for tasks to queue
[2022-10-02T20:59:41.889+0000] {logging_mixin.py:117} INFO - [2022-10-02T20:59:41.889+0000] {dagbag.py:525} INFO - Filling up the DagBag from /home/airflow/.local/lib/python3.7/site-packages/airflow/example_dags/example_external_task_marker_dag.py
[2022-10-02T20:59:41.900+0000] {processor.py:768} INFO - DAG(s) dict_keys(['example_external_task_marker_child', 'example_external_task_marker_parent']) retrieved from /home/airflow/.local/lib/python3.7/site-packages/airflow/example_dags/example_external_task_marker_dag.py
[2022-10-02T20:59:42.019+0000] {logging_mixin.py:117} INFO - [2022-10-02T20:59:42.019+0000] {dag.py:2573} INFO - Sync 2 DAGs
[2022-10-02T20:59:42.037+0000] {logging_mixin.py:117} INFO - [2022-10-02T20:59:42.037+0000] {dag.py:3328} INFO - Setting next_dagrun for example_external_task_marker_child to None, run_after=None
[2022-10-02T20:59:42.041+0000] {logging_mixin.py:117} INFO - [2022-10-02T20:59:42.041+0000] {dag.py:3328} INFO - Setting next_dagrun for example_external_task_marker_parent to None, run_after=None
[2022-10-02T20:59:42.050+0000] {processor.py:178} INFO - Processing /home/airflow/.local/lib/python3.7/site-packages/airflow/example_dags/example_external_task_marker_dag.py took 0.167 seconds
[2022-10-02T21:00:12.092+0000] {processor.py:156} INFO - Started process (PID=486) to work on /home/airflow/.local/lib/python3.7/site-packages/airflow/example_dags/example_external_task_marker_dag.py
[2022-10-02T21:00:12.097+0000] {processor.py:758} INFO - Processing file /home/airflow/.local/lib/python3.7/site-packages/airflow/example_dags/example_external_task_marker_dag.py for tasks to queue
[2022-10-02T21:00:12.098+0000] {logging_mixin.py:117} INFO - [2022-10-02T21:00:12.098+0000] {dagbag.py:525} INFO - Filling up the DagBag from /home/airflow/.local/lib/python3.7/site-packages/airflow/example_dags/example_external_task_marker_dag.py
[2022-10-02T21:00:12.108+0000] {processor.py:768} INFO - DAG(s) dict_keys(['example_external_task_marker_parent', 'example_external_task_marker_child']) retrieved from /home/airflow/.local/lib/python3.7/site-packages/airflow/example_dags/example_external_task_marker_dag.py
[2022-10-02T21:00:12.207+0000] {logging_mixin.py:117} INFO - [2022-10-02T21:00:12.207+0000] {dag.py:2573} INFO - Sync 2 DAGs
[2022-10-02T21:00:12.221+0000] {logging_mixin.py:117} INFO - [2022-10-02T21:00:12.221+0000] {dag.py:3328} INFO - Setting next_dagrun for example_external_task_marker_child to None, run_after=None
[2022-10-02T21:00:12.224+0000] {logging_mixin.py:117} INFO - [2022-10-02T21:00:12.224+0000] {dag.py:3328} INFO - Setting next_dagrun for example_external_task_marker_parent to None, run_after=None
[2022-10-02T21:00:12.234+0000] {processor.py:178} INFO - Processing /home/airflow/.local/lib/python3.7/site-packages/airflow/example_dags/example_external_task_marker_dag.py took 0.145 seconds
[2022-10-02T21:00:43.085+0000] {processor.py:156} INFO - Started process (PID=548) to work on /home/airflow/.local/lib/python3.7/site-packages/airflow/example_dags/example_external_task_marker_dag.py
[2022-10-02T21:00:43.087+0000] {processor.py:758} INFO - Processing file /home/airflow/.local/lib/python3.7/site-packages/airflow/example_dags/example_external_task_marker_dag.py for tasks to queue
[2022-10-02T21:00:43.088+0000] {logging_mixin.py:117} INFO - [2022-10-02T21:00:43.087+0000] {dagbag.py:525} INFO - Filling up the DagBag from /home/airflow/.local/lib/python3.7/site-packages/airflow/example_dags/example_external_task_marker_dag.py
[2022-10-02T21:00:43.098+0000] {processor.py:768} INFO - DAG(s) dict_keys(['example_external_task_marker_parent', 'example_external_task_marker_child']) retrieved from /home/airflow/.local/lib/python3.7/site-packages/airflow/example_dags/example_external_task_marker_dag.py
[2022-10-02T21:00:43.199+0000] {logging_mixin.py:117} INFO - [2022-10-02T21:00:43.199+0000] {dag.py:2573} INFO - Sync 2 DAGs
[2022-10-02T21:00:43.212+0000] {logging_mixin.py:117} INFO - [2022-10-02T21:00:43.212+0000] {dag.py:3328} INFO - Setting next_dagrun for example_external_task_marker_child to None, run_after=None
[2022-10-02T21:00:43.215+0000] {logging_mixin.py:117} INFO - [2022-10-02T21:00:43.215+0000] {dag.py:3328} INFO - Setting next_dagrun for example_external_task_marker_parent to None, run_after=None
[2022-10-02T21:00:43.225+0000] {processor.py:178} INFO - Processing /home/airflow/.local/lib/python3.7/site-packages/airflow/example_dags/example_external_task_marker_dag.py took 0.142 seconds
[2022-10-02T21:01:14.085+0000] {processor.py:156} INFO - Started process (PID=611) to work on /home/airflow/.local/lib/python3.7/site-packages/airflow/example_dags/example_external_task_marker_dag.py
[2022-10-02T21:01:14.087+0000] {processor.py:758} INFO - Processing file /home/airflow/.local/lib/python3.7/site-packages/airflow/example_dags/example_external_task_marker_dag.py for tasks to queue
[2022-10-02T21:01:14.088+0000] {logging_mixin.py:117} INFO - [2022-10-02T21:01:14.088+0000] {dagbag.py:525} INFO - Filling up the DagBag from /home/airflow/.local/lib/python3.7/site-packages/airflow/example_dags/example_external_task_marker_dag.py
[2022-10-02T21:01:14.098+0000] {processor.py:768} INFO - DAG(s) dict_keys(['example_external_task_marker_parent', 'example_external_task_marker_child']) retrieved from /home/airflow/.local/lib/python3.7/site-packages/airflow/example_dags/example_external_task_marker_dag.py
[2022-10-02T21:01:14.205+0000] {logging_mixin.py:117} INFO - [2022-10-02T21:01:14.205+0000] {dag.py:2573} INFO - Sync 2 DAGs
[2022-10-02T21:01:14.221+0000] {logging_mixin.py:117} INFO - [2022-10-02T21:01:14.221+0000] {dag.py:3328} INFO - Setting next_dagrun for example_external_task_marker_child to None, run_after=None
[2022-10-02T21:01:14.224+0000] {logging_mixin.py:117} INFO - [2022-10-02T21:01:14.224+0000] {dag.py:3328} INFO - Setting next_dagrun for example_external_task_marker_parent to None, run_after=None
[2022-10-02T21:01:14.238+0000] {processor.py:178} INFO - Processing /home/airflow/.local/lib/python3.7/site-packages/airflow/example_dags/example_external_task_marker_dag.py took 0.155 seconds
[2022-10-02T21:01:45.114+0000] {processor.py:156} INFO - Started process (PID=673) to work on /home/airflow/.local/lib/python3.7/site-packages/airflow/example_dags/example_external_task_marker_dag.py
[2022-10-02T21:01:45.116+0000] {processor.py:758} INFO - Processing file /home/airflow/.local/lib/python3.7/site-packages/airflow/example_dags/example_external_task_marker_dag.py for tasks to queue
[2022-10-02T21:01:45.119+0000] {logging_mixin.py:117} INFO - [2022-10-02T21:01:45.118+0000] {dagbag.py:525} INFO - Filling up the DagBag from /home/airflow/.local/lib/python3.7/site-packages/airflow/example_dags/example_external_task_marker_dag.py
[2022-10-02T21:01:45.134+0000] {processor.py:768} INFO - DAG(s) dict_keys(['example_external_task_marker_parent', 'example_external_task_marker_child']) retrieved from /home/airflow/.local/lib/python3.7/site-packages/airflow/example_dags/example_external_task_marker_dag.py
[2022-10-02T21:01:45.272+0000] {logging_mixin.py:117} INFO - [2022-10-02T21:01:45.272+0000] {dag.py:2573} INFO - Sync 2 DAGs
[2022-10-02T21:01:45.290+0000] {logging_mixin.py:117} INFO - [2022-10-02T21:01:45.290+0000] {dag.py:3328} INFO - Setting next_dagrun for example_external_task_marker_child to None, run_after=None
[2022-10-02T21:01:45.298+0000] {logging_mixin.py:117} INFO - [2022-10-02T21:01:45.298+0000] {dag.py:3328} INFO - Setting next_dagrun for example_external_task_marker_parent to None, run_after=None
[2022-10-02T21:01:45.352+0000] {processor.py:178} INFO - Processing /home/airflow/.local/lib/python3.7/site-packages/airflow/example_dags/example_external_task_marker_dag.py took 0.243 seconds
[2022-10-02T21:02:15.546+0000] {processor.py:156} INFO - Started process (PID=728) to work on /home/airflow/.local/lib/python3.7/site-packages/airflow/example_dags/example_external_task_marker_dag.py
[2022-10-02T21:02:15.547+0000] {processor.py:758} INFO - Processing file /home/airflow/.local/lib/python3.7/site-packages/airflow/example_dags/example_external_task_marker_dag.py for tasks to queue
[2022-10-02T21:02:15.549+0000] {logging_mixin.py:117} INFO - [2022-10-02T21:02:15.548+0000] {dagbag.py:525} INFO - Filling up the DagBag from /home/airflow/.local/lib/python3.7/site-packages/airflow/example_dags/example_external_task_marker_dag.py
[2022-10-02T21:02:15.560+0000] {processor.py:768} INFO - DAG(s) dict_keys(['example_external_task_marker_child', 'example_external_task_marker_parent']) retrieved from /home/airflow/.local/lib/python3.7/site-packages/airflow/example_dags/example_external_task_marker_dag.py
[2022-10-02T21:02:15.662+0000] {logging_mixin.py:117} INFO - [2022-10-02T21:02:15.662+0000] {dag.py:2573} INFO - Sync 2 DAGs
[2022-10-02T21:02:15.681+0000] {logging_mixin.py:117} INFO - [2022-10-02T21:02:15.681+0000] {dag.py:3328} INFO - Setting next_dagrun for example_external_task_marker_child to None, run_after=None
[2022-10-02T21:02:15.687+0000] {logging_mixin.py:117} INFO - [2022-10-02T21:02:15.687+0000] {dag.py:3328} INFO - Setting next_dagrun for example_external_task_marker_parent to None, run_after=None
[2022-10-02T21:02:15.713+0000] {processor.py:178} INFO - Processing /home/airflow/.local/lib/python3.7/site-packages/airflow/example_dags/example_external_task_marker_dag.py took 0.169 seconds
[2022-10-02T21:02:48.464+0000] {processor.py:156} INFO - Started process (PID=797) to work on /home/airflow/.local/lib/python3.7/site-packages/airflow/example_dags/example_external_task_marker_dag.py
[2022-10-02T21:02:48.467+0000] {processor.py:758} INFO - Processing file /home/airflow/.local/lib/python3.7/site-packages/airflow/example_dags/example_external_task_marker_dag.py for tasks to queue
[2022-10-02T21:02:48.470+0000] {logging_mixin.py:117} INFO - [2022-10-02T21:02:48.470+0000] {dagbag.py:525} INFO - Filling up the DagBag from /home/airflow/.local/lib/python3.7/site-packages/airflow/example_dags/example_external_task_marker_dag.py
[2022-10-02T21:02:48.501+0000] {processor.py:768} INFO - DAG(s) dict_keys(['example_external_task_marker_parent', 'example_external_task_marker_child']) retrieved from /home/airflow/.local/lib/python3.7/site-packages/airflow/example_dags/example_external_task_marker_dag.py
[2022-10-02T21:02:48.731+0000] {logging_mixin.py:117} INFO - [2022-10-02T21:02:48.731+0000] {dag.py:2573} INFO - Sync 2 DAGs
[2022-10-02T21:02:48.766+0000] {logging_mixin.py:117} INFO - [2022-10-02T21:02:48.766+0000] {dag.py:3328} INFO - Setting next_dagrun for example_external_task_marker_child to None, run_after=None
[2022-10-02T21:02:48.772+0000] {logging_mixin.py:117} INFO - [2022-10-02T21:02:48.772+0000] {dag.py:3328} INFO - Setting next_dagrun for example_external_task_marker_parent to None, run_after=None
[2022-10-02T21:02:48.801+0000] {processor.py:178} INFO - Processing /home/airflow/.local/lib/python3.7/site-packages/airflow/example_dags/example_external_task_marker_dag.py took 0.341 seconds
[2022-10-02T21:03:19.278+0000] {processor.py:156} INFO - Started process (PID=854) to work on /home/airflow/.local/lib/python3.7/site-packages/airflow/example_dags/example_external_task_marker_dag.py
[2022-10-02T21:03:19.280+0000] {processor.py:758} INFO - Processing file /home/airflow/.local/lib/python3.7/site-packages/airflow/example_dags/example_external_task_marker_dag.py for tasks to queue
[2022-10-02T21:03:19.281+0000] {logging_mixin.py:117} INFO - [2022-10-02T21:03:19.281+0000] {dagbag.py:525} INFO - Filling up the DagBag from /home/airflow/.local/lib/python3.7/site-packages/airflow/example_dags/example_external_task_marker_dag.py
[2022-10-02T21:03:19.292+0000] {processor.py:768} INFO - DAG(s) dict_keys(['example_external_task_marker_parent', 'example_external_task_marker_child']) retrieved from /home/airflow/.local/lib/python3.7/site-packages/airflow/example_dags/example_external_task_marker_dag.py
[2022-10-02T21:03:19.411+0000] {logging_mixin.py:117} INFO - [2022-10-02T21:03:19.411+0000] {dag.py:2573} INFO - Sync 2 DAGs
[2022-10-02T21:03:19.442+0000] {logging_mixin.py:117} INFO - [2022-10-02T21:03:19.442+0000] {dag.py:3328} INFO - Setting next_dagrun for example_external_task_marker_child to None, run_after=None
[2022-10-02T21:03:19.450+0000] {logging_mixin.py:117} INFO - [2022-10-02T21:03:19.450+0000] {dag.py:3328} INFO - Setting next_dagrun for example_external_task_marker_parent to None, run_after=None
[2022-10-02T21:03:19.474+0000] {processor.py:178} INFO - Processing /home/airflow/.local/lib/python3.7/site-packages/airflow/example_dags/example_external_task_marker_dag.py took 0.203 seconds
[2022-10-02T21:03:49.844+0000] {processor.py:156} INFO - Started process (PID=916) to work on /home/airflow/.local/lib/python3.7/site-packages/airflow/example_dags/example_external_task_marker_dag.py
[2022-10-02T21:03:49.846+0000] {processor.py:758} INFO - Processing file /home/airflow/.local/lib/python3.7/site-packages/airflow/example_dags/example_external_task_marker_dag.py for tasks to queue
[2022-10-02T21:03:49.848+0000] {logging_mixin.py:117} INFO - [2022-10-02T21:03:49.848+0000] {dagbag.py:525} INFO - Filling up the DagBag from /home/airflow/.local/lib/python3.7/site-packages/airflow/example_dags/example_external_task_marker_dag.py
[2022-10-02T21:03:49.861+0000] {processor.py:768} INFO - DAG(s) dict_keys(['example_external_task_marker_parent', 'example_external_task_marker_child']) retrieved from /home/airflow/.local/lib/python3.7/site-packages/airflow/example_dags/example_external_task_marker_dag.py
[2022-10-02T21:03:49.984+0000] {logging_mixin.py:117} INFO - [2022-10-02T21:03:49.984+0000] {dag.py:2573} INFO - Sync 2 DAGs
[2022-10-02T21:03:50.003+0000] {logging_mixin.py:117} INFO - [2022-10-02T21:03:50.003+0000] {dag.py:3328} INFO - Setting next_dagrun for example_external_task_marker_child to None, run_after=None
[2022-10-02T21:03:50.008+0000] {logging_mixin.py:117} INFO - [2022-10-02T21:03:50.008+0000] {dag.py:3328} INFO - Setting next_dagrun for example_external_task_marker_parent to None, run_after=None
[2022-10-02T21:03:50.019+0000] {processor.py:178} INFO - Processing /home/airflow/.local/lib/python3.7/site-packages/airflow/example_dags/example_external_task_marker_dag.py took 0.179 seconds
[2022-10-02T21:04:20.566+0000] {processor.py:156} INFO - Started process (PID=978) to work on /home/airflow/.local/lib/python3.7/site-packages/airflow/example_dags/example_external_task_marker_dag.py
[2022-10-02T21:04:20.568+0000] {processor.py:758} INFO - Processing file /home/airflow/.local/lib/python3.7/site-packages/airflow/example_dags/example_external_task_marker_dag.py for tasks to queue
[2022-10-02T21:04:20.569+0000] {logging_mixin.py:117} INFO - [2022-10-02T21:04:20.569+0000] {dagbag.py:525} INFO - Filling up the DagBag from /home/airflow/.local/lib/python3.7/site-packages/airflow/example_dags/example_external_task_marker_dag.py
[2022-10-02T21:04:20.583+0000] {processor.py:768} INFO - DAG(s) dict_keys(['example_external_task_marker_child', 'example_external_task_marker_parent']) retrieved from /home/airflow/.local/lib/python3.7/site-packages/airflow/example_dags/example_external_task_marker_dag.py
[2022-10-02T21:04:20.689+0000] {logging_mixin.py:117} INFO - [2022-10-02T21:04:20.689+0000] {dag.py:2573} INFO - Sync 2 DAGs
[2022-10-02T21:04:20.706+0000] {logging_mixin.py:117} INFO - [2022-10-02T21:04:20.706+0000] {dag.py:3328} INFO - Setting next_dagrun for example_external_task_marker_child to None, run_after=None
[2022-10-02T21:04:20.710+0000] {logging_mixin.py:117} INFO - [2022-10-02T21:04:20.710+0000] {dag.py:3328} INFO - Setting next_dagrun for example_external_task_marker_parent to None, run_after=None
[2022-10-02T21:04:20.721+0000] {processor.py:178} INFO - Processing /home/airflow/.local/lib/python3.7/site-packages/airflow/example_dags/example_external_task_marker_dag.py took 0.158 seconds
[2022-10-02T21:05:09.720+0000] {processor.py:156} INFO - Started process (PID=53) to work on /home/airflow/.local/lib/python3.7/site-packages/airflow/example_dags/example_external_task_marker_dag.py
[2022-10-02T21:05:09.722+0000] {processor.py:758} INFO - Processing file /home/airflow/.local/lib/python3.7/site-packages/airflow/example_dags/example_external_task_marker_dag.py for tasks to queue
[2022-10-02T21:05:09.724+0000] {logging_mixin.py:117} INFO - [2022-10-02T21:05:09.724+0000] {dagbag.py:525} INFO - Filling up the DagBag from /home/airflow/.local/lib/python3.7/site-packages/airflow/example_dags/example_external_task_marker_dag.py
[2022-10-02T21:05:09.761+0000] {processor.py:768} INFO - DAG(s) dict_keys(['example_external_task_marker_parent', 'example_external_task_marker_child']) retrieved from /home/airflow/.local/lib/python3.7/site-packages/airflow/example_dags/example_external_task_marker_dag.py
[2022-10-02T21:05:09.804+0000] {logging_mixin.py:117} INFO - [2022-10-02T21:05:09.804+0000] {dag.py:2573} INFO - Sync 2 DAGs
[2022-10-02T21:05:09.848+0000] {logging_mixin.py:117} INFO - [2022-10-02T21:05:09.848+0000] {dag.py:3328} INFO - Setting next_dagrun for example_external_task_marker_child to None, run_after=None
[2022-10-02T21:05:09.859+0000] {logging_mixin.py:117} INFO - [2022-10-02T21:05:09.859+0000] {dag.py:3328} INFO - Setting next_dagrun for example_external_task_marker_parent to None, run_after=None
[2022-10-02T21:05:09.878+0000] {processor.py:178} INFO - Processing /home/airflow/.local/lib/python3.7/site-packages/airflow/example_dags/example_external_task_marker_dag.py took 0.162 seconds
[2022-10-02T21:05:40.444+0000] {processor.py:156} INFO - Started process (PID=117) to work on /home/airflow/.local/lib/python3.7/site-packages/airflow/example_dags/example_external_task_marker_dag.py
[2022-10-02T21:05:40.447+0000] {processor.py:758} INFO - Processing file /home/airflow/.local/lib/python3.7/site-packages/airflow/example_dags/example_external_task_marker_dag.py for tasks to queue
[2022-10-02T21:05:40.448+0000] {logging_mixin.py:117} INFO - [2022-10-02T21:05:40.448+0000] {dagbag.py:525} INFO - Filling up the DagBag from /home/airflow/.local/lib/python3.7/site-packages/airflow/example_dags/example_external_task_marker_dag.py
[2022-10-02T21:05:40.457+0000] {processor.py:768} INFO - DAG(s) dict_keys(['example_external_task_marker_child', 'example_external_task_marker_parent']) retrieved from /home/airflow/.local/lib/python3.7/site-packages/airflow/example_dags/example_external_task_marker_dag.py
[2022-10-02T21:05:40.561+0000] {logging_mixin.py:117} INFO - [2022-10-02T21:05:40.561+0000] {dag.py:2573} INFO - Sync 2 DAGs
[2022-10-02T21:05:40.574+0000] {logging_mixin.py:117} INFO - [2022-10-02T21:05:40.574+0000] {dag.py:3328} INFO - Setting next_dagrun for example_external_task_marker_child to None, run_after=None
[2022-10-02T21:05:40.577+0000] {logging_mixin.py:117} INFO - [2022-10-02T21:05:40.577+0000] {dag.py:3328} INFO - Setting next_dagrun for example_external_task_marker_parent to None, run_after=None
[2022-10-02T21:05:40.587+0000] {processor.py:178} INFO - Processing /home/airflow/.local/lib/python3.7/site-packages/airflow/example_dags/example_external_task_marker_dag.py took 0.145 seconds
[2022-10-02T21:06:11.618+0000] {processor.py:156} INFO - Started process (PID=182) to work on /home/airflow/.local/lib/python3.7/site-packages/airflow/example_dags/example_external_task_marker_dag.py
[2022-10-02T21:06:11.622+0000] {processor.py:758} INFO - Processing file /home/airflow/.local/lib/python3.7/site-packages/airflow/example_dags/example_external_task_marker_dag.py for tasks to queue
[2022-10-02T21:06:11.624+0000] {logging_mixin.py:117} INFO - [2022-10-02T21:06:11.624+0000] {dagbag.py:525} INFO - Filling up the DagBag from /home/airflow/.local/lib/python3.7/site-packages/airflow/example_dags/example_external_task_marker_dag.py
[2022-10-02T21:06:11.641+0000] {processor.py:768} INFO - DAG(s) dict_keys(['example_external_task_marker_parent', 'example_external_task_marker_child']) retrieved from /home/airflow/.local/lib/python3.7/site-packages/airflow/example_dags/example_external_task_marker_dag.py
[2022-10-02T21:06:11.744+0000] {logging_mixin.py:117} INFO - [2022-10-02T21:06:11.744+0000] {dag.py:2573} INFO - Sync 2 DAGs
[2022-10-02T21:06:11.764+0000] {logging_mixin.py:117} INFO - [2022-10-02T21:06:11.763+0000] {dag.py:3328} INFO - Setting next_dagrun for example_external_task_marker_child to None, run_after=None
[2022-10-02T21:06:11.767+0000] {logging_mixin.py:117} INFO - [2022-10-02T21:06:11.767+0000] {dag.py:3328} INFO - Setting next_dagrun for example_external_task_marker_parent to None, run_after=None
[2022-10-02T21:06:11.778+0000] {processor.py:178} INFO - Processing /home/airflow/.local/lib/python3.7/site-packages/airflow/example_dags/example_external_task_marker_dag.py took 0.167 seconds
[2022-10-02T21:06:41.852+0000] {processor.py:156} INFO - Started process (PID=245) to work on /home/airflow/.local/lib/python3.7/site-packages/airflow/example_dags/example_external_task_marker_dag.py
[2022-10-02T21:06:41.855+0000] {processor.py:758} INFO - Processing file /home/airflow/.local/lib/python3.7/site-packages/airflow/example_dags/example_external_task_marker_dag.py for tasks to queue
[2022-10-02T21:06:41.857+0000] {logging_mixin.py:117} INFO - [2022-10-02T21:06:41.857+0000] {dagbag.py:525} INFO - Filling up the DagBag from /home/airflow/.local/lib/python3.7/site-packages/airflow/example_dags/example_external_task_marker_dag.py
[2022-10-02T21:06:41.872+0000] {processor.py:768} INFO - DAG(s) dict_keys(['example_external_task_marker_parent', 'example_external_task_marker_child']) retrieved from /home/airflow/.local/lib/python3.7/site-packages/airflow/example_dags/example_external_task_marker_dag.py
[2022-10-02T21:06:41.982+0000] {logging_mixin.py:117} INFO - [2022-10-02T21:06:41.982+0000] {dag.py:2573} INFO - Sync 2 DAGs
[2022-10-02T21:06:41.998+0000] {logging_mixin.py:117} INFO - [2022-10-02T21:06:41.998+0000] {dag.py:3328} INFO - Setting next_dagrun for example_external_task_marker_child to None, run_after=None
[2022-10-02T21:06:42.003+0000] {logging_mixin.py:117} INFO - [2022-10-02T21:06:42.003+0000] {dag.py:3328} INFO - Setting next_dagrun for example_external_task_marker_parent to None, run_after=None
[2022-10-02T21:06:42.018+0000] {processor.py:178} INFO - Processing /home/airflow/.local/lib/python3.7/site-packages/airflow/example_dags/example_external_task_marker_dag.py took 0.171 seconds
[2022-10-02T21:07:12.376+0000] {processor.py:156} INFO - Started process (PID=308) to work on /home/airflow/.local/lib/python3.7/site-packages/airflow/example_dags/example_external_task_marker_dag.py
[2022-10-02T21:07:12.379+0000] {processor.py:758} INFO - Processing file /home/airflow/.local/lib/python3.7/site-packages/airflow/example_dags/example_external_task_marker_dag.py for tasks to queue
[2022-10-02T21:07:12.381+0000] {logging_mixin.py:117} INFO - [2022-10-02T21:07:12.381+0000] {dagbag.py:525} INFO - Filling up the DagBag from /home/airflow/.local/lib/python3.7/site-packages/airflow/example_dags/example_external_task_marker_dag.py
[2022-10-02T21:07:12.391+0000] {processor.py:768} INFO - DAG(s) dict_keys(['example_external_task_marker_parent', 'example_external_task_marker_child']) retrieved from /home/airflow/.local/lib/python3.7/site-packages/airflow/example_dags/example_external_task_marker_dag.py
[2022-10-02T21:07:12.495+0000] {logging_mixin.py:117} INFO - [2022-10-02T21:07:12.495+0000] {dag.py:2573} INFO - Sync 2 DAGs
[2022-10-02T21:07:12.515+0000] {logging_mixin.py:117} INFO - [2022-10-02T21:07:12.515+0000] {dag.py:3328} INFO - Setting next_dagrun for example_external_task_marker_child to None, run_after=None
[2022-10-02T21:07:12.521+0000] {logging_mixin.py:117} INFO - [2022-10-02T21:07:12.521+0000] {dag.py:3328} INFO - Setting next_dagrun for example_external_task_marker_parent to None, run_after=None
[2022-10-02T21:07:12.538+0000] {processor.py:178} INFO - Processing /home/airflow/.local/lib/python3.7/site-packages/airflow/example_dags/example_external_task_marker_dag.py took 0.167 seconds
[2022-10-02T21:07:42.613+0000] {processor.py:156} INFO - Started process (PID=362) to work on /home/airflow/.local/lib/python3.7/site-packages/airflow/example_dags/example_external_task_marker_dag.py
[2022-10-02T21:07:42.615+0000] {processor.py:758} INFO - Processing file /home/airflow/.local/lib/python3.7/site-packages/airflow/example_dags/example_external_task_marker_dag.py for tasks to queue
[2022-10-02T21:07:42.616+0000] {logging_mixin.py:117} INFO - [2022-10-02T21:07:42.616+0000] {dagbag.py:525} INFO - Filling up the DagBag from /home/airflow/.local/lib/python3.7/site-packages/airflow/example_dags/example_external_task_marker_dag.py
[2022-10-02T21:07:42.626+0000] {processor.py:768} INFO - DAG(s) dict_keys(['example_external_task_marker_parent', 'example_external_task_marker_child']) retrieved from /home/airflow/.local/lib/python3.7/site-packages/airflow/example_dags/example_external_task_marker_dag.py
[2022-10-02T21:07:42.724+0000] {logging_mixin.py:117} INFO - [2022-10-02T21:07:42.724+0000] {dag.py:2573} INFO - Sync 2 DAGs
[2022-10-02T21:07:42.738+0000] {logging_mixin.py:117} INFO - [2022-10-02T21:07:42.738+0000] {dag.py:3328} INFO - Setting next_dagrun for example_external_task_marker_child to None, run_after=None
[2022-10-02T21:07:42.741+0000] {logging_mixin.py:117} INFO - [2022-10-02T21:07:42.741+0000] {dag.py:3328} INFO - Setting next_dagrun for example_external_task_marker_parent to None, run_after=None
[2022-10-02T21:07:42.753+0000] {processor.py:178} INFO - Processing /home/airflow/.local/lib/python3.7/site-packages/airflow/example_dags/example_external_task_marker_dag.py took 0.142 seconds
[2022-10-02T21:08:12.878+0000] {processor.py:156} INFO - Started process (PID=425) to work on /home/airflow/.local/lib/python3.7/site-packages/airflow/example_dags/example_external_task_marker_dag.py
[2022-10-02T21:08:12.880+0000] {processor.py:758} INFO - Processing file /home/airflow/.local/lib/python3.7/site-packages/airflow/example_dags/example_external_task_marker_dag.py for tasks to queue
[2022-10-02T21:08:12.882+0000] {logging_mixin.py:117} INFO - [2022-10-02T21:08:12.882+0000] {dagbag.py:525} INFO - Filling up the DagBag from /home/airflow/.local/lib/python3.7/site-packages/airflow/example_dags/example_external_task_marker_dag.py
[2022-10-02T21:08:12.892+0000] {processor.py:768} INFO - DAG(s) dict_keys(['example_external_task_marker_parent', 'example_external_task_marker_child']) retrieved from /home/airflow/.local/lib/python3.7/site-packages/airflow/example_dags/example_external_task_marker_dag.py
[2022-10-02T21:08:12.995+0000] {logging_mixin.py:117} INFO - [2022-10-02T21:08:12.995+0000] {dag.py:2573} INFO - Sync 2 DAGs
[2022-10-02T21:08:13.012+0000] {logging_mixin.py:117} INFO - [2022-10-02T21:08:13.012+0000] {dag.py:3328} INFO - Setting next_dagrun for example_external_task_marker_child to None, run_after=None
[2022-10-02T21:08:13.017+0000] {logging_mixin.py:117} INFO - [2022-10-02T21:08:13.017+0000] {dag.py:3328} INFO - Setting next_dagrun for example_external_task_marker_parent to None, run_after=None
[2022-10-02T21:08:13.029+0000] {processor.py:178} INFO - Processing /home/airflow/.local/lib/python3.7/site-packages/airflow/example_dags/example_external_task_marker_dag.py took 0.152 seconds
[2022-10-02T21:08:43.067+0000] {processor.py:156} INFO - Started process (PID=488) to work on /home/airflow/.local/lib/python3.7/site-packages/airflow/example_dags/example_external_task_marker_dag.py
[2022-10-02T21:08:43.068+0000] {processor.py:758} INFO - Processing file /home/airflow/.local/lib/python3.7/site-packages/airflow/example_dags/example_external_task_marker_dag.py for tasks to queue
[2022-10-02T21:08:43.069+0000] {logging_mixin.py:117} INFO - [2022-10-02T21:08:43.069+0000] {dagbag.py:525} INFO - Filling up the DagBag from /home/airflow/.local/lib/python3.7/site-packages/airflow/example_dags/example_external_task_marker_dag.py
[2022-10-02T21:08:43.079+0000] {processor.py:768} INFO - DAG(s) dict_keys(['example_external_task_marker_parent', 'example_external_task_marker_child']) retrieved from /home/airflow/.local/lib/python3.7/site-packages/airflow/example_dags/example_external_task_marker_dag.py
[2022-10-02T21:08:43.183+0000] {logging_mixin.py:117} INFO - [2022-10-02T21:08:43.182+0000] {dag.py:2573} INFO - Sync 2 DAGs
[2022-10-02T21:08:43.199+0000] {logging_mixin.py:117} INFO - [2022-10-02T21:08:43.199+0000] {dag.py:3328} INFO - Setting next_dagrun for example_external_task_marker_child to None, run_after=None
[2022-10-02T21:08:43.202+0000] {logging_mixin.py:117} INFO - [2022-10-02T21:08:43.202+0000] {dag.py:3328} INFO - Setting next_dagrun for example_external_task_marker_parent to None, run_after=None
[2022-10-02T21:08:43.212+0000] {processor.py:178} INFO - Processing /home/airflow/.local/lib/python3.7/site-packages/airflow/example_dags/example_external_task_marker_dag.py took 0.148 seconds
[2022-10-02T21:09:13.302+0000] {processor.py:156} INFO - Started process (PID=551) to work on /home/airflow/.local/lib/python3.7/site-packages/airflow/example_dags/example_external_task_marker_dag.py
[2022-10-02T21:09:13.303+0000] {processor.py:758} INFO - Processing file /home/airflow/.local/lib/python3.7/site-packages/airflow/example_dags/example_external_task_marker_dag.py for tasks to queue
[2022-10-02T21:09:13.305+0000] {logging_mixin.py:117} INFO - [2022-10-02T21:09:13.305+0000] {dagbag.py:525} INFO - Filling up the DagBag from /home/airflow/.local/lib/python3.7/site-packages/airflow/example_dags/example_external_task_marker_dag.py
[2022-10-02T21:09:13.315+0000] {processor.py:768} INFO - DAG(s) dict_keys(['example_external_task_marker_parent', 'example_external_task_marker_child']) retrieved from /home/airflow/.local/lib/python3.7/site-packages/airflow/example_dags/example_external_task_marker_dag.py
[2022-10-02T21:09:13.422+0000] {logging_mixin.py:117} INFO - [2022-10-02T21:09:13.422+0000] {dag.py:2573} INFO - Sync 2 DAGs
[2022-10-02T21:09:13.437+0000] {logging_mixin.py:117} INFO - [2022-10-02T21:09:13.437+0000] {dag.py:3328} INFO - Setting next_dagrun for example_external_task_marker_child to None, run_after=None
[2022-10-02T21:09:13.441+0000] {logging_mixin.py:117} INFO - [2022-10-02T21:09:13.441+0000] {dag.py:3328} INFO - Setting next_dagrun for example_external_task_marker_parent to None, run_after=None
[2022-10-02T21:09:13.454+0000] {processor.py:178} INFO - Processing /home/airflow/.local/lib/python3.7/site-packages/airflow/example_dags/example_external_task_marker_dag.py took 0.154 seconds
[2022-10-02T21:09:43.678+0000] {processor.py:156} INFO - Started process (PID=615) to work on /home/airflow/.local/lib/python3.7/site-packages/airflow/example_dags/example_external_task_marker_dag.py
[2022-10-02T21:09:43.679+0000] {processor.py:758} INFO - Processing file /home/airflow/.local/lib/python3.7/site-packages/airflow/example_dags/example_external_task_marker_dag.py for tasks to queue
[2022-10-02T21:09:43.681+0000] {logging_mixin.py:117} INFO - [2022-10-02T21:09:43.681+0000] {dagbag.py:525} INFO - Filling up the DagBag from /home/airflow/.local/lib/python3.7/site-packages/airflow/example_dags/example_external_task_marker_dag.py
[2022-10-02T21:09:43.694+0000] {processor.py:768} INFO - DAG(s) dict_keys(['example_external_task_marker_child', 'example_external_task_marker_parent']) retrieved from /home/airflow/.local/lib/python3.7/site-packages/airflow/example_dags/example_external_task_marker_dag.py
[2022-10-02T21:09:43.814+0000] {logging_mixin.py:117} INFO - [2022-10-02T21:09:43.814+0000] {dag.py:2573} INFO - Sync 2 DAGs
[2022-10-02T21:09:43.830+0000] {logging_mixin.py:117} INFO - [2022-10-02T21:09:43.830+0000] {dag.py:3328} INFO - Setting next_dagrun for example_external_task_marker_child to None, run_after=None
[2022-10-02T21:09:43.833+0000] {logging_mixin.py:117} INFO - [2022-10-02T21:09:43.833+0000] {dag.py:3328} INFO - Setting next_dagrun for example_external_task_marker_parent to None, run_after=None
[2022-10-02T21:09:43.844+0000] {processor.py:178} INFO - Processing /home/airflow/.local/lib/python3.7/site-packages/airflow/example_dags/example_external_task_marker_dag.py took 0.169 seconds
[2022-10-02T21:10:13.917+0000] {processor.py:156} INFO - Started process (PID=670) to work on /home/airflow/.local/lib/python3.7/site-packages/airflow/example_dags/example_external_task_marker_dag.py
[2022-10-02T21:10:13.919+0000] {processor.py:758} INFO - Processing file /home/airflow/.local/lib/python3.7/site-packages/airflow/example_dags/example_external_task_marker_dag.py for tasks to queue
[2022-10-02T21:10:13.920+0000] {logging_mixin.py:117} INFO - [2022-10-02T21:10:13.920+0000] {dagbag.py:525} INFO - Filling up the DagBag from /home/airflow/.local/lib/python3.7/site-packages/airflow/example_dags/example_external_task_marker_dag.py
[2022-10-02T21:10:13.931+0000] {processor.py:768} INFO - DAG(s) dict_keys(['example_external_task_marker_child', 'example_external_task_marker_parent']) retrieved from /home/airflow/.local/lib/python3.7/site-packages/airflow/example_dags/example_external_task_marker_dag.py
[2022-10-02T21:10:14.029+0000] {logging_mixin.py:117} INFO - [2022-10-02T21:10:14.028+0000] {dag.py:2573} INFO - Sync 2 DAGs
[2022-10-02T21:10:14.044+0000] {logging_mixin.py:117} INFO - [2022-10-02T21:10:14.044+0000] {dag.py:3328} INFO - Setting next_dagrun for example_external_task_marker_child to None, run_after=None
[2022-10-02T21:10:14.047+0000] {logging_mixin.py:117} INFO - [2022-10-02T21:10:14.047+0000] {dag.py:3328} INFO - Setting next_dagrun for example_external_task_marker_parent to None, run_after=None
[2022-10-02T21:10:14.058+0000] {processor.py:178} INFO - Processing /home/airflow/.local/lib/python3.7/site-packages/airflow/example_dags/example_external_task_marker_dag.py took 0.143 seconds
[2022-10-02T21:10:44.910+0000] {processor.py:156} INFO - Started process (PID=730) to work on /home/airflow/.local/lib/python3.7/site-packages/airflow/example_dags/example_external_task_marker_dag.py
[2022-10-02T21:10:44.913+0000] {processor.py:758} INFO - Processing file /home/airflow/.local/lib/python3.7/site-packages/airflow/example_dags/example_external_task_marker_dag.py for tasks to queue
[2022-10-02T21:10:44.915+0000] {logging_mixin.py:117} INFO - [2022-10-02T21:10:44.915+0000] {dagbag.py:525} INFO - Filling up the DagBag from /home/airflow/.local/lib/python3.7/site-packages/airflow/example_dags/example_external_task_marker_dag.py
[2022-10-02T21:10:44.927+0000] {processor.py:768} INFO - DAG(s) dict_keys(['example_external_task_marker_parent', 'example_external_task_marker_child']) retrieved from /home/airflow/.local/lib/python3.7/site-packages/airflow/example_dags/example_external_task_marker_dag.py
[2022-10-02T21:10:45.042+0000] {logging_mixin.py:117} INFO - [2022-10-02T21:10:45.042+0000] {dag.py:2573} INFO - Sync 2 DAGs
[2022-10-02T21:10:45.057+0000] {logging_mixin.py:117} INFO - [2022-10-02T21:10:45.057+0000] {dag.py:3328} INFO - Setting next_dagrun for example_external_task_marker_child to None, run_after=None
[2022-10-02T21:10:45.060+0000] {logging_mixin.py:117} INFO - [2022-10-02T21:10:45.059+0000] {dag.py:3328} INFO - Setting next_dagrun for example_external_task_marker_parent to None, run_after=None
[2022-10-02T21:10:45.073+0000] {processor.py:178} INFO - Processing /home/airflow/.local/lib/python3.7/site-packages/airflow/example_dags/example_external_task_marker_dag.py took 0.165 seconds
[2022-10-02T21:11:15.195+0000] {processor.py:156} INFO - Started process (PID=793) to work on /home/airflow/.local/lib/python3.7/site-packages/airflow/example_dags/example_external_task_marker_dag.py
[2022-10-02T21:11:15.197+0000] {processor.py:758} INFO - Processing file /home/airflow/.local/lib/python3.7/site-packages/airflow/example_dags/example_external_task_marker_dag.py for tasks to queue
[2022-10-02T21:11:15.199+0000] {logging_mixin.py:117} INFO - [2022-10-02T21:11:15.199+0000] {dagbag.py:525} INFO - Filling up the DagBag from /home/airflow/.local/lib/python3.7/site-packages/airflow/example_dags/example_external_task_marker_dag.py
[2022-10-02T21:11:15.210+0000] {processor.py:768} INFO - DAG(s) dict_keys(['example_external_task_marker_parent', 'example_external_task_marker_child']) retrieved from /home/airflow/.local/lib/python3.7/site-packages/airflow/example_dags/example_external_task_marker_dag.py
[2022-10-02T21:11:15.312+0000] {logging_mixin.py:117} INFO - [2022-10-02T21:11:15.312+0000] {dag.py:2573} INFO - Sync 2 DAGs
[2022-10-02T21:11:15.335+0000] {logging_mixin.py:117} INFO - [2022-10-02T21:11:15.335+0000] {dag.py:3328} INFO - Setting next_dagrun for example_external_task_marker_child to None, run_after=None
[2022-10-02T21:11:15.339+0000] {logging_mixin.py:117} INFO - [2022-10-02T21:11:15.339+0000] {dag.py:3328} INFO - Setting next_dagrun for example_external_task_marker_parent to None, run_after=None
[2022-10-02T21:11:15.356+0000] {processor.py:178} INFO - Processing /home/airflow/.local/lib/python3.7/site-packages/airflow/example_dags/example_external_task_marker_dag.py took 0.164 seconds
[2022-10-02T21:11:45.675+0000] {processor.py:156} INFO - Started process (PID=855) to work on /home/airflow/.local/lib/python3.7/site-packages/airflow/example_dags/example_external_task_marker_dag.py
[2022-10-02T21:11:45.680+0000] {processor.py:758} INFO - Processing file /home/airflow/.local/lib/python3.7/site-packages/airflow/example_dags/example_external_task_marker_dag.py for tasks to queue
[2022-10-02T21:11:45.682+0000] {logging_mixin.py:117} INFO - [2022-10-02T21:11:45.681+0000] {dagbag.py:525} INFO - Filling up the DagBag from /home/airflow/.local/lib/python3.7/site-packages/airflow/example_dags/example_external_task_marker_dag.py
[2022-10-02T21:11:45.706+0000] {processor.py:768} INFO - DAG(s) dict_keys(['example_external_task_marker_child', 'example_external_task_marker_parent']) retrieved from /home/airflow/.local/lib/python3.7/site-packages/airflow/example_dags/example_external_task_marker_dag.py
[2022-10-02T21:11:45.849+0000] {logging_mixin.py:117} INFO - [2022-10-02T21:11:45.849+0000] {dag.py:2573} INFO - Sync 2 DAGs
[2022-10-02T21:11:45.870+0000] {logging_mixin.py:117} INFO - [2022-10-02T21:11:45.870+0000] {dag.py:3328} INFO - Setting next_dagrun for example_external_task_marker_child to None, run_after=None
[2022-10-02T21:11:45.876+0000] {logging_mixin.py:117} INFO - [2022-10-02T21:11:45.875+0000] {dag.py:3328} INFO - Setting next_dagrun for example_external_task_marker_parent to None, run_after=None
[2022-10-02T21:11:45.896+0000] {processor.py:178} INFO - Processing /home/airflow/.local/lib/python3.7/site-packages/airflow/example_dags/example_external_task_marker_dag.py took 0.225 seconds
[2022-10-02T21:12:16.273+0000] {processor.py:156} INFO - Started process (PID=919) to work on /home/airflow/.local/lib/python3.7/site-packages/airflow/example_dags/example_external_task_marker_dag.py
[2022-10-02T21:12:16.274+0000] {processor.py:758} INFO - Processing file /home/airflow/.local/lib/python3.7/site-packages/airflow/example_dags/example_external_task_marker_dag.py for tasks to queue
[2022-10-02T21:12:16.275+0000] {logging_mixin.py:117} INFO - [2022-10-02T21:12:16.275+0000] {dagbag.py:525} INFO - Filling up the DagBag from /home/airflow/.local/lib/python3.7/site-packages/airflow/example_dags/example_external_task_marker_dag.py
[2022-10-02T21:12:16.285+0000] {processor.py:768} INFO - DAG(s) dict_keys(['example_external_task_marker_parent', 'example_external_task_marker_child']) retrieved from /home/airflow/.local/lib/python3.7/site-packages/airflow/example_dags/example_external_task_marker_dag.py
[2022-10-02T21:12:16.383+0000] {logging_mixin.py:117} INFO - [2022-10-02T21:12:16.383+0000] {dag.py:2573} INFO - Sync 2 DAGs
[2022-10-02T21:12:16.400+0000] {logging_mixin.py:117} INFO - [2022-10-02T21:12:16.400+0000] {dag.py:3328} INFO - Setting next_dagrun for example_external_task_marker_child to None, run_after=None
[2022-10-02T21:12:16.402+0000] {logging_mixin.py:117} INFO - [2022-10-02T21:12:16.402+0000] {dag.py:3328} INFO - Setting next_dagrun for example_external_task_marker_parent to None, run_after=None
[2022-10-02T21:12:16.413+0000] {processor.py:178} INFO - Processing /home/airflow/.local/lib/python3.7/site-packages/airflow/example_dags/example_external_task_marker_dag.py took 0.145 seconds
[2022-10-02T21:12:46.500+0000] {processor.py:156} INFO - Started process (PID=982) to work on /home/airflow/.local/lib/python3.7/site-packages/airflow/example_dags/example_external_task_marker_dag.py
[2022-10-02T21:12:46.503+0000] {processor.py:758} INFO - Processing file /home/airflow/.local/lib/python3.7/site-packages/airflow/example_dags/example_external_task_marker_dag.py for tasks to queue
[2022-10-02T21:12:46.504+0000] {logging_mixin.py:117} INFO - [2022-10-02T21:12:46.504+0000] {dagbag.py:525} INFO - Filling up the DagBag from /home/airflow/.local/lib/python3.7/site-packages/airflow/example_dags/example_external_task_marker_dag.py
[2022-10-02T21:12:46.514+0000] {processor.py:768} INFO - DAG(s) dict_keys(['example_external_task_marker_parent', 'example_external_task_marker_child']) retrieved from /home/airflow/.local/lib/python3.7/site-packages/airflow/example_dags/example_external_task_marker_dag.py
[2022-10-02T21:12:46.621+0000] {logging_mixin.py:117} INFO - [2022-10-02T21:12:46.621+0000] {dag.py:2573} INFO - Sync 2 DAGs
[2022-10-02T21:12:46.638+0000] {logging_mixin.py:117} INFO - [2022-10-02T21:12:46.637+0000] {dag.py:3328} INFO - Setting next_dagrun for example_external_task_marker_child to None, run_after=None
[2022-10-02T21:12:46.642+0000] {logging_mixin.py:117} INFO - [2022-10-02T21:12:46.642+0000] {dag.py:3328} INFO - Setting next_dagrun for example_external_task_marker_parent to None, run_after=None
[2022-10-02T21:12:46.655+0000] {processor.py:178} INFO - Processing /home/airflow/.local/lib/python3.7/site-packages/airflow/example_dags/example_external_task_marker_dag.py took 0.157 seconds
[2022-10-02T21:13:16.696+0000] {processor.py:156} INFO - Started process (PID=1035) to work on /home/airflow/.local/lib/python3.7/site-packages/airflow/example_dags/example_external_task_marker_dag.py
[2022-10-02T21:13:16.698+0000] {processor.py:758} INFO - Processing file /home/airflow/.local/lib/python3.7/site-packages/airflow/example_dags/example_external_task_marker_dag.py for tasks to queue
[2022-10-02T21:13:16.699+0000] {logging_mixin.py:117} INFO - [2022-10-02T21:13:16.699+0000] {dagbag.py:525} INFO - Filling up the DagBag from /home/airflow/.local/lib/python3.7/site-packages/airflow/example_dags/example_external_task_marker_dag.py
[2022-10-02T21:13:16.709+0000] {processor.py:768} INFO - DAG(s) dict_keys(['example_external_task_marker_child', 'example_external_task_marker_parent']) retrieved from /home/airflow/.local/lib/python3.7/site-packages/airflow/example_dags/example_external_task_marker_dag.py
[2022-10-02T21:13:16.813+0000] {logging_mixin.py:117} INFO - [2022-10-02T21:13:16.813+0000] {dag.py:2573} INFO - Sync 2 DAGs
[2022-10-02T21:13:16.831+0000] {logging_mixin.py:117} INFO - [2022-10-02T21:13:16.831+0000] {dag.py:3328} INFO - Setting next_dagrun for example_external_task_marker_child to None, run_after=None
[2022-10-02T21:13:16.834+0000] {logging_mixin.py:117} INFO - [2022-10-02T21:13:16.834+0000] {dag.py:3328} INFO - Setting next_dagrun for example_external_task_marker_parent to None, run_after=None
[2022-10-02T21:13:16.846+0000] {processor.py:178} INFO - Processing /home/airflow/.local/lib/python3.7/site-packages/airflow/example_dags/example_external_task_marker_dag.py took 0.152 seconds
[2022-10-02T21:15:00.355+0000] {processor.py:156} INFO - Started process (PID=62) to work on /home/airflow/.local/lib/python3.7/site-packages/airflow/example_dags/example_external_task_marker_dag.py
[2022-10-02T21:15:00.373+0000] {processor.py:758} INFO - Processing file /home/airflow/.local/lib/python3.7/site-packages/airflow/example_dags/example_external_task_marker_dag.py for tasks to queue
[2022-10-02T21:15:00.380+0000] {logging_mixin.py:117} INFO - [2022-10-02T21:15:00.379+0000] {dagbag.py:525} INFO - Filling up the DagBag from /home/airflow/.local/lib/python3.7/site-packages/airflow/example_dags/example_external_task_marker_dag.py
[2022-10-02T21:15:00.447+0000] {processor.py:768} INFO - DAG(s) dict_keys(['example_external_task_marker_parent', 'example_external_task_marker_child']) retrieved from /home/airflow/.local/lib/python3.7/site-packages/airflow/example_dags/example_external_task_marker_dag.py
[2022-10-02T21:15:00.516+0000] {logging_mixin.py:117} INFO - [2022-10-02T21:15:00.516+0000] {dag.py:2573} INFO - Sync 2 DAGs
[2022-10-02T21:15:00.591+0000] {logging_mixin.py:117} INFO - [2022-10-02T21:15:00.591+0000] {dag.py:3328} INFO - Setting next_dagrun for example_external_task_marker_child to None, run_after=None
[2022-10-02T21:15:00.618+0000] {logging_mixin.py:117} INFO - [2022-10-02T21:15:00.618+0000] {dag.py:3328} INFO - Setting next_dagrun for example_external_task_marker_parent to None, run_after=None
[2022-10-02T21:15:00.694+0000] {processor.py:178} INFO - Processing /home/airflow/.local/lib/python3.7/site-packages/airflow/example_dags/example_external_task_marker_dag.py took 0.350 seconds
[2022-10-02T21:15:31.240+0000] {processor.py:156} INFO - Started process (PID=117) to work on /home/airflow/.local/lib/python3.7/site-packages/airflow/example_dags/example_external_task_marker_dag.py
[2022-10-02T21:15:31.245+0000] {processor.py:758} INFO - Processing file /home/airflow/.local/lib/python3.7/site-packages/airflow/example_dags/example_external_task_marker_dag.py for tasks to queue
[2022-10-02T21:15:31.248+0000] {logging_mixin.py:117} INFO - [2022-10-02T21:15:31.248+0000] {dagbag.py:525} INFO - Filling up the DagBag from /home/airflow/.local/lib/python3.7/site-packages/airflow/example_dags/example_external_task_marker_dag.py
[2022-10-02T21:15:31.272+0000] {processor.py:768} INFO - DAG(s) dict_keys(['example_external_task_marker_child', 'example_external_task_marker_parent']) retrieved from /home/airflow/.local/lib/python3.7/site-packages/airflow/example_dags/example_external_task_marker_dag.py
[2022-10-02T21:15:31.447+0000] {logging_mixin.py:117} INFO - [2022-10-02T21:15:31.447+0000] {dag.py:2573} INFO - Sync 2 DAGs
[2022-10-02T21:15:31.467+0000] {logging_mixin.py:117} INFO - [2022-10-02T21:15:31.467+0000] {dag.py:3328} INFO - Setting next_dagrun for example_external_task_marker_child to None, run_after=None
[2022-10-02T21:15:31.478+0000] {logging_mixin.py:117} INFO - [2022-10-02T21:15:31.478+0000] {dag.py:3328} INFO - Setting next_dagrun for example_external_task_marker_parent to None, run_after=None
[2022-10-02T21:15:31.498+0000] {processor.py:178} INFO - Processing /home/airflow/.local/lib/python3.7/site-packages/airflow/example_dags/example_external_task_marker_dag.py took 0.259 seconds
[2022-10-02T21:16:01.578+0000] {processor.py:156} INFO - Started process (PID=180) to work on /home/airflow/.local/lib/python3.7/site-packages/airflow/example_dags/example_external_task_marker_dag.py
[2022-10-02T21:16:01.580+0000] {processor.py:758} INFO - Processing file /home/airflow/.local/lib/python3.7/site-packages/airflow/example_dags/example_external_task_marker_dag.py for tasks to queue
[2022-10-02T21:16:01.585+0000] {logging_mixin.py:117} INFO - [2022-10-02T21:16:01.585+0000] {dagbag.py:525} INFO - Filling up the DagBag from /home/airflow/.local/lib/python3.7/site-packages/airflow/example_dags/example_external_task_marker_dag.py
[2022-10-02T21:16:01.597+0000] {processor.py:768} INFO - DAG(s) dict_keys(['example_external_task_marker_parent', 'example_external_task_marker_child']) retrieved from /home/airflow/.local/lib/python3.7/site-packages/airflow/example_dags/example_external_task_marker_dag.py
[2022-10-02T21:16:01.765+0000] {logging_mixin.py:117} INFO - [2022-10-02T21:16:01.765+0000] {dag.py:2573} INFO - Sync 2 DAGs
[2022-10-02T21:16:01.822+0000] {logging_mixin.py:117} INFO - [2022-10-02T21:16:01.822+0000] {dag.py:3328} INFO - Setting next_dagrun for example_external_task_marker_child to None, run_after=None
[2022-10-02T21:16:01.835+0000] {logging_mixin.py:117} INFO - [2022-10-02T21:16:01.835+0000] {dag.py:3328} INFO - Setting next_dagrun for example_external_task_marker_parent to None, run_after=None
[2022-10-02T21:16:01.869+0000] {processor.py:178} INFO - Processing /home/airflow/.local/lib/python3.7/site-packages/airflow/example_dags/example_external_task_marker_dag.py took 0.294 seconds
[2022-10-02T21:16:32.264+0000] {processor.py:156} INFO - Started process (PID=242) to work on /home/airflow/.local/lib/python3.7/site-packages/airflow/example_dags/example_external_task_marker_dag.py
[2022-10-02T21:16:32.265+0000] {processor.py:758} INFO - Processing file /home/airflow/.local/lib/python3.7/site-packages/airflow/example_dags/example_external_task_marker_dag.py for tasks to queue
[2022-10-02T21:16:32.269+0000] {logging_mixin.py:117} INFO - [2022-10-02T21:16:32.269+0000] {dagbag.py:525} INFO - Filling up the DagBag from /home/airflow/.local/lib/python3.7/site-packages/airflow/example_dags/example_external_task_marker_dag.py
[2022-10-02T21:16:32.281+0000] {processor.py:768} INFO - DAG(s) dict_keys(['example_external_task_marker_parent', 'example_external_task_marker_child']) retrieved from /home/airflow/.local/lib/python3.7/site-packages/airflow/example_dags/example_external_task_marker_dag.py
[2022-10-02T21:16:32.397+0000] {logging_mixin.py:117} INFO - [2022-10-02T21:16:32.397+0000] {dag.py:2573} INFO - Sync 2 DAGs
[2022-10-02T21:16:32.416+0000] {logging_mixin.py:117} INFO - [2022-10-02T21:16:32.416+0000] {dag.py:3328} INFO - Setting next_dagrun for example_external_task_marker_child to None, run_after=None
[2022-10-02T21:16:32.420+0000] {logging_mixin.py:117} INFO - [2022-10-02T21:16:32.420+0000] {dag.py:3328} INFO - Setting next_dagrun for example_external_task_marker_parent to None, run_after=None
[2022-10-02T21:16:32.435+0000] {processor.py:178} INFO - Processing /home/airflow/.local/lib/python3.7/site-packages/airflow/example_dags/example_external_task_marker_dag.py took 0.174 seconds
[2022-10-02T21:17:03.006+0000] {processor.py:156} INFO - Started process (PID=304) to work on /home/airflow/.local/lib/python3.7/site-packages/airflow/example_dags/example_external_task_marker_dag.py
[2022-10-02T21:17:03.008+0000] {processor.py:758} INFO - Processing file /home/airflow/.local/lib/python3.7/site-packages/airflow/example_dags/example_external_task_marker_dag.py for tasks to queue
[2022-10-02T21:17:03.011+0000] {logging_mixin.py:117} INFO - [2022-10-02T21:17:03.011+0000] {dagbag.py:525} INFO - Filling up the DagBag from /home/airflow/.local/lib/python3.7/site-packages/airflow/example_dags/example_external_task_marker_dag.py
[2022-10-02T21:17:03.025+0000] {processor.py:768} INFO - DAG(s) dict_keys(['example_external_task_marker_parent', 'example_external_task_marker_child']) retrieved from /home/airflow/.local/lib/python3.7/site-packages/airflow/example_dags/example_external_task_marker_dag.py
[2022-10-02T21:17:03.155+0000] {logging_mixin.py:117} INFO - [2022-10-02T21:17:03.155+0000] {dag.py:2573} INFO - Sync 2 DAGs
[2022-10-02T21:17:03.180+0000] {logging_mixin.py:117} INFO - [2022-10-02T21:17:03.179+0000] {dag.py:3328} INFO - Setting next_dagrun for example_external_task_marker_child to None, run_after=None
[2022-10-02T21:17:03.184+0000] {logging_mixin.py:117} INFO - [2022-10-02T21:17:03.183+0000] {dag.py:3328} INFO - Setting next_dagrun for example_external_task_marker_parent to None, run_after=None
[2022-10-02T21:17:03.202+0000] {processor.py:178} INFO - Processing /home/airflow/.local/lib/python3.7/site-packages/airflow/example_dags/example_external_task_marker_dag.py took 0.199 seconds
[2022-10-02T21:17:33.387+0000] {processor.py:156} INFO - Started process (PID=367) to work on /home/airflow/.local/lib/python3.7/site-packages/airflow/example_dags/example_external_task_marker_dag.py
[2022-10-02T21:17:33.389+0000] {processor.py:758} INFO - Processing file /home/airflow/.local/lib/python3.7/site-packages/airflow/example_dags/example_external_task_marker_dag.py for tasks to queue
[2022-10-02T21:17:33.390+0000] {logging_mixin.py:117} INFO - [2022-10-02T21:17:33.390+0000] {dagbag.py:525} INFO - Filling up the DagBag from /home/airflow/.local/lib/python3.7/site-packages/airflow/example_dags/example_external_task_marker_dag.py
[2022-10-02T21:17:33.401+0000] {processor.py:768} INFO - DAG(s) dict_keys(['example_external_task_marker_parent', 'example_external_task_marker_child']) retrieved from /home/airflow/.local/lib/python3.7/site-packages/airflow/example_dags/example_external_task_marker_dag.py
[2022-10-02T21:17:33.502+0000] {logging_mixin.py:117} INFO - [2022-10-02T21:17:33.502+0000] {dag.py:2573} INFO - Sync 2 DAGs
[2022-10-02T21:17:33.516+0000] {logging_mixin.py:117} INFO - [2022-10-02T21:17:33.516+0000] {dag.py:3328} INFO - Setting next_dagrun for example_external_task_marker_child to None, run_after=None
[2022-10-02T21:17:33.520+0000] {logging_mixin.py:117} INFO - [2022-10-02T21:17:33.520+0000] {dag.py:3328} INFO - Setting next_dagrun for example_external_task_marker_parent to None, run_after=None
[2022-10-02T21:17:33.534+0000] {processor.py:178} INFO - Processing /home/airflow/.local/lib/python3.7/site-packages/airflow/example_dags/example_external_task_marker_dag.py took 0.149 seconds
[2022-10-02T21:18:04.363+0000] {processor.py:156} INFO - Started process (PID=422) to work on /home/airflow/.local/lib/python3.7/site-packages/airflow/example_dags/example_external_task_marker_dag.py
[2022-10-02T21:18:04.365+0000] {processor.py:758} INFO - Processing file /home/airflow/.local/lib/python3.7/site-packages/airflow/example_dags/example_external_task_marker_dag.py for tasks to queue
[2022-10-02T21:18:04.367+0000] {logging_mixin.py:117} INFO - [2022-10-02T21:18:04.367+0000] {dagbag.py:525} INFO - Filling up the DagBag from /home/airflow/.local/lib/python3.7/site-packages/airflow/example_dags/example_external_task_marker_dag.py
[2022-10-02T21:18:04.387+0000] {processor.py:768} INFO - DAG(s) dict_keys(['example_external_task_marker_parent', 'example_external_task_marker_child']) retrieved from /home/airflow/.local/lib/python3.7/site-packages/airflow/example_dags/example_external_task_marker_dag.py
[2022-10-02T21:18:04.501+0000] {logging_mixin.py:117} INFO - [2022-10-02T21:18:04.501+0000] {dag.py:2573} INFO - Sync 2 DAGs
[2022-10-02T21:18:04.519+0000] {logging_mixin.py:117} INFO - [2022-10-02T21:18:04.518+0000] {dag.py:3328} INFO - Setting next_dagrun for example_external_task_marker_child to None, run_after=None
[2022-10-02T21:18:04.523+0000] {logging_mixin.py:117} INFO - [2022-10-02T21:18:04.523+0000] {dag.py:3328} INFO - Setting next_dagrun for example_external_task_marker_parent to None, run_after=None
[2022-10-02T21:18:04.539+0000] {processor.py:178} INFO - Processing /home/airflow/.local/lib/python3.7/site-packages/airflow/example_dags/example_external_task_marker_dag.py took 0.178 seconds
[2022-10-02T21:18:35.129+0000] {processor.py:156} INFO - Started process (PID=487) to work on /home/airflow/.local/lib/python3.7/site-packages/airflow/example_dags/example_external_task_marker_dag.py
[2022-10-02T21:18:35.131+0000] {processor.py:758} INFO - Processing file /home/airflow/.local/lib/python3.7/site-packages/airflow/example_dags/example_external_task_marker_dag.py for tasks to queue
[2022-10-02T21:18:35.132+0000] {logging_mixin.py:117} INFO - [2022-10-02T21:18:35.132+0000] {dagbag.py:525} INFO - Filling up the DagBag from /home/airflow/.local/lib/python3.7/site-packages/airflow/example_dags/example_external_task_marker_dag.py
[2022-10-02T21:18:35.142+0000] {processor.py:768} INFO - DAG(s) dict_keys(['example_external_task_marker_parent', 'example_external_task_marker_child']) retrieved from /home/airflow/.local/lib/python3.7/site-packages/airflow/example_dags/example_external_task_marker_dag.py
[2022-10-02T21:18:35.251+0000] {logging_mixin.py:117} INFO - [2022-10-02T21:18:35.251+0000] {dag.py:2573} INFO - Sync 2 DAGs
[2022-10-02T21:18:35.269+0000] {logging_mixin.py:117} INFO - [2022-10-02T21:18:35.269+0000] {dag.py:3328} INFO - Setting next_dagrun for example_external_task_marker_child to None, run_after=None
[2022-10-02T21:18:35.273+0000] {logging_mixin.py:117} INFO - [2022-10-02T21:18:35.273+0000] {dag.py:3328} INFO - Setting next_dagrun for example_external_task_marker_parent to None, run_after=None
[2022-10-02T21:18:35.284+0000] {processor.py:178} INFO - Processing /home/airflow/.local/lib/python3.7/site-packages/airflow/example_dags/example_external_task_marker_dag.py took 0.157 seconds
[2022-10-02T21:19:05.454+0000] {processor.py:156} INFO - Started process (PID=550) to work on /home/airflow/.local/lib/python3.7/site-packages/airflow/example_dags/example_external_task_marker_dag.py
[2022-10-02T21:19:05.461+0000] {processor.py:758} INFO - Processing file /home/airflow/.local/lib/python3.7/site-packages/airflow/example_dags/example_external_task_marker_dag.py for tasks to queue
[2022-10-02T21:19:05.463+0000] {logging_mixin.py:117} INFO - [2022-10-02T21:19:05.463+0000] {dagbag.py:525} INFO - Filling up the DagBag from /home/airflow/.local/lib/python3.7/site-packages/airflow/example_dags/example_external_task_marker_dag.py
[2022-10-02T21:19:05.475+0000] {processor.py:768} INFO - DAG(s) dict_keys(['example_external_task_marker_child', 'example_external_task_marker_parent']) retrieved from /home/airflow/.local/lib/python3.7/site-packages/airflow/example_dags/example_external_task_marker_dag.py
[2022-10-02T21:19:05.694+0000] {logging_mixin.py:117} INFO - [2022-10-02T21:19:05.693+0000] {dag.py:2573} INFO - Sync 2 DAGs
[2022-10-02T21:19:05.717+0000] {logging_mixin.py:117} INFO - [2022-10-02T21:19:05.717+0000] {dag.py:3328} INFO - Setting next_dagrun for example_external_task_marker_child to None, run_after=None
[2022-10-02T21:19:05.722+0000] {logging_mixin.py:117} INFO - [2022-10-02T21:19:05.722+0000] {dag.py:3328} INFO - Setting next_dagrun for example_external_task_marker_parent to None, run_after=None
[2022-10-02T21:19:05.746+0000] {processor.py:178} INFO - Processing /home/airflow/.local/lib/python3.7/site-packages/airflow/example_dags/example_external_task_marker_dag.py took 0.295 seconds
[2022-10-02T21:19:36.003+0000] {processor.py:156} INFO - Started process (PID=613) to work on /home/airflow/.local/lib/python3.7/site-packages/airflow/example_dags/example_external_task_marker_dag.py
[2022-10-02T21:19:36.005+0000] {processor.py:758} INFO - Processing file /home/airflow/.local/lib/python3.7/site-packages/airflow/example_dags/example_external_task_marker_dag.py for tasks to queue
[2022-10-02T21:19:36.007+0000] {logging_mixin.py:117} INFO - [2022-10-02T21:19:36.006+0000] {dagbag.py:525} INFO - Filling up the DagBag from /home/airflow/.local/lib/python3.7/site-packages/airflow/example_dags/example_external_task_marker_dag.py
[2022-10-02T21:19:36.017+0000] {processor.py:768} INFO - DAG(s) dict_keys(['example_external_task_marker_parent', 'example_external_task_marker_child']) retrieved from /home/airflow/.local/lib/python3.7/site-packages/airflow/example_dags/example_external_task_marker_dag.py
[2022-10-02T21:19:36.117+0000] {logging_mixin.py:117} INFO - [2022-10-02T21:19:36.116+0000] {dag.py:2573} INFO - Sync 2 DAGs
[2022-10-02T21:19:36.135+0000] {logging_mixin.py:117} INFO - [2022-10-02T21:19:36.135+0000] {dag.py:3328} INFO - Setting next_dagrun for example_external_task_marker_child to None, run_after=None
[2022-10-02T21:19:36.140+0000] {logging_mixin.py:117} INFO - [2022-10-02T21:19:36.140+0000] {dag.py:3328} INFO - Setting next_dagrun for example_external_task_marker_parent to None, run_after=None
[2022-10-02T21:19:36.156+0000] {processor.py:178} INFO - Processing /home/airflow/.local/lib/python3.7/site-packages/airflow/example_dags/example_external_task_marker_dag.py took 0.156 seconds
