[2022-10-02T20:50:11.315+0000] {processor.py:156} INFO - Started process (PID=41) to work on /home/airflow/.local/lib/python3.7/site-packages/airflow/example_dags/example_branch_labels.py
[2022-10-02T20:50:11.317+0000] {processor.py:758} INFO - Processing file /home/airflow/.local/lib/python3.7/site-packages/airflow/example_dags/example_branch_labels.py for tasks to queue
[2022-10-02T20:50:11.319+0000] {logging_mixin.py:117} INFO - [2022-10-02T20:50:11.318+0000] {dagbag.py:525} INFO - Filling up the DagBag from /home/airflow/.local/lib/python3.7/site-packages/airflow/example_dags/example_branch_labels.py
[2022-10-02T20:50:11.350+0000] {processor.py:768} INFO - DAG(s) dict_keys(['example_branch_labels']) retrieved from /home/airflow/.local/lib/python3.7/site-packages/airflow/example_dags/example_branch_labels.py
[2022-10-02T20:50:11.396+0000] {logging_mixin.py:117} INFO - [2022-10-02T20:50:11.396+0000] {dag.py:2573} INFO - Sync 1 DAGs
[2022-10-02T20:50:11.491+0000] {logging_mixin.py:117} INFO - [2022-10-02T20:50:11.491+0000] {dag.py:3328} INFO - Setting next_dagrun for example_branch_labels to 2022-10-01T00:00:00+00:00, run_after=2022-10-02T00:00:00+00:00
[2022-10-02T20:50:11.550+0000] {processor.py:178} INFO - Processing /home/airflow/.local/lib/python3.7/site-packages/airflow/example_dags/example_branch_labels.py took 0.238 seconds
[2022-10-02T20:50:41.660+0000] {processor.py:156} INFO - Started process (PID=103) to work on /home/airflow/.local/lib/python3.7/site-packages/airflow/example_dags/example_branch_labels.py
[2022-10-02T20:50:41.662+0000] {processor.py:758} INFO - Processing file /home/airflow/.local/lib/python3.7/site-packages/airflow/example_dags/example_branch_labels.py for tasks to queue
[2022-10-02T20:50:41.664+0000] {logging_mixin.py:117} INFO - [2022-10-02T20:50:41.663+0000] {dagbag.py:525} INFO - Filling up the DagBag from /home/airflow/.local/lib/python3.7/site-packages/airflow/example_dags/example_branch_labels.py
[2022-10-02T20:50:41.689+0000] {processor.py:768} INFO - DAG(s) dict_keys(['example_branch_labels']) retrieved from /home/airflow/.local/lib/python3.7/site-packages/airflow/example_dags/example_branch_labels.py
[2022-10-02T20:50:41.752+0000] {logging_mixin.py:117} INFO - [2022-10-02T20:50:41.751+0000] {dag.py:2573} INFO - Sync 1 DAGs
[2022-10-02T20:50:41.769+0000] {logging_mixin.py:117} INFO - [2022-10-02T20:50:41.769+0000] {dag.py:3328} INFO - Setting next_dagrun for example_branch_labels to 2022-10-01T00:00:00+00:00, run_after=2022-10-02T00:00:00+00:00
[2022-10-02T20:50:41.789+0000] {processor.py:178} INFO - Processing /home/airflow/.local/lib/python3.7/site-packages/airflow/example_dags/example_branch_labels.py took 0.131 seconds
[2022-10-02T20:51:12.645+0000] {processor.py:156} INFO - Started process (PID=168) to work on /home/airflow/.local/lib/python3.7/site-packages/airflow/example_dags/example_branch_labels.py
[2022-10-02T20:51:12.650+0000] {processor.py:758} INFO - Processing file /home/airflow/.local/lib/python3.7/site-packages/airflow/example_dags/example_branch_labels.py for tasks to queue
[2022-10-02T20:51:12.651+0000] {logging_mixin.py:117} INFO - [2022-10-02T20:51:12.651+0000] {dagbag.py:525} INFO - Filling up the DagBag from /home/airflow/.local/lib/python3.7/site-packages/airflow/example_dags/example_branch_labels.py
[2022-10-02T20:51:12.673+0000] {processor.py:768} INFO - DAG(s) dict_keys(['example_branch_labels']) retrieved from /home/airflow/.local/lib/python3.7/site-packages/airflow/example_dags/example_branch_labels.py
[2022-10-02T20:51:12.729+0000] {logging_mixin.py:117} INFO - [2022-10-02T20:51:12.729+0000] {dag.py:2573} INFO - Sync 1 DAGs
[2022-10-02T20:51:12.751+0000] {logging_mixin.py:117} INFO - [2022-10-02T20:51:12.751+0000] {dag.py:3328} INFO - Setting next_dagrun for example_branch_labels to 2022-10-01T00:00:00+00:00, run_after=2022-10-02T00:00:00+00:00
[2022-10-02T20:51:12.769+0000] {processor.py:178} INFO - Processing /home/airflow/.local/lib/python3.7/site-packages/airflow/example_dags/example_branch_labels.py took 0.127 seconds
[2022-10-02T20:51:43.470+0000] {processor.py:156} INFO - Started process (PID=229) to work on /home/airflow/.local/lib/python3.7/site-packages/airflow/example_dags/example_branch_labels.py
[2022-10-02T20:51:43.473+0000] {processor.py:758} INFO - Processing file /home/airflow/.local/lib/python3.7/site-packages/airflow/example_dags/example_branch_labels.py for tasks to queue
[2022-10-02T20:51:43.475+0000] {logging_mixin.py:117} INFO - [2022-10-02T20:51:43.475+0000] {dagbag.py:525} INFO - Filling up the DagBag from /home/airflow/.local/lib/python3.7/site-packages/airflow/example_dags/example_branch_labels.py
[2022-10-02T20:51:43.487+0000] {processor.py:768} INFO - DAG(s) dict_keys(['example_branch_labels']) retrieved from /home/airflow/.local/lib/python3.7/site-packages/airflow/example_dags/example_branch_labels.py
[2022-10-02T20:51:43.512+0000] {logging_mixin.py:117} INFO - [2022-10-02T20:51:43.512+0000] {dag.py:2573} INFO - Sync 1 DAGs
[2022-10-02T20:51:43.528+0000] {logging_mixin.py:117} INFO - [2022-10-02T20:51:43.528+0000] {dag.py:3328} INFO - Setting next_dagrun for example_branch_labels to 2022-10-01T00:00:00+00:00, run_after=2022-10-02T00:00:00+00:00
[2022-10-02T20:51:43.545+0000] {processor.py:178} INFO - Processing /home/airflow/.local/lib/python3.7/site-packages/airflow/example_dags/example_branch_labels.py took 0.079 seconds
[2022-10-02T20:52:13.872+0000] {processor.py:156} INFO - Started process (PID=284) to work on /home/airflow/.local/lib/python3.7/site-packages/airflow/example_dags/example_branch_labels.py
[2022-10-02T20:52:13.874+0000] {processor.py:758} INFO - Processing file /home/airflow/.local/lib/python3.7/site-packages/airflow/example_dags/example_branch_labels.py for tasks to queue
[2022-10-02T20:52:13.875+0000] {logging_mixin.py:117} INFO - [2022-10-02T20:52:13.875+0000] {dagbag.py:525} INFO - Filling up the DagBag from /home/airflow/.local/lib/python3.7/site-packages/airflow/example_dags/example_branch_labels.py
[2022-10-02T20:52:13.887+0000] {processor.py:768} INFO - DAG(s) dict_keys(['example_branch_labels']) retrieved from /home/airflow/.local/lib/python3.7/site-packages/airflow/example_dags/example_branch_labels.py
[2022-10-02T20:52:13.914+0000] {logging_mixin.py:117} INFO - [2022-10-02T20:52:13.914+0000] {dag.py:2573} INFO - Sync 1 DAGs
[2022-10-02T20:52:13.932+0000] {logging_mixin.py:117} INFO - [2022-10-02T20:52:13.932+0000] {dag.py:3328} INFO - Setting next_dagrun for example_branch_labels to 2022-10-01T00:00:00+00:00, run_after=2022-10-02T00:00:00+00:00
[2022-10-02T20:52:13.944+0000] {processor.py:178} INFO - Processing /home/airflow/.local/lib/python3.7/site-packages/airflow/example_dags/example_branch_labels.py took 0.074 seconds
[2022-10-02T20:52:44.386+0000] {processor.py:156} INFO - Started process (PID=346) to work on /home/airflow/.local/lib/python3.7/site-packages/airflow/example_dags/example_branch_labels.py
[2022-10-02T20:52:44.388+0000] {processor.py:758} INFO - Processing file /home/airflow/.local/lib/python3.7/site-packages/airflow/example_dags/example_branch_labels.py for tasks to queue
[2022-10-02T20:52:44.389+0000] {logging_mixin.py:117} INFO - [2022-10-02T20:52:44.389+0000] {dagbag.py:525} INFO - Filling up the DagBag from /home/airflow/.local/lib/python3.7/site-packages/airflow/example_dags/example_branch_labels.py
[2022-10-02T20:52:44.401+0000] {processor.py:768} INFO - DAG(s) dict_keys(['example_branch_labels']) retrieved from /home/airflow/.local/lib/python3.7/site-packages/airflow/example_dags/example_branch_labels.py
[2022-10-02T20:52:44.428+0000] {logging_mixin.py:117} INFO - [2022-10-02T20:52:44.428+0000] {dag.py:2573} INFO - Sync 1 DAGs
[2022-10-02T20:52:44.443+0000] {logging_mixin.py:117} INFO - [2022-10-02T20:52:44.443+0000] {dag.py:3328} INFO - Setting next_dagrun for example_branch_labels to 2022-10-01T00:00:00+00:00, run_after=2022-10-02T00:00:00+00:00
[2022-10-02T20:52:44.454+0000] {processor.py:178} INFO - Processing /home/airflow/.local/lib/python3.7/site-packages/airflow/example_dags/example_branch_labels.py took 0.071 seconds
[2022-10-02T20:54:18.750+0000] {processor.py:156} INFO - Started process (PID=40) to work on /home/airflow/.local/lib/python3.7/site-packages/airflow/example_dags/example_branch_labels.py
[2022-10-02T20:54:18.753+0000] {processor.py:758} INFO - Processing file /home/airflow/.local/lib/python3.7/site-packages/airflow/example_dags/example_branch_labels.py for tasks to queue
[2022-10-02T20:54:18.754+0000] {logging_mixin.py:117} INFO - [2022-10-02T20:54:18.754+0000] {dagbag.py:525} INFO - Filling up the DagBag from /home/airflow/.local/lib/python3.7/site-packages/airflow/example_dags/example_branch_labels.py
[2022-10-02T20:54:18.771+0000] {processor.py:768} INFO - DAG(s) dict_keys(['example_branch_labels']) retrieved from /home/airflow/.local/lib/python3.7/site-packages/airflow/example_dags/example_branch_labels.py
[2022-10-02T20:54:18.794+0000] {logging_mixin.py:117} INFO - [2022-10-02T20:54:18.794+0000] {dag.py:2573} INFO - Sync 1 DAGs
[2022-10-02T20:54:18.828+0000] {logging_mixin.py:117} INFO - [2022-10-02T20:54:18.827+0000] {dag.py:3328} INFO - Setting next_dagrun for example_branch_labels to 2022-10-01T00:00:00+00:00, run_after=2022-10-02T00:00:00+00:00
[2022-10-02T20:54:18.871+0000] {processor.py:178} INFO - Processing /home/airflow/.local/lib/python3.7/site-packages/airflow/example_dags/example_branch_labels.py took 0.126 seconds
[2022-10-02T20:54:49.094+0000] {processor.py:156} INFO - Started process (PID=103) to work on /home/airflow/.local/lib/python3.7/site-packages/airflow/example_dags/example_branch_labels.py
[2022-10-02T20:54:49.097+0000] {processor.py:758} INFO - Processing file /home/airflow/.local/lib/python3.7/site-packages/airflow/example_dags/example_branch_labels.py for tasks to queue
[2022-10-02T20:54:49.099+0000] {logging_mixin.py:117} INFO - [2022-10-02T20:54:49.098+0000] {dagbag.py:525} INFO - Filling up the DagBag from /home/airflow/.local/lib/python3.7/site-packages/airflow/example_dags/example_branch_labels.py
[2022-10-02T20:54:49.109+0000] {processor.py:768} INFO - DAG(s) dict_keys(['example_branch_labels']) retrieved from /home/airflow/.local/lib/python3.7/site-packages/airflow/example_dags/example_branch_labels.py
[2022-10-02T20:54:49.136+0000] {logging_mixin.py:117} INFO - [2022-10-02T20:54:49.136+0000] {dag.py:2573} INFO - Sync 1 DAGs
[2022-10-02T20:54:49.151+0000] {logging_mixin.py:117} INFO - [2022-10-02T20:54:49.151+0000] {dag.py:3328} INFO - Setting next_dagrun for example_branch_labels to 2022-10-01T00:00:00+00:00, run_after=2022-10-02T00:00:00+00:00
[2022-10-02T20:54:49.165+0000] {processor.py:178} INFO - Processing /home/airflow/.local/lib/python3.7/site-packages/airflow/example_dags/example_branch_labels.py took 0.074 seconds
[2022-10-02T20:56:36.786+0000] {processor.py:156} INFO - Started process (PID=41) to work on /home/airflow/.local/lib/python3.7/site-packages/airflow/example_dags/example_branch_labels.py
[2022-10-02T20:56:36.789+0000] {processor.py:758} INFO - Processing file /home/airflow/.local/lib/python3.7/site-packages/airflow/example_dags/example_branch_labels.py for tasks to queue
[2022-10-02T20:56:36.792+0000] {logging_mixin.py:117} INFO - [2022-10-02T20:56:36.792+0000] {dagbag.py:525} INFO - Filling up the DagBag from /home/airflow/.local/lib/python3.7/site-packages/airflow/example_dags/example_branch_labels.py
[2022-10-02T20:56:36.814+0000] {processor.py:768} INFO - DAG(s) dict_keys(['example_branch_labels']) retrieved from /home/airflow/.local/lib/python3.7/site-packages/airflow/example_dags/example_branch_labels.py
[2022-10-02T20:56:36.850+0000] {logging_mixin.py:117} INFO - [2022-10-02T20:56:36.850+0000] {dag.py:2573} INFO - Sync 1 DAGs
[2022-10-02T20:56:36.935+0000] {logging_mixin.py:117} INFO - [2022-10-02T20:56:36.935+0000] {dag.py:3328} INFO - Setting next_dagrun for example_branch_labels to 2022-10-01T00:00:00+00:00, run_after=2022-10-02T00:00:00+00:00
[2022-10-02T20:56:36.973+0000] {processor.py:178} INFO - Processing /home/airflow/.local/lib/python3.7/site-packages/airflow/example_dags/example_branch_labels.py took 0.195 seconds
[2022-10-02T20:57:07.353+0000] {processor.py:156} INFO - Started process (PID=104) to work on /home/airflow/.local/lib/python3.7/site-packages/airflow/example_dags/example_branch_labels.py
[2022-10-02T20:57:07.359+0000] {processor.py:758} INFO - Processing file /home/airflow/.local/lib/python3.7/site-packages/airflow/example_dags/example_branch_labels.py for tasks to queue
[2022-10-02T20:57:07.361+0000] {logging_mixin.py:117} INFO - [2022-10-02T20:57:07.361+0000] {dagbag.py:525} INFO - Filling up the DagBag from /home/airflow/.local/lib/python3.7/site-packages/airflow/example_dags/example_branch_labels.py
[2022-10-02T20:57:07.374+0000] {processor.py:768} INFO - DAG(s) dict_keys(['example_branch_labels']) retrieved from /home/airflow/.local/lib/python3.7/site-packages/airflow/example_dags/example_branch_labels.py
[2022-10-02T20:57:07.411+0000] {logging_mixin.py:117} INFO - [2022-10-02T20:57:07.411+0000] {dag.py:2573} INFO - Sync 1 DAGs
[2022-10-02T20:57:07.432+0000] {logging_mixin.py:117} INFO - [2022-10-02T20:57:07.432+0000] {dag.py:3328} INFO - Setting next_dagrun for example_branch_labels to 2022-10-01T00:00:00+00:00, run_after=2022-10-02T00:00:00+00:00
[2022-10-02T20:57:07.448+0000] {processor.py:178} INFO - Processing /home/airflow/.local/lib/python3.7/site-packages/airflow/example_dags/example_branch_labels.py took 0.097 seconds
[2022-10-02T20:57:38.248+0000] {processor.py:156} INFO - Started process (PID=168) to work on /home/airflow/.local/lib/python3.7/site-packages/airflow/example_dags/example_branch_labels.py
[2022-10-02T20:57:38.251+0000] {processor.py:758} INFO - Processing file /home/airflow/.local/lib/python3.7/site-packages/airflow/example_dags/example_branch_labels.py for tasks to queue
[2022-10-02T20:57:38.254+0000] {logging_mixin.py:117} INFO - [2022-10-02T20:57:38.254+0000] {dagbag.py:525} INFO - Filling up the DagBag from /home/airflow/.local/lib/python3.7/site-packages/airflow/example_dags/example_branch_labels.py
[2022-10-02T20:57:38.270+0000] {processor.py:768} INFO - DAG(s) dict_keys(['example_branch_labels']) retrieved from /home/airflow/.local/lib/python3.7/site-packages/airflow/example_dags/example_branch_labels.py
[2022-10-02T20:57:38.327+0000] {logging_mixin.py:117} INFO - [2022-10-02T20:57:38.326+0000] {dag.py:2573} INFO - Sync 1 DAGs
[2022-10-02T20:57:38.350+0000] {logging_mixin.py:117} INFO - [2022-10-02T20:57:38.350+0000] {dag.py:3328} INFO - Setting next_dagrun for example_branch_labels to 2022-10-01T00:00:00+00:00, run_after=2022-10-02T00:00:00+00:00
[2022-10-02T20:57:38.376+0000] {processor.py:178} INFO - Processing /home/airflow/.local/lib/python3.7/site-packages/airflow/example_dags/example_branch_labels.py took 0.130 seconds
[2022-10-02T20:58:08.880+0000] {processor.py:156} INFO - Started process (PID=230) to work on /home/airflow/.local/lib/python3.7/site-packages/airflow/example_dags/example_branch_labels.py
[2022-10-02T20:58:08.881+0000] {processor.py:758} INFO - Processing file /home/airflow/.local/lib/python3.7/site-packages/airflow/example_dags/example_branch_labels.py for tasks to queue
[2022-10-02T20:58:08.882+0000] {logging_mixin.py:117} INFO - [2022-10-02T20:58:08.882+0000] {dagbag.py:525} INFO - Filling up the DagBag from /home/airflow/.local/lib/python3.7/site-packages/airflow/example_dags/example_branch_labels.py
[2022-10-02T20:58:08.895+0000] {processor.py:768} INFO - DAG(s) dict_keys(['example_branch_labels']) retrieved from /home/airflow/.local/lib/python3.7/site-packages/airflow/example_dags/example_branch_labels.py
[2022-10-02T20:58:08.922+0000] {logging_mixin.py:117} INFO - [2022-10-02T20:58:08.922+0000] {dag.py:2573} INFO - Sync 1 DAGs
[2022-10-02T20:58:08.939+0000] {logging_mixin.py:117} INFO - [2022-10-02T20:58:08.939+0000] {dag.py:3328} INFO - Setting next_dagrun for example_branch_labels to 2022-10-01T00:00:00+00:00, run_after=2022-10-02T00:00:00+00:00
[2022-10-02T20:58:08.950+0000] {processor.py:178} INFO - Processing /home/airflow/.local/lib/python3.7/site-packages/airflow/example_dags/example_branch_labels.py took 0.073 seconds
[2022-10-02T20:58:39.238+0000] {processor.py:156} INFO - Started process (PID=294) to work on /home/airflow/.local/lib/python3.7/site-packages/airflow/example_dags/example_branch_labels.py
[2022-10-02T20:58:39.243+0000] {processor.py:758} INFO - Processing file /home/airflow/.local/lib/python3.7/site-packages/airflow/example_dags/example_branch_labels.py for tasks to queue
[2022-10-02T20:58:39.244+0000] {logging_mixin.py:117} INFO - [2022-10-02T20:58:39.244+0000] {dagbag.py:525} INFO - Filling up the DagBag from /home/airflow/.local/lib/python3.7/site-packages/airflow/example_dags/example_branch_labels.py
[2022-10-02T20:58:39.271+0000] {processor.py:768} INFO - DAG(s) dict_keys(['example_branch_labels']) retrieved from /home/airflow/.local/lib/python3.7/site-packages/airflow/example_dags/example_branch_labels.py
[2022-10-02T20:58:39.325+0000] {logging_mixin.py:117} INFO - [2022-10-02T20:58:39.325+0000] {dag.py:2573} INFO - Sync 1 DAGs
[2022-10-02T20:58:39.349+0000] {logging_mixin.py:117} INFO - [2022-10-02T20:58:39.349+0000] {dag.py:3328} INFO - Setting next_dagrun for example_branch_labels to 2022-10-01T00:00:00+00:00, run_after=2022-10-02T00:00:00+00:00
[2022-10-02T20:58:39.368+0000] {processor.py:178} INFO - Processing /home/airflow/.local/lib/python3.7/site-packages/airflow/example_dags/example_branch_labels.py took 0.135 seconds
[2022-10-02T20:59:09.736+0000] {processor.py:156} INFO - Started process (PID=348) to work on /home/airflow/.local/lib/python3.7/site-packages/airflow/example_dags/example_branch_labels.py
[2022-10-02T20:59:09.737+0000] {processor.py:758} INFO - Processing file /home/airflow/.local/lib/python3.7/site-packages/airflow/example_dags/example_branch_labels.py for tasks to queue
[2022-10-02T20:59:09.738+0000] {logging_mixin.py:117} INFO - [2022-10-02T20:59:09.738+0000] {dagbag.py:525} INFO - Filling up the DagBag from /home/airflow/.local/lib/python3.7/site-packages/airflow/example_dags/example_branch_labels.py
[2022-10-02T20:59:09.748+0000] {processor.py:768} INFO - DAG(s) dict_keys(['example_branch_labels']) retrieved from /home/airflow/.local/lib/python3.7/site-packages/airflow/example_dags/example_branch_labels.py
[2022-10-02T20:59:09.774+0000] {logging_mixin.py:117} INFO - [2022-10-02T20:59:09.774+0000] {dag.py:2573} INFO - Sync 1 DAGs
[2022-10-02T20:59:09.790+0000] {logging_mixin.py:117} INFO - [2022-10-02T20:59:09.790+0000] {dag.py:3328} INFO - Setting next_dagrun for example_branch_labels to 2022-10-01T00:00:00+00:00, run_after=2022-10-02T00:00:00+00:00
[2022-10-02T20:59:09.802+0000] {processor.py:178} INFO - Processing /home/airflow/.local/lib/python3.7/site-packages/airflow/example_dags/example_branch_labels.py took 0.068 seconds
[2022-10-02T20:59:40.130+0000] {processor.py:156} INFO - Started process (PID=410) to work on /home/airflow/.local/lib/python3.7/site-packages/airflow/example_dags/example_branch_labels.py
[2022-10-02T20:59:40.131+0000] {processor.py:758} INFO - Processing file /home/airflow/.local/lib/python3.7/site-packages/airflow/example_dags/example_branch_labels.py for tasks to queue
[2022-10-02T20:59:40.132+0000] {logging_mixin.py:117} INFO - [2022-10-02T20:59:40.132+0000] {dagbag.py:525} INFO - Filling up the DagBag from /home/airflow/.local/lib/python3.7/site-packages/airflow/example_dags/example_branch_labels.py
[2022-10-02T20:59:40.142+0000] {processor.py:768} INFO - DAG(s) dict_keys(['example_branch_labels']) retrieved from /home/airflow/.local/lib/python3.7/site-packages/airflow/example_dags/example_branch_labels.py
[2022-10-02T20:59:40.168+0000] {logging_mixin.py:117} INFO - [2022-10-02T20:59:40.168+0000] {dag.py:2573} INFO - Sync 1 DAGs
[2022-10-02T20:59:40.184+0000] {logging_mixin.py:117} INFO - [2022-10-02T20:59:40.184+0000] {dag.py:3328} INFO - Setting next_dagrun for example_branch_labels to 2022-10-01T00:00:00+00:00, run_after=2022-10-02T00:00:00+00:00
[2022-10-02T20:59:40.199+0000] {processor.py:178} INFO - Processing /home/airflow/.local/lib/python3.7/site-packages/airflow/example_dags/example_branch_labels.py took 0.071 seconds
[2022-10-02T21:00:11.294+0000] {processor.py:156} INFO - Started process (PID=473) to work on /home/airflow/.local/lib/python3.7/site-packages/airflow/example_dags/example_branch_labels.py
[2022-10-02T21:00:11.296+0000] {processor.py:758} INFO - Processing file /home/airflow/.local/lib/python3.7/site-packages/airflow/example_dags/example_branch_labels.py for tasks to queue
[2022-10-02T21:00:11.297+0000] {logging_mixin.py:117} INFO - [2022-10-02T21:00:11.297+0000] {dagbag.py:525} INFO - Filling up the DagBag from /home/airflow/.local/lib/python3.7/site-packages/airflow/example_dags/example_branch_labels.py
[2022-10-02T21:00:11.308+0000] {processor.py:768} INFO - DAG(s) dict_keys(['example_branch_labels']) retrieved from /home/airflow/.local/lib/python3.7/site-packages/airflow/example_dags/example_branch_labels.py
[2022-10-02T21:00:11.335+0000] {logging_mixin.py:117} INFO - [2022-10-02T21:00:11.335+0000] {dag.py:2573} INFO - Sync 1 DAGs
[2022-10-02T21:00:11.351+0000] {logging_mixin.py:117} INFO - [2022-10-02T21:00:11.351+0000] {dag.py:3328} INFO - Setting next_dagrun for example_branch_labels to 2022-10-01T00:00:00+00:00, run_after=2022-10-02T00:00:00+00:00
[2022-10-02T21:00:11.364+0000] {processor.py:178} INFO - Processing /home/airflow/.local/lib/python3.7/site-packages/airflow/example_dags/example_branch_labels.py took 0.072 seconds
[2022-10-02T21:00:41.411+0000] {processor.py:156} INFO - Started process (PID=536) to work on /home/airflow/.local/lib/python3.7/site-packages/airflow/example_dags/example_branch_labels.py
[2022-10-02T21:00:41.413+0000] {processor.py:758} INFO - Processing file /home/airflow/.local/lib/python3.7/site-packages/airflow/example_dags/example_branch_labels.py for tasks to queue
[2022-10-02T21:00:41.414+0000] {logging_mixin.py:117} INFO - [2022-10-02T21:00:41.414+0000] {dagbag.py:525} INFO - Filling up the DagBag from /home/airflow/.local/lib/python3.7/site-packages/airflow/example_dags/example_branch_labels.py
[2022-10-02T21:00:41.424+0000] {processor.py:768} INFO - DAG(s) dict_keys(['example_branch_labels']) retrieved from /home/airflow/.local/lib/python3.7/site-packages/airflow/example_dags/example_branch_labels.py
[2022-10-02T21:00:41.450+0000] {logging_mixin.py:117} INFO - [2022-10-02T21:00:41.450+0000] {dag.py:2573} INFO - Sync 1 DAGs
[2022-10-02T21:00:41.465+0000] {logging_mixin.py:117} INFO - [2022-10-02T21:00:41.465+0000] {dag.py:3328} INFO - Setting next_dagrun for example_branch_labels to 2022-10-01T00:00:00+00:00, run_after=2022-10-02T00:00:00+00:00
[2022-10-02T21:00:41.475+0000] {processor.py:178} INFO - Processing /home/airflow/.local/lib/python3.7/site-packages/airflow/example_dags/example_branch_labels.py took 0.067 seconds
[2022-10-02T21:01:12.462+0000] {processor.py:156} INFO - Started process (PID=599) to work on /home/airflow/.local/lib/python3.7/site-packages/airflow/example_dags/example_branch_labels.py
[2022-10-02T21:01:12.464+0000] {processor.py:758} INFO - Processing file /home/airflow/.local/lib/python3.7/site-packages/airflow/example_dags/example_branch_labels.py for tasks to queue
[2022-10-02T21:01:12.465+0000] {logging_mixin.py:117} INFO - [2022-10-02T21:01:12.464+0000] {dagbag.py:525} INFO - Filling up the DagBag from /home/airflow/.local/lib/python3.7/site-packages/airflow/example_dags/example_branch_labels.py
[2022-10-02T21:01:12.476+0000] {processor.py:768} INFO - DAG(s) dict_keys(['example_branch_labels']) retrieved from /home/airflow/.local/lib/python3.7/site-packages/airflow/example_dags/example_branch_labels.py
[2022-10-02T21:01:12.501+0000] {logging_mixin.py:117} INFO - [2022-10-02T21:01:12.501+0000] {dag.py:2573} INFO - Sync 1 DAGs
[2022-10-02T21:01:12.521+0000] {logging_mixin.py:117} INFO - [2022-10-02T21:01:12.521+0000] {dag.py:3328} INFO - Setting next_dagrun for example_branch_labels to 2022-10-01T00:00:00+00:00, run_after=2022-10-02T00:00:00+00:00
[2022-10-02T21:01:12.538+0000] {processor.py:178} INFO - Processing /home/airflow/.local/lib/python3.7/site-packages/airflow/example_dags/example_branch_labels.py took 0.078 seconds
[2022-10-02T21:01:43.006+0000] {processor.py:156} INFO - Started process (PID=661) to work on /home/airflow/.local/lib/python3.7/site-packages/airflow/example_dags/example_branch_labels.py
[2022-10-02T21:01:43.009+0000] {processor.py:758} INFO - Processing file /home/airflow/.local/lib/python3.7/site-packages/airflow/example_dags/example_branch_labels.py for tasks to queue
[2022-10-02T21:01:43.010+0000] {logging_mixin.py:117} INFO - [2022-10-02T21:01:43.010+0000] {dagbag.py:525} INFO - Filling up the DagBag from /home/airflow/.local/lib/python3.7/site-packages/airflow/example_dags/example_branch_labels.py
[2022-10-02T21:01:43.029+0000] {processor.py:768} INFO - DAG(s) dict_keys(['example_branch_labels']) retrieved from /home/airflow/.local/lib/python3.7/site-packages/airflow/example_dags/example_branch_labels.py
[2022-10-02T21:01:43.075+0000] {logging_mixin.py:117} INFO - [2022-10-02T21:01:43.074+0000] {dag.py:2573} INFO - Sync 1 DAGs
[2022-10-02T21:01:43.100+0000] {logging_mixin.py:117} INFO - [2022-10-02T21:01:43.100+0000] {dag.py:3328} INFO - Setting next_dagrun for example_branch_labels to 2022-10-01T00:00:00+00:00, run_after=2022-10-02T00:00:00+00:00
[2022-10-02T21:01:43.125+0000] {processor.py:178} INFO - Processing /home/airflow/.local/lib/python3.7/site-packages/airflow/example_dags/example_branch_labels.py took 0.123 seconds
[2022-10-02T21:02:13.757+0000] {processor.py:156} INFO - Started process (PID=715) to work on /home/airflow/.local/lib/python3.7/site-packages/airflow/example_dags/example_branch_labels.py
[2022-10-02T21:02:13.759+0000] {processor.py:758} INFO - Processing file /home/airflow/.local/lib/python3.7/site-packages/airflow/example_dags/example_branch_labels.py for tasks to queue
[2022-10-02T21:02:13.761+0000] {logging_mixin.py:117} INFO - [2022-10-02T21:02:13.761+0000] {dagbag.py:525} INFO - Filling up the DagBag from /home/airflow/.local/lib/python3.7/site-packages/airflow/example_dags/example_branch_labels.py
[2022-10-02T21:02:13.780+0000] {processor.py:768} INFO - DAG(s) dict_keys(['example_branch_labels']) retrieved from /home/airflow/.local/lib/python3.7/site-packages/airflow/example_dags/example_branch_labels.py
[2022-10-02T21:02:13.817+0000] {logging_mixin.py:117} INFO - [2022-10-02T21:02:13.817+0000] {dag.py:2573} INFO - Sync 1 DAGs
[2022-10-02T21:02:13.834+0000] {logging_mixin.py:117} INFO - [2022-10-02T21:02:13.833+0000] {dag.py:3328} INFO - Setting next_dagrun for example_branch_labels to 2022-10-01T00:00:00+00:00, run_after=2022-10-02T00:00:00+00:00
[2022-10-02T21:02:13.855+0000] {processor.py:178} INFO - Processing /home/airflow/.local/lib/python3.7/site-packages/airflow/example_dags/example_branch_labels.py took 0.100 seconds
[2022-10-02T21:02:44.439+0000] {processor.py:156} INFO - Started process (PID=778) to work on /home/airflow/.local/lib/python3.7/site-packages/airflow/example_dags/example_branch_labels.py
[2022-10-02T21:02:44.441+0000] {processor.py:758} INFO - Processing file /home/airflow/.local/lib/python3.7/site-packages/airflow/example_dags/example_branch_labels.py for tasks to queue
[2022-10-02T21:02:44.444+0000] {logging_mixin.py:117} INFO - [2022-10-02T21:02:44.442+0000] {dagbag.py:525} INFO - Filling up the DagBag from /home/airflow/.local/lib/python3.7/site-packages/airflow/example_dags/example_branch_labels.py
[2022-10-02T21:02:44.469+0000] {processor.py:768} INFO - DAG(s) dict_keys(['example_branch_labels']) retrieved from /home/airflow/.local/lib/python3.7/site-packages/airflow/example_dags/example_branch_labels.py
[2022-10-02T21:02:44.527+0000] {logging_mixin.py:117} INFO - [2022-10-02T21:02:44.527+0000] {dag.py:2573} INFO - Sync 1 DAGs
[2022-10-02T21:02:44.572+0000] {logging_mixin.py:117} INFO - [2022-10-02T21:02:44.572+0000] {dag.py:3328} INFO - Setting next_dagrun for example_branch_labels to 2022-10-01T00:00:00+00:00, run_after=2022-10-02T00:00:00+00:00
[2022-10-02T21:02:44.604+0000] {processor.py:178} INFO - Processing /home/airflow/.local/lib/python3.7/site-packages/airflow/example_dags/example_branch_labels.py took 0.168 seconds
[2022-10-02T21:03:15.442+0000] {processor.py:156} INFO - Started process (PID=842) to work on /home/airflow/.local/lib/python3.7/site-packages/airflow/example_dags/example_branch_labels.py
[2022-10-02T21:03:15.446+0000] {processor.py:758} INFO - Processing file /home/airflow/.local/lib/python3.7/site-packages/airflow/example_dags/example_branch_labels.py for tasks to queue
[2022-10-02T21:03:15.448+0000] {logging_mixin.py:117} INFO - [2022-10-02T21:03:15.448+0000] {dagbag.py:525} INFO - Filling up the DagBag from /home/airflow/.local/lib/python3.7/site-packages/airflow/example_dags/example_branch_labels.py
[2022-10-02T21:03:15.460+0000] {processor.py:768} INFO - DAG(s) dict_keys(['example_branch_labels']) retrieved from /home/airflow/.local/lib/python3.7/site-packages/airflow/example_dags/example_branch_labels.py
[2022-10-02T21:03:15.489+0000] {logging_mixin.py:117} INFO - [2022-10-02T21:03:15.488+0000] {dag.py:2573} INFO - Sync 1 DAGs
[2022-10-02T21:03:15.503+0000] {logging_mixin.py:117} INFO - [2022-10-02T21:03:15.503+0000] {dag.py:3328} INFO - Setting next_dagrun for example_branch_labels to 2022-10-01T00:00:00+00:00, run_after=2022-10-02T00:00:00+00:00
[2022-10-02T21:03:15.515+0000] {processor.py:178} INFO - Processing /home/airflow/.local/lib/python3.7/site-packages/airflow/example_dags/example_branch_labels.py took 0.076 seconds
[2022-10-02T21:03:46.138+0000] {processor.py:156} INFO - Started process (PID=904) to work on /home/airflow/.local/lib/python3.7/site-packages/airflow/example_dags/example_branch_labels.py
[2022-10-02T21:03:46.141+0000] {processor.py:758} INFO - Processing file /home/airflow/.local/lib/python3.7/site-packages/airflow/example_dags/example_branch_labels.py for tasks to queue
[2022-10-02T21:03:46.143+0000] {logging_mixin.py:117} INFO - [2022-10-02T21:03:46.143+0000] {dagbag.py:525} INFO - Filling up the DagBag from /home/airflow/.local/lib/python3.7/site-packages/airflow/example_dags/example_branch_labels.py
[2022-10-02T21:03:46.159+0000] {processor.py:768} INFO - DAG(s) dict_keys(['example_branch_labels']) retrieved from /home/airflow/.local/lib/python3.7/site-packages/airflow/example_dags/example_branch_labels.py
[2022-10-02T21:03:46.188+0000] {logging_mixin.py:117} INFO - [2022-10-02T21:03:46.188+0000] {dag.py:2573} INFO - Sync 1 DAGs
[2022-10-02T21:03:46.203+0000] {logging_mixin.py:117} INFO - [2022-10-02T21:03:46.203+0000] {dag.py:3328} INFO - Setting next_dagrun for example_branch_labels to 2022-10-01T00:00:00+00:00, run_after=2022-10-02T00:00:00+00:00
[2022-10-02T21:03:46.214+0000] {processor.py:178} INFO - Processing /home/airflow/.local/lib/python3.7/site-packages/airflow/example_dags/example_branch_labels.py took 0.080 seconds
[2022-10-02T21:04:16.752+0000] {processor.py:156} INFO - Started process (PID=966) to work on /home/airflow/.local/lib/python3.7/site-packages/airflow/example_dags/example_branch_labels.py
[2022-10-02T21:04:16.754+0000] {processor.py:758} INFO - Processing file /home/airflow/.local/lib/python3.7/site-packages/airflow/example_dags/example_branch_labels.py for tasks to queue
[2022-10-02T21:04:16.756+0000] {logging_mixin.py:117} INFO - [2022-10-02T21:04:16.756+0000] {dagbag.py:525} INFO - Filling up the DagBag from /home/airflow/.local/lib/python3.7/site-packages/airflow/example_dags/example_branch_labels.py
[2022-10-02T21:04:16.770+0000] {processor.py:768} INFO - DAG(s) dict_keys(['example_branch_labels']) retrieved from /home/airflow/.local/lib/python3.7/site-packages/airflow/example_dags/example_branch_labels.py
[2022-10-02T21:04:16.814+0000] {logging_mixin.py:117} INFO - [2022-10-02T21:04:16.814+0000] {dag.py:2573} INFO - Sync 1 DAGs
[2022-10-02T21:04:16.839+0000] {logging_mixin.py:117} INFO - [2022-10-02T21:04:16.839+0000] {dag.py:3328} INFO - Setting next_dagrun for example_branch_labels to 2022-10-01T00:00:00+00:00, run_after=2022-10-02T00:00:00+00:00
[2022-10-02T21:04:16.856+0000] {processor.py:178} INFO - Processing /home/airflow/.local/lib/python3.7/site-packages/airflow/example_dags/example_branch_labels.py took 0.107 seconds
[2022-10-02T21:05:08.807+0000] {processor.py:156} INFO - Started process (PID=41) to work on /home/airflow/.local/lib/python3.7/site-packages/airflow/example_dags/example_branch_labels.py
[2022-10-02T21:05:08.812+0000] {processor.py:758} INFO - Processing file /home/airflow/.local/lib/python3.7/site-packages/airflow/example_dags/example_branch_labels.py for tasks to queue
[2022-10-02T21:05:08.814+0000] {logging_mixin.py:117} INFO - [2022-10-02T21:05:08.814+0000] {dagbag.py:525} INFO - Filling up the DagBag from /home/airflow/.local/lib/python3.7/site-packages/airflow/example_dags/example_branch_labels.py
[2022-10-02T21:05:08.842+0000] {processor.py:768} INFO - DAG(s) dict_keys(['example_branch_labels']) retrieved from /home/airflow/.local/lib/python3.7/site-packages/airflow/example_dags/example_branch_labels.py
[2022-10-02T21:05:08.874+0000] {logging_mixin.py:117} INFO - [2022-10-02T21:05:08.874+0000] {dag.py:2573} INFO - Sync 1 DAGs
[2022-10-02T21:05:08.904+0000] {logging_mixin.py:117} INFO - [2022-10-02T21:05:08.903+0000] {dag.py:3328} INFO - Setting next_dagrun for example_branch_labels to 2022-10-01T00:00:00+00:00, run_after=2022-10-02T00:00:00+00:00
[2022-10-02T21:05:08.923+0000] {processor.py:178} INFO - Processing /home/airflow/.local/lib/python3.7/site-packages/airflow/example_dags/example_branch_labels.py took 0.126 seconds
[2022-10-02T21:05:39.657+0000] {processor.py:156} INFO - Started process (PID=105) to work on /home/airflow/.local/lib/python3.7/site-packages/airflow/example_dags/example_branch_labels.py
[2022-10-02T21:05:39.659+0000] {processor.py:758} INFO - Processing file /home/airflow/.local/lib/python3.7/site-packages/airflow/example_dags/example_branch_labels.py for tasks to queue
[2022-10-02T21:05:39.661+0000] {logging_mixin.py:117} INFO - [2022-10-02T21:05:39.661+0000] {dagbag.py:525} INFO - Filling up the DagBag from /home/airflow/.local/lib/python3.7/site-packages/airflow/example_dags/example_branch_labels.py
[2022-10-02T21:05:39.672+0000] {processor.py:768} INFO - DAG(s) dict_keys(['example_branch_labels']) retrieved from /home/airflow/.local/lib/python3.7/site-packages/airflow/example_dags/example_branch_labels.py
[2022-10-02T21:05:39.697+0000] {logging_mixin.py:117} INFO - [2022-10-02T21:05:39.697+0000] {dag.py:2573} INFO - Sync 1 DAGs
[2022-10-02T21:05:39.713+0000] {logging_mixin.py:117} INFO - [2022-10-02T21:05:39.713+0000] {dag.py:3328} INFO - Setting next_dagrun for example_branch_labels to 2022-10-01T00:00:00+00:00, run_after=2022-10-02T00:00:00+00:00
[2022-10-02T21:05:39.727+0000] {processor.py:178} INFO - Processing /home/airflow/.local/lib/python3.7/site-packages/airflow/example_dags/example_branch_labels.py took 0.072 seconds
[2022-10-02T21:06:09.862+0000] {processor.py:156} INFO - Started process (PID=170) to work on /home/airflow/.local/lib/python3.7/site-packages/airflow/example_dags/example_branch_labels.py
[2022-10-02T21:06:09.863+0000] {processor.py:758} INFO - Processing file /home/airflow/.local/lib/python3.7/site-packages/airflow/example_dags/example_branch_labels.py for tasks to queue
[2022-10-02T21:06:09.864+0000] {logging_mixin.py:117} INFO - [2022-10-02T21:06:09.864+0000] {dagbag.py:525} INFO - Filling up the DagBag from /home/airflow/.local/lib/python3.7/site-packages/airflow/example_dags/example_branch_labels.py
[2022-10-02T21:06:09.874+0000] {processor.py:768} INFO - DAG(s) dict_keys(['example_branch_labels']) retrieved from /home/airflow/.local/lib/python3.7/site-packages/airflow/example_dags/example_branch_labels.py
[2022-10-02T21:06:09.900+0000] {logging_mixin.py:117} INFO - [2022-10-02T21:06:09.900+0000] {dag.py:2573} INFO - Sync 1 DAGs
[2022-10-02T21:06:09.916+0000] {logging_mixin.py:117} INFO - [2022-10-02T21:06:09.916+0000] {dag.py:3328} INFO - Setting next_dagrun for example_branch_labels to 2022-10-01T00:00:00+00:00, run_after=2022-10-02T00:00:00+00:00
[2022-10-02T21:06:09.932+0000] {processor.py:178} INFO - Processing /home/airflow/.local/lib/python3.7/site-packages/airflow/example_dags/example_branch_labels.py took 0.073 seconds
[2022-10-02T21:06:40.147+0000] {processor.py:156} INFO - Started process (PID=233) to work on /home/airflow/.local/lib/python3.7/site-packages/airflow/example_dags/example_branch_labels.py
[2022-10-02T21:06:40.149+0000] {processor.py:758} INFO - Processing file /home/airflow/.local/lib/python3.7/site-packages/airflow/example_dags/example_branch_labels.py for tasks to queue
[2022-10-02T21:06:40.150+0000] {logging_mixin.py:117} INFO - [2022-10-02T21:06:40.150+0000] {dagbag.py:525} INFO - Filling up the DagBag from /home/airflow/.local/lib/python3.7/site-packages/airflow/example_dags/example_branch_labels.py
[2022-10-02T21:06:40.160+0000] {processor.py:768} INFO - DAG(s) dict_keys(['example_branch_labels']) retrieved from /home/airflow/.local/lib/python3.7/site-packages/airflow/example_dags/example_branch_labels.py
[2022-10-02T21:06:40.184+0000] {logging_mixin.py:117} INFO - [2022-10-02T21:06:40.184+0000] {dag.py:2573} INFO - Sync 1 DAGs
[2022-10-02T21:06:40.200+0000] {logging_mixin.py:117} INFO - [2022-10-02T21:06:40.200+0000] {dag.py:3328} INFO - Setting next_dagrun for example_branch_labels to 2022-10-01T00:00:00+00:00, run_after=2022-10-02T00:00:00+00:00
[2022-10-02T21:06:40.213+0000] {processor.py:178} INFO - Processing /home/airflow/.local/lib/python3.7/site-packages/airflow/example_dags/example_branch_labels.py took 0.068 seconds
[2022-10-02T21:07:10.289+0000] {processor.py:156} INFO - Started process (PID=288) to work on /home/airflow/.local/lib/python3.7/site-packages/airflow/example_dags/example_branch_labels.py
[2022-10-02T21:07:10.290+0000] {processor.py:758} INFO - Processing file /home/airflow/.local/lib/python3.7/site-packages/airflow/example_dags/example_branch_labels.py for tasks to queue
[2022-10-02T21:07:10.291+0000] {logging_mixin.py:117} INFO - [2022-10-02T21:07:10.291+0000] {dagbag.py:525} INFO - Filling up the DagBag from /home/airflow/.local/lib/python3.7/site-packages/airflow/example_dags/example_branch_labels.py
[2022-10-02T21:07:10.301+0000] {processor.py:768} INFO - DAG(s) dict_keys(['example_branch_labels']) retrieved from /home/airflow/.local/lib/python3.7/site-packages/airflow/example_dags/example_branch_labels.py
[2022-10-02T21:07:10.328+0000] {logging_mixin.py:117} INFO - [2022-10-02T21:07:10.328+0000] {dag.py:2573} INFO - Sync 1 DAGs
[2022-10-02T21:07:10.345+0000] {logging_mixin.py:117} INFO - [2022-10-02T21:07:10.345+0000] {dag.py:3328} INFO - Setting next_dagrun for example_branch_labels to 2022-10-01T00:00:00+00:00, run_after=2022-10-02T00:00:00+00:00
[2022-10-02T21:07:10.357+0000] {processor.py:178} INFO - Processing /home/airflow/.local/lib/python3.7/site-packages/airflow/example_dags/example_branch_labels.py took 0.071 seconds
[2022-10-02T21:07:40.960+0000] {processor.py:156} INFO - Started process (PID=350) to work on /home/airflow/.local/lib/python3.7/site-packages/airflow/example_dags/example_branch_labels.py
[2022-10-02T21:07:40.961+0000] {processor.py:758} INFO - Processing file /home/airflow/.local/lib/python3.7/site-packages/airflow/example_dags/example_branch_labels.py for tasks to queue
[2022-10-02T21:07:40.963+0000] {logging_mixin.py:117} INFO - [2022-10-02T21:07:40.963+0000] {dagbag.py:525} INFO - Filling up the DagBag from /home/airflow/.local/lib/python3.7/site-packages/airflow/example_dags/example_branch_labels.py
[2022-10-02T21:07:40.973+0000] {processor.py:768} INFO - DAG(s) dict_keys(['example_branch_labels']) retrieved from /home/airflow/.local/lib/python3.7/site-packages/airflow/example_dags/example_branch_labels.py
[2022-10-02T21:07:40.998+0000] {logging_mixin.py:117} INFO - [2022-10-02T21:07:40.998+0000] {dag.py:2573} INFO - Sync 1 DAGs
[2022-10-02T21:07:41.016+0000] {logging_mixin.py:117} INFO - [2022-10-02T21:07:41.016+0000] {dag.py:3328} INFO - Setting next_dagrun for example_branch_labels to 2022-10-01T00:00:00+00:00, run_after=2022-10-02T00:00:00+00:00
[2022-10-02T21:07:41.027+0000] {processor.py:178} INFO - Processing /home/airflow/.local/lib/python3.7/site-packages/airflow/example_dags/example_branch_labels.py took 0.070 seconds
[2022-10-02T21:08:11.192+0000] {processor.py:156} INFO - Started process (PID=413) to work on /home/airflow/.local/lib/python3.7/site-packages/airflow/example_dags/example_branch_labels.py
[2022-10-02T21:08:11.193+0000] {processor.py:758} INFO - Processing file /home/airflow/.local/lib/python3.7/site-packages/airflow/example_dags/example_branch_labels.py for tasks to queue
[2022-10-02T21:08:11.195+0000] {logging_mixin.py:117} INFO - [2022-10-02T21:08:11.195+0000] {dagbag.py:525} INFO - Filling up the DagBag from /home/airflow/.local/lib/python3.7/site-packages/airflow/example_dags/example_branch_labels.py
[2022-10-02T21:08:11.204+0000] {processor.py:768} INFO - DAG(s) dict_keys(['example_branch_labels']) retrieved from /home/airflow/.local/lib/python3.7/site-packages/airflow/example_dags/example_branch_labels.py
[2022-10-02T21:08:11.229+0000] {logging_mixin.py:117} INFO - [2022-10-02T21:08:11.229+0000] {dag.py:2573} INFO - Sync 1 DAGs
[2022-10-02T21:08:11.244+0000] {logging_mixin.py:117} INFO - [2022-10-02T21:08:11.244+0000] {dag.py:3328} INFO - Setting next_dagrun for example_branch_labels to 2022-10-01T00:00:00+00:00, run_after=2022-10-02T00:00:00+00:00
[2022-10-02T21:08:11.257+0000] {processor.py:178} INFO - Processing /home/airflow/.local/lib/python3.7/site-packages/airflow/example_dags/example_branch_labels.py took 0.068 seconds
[2022-10-02T21:08:41.489+0000] {processor.py:156} INFO - Started process (PID=476) to work on /home/airflow/.local/lib/python3.7/site-packages/airflow/example_dags/example_branch_labels.py
[2022-10-02T21:08:41.490+0000] {processor.py:758} INFO - Processing file /home/airflow/.local/lib/python3.7/site-packages/airflow/example_dags/example_branch_labels.py for tasks to queue
[2022-10-02T21:08:41.491+0000] {logging_mixin.py:117} INFO - [2022-10-02T21:08:41.491+0000] {dagbag.py:525} INFO - Filling up the DagBag from /home/airflow/.local/lib/python3.7/site-packages/airflow/example_dags/example_branch_labels.py
[2022-10-02T21:08:41.499+0000] {processor.py:768} INFO - DAG(s) dict_keys(['example_branch_labels']) retrieved from /home/airflow/.local/lib/python3.7/site-packages/airflow/example_dags/example_branch_labels.py
[2022-10-02T21:08:41.524+0000] {logging_mixin.py:117} INFO - [2022-10-02T21:08:41.524+0000] {dag.py:2573} INFO - Sync 1 DAGs
[2022-10-02T21:08:41.537+0000] {logging_mixin.py:117} INFO - [2022-10-02T21:08:41.537+0000] {dag.py:3328} INFO - Setting next_dagrun for example_branch_labels to 2022-10-01T00:00:00+00:00, run_after=2022-10-02T00:00:00+00:00
[2022-10-02T21:08:41.548+0000] {processor.py:178} INFO - Processing /home/airflow/.local/lib/python3.7/site-packages/airflow/example_dags/example_branch_labels.py took 0.062 seconds
[2022-10-02T21:09:11.616+0000] {processor.py:156} INFO - Started process (PID=539) to work on /home/airflow/.local/lib/python3.7/site-packages/airflow/example_dags/example_branch_labels.py
[2022-10-02T21:09:11.617+0000] {processor.py:758} INFO - Processing file /home/airflow/.local/lib/python3.7/site-packages/airflow/example_dags/example_branch_labels.py for tasks to queue
[2022-10-02T21:09:11.618+0000] {logging_mixin.py:117} INFO - [2022-10-02T21:09:11.618+0000] {dagbag.py:525} INFO - Filling up the DagBag from /home/airflow/.local/lib/python3.7/site-packages/airflow/example_dags/example_branch_labels.py
[2022-10-02T21:09:11.626+0000] {processor.py:768} INFO - DAG(s) dict_keys(['example_branch_labels']) retrieved from /home/airflow/.local/lib/python3.7/site-packages/airflow/example_dags/example_branch_labels.py
[2022-10-02T21:09:11.650+0000] {logging_mixin.py:117} INFO - [2022-10-02T21:09:11.650+0000] {dag.py:2573} INFO - Sync 1 DAGs
[2022-10-02T21:09:11.664+0000] {logging_mixin.py:117} INFO - [2022-10-02T21:09:11.664+0000] {dag.py:3328} INFO - Setting next_dagrun for example_branch_labels to 2022-10-01T00:00:00+00:00, run_after=2022-10-02T00:00:00+00:00
[2022-10-02T21:09:11.675+0000] {processor.py:178} INFO - Processing /home/airflow/.local/lib/python3.7/site-packages/airflow/example_dags/example_branch_labels.py took 0.061 seconds
[2022-10-02T21:09:41.963+0000] {processor.py:156} INFO - Started process (PID=593) to work on /home/airflow/.local/lib/python3.7/site-packages/airflow/example_dags/example_branch_labels.py
[2022-10-02T21:09:41.964+0000] {processor.py:758} INFO - Processing file /home/airflow/.local/lib/python3.7/site-packages/airflow/example_dags/example_branch_labels.py for tasks to queue
[2022-10-02T21:09:41.965+0000] {logging_mixin.py:117} INFO - [2022-10-02T21:09:41.965+0000] {dagbag.py:525} INFO - Filling up the DagBag from /home/airflow/.local/lib/python3.7/site-packages/airflow/example_dags/example_branch_labels.py
[2022-10-02T21:09:41.974+0000] {processor.py:768} INFO - DAG(s) dict_keys(['example_branch_labels']) retrieved from /home/airflow/.local/lib/python3.7/site-packages/airflow/example_dags/example_branch_labels.py
[2022-10-02T21:09:41.998+0000] {logging_mixin.py:117} INFO - [2022-10-02T21:09:41.998+0000] {dag.py:2573} INFO - Sync 1 DAGs
[2022-10-02T21:09:42.015+0000] {logging_mixin.py:117} INFO - [2022-10-02T21:09:42.015+0000] {dag.py:3328} INFO - Setting next_dagrun for example_branch_labels to 2022-10-01T00:00:00+00:00, run_after=2022-10-02T00:00:00+00:00
[2022-10-02T21:09:42.024+0000] {processor.py:178} INFO - Processing /home/airflow/.local/lib/python3.7/site-packages/airflow/example_dags/example_branch_labels.py took 0.064 seconds
[2022-10-02T21:10:12.098+0000] {processor.py:156} INFO - Started process (PID=656) to work on /home/airflow/.local/lib/python3.7/site-packages/airflow/example_dags/example_branch_labels.py
[2022-10-02T21:10:12.100+0000] {processor.py:758} INFO - Processing file /home/airflow/.local/lib/python3.7/site-packages/airflow/example_dags/example_branch_labels.py for tasks to queue
[2022-10-02T21:10:12.101+0000] {logging_mixin.py:117} INFO - [2022-10-02T21:10:12.101+0000] {dagbag.py:525} INFO - Filling up the DagBag from /home/airflow/.local/lib/python3.7/site-packages/airflow/example_dags/example_branch_labels.py
[2022-10-02T21:10:12.111+0000] {processor.py:768} INFO - DAG(s) dict_keys(['example_branch_labels']) retrieved from /home/airflow/.local/lib/python3.7/site-packages/airflow/example_dags/example_branch_labels.py
[2022-10-02T21:10:12.138+0000] {logging_mixin.py:117} INFO - [2022-10-02T21:10:12.138+0000] {dag.py:2573} INFO - Sync 1 DAGs
[2022-10-02T21:10:12.156+0000] {logging_mixin.py:117} INFO - [2022-10-02T21:10:12.155+0000] {dag.py:3328} INFO - Setting next_dagrun for example_branch_labels to 2022-10-01T00:00:00+00:00, run_after=2022-10-02T00:00:00+00:00
[2022-10-02T21:10:12.168+0000] {processor.py:178} INFO - Processing /home/airflow/.local/lib/python3.7/site-packages/airflow/example_dags/example_branch_labels.py took 0.072 seconds
[2022-10-02T21:10:42.248+0000] {processor.py:156} INFO - Started process (PID=718) to work on /home/airflow/.local/lib/python3.7/site-packages/airflow/example_dags/example_branch_labels.py
[2022-10-02T21:10:42.250+0000] {processor.py:758} INFO - Processing file /home/airflow/.local/lib/python3.7/site-packages/airflow/example_dags/example_branch_labels.py for tasks to queue
[2022-10-02T21:10:42.252+0000] {logging_mixin.py:117} INFO - [2022-10-02T21:10:42.252+0000] {dagbag.py:525} INFO - Filling up the DagBag from /home/airflow/.local/lib/python3.7/site-packages/airflow/example_dags/example_branch_labels.py
[2022-10-02T21:10:42.262+0000] {processor.py:768} INFO - DAG(s) dict_keys(['example_branch_labels']) retrieved from /home/airflow/.local/lib/python3.7/site-packages/airflow/example_dags/example_branch_labels.py
[2022-10-02T21:10:42.286+0000] {logging_mixin.py:117} INFO - [2022-10-02T21:10:42.286+0000] {dag.py:2573} INFO - Sync 1 DAGs
[2022-10-02T21:10:42.304+0000] {logging_mixin.py:117} INFO - [2022-10-02T21:10:42.304+0000] {dag.py:3328} INFO - Setting next_dagrun for example_branch_labels to 2022-10-01T00:00:00+00:00, run_after=2022-10-02T00:00:00+00:00
[2022-10-02T21:10:42.314+0000] {processor.py:178} INFO - Processing /home/airflow/.local/lib/python3.7/site-packages/airflow/example_dags/example_branch_labels.py took 0.068 seconds
[2022-10-02T21:11:12.555+0000] {processor.py:156} INFO - Started process (PID=781) to work on /home/airflow/.local/lib/python3.7/site-packages/airflow/example_dags/example_branch_labels.py
[2022-10-02T21:11:12.556+0000] {processor.py:758} INFO - Processing file /home/airflow/.local/lib/python3.7/site-packages/airflow/example_dags/example_branch_labels.py for tasks to queue
[2022-10-02T21:11:12.558+0000] {logging_mixin.py:117} INFO - [2022-10-02T21:11:12.558+0000] {dagbag.py:525} INFO - Filling up the DagBag from /home/airflow/.local/lib/python3.7/site-packages/airflow/example_dags/example_branch_labels.py
[2022-10-02T21:11:12.567+0000] {processor.py:768} INFO - DAG(s) dict_keys(['example_branch_labels']) retrieved from /home/airflow/.local/lib/python3.7/site-packages/airflow/example_dags/example_branch_labels.py
[2022-10-02T21:11:12.591+0000] {logging_mixin.py:117} INFO - [2022-10-02T21:11:12.591+0000] {dag.py:2573} INFO - Sync 1 DAGs
[2022-10-02T21:11:12.606+0000] {logging_mixin.py:117} INFO - [2022-10-02T21:11:12.606+0000] {dag.py:3328} INFO - Setting next_dagrun for example_branch_labels to 2022-10-01T00:00:00+00:00, run_after=2022-10-02T00:00:00+00:00
[2022-10-02T21:11:12.616+0000] {processor.py:178} INFO - Processing /home/airflow/.local/lib/python3.7/site-packages/airflow/example_dags/example_branch_labels.py took 0.063 seconds
[2022-10-02T21:11:42.888+0000] {processor.py:156} INFO - Started process (PID=843) to work on /home/airflow/.local/lib/python3.7/site-packages/airflow/example_dags/example_branch_labels.py
[2022-10-02T21:11:42.891+0000] {processor.py:758} INFO - Processing file /home/airflow/.local/lib/python3.7/site-packages/airflow/example_dags/example_branch_labels.py for tasks to queue
[2022-10-02T21:11:42.892+0000] {logging_mixin.py:117} INFO - [2022-10-02T21:11:42.892+0000] {dagbag.py:525} INFO - Filling up the DagBag from /home/airflow/.local/lib/python3.7/site-packages/airflow/example_dags/example_branch_labels.py
[2022-10-02T21:11:42.913+0000] {processor.py:768} INFO - DAG(s) dict_keys(['example_branch_labels']) retrieved from /home/airflow/.local/lib/python3.7/site-packages/airflow/example_dags/example_branch_labels.py
[2022-10-02T21:11:42.939+0000] {logging_mixin.py:117} INFO - [2022-10-02T21:11:42.939+0000] {dag.py:2573} INFO - Sync 1 DAGs
[2022-10-02T21:11:42.956+0000] {logging_mixin.py:117} INFO - [2022-10-02T21:11:42.956+0000] {dag.py:3328} INFO - Setting next_dagrun for example_branch_labels to 2022-10-01T00:00:00+00:00, run_after=2022-10-02T00:00:00+00:00
[2022-10-02T21:11:42.967+0000] {processor.py:178} INFO - Processing /home/airflow/.local/lib/python3.7/site-packages/airflow/example_dags/example_branch_labels.py took 0.086 seconds
[2022-10-02T21:12:13.538+0000] {processor.py:156} INFO - Started process (PID=907) to work on /home/airflow/.local/lib/python3.7/site-packages/airflow/example_dags/example_branch_labels.py
[2022-10-02T21:12:13.539+0000] {processor.py:758} INFO - Processing file /home/airflow/.local/lib/python3.7/site-packages/airflow/example_dags/example_branch_labels.py for tasks to queue
[2022-10-02T21:12:13.541+0000] {logging_mixin.py:117} INFO - [2022-10-02T21:12:13.541+0000] {dagbag.py:525} INFO - Filling up the DagBag from /home/airflow/.local/lib/python3.7/site-packages/airflow/example_dags/example_branch_labels.py
[2022-10-02T21:12:13.559+0000] {processor.py:768} INFO - DAG(s) dict_keys(['example_branch_labels']) retrieved from /home/airflow/.local/lib/python3.7/site-packages/airflow/example_dags/example_branch_labels.py
[2022-10-02T21:12:13.601+0000] {logging_mixin.py:117} INFO - [2022-10-02T21:12:13.601+0000] {dag.py:2573} INFO - Sync 1 DAGs
[2022-10-02T21:12:13.619+0000] {logging_mixin.py:117} INFO - [2022-10-02T21:12:13.619+0000] {dag.py:3328} INFO - Setting next_dagrun for example_branch_labels to 2022-10-01T00:00:00+00:00, run_after=2022-10-02T00:00:00+00:00
[2022-10-02T21:12:13.634+0000] {processor.py:178} INFO - Processing /home/airflow/.local/lib/python3.7/site-packages/airflow/example_dags/example_branch_labels.py took 0.099 seconds
[2022-10-02T21:12:43.735+0000] {processor.py:156} INFO - Started process (PID=961) to work on /home/airflow/.local/lib/python3.7/site-packages/airflow/example_dags/example_branch_labels.py
[2022-10-02T21:12:43.737+0000] {processor.py:758} INFO - Processing file /home/airflow/.local/lib/python3.7/site-packages/airflow/example_dags/example_branch_labels.py for tasks to queue
[2022-10-02T21:12:43.738+0000] {logging_mixin.py:117} INFO - [2022-10-02T21:12:43.738+0000] {dagbag.py:525} INFO - Filling up the DagBag from /home/airflow/.local/lib/python3.7/site-packages/airflow/example_dags/example_branch_labels.py
[2022-10-02T21:12:43.749+0000] {processor.py:768} INFO - DAG(s) dict_keys(['example_branch_labels']) retrieved from /home/airflow/.local/lib/python3.7/site-packages/airflow/example_dags/example_branch_labels.py
[2022-10-02T21:12:43.773+0000] {logging_mixin.py:117} INFO - [2022-10-02T21:12:43.773+0000] {dag.py:2573} INFO - Sync 1 DAGs
[2022-10-02T21:12:43.788+0000] {logging_mixin.py:117} INFO - [2022-10-02T21:12:43.788+0000] {dag.py:3328} INFO - Setting next_dagrun for example_branch_labels to 2022-10-01T00:00:00+00:00, run_after=2022-10-02T00:00:00+00:00
[2022-10-02T21:12:43.797+0000] {processor.py:178} INFO - Processing /home/airflow/.local/lib/python3.7/site-packages/airflow/example_dags/example_branch_labels.py took 0.064 seconds
[2022-10-02T21:13:13.998+0000] {processor.py:156} INFO - Started process (PID=1023) to work on /home/airflow/.local/lib/python3.7/site-packages/airflow/example_dags/example_branch_labels.py
[2022-10-02T21:13:13.999+0000] {processor.py:758} INFO - Processing file /home/airflow/.local/lib/python3.7/site-packages/airflow/example_dags/example_branch_labels.py for tasks to queue
[2022-10-02T21:13:14.000+0000] {logging_mixin.py:117} INFO - [2022-10-02T21:13:14.000+0000] {dagbag.py:525} INFO - Filling up the DagBag from /home/airflow/.local/lib/python3.7/site-packages/airflow/example_dags/example_branch_labels.py
[2022-10-02T21:13:14.011+0000] {processor.py:768} INFO - DAG(s) dict_keys(['example_branch_labels']) retrieved from /home/airflow/.local/lib/python3.7/site-packages/airflow/example_dags/example_branch_labels.py
[2022-10-02T21:13:14.039+0000] {logging_mixin.py:117} INFO - [2022-10-02T21:13:14.039+0000] {dag.py:2573} INFO - Sync 1 DAGs
[2022-10-02T21:13:14.053+0000] {logging_mixin.py:117} INFO - [2022-10-02T21:13:14.053+0000] {dag.py:3328} INFO - Setting next_dagrun for example_branch_labels to 2022-10-01T00:00:00+00:00, run_after=2022-10-02T00:00:00+00:00
[2022-10-02T21:13:14.063+0000] {processor.py:178} INFO - Processing /home/airflow/.local/lib/python3.7/site-packages/airflow/example_dags/example_branch_labels.py took 0.066 seconds
[2022-10-02T21:14:57.130+0000] {processor.py:156} INFO - Started process (PID=50) to work on /home/airflow/.local/lib/python3.7/site-packages/airflow/example_dags/example_branch_labels.py
[2022-10-02T21:14:57.148+0000] {processor.py:758} INFO - Processing file /home/airflow/.local/lib/python3.7/site-packages/airflow/example_dags/example_branch_labels.py for tasks to queue
[2022-10-02T21:14:57.150+0000] {logging_mixin.py:117} INFO - [2022-10-02T21:14:57.150+0000] {dagbag.py:525} INFO - Filling up the DagBag from /home/airflow/.local/lib/python3.7/site-packages/airflow/example_dags/example_branch_labels.py
[2022-10-02T21:14:57.298+0000] {processor.py:768} INFO - DAG(s) dict_keys(['example_branch_labels']) retrieved from /home/airflow/.local/lib/python3.7/site-packages/airflow/example_dags/example_branch_labels.py
[2022-10-02T21:14:57.477+0000] {logging_mixin.py:117} INFO - [2022-10-02T21:14:57.477+0000] {dag.py:2573} INFO - Sync 1 DAGs
[2022-10-02T21:14:57.583+0000] {logging_mixin.py:117} INFO - [2022-10-02T21:14:57.582+0000] {dag.py:3328} INFO - Setting next_dagrun for example_branch_labels to 2022-10-01T00:00:00+00:00, run_after=2022-10-02T00:00:00+00:00
[2022-10-02T21:14:57.611+0000] {processor.py:178} INFO - Processing /home/airflow/.local/lib/python3.7/site-packages/airflow/example_dags/example_branch_labels.py took 0.490 seconds
[2022-10-02T21:15:28.178+0000] {processor.py:156} INFO - Started process (PID=105) to work on /home/airflow/.local/lib/python3.7/site-packages/airflow/example_dags/example_branch_labels.py
[2022-10-02T21:15:28.180+0000] {processor.py:758} INFO - Processing file /home/airflow/.local/lib/python3.7/site-packages/airflow/example_dags/example_branch_labels.py for tasks to queue
[2022-10-02T21:15:28.181+0000] {logging_mixin.py:117} INFO - [2022-10-02T21:15:28.181+0000] {dagbag.py:525} INFO - Filling up the DagBag from /home/airflow/.local/lib/python3.7/site-packages/airflow/example_dags/example_branch_labels.py
[2022-10-02T21:15:28.195+0000] {processor.py:768} INFO - DAG(s) dict_keys(['example_branch_labels']) retrieved from /home/airflow/.local/lib/python3.7/site-packages/airflow/example_dags/example_branch_labels.py
[2022-10-02T21:15:28.232+0000] {logging_mixin.py:117} INFO - [2022-10-02T21:15:28.231+0000] {dag.py:2573} INFO - Sync 1 DAGs
[2022-10-02T21:15:28.274+0000] {logging_mixin.py:117} INFO - [2022-10-02T21:15:28.274+0000] {dag.py:3328} INFO - Setting next_dagrun for example_branch_labels to 2022-10-01T00:00:00+00:00, run_after=2022-10-02T00:00:00+00:00
[2022-10-02T21:15:28.303+0000] {processor.py:178} INFO - Processing /home/airflow/.local/lib/python3.7/site-packages/airflow/example_dags/example_branch_labels.py took 0.127 seconds
[2022-10-02T21:15:58.527+0000] {processor.py:156} INFO - Started process (PID=168) to work on /home/airflow/.local/lib/python3.7/site-packages/airflow/example_dags/example_branch_labels.py
[2022-10-02T21:15:58.531+0000] {processor.py:758} INFO - Processing file /home/airflow/.local/lib/python3.7/site-packages/airflow/example_dags/example_branch_labels.py for tasks to queue
[2022-10-02T21:15:58.538+0000] {logging_mixin.py:117} INFO - [2022-10-02T21:15:58.538+0000] {dagbag.py:525} INFO - Filling up the DagBag from /home/airflow/.local/lib/python3.7/site-packages/airflow/example_dags/example_branch_labels.py
[2022-10-02T21:15:58.551+0000] {processor.py:768} INFO - DAG(s) dict_keys(['example_branch_labels']) retrieved from /home/airflow/.local/lib/python3.7/site-packages/airflow/example_dags/example_branch_labels.py
[2022-10-02T21:15:58.593+0000] {logging_mixin.py:117} INFO - [2022-10-02T21:15:58.593+0000] {dag.py:2573} INFO - Sync 1 DAGs
[2022-10-02T21:15:58.612+0000] {logging_mixin.py:117} INFO - [2022-10-02T21:15:58.612+0000] {dag.py:3328} INFO - Setting next_dagrun for example_branch_labels to 2022-10-01T00:00:00+00:00, run_after=2022-10-02T00:00:00+00:00
[2022-10-02T21:15:58.649+0000] {processor.py:178} INFO - Processing /home/airflow/.local/lib/python3.7/site-packages/airflow/example_dags/example_branch_labels.py took 0.125 seconds
[2022-10-02T21:16:29.262+0000] {processor.py:156} INFO - Started process (PID=230) to work on /home/airflow/.local/lib/python3.7/site-packages/airflow/example_dags/example_branch_labels.py
[2022-10-02T21:16:29.266+0000] {processor.py:758} INFO - Processing file /home/airflow/.local/lib/python3.7/site-packages/airflow/example_dags/example_branch_labels.py for tasks to queue
[2022-10-02T21:16:29.268+0000] {logging_mixin.py:117} INFO - [2022-10-02T21:16:29.267+0000] {dagbag.py:525} INFO - Filling up the DagBag from /home/airflow/.local/lib/python3.7/site-packages/airflow/example_dags/example_branch_labels.py
[2022-10-02T21:16:29.281+0000] {processor.py:768} INFO - DAG(s) dict_keys(['example_branch_labels']) retrieved from /home/airflow/.local/lib/python3.7/site-packages/airflow/example_dags/example_branch_labels.py
[2022-10-02T21:16:29.320+0000] {logging_mixin.py:117} INFO - [2022-10-02T21:16:29.320+0000] {dag.py:2573} INFO - Sync 1 DAGs
[2022-10-02T21:16:29.345+0000] {logging_mixin.py:117} INFO - [2022-10-02T21:16:29.345+0000] {dag.py:3328} INFO - Setting next_dagrun for example_branch_labels to 2022-10-01T00:00:00+00:00, run_after=2022-10-02T00:00:00+00:00
[2022-10-02T21:16:29.363+0000] {processor.py:178} INFO - Processing /home/airflow/.local/lib/python3.7/site-packages/airflow/example_dags/example_branch_labels.py took 0.110 seconds
[2022-10-02T21:17:00.101+0000] {processor.py:156} INFO - Started process (PID=292) to work on /home/airflow/.local/lib/python3.7/site-packages/airflow/example_dags/example_branch_labels.py
[2022-10-02T21:17:00.103+0000] {processor.py:758} INFO - Processing file /home/airflow/.local/lib/python3.7/site-packages/airflow/example_dags/example_branch_labels.py for tasks to queue
[2022-10-02T21:17:00.105+0000] {logging_mixin.py:117} INFO - [2022-10-02T21:17:00.105+0000] {dagbag.py:525} INFO - Filling up the DagBag from /home/airflow/.local/lib/python3.7/site-packages/airflow/example_dags/example_branch_labels.py
[2022-10-02T21:17:00.117+0000] {processor.py:768} INFO - DAG(s) dict_keys(['example_branch_labels']) retrieved from /home/airflow/.local/lib/python3.7/site-packages/airflow/example_dags/example_branch_labels.py
[2022-10-02T21:17:00.169+0000] {logging_mixin.py:117} INFO - [2022-10-02T21:17:00.168+0000] {dag.py:2573} INFO - Sync 1 DAGs
[2022-10-02T21:17:00.208+0000] {logging_mixin.py:117} INFO - [2022-10-02T21:17:00.208+0000] {dag.py:3328} INFO - Setting next_dagrun for example_branch_labels to 2022-10-01T00:00:00+00:00, run_after=2022-10-02T00:00:00+00:00
[2022-10-02T21:17:00.236+0000] {processor.py:178} INFO - Processing /home/airflow/.local/lib/python3.7/site-packages/airflow/example_dags/example_branch_labels.py took 0.137 seconds
[2022-10-02T21:17:30.299+0000] {processor.py:156} INFO - Started process (PID=346) to work on /home/airflow/.local/lib/python3.7/site-packages/airflow/example_dags/example_branch_labels.py
[2022-10-02T21:17:30.301+0000] {processor.py:758} INFO - Processing file /home/airflow/.local/lib/python3.7/site-packages/airflow/example_dags/example_branch_labels.py for tasks to queue
[2022-10-02T21:17:30.302+0000] {logging_mixin.py:117} INFO - [2022-10-02T21:17:30.302+0000] {dagbag.py:525} INFO - Filling up the DagBag from /home/airflow/.local/lib/python3.7/site-packages/airflow/example_dags/example_branch_labels.py
[2022-10-02T21:17:30.315+0000] {processor.py:768} INFO - DAG(s) dict_keys(['example_branch_labels']) retrieved from /home/airflow/.local/lib/python3.7/site-packages/airflow/example_dags/example_branch_labels.py
[2022-10-02T21:17:30.350+0000] {logging_mixin.py:117} INFO - [2022-10-02T21:17:30.350+0000] {dag.py:2573} INFO - Sync 1 DAGs
[2022-10-02T21:17:30.375+0000] {logging_mixin.py:117} INFO - [2022-10-02T21:17:30.375+0000] {dag.py:3328} INFO - Setting next_dagrun for example_branch_labels to 2022-10-01T00:00:00+00:00, run_after=2022-10-02T00:00:00+00:00
[2022-10-02T21:17:30.399+0000] {processor.py:178} INFO - Processing /home/airflow/.local/lib/python3.7/site-packages/airflow/example_dags/example_branch_labels.py took 0.103 seconds
[2022-10-02T21:18:00.670+0000] {processor.py:156} INFO - Started process (PID=410) to work on /home/airflow/.local/lib/python3.7/site-packages/airflow/example_dags/example_branch_labels.py
[2022-10-02T21:18:00.673+0000] {processor.py:758} INFO - Processing file /home/airflow/.local/lib/python3.7/site-packages/airflow/example_dags/example_branch_labels.py for tasks to queue
[2022-10-02T21:18:00.675+0000] {logging_mixin.py:117} INFO - [2022-10-02T21:18:00.675+0000] {dagbag.py:525} INFO - Filling up the DagBag from /home/airflow/.local/lib/python3.7/site-packages/airflow/example_dags/example_branch_labels.py
[2022-10-02T21:18:00.690+0000] {processor.py:768} INFO - DAG(s) dict_keys(['example_branch_labels']) retrieved from /home/airflow/.local/lib/python3.7/site-packages/airflow/example_dags/example_branch_labels.py
[2022-10-02T21:18:00.731+0000] {logging_mixin.py:117} INFO - [2022-10-02T21:18:00.731+0000] {dag.py:2573} INFO - Sync 1 DAGs
[2022-10-02T21:18:00.752+0000] {logging_mixin.py:117} INFO - [2022-10-02T21:18:00.751+0000] {dag.py:3328} INFO - Setting next_dagrun for example_branch_labels to 2022-10-01T00:00:00+00:00, run_after=2022-10-02T00:00:00+00:00
[2022-10-02T21:18:00.765+0000] {processor.py:178} INFO - Processing /home/airflow/.local/lib/python3.7/site-packages/airflow/example_dags/example_branch_labels.py took 0.099 seconds
[2022-10-02T21:18:31.191+0000] {processor.py:156} INFO - Started process (PID=475) to work on /home/airflow/.local/lib/python3.7/site-packages/airflow/example_dags/example_branch_labels.py
[2022-10-02T21:18:31.193+0000] {processor.py:758} INFO - Processing file /home/airflow/.local/lib/python3.7/site-packages/airflow/example_dags/example_branch_labels.py for tasks to queue
[2022-10-02T21:18:31.195+0000] {logging_mixin.py:117} INFO - [2022-10-02T21:18:31.195+0000] {dagbag.py:525} INFO - Filling up the DagBag from /home/airflow/.local/lib/python3.7/site-packages/airflow/example_dags/example_branch_labels.py
[2022-10-02T21:18:31.218+0000] {processor.py:768} INFO - DAG(s) dict_keys(['example_branch_labels']) retrieved from /home/airflow/.local/lib/python3.7/site-packages/airflow/example_dags/example_branch_labels.py
[2022-10-02T21:18:31.300+0000] {logging_mixin.py:117} INFO - [2022-10-02T21:18:31.297+0000] {dag.py:2573} INFO - Sync 1 DAGs
[2022-10-02T21:18:31.342+0000] {logging_mixin.py:117} INFO - [2022-10-02T21:18:31.341+0000] {dag.py:3328} INFO - Setting next_dagrun for example_branch_labels to 2022-10-01T00:00:00+00:00, run_after=2022-10-02T00:00:00+00:00
[2022-10-02T21:18:31.356+0000] {processor.py:178} INFO - Processing /home/airflow/.local/lib/python3.7/site-packages/airflow/example_dags/example_branch_labels.py took 0.170 seconds
[2022-10-02T21:19:01.519+0000] {processor.py:156} INFO - Started process (PID=538) to work on /home/airflow/.local/lib/python3.7/site-packages/airflow/example_dags/example_branch_labels.py
[2022-10-02T21:19:01.522+0000] {processor.py:758} INFO - Processing file /home/airflow/.local/lib/python3.7/site-packages/airflow/example_dags/example_branch_labels.py for tasks to queue
[2022-10-02T21:19:01.523+0000] {logging_mixin.py:117} INFO - [2022-10-02T21:19:01.522+0000] {dagbag.py:525} INFO - Filling up the DagBag from /home/airflow/.local/lib/python3.7/site-packages/airflow/example_dags/example_branch_labels.py
[2022-10-02T21:19:01.535+0000] {processor.py:768} INFO - DAG(s) dict_keys(['example_branch_labels']) retrieved from /home/airflow/.local/lib/python3.7/site-packages/airflow/example_dags/example_branch_labels.py
[2022-10-02T21:19:01.565+0000] {logging_mixin.py:117} INFO - [2022-10-02T21:19:01.565+0000] {dag.py:2573} INFO - Sync 1 DAGs
[2022-10-02T21:19:01.592+0000] {logging_mixin.py:117} INFO - [2022-10-02T21:19:01.592+0000] {dag.py:3328} INFO - Setting next_dagrun for example_branch_labels to 2022-10-01T00:00:00+00:00, run_after=2022-10-02T00:00:00+00:00
[2022-10-02T21:19:01.606+0000] {processor.py:178} INFO - Processing /home/airflow/.local/lib/python3.7/site-packages/airflow/example_dags/example_branch_labels.py took 0.089 seconds
[2022-10-02T21:19:32.171+0000] {processor.py:156} INFO - Started process (PID=592) to work on /home/airflow/.local/lib/python3.7/site-packages/airflow/example_dags/example_branch_labels.py
[2022-10-02T21:19:32.173+0000] {processor.py:758} INFO - Processing file /home/airflow/.local/lib/python3.7/site-packages/airflow/example_dags/example_branch_labels.py for tasks to queue
[2022-10-02T21:19:32.174+0000] {logging_mixin.py:117} INFO - [2022-10-02T21:19:32.174+0000] {dagbag.py:525} INFO - Filling up the DagBag from /home/airflow/.local/lib/python3.7/site-packages/airflow/example_dags/example_branch_labels.py
[2022-10-02T21:19:32.185+0000] {processor.py:768} INFO - DAG(s) dict_keys(['example_branch_labels']) retrieved from /home/airflow/.local/lib/python3.7/site-packages/airflow/example_dags/example_branch_labels.py
[2022-10-02T21:19:32.215+0000] {logging_mixin.py:117} INFO - [2022-10-02T21:19:32.214+0000] {dag.py:2573} INFO - Sync 1 DAGs
[2022-10-02T21:19:32.232+0000] {logging_mixin.py:117} INFO - [2022-10-02T21:19:32.232+0000] {dag.py:3328} INFO - Setting next_dagrun for example_branch_labels to 2022-10-01T00:00:00+00:00, run_after=2022-10-02T00:00:00+00:00
[2022-10-02T21:19:32.248+0000] {processor.py:178} INFO - Processing /home/airflow/.local/lib/python3.7/site-packages/airflow/example_dags/example_branch_labels.py took 0.080 seconds
