[2022-10-02T20:50:12.789+0000] {processor.py:156} INFO - Started process (PID=50) to work on /home/airflow/.local/lib/python3.7/site-packages/airflow/example_dags/example_latest_only_with_trigger.py
[2022-10-02T20:50:12.799+0000] {processor.py:758} INFO - Processing file /home/airflow/.local/lib/python3.7/site-packages/airflow/example_dags/example_latest_only_with_trigger.py for tasks to queue
[2022-10-02T20:50:12.804+0000] {logging_mixin.py:117} INFO - [2022-10-02T20:50:12.804+0000] {dagbag.py:525} INFO - Filling up the DagBag from /home/airflow/.local/lib/python3.7/site-packages/airflow/example_dags/example_latest_only_with_trigger.py
[2022-10-02T20:50:12.887+0000] {processor.py:768} INFO - DAG(s) dict_keys(['latest_only_with_trigger']) retrieved from /home/airflow/.local/lib/python3.7/site-packages/airflow/example_dags/example_latest_only_with_trigger.py
[2022-10-02T20:50:13.100+0000] {logging_mixin.py:117} INFO - [2022-10-02T20:50:13.099+0000] {dag.py:2573} INFO - Sync 1 DAGs
[2022-10-02T20:50:13.322+0000] {logging_mixin.py:117} INFO - [2022-10-02T20:50:13.322+0000] {dag.py:3328} INFO - Setting next_dagrun for latest_only_with_trigger to 2022-10-02T16:50:13.322318+00:00, run_after=2022-10-02T20:50:13.322318+00:00
[2022-10-02T20:50:13.385+0000] {processor.py:178} INFO - Processing /home/airflow/.local/lib/python3.7/site-packages/airflow/example_dags/example_latest_only_with_trigger.py took 0.604 seconds
[2022-10-02T20:50:44.378+0000] {processor.py:156} INFO - Started process (PID=110) to work on /home/airflow/.local/lib/python3.7/site-packages/airflow/example_dags/example_latest_only_with_trigger.py
[2022-10-02T20:50:44.384+0000] {processor.py:758} INFO - Processing file /home/airflow/.local/lib/python3.7/site-packages/airflow/example_dags/example_latest_only_with_trigger.py for tasks to queue
[2022-10-02T20:50:44.387+0000] {logging_mixin.py:117} INFO - [2022-10-02T20:50:44.387+0000] {dagbag.py:525} INFO - Filling up the DagBag from /home/airflow/.local/lib/python3.7/site-packages/airflow/example_dags/example_latest_only_with_trigger.py
[2022-10-02T20:50:44.402+0000] {processor.py:768} INFO - DAG(s) dict_keys(['latest_only_with_trigger']) retrieved from /home/airflow/.local/lib/python3.7/site-packages/airflow/example_dags/example_latest_only_with_trigger.py
[2022-10-02T20:50:44.444+0000] {logging_mixin.py:117} INFO - [2022-10-02T20:50:44.444+0000] {dag.py:2573} INFO - Sync 1 DAGs
[2022-10-02T20:50:44.472+0000] {logging_mixin.py:117} INFO - [2022-10-02T20:50:44.472+0000] {dag.py:3328} INFO - Setting next_dagrun for latest_only_with_trigger to 2022-10-02T16:50:44.472121+00:00, run_after=2022-10-02T20:50:44.472121+00:00
[2022-10-02T20:50:44.501+0000] {processor.py:178} INFO - Processing /home/airflow/.local/lib/python3.7/site-packages/airflow/example_dags/example_latest_only_with_trigger.py took 0.126 seconds
[2022-10-02T20:51:15.207+0000] {processor.py:156} INFO - Started process (PID=175) to work on /home/airflow/.local/lib/python3.7/site-packages/airflow/example_dags/example_latest_only_with_trigger.py
[2022-10-02T20:51:15.209+0000] {processor.py:758} INFO - Processing file /home/airflow/.local/lib/python3.7/site-packages/airflow/example_dags/example_latest_only_with_trigger.py for tasks to queue
[2022-10-02T20:51:15.210+0000] {logging_mixin.py:117} INFO - [2022-10-02T20:51:15.210+0000] {dagbag.py:525} INFO - Filling up the DagBag from /home/airflow/.local/lib/python3.7/site-packages/airflow/example_dags/example_latest_only_with_trigger.py
[2022-10-02T20:51:15.220+0000] {processor.py:768} INFO - DAG(s) dict_keys(['latest_only_with_trigger']) retrieved from /home/airflow/.local/lib/python3.7/site-packages/airflow/example_dags/example_latest_only_with_trigger.py
[2022-10-02T20:51:15.246+0000] {logging_mixin.py:117} INFO - [2022-10-02T20:51:15.245+0000] {dag.py:2573} INFO - Sync 1 DAGs
[2022-10-02T20:51:15.267+0000] {logging_mixin.py:117} INFO - [2022-10-02T20:51:15.267+0000] {dag.py:3328} INFO - Setting next_dagrun for latest_only_with_trigger to 2022-10-02T16:51:15.267613+00:00, run_after=2022-10-02T20:51:15.267613+00:00
[2022-10-02T20:51:15.285+0000] {processor.py:178} INFO - Processing /home/airflow/.local/lib/python3.7/site-packages/airflow/example_dags/example_latest_only_with_trigger.py took 0.082 seconds
[2022-10-02T20:51:45.889+0000] {processor.py:156} INFO - Started process (PID=238) to work on /home/airflow/.local/lib/python3.7/site-packages/airflow/example_dags/example_latest_only_with_trigger.py
[2022-10-02T20:51:45.891+0000] {processor.py:758} INFO - Processing file /home/airflow/.local/lib/python3.7/site-packages/airflow/example_dags/example_latest_only_with_trigger.py for tasks to queue
[2022-10-02T20:51:45.893+0000] {logging_mixin.py:117} INFO - [2022-10-02T20:51:45.893+0000] {dagbag.py:525} INFO - Filling up the DagBag from /home/airflow/.local/lib/python3.7/site-packages/airflow/example_dags/example_latest_only_with_trigger.py
[2022-10-02T20:51:45.906+0000] {processor.py:768} INFO - DAG(s) dict_keys(['latest_only_with_trigger']) retrieved from /home/airflow/.local/lib/python3.7/site-packages/airflow/example_dags/example_latest_only_with_trigger.py
[2022-10-02T20:51:45.970+0000] {logging_mixin.py:117} INFO - [2022-10-02T20:51:45.970+0000] {dag.py:2573} INFO - Sync 1 DAGs
[2022-10-02T20:51:45.988+0000] {logging_mixin.py:117} INFO - [2022-10-02T20:51:45.988+0000] {dag.py:3328} INFO - Setting next_dagrun for latest_only_with_trigger to 2022-10-02T16:51:45.988629+00:00, run_after=2022-10-02T20:51:45.988629+00:00
[2022-10-02T20:51:46.013+0000] {processor.py:178} INFO - Processing /home/airflow/.local/lib/python3.7/site-packages/airflow/example_dags/example_latest_only_with_trigger.py took 0.127 seconds
[2022-10-02T20:52:16.394+0000] {processor.py:156} INFO - Started process (PID=299) to work on /home/airflow/.local/lib/python3.7/site-packages/airflow/example_dags/example_latest_only_with_trigger.py
[2022-10-02T20:52:16.396+0000] {processor.py:758} INFO - Processing file /home/airflow/.local/lib/python3.7/site-packages/airflow/example_dags/example_latest_only_with_trigger.py for tasks to queue
[2022-10-02T20:52:16.398+0000] {logging_mixin.py:117} INFO - [2022-10-02T20:52:16.398+0000] {dagbag.py:525} INFO - Filling up the DagBag from /home/airflow/.local/lib/python3.7/site-packages/airflow/example_dags/example_latest_only_with_trigger.py
[2022-10-02T20:52:16.410+0000] {processor.py:768} INFO - DAG(s) dict_keys(['latest_only_with_trigger']) retrieved from /home/airflow/.local/lib/python3.7/site-packages/airflow/example_dags/example_latest_only_with_trigger.py
[2022-10-02T20:52:16.453+0000] {logging_mixin.py:117} INFO - [2022-10-02T20:52:16.453+0000] {dag.py:2573} INFO - Sync 1 DAGs
[2022-10-02T20:52:16.471+0000] {logging_mixin.py:117} INFO - [2022-10-02T20:52:16.471+0000] {dag.py:3328} INFO - Setting next_dagrun for latest_only_with_trigger to 2022-10-02T16:52:16.471504+00:00, run_after=2022-10-02T20:52:16.471504+00:00
[2022-10-02T20:52:16.489+0000] {processor.py:178} INFO - Processing /home/airflow/.local/lib/python3.7/site-packages/airflow/example_dags/example_latest_only_with_trigger.py took 0.098 seconds
[2022-10-02T20:52:46.763+0000] {processor.py:156} INFO - Started process (PID=353) to work on /home/airflow/.local/lib/python3.7/site-packages/airflow/example_dags/example_latest_only_with_trigger.py
[2022-10-02T20:52:46.765+0000] {processor.py:758} INFO - Processing file /home/airflow/.local/lib/python3.7/site-packages/airflow/example_dags/example_latest_only_with_trigger.py for tasks to queue
[2022-10-02T20:52:46.767+0000] {logging_mixin.py:117} INFO - [2022-10-02T20:52:46.767+0000] {dagbag.py:525} INFO - Filling up the DagBag from /home/airflow/.local/lib/python3.7/site-packages/airflow/example_dags/example_latest_only_with_trigger.py
[2022-10-02T20:52:46.779+0000] {processor.py:768} INFO - DAG(s) dict_keys(['latest_only_with_trigger']) retrieved from /home/airflow/.local/lib/python3.7/site-packages/airflow/example_dags/example_latest_only_with_trigger.py
[2022-10-02T20:52:46.817+0000] {logging_mixin.py:117} INFO - [2022-10-02T20:52:46.817+0000] {dag.py:2573} INFO - Sync 1 DAGs
[2022-10-02T20:52:46.843+0000] {logging_mixin.py:117} INFO - [2022-10-02T20:52:46.843+0000] {dag.py:3328} INFO - Setting next_dagrun for latest_only_with_trigger to 2022-10-02T16:52:46.843412+00:00, run_after=2022-10-02T20:52:46.843412+00:00
[2022-10-02T20:52:46.858+0000] {processor.py:178} INFO - Processing /home/airflow/.local/lib/python3.7/site-packages/airflow/example_dags/example_latest_only_with_trigger.py took 0.099 seconds
[2022-10-02T20:54:19.371+0000] {processor.py:156} INFO - Started process (PID=47) to work on /home/airflow/.local/lib/python3.7/site-packages/airflow/example_dags/example_latest_only_with_trigger.py
[2022-10-02T20:54:19.375+0000] {processor.py:758} INFO - Processing file /home/airflow/.local/lib/python3.7/site-packages/airflow/example_dags/example_latest_only_with_trigger.py for tasks to queue
[2022-10-02T20:54:19.391+0000] {logging_mixin.py:117} INFO - [2022-10-02T20:54:19.391+0000] {dagbag.py:525} INFO - Filling up the DagBag from /home/airflow/.local/lib/python3.7/site-packages/airflow/example_dags/example_latest_only_with_trigger.py
[2022-10-02T20:54:19.417+0000] {processor.py:768} INFO - DAG(s) dict_keys(['latest_only_with_trigger']) retrieved from /home/airflow/.local/lib/python3.7/site-packages/airflow/example_dags/example_latest_only_with_trigger.py
[2022-10-02T20:54:19.455+0000] {logging_mixin.py:117} INFO - [2022-10-02T20:54:19.455+0000] {dag.py:2573} INFO - Sync 1 DAGs
[2022-10-02T20:54:19.491+0000] {logging_mixin.py:117} INFO - [2022-10-02T20:54:19.491+0000] {dag.py:3328} INFO - Setting next_dagrun for latest_only_with_trigger to 2022-10-02T16:54:19.491095+00:00, run_after=2022-10-02T20:54:19.491095+00:00
[2022-10-02T20:54:19.549+0000] {processor.py:178} INFO - Processing /home/airflow/.local/lib/python3.7/site-packages/airflow/example_dags/example_latest_only_with_trigger.py took 0.182 seconds
[2022-10-02T20:54:50.552+0000] {processor.py:156} INFO - Started process (PID=110) to work on /home/airflow/.local/lib/python3.7/site-packages/airflow/example_dags/example_latest_only_with_trigger.py
[2022-10-02T20:54:50.555+0000] {processor.py:758} INFO - Processing file /home/airflow/.local/lib/python3.7/site-packages/airflow/example_dags/example_latest_only_with_trigger.py for tasks to queue
[2022-10-02T20:54:50.556+0000] {logging_mixin.py:117} INFO - [2022-10-02T20:54:50.556+0000] {dagbag.py:525} INFO - Filling up the DagBag from /home/airflow/.local/lib/python3.7/site-packages/airflow/example_dags/example_latest_only_with_trigger.py
[2022-10-02T20:54:50.569+0000] {processor.py:768} INFO - DAG(s) dict_keys(['latest_only_with_trigger']) retrieved from /home/airflow/.local/lib/python3.7/site-packages/airflow/example_dags/example_latest_only_with_trigger.py
[2022-10-02T20:54:50.599+0000] {logging_mixin.py:117} INFO - [2022-10-02T20:54:50.599+0000] {dag.py:2573} INFO - Sync 1 DAGs
[2022-10-02T20:54:50.614+0000] {logging_mixin.py:117} INFO - [2022-10-02T20:54:50.614+0000] {dag.py:3328} INFO - Setting next_dagrun for latest_only_with_trigger to 2022-10-02T16:54:50.614167+00:00, run_after=2022-10-02T20:54:50.614167+00:00
[2022-10-02T20:54:50.627+0000] {processor.py:178} INFO - Processing /home/airflow/.local/lib/python3.7/site-packages/airflow/example_dags/example_latest_only_with_trigger.py took 0.078 seconds
[2022-10-02T20:56:37.605+0000] {processor.py:156} INFO - Started process (PID=48) to work on /home/airflow/.local/lib/python3.7/site-packages/airflow/example_dags/example_latest_only_with_trigger.py
[2022-10-02T20:56:37.610+0000] {processor.py:758} INFO - Processing file /home/airflow/.local/lib/python3.7/site-packages/airflow/example_dags/example_latest_only_with_trigger.py for tasks to queue
[2022-10-02T20:56:37.613+0000] {logging_mixin.py:117} INFO - [2022-10-02T20:56:37.613+0000] {dagbag.py:525} INFO - Filling up the DagBag from /home/airflow/.local/lib/python3.7/site-packages/airflow/example_dags/example_latest_only_with_trigger.py
[2022-10-02T20:56:37.641+0000] {processor.py:768} INFO - DAG(s) dict_keys(['latest_only_with_trigger']) retrieved from /home/airflow/.local/lib/python3.7/site-packages/airflow/example_dags/example_latest_only_with_trigger.py
[2022-10-02T20:56:37.705+0000] {logging_mixin.py:117} INFO - [2022-10-02T20:56:37.705+0000] {dag.py:2573} INFO - Sync 1 DAGs
[2022-10-02T20:56:37.747+0000] {logging_mixin.py:117} INFO - [2022-10-02T20:56:37.747+0000] {dag.py:3328} INFO - Setting next_dagrun for latest_only_with_trigger to 2022-10-02T16:56:37.747333+00:00, run_after=2022-10-02T20:56:37.747333+00:00
[2022-10-02T20:56:37.776+0000] {processor.py:178} INFO - Processing /home/airflow/.local/lib/python3.7/site-packages/airflow/example_dags/example_latest_only_with_trigger.py took 0.174 seconds
[2022-10-02T20:57:07.852+0000] {processor.py:156} INFO - Started process (PID=111) to work on /home/airflow/.local/lib/python3.7/site-packages/airflow/example_dags/example_latest_only_with_trigger.py
[2022-10-02T20:57:07.858+0000] {processor.py:758} INFO - Processing file /home/airflow/.local/lib/python3.7/site-packages/airflow/example_dags/example_latest_only_with_trigger.py for tasks to queue
[2022-10-02T20:57:07.859+0000] {logging_mixin.py:117} INFO - [2022-10-02T20:57:07.859+0000] {dagbag.py:525} INFO - Filling up the DagBag from /home/airflow/.local/lib/python3.7/site-packages/airflow/example_dags/example_latest_only_with_trigger.py
[2022-10-02T20:57:07.870+0000] {processor.py:768} INFO - DAG(s) dict_keys(['latest_only_with_trigger']) retrieved from /home/airflow/.local/lib/python3.7/site-packages/airflow/example_dags/example_latest_only_with_trigger.py
[2022-10-02T20:57:07.900+0000] {logging_mixin.py:117} INFO - [2022-10-02T20:57:07.900+0000] {dag.py:2573} INFO - Sync 1 DAGs
[2022-10-02T20:57:07.917+0000] {logging_mixin.py:117} INFO - [2022-10-02T20:57:07.917+0000] {dag.py:3328} INFO - Setting next_dagrun for latest_only_with_trigger to 2022-10-02T16:57:07.917181+00:00, run_after=2022-10-02T20:57:07.917181+00:00
[2022-10-02T20:57:07.930+0000] {processor.py:178} INFO - Processing /home/airflow/.local/lib/python3.7/site-packages/airflow/example_dags/example_latest_only_with_trigger.py took 0.082 seconds
[2022-10-02T20:57:38.843+0000] {processor.py:156} INFO - Started process (PID=175) to work on /home/airflow/.local/lib/python3.7/site-packages/airflow/example_dags/example_latest_only_with_trigger.py
[2022-10-02T20:57:38.846+0000] {processor.py:758} INFO - Processing file /home/airflow/.local/lib/python3.7/site-packages/airflow/example_dags/example_latest_only_with_trigger.py for tasks to queue
[2022-10-02T20:57:38.848+0000] {logging_mixin.py:117} INFO - [2022-10-02T20:57:38.848+0000] {dagbag.py:525} INFO - Filling up the DagBag from /home/airflow/.local/lib/python3.7/site-packages/airflow/example_dags/example_latest_only_with_trigger.py
[2022-10-02T20:57:38.866+0000] {processor.py:768} INFO - DAG(s) dict_keys(['latest_only_with_trigger']) retrieved from /home/airflow/.local/lib/python3.7/site-packages/airflow/example_dags/example_latest_only_with_trigger.py
[2022-10-02T20:57:38.900+0000] {logging_mixin.py:117} INFO - [2022-10-02T20:57:38.900+0000] {dag.py:2573} INFO - Sync 1 DAGs
[2022-10-02T20:57:38.918+0000] {logging_mixin.py:117} INFO - [2022-10-02T20:57:38.918+0000] {dag.py:3328} INFO - Setting next_dagrun for latest_only_with_trigger to 2022-10-02T16:57:38.918111+00:00, run_after=2022-10-02T20:57:38.918111+00:00
[2022-10-02T20:57:38.936+0000] {processor.py:178} INFO - Processing /home/airflow/.local/lib/python3.7/site-packages/airflow/example_dags/example_latest_only_with_trigger.py took 0.097 seconds
[2022-10-02T20:58:09.281+0000] {processor.py:156} INFO - Started process (PID=237) to work on /home/airflow/.local/lib/python3.7/site-packages/airflow/example_dags/example_latest_only_with_trigger.py
[2022-10-02T20:58:09.283+0000] {processor.py:758} INFO - Processing file /home/airflow/.local/lib/python3.7/site-packages/airflow/example_dags/example_latest_only_with_trigger.py for tasks to queue
[2022-10-02T20:58:09.284+0000] {logging_mixin.py:117} INFO - [2022-10-02T20:58:09.284+0000] {dagbag.py:525} INFO - Filling up the DagBag from /home/airflow/.local/lib/python3.7/site-packages/airflow/example_dags/example_latest_only_with_trigger.py
[2022-10-02T20:58:09.294+0000] {processor.py:768} INFO - DAG(s) dict_keys(['latest_only_with_trigger']) retrieved from /home/airflow/.local/lib/python3.7/site-packages/airflow/example_dags/example_latest_only_with_trigger.py
[2022-10-02T20:58:09.326+0000] {logging_mixin.py:117} INFO - [2022-10-02T20:58:09.325+0000] {dag.py:2573} INFO - Sync 1 DAGs
[2022-10-02T20:58:09.341+0000] {logging_mixin.py:117} INFO - [2022-10-02T20:58:09.341+0000] {dag.py:3328} INFO - Setting next_dagrun for latest_only_with_trigger to 2022-10-02T16:58:09.341684+00:00, run_after=2022-10-02T20:58:09.341684+00:00
[2022-10-02T20:58:09.353+0000] {processor.py:178} INFO - Processing /home/airflow/.local/lib/python3.7/site-packages/airflow/example_dags/example_latest_only_with_trigger.py took 0.074 seconds
[2022-10-02T20:58:39.893+0000] {processor.py:156} INFO - Started process (PID=301) to work on /home/airflow/.local/lib/python3.7/site-packages/airflow/example_dags/example_latest_only_with_trigger.py
[2022-10-02T20:58:39.895+0000] {processor.py:758} INFO - Processing file /home/airflow/.local/lib/python3.7/site-packages/airflow/example_dags/example_latest_only_with_trigger.py for tasks to queue
[2022-10-02T20:58:39.897+0000] {logging_mixin.py:117} INFO - [2022-10-02T20:58:39.897+0000] {dagbag.py:525} INFO - Filling up the DagBag from /home/airflow/.local/lib/python3.7/site-packages/airflow/example_dags/example_latest_only_with_trigger.py
[2022-10-02T20:58:39.910+0000] {processor.py:768} INFO - DAG(s) dict_keys(['latest_only_with_trigger']) retrieved from /home/airflow/.local/lib/python3.7/site-packages/airflow/example_dags/example_latest_only_with_trigger.py
[2022-10-02T20:58:39.947+0000] {logging_mixin.py:117} INFO - [2022-10-02T20:58:39.946+0000] {dag.py:2573} INFO - Sync 1 DAGs
[2022-10-02T20:58:39.966+0000] {logging_mixin.py:117} INFO - [2022-10-02T20:58:39.966+0000] {dag.py:3328} INFO - Setting next_dagrun for latest_only_with_trigger to 2022-10-02T16:58:39.966346+00:00, run_after=2022-10-02T20:58:39.966346+00:00
[2022-10-02T20:58:39.992+0000] {processor.py:178} INFO - Processing /home/airflow/.local/lib/python3.7/site-packages/airflow/example_dags/example_latest_only_with_trigger.py took 0.104 seconds
[2022-10-02T20:59:10.206+0000] {processor.py:156} INFO - Started process (PID=355) to work on /home/airflow/.local/lib/python3.7/site-packages/airflow/example_dags/example_latest_only_with_trigger.py
[2022-10-02T20:59:10.208+0000] {processor.py:758} INFO - Processing file /home/airflow/.local/lib/python3.7/site-packages/airflow/example_dags/example_latest_only_with_trigger.py for tasks to queue
[2022-10-02T20:59:10.209+0000] {logging_mixin.py:117} INFO - [2022-10-02T20:59:10.209+0000] {dagbag.py:525} INFO - Filling up the DagBag from /home/airflow/.local/lib/python3.7/site-packages/airflow/example_dags/example_latest_only_with_trigger.py
[2022-10-02T20:59:10.218+0000] {processor.py:768} INFO - DAG(s) dict_keys(['latest_only_with_trigger']) retrieved from /home/airflow/.local/lib/python3.7/site-packages/airflow/example_dags/example_latest_only_with_trigger.py
[2022-10-02T20:59:10.244+0000] {logging_mixin.py:117} INFO - [2022-10-02T20:59:10.244+0000] {dag.py:2573} INFO - Sync 1 DAGs
[2022-10-02T20:59:10.259+0000] {logging_mixin.py:117} INFO - [2022-10-02T20:59:10.259+0000] {dag.py:3328} INFO - Setting next_dagrun for latest_only_with_trigger to 2022-10-02T16:59:10.259249+00:00, run_after=2022-10-02T20:59:10.259249+00:00
[2022-10-02T20:59:10.271+0000] {processor.py:178} INFO - Processing /home/airflow/.local/lib/python3.7/site-packages/airflow/example_dags/example_latest_only_with_trigger.py took 0.067 seconds
[2022-10-02T20:59:40.640+0000] {processor.py:156} INFO - Started process (PID=417) to work on /home/airflow/.local/lib/python3.7/site-packages/airflow/example_dags/example_latest_only_with_trigger.py
[2022-10-02T20:59:40.641+0000] {processor.py:758} INFO - Processing file /home/airflow/.local/lib/python3.7/site-packages/airflow/example_dags/example_latest_only_with_trigger.py for tasks to queue
[2022-10-02T20:59:40.642+0000] {logging_mixin.py:117} INFO - [2022-10-02T20:59:40.642+0000] {dagbag.py:525} INFO - Filling up the DagBag from /home/airflow/.local/lib/python3.7/site-packages/airflow/example_dags/example_latest_only_with_trigger.py
[2022-10-02T20:59:40.653+0000] {processor.py:768} INFO - DAG(s) dict_keys(['latest_only_with_trigger']) retrieved from /home/airflow/.local/lib/python3.7/site-packages/airflow/example_dags/example_latest_only_with_trigger.py
[2022-10-02T20:59:40.680+0000] {logging_mixin.py:117} INFO - [2022-10-02T20:59:40.680+0000] {dag.py:2573} INFO - Sync 1 DAGs
[2022-10-02T20:59:40.714+0000] {logging_mixin.py:117} INFO - [2022-10-02T20:59:40.714+0000] {dag.py:3328} INFO - Setting next_dagrun for latest_only_with_trigger to 2022-10-02T16:59:40.714121+00:00, run_after=2022-10-02T20:59:40.714121+00:00
[2022-10-02T20:59:40.729+0000] {processor.py:178} INFO - Processing /home/airflow/.local/lib/python3.7/site-packages/airflow/example_dags/example_latest_only_with_trigger.py took 0.092 seconds
[2022-10-02T21:00:11.733+0000] {processor.py:156} INFO - Started process (PID=480) to work on /home/airflow/.local/lib/python3.7/site-packages/airflow/example_dags/example_latest_only_with_trigger.py
[2022-10-02T21:00:11.734+0000] {processor.py:758} INFO - Processing file /home/airflow/.local/lib/python3.7/site-packages/airflow/example_dags/example_latest_only_with_trigger.py for tasks to queue
[2022-10-02T21:00:11.736+0000] {logging_mixin.py:117} INFO - [2022-10-02T21:00:11.735+0000] {dagbag.py:525} INFO - Filling up the DagBag from /home/airflow/.local/lib/python3.7/site-packages/airflow/example_dags/example_latest_only_with_trigger.py
[2022-10-02T21:00:11.745+0000] {processor.py:768} INFO - DAG(s) dict_keys(['latest_only_with_trigger']) retrieved from /home/airflow/.local/lib/python3.7/site-packages/airflow/example_dags/example_latest_only_with_trigger.py
[2022-10-02T21:00:11.773+0000] {logging_mixin.py:117} INFO - [2022-10-02T21:00:11.773+0000] {dag.py:2573} INFO - Sync 1 DAGs
[2022-10-02T21:00:11.788+0000] {logging_mixin.py:117} INFO - [2022-10-02T21:00:11.788+0000] {dag.py:3328} INFO - Setting next_dagrun for latest_only_with_trigger to 2022-10-02T17:00:11.788776+00:00, run_after=2022-10-02T21:00:11.788776+00:00
[2022-10-02T21:00:11.801+0000] {processor.py:178} INFO - Processing /home/airflow/.local/lib/python3.7/site-packages/airflow/example_dags/example_latest_only_with_trigger.py took 0.070 seconds
[2022-10-02T21:00:42.876+0000] {processor.py:156} INFO - Started process (PID=543) to work on /home/airflow/.local/lib/python3.7/site-packages/airflow/example_dags/example_latest_only_with_trigger.py
[2022-10-02T21:00:42.878+0000] {processor.py:758} INFO - Processing file /home/airflow/.local/lib/python3.7/site-packages/airflow/example_dags/example_latest_only_with_trigger.py for tasks to queue
[2022-10-02T21:00:42.879+0000] {logging_mixin.py:117} INFO - [2022-10-02T21:00:42.879+0000] {dagbag.py:525} INFO - Filling up the DagBag from /home/airflow/.local/lib/python3.7/site-packages/airflow/example_dags/example_latest_only_with_trigger.py
[2022-10-02T21:00:42.891+0000] {processor.py:768} INFO - DAG(s) dict_keys(['latest_only_with_trigger']) retrieved from /home/airflow/.local/lib/python3.7/site-packages/airflow/example_dags/example_latest_only_with_trigger.py
[2022-10-02T21:00:42.917+0000] {logging_mixin.py:117} INFO - [2022-10-02T21:00:42.917+0000] {dag.py:2573} INFO - Sync 1 DAGs
[2022-10-02T21:00:42.934+0000] {logging_mixin.py:117} INFO - [2022-10-02T21:00:42.934+0000] {dag.py:3328} INFO - Setting next_dagrun for latest_only_with_trigger to 2022-10-02T17:00:42.934418+00:00, run_after=2022-10-02T21:00:42.934418+00:00
[2022-10-02T21:00:42.946+0000] {processor.py:178} INFO - Processing /home/airflow/.local/lib/python3.7/site-packages/airflow/example_dags/example_latest_only_with_trigger.py took 0.073 seconds
[2022-10-02T21:01:13.866+0000] {processor.py:156} INFO - Started process (PID=606) to work on /home/airflow/.local/lib/python3.7/site-packages/airflow/example_dags/example_latest_only_with_trigger.py
[2022-10-02T21:01:13.867+0000] {processor.py:758} INFO - Processing file /home/airflow/.local/lib/python3.7/site-packages/airflow/example_dags/example_latest_only_with_trigger.py for tasks to queue
[2022-10-02T21:01:13.869+0000] {logging_mixin.py:117} INFO - [2022-10-02T21:01:13.869+0000] {dagbag.py:525} INFO - Filling up the DagBag from /home/airflow/.local/lib/python3.7/site-packages/airflow/example_dags/example_latest_only_with_trigger.py
[2022-10-02T21:01:13.879+0000] {processor.py:768} INFO - DAG(s) dict_keys(['latest_only_with_trigger']) retrieved from /home/airflow/.local/lib/python3.7/site-packages/airflow/example_dags/example_latest_only_with_trigger.py
[2022-10-02T21:01:13.907+0000] {logging_mixin.py:117} INFO - [2022-10-02T21:01:13.907+0000] {dag.py:2573} INFO - Sync 1 DAGs
[2022-10-02T21:01:13.923+0000] {logging_mixin.py:117} INFO - [2022-10-02T21:01:13.922+0000] {dag.py:3328} INFO - Setting next_dagrun for latest_only_with_trigger to 2022-10-02T17:01:13.922718+00:00, run_after=2022-10-02T21:01:13.922718+00:00
[2022-10-02T21:01:13.936+0000] {processor.py:178} INFO - Processing /home/airflow/.local/lib/python3.7/site-packages/airflow/example_dags/example_latest_only_with_trigger.py took 0.073 seconds
[2022-10-02T21:01:44.694+0000] {processor.py:156} INFO - Started process (PID=668) to work on /home/airflow/.local/lib/python3.7/site-packages/airflow/example_dags/example_latest_only_with_trigger.py
[2022-10-02T21:01:44.695+0000] {processor.py:758} INFO - Processing file /home/airflow/.local/lib/python3.7/site-packages/airflow/example_dags/example_latest_only_with_trigger.py for tasks to queue
[2022-10-02T21:01:44.696+0000] {logging_mixin.py:117} INFO - [2022-10-02T21:01:44.696+0000] {dagbag.py:525} INFO - Filling up the DagBag from /home/airflow/.local/lib/python3.7/site-packages/airflow/example_dags/example_latest_only_with_trigger.py
[2022-10-02T21:01:44.709+0000] {processor.py:768} INFO - DAG(s) dict_keys(['latest_only_with_trigger']) retrieved from /home/airflow/.local/lib/python3.7/site-packages/airflow/example_dags/example_latest_only_with_trigger.py
[2022-10-02T21:01:44.742+0000] {logging_mixin.py:117} INFO - [2022-10-02T21:01:44.742+0000] {dag.py:2573} INFO - Sync 1 DAGs
[2022-10-02T21:01:44.764+0000] {logging_mixin.py:117} INFO - [2022-10-02T21:01:44.763+0000] {dag.py:3328} INFO - Setting next_dagrun for latest_only_with_trigger to 2022-10-02T17:01:44.763635+00:00, run_after=2022-10-02T21:01:44.763635+00:00
[2022-10-02T21:01:44.787+0000] {processor.py:178} INFO - Processing /home/airflow/.local/lib/python3.7/site-packages/airflow/example_dags/example_latest_only_with_trigger.py took 0.096 seconds
[2022-10-02T21:02:15.262+0000] {processor.py:156} INFO - Started process (PID=722) to work on /home/airflow/.local/lib/python3.7/site-packages/airflow/example_dags/example_latest_only_with_trigger.py
[2022-10-02T21:02:15.263+0000] {processor.py:758} INFO - Processing file /home/airflow/.local/lib/python3.7/site-packages/airflow/example_dags/example_latest_only_with_trigger.py for tasks to queue
[2022-10-02T21:02:15.264+0000] {logging_mixin.py:117} INFO - [2022-10-02T21:02:15.264+0000] {dagbag.py:525} INFO - Filling up the DagBag from /home/airflow/.local/lib/python3.7/site-packages/airflow/example_dags/example_latest_only_with_trigger.py
[2022-10-02T21:02:15.274+0000] {processor.py:768} INFO - DAG(s) dict_keys(['latest_only_with_trigger']) retrieved from /home/airflow/.local/lib/python3.7/site-packages/airflow/example_dags/example_latest_only_with_trigger.py
[2022-10-02T21:02:15.301+0000] {logging_mixin.py:117} INFO - [2022-10-02T21:02:15.301+0000] {dag.py:2573} INFO - Sync 1 DAGs
[2022-10-02T21:02:15.317+0000] {logging_mixin.py:117} INFO - [2022-10-02T21:02:15.317+0000] {dag.py:3328} INFO - Setting next_dagrun for latest_only_with_trigger to 2022-10-02T17:02:15.316966+00:00, run_after=2022-10-02T21:02:15.316966+00:00
[2022-10-02T21:02:15.330+0000] {processor.py:178} INFO - Processing /home/airflow/.local/lib/python3.7/site-packages/airflow/example_dags/example_latest_only_with_trigger.py took 0.072 seconds
[2022-10-02T21:02:47.222+0000] {processor.py:156} INFO - Started process (PID=785) to work on /home/airflow/.local/lib/python3.7/site-packages/airflow/example_dags/example_latest_only_with_trigger.py
[2022-10-02T21:02:47.231+0000] {processor.py:758} INFO - Processing file /home/airflow/.local/lib/python3.7/site-packages/airflow/example_dags/example_latest_only_with_trigger.py for tasks to queue
[2022-10-02T21:02:47.236+0000] {logging_mixin.py:117} INFO - [2022-10-02T21:02:47.235+0000] {dagbag.py:525} INFO - Filling up the DagBag from /home/airflow/.local/lib/python3.7/site-packages/airflow/example_dags/example_latest_only_with_trigger.py
[2022-10-02T21:02:47.271+0000] {processor.py:768} INFO - DAG(s) dict_keys(['latest_only_with_trigger']) retrieved from /home/airflow/.local/lib/python3.7/site-packages/airflow/example_dags/example_latest_only_with_trigger.py
[2022-10-02T21:02:47.414+0000] {logging_mixin.py:117} INFO - [2022-10-02T21:02:47.414+0000] {dag.py:2573} INFO - Sync 1 DAGs
[2022-10-02T21:02:47.606+0000] {logging_mixin.py:117} INFO - [2022-10-02T21:02:47.605+0000] {dag.py:3328} INFO - Setting next_dagrun for latest_only_with_trigger to 2022-10-02T17:02:47.605675+00:00, run_after=2022-10-02T21:02:47.605675+00:00
[2022-10-02T21:02:47.824+0000] {processor.py:178} INFO - Processing /home/airflow/.local/lib/python3.7/site-packages/airflow/example_dags/example_latest_only_with_trigger.py took 0.606 seconds
[2022-10-02T21:03:17.964+0000] {processor.py:156} INFO - Started process (PID=849) to work on /home/airflow/.local/lib/python3.7/site-packages/airflow/example_dags/example_latest_only_with_trigger.py
[2022-10-02T21:03:17.966+0000] {processor.py:758} INFO - Processing file /home/airflow/.local/lib/python3.7/site-packages/airflow/example_dags/example_latest_only_with_trigger.py for tasks to queue
[2022-10-02T21:03:17.967+0000] {logging_mixin.py:117} INFO - [2022-10-02T21:03:17.967+0000] {dagbag.py:525} INFO - Filling up the DagBag from /home/airflow/.local/lib/python3.7/site-packages/airflow/example_dags/example_latest_only_with_trigger.py
[2022-10-02T21:03:17.981+0000] {processor.py:768} INFO - DAG(s) dict_keys(['latest_only_with_trigger']) retrieved from /home/airflow/.local/lib/python3.7/site-packages/airflow/example_dags/example_latest_only_with_trigger.py
[2022-10-02T21:03:18.016+0000] {logging_mixin.py:117} INFO - [2022-10-02T21:03:18.016+0000] {dag.py:2573} INFO - Sync 1 DAGs
[2022-10-02T21:03:18.036+0000] {logging_mixin.py:117} INFO - [2022-10-02T21:03:18.036+0000] {dag.py:3328} INFO - Setting next_dagrun for latest_only_with_trigger to 2022-10-02T17:03:18.035923+00:00, run_after=2022-10-02T21:03:18.035923+00:00
[2022-10-02T21:03:18.051+0000] {processor.py:178} INFO - Processing /home/airflow/.local/lib/python3.7/site-packages/airflow/example_dags/example_latest_only_with_trigger.py took 0.090 seconds
[2022-10-02T21:03:48.607+0000] {processor.py:156} INFO - Started process (PID=911) to work on /home/airflow/.local/lib/python3.7/site-packages/airflow/example_dags/example_latest_only_with_trigger.py
[2022-10-02T21:03:48.610+0000] {processor.py:758} INFO - Processing file /home/airflow/.local/lib/python3.7/site-packages/airflow/example_dags/example_latest_only_with_trigger.py for tasks to queue
[2022-10-02T21:03:48.611+0000] {logging_mixin.py:117} INFO - [2022-10-02T21:03:48.611+0000] {dagbag.py:525} INFO - Filling up the DagBag from /home/airflow/.local/lib/python3.7/site-packages/airflow/example_dags/example_latest_only_with_trigger.py
[2022-10-02T21:03:48.621+0000] {processor.py:768} INFO - DAG(s) dict_keys(['latest_only_with_trigger']) retrieved from /home/airflow/.local/lib/python3.7/site-packages/airflow/example_dags/example_latest_only_with_trigger.py
[2022-10-02T21:03:48.648+0000] {logging_mixin.py:117} INFO - [2022-10-02T21:03:48.648+0000] {dag.py:2573} INFO - Sync 1 DAGs
[2022-10-02T21:03:48.664+0000] {logging_mixin.py:117} INFO - [2022-10-02T21:03:48.664+0000] {dag.py:3328} INFO - Setting next_dagrun for latest_only_with_trigger to 2022-10-02T17:03:48.664129+00:00, run_after=2022-10-02T21:03:48.664129+00:00
[2022-10-02T21:03:48.679+0000] {processor.py:178} INFO - Processing /home/airflow/.local/lib/python3.7/site-packages/airflow/example_dags/example_latest_only_with_trigger.py took 0.074 seconds
[2022-10-02T21:04:19.211+0000] {processor.py:156} INFO - Started process (PID=973) to work on /home/airflow/.local/lib/python3.7/site-packages/airflow/example_dags/example_latest_only_with_trigger.py
[2022-10-02T21:04:19.212+0000] {processor.py:758} INFO - Processing file /home/airflow/.local/lib/python3.7/site-packages/airflow/example_dags/example_latest_only_with_trigger.py for tasks to queue
[2022-10-02T21:04:19.214+0000] {logging_mixin.py:117} INFO - [2022-10-02T21:04:19.214+0000] {dagbag.py:525} INFO - Filling up the DagBag from /home/airflow/.local/lib/python3.7/site-packages/airflow/example_dags/example_latest_only_with_trigger.py
[2022-10-02T21:04:19.224+0000] {processor.py:768} INFO - DAG(s) dict_keys(['latest_only_with_trigger']) retrieved from /home/airflow/.local/lib/python3.7/site-packages/airflow/example_dags/example_latest_only_with_trigger.py
[2022-10-02T21:04:19.257+0000] {logging_mixin.py:117} INFO - [2022-10-02T21:04:19.256+0000] {dag.py:2573} INFO - Sync 1 DAGs
[2022-10-02T21:04:19.277+0000] {logging_mixin.py:117} INFO - [2022-10-02T21:04:19.277+0000] {dag.py:3328} INFO - Setting next_dagrun for latest_only_with_trigger to 2022-10-02T17:04:19.276140+00:00, run_after=2022-10-02T21:04:19.276140+00:00
[2022-10-02T21:04:19.293+0000] {processor.py:178} INFO - Processing /home/airflow/.local/lib/python3.7/site-packages/airflow/example_dags/example_latest_only_with_trigger.py took 0.084 seconds
[2022-10-02T21:05:09.338+0000] {processor.py:156} INFO - Started process (PID=48) to work on /home/airflow/.local/lib/python3.7/site-packages/airflow/example_dags/example_latest_only_with_trigger.py
[2022-10-02T21:05:09.341+0000] {processor.py:758} INFO - Processing file /home/airflow/.local/lib/python3.7/site-packages/airflow/example_dags/example_latest_only_with_trigger.py for tasks to queue
[2022-10-02T21:05:09.343+0000] {logging_mixin.py:117} INFO - [2022-10-02T21:05:09.343+0000] {dagbag.py:525} INFO - Filling up the DagBag from /home/airflow/.local/lib/python3.7/site-packages/airflow/example_dags/example_latest_only_with_trigger.py
[2022-10-02T21:05:09.358+0000] {processor.py:768} INFO - DAG(s) dict_keys(['latest_only_with_trigger']) retrieved from /home/airflow/.local/lib/python3.7/site-packages/airflow/example_dags/example_latest_only_with_trigger.py
[2022-10-02T21:05:09.386+0000] {logging_mixin.py:117} INFO - [2022-10-02T21:05:09.385+0000] {dag.py:2573} INFO - Sync 1 DAGs
[2022-10-02T21:05:09.411+0000] {logging_mixin.py:117} INFO - [2022-10-02T21:05:09.411+0000] {dag.py:3328} INFO - Setting next_dagrun for latest_only_with_trigger to 2022-10-02T17:05:09.411481+00:00, run_after=2022-10-02T21:05:09.411481+00:00
[2022-10-02T21:05:09.438+0000] {processor.py:178} INFO - Processing /home/airflow/.local/lib/python3.7/site-packages/airflow/example_dags/example_latest_only_with_trigger.py took 0.103 seconds
[2022-10-02T21:05:40.167+0000] {processor.py:156} INFO - Started process (PID=112) to work on /home/airflow/.local/lib/python3.7/site-packages/airflow/example_dags/example_latest_only_with_trigger.py
[2022-10-02T21:05:40.168+0000] {processor.py:758} INFO - Processing file /home/airflow/.local/lib/python3.7/site-packages/airflow/example_dags/example_latest_only_with_trigger.py for tasks to queue
[2022-10-02T21:05:40.170+0000] {logging_mixin.py:117} INFO - [2022-10-02T21:05:40.169+0000] {dagbag.py:525} INFO - Filling up the DagBag from /home/airflow/.local/lib/python3.7/site-packages/airflow/example_dags/example_latest_only_with_trigger.py
[2022-10-02T21:05:40.178+0000] {processor.py:768} INFO - DAG(s) dict_keys(['latest_only_with_trigger']) retrieved from /home/airflow/.local/lib/python3.7/site-packages/airflow/example_dags/example_latest_only_with_trigger.py
[2022-10-02T21:05:40.204+0000] {logging_mixin.py:117} INFO - [2022-10-02T21:05:40.204+0000] {dag.py:2573} INFO - Sync 1 DAGs
[2022-10-02T21:05:40.219+0000] {logging_mixin.py:117} INFO - [2022-10-02T21:05:40.219+0000] {dag.py:3328} INFO - Setting next_dagrun for latest_only_with_trigger to 2022-10-02T17:05:40.219702+00:00, run_after=2022-10-02T21:05:40.219702+00:00
[2022-10-02T21:05:40.232+0000] {processor.py:178} INFO - Processing /home/airflow/.local/lib/python3.7/site-packages/airflow/example_dags/example_latest_only_with_trigger.py took 0.069 seconds
[2022-10-02T21:06:10.316+0000] {processor.py:156} INFO - Started process (PID=177) to work on /home/airflow/.local/lib/python3.7/site-packages/airflow/example_dags/example_latest_only_with_trigger.py
[2022-10-02T21:06:10.318+0000] {processor.py:758} INFO - Processing file /home/airflow/.local/lib/python3.7/site-packages/airflow/example_dags/example_latest_only_with_trigger.py for tasks to queue
[2022-10-02T21:06:10.319+0000] {logging_mixin.py:117} INFO - [2022-10-02T21:06:10.319+0000] {dagbag.py:525} INFO - Filling up the DagBag from /home/airflow/.local/lib/python3.7/site-packages/airflow/example_dags/example_latest_only_with_trigger.py
[2022-10-02T21:06:10.328+0000] {processor.py:768} INFO - DAG(s) dict_keys(['latest_only_with_trigger']) retrieved from /home/airflow/.local/lib/python3.7/site-packages/airflow/example_dags/example_latest_only_with_trigger.py
[2022-10-02T21:06:10.353+0000] {logging_mixin.py:117} INFO - [2022-10-02T21:06:10.353+0000] {dag.py:2573} INFO - Sync 1 DAGs
[2022-10-02T21:06:10.367+0000] {logging_mixin.py:117} INFO - [2022-10-02T21:06:10.367+0000] {dag.py:3328} INFO - Setting next_dagrun for latest_only_with_trigger to 2022-10-02T17:06:10.367173+00:00, run_after=2022-10-02T21:06:10.367173+00:00
[2022-10-02T21:06:10.380+0000] {processor.py:178} INFO - Processing /home/airflow/.local/lib/python3.7/site-packages/airflow/example_dags/example_latest_only_with_trigger.py took 0.065 seconds
[2022-10-02T21:06:40.598+0000] {processor.py:156} INFO - Started process (PID=240) to work on /home/airflow/.local/lib/python3.7/site-packages/airflow/example_dags/example_latest_only_with_trigger.py
[2022-10-02T21:06:40.599+0000] {processor.py:758} INFO - Processing file /home/airflow/.local/lib/python3.7/site-packages/airflow/example_dags/example_latest_only_with_trigger.py for tasks to queue
[2022-10-02T21:06:40.600+0000] {logging_mixin.py:117} INFO - [2022-10-02T21:06:40.600+0000] {dagbag.py:525} INFO - Filling up the DagBag from /home/airflow/.local/lib/python3.7/site-packages/airflow/example_dags/example_latest_only_with_trigger.py
[2022-10-02T21:06:40.610+0000] {processor.py:768} INFO - DAG(s) dict_keys(['latest_only_with_trigger']) retrieved from /home/airflow/.local/lib/python3.7/site-packages/airflow/example_dags/example_latest_only_with_trigger.py
[2022-10-02T21:06:40.637+0000] {logging_mixin.py:117} INFO - [2022-10-02T21:06:40.637+0000] {dag.py:2573} INFO - Sync 1 DAGs
[2022-10-02T21:06:40.653+0000] {logging_mixin.py:117} INFO - [2022-10-02T21:06:40.653+0000] {dag.py:3328} INFO - Setting next_dagrun for latest_only_with_trigger to 2022-10-02T17:06:40.653527+00:00, run_after=2022-10-02T21:06:40.653527+00:00
[2022-10-02T21:06:40.666+0000] {processor.py:178} INFO - Processing /home/airflow/.local/lib/python3.7/site-packages/airflow/example_dags/example_latest_only_with_trigger.py took 0.070 seconds
[2022-10-02T21:07:11.879+0000] {processor.py:156} INFO - Started process (PID=303) to work on /home/airflow/.local/lib/python3.7/site-packages/airflow/example_dags/example_latest_only_with_trigger.py
[2022-10-02T21:07:11.881+0000] {processor.py:758} INFO - Processing file /home/airflow/.local/lib/python3.7/site-packages/airflow/example_dags/example_latest_only_with_trigger.py for tasks to queue
[2022-10-02T21:07:11.882+0000] {logging_mixin.py:117} INFO - [2022-10-02T21:07:11.882+0000] {dagbag.py:525} INFO - Filling up the DagBag from /home/airflow/.local/lib/python3.7/site-packages/airflow/example_dags/example_latest_only_with_trigger.py
[2022-10-02T21:07:11.892+0000] {processor.py:768} INFO - DAG(s) dict_keys(['latest_only_with_trigger']) retrieved from /home/airflow/.local/lib/python3.7/site-packages/airflow/example_dags/example_latest_only_with_trigger.py
[2022-10-02T21:07:11.919+0000] {logging_mixin.py:117} INFO - [2022-10-02T21:07:11.919+0000] {dag.py:2573} INFO - Sync 1 DAGs
[2022-10-02T21:07:11.946+0000] {logging_mixin.py:117} INFO - [2022-10-02T21:07:11.946+0000] {dag.py:3328} INFO - Setting next_dagrun for latest_only_with_trigger to 2022-10-02T17:07:11.946045+00:00, run_after=2022-10-02T21:07:11.946045+00:00
[2022-10-02T21:07:11.962+0000] {processor.py:178} INFO - Processing /home/airflow/.local/lib/python3.7/site-packages/airflow/example_dags/example_latest_only_with_trigger.py took 0.084 seconds
[2022-10-02T21:07:42.414+0000] {processor.py:156} INFO - Started process (PID=357) to work on /home/airflow/.local/lib/python3.7/site-packages/airflow/example_dags/example_latest_only_with_trigger.py
[2022-10-02T21:07:42.415+0000] {processor.py:758} INFO - Processing file /home/airflow/.local/lib/python3.7/site-packages/airflow/example_dags/example_latest_only_with_trigger.py for tasks to queue
[2022-10-02T21:07:42.416+0000] {logging_mixin.py:117} INFO - [2022-10-02T21:07:42.416+0000] {dagbag.py:525} INFO - Filling up the DagBag from /home/airflow/.local/lib/python3.7/site-packages/airflow/example_dags/example_latest_only_with_trigger.py
[2022-10-02T21:07:42.426+0000] {processor.py:768} INFO - DAG(s) dict_keys(['latest_only_with_trigger']) retrieved from /home/airflow/.local/lib/python3.7/site-packages/airflow/example_dags/example_latest_only_with_trigger.py
[2022-10-02T21:07:42.452+0000] {logging_mixin.py:117} INFO - [2022-10-02T21:07:42.452+0000] {dag.py:2573} INFO - Sync 1 DAGs
[2022-10-02T21:07:42.467+0000] {logging_mixin.py:117} INFO - [2022-10-02T21:07:42.467+0000] {dag.py:3328} INFO - Setting next_dagrun for latest_only_with_trigger to 2022-10-02T17:07:42.467000+00:00, run_after=2022-10-02T21:07:42.467000+00:00
[2022-10-02T21:07:42.480+0000] {processor.py:178} INFO - Processing /home/airflow/.local/lib/python3.7/site-packages/airflow/example_dags/example_latest_only_with_trigger.py took 0.069 seconds
[2022-10-02T21:08:12.663+0000] {processor.py:156} INFO - Started process (PID=420) to work on /home/airflow/.local/lib/python3.7/site-packages/airflow/example_dags/example_latest_only_with_trigger.py
[2022-10-02T21:08:12.665+0000] {processor.py:758} INFO - Processing file /home/airflow/.local/lib/python3.7/site-packages/airflow/example_dags/example_latest_only_with_trigger.py for tasks to queue
[2022-10-02T21:08:12.666+0000] {logging_mixin.py:117} INFO - [2022-10-02T21:08:12.666+0000] {dagbag.py:525} INFO - Filling up the DagBag from /home/airflow/.local/lib/python3.7/site-packages/airflow/example_dags/example_latest_only_with_trigger.py
[2022-10-02T21:08:12.676+0000] {processor.py:768} INFO - DAG(s) dict_keys(['latest_only_with_trigger']) retrieved from /home/airflow/.local/lib/python3.7/site-packages/airflow/example_dags/example_latest_only_with_trigger.py
[2022-10-02T21:08:12.700+0000] {logging_mixin.py:117} INFO - [2022-10-02T21:08:12.700+0000] {dag.py:2573} INFO - Sync 1 DAGs
[2022-10-02T21:08:12.715+0000] {logging_mixin.py:117} INFO - [2022-10-02T21:08:12.714+0000] {dag.py:3328} INFO - Setting next_dagrun for latest_only_with_trigger to 2022-10-02T17:08:12.714840+00:00, run_after=2022-10-02T21:08:12.714840+00:00
[2022-10-02T21:08:12.726+0000] {processor.py:178} INFO - Processing /home/airflow/.local/lib/python3.7/site-packages/airflow/example_dags/example_latest_only_with_trigger.py took 0.065 seconds
[2022-10-02T21:08:42.853+0000] {processor.py:156} INFO - Started process (PID=483) to work on /home/airflow/.local/lib/python3.7/site-packages/airflow/example_dags/example_latest_only_with_trigger.py
[2022-10-02T21:08:42.854+0000] {processor.py:758} INFO - Processing file /home/airflow/.local/lib/python3.7/site-packages/airflow/example_dags/example_latest_only_with_trigger.py for tasks to queue
[2022-10-02T21:08:42.856+0000] {logging_mixin.py:117} INFO - [2022-10-02T21:08:42.856+0000] {dagbag.py:525} INFO - Filling up the DagBag from /home/airflow/.local/lib/python3.7/site-packages/airflow/example_dags/example_latest_only_with_trigger.py
[2022-10-02T21:08:42.867+0000] {processor.py:768} INFO - DAG(s) dict_keys(['latest_only_with_trigger']) retrieved from /home/airflow/.local/lib/python3.7/site-packages/airflow/example_dags/example_latest_only_with_trigger.py
[2022-10-02T21:08:42.898+0000] {logging_mixin.py:117} INFO - [2022-10-02T21:08:42.898+0000] {dag.py:2573} INFO - Sync 1 DAGs
[2022-10-02T21:08:42.913+0000] {logging_mixin.py:117} INFO - [2022-10-02T21:08:42.913+0000] {dag.py:3328} INFO - Setting next_dagrun for latest_only_with_trigger to 2022-10-02T17:08:42.913649+00:00, run_after=2022-10-02T21:08:42.913649+00:00
[2022-10-02T21:08:42.926+0000] {processor.py:178} INFO - Processing /home/airflow/.local/lib/python3.7/site-packages/airflow/example_dags/example_latest_only_with_trigger.py took 0.076 seconds
[2022-10-02T21:09:13.090+0000] {processor.py:156} INFO - Started process (PID=546) to work on /home/airflow/.local/lib/python3.7/site-packages/airflow/example_dags/example_latest_only_with_trigger.py
[2022-10-02T21:09:13.092+0000] {processor.py:758} INFO - Processing file /home/airflow/.local/lib/python3.7/site-packages/airflow/example_dags/example_latest_only_with_trigger.py for tasks to queue
[2022-10-02T21:09:13.093+0000] {logging_mixin.py:117} INFO - [2022-10-02T21:09:13.092+0000] {dagbag.py:525} INFO - Filling up the DagBag from /home/airflow/.local/lib/python3.7/site-packages/airflow/example_dags/example_latest_only_with_trigger.py
[2022-10-02T21:09:13.102+0000] {processor.py:768} INFO - DAG(s) dict_keys(['latest_only_with_trigger']) retrieved from /home/airflow/.local/lib/python3.7/site-packages/airflow/example_dags/example_latest_only_with_trigger.py
[2022-10-02T21:09:13.129+0000] {logging_mixin.py:117} INFO - [2022-10-02T21:09:13.129+0000] {dag.py:2573} INFO - Sync 1 DAGs
[2022-10-02T21:09:13.144+0000] {logging_mixin.py:117} INFO - [2022-10-02T21:09:13.144+0000] {dag.py:3328} INFO - Setting next_dagrun for latest_only_with_trigger to 2022-10-02T17:09:13.144608+00:00, run_after=2022-10-02T21:09:13.144608+00:00
[2022-10-02T21:09:13.158+0000] {processor.py:178} INFO - Processing /home/airflow/.local/lib/python3.7/site-packages/airflow/example_dags/example_latest_only_with_trigger.py took 0.070 seconds
[2022-10-02T21:09:43.362+0000] {processor.py:156} INFO - Started process (PID=609) to work on /home/airflow/.local/lib/python3.7/site-packages/airflow/example_dags/example_latest_only_with_trigger.py
[2022-10-02T21:09:43.364+0000] {processor.py:758} INFO - Processing file /home/airflow/.local/lib/python3.7/site-packages/airflow/example_dags/example_latest_only_with_trigger.py for tasks to queue
[2022-10-02T21:09:43.365+0000] {logging_mixin.py:117} INFO - [2022-10-02T21:09:43.365+0000] {dagbag.py:525} INFO - Filling up the DagBag from /home/airflow/.local/lib/python3.7/site-packages/airflow/example_dags/example_latest_only_with_trigger.py
[2022-10-02T21:09:43.375+0000] {processor.py:768} INFO - DAG(s) dict_keys(['latest_only_with_trigger']) retrieved from /home/airflow/.local/lib/python3.7/site-packages/airflow/example_dags/example_latest_only_with_trigger.py
[2022-10-02T21:09:43.401+0000] {logging_mixin.py:117} INFO - [2022-10-02T21:09:43.401+0000] {dag.py:2573} INFO - Sync 1 DAGs
[2022-10-02T21:09:43.417+0000] {logging_mixin.py:117} INFO - [2022-10-02T21:09:43.417+0000] {dag.py:3328} INFO - Setting next_dagrun for latest_only_with_trigger to 2022-10-02T17:09:43.417672+00:00, run_after=2022-10-02T21:09:43.417672+00:00
[2022-10-02T21:09:43.431+0000] {processor.py:178} INFO - Processing /home/airflow/.local/lib/python3.7/site-packages/airflow/example_dags/example_latest_only_with_trigger.py took 0.071 seconds
[2022-10-02T21:10:13.555+0000] {processor.py:156} INFO - Started process (PID=663) to work on /home/airflow/.local/lib/python3.7/site-packages/airflow/example_dags/example_latest_only_with_trigger.py
[2022-10-02T21:10:13.557+0000] {processor.py:758} INFO - Processing file /home/airflow/.local/lib/python3.7/site-packages/airflow/example_dags/example_latest_only_with_trigger.py for tasks to queue
[2022-10-02T21:10:13.558+0000] {logging_mixin.py:117} INFO - [2022-10-02T21:10:13.558+0000] {dagbag.py:525} INFO - Filling up the DagBag from /home/airflow/.local/lib/python3.7/site-packages/airflow/example_dags/example_latest_only_with_trigger.py
[2022-10-02T21:10:13.568+0000] {processor.py:768} INFO - DAG(s) dict_keys(['latest_only_with_trigger']) retrieved from /home/airflow/.local/lib/python3.7/site-packages/airflow/example_dags/example_latest_only_with_trigger.py
[2022-10-02T21:10:13.593+0000] {logging_mixin.py:117} INFO - [2022-10-02T21:10:13.593+0000] {dag.py:2573} INFO - Sync 1 DAGs
[2022-10-02T21:10:13.609+0000] {logging_mixin.py:117} INFO - [2022-10-02T21:10:13.608+0000] {dag.py:3328} INFO - Setting next_dagrun for latest_only_with_trigger to 2022-10-02T17:10:13.608840+00:00, run_after=2022-10-02T21:10:13.608840+00:00
[2022-10-02T21:10:13.621+0000] {processor.py:178} INFO - Processing /home/airflow/.local/lib/python3.7/site-packages/airflow/example_dags/example_latest_only_with_trigger.py took 0.069 seconds
[2022-10-02T21:10:44.698+0000] {processor.py:156} INFO - Started process (PID=725) to work on /home/airflow/.local/lib/python3.7/site-packages/airflow/example_dags/example_latest_only_with_trigger.py
[2022-10-02T21:10:44.699+0000] {processor.py:758} INFO - Processing file /home/airflow/.local/lib/python3.7/site-packages/airflow/example_dags/example_latest_only_with_trigger.py for tasks to queue
[2022-10-02T21:10:44.700+0000] {logging_mixin.py:117} INFO - [2022-10-02T21:10:44.700+0000] {dagbag.py:525} INFO - Filling up the DagBag from /home/airflow/.local/lib/python3.7/site-packages/airflow/example_dags/example_latest_only_with_trigger.py
[2022-10-02T21:10:44.709+0000] {processor.py:768} INFO - DAG(s) dict_keys(['latest_only_with_trigger']) retrieved from /home/airflow/.local/lib/python3.7/site-packages/airflow/example_dags/example_latest_only_with_trigger.py
[2022-10-02T21:10:44.735+0000] {logging_mixin.py:117} INFO - [2022-10-02T21:10:44.734+0000] {dag.py:2573} INFO - Sync 1 DAGs
[2022-10-02T21:10:44.751+0000] {logging_mixin.py:117} INFO - [2022-10-02T21:10:44.751+0000] {dag.py:3328} INFO - Setting next_dagrun for latest_only_with_trigger to 2022-10-02T17:10:44.751080+00:00, run_after=2022-10-02T21:10:44.751080+00:00
[2022-10-02T21:10:44.763+0000] {processor.py:178} INFO - Processing /home/airflow/.local/lib/python3.7/site-packages/airflow/example_dags/example_latest_only_with_trigger.py took 0.068 seconds
[2022-10-02T21:11:14.966+0000] {processor.py:156} INFO - Started process (PID=788) to work on /home/airflow/.local/lib/python3.7/site-packages/airflow/example_dags/example_latest_only_with_trigger.py
[2022-10-02T21:11:14.967+0000] {processor.py:758} INFO - Processing file /home/airflow/.local/lib/python3.7/site-packages/airflow/example_dags/example_latest_only_with_trigger.py for tasks to queue
[2022-10-02T21:11:14.968+0000] {logging_mixin.py:117} INFO - [2022-10-02T21:11:14.968+0000] {dagbag.py:525} INFO - Filling up the DagBag from /home/airflow/.local/lib/python3.7/site-packages/airflow/example_dags/example_latest_only_with_trigger.py
[2022-10-02T21:11:14.977+0000] {processor.py:768} INFO - DAG(s) dict_keys(['latest_only_with_trigger']) retrieved from /home/airflow/.local/lib/python3.7/site-packages/airflow/example_dags/example_latest_only_with_trigger.py
[2022-10-02T21:11:15.005+0000] {logging_mixin.py:117} INFO - [2022-10-02T21:11:15.005+0000] {dag.py:2573} INFO - Sync 1 DAGs
[2022-10-02T21:11:15.021+0000] {logging_mixin.py:117} INFO - [2022-10-02T21:11:15.021+0000] {dag.py:3328} INFO - Setting next_dagrun for latest_only_with_trigger to 2022-10-02T17:11:15.021565+00:00, run_after=2022-10-02T21:11:15.021565+00:00
[2022-10-02T21:11:15.033+0000] {processor.py:178} INFO - Processing /home/airflow/.local/lib/python3.7/site-packages/airflow/example_dags/example_latest_only_with_trigger.py took 0.070 seconds
[2022-10-02T21:11:45.398+0000] {processor.py:156} INFO - Started process (PID=850) to work on /home/airflow/.local/lib/python3.7/site-packages/airflow/example_dags/example_latest_only_with_trigger.py
[2022-10-02T21:11:45.400+0000] {processor.py:758} INFO - Processing file /home/airflow/.local/lib/python3.7/site-packages/airflow/example_dags/example_latest_only_with_trigger.py for tasks to queue
[2022-10-02T21:11:45.403+0000] {logging_mixin.py:117} INFO - [2022-10-02T21:11:45.403+0000] {dagbag.py:525} INFO - Filling up the DagBag from /home/airflow/.local/lib/python3.7/site-packages/airflow/example_dags/example_latest_only_with_trigger.py
[2022-10-02T21:11:45.415+0000] {processor.py:768} INFO - DAG(s) dict_keys(['latest_only_with_trigger']) retrieved from /home/airflow/.local/lib/python3.7/site-packages/airflow/example_dags/example_latest_only_with_trigger.py
[2022-10-02T21:11:45.452+0000] {logging_mixin.py:117} INFO - [2022-10-02T21:11:45.452+0000] {dag.py:2573} INFO - Sync 1 DAGs
[2022-10-02T21:11:45.470+0000] {logging_mixin.py:117} INFO - [2022-10-02T21:11:45.470+0000] {dag.py:3328} INFO - Setting next_dagrun for latest_only_with_trigger to 2022-10-02T17:11:45.469887+00:00, run_after=2022-10-02T21:11:45.469887+00:00
[2022-10-02T21:11:45.494+0000] {processor.py:178} INFO - Processing /home/airflow/.local/lib/python3.7/site-packages/airflow/example_dags/example_latest_only_with_trigger.py took 0.098 seconds
[2022-10-02T21:12:15.977+0000] {processor.py:156} INFO - Started process (PID=914) to work on /home/airflow/.local/lib/python3.7/site-packages/airflow/example_dags/example_latest_only_with_trigger.py
[2022-10-02T21:12:15.979+0000] {processor.py:758} INFO - Processing file /home/airflow/.local/lib/python3.7/site-packages/airflow/example_dags/example_latest_only_with_trigger.py for tasks to queue
[2022-10-02T21:12:15.980+0000] {logging_mixin.py:117} INFO - [2022-10-02T21:12:15.980+0000] {dagbag.py:525} INFO - Filling up the DagBag from /home/airflow/.local/lib/python3.7/site-packages/airflow/example_dags/example_latest_only_with_trigger.py
[2022-10-02T21:12:15.989+0000] {processor.py:768} INFO - DAG(s) dict_keys(['latest_only_with_trigger']) retrieved from /home/airflow/.local/lib/python3.7/site-packages/airflow/example_dags/example_latest_only_with_trigger.py
[2022-10-02T21:12:16.020+0000] {logging_mixin.py:117} INFO - [2022-10-02T21:12:16.020+0000] {dag.py:2573} INFO - Sync 1 DAGs
[2022-10-02T21:12:16.035+0000] {logging_mixin.py:117} INFO - [2022-10-02T21:12:16.035+0000] {dag.py:3328} INFO - Setting next_dagrun for latest_only_with_trigger to 2022-10-02T17:12:16.035024+00:00, run_after=2022-10-02T21:12:16.035024+00:00
[2022-10-02T21:12:16.048+0000] {processor.py:178} INFO - Processing /home/airflow/.local/lib/python3.7/site-packages/airflow/example_dags/example_latest_only_with_trigger.py took 0.074 seconds
[2022-10-02T21:12:46.226+0000] {processor.py:156} INFO - Started process (PID=977) to work on /home/airflow/.local/lib/python3.7/site-packages/airflow/example_dags/example_latest_only_with_trigger.py
[2022-10-02T21:12:46.228+0000] {processor.py:758} INFO - Processing file /home/airflow/.local/lib/python3.7/site-packages/airflow/example_dags/example_latest_only_with_trigger.py for tasks to queue
[2022-10-02T21:12:46.229+0000] {logging_mixin.py:117} INFO - [2022-10-02T21:12:46.229+0000] {dagbag.py:525} INFO - Filling up the DagBag from /home/airflow/.local/lib/python3.7/site-packages/airflow/example_dags/example_latest_only_with_trigger.py
[2022-10-02T21:12:46.238+0000] {processor.py:768} INFO - DAG(s) dict_keys(['latest_only_with_trigger']) retrieved from /home/airflow/.local/lib/python3.7/site-packages/airflow/example_dags/example_latest_only_with_trigger.py
[2022-10-02T21:12:46.266+0000] {logging_mixin.py:117} INFO - [2022-10-02T21:12:46.266+0000] {dag.py:2573} INFO - Sync 1 DAGs
[2022-10-02T21:12:46.292+0000] {logging_mixin.py:117} INFO - [2022-10-02T21:12:46.291+0000] {dag.py:3328} INFO - Setting next_dagrun for latest_only_with_trigger to 2022-10-02T17:12:46.291721+00:00, run_after=2022-10-02T21:12:46.291721+00:00
[2022-10-02T21:12:46.315+0000] {processor.py:178} INFO - Processing /home/airflow/.local/lib/python3.7/site-packages/airflow/example_dags/example_latest_only_with_trigger.py took 0.093 seconds
[2022-10-02T21:13:16.415+0000] {processor.py:156} INFO - Started process (PID=1030) to work on /home/airflow/.local/lib/python3.7/site-packages/airflow/example_dags/example_latest_only_with_trigger.py
[2022-10-02T21:13:16.418+0000] {processor.py:758} INFO - Processing file /home/airflow/.local/lib/python3.7/site-packages/airflow/example_dags/example_latest_only_with_trigger.py for tasks to queue
[2022-10-02T21:13:16.419+0000] {logging_mixin.py:117} INFO - [2022-10-02T21:13:16.419+0000] {dagbag.py:525} INFO - Filling up the DagBag from /home/airflow/.local/lib/python3.7/site-packages/airflow/example_dags/example_latest_only_with_trigger.py
[2022-10-02T21:13:16.429+0000] {processor.py:768} INFO - DAG(s) dict_keys(['latest_only_with_trigger']) retrieved from /home/airflow/.local/lib/python3.7/site-packages/airflow/example_dags/example_latest_only_with_trigger.py
[2022-10-02T21:13:16.457+0000] {logging_mixin.py:117} INFO - [2022-10-02T21:13:16.457+0000] {dag.py:2573} INFO - Sync 1 DAGs
[2022-10-02T21:13:16.472+0000] {logging_mixin.py:117} INFO - [2022-10-02T21:13:16.471+0000] {dag.py:3328} INFO - Setting next_dagrun for latest_only_with_trigger to 2022-10-02T17:13:16.471818+00:00, run_after=2022-10-02T21:13:16.471818+00:00
[2022-10-02T21:13:16.485+0000] {processor.py:178} INFO - Processing /home/airflow/.local/lib/python3.7/site-packages/airflow/example_dags/example_latest_only_with_trigger.py took 0.072 seconds
[2022-10-02T21:14:59.044+0000] {processor.py:156} INFO - Started process (PID=57) to work on /home/airflow/.local/lib/python3.7/site-packages/airflow/example_dags/example_latest_only_with_trigger.py
[2022-10-02T21:14:59.052+0000] {processor.py:758} INFO - Processing file /home/airflow/.local/lib/python3.7/site-packages/airflow/example_dags/example_latest_only_with_trigger.py for tasks to queue
[2022-10-02T21:14:59.067+0000] {logging_mixin.py:117} INFO - [2022-10-02T21:14:59.067+0000] {dagbag.py:525} INFO - Filling up the DagBag from /home/airflow/.local/lib/python3.7/site-packages/airflow/example_dags/example_latest_only_with_trigger.py
[2022-10-02T21:14:59.138+0000] {processor.py:768} INFO - DAG(s) dict_keys(['latest_only_with_trigger']) retrieved from /home/airflow/.local/lib/python3.7/site-packages/airflow/example_dags/example_latest_only_with_trigger.py
[2022-10-02T21:14:59.297+0000] {logging_mixin.py:117} INFO - [2022-10-02T21:14:59.296+0000] {dag.py:2573} INFO - Sync 1 DAGs
[2022-10-02T21:14:59.432+0000] {logging_mixin.py:117} INFO - [2022-10-02T21:14:59.431+0000] {dag.py:3328} INFO - Setting next_dagrun for latest_only_with_trigger to 2022-10-02T17:14:59.431337+00:00, run_after=2022-10-02T21:14:59.431337+00:00
[2022-10-02T21:14:59.486+0000] {processor.py:178} INFO - Processing /home/airflow/.local/lib/python3.7/site-packages/airflow/example_dags/example_latest_only_with_trigger.py took 0.463 seconds
[2022-10-02T21:15:29.875+0000] {processor.py:156} INFO - Started process (PID=112) to work on /home/airflow/.local/lib/python3.7/site-packages/airflow/example_dags/example_latest_only_with_trigger.py
[2022-10-02T21:15:29.878+0000] {processor.py:758} INFO - Processing file /home/airflow/.local/lib/python3.7/site-packages/airflow/example_dags/example_latest_only_with_trigger.py for tasks to queue
[2022-10-02T21:15:29.880+0000] {logging_mixin.py:117} INFO - [2022-10-02T21:15:29.880+0000] {dagbag.py:525} INFO - Filling up the DagBag from /home/airflow/.local/lib/python3.7/site-packages/airflow/example_dags/example_latest_only_with_trigger.py
[2022-10-02T21:15:29.896+0000] {processor.py:768} INFO - DAG(s) dict_keys(['latest_only_with_trigger']) retrieved from /home/airflow/.local/lib/python3.7/site-packages/airflow/example_dags/example_latest_only_with_trigger.py
[2022-10-02T21:15:29.938+0000] {logging_mixin.py:117} INFO - [2022-10-02T21:15:29.938+0000] {dag.py:2573} INFO - Sync 1 DAGs
[2022-10-02T21:15:29.956+0000] {logging_mixin.py:117} INFO - [2022-10-02T21:15:29.956+0000] {dag.py:3328} INFO - Setting next_dagrun for latest_only_with_trigger to 2022-10-02T17:15:29.956684+00:00, run_after=2022-10-02T21:15:29.956684+00:00
[2022-10-02T21:15:29.979+0000] {processor.py:178} INFO - Processing /home/airflow/.local/lib/python3.7/site-packages/airflow/example_dags/example_latest_only_with_trigger.py took 0.109 seconds
[2022-10-02T21:16:00.183+0000] {processor.py:156} INFO - Started process (PID=175) to work on /home/airflow/.local/lib/python3.7/site-packages/airflow/example_dags/example_latest_only_with_trigger.py
[2022-10-02T21:16:00.186+0000] {processor.py:758} INFO - Processing file /home/airflow/.local/lib/python3.7/site-packages/airflow/example_dags/example_latest_only_with_trigger.py for tasks to queue
[2022-10-02T21:16:00.188+0000] {logging_mixin.py:117} INFO - [2022-10-02T21:16:00.188+0000] {dagbag.py:525} INFO - Filling up the DagBag from /home/airflow/.local/lib/python3.7/site-packages/airflow/example_dags/example_latest_only_with_trigger.py
[2022-10-02T21:16:00.204+0000] {processor.py:768} INFO - DAG(s) dict_keys(['latest_only_with_trigger']) retrieved from /home/airflow/.local/lib/python3.7/site-packages/airflow/example_dags/example_latest_only_with_trigger.py
[2022-10-02T21:16:00.246+0000] {logging_mixin.py:117} INFO - [2022-10-02T21:16:00.246+0000] {dag.py:2573} INFO - Sync 1 DAGs
[2022-10-02T21:16:00.268+0000] {logging_mixin.py:117} INFO - [2022-10-02T21:16:00.267+0000] {dag.py:3328} INFO - Setting next_dagrun for latest_only_with_trigger to 2022-10-02T17:16:00.267715+00:00, run_after=2022-10-02T21:16:00.267715+00:00
[2022-10-02T21:16:00.288+0000] {processor.py:178} INFO - Processing /home/airflow/.local/lib/python3.7/site-packages/airflow/example_dags/example_latest_only_with_trigger.py took 0.110 seconds
[2022-10-02T21:16:30.923+0000] {processor.py:156} INFO - Started process (PID=237) to work on /home/airflow/.local/lib/python3.7/site-packages/airflow/example_dags/example_latest_only_with_trigger.py
[2022-10-02T21:16:30.925+0000] {processor.py:758} INFO - Processing file /home/airflow/.local/lib/python3.7/site-packages/airflow/example_dags/example_latest_only_with_trigger.py for tasks to queue
[2022-10-02T21:16:30.927+0000] {logging_mixin.py:117} INFO - [2022-10-02T21:16:30.927+0000] {dagbag.py:525} INFO - Filling up the DagBag from /home/airflow/.local/lib/python3.7/site-packages/airflow/example_dags/example_latest_only_with_trigger.py
[2022-10-02T21:16:30.943+0000] {processor.py:768} INFO - DAG(s) dict_keys(['latest_only_with_trigger']) retrieved from /home/airflow/.local/lib/python3.7/site-packages/airflow/example_dags/example_latest_only_with_trigger.py
[2022-10-02T21:16:30.990+0000] {logging_mixin.py:117} INFO - [2022-10-02T21:16:30.990+0000] {dag.py:2573} INFO - Sync 1 DAGs
[2022-10-02T21:16:31.023+0000] {logging_mixin.py:117} INFO - [2022-10-02T21:16:31.023+0000] {dag.py:3328} INFO - Setting next_dagrun for latest_only_with_trigger to 2022-10-02T17:16:31.023156+00:00, run_after=2022-10-02T21:16:31.023156+00:00
[2022-10-02T21:16:31.050+0000] {processor.py:178} INFO - Processing /home/airflow/.local/lib/python3.7/site-packages/airflow/example_dags/example_latest_only_with_trigger.py took 0.129 seconds
[2022-10-02T21:17:01.641+0000] {processor.py:156} INFO - Started process (PID=299) to work on /home/airflow/.local/lib/python3.7/site-packages/airflow/example_dags/example_latest_only_with_trigger.py
[2022-10-02T21:17:01.643+0000] {processor.py:758} INFO - Processing file /home/airflow/.local/lib/python3.7/site-packages/airflow/example_dags/example_latest_only_with_trigger.py for tasks to queue
[2022-10-02T21:17:01.644+0000] {logging_mixin.py:117} INFO - [2022-10-02T21:17:01.644+0000] {dagbag.py:525} INFO - Filling up the DagBag from /home/airflow/.local/lib/python3.7/site-packages/airflow/example_dags/example_latest_only_with_trigger.py
[2022-10-02T21:17:01.656+0000] {processor.py:768} INFO - DAG(s) dict_keys(['latest_only_with_trigger']) retrieved from /home/airflow/.local/lib/python3.7/site-packages/airflow/example_dags/example_latest_only_with_trigger.py
[2022-10-02T21:17:01.691+0000] {logging_mixin.py:117} INFO - [2022-10-02T21:17:01.691+0000] {dag.py:2573} INFO - Sync 1 DAGs
[2022-10-02T21:17:01.714+0000] {logging_mixin.py:117} INFO - [2022-10-02T21:17:01.714+0000] {dag.py:3328} INFO - Setting next_dagrun for latest_only_with_trigger to 2022-10-02T17:17:01.714441+00:00, run_after=2022-10-02T21:17:01.714441+00:00
[2022-10-02T21:17:01.739+0000] {processor.py:178} INFO - Processing /home/airflow/.local/lib/python3.7/site-packages/airflow/example_dags/example_latest_only_with_trigger.py took 0.100 seconds
[2022-10-02T21:17:32.009+0000] {processor.py:156} INFO - Started process (PID=362) to work on /home/airflow/.local/lib/python3.7/site-packages/airflow/example_dags/example_latest_only_with_trigger.py
[2022-10-02T21:17:32.011+0000] {processor.py:758} INFO - Processing file /home/airflow/.local/lib/python3.7/site-packages/airflow/example_dags/example_latest_only_with_trigger.py for tasks to queue
[2022-10-02T21:17:32.013+0000] {logging_mixin.py:117} INFO - [2022-10-02T21:17:32.013+0000] {dagbag.py:525} INFO - Filling up the DagBag from /home/airflow/.local/lib/python3.7/site-packages/airflow/example_dags/example_latest_only_with_trigger.py
[2022-10-02T21:17:32.036+0000] {processor.py:768} INFO - DAG(s) dict_keys(['latest_only_with_trigger']) retrieved from /home/airflow/.local/lib/python3.7/site-packages/airflow/example_dags/example_latest_only_with_trigger.py
[2022-10-02T21:17:32.092+0000] {logging_mixin.py:117} INFO - [2022-10-02T21:17:32.092+0000] {dag.py:2573} INFO - Sync 1 DAGs
[2022-10-02T21:17:32.144+0000] {logging_mixin.py:117} INFO - [2022-10-02T21:17:32.144+0000] {dag.py:3328} INFO - Setting next_dagrun for latest_only_with_trigger to 2022-10-02T17:17:32.143750+00:00, run_after=2022-10-02T21:17:32.143750+00:00
[2022-10-02T21:17:32.197+0000] {processor.py:178} INFO - Processing /home/airflow/.local/lib/python3.7/site-packages/airflow/example_dags/example_latest_only_with_trigger.py took 0.193 seconds
[2022-10-02T21:18:03.109+0000] {processor.py:156} INFO - Started process (PID=417) to work on /home/airflow/.local/lib/python3.7/site-packages/airflow/example_dags/example_latest_only_with_trigger.py
[2022-10-02T21:18:03.112+0000] {processor.py:758} INFO - Processing file /home/airflow/.local/lib/python3.7/site-packages/airflow/example_dags/example_latest_only_with_trigger.py for tasks to queue
[2022-10-02T21:18:03.116+0000] {logging_mixin.py:117} INFO - [2022-10-02T21:18:03.116+0000] {dagbag.py:525} INFO - Filling up the DagBag from /home/airflow/.local/lib/python3.7/site-packages/airflow/example_dags/example_latest_only_with_trigger.py
[2022-10-02T21:18:03.135+0000] {processor.py:768} INFO - DAG(s) dict_keys(['latest_only_with_trigger']) retrieved from /home/airflow/.local/lib/python3.7/site-packages/airflow/example_dags/example_latest_only_with_trigger.py
[2022-10-02T21:18:03.172+0000] {logging_mixin.py:117} INFO - [2022-10-02T21:18:03.172+0000] {dag.py:2573} INFO - Sync 1 DAGs
[2022-10-02T21:18:03.190+0000] {logging_mixin.py:117} INFO - [2022-10-02T21:18:03.190+0000] {dag.py:3328} INFO - Setting next_dagrun for latest_only_with_trigger to 2022-10-02T17:18:03.190334+00:00, run_after=2022-10-02T21:18:03.190334+00:00
[2022-10-02T21:18:03.202+0000] {processor.py:178} INFO - Processing /home/airflow/.local/lib/python3.7/site-packages/airflow/example_dags/example_latest_only_with_trigger.py took 0.098 seconds
[2022-10-02T21:18:33.912+0000] {processor.py:156} INFO - Started process (PID=482) to work on /home/airflow/.local/lib/python3.7/site-packages/airflow/example_dags/example_latest_only_with_trigger.py
[2022-10-02T21:18:33.914+0000] {processor.py:758} INFO - Processing file /home/airflow/.local/lib/python3.7/site-packages/airflow/example_dags/example_latest_only_with_trigger.py for tasks to queue
[2022-10-02T21:18:33.916+0000] {logging_mixin.py:117} INFO - [2022-10-02T21:18:33.916+0000] {dagbag.py:525} INFO - Filling up the DagBag from /home/airflow/.local/lib/python3.7/site-packages/airflow/example_dags/example_latest_only_with_trigger.py
[2022-10-02T21:18:33.928+0000] {processor.py:768} INFO - DAG(s) dict_keys(['latest_only_with_trigger']) retrieved from /home/airflow/.local/lib/python3.7/site-packages/airflow/example_dags/example_latest_only_with_trigger.py
[2022-10-02T21:18:33.954+0000] {logging_mixin.py:117} INFO - [2022-10-02T21:18:33.954+0000] {dag.py:2573} INFO - Sync 1 DAGs
[2022-10-02T21:18:33.973+0000] {logging_mixin.py:117} INFO - [2022-10-02T21:18:33.972+0000] {dag.py:3328} INFO - Setting next_dagrun for latest_only_with_trigger to 2022-10-02T17:18:33.972819+00:00, run_after=2022-10-02T21:18:33.972819+00:00
[2022-10-02T21:18:33.986+0000] {processor.py:178} INFO - Processing /home/airflow/.local/lib/python3.7/site-packages/airflow/example_dags/example_latest_only_with_trigger.py took 0.077 seconds
[2022-10-02T21:19:04.079+0000] {processor.py:156} INFO - Started process (PID=545) to work on /home/airflow/.local/lib/python3.7/site-packages/airflow/example_dags/example_latest_only_with_trigger.py
[2022-10-02T21:19:04.084+0000] {processor.py:758} INFO - Processing file /home/airflow/.local/lib/python3.7/site-packages/airflow/example_dags/example_latest_only_with_trigger.py for tasks to queue
[2022-10-02T21:19:04.090+0000] {logging_mixin.py:117} INFO - [2022-10-02T21:19:04.089+0000] {dagbag.py:525} INFO - Filling up the DagBag from /home/airflow/.local/lib/python3.7/site-packages/airflow/example_dags/example_latest_only_with_trigger.py
[2022-10-02T21:19:04.111+0000] {processor.py:768} INFO - DAG(s) dict_keys(['latest_only_with_trigger']) retrieved from /home/airflow/.local/lib/python3.7/site-packages/airflow/example_dags/example_latest_only_with_trigger.py
[2022-10-02T21:19:04.193+0000] {logging_mixin.py:117} INFO - [2022-10-02T21:19:04.193+0000] {dag.py:2573} INFO - Sync 1 DAGs
[2022-10-02T21:19:04.244+0000] {logging_mixin.py:117} INFO - [2022-10-02T21:19:04.244+0000] {dag.py:3328} INFO - Setting next_dagrun for latest_only_with_trigger to 2022-10-02T17:19:04.243963+00:00, run_after=2022-10-02T21:19:04.243963+00:00
[2022-10-02T21:19:04.279+0000] {processor.py:178} INFO - Processing /home/airflow/.local/lib/python3.7/site-packages/airflow/example_dags/example_latest_only_with_trigger.py took 0.204 seconds
[2022-10-02T21:19:34.716+0000] {processor.py:156} INFO - Started process (PID=608) to work on /home/airflow/.local/lib/python3.7/site-packages/airflow/example_dags/example_latest_only_with_trigger.py
[2022-10-02T21:19:34.720+0000] {processor.py:758} INFO - Processing file /home/airflow/.local/lib/python3.7/site-packages/airflow/example_dags/example_latest_only_with_trigger.py for tasks to queue
[2022-10-02T21:19:34.726+0000] {logging_mixin.py:117} INFO - [2022-10-02T21:19:34.726+0000] {dagbag.py:525} INFO - Filling up the DagBag from /home/airflow/.local/lib/python3.7/site-packages/airflow/example_dags/example_latest_only_with_trigger.py
[2022-10-02T21:19:34.741+0000] {processor.py:768} INFO - DAG(s) dict_keys(['latest_only_with_trigger']) retrieved from /home/airflow/.local/lib/python3.7/site-packages/airflow/example_dags/example_latest_only_with_trigger.py
[2022-10-02T21:19:34.770+0000] {logging_mixin.py:117} INFO - [2022-10-02T21:19:34.770+0000] {dag.py:2573} INFO - Sync 1 DAGs
[2022-10-02T21:19:34.785+0000] {logging_mixin.py:117} INFO - [2022-10-02T21:19:34.785+0000] {dag.py:3328} INFO - Setting next_dagrun for latest_only_with_trigger to 2022-10-02T17:19:34.785029+00:00, run_after=2022-10-02T21:19:34.785029+00:00
[2022-10-02T21:19:34.798+0000] {processor.py:178} INFO - Processing /home/airflow/.local/lib/python3.7/site-packages/airflow/example_dags/example_latest_only_with_trigger.py took 0.091 seconds
