[2022-10-02T20:50:18.043+0000] {processor.py:156} INFO - Started process (PID=73) to work on /home/airflow/.local/lib/python3.7/site-packages/airflow/example_dags/example_branch_operator_decorator.py
[2022-10-02T20:50:18.058+0000] {processor.py:758} INFO - Processing file /home/airflow/.local/lib/python3.7/site-packages/airflow/example_dags/example_branch_operator_decorator.py for tasks to queue
[2022-10-02T20:50:18.071+0000] {logging_mixin.py:117} INFO - [2022-10-02T20:50:18.071+0000] {dagbag.py:525} INFO - Filling up the DagBag from /home/airflow/.local/lib/python3.7/site-packages/airflow/example_dags/example_branch_operator_decorator.py
[2022-10-02T20:50:18.379+0000] {processor.py:768} INFO - DAG(s) dict_keys(['example_branch_python_operator_decorator']) retrieved from /home/airflow/.local/lib/python3.7/site-packages/airflow/example_dags/example_branch_operator_decorator.py
[2022-10-02T20:50:18.662+0000] {logging_mixin.py:117} INFO - [2022-10-02T20:50:18.662+0000] {dag.py:2573} INFO - Sync 1 DAGs
[2022-10-02T20:50:18.893+0000] {logging_mixin.py:117} INFO - [2022-10-02T20:50:18.893+0000] {dag.py:3328} INFO - Setting next_dagrun for example_branch_python_operator_decorator to 2022-10-01T00:00:00+00:00, run_after=2022-10-02T00:00:00+00:00
[2022-10-02T20:50:19.009+0000] {processor.py:178} INFO - Processing /home/airflow/.local/lib/python3.7/site-packages/airflow/example_dags/example_branch_operator_decorator.py took 0.999 seconds
[2022-10-02T20:50:49.654+0000] {processor.py:156} INFO - Started process (PID=135) to work on /home/airflow/.local/lib/python3.7/site-packages/airflow/example_dags/example_branch_operator_decorator.py
[2022-10-02T20:50:49.656+0000] {processor.py:758} INFO - Processing file /home/airflow/.local/lib/python3.7/site-packages/airflow/example_dags/example_branch_operator_decorator.py for tasks to queue
[2022-10-02T20:50:49.657+0000] {logging_mixin.py:117} INFO - [2022-10-02T20:50:49.657+0000] {dagbag.py:525} INFO - Filling up the DagBag from /home/airflow/.local/lib/python3.7/site-packages/airflow/example_dags/example_branch_operator_decorator.py
[2022-10-02T20:50:49.679+0000] {processor.py:768} INFO - DAG(s) dict_keys(['example_branch_python_operator_decorator']) retrieved from /home/airflow/.local/lib/python3.7/site-packages/airflow/example_dags/example_branch_operator_decorator.py
[2022-10-02T20:50:49.720+0000] {logging_mixin.py:117} INFO - [2022-10-02T20:50:49.720+0000] {dag.py:2573} INFO - Sync 1 DAGs
[2022-10-02T20:50:49.739+0000] {logging_mixin.py:117} INFO - [2022-10-02T20:50:49.739+0000] {dag.py:3328} INFO - Setting next_dagrun for example_branch_python_operator_decorator to 2022-10-01T00:00:00+00:00, run_after=2022-10-02T00:00:00+00:00
[2022-10-02T20:50:49.771+0000] {processor.py:178} INFO - Processing /home/airflow/.local/lib/python3.7/site-packages/airflow/example_dags/example_branch_operator_decorator.py took 0.120 seconds
[2022-10-02T20:51:20.217+0000] {processor.py:156} INFO - Started process (PID=191) to work on /home/airflow/.local/lib/python3.7/site-packages/airflow/example_dags/example_branch_operator_decorator.py
[2022-10-02T20:51:20.221+0000] {processor.py:758} INFO - Processing file /home/airflow/.local/lib/python3.7/site-packages/airflow/example_dags/example_branch_operator_decorator.py for tasks to queue
[2022-10-02T20:51:20.224+0000] {logging_mixin.py:117} INFO - [2022-10-02T20:51:20.224+0000] {dagbag.py:525} INFO - Filling up the DagBag from /home/airflow/.local/lib/python3.7/site-packages/airflow/example_dags/example_branch_operator_decorator.py
[2022-10-02T20:51:20.255+0000] {processor.py:768} INFO - DAG(s) dict_keys(['example_branch_python_operator_decorator']) retrieved from /home/airflow/.local/lib/python3.7/site-packages/airflow/example_dags/example_branch_operator_decorator.py
[2022-10-02T20:51:20.384+0000] {logging_mixin.py:117} INFO - [2022-10-02T20:51:20.384+0000] {dag.py:2573} INFO - Sync 1 DAGs
[2022-10-02T20:51:20.422+0000] {logging_mixin.py:117} INFO - [2022-10-02T20:51:20.422+0000] {dag.py:3328} INFO - Setting next_dagrun for example_branch_python_operator_decorator to 2022-10-01T00:00:00+00:00, run_after=2022-10-02T00:00:00+00:00
[2022-10-02T20:51:20.496+0000] {processor.py:178} INFO - Processing /home/airflow/.local/lib/python3.7/site-packages/airflow/example_dags/example_branch_operator_decorator.py took 0.281 seconds
[2022-10-02T20:51:51.048+0000] {processor.py:156} INFO - Started process (PID=254) to work on /home/airflow/.local/lib/python3.7/site-packages/airflow/example_dags/example_branch_operator_decorator.py
[2022-10-02T20:51:51.050+0000] {processor.py:758} INFO - Processing file /home/airflow/.local/lib/python3.7/site-packages/airflow/example_dags/example_branch_operator_decorator.py for tasks to queue
[2022-10-02T20:51:51.051+0000] {logging_mixin.py:117} INFO - [2022-10-02T20:51:51.051+0000] {dagbag.py:525} INFO - Filling up the DagBag from /home/airflow/.local/lib/python3.7/site-packages/airflow/example_dags/example_branch_operator_decorator.py
[2022-10-02T20:51:51.070+0000] {processor.py:768} INFO - DAG(s) dict_keys(['example_branch_python_operator_decorator']) retrieved from /home/airflow/.local/lib/python3.7/site-packages/airflow/example_dags/example_branch_operator_decorator.py
[2022-10-02T20:51:51.118+0000] {logging_mixin.py:117} INFO - [2022-10-02T20:51:51.118+0000] {dag.py:2573} INFO - Sync 1 DAGs
[2022-10-02T20:51:51.136+0000] {logging_mixin.py:117} INFO - [2022-10-02T20:51:51.136+0000] {dag.py:3328} INFO - Setting next_dagrun for example_branch_python_operator_decorator to 2022-10-01T00:00:00+00:00, run_after=2022-10-02T00:00:00+00:00
[2022-10-02T20:51:51.170+0000] {processor.py:178} INFO - Processing /home/airflow/.local/lib/python3.7/site-packages/airflow/example_dags/example_branch_operator_decorator.py took 0.125 seconds
[2022-10-02T20:52:21.661+0000] {processor.py:156} INFO - Started process (PID=315) to work on /home/airflow/.local/lib/python3.7/site-packages/airflow/example_dags/example_branch_operator_decorator.py
[2022-10-02T20:52:21.663+0000] {processor.py:758} INFO - Processing file /home/airflow/.local/lib/python3.7/site-packages/airflow/example_dags/example_branch_operator_decorator.py for tasks to queue
[2022-10-02T20:52:21.665+0000] {logging_mixin.py:117} INFO - [2022-10-02T20:52:21.665+0000] {dagbag.py:525} INFO - Filling up the DagBag from /home/airflow/.local/lib/python3.7/site-packages/airflow/example_dags/example_branch_operator_decorator.py
[2022-10-02T20:52:21.683+0000] {processor.py:768} INFO - DAG(s) dict_keys(['example_branch_python_operator_decorator']) retrieved from /home/airflow/.local/lib/python3.7/site-packages/airflow/example_dags/example_branch_operator_decorator.py
[2022-10-02T20:52:21.713+0000] {logging_mixin.py:117} INFO - [2022-10-02T20:52:21.713+0000] {dag.py:2573} INFO - Sync 1 DAGs
[2022-10-02T20:52:21.731+0000] {logging_mixin.py:117} INFO - [2022-10-02T20:52:21.731+0000] {dag.py:3328} INFO - Setting next_dagrun for example_branch_python_operator_decorator to 2022-10-01T00:00:00+00:00, run_after=2022-10-02T00:00:00+00:00
[2022-10-02T20:52:21.749+0000] {processor.py:178} INFO - Processing /home/airflow/.local/lib/python3.7/site-packages/airflow/example_dags/example_branch_operator_decorator.py took 0.091 seconds
[2022-10-02T20:52:51.851+0000] {processor.py:156} INFO - Started process (PID=378) to work on /home/airflow/.local/lib/python3.7/site-packages/airflow/example_dags/example_branch_operator_decorator.py
[2022-10-02T20:52:51.854+0000] {processor.py:758} INFO - Processing file /home/airflow/.local/lib/python3.7/site-packages/airflow/example_dags/example_branch_operator_decorator.py for tasks to queue
[2022-10-02T20:52:51.856+0000] {logging_mixin.py:117} INFO - [2022-10-02T20:52:51.856+0000] {dagbag.py:525} INFO - Filling up the DagBag from /home/airflow/.local/lib/python3.7/site-packages/airflow/example_dags/example_branch_operator_decorator.py
[2022-10-02T20:52:51.876+0000] {processor.py:768} INFO - DAG(s) dict_keys(['example_branch_python_operator_decorator']) retrieved from /home/airflow/.local/lib/python3.7/site-packages/airflow/example_dags/example_branch_operator_decorator.py
[2022-10-02T20:52:51.909+0000] {logging_mixin.py:117} INFO - [2022-10-02T20:52:51.909+0000] {dag.py:2573} INFO - Sync 1 DAGs
[2022-10-02T20:52:51.934+0000] {logging_mixin.py:117} INFO - [2022-10-02T20:52:51.934+0000] {dag.py:3328} INFO - Setting next_dagrun for example_branch_python_operator_decorator to 2022-10-01T00:00:00+00:00, run_after=2022-10-02T00:00:00+00:00
[2022-10-02T20:52:51.953+0000] {processor.py:178} INFO - Processing /home/airflow/.local/lib/python3.7/site-packages/airflow/example_dags/example_branch_operator_decorator.py took 0.107 seconds
[2022-10-02T20:54:20.905+0000] {processor.py:156} INFO - Started process (PID=63) to work on /home/airflow/.local/lib/python3.7/site-packages/airflow/example_dags/example_branch_operator_decorator.py
[2022-10-02T20:54:20.907+0000] {processor.py:758} INFO - Processing file /home/airflow/.local/lib/python3.7/site-packages/airflow/example_dags/example_branch_operator_decorator.py for tasks to queue
[2022-10-02T20:54:20.908+0000] {logging_mixin.py:117} INFO - [2022-10-02T20:54:20.908+0000] {dagbag.py:525} INFO - Filling up the DagBag from /home/airflow/.local/lib/python3.7/site-packages/airflow/example_dags/example_branch_operator_decorator.py
[2022-10-02T20:54:20.936+0000] {processor.py:768} INFO - DAG(s) dict_keys(['example_branch_python_operator_decorator']) retrieved from /home/airflow/.local/lib/python3.7/site-packages/airflow/example_dags/example_branch_operator_decorator.py
[2022-10-02T20:54:20.972+0000] {logging_mixin.py:117} INFO - [2022-10-02T20:54:20.972+0000] {dag.py:2573} INFO - Sync 1 DAGs
[2022-10-02T20:54:21.007+0000] {logging_mixin.py:117} INFO - [2022-10-02T20:54:21.007+0000] {dag.py:3328} INFO - Setting next_dagrun for example_branch_python_operator_decorator to 2022-10-01T00:00:00+00:00, run_after=2022-10-02T00:00:00+00:00
[2022-10-02T20:54:21.046+0000] {processor.py:178} INFO - Processing /home/airflow/.local/lib/python3.7/site-packages/airflow/example_dags/example_branch_operator_decorator.py took 0.144 seconds
[2022-10-02T20:54:51.465+0000] {processor.py:156} INFO - Started process (PID=126) to work on /home/airflow/.local/lib/python3.7/site-packages/airflow/example_dags/example_branch_operator_decorator.py
[2022-10-02T20:54:51.467+0000] {processor.py:758} INFO - Processing file /home/airflow/.local/lib/python3.7/site-packages/airflow/example_dags/example_branch_operator_decorator.py for tasks to queue
[2022-10-02T20:54:51.468+0000] {logging_mixin.py:117} INFO - [2022-10-02T20:54:51.468+0000] {dagbag.py:525} INFO - Filling up the DagBag from /home/airflow/.local/lib/python3.7/site-packages/airflow/example_dags/example_branch_operator_decorator.py
[2022-10-02T20:54:51.484+0000] {processor.py:768} INFO - DAG(s) dict_keys(['example_branch_python_operator_decorator']) retrieved from /home/airflow/.local/lib/python3.7/site-packages/airflow/example_dags/example_branch_operator_decorator.py
[2022-10-02T20:54:51.514+0000] {logging_mixin.py:117} INFO - [2022-10-02T20:54:51.514+0000] {dag.py:2573} INFO - Sync 1 DAGs
[2022-10-02T20:54:51.530+0000] {logging_mixin.py:117} INFO - [2022-10-02T20:54:51.530+0000] {dag.py:3328} INFO - Setting next_dagrun for example_branch_python_operator_decorator to 2022-10-01T00:00:00+00:00, run_after=2022-10-02T00:00:00+00:00
[2022-10-02T20:54:51.543+0000] {processor.py:178} INFO - Processing /home/airflow/.local/lib/python3.7/site-packages/airflow/example_dags/example_branch_operator_decorator.py took 0.080 seconds
[2022-10-02T20:56:40.733+0000] {processor.py:156} INFO - Started process (PID=72) to work on /home/airflow/.local/lib/python3.7/site-packages/airflow/example_dags/example_branch_operator_decorator.py
[2022-10-02T20:56:40.736+0000] {processor.py:758} INFO - Processing file /home/airflow/.local/lib/python3.7/site-packages/airflow/example_dags/example_branch_operator_decorator.py for tasks to queue
[2022-10-02T20:56:40.738+0000] {logging_mixin.py:117} INFO - [2022-10-02T20:56:40.738+0000] {dagbag.py:525} INFO - Filling up the DagBag from /home/airflow/.local/lib/python3.7/site-packages/airflow/example_dags/example_branch_operator_decorator.py
[2022-10-02T20:56:40.807+0000] {processor.py:768} INFO - DAG(s) dict_keys(['example_branch_python_operator_decorator']) retrieved from /home/airflow/.local/lib/python3.7/site-packages/airflow/example_dags/example_branch_operator_decorator.py
[2022-10-02T20:56:40.886+0000] {logging_mixin.py:117} INFO - [2022-10-02T20:56:40.885+0000] {dag.py:2573} INFO - Sync 1 DAGs
[2022-10-02T20:56:40.968+0000] {logging_mixin.py:117} INFO - [2022-10-02T20:56:40.968+0000] {dag.py:3328} INFO - Setting next_dagrun for example_branch_python_operator_decorator to 2022-10-01T00:00:00+00:00, run_after=2022-10-02T00:00:00+00:00
[2022-10-02T20:56:41.010+0000] {processor.py:178} INFO - Processing /home/airflow/.local/lib/python3.7/site-packages/airflow/example_dags/example_branch_operator_decorator.py took 0.282 seconds
[2022-10-02T20:57:11.891+0000] {processor.py:156} INFO - Started process (PID=127) to work on /home/airflow/.local/lib/python3.7/site-packages/airflow/example_dags/example_branch_operator_decorator.py
[2022-10-02T20:57:11.894+0000] {processor.py:758} INFO - Processing file /home/airflow/.local/lib/python3.7/site-packages/airflow/example_dags/example_branch_operator_decorator.py for tasks to queue
[2022-10-02T20:57:11.896+0000] {logging_mixin.py:117} INFO - [2022-10-02T20:57:11.896+0000] {dagbag.py:525} INFO - Filling up the DagBag from /home/airflow/.local/lib/python3.7/site-packages/airflow/example_dags/example_branch_operator_decorator.py
[2022-10-02T20:57:11.919+0000] {processor.py:768} INFO - DAG(s) dict_keys(['example_branch_python_operator_decorator']) retrieved from /home/airflow/.local/lib/python3.7/site-packages/airflow/example_dags/example_branch_operator_decorator.py
[2022-10-02T20:57:11.978+0000] {logging_mixin.py:117} INFO - [2022-10-02T20:57:11.978+0000] {dag.py:2573} INFO - Sync 1 DAGs
[2022-10-02T20:57:12.004+0000] {logging_mixin.py:117} INFO - [2022-10-02T20:57:12.004+0000] {dag.py:3328} INFO - Setting next_dagrun for example_branch_python_operator_decorator to 2022-10-01T00:00:00+00:00, run_after=2022-10-02T00:00:00+00:00
[2022-10-02T20:57:12.020+0000] {processor.py:178} INFO - Processing /home/airflow/.local/lib/python3.7/site-packages/airflow/example_dags/example_branch_operator_decorator.py took 0.133 seconds
[2022-10-02T20:57:42.084+0000] {processor.py:156} INFO - Started process (PID=191) to work on /home/airflow/.local/lib/python3.7/site-packages/airflow/example_dags/example_branch_operator_decorator.py
[2022-10-02T20:57:42.087+0000] {processor.py:758} INFO - Processing file /home/airflow/.local/lib/python3.7/site-packages/airflow/example_dags/example_branch_operator_decorator.py for tasks to queue
[2022-10-02T20:57:42.089+0000] {logging_mixin.py:117} INFO - [2022-10-02T20:57:42.088+0000] {dagbag.py:525} INFO - Filling up the DagBag from /home/airflow/.local/lib/python3.7/site-packages/airflow/example_dags/example_branch_operator_decorator.py
[2022-10-02T20:57:42.107+0000] {processor.py:768} INFO - DAG(s) dict_keys(['example_branch_python_operator_decorator']) retrieved from /home/airflow/.local/lib/python3.7/site-packages/airflow/example_dags/example_branch_operator_decorator.py
[2022-10-02T20:57:42.133+0000] {logging_mixin.py:117} INFO - [2022-10-02T20:57:42.133+0000] {dag.py:2573} INFO - Sync 1 DAGs
[2022-10-02T20:57:42.150+0000] {logging_mixin.py:117} INFO - [2022-10-02T20:57:42.150+0000] {dag.py:3328} INFO - Setting next_dagrun for example_branch_python_operator_decorator to 2022-10-01T00:00:00+00:00, run_after=2022-10-02T00:00:00+00:00
[2022-10-02T20:57:42.161+0000] {processor.py:178} INFO - Processing /home/airflow/.local/lib/python3.7/site-packages/airflow/example_dags/example_branch_operator_decorator.py took 0.080 seconds
[2022-10-02T20:58:12.340+0000] {processor.py:156} INFO - Started process (PID=253) to work on /home/airflow/.local/lib/python3.7/site-packages/airflow/example_dags/example_branch_operator_decorator.py
[2022-10-02T20:58:12.342+0000] {processor.py:758} INFO - Processing file /home/airflow/.local/lib/python3.7/site-packages/airflow/example_dags/example_branch_operator_decorator.py for tasks to queue
[2022-10-02T20:58:12.345+0000] {logging_mixin.py:117} INFO - [2022-10-02T20:58:12.345+0000] {dagbag.py:525} INFO - Filling up the DagBag from /home/airflow/.local/lib/python3.7/site-packages/airflow/example_dags/example_branch_operator_decorator.py
[2022-10-02T20:58:12.371+0000] {processor.py:768} INFO - DAG(s) dict_keys(['example_branch_python_operator_decorator']) retrieved from /home/airflow/.local/lib/python3.7/site-packages/airflow/example_dags/example_branch_operator_decorator.py
[2022-10-02T20:58:12.399+0000] {logging_mixin.py:117} INFO - [2022-10-02T20:58:12.399+0000] {dag.py:2573} INFO - Sync 1 DAGs
[2022-10-02T20:58:12.417+0000] {logging_mixin.py:117} INFO - [2022-10-02T20:58:12.417+0000] {dag.py:3328} INFO - Setting next_dagrun for example_branch_python_operator_decorator to 2022-10-01T00:00:00+00:00, run_after=2022-10-02T00:00:00+00:00
[2022-10-02T20:58:12.432+0000] {processor.py:178} INFO - Processing /home/airflow/.local/lib/python3.7/site-packages/airflow/example_dags/example_branch_operator_decorator.py took 0.097 seconds
[2022-10-02T20:58:42.823+0000] {processor.py:156} INFO - Started process (PID=317) to work on /home/airflow/.local/lib/python3.7/site-packages/airflow/example_dags/example_branch_operator_decorator.py
[2022-10-02T20:58:42.825+0000] {processor.py:758} INFO - Processing file /home/airflow/.local/lib/python3.7/site-packages/airflow/example_dags/example_branch_operator_decorator.py for tasks to queue
[2022-10-02T20:58:42.826+0000] {logging_mixin.py:117} INFO - [2022-10-02T20:58:42.826+0000] {dagbag.py:525} INFO - Filling up the DagBag from /home/airflow/.local/lib/python3.7/site-packages/airflow/example_dags/example_branch_operator_decorator.py
[2022-10-02T20:58:42.856+0000] {processor.py:768} INFO - DAG(s) dict_keys(['example_branch_python_operator_decorator']) retrieved from /home/airflow/.local/lib/python3.7/site-packages/airflow/example_dags/example_branch_operator_decorator.py
[2022-10-02T20:58:42.884+0000] {logging_mixin.py:117} INFO - [2022-10-02T20:58:42.884+0000] {dag.py:2573} INFO - Sync 1 DAGs
[2022-10-02T20:58:42.900+0000] {logging_mixin.py:117} INFO - [2022-10-02T20:58:42.900+0000] {dag.py:3328} INFO - Setting next_dagrun for example_branch_python_operator_decorator to 2022-10-01T00:00:00+00:00, run_after=2022-10-02T00:00:00+00:00
[2022-10-02T20:58:42.912+0000] {processor.py:178} INFO - Processing /home/airflow/.local/lib/python3.7/site-packages/airflow/example_dags/example_branch_operator_decorator.py took 0.092 seconds
[2022-10-02T20:59:13.305+0000] {processor.py:156} INFO - Started process (PID=380) to work on /home/airflow/.local/lib/python3.7/site-packages/airflow/example_dags/example_branch_operator_decorator.py
[2022-10-02T20:59:13.307+0000] {processor.py:758} INFO - Processing file /home/airflow/.local/lib/python3.7/site-packages/airflow/example_dags/example_branch_operator_decorator.py for tasks to queue
[2022-10-02T20:59:13.308+0000] {logging_mixin.py:117} INFO - [2022-10-02T20:59:13.308+0000] {dagbag.py:525} INFO - Filling up the DagBag from /home/airflow/.local/lib/python3.7/site-packages/airflow/example_dags/example_branch_operator_decorator.py
[2022-10-02T20:59:13.336+0000] {processor.py:768} INFO - DAG(s) dict_keys(['example_branch_python_operator_decorator']) retrieved from /home/airflow/.local/lib/python3.7/site-packages/airflow/example_dags/example_branch_operator_decorator.py
[2022-10-02T20:59:13.384+0000] {logging_mixin.py:117} INFO - [2022-10-02T20:59:13.383+0000] {dag.py:2573} INFO - Sync 1 DAGs
[2022-10-02T20:59:13.411+0000] {logging_mixin.py:117} INFO - [2022-10-02T20:59:13.411+0000] {dag.py:3328} INFO - Setting next_dagrun for example_branch_python_operator_decorator to 2022-10-01T00:00:00+00:00, run_after=2022-10-02T00:00:00+00:00
[2022-10-02T20:59:13.433+0000] {processor.py:178} INFO - Processing /home/airflow/.local/lib/python3.7/site-packages/airflow/example_dags/example_branch_operator_decorator.py took 0.133 seconds
[2022-10-02T20:59:43.498+0000] {processor.py:156} INFO - Started process (PID=433) to work on /home/airflow/.local/lib/python3.7/site-packages/airflow/example_dags/example_branch_operator_decorator.py
[2022-10-02T20:59:43.501+0000] {processor.py:758} INFO - Processing file /home/airflow/.local/lib/python3.7/site-packages/airflow/example_dags/example_branch_operator_decorator.py for tasks to queue
[2022-10-02T20:59:43.502+0000] {logging_mixin.py:117} INFO - [2022-10-02T20:59:43.502+0000] {dagbag.py:525} INFO - Filling up the DagBag from /home/airflow/.local/lib/python3.7/site-packages/airflow/example_dags/example_branch_operator_decorator.py
[2022-10-02T20:59:43.518+0000] {processor.py:768} INFO - DAG(s) dict_keys(['example_branch_python_operator_decorator']) retrieved from /home/airflow/.local/lib/python3.7/site-packages/airflow/example_dags/example_branch_operator_decorator.py
[2022-10-02T20:59:43.541+0000] {logging_mixin.py:117} INFO - [2022-10-02T20:59:43.541+0000] {dag.py:2573} INFO - Sync 1 DAGs
[2022-10-02T20:59:43.557+0000] {logging_mixin.py:117} INFO - [2022-10-02T20:59:43.557+0000] {dag.py:3328} INFO - Setting next_dagrun for example_branch_python_operator_decorator to 2022-10-01T00:00:00+00:00, run_after=2022-10-02T00:00:00+00:00
[2022-10-02T20:59:43.568+0000] {processor.py:178} INFO - Processing /home/airflow/.local/lib/python3.7/site-packages/airflow/example_dags/example_branch_operator_decorator.py took 0.073 seconds
[2022-10-02T21:00:13.665+0000] {processor.py:156} INFO - Started process (PID=496) to work on /home/airflow/.local/lib/python3.7/site-packages/airflow/example_dags/example_branch_operator_decorator.py
[2022-10-02T21:00:13.668+0000] {processor.py:758} INFO - Processing file /home/airflow/.local/lib/python3.7/site-packages/airflow/example_dags/example_branch_operator_decorator.py for tasks to queue
[2022-10-02T21:00:13.670+0000] {logging_mixin.py:117} INFO - [2022-10-02T21:00:13.670+0000] {dagbag.py:525} INFO - Filling up the DagBag from /home/airflow/.local/lib/python3.7/site-packages/airflow/example_dags/example_branch_operator_decorator.py
[2022-10-02T21:00:13.695+0000] {processor.py:768} INFO - DAG(s) dict_keys(['example_branch_python_operator_decorator']) retrieved from /home/airflow/.local/lib/python3.7/site-packages/airflow/example_dags/example_branch_operator_decorator.py
[2022-10-02T21:00:13.725+0000] {logging_mixin.py:117} INFO - [2022-10-02T21:00:13.725+0000] {dag.py:2573} INFO - Sync 1 DAGs
[2022-10-02T21:00:13.742+0000] {logging_mixin.py:117} INFO - [2022-10-02T21:00:13.742+0000] {dag.py:3328} INFO - Setting next_dagrun for example_branch_python_operator_decorator to 2022-10-01T00:00:00+00:00, run_after=2022-10-02T00:00:00+00:00
[2022-10-02T21:00:13.754+0000] {processor.py:178} INFO - Processing /home/airflow/.local/lib/python3.7/site-packages/airflow/example_dags/example_branch_operator_decorator.py took 0.092 seconds
[2022-10-02T21:00:44.743+0000] {processor.py:156} INFO - Started process (PID=559) to work on /home/airflow/.local/lib/python3.7/site-packages/airflow/example_dags/example_branch_operator_decorator.py
[2022-10-02T21:00:44.746+0000] {processor.py:758} INFO - Processing file /home/airflow/.local/lib/python3.7/site-packages/airflow/example_dags/example_branch_operator_decorator.py for tasks to queue
[2022-10-02T21:00:44.747+0000] {logging_mixin.py:117} INFO - [2022-10-02T21:00:44.747+0000] {dagbag.py:525} INFO - Filling up the DagBag from /home/airflow/.local/lib/python3.7/site-packages/airflow/example_dags/example_branch_operator_decorator.py
[2022-10-02T21:00:44.761+0000] {processor.py:768} INFO - DAG(s) dict_keys(['example_branch_python_operator_decorator']) retrieved from /home/airflow/.local/lib/python3.7/site-packages/airflow/example_dags/example_branch_operator_decorator.py
[2022-10-02T21:00:44.787+0000] {logging_mixin.py:117} INFO - [2022-10-02T21:00:44.787+0000] {dag.py:2573} INFO - Sync 1 DAGs
[2022-10-02T21:00:44.802+0000] {logging_mixin.py:117} INFO - [2022-10-02T21:00:44.801+0000] {dag.py:3328} INFO - Setting next_dagrun for example_branch_python_operator_decorator to 2022-10-01T00:00:00+00:00, run_after=2022-10-02T00:00:00+00:00
[2022-10-02T21:00:44.813+0000] {processor.py:178} INFO - Processing /home/airflow/.local/lib/python3.7/site-packages/airflow/example_dags/example_branch_operator_decorator.py took 0.073 seconds
[2022-10-02T21:01:15.694+0000] {processor.py:156} INFO - Started process (PID=622) to work on /home/airflow/.local/lib/python3.7/site-packages/airflow/example_dags/example_branch_operator_decorator.py
[2022-10-02T21:01:15.699+0000] {processor.py:758} INFO - Processing file /home/airflow/.local/lib/python3.7/site-packages/airflow/example_dags/example_branch_operator_decorator.py for tasks to queue
[2022-10-02T21:01:15.703+0000] {logging_mixin.py:117} INFO - [2022-10-02T21:01:15.703+0000] {dagbag.py:525} INFO - Filling up the DagBag from /home/airflow/.local/lib/python3.7/site-packages/airflow/example_dags/example_branch_operator_decorator.py
[2022-10-02T21:01:15.727+0000] {processor.py:768} INFO - DAG(s) dict_keys(['example_branch_python_operator_decorator']) retrieved from /home/airflow/.local/lib/python3.7/site-packages/airflow/example_dags/example_branch_operator_decorator.py
[2022-10-02T21:01:15.768+0000] {logging_mixin.py:117} INFO - [2022-10-02T21:01:15.768+0000] {dag.py:2573} INFO - Sync 1 DAGs
[2022-10-02T21:01:15.786+0000] {logging_mixin.py:117} INFO - [2022-10-02T21:01:15.785+0000] {dag.py:3328} INFO - Setting next_dagrun for example_branch_python_operator_decorator to 2022-10-01T00:00:00+00:00, run_after=2022-10-02T00:00:00+00:00
[2022-10-02T21:01:15.798+0000] {processor.py:178} INFO - Processing /home/airflow/.local/lib/python3.7/site-packages/airflow/example_dags/example_branch_operator_decorator.py took 0.106 seconds
[2022-10-02T21:01:46.049+0000] {processor.py:156} INFO - Started process (PID=684) to work on /home/airflow/.local/lib/python3.7/site-packages/airflow/example_dags/example_branch_operator_decorator.py
[2022-10-02T21:01:46.051+0000] {processor.py:758} INFO - Processing file /home/airflow/.local/lib/python3.7/site-packages/airflow/example_dags/example_branch_operator_decorator.py for tasks to queue
[2022-10-02T21:01:46.054+0000] {logging_mixin.py:117} INFO - [2022-10-02T21:01:46.053+0000] {dagbag.py:525} INFO - Filling up the DagBag from /home/airflow/.local/lib/python3.7/site-packages/airflow/example_dags/example_branch_operator_decorator.py
[2022-10-02T21:01:46.074+0000] {processor.py:768} INFO - DAG(s) dict_keys(['example_branch_python_operator_decorator']) retrieved from /home/airflow/.local/lib/python3.7/site-packages/airflow/example_dags/example_branch_operator_decorator.py
[2022-10-02T21:01:46.117+0000] {logging_mixin.py:117} INFO - [2022-10-02T21:01:46.117+0000] {dag.py:2573} INFO - Sync 1 DAGs
[2022-10-02T21:01:46.140+0000] {logging_mixin.py:117} INFO - [2022-10-02T21:01:46.140+0000] {dag.py:3328} INFO - Setting next_dagrun for example_branch_python_operator_decorator to 2022-10-01T00:00:00+00:00, run_after=2022-10-02T00:00:00+00:00
[2022-10-02T21:01:46.162+0000] {processor.py:178} INFO - Processing /home/airflow/.local/lib/python3.7/site-packages/airflow/example_dags/example_branch_operator_decorator.py took 0.116 seconds
[2022-10-02T21:02:16.260+0000] {processor.py:156} INFO - Started process (PID=747) to work on /home/airflow/.local/lib/python3.7/site-packages/airflow/example_dags/example_branch_operator_decorator.py
[2022-10-02T21:02:16.262+0000] {processor.py:758} INFO - Processing file /home/airflow/.local/lib/python3.7/site-packages/airflow/example_dags/example_branch_operator_decorator.py for tasks to queue
[2022-10-02T21:02:16.263+0000] {logging_mixin.py:117} INFO - [2022-10-02T21:02:16.263+0000] {dagbag.py:525} INFO - Filling up the DagBag from /home/airflow/.local/lib/python3.7/site-packages/airflow/example_dags/example_branch_operator_decorator.py
[2022-10-02T21:02:16.281+0000] {processor.py:768} INFO - DAG(s) dict_keys(['example_branch_python_operator_decorator']) retrieved from /home/airflow/.local/lib/python3.7/site-packages/airflow/example_dags/example_branch_operator_decorator.py
[2022-10-02T21:02:16.308+0000] {logging_mixin.py:117} INFO - [2022-10-02T21:02:16.308+0000] {dag.py:2573} INFO - Sync 1 DAGs
[2022-10-02T21:02:16.325+0000] {logging_mixin.py:117} INFO - [2022-10-02T21:02:16.325+0000] {dag.py:3328} INFO - Setting next_dagrun for example_branch_python_operator_decorator to 2022-10-01T00:00:00+00:00, run_after=2022-10-02T00:00:00+00:00
[2022-10-02T21:02:16.339+0000] {processor.py:178} INFO - Processing /home/airflow/.local/lib/python3.7/site-packages/airflow/example_dags/example_branch_operator_decorator.py took 0.081 seconds
[2022-10-02T21:02:50.457+0000] {processor.py:156} INFO - Started process (PID=810) to work on /home/airflow/.local/lib/python3.7/site-packages/airflow/example_dags/example_branch_operator_decorator.py
[2022-10-02T21:02:50.458+0000] {processor.py:758} INFO - Processing file /home/airflow/.local/lib/python3.7/site-packages/airflow/example_dags/example_branch_operator_decorator.py for tasks to queue
[2022-10-02T21:02:50.460+0000] {logging_mixin.py:117} INFO - [2022-10-02T21:02:50.460+0000] {dagbag.py:525} INFO - Filling up the DagBag from /home/airflow/.local/lib/python3.7/site-packages/airflow/example_dags/example_branch_operator_decorator.py
[2022-10-02T21:02:50.479+0000] {processor.py:768} INFO - DAG(s) dict_keys(['example_branch_python_operator_decorator']) retrieved from /home/airflow/.local/lib/python3.7/site-packages/airflow/example_dags/example_branch_operator_decorator.py
[2022-10-02T21:02:50.513+0000] {logging_mixin.py:117} INFO - [2022-10-02T21:02:50.513+0000] {dag.py:2573} INFO - Sync 1 DAGs
[2022-10-02T21:02:50.546+0000] {logging_mixin.py:117} INFO - [2022-10-02T21:02:50.546+0000] {dag.py:3328} INFO - Setting next_dagrun for example_branch_python_operator_decorator to 2022-10-01T00:00:00+00:00, run_after=2022-10-02T00:00:00+00:00
[2022-10-02T21:02:50.563+0000] {processor.py:178} INFO - Processing /home/airflow/.local/lib/python3.7/site-packages/airflow/example_dags/example_branch_operator_decorator.py took 0.109 seconds
[2022-10-02T21:03:21.172+0000] {processor.py:156} INFO - Started process (PID=865) to work on /home/airflow/.local/lib/python3.7/site-packages/airflow/example_dags/example_branch_operator_decorator.py
[2022-10-02T21:03:21.173+0000] {processor.py:758} INFO - Processing file /home/airflow/.local/lib/python3.7/site-packages/airflow/example_dags/example_branch_operator_decorator.py for tasks to queue
[2022-10-02T21:03:21.174+0000] {logging_mixin.py:117} INFO - [2022-10-02T21:03:21.174+0000] {dagbag.py:525} INFO - Filling up the DagBag from /home/airflow/.local/lib/python3.7/site-packages/airflow/example_dags/example_branch_operator_decorator.py
[2022-10-02T21:03:21.194+0000] {processor.py:768} INFO - DAG(s) dict_keys(['example_branch_python_operator_decorator']) retrieved from /home/airflow/.local/lib/python3.7/site-packages/airflow/example_dags/example_branch_operator_decorator.py
[2022-10-02T21:03:21.230+0000] {logging_mixin.py:117} INFO - [2022-10-02T21:03:21.230+0000] {dag.py:2573} INFO - Sync 1 DAGs
[2022-10-02T21:03:21.249+0000] {logging_mixin.py:117} INFO - [2022-10-02T21:03:21.248+0000] {dag.py:3328} INFO - Setting next_dagrun for example_branch_python_operator_decorator to 2022-10-01T00:00:00+00:00, run_after=2022-10-02T00:00:00+00:00
[2022-10-02T21:03:21.279+0000] {processor.py:178} INFO - Processing /home/airflow/.local/lib/python3.7/site-packages/airflow/example_dags/example_branch_operator_decorator.py took 0.110 seconds
[2022-10-02T21:03:51.589+0000] {processor.py:156} INFO - Started process (PID=927) to work on /home/airflow/.local/lib/python3.7/site-packages/airflow/example_dags/example_branch_operator_decorator.py
[2022-10-02T21:03:51.591+0000] {processor.py:758} INFO - Processing file /home/airflow/.local/lib/python3.7/site-packages/airflow/example_dags/example_branch_operator_decorator.py for tasks to queue
[2022-10-02T21:03:51.592+0000] {logging_mixin.py:117} INFO - [2022-10-02T21:03:51.592+0000] {dagbag.py:525} INFO - Filling up the DagBag from /home/airflow/.local/lib/python3.7/site-packages/airflow/example_dags/example_branch_operator_decorator.py
[2022-10-02T21:03:51.610+0000] {processor.py:768} INFO - DAG(s) dict_keys(['example_branch_python_operator_decorator']) retrieved from /home/airflow/.local/lib/python3.7/site-packages/airflow/example_dags/example_branch_operator_decorator.py
[2022-10-02T21:03:51.652+0000] {logging_mixin.py:117} INFO - [2022-10-02T21:03:51.652+0000] {dag.py:2573} INFO - Sync 1 DAGs
[2022-10-02T21:03:51.677+0000] {logging_mixin.py:117} INFO - [2022-10-02T21:03:51.677+0000] {dag.py:3328} INFO - Setting next_dagrun for example_branch_python_operator_decorator to 2022-10-01T00:00:00+00:00, run_after=2022-10-02T00:00:00+00:00
[2022-10-02T21:03:51.700+0000] {processor.py:178} INFO - Processing /home/airflow/.local/lib/python3.7/site-packages/airflow/example_dags/example_branch_operator_decorator.py took 0.114 seconds
[2022-10-02T21:04:22.144+0000] {processor.py:156} INFO - Started process (PID=989) to work on /home/airflow/.local/lib/python3.7/site-packages/airflow/example_dags/example_branch_operator_decorator.py
[2022-10-02T21:04:22.146+0000] {processor.py:758} INFO - Processing file /home/airflow/.local/lib/python3.7/site-packages/airflow/example_dags/example_branch_operator_decorator.py for tasks to queue
[2022-10-02T21:04:22.148+0000] {logging_mixin.py:117} INFO - [2022-10-02T21:04:22.148+0000] {dagbag.py:525} INFO - Filling up the DagBag from /home/airflow/.local/lib/python3.7/site-packages/airflow/example_dags/example_branch_operator_decorator.py
[2022-10-02T21:04:22.167+0000] {processor.py:768} INFO - DAG(s) dict_keys(['example_branch_python_operator_decorator']) retrieved from /home/airflow/.local/lib/python3.7/site-packages/airflow/example_dags/example_branch_operator_decorator.py
[2022-10-02T21:04:22.204+0000] {logging_mixin.py:117} INFO - [2022-10-02T21:04:22.204+0000] {dag.py:2573} INFO - Sync 1 DAGs
[2022-10-02T21:04:22.227+0000] {logging_mixin.py:117} INFO - [2022-10-02T21:04:22.227+0000] {dag.py:3328} INFO - Setting next_dagrun for example_branch_python_operator_decorator to 2022-10-01T00:00:00+00:00, run_after=2022-10-02T00:00:00+00:00
[2022-10-02T21:04:22.242+0000] {processor.py:178} INFO - Processing /home/airflow/.local/lib/python3.7/site-packages/airflow/example_dags/example_branch_operator_decorator.py took 0.100 seconds
[2022-10-02T21:05:10.803+0000] {processor.py:156} INFO - Started process (PID=64) to work on /home/airflow/.local/lib/python3.7/site-packages/airflow/example_dags/example_branch_operator_decorator.py
[2022-10-02T21:05:10.805+0000] {processor.py:758} INFO - Processing file /home/airflow/.local/lib/python3.7/site-packages/airflow/example_dags/example_branch_operator_decorator.py for tasks to queue
[2022-10-02T21:05:10.806+0000] {logging_mixin.py:117} INFO - [2022-10-02T21:05:10.806+0000] {dagbag.py:525} INFO - Filling up the DagBag from /home/airflow/.local/lib/python3.7/site-packages/airflow/example_dags/example_branch_operator_decorator.py
[2022-10-02T21:05:10.831+0000] {processor.py:768} INFO - DAG(s) dict_keys(['example_branch_python_operator_decorator']) retrieved from /home/airflow/.local/lib/python3.7/site-packages/airflow/example_dags/example_branch_operator_decorator.py
[2022-10-02T21:05:10.864+0000] {logging_mixin.py:117} INFO - [2022-10-02T21:05:10.864+0000] {dag.py:2573} INFO - Sync 1 DAGs
[2022-10-02T21:05:10.889+0000] {logging_mixin.py:117} INFO - [2022-10-02T21:05:10.889+0000] {dag.py:3328} INFO - Setting next_dagrun for example_branch_python_operator_decorator to 2022-10-01T00:00:00+00:00, run_after=2022-10-02T00:00:00+00:00
[2022-10-02T21:05:10.910+0000] {processor.py:178} INFO - Processing /home/airflow/.local/lib/python3.7/site-packages/airflow/example_dags/example_branch_operator_decorator.py took 0.110 seconds
[2022-10-02T21:05:41.137+0000] {processor.py:156} INFO - Started process (PID=128) to work on /home/airflow/.local/lib/python3.7/site-packages/airflow/example_dags/example_branch_operator_decorator.py
[2022-10-02T21:05:41.139+0000] {processor.py:758} INFO - Processing file /home/airflow/.local/lib/python3.7/site-packages/airflow/example_dags/example_branch_operator_decorator.py for tasks to queue
[2022-10-02T21:05:41.140+0000] {logging_mixin.py:117} INFO - [2022-10-02T21:05:41.140+0000] {dagbag.py:525} INFO - Filling up the DagBag from /home/airflow/.local/lib/python3.7/site-packages/airflow/example_dags/example_branch_operator_decorator.py
[2022-10-02T21:05:41.156+0000] {processor.py:768} INFO - DAG(s) dict_keys(['example_branch_python_operator_decorator']) retrieved from /home/airflow/.local/lib/python3.7/site-packages/airflow/example_dags/example_branch_operator_decorator.py
[2022-10-02T21:05:41.185+0000] {logging_mixin.py:117} INFO - [2022-10-02T21:05:41.185+0000] {dag.py:2573} INFO - Sync 1 DAGs
[2022-10-02T21:05:41.199+0000] {logging_mixin.py:117} INFO - [2022-10-02T21:05:41.199+0000] {dag.py:3328} INFO - Setting next_dagrun for example_branch_python_operator_decorator to 2022-10-01T00:00:00+00:00, run_after=2022-10-02T00:00:00+00:00
[2022-10-02T21:05:41.214+0000] {processor.py:178} INFO - Processing /home/airflow/.local/lib/python3.7/site-packages/airflow/example_dags/example_branch_operator_decorator.py took 0.078 seconds
[2022-10-02T21:06:12.196+0000] {processor.py:156} INFO - Started process (PID=193) to work on /home/airflow/.local/lib/python3.7/site-packages/airflow/example_dags/example_branch_operator_decorator.py
[2022-10-02T21:06:12.197+0000] {processor.py:758} INFO - Processing file /home/airflow/.local/lib/python3.7/site-packages/airflow/example_dags/example_branch_operator_decorator.py for tasks to queue
[2022-10-02T21:06:12.198+0000] {logging_mixin.py:117} INFO - [2022-10-02T21:06:12.198+0000] {dagbag.py:525} INFO - Filling up the DagBag from /home/airflow/.local/lib/python3.7/site-packages/airflow/example_dags/example_branch_operator_decorator.py
[2022-10-02T21:06:12.215+0000] {processor.py:768} INFO - DAG(s) dict_keys(['example_branch_python_operator_decorator']) retrieved from /home/airflow/.local/lib/python3.7/site-packages/airflow/example_dags/example_branch_operator_decorator.py
[2022-10-02T21:06:12.242+0000] {logging_mixin.py:117} INFO - [2022-10-02T21:06:12.242+0000] {dag.py:2573} INFO - Sync 1 DAGs
[2022-10-02T21:06:12.259+0000] {logging_mixin.py:117} INFO - [2022-10-02T21:06:12.259+0000] {dag.py:3328} INFO - Setting next_dagrun for example_branch_python_operator_decorator to 2022-10-01T00:00:00+00:00, run_after=2022-10-02T00:00:00+00:00
[2022-10-02T21:06:12.273+0000] {processor.py:178} INFO - Processing /home/airflow/.local/lib/python3.7/site-packages/airflow/example_dags/example_branch_operator_decorator.py took 0.080 seconds
[2022-10-02T21:06:42.445+0000] {processor.py:156} INFO - Started process (PID=256) to work on /home/airflow/.local/lib/python3.7/site-packages/airflow/example_dags/example_branch_operator_decorator.py
[2022-10-02T21:06:42.447+0000] {processor.py:758} INFO - Processing file /home/airflow/.local/lib/python3.7/site-packages/airflow/example_dags/example_branch_operator_decorator.py for tasks to queue
[2022-10-02T21:06:42.448+0000] {logging_mixin.py:117} INFO - [2022-10-02T21:06:42.448+0000] {dagbag.py:525} INFO - Filling up the DagBag from /home/airflow/.local/lib/python3.7/site-packages/airflow/example_dags/example_branch_operator_decorator.py
[2022-10-02T21:06:42.464+0000] {processor.py:768} INFO - DAG(s) dict_keys(['example_branch_python_operator_decorator']) retrieved from /home/airflow/.local/lib/python3.7/site-packages/airflow/example_dags/example_branch_operator_decorator.py
[2022-10-02T21:06:42.493+0000] {logging_mixin.py:117} INFO - [2022-10-02T21:06:42.493+0000] {dag.py:2573} INFO - Sync 1 DAGs
[2022-10-02T21:06:42.513+0000] {logging_mixin.py:117} INFO - [2022-10-02T21:06:42.512+0000] {dag.py:3328} INFO - Setting next_dagrun for example_branch_python_operator_decorator to 2022-10-01T00:00:00+00:00, run_after=2022-10-02T00:00:00+00:00
[2022-10-02T21:06:42.525+0000] {processor.py:178} INFO - Processing /home/airflow/.local/lib/python3.7/site-packages/airflow/example_dags/example_branch_operator_decorator.py took 0.082 seconds
[2022-10-02T21:07:13.167+0000] {processor.py:156} INFO - Started process (PID=319) to work on /home/airflow/.local/lib/python3.7/site-packages/airflow/example_dags/example_branch_operator_decorator.py
[2022-10-02T21:07:13.168+0000] {processor.py:758} INFO - Processing file /home/airflow/.local/lib/python3.7/site-packages/airflow/example_dags/example_branch_operator_decorator.py for tasks to queue
[2022-10-02T21:07:13.170+0000] {logging_mixin.py:117} INFO - [2022-10-02T21:07:13.170+0000] {dagbag.py:525} INFO - Filling up the DagBag from /home/airflow/.local/lib/python3.7/site-packages/airflow/example_dags/example_branch_operator_decorator.py
[2022-10-02T21:07:13.187+0000] {processor.py:768} INFO - DAG(s) dict_keys(['example_branch_python_operator_decorator']) retrieved from /home/airflow/.local/lib/python3.7/site-packages/airflow/example_dags/example_branch_operator_decorator.py
[2022-10-02T21:07:13.212+0000] {logging_mixin.py:117} INFO - [2022-10-02T21:07:13.212+0000] {dag.py:2573} INFO - Sync 1 DAGs
[2022-10-02T21:07:13.236+0000] {logging_mixin.py:117} INFO - [2022-10-02T21:07:13.235+0000] {dag.py:3328} INFO - Setting next_dagrun for example_branch_python_operator_decorator to 2022-10-01T00:00:00+00:00, run_after=2022-10-02T00:00:00+00:00
[2022-10-02T21:07:13.249+0000] {processor.py:178} INFO - Processing /home/airflow/.local/lib/python3.7/site-packages/airflow/example_dags/example_branch_operator_decorator.py took 0.085 seconds
[2022-10-02T21:07:43.407+0000] {processor.py:156} INFO - Started process (PID=373) to work on /home/airflow/.local/lib/python3.7/site-packages/airflow/example_dags/example_branch_operator_decorator.py
[2022-10-02T21:07:43.409+0000] {processor.py:758} INFO - Processing file /home/airflow/.local/lib/python3.7/site-packages/airflow/example_dags/example_branch_operator_decorator.py for tasks to queue
[2022-10-02T21:07:43.415+0000] {logging_mixin.py:117} INFO - [2022-10-02T21:07:43.415+0000] {dagbag.py:525} INFO - Filling up the DagBag from /home/airflow/.local/lib/python3.7/site-packages/airflow/example_dags/example_branch_operator_decorator.py
[2022-10-02T21:07:43.436+0000] {processor.py:768} INFO - DAG(s) dict_keys(['example_branch_python_operator_decorator']) retrieved from /home/airflow/.local/lib/python3.7/site-packages/airflow/example_dags/example_branch_operator_decorator.py
[2022-10-02T21:07:43.470+0000] {logging_mixin.py:117} INFO - [2022-10-02T21:07:43.470+0000] {dag.py:2573} INFO - Sync 1 DAGs
[2022-10-02T21:07:43.487+0000] {logging_mixin.py:117} INFO - [2022-10-02T21:07:43.486+0000] {dag.py:3328} INFO - Setting next_dagrun for example_branch_python_operator_decorator to 2022-10-01T00:00:00+00:00, run_after=2022-10-02T00:00:00+00:00
[2022-10-02T21:07:43.506+0000] {processor.py:178} INFO - Processing /home/airflow/.local/lib/python3.7/site-packages/airflow/example_dags/example_branch_operator_decorator.py took 0.102 seconds
[2022-10-02T21:08:13.531+0000] {processor.py:156} INFO - Started process (PID=436) to work on /home/airflow/.local/lib/python3.7/site-packages/airflow/example_dags/example_branch_operator_decorator.py
[2022-10-02T21:08:13.532+0000] {processor.py:758} INFO - Processing file /home/airflow/.local/lib/python3.7/site-packages/airflow/example_dags/example_branch_operator_decorator.py for tasks to queue
[2022-10-02T21:08:13.533+0000] {logging_mixin.py:117} INFO - [2022-10-02T21:08:13.533+0000] {dagbag.py:525} INFO - Filling up the DagBag from /home/airflow/.local/lib/python3.7/site-packages/airflow/example_dags/example_branch_operator_decorator.py
[2022-10-02T21:08:13.548+0000] {processor.py:768} INFO - DAG(s) dict_keys(['example_branch_python_operator_decorator']) retrieved from /home/airflow/.local/lib/python3.7/site-packages/airflow/example_dags/example_branch_operator_decorator.py
[2022-10-02T21:08:13.574+0000] {logging_mixin.py:117} INFO - [2022-10-02T21:08:13.574+0000] {dag.py:2573} INFO - Sync 1 DAGs
[2022-10-02T21:08:13.589+0000] {logging_mixin.py:117} INFO - [2022-10-02T21:08:13.589+0000] {dag.py:3328} INFO - Setting next_dagrun for example_branch_python_operator_decorator to 2022-10-01T00:00:00+00:00, run_after=2022-10-02T00:00:00+00:00
[2022-10-02T21:08:13.603+0000] {processor.py:178} INFO - Processing /home/airflow/.local/lib/python3.7/site-packages/airflow/example_dags/example_branch_operator_decorator.py took 0.073 seconds
[2022-10-02T21:08:43.643+0000] {processor.py:156} INFO - Started process (PID=499) to work on /home/airflow/.local/lib/python3.7/site-packages/airflow/example_dags/example_branch_operator_decorator.py
[2022-10-02T21:08:43.644+0000] {processor.py:758} INFO - Processing file /home/airflow/.local/lib/python3.7/site-packages/airflow/example_dags/example_branch_operator_decorator.py for tasks to queue
[2022-10-02T21:08:43.645+0000] {logging_mixin.py:117} INFO - [2022-10-02T21:08:43.645+0000] {dagbag.py:525} INFO - Filling up the DagBag from /home/airflow/.local/lib/python3.7/site-packages/airflow/example_dags/example_branch_operator_decorator.py
[2022-10-02T21:08:43.660+0000] {processor.py:768} INFO - DAG(s) dict_keys(['example_branch_python_operator_decorator']) retrieved from /home/airflow/.local/lib/python3.7/site-packages/airflow/example_dags/example_branch_operator_decorator.py
[2022-10-02T21:08:43.688+0000] {logging_mixin.py:117} INFO - [2022-10-02T21:08:43.687+0000] {dag.py:2573} INFO - Sync 1 DAGs
[2022-10-02T21:08:43.713+0000] {logging_mixin.py:117} INFO - [2022-10-02T21:08:43.713+0000] {dag.py:3328} INFO - Setting next_dagrun for example_branch_python_operator_decorator to 2022-10-01T00:00:00+00:00, run_after=2022-10-02T00:00:00+00:00
[2022-10-02T21:08:43.725+0000] {processor.py:178} INFO - Processing /home/airflow/.local/lib/python3.7/site-packages/airflow/example_dags/example_branch_operator_decorator.py took 0.085 seconds
[2022-10-02T21:09:13.943+0000] {processor.py:156} INFO - Started process (PID=562) to work on /home/airflow/.local/lib/python3.7/site-packages/airflow/example_dags/example_branch_operator_decorator.py
[2022-10-02T21:09:13.944+0000] {processor.py:758} INFO - Processing file /home/airflow/.local/lib/python3.7/site-packages/airflow/example_dags/example_branch_operator_decorator.py for tasks to queue
[2022-10-02T21:09:13.945+0000] {logging_mixin.py:117} INFO - [2022-10-02T21:09:13.945+0000] {dagbag.py:525} INFO - Filling up the DagBag from /home/airflow/.local/lib/python3.7/site-packages/airflow/example_dags/example_branch_operator_decorator.py
[2022-10-02T21:09:13.960+0000] {processor.py:768} INFO - DAG(s) dict_keys(['example_branch_python_operator_decorator']) retrieved from /home/airflow/.local/lib/python3.7/site-packages/airflow/example_dags/example_branch_operator_decorator.py
[2022-10-02T21:09:13.986+0000] {logging_mixin.py:117} INFO - [2022-10-02T21:09:13.986+0000] {dag.py:2573} INFO - Sync 1 DAGs
[2022-10-02T21:09:14.001+0000] {logging_mixin.py:117} INFO - [2022-10-02T21:09:14.001+0000] {dag.py:3328} INFO - Setting next_dagrun for example_branch_python_operator_decorator to 2022-10-01T00:00:00+00:00, run_after=2022-10-02T00:00:00+00:00
[2022-10-02T21:09:14.015+0000] {processor.py:178} INFO - Processing /home/airflow/.local/lib/python3.7/site-packages/airflow/example_dags/example_branch_operator_decorator.py took 0.074 seconds
[2022-10-02T21:09:44.219+0000] {processor.py:156} INFO - Started process (PID=625) to work on /home/airflow/.local/lib/python3.7/site-packages/airflow/example_dags/example_branch_operator_decorator.py
[2022-10-02T21:09:44.221+0000] {processor.py:758} INFO - Processing file /home/airflow/.local/lib/python3.7/site-packages/airflow/example_dags/example_branch_operator_decorator.py for tasks to queue
[2022-10-02T21:09:44.222+0000] {logging_mixin.py:117} INFO - [2022-10-02T21:09:44.222+0000] {dagbag.py:525} INFO - Filling up the DagBag from /home/airflow/.local/lib/python3.7/site-packages/airflow/example_dags/example_branch_operator_decorator.py
[2022-10-02T21:09:44.237+0000] {processor.py:768} INFO - DAG(s) dict_keys(['example_branch_python_operator_decorator']) retrieved from /home/airflow/.local/lib/python3.7/site-packages/airflow/example_dags/example_branch_operator_decorator.py
[2022-10-02T21:09:44.263+0000] {logging_mixin.py:117} INFO - [2022-10-02T21:09:44.263+0000] {dag.py:2573} INFO - Sync 1 DAGs
[2022-10-02T21:09:44.281+0000] {logging_mixin.py:117} INFO - [2022-10-02T21:09:44.281+0000] {dag.py:3328} INFO - Setting next_dagrun for example_branch_python_operator_decorator to 2022-10-01T00:00:00+00:00, run_after=2022-10-02T00:00:00+00:00
[2022-10-02T21:09:44.292+0000] {processor.py:178} INFO - Processing /home/airflow/.local/lib/python3.7/site-packages/airflow/example_dags/example_branch_operator_decorator.py took 0.075 seconds
[2022-10-02T21:10:14.382+0000] {processor.py:156} INFO - Started process (PID=679) to work on /home/airflow/.local/lib/python3.7/site-packages/airflow/example_dags/example_branch_operator_decorator.py
[2022-10-02T21:10:14.383+0000] {processor.py:758} INFO - Processing file /home/airflow/.local/lib/python3.7/site-packages/airflow/example_dags/example_branch_operator_decorator.py for tasks to queue
[2022-10-02T21:10:14.384+0000] {logging_mixin.py:117} INFO - [2022-10-02T21:10:14.384+0000] {dagbag.py:525} INFO - Filling up the DagBag from /home/airflow/.local/lib/python3.7/site-packages/airflow/example_dags/example_branch_operator_decorator.py
[2022-10-02T21:10:14.401+0000] {processor.py:768} INFO - DAG(s) dict_keys(['example_branch_python_operator_decorator']) retrieved from /home/airflow/.local/lib/python3.7/site-packages/airflow/example_dags/example_branch_operator_decorator.py
[2022-10-02T21:10:14.427+0000] {logging_mixin.py:117} INFO - [2022-10-02T21:10:14.427+0000] {dag.py:2573} INFO - Sync 1 DAGs
[2022-10-02T21:10:14.449+0000] {logging_mixin.py:117} INFO - [2022-10-02T21:10:14.449+0000] {dag.py:3328} INFO - Setting next_dagrun for example_branch_python_operator_decorator to 2022-10-01T00:00:00+00:00, run_after=2022-10-02T00:00:00+00:00
[2022-10-02T21:10:14.466+0000] {processor.py:178} INFO - Processing /home/airflow/.local/lib/python3.7/site-packages/airflow/example_dags/example_branch_operator_decorator.py took 0.086 seconds
[2022-10-02T21:10:45.557+0000] {processor.py:156} INFO - Started process (PID=741) to work on /home/airflow/.local/lib/python3.7/site-packages/airflow/example_dags/example_branch_operator_decorator.py
[2022-10-02T21:10:45.558+0000] {processor.py:758} INFO - Processing file /home/airflow/.local/lib/python3.7/site-packages/airflow/example_dags/example_branch_operator_decorator.py for tasks to queue
[2022-10-02T21:10:45.559+0000] {logging_mixin.py:117} INFO - [2022-10-02T21:10:45.559+0000] {dagbag.py:525} INFO - Filling up the DagBag from /home/airflow/.local/lib/python3.7/site-packages/airflow/example_dags/example_branch_operator_decorator.py
[2022-10-02T21:10:45.574+0000] {processor.py:768} INFO - DAG(s) dict_keys(['example_branch_python_operator_decorator']) retrieved from /home/airflow/.local/lib/python3.7/site-packages/airflow/example_dags/example_branch_operator_decorator.py
[2022-10-02T21:10:45.599+0000] {logging_mixin.py:117} INFO - [2022-10-02T21:10:45.599+0000] {dag.py:2573} INFO - Sync 1 DAGs
[2022-10-02T21:10:45.614+0000] {logging_mixin.py:117} INFO - [2022-10-02T21:10:45.614+0000] {dag.py:3328} INFO - Setting next_dagrun for example_branch_python_operator_decorator to 2022-10-01T00:00:00+00:00, run_after=2022-10-02T00:00:00+00:00
[2022-10-02T21:10:45.625+0000] {processor.py:178} INFO - Processing /home/airflow/.local/lib/python3.7/site-packages/airflow/example_dags/example_branch_operator_decorator.py took 0.070 seconds
[2022-10-02T21:11:15.878+0000] {processor.py:156} INFO - Started process (PID=804) to work on /home/airflow/.local/lib/python3.7/site-packages/airflow/example_dags/example_branch_operator_decorator.py
[2022-10-02T21:11:15.879+0000] {processor.py:758} INFO - Processing file /home/airflow/.local/lib/python3.7/site-packages/airflow/example_dags/example_branch_operator_decorator.py for tasks to queue
[2022-10-02T21:11:15.880+0000] {logging_mixin.py:117} INFO - [2022-10-02T21:11:15.880+0000] {dagbag.py:525} INFO - Filling up the DagBag from /home/airflow/.local/lib/python3.7/site-packages/airflow/example_dags/example_branch_operator_decorator.py
[2022-10-02T21:11:15.895+0000] {processor.py:768} INFO - DAG(s) dict_keys(['example_branch_python_operator_decorator']) retrieved from /home/airflow/.local/lib/python3.7/site-packages/airflow/example_dags/example_branch_operator_decorator.py
[2022-10-02T21:11:15.921+0000] {logging_mixin.py:117} INFO - [2022-10-02T21:11:15.921+0000] {dag.py:2573} INFO - Sync 1 DAGs
[2022-10-02T21:11:15.936+0000] {logging_mixin.py:117} INFO - [2022-10-02T21:11:15.936+0000] {dag.py:3328} INFO - Setting next_dagrun for example_branch_python_operator_decorator to 2022-10-01T00:00:00+00:00, run_after=2022-10-02T00:00:00+00:00
[2022-10-02T21:11:15.947+0000] {processor.py:178} INFO - Processing /home/airflow/.local/lib/python3.7/site-packages/airflow/example_dags/example_branch_operator_decorator.py took 0.071 seconds
[2022-10-02T21:11:46.556+0000] {processor.py:156} INFO - Started process (PID=866) to work on /home/airflow/.local/lib/python3.7/site-packages/airflow/example_dags/example_branch_operator_decorator.py
[2022-10-02T21:11:46.557+0000] {processor.py:758} INFO - Processing file /home/airflow/.local/lib/python3.7/site-packages/airflow/example_dags/example_branch_operator_decorator.py for tasks to queue
[2022-10-02T21:11:46.558+0000] {logging_mixin.py:117} INFO - [2022-10-02T21:11:46.558+0000] {dagbag.py:525} INFO - Filling up the DagBag from /home/airflow/.local/lib/python3.7/site-packages/airflow/example_dags/example_branch_operator_decorator.py
[2022-10-02T21:11:46.574+0000] {processor.py:768} INFO - DAG(s) dict_keys(['example_branch_python_operator_decorator']) retrieved from /home/airflow/.local/lib/python3.7/site-packages/airflow/example_dags/example_branch_operator_decorator.py
[2022-10-02T21:11:46.602+0000] {logging_mixin.py:117} INFO - [2022-10-02T21:11:46.602+0000] {dag.py:2573} INFO - Sync 1 DAGs
[2022-10-02T21:11:46.619+0000] {logging_mixin.py:117} INFO - [2022-10-02T21:11:46.619+0000] {dag.py:3328} INFO - Setting next_dagrun for example_branch_python_operator_decorator to 2022-10-01T00:00:00+00:00, run_after=2022-10-02T00:00:00+00:00
[2022-10-02T21:11:46.631+0000] {processor.py:178} INFO - Processing /home/airflow/.local/lib/python3.7/site-packages/airflow/example_dags/example_branch_operator_decorator.py took 0.078 seconds
[2022-10-02T21:12:16.826+0000] {processor.py:156} INFO - Started process (PID=930) to work on /home/airflow/.local/lib/python3.7/site-packages/airflow/example_dags/example_branch_operator_decorator.py
[2022-10-02T21:12:16.828+0000] {processor.py:758} INFO - Processing file /home/airflow/.local/lib/python3.7/site-packages/airflow/example_dags/example_branch_operator_decorator.py for tasks to queue
[2022-10-02T21:12:16.828+0000] {logging_mixin.py:117} INFO - [2022-10-02T21:12:16.828+0000] {dagbag.py:525} INFO - Filling up the DagBag from /home/airflow/.local/lib/python3.7/site-packages/airflow/example_dags/example_branch_operator_decorator.py
[2022-10-02T21:12:16.845+0000] {processor.py:768} INFO - DAG(s) dict_keys(['example_branch_python_operator_decorator']) retrieved from /home/airflow/.local/lib/python3.7/site-packages/airflow/example_dags/example_branch_operator_decorator.py
[2022-10-02T21:12:16.872+0000] {logging_mixin.py:117} INFO - [2022-10-02T21:12:16.872+0000] {dag.py:2573} INFO - Sync 1 DAGs
[2022-10-02T21:12:16.888+0000] {logging_mixin.py:117} INFO - [2022-10-02T21:12:16.888+0000] {dag.py:3328} INFO - Setting next_dagrun for example_branch_python_operator_decorator to 2022-10-01T00:00:00+00:00, run_after=2022-10-02T00:00:00+00:00
[2022-10-02T21:12:16.900+0000] {processor.py:178} INFO - Processing /home/airflow/.local/lib/python3.7/site-packages/airflow/example_dags/example_branch_operator_decorator.py took 0.076 seconds
[2022-10-02T21:12:47.155+0000] {processor.py:156} INFO - Started process (PID=993) to work on /home/airflow/.local/lib/python3.7/site-packages/airflow/example_dags/example_branch_operator_decorator.py
[2022-10-02T21:12:47.157+0000] {processor.py:758} INFO - Processing file /home/airflow/.local/lib/python3.7/site-packages/airflow/example_dags/example_branch_operator_decorator.py for tasks to queue
[2022-10-02T21:12:47.158+0000] {logging_mixin.py:117} INFO - [2022-10-02T21:12:47.158+0000] {dagbag.py:525} INFO - Filling up the DagBag from /home/airflow/.local/lib/python3.7/site-packages/airflow/example_dags/example_branch_operator_decorator.py
[2022-10-02T21:12:47.175+0000] {processor.py:768} INFO - DAG(s) dict_keys(['example_branch_python_operator_decorator']) retrieved from /home/airflow/.local/lib/python3.7/site-packages/airflow/example_dags/example_branch_operator_decorator.py
[2022-10-02T21:12:47.205+0000] {logging_mixin.py:117} INFO - [2022-10-02T21:12:47.205+0000] {dag.py:2573} INFO - Sync 1 DAGs
[2022-10-02T21:12:47.241+0000] {logging_mixin.py:117} INFO - [2022-10-02T21:12:47.241+0000] {dag.py:3328} INFO - Setting next_dagrun for example_branch_python_operator_decorator to 2022-10-01T00:00:00+00:00, run_after=2022-10-02T00:00:00+00:00
[2022-10-02T21:12:47.271+0000] {processor.py:178} INFO - Processing /home/airflow/.local/lib/python3.7/site-packages/airflow/example_dags/example_branch_operator_decorator.py took 0.117 seconds
[2022-10-02T21:13:17.430+0000] {processor.py:156} INFO - Started process (PID=1054) to work on /home/airflow/.local/lib/python3.7/site-packages/airflow/example_dags/example_branch_operator_decorator.py
[2022-10-02T21:13:17.437+0000] {processor.py:758} INFO - Processing file /home/airflow/.local/lib/python3.7/site-packages/airflow/example_dags/example_branch_operator_decorator.py for tasks to queue
[2022-10-02T21:13:17.438+0000] {logging_mixin.py:117} INFO - [2022-10-02T21:13:17.438+0000] {dagbag.py:525} INFO - Filling up the DagBag from /home/airflow/.local/lib/python3.7/site-packages/airflow/example_dags/example_branch_operator_decorator.py
[2022-10-02T21:13:17.455+0000] {processor.py:768} INFO - DAG(s) dict_keys(['example_branch_python_operator_decorator']) retrieved from /home/airflow/.local/lib/python3.7/site-packages/airflow/example_dags/example_branch_operator_decorator.py
[2022-10-02T21:13:17.484+0000] {logging_mixin.py:117} INFO - [2022-10-02T21:13:17.484+0000] {dag.py:2573} INFO - Sync 1 DAGs
[2022-10-02T21:13:17.502+0000] {logging_mixin.py:117} INFO - [2022-10-02T21:13:17.502+0000] {dag.py:3328} INFO - Setting next_dagrun for example_branch_python_operator_decorator to 2022-10-01T00:00:00+00:00, run_after=2022-10-02T00:00:00+00:00
[2022-10-02T21:13:17.518+0000] {processor.py:178} INFO - Processing /home/airflow/.local/lib/python3.7/site-packages/airflow/example_dags/example_branch_operator_decorator.py took 0.090 seconds
[2022-10-02T21:15:02.733+0000] {processor.py:156} INFO - Started process (PID=73) to work on /home/airflow/.local/lib/python3.7/site-packages/airflow/example_dags/example_branch_operator_decorator.py
[2022-10-02T21:15:02.735+0000] {processor.py:758} INFO - Processing file /home/airflow/.local/lib/python3.7/site-packages/airflow/example_dags/example_branch_operator_decorator.py for tasks to queue
[2022-10-02T21:15:02.737+0000] {logging_mixin.py:117} INFO - [2022-10-02T21:15:02.737+0000] {dagbag.py:525} INFO - Filling up the DagBag from /home/airflow/.local/lib/python3.7/site-packages/airflow/example_dags/example_branch_operator_decorator.py
[2022-10-02T21:15:02.780+0000] {processor.py:768} INFO - DAG(s) dict_keys(['example_branch_python_operator_decorator']) retrieved from /home/airflow/.local/lib/python3.7/site-packages/airflow/example_dags/example_branch_operator_decorator.py
[2022-10-02T21:15:02.819+0000] {logging_mixin.py:117} INFO - [2022-10-02T21:15:02.819+0000] {dag.py:2573} INFO - Sync 1 DAGs
[2022-10-02T21:15:02.861+0000] {logging_mixin.py:117} INFO - [2022-10-02T21:15:02.861+0000] {dag.py:3328} INFO - Setting next_dagrun for example_branch_python_operator_decorator to 2022-10-01T00:00:00+00:00, run_after=2022-10-02T00:00:00+00:00
[2022-10-02T21:15:02.886+0000] {processor.py:178} INFO - Processing /home/airflow/.local/lib/python3.7/site-packages/airflow/example_dags/example_branch_operator_decorator.py took 0.157 seconds
[2022-10-02T21:15:33.178+0000] {processor.py:156} INFO - Started process (PID=136) to work on /home/airflow/.local/lib/python3.7/site-packages/airflow/example_dags/example_branch_operator_decorator.py
[2022-10-02T21:15:33.180+0000] {processor.py:758} INFO - Processing file /home/airflow/.local/lib/python3.7/site-packages/airflow/example_dags/example_branch_operator_decorator.py for tasks to queue
[2022-10-02T21:15:33.183+0000] {logging_mixin.py:117} INFO - [2022-10-02T21:15:33.183+0000] {dagbag.py:525} INFO - Filling up the DagBag from /home/airflow/.local/lib/python3.7/site-packages/airflow/example_dags/example_branch_operator_decorator.py
[2022-10-02T21:15:33.201+0000] {processor.py:768} INFO - DAG(s) dict_keys(['example_branch_python_operator_decorator']) retrieved from /home/airflow/.local/lib/python3.7/site-packages/airflow/example_dags/example_branch_operator_decorator.py
[2022-10-02T21:15:33.244+0000] {logging_mixin.py:117} INFO - [2022-10-02T21:15:33.244+0000] {dag.py:2573} INFO - Sync 1 DAGs
[2022-10-02T21:15:33.265+0000] {logging_mixin.py:117} INFO - [2022-10-02T21:15:33.265+0000] {dag.py:3328} INFO - Setting next_dagrun for example_branch_python_operator_decorator to 2022-10-01T00:00:00+00:00, run_after=2022-10-02T00:00:00+00:00
[2022-10-02T21:15:33.283+0000] {processor.py:178} INFO - Processing /home/airflow/.local/lib/python3.7/site-packages/airflow/example_dags/example_branch_operator_decorator.py took 0.109 seconds
[2022-10-02T21:16:03.936+0000] {processor.py:156} INFO - Started process (PID=191) to work on /home/airflow/.local/lib/python3.7/site-packages/airflow/example_dags/example_branch_operator_decorator.py
[2022-10-02T21:16:03.939+0000] {processor.py:758} INFO - Processing file /home/airflow/.local/lib/python3.7/site-packages/airflow/example_dags/example_branch_operator_decorator.py for tasks to queue
[2022-10-02T21:16:03.940+0000] {logging_mixin.py:117} INFO - [2022-10-02T21:16:03.940+0000] {dagbag.py:525} INFO - Filling up the DagBag from /home/airflow/.local/lib/python3.7/site-packages/airflow/example_dags/example_branch_operator_decorator.py
[2022-10-02T21:16:03.981+0000] {processor.py:768} INFO - DAG(s) dict_keys(['example_branch_python_operator_decorator']) retrieved from /home/airflow/.local/lib/python3.7/site-packages/airflow/example_dags/example_branch_operator_decorator.py
[2022-10-02T21:16:04.047+0000] {logging_mixin.py:117} INFO - [2022-10-02T21:16:04.047+0000] {dag.py:2573} INFO - Sync 1 DAGs
[2022-10-02T21:16:04.077+0000] {logging_mixin.py:117} INFO - [2022-10-02T21:16:04.077+0000] {dag.py:3328} INFO - Setting next_dagrun for example_branch_python_operator_decorator to 2022-10-01T00:00:00+00:00, run_after=2022-10-02T00:00:00+00:00
[2022-10-02T21:16:04.102+0000] {processor.py:178} INFO - Processing /home/airflow/.local/lib/python3.7/site-packages/airflow/example_dags/example_branch_operator_decorator.py took 0.169 seconds
[2022-10-02T21:16:35.066+0000] {processor.py:156} INFO - Started process (PID=253) to work on /home/airflow/.local/lib/python3.7/site-packages/airflow/example_dags/example_branch_operator_decorator.py
[2022-10-02T21:16:35.068+0000] {processor.py:758} INFO - Processing file /home/airflow/.local/lib/python3.7/site-packages/airflow/example_dags/example_branch_operator_decorator.py for tasks to queue
[2022-10-02T21:16:35.069+0000] {logging_mixin.py:117} INFO - [2022-10-02T21:16:35.069+0000] {dagbag.py:525} INFO - Filling up the DagBag from /home/airflow/.local/lib/python3.7/site-packages/airflow/example_dags/example_branch_operator_decorator.py
[2022-10-02T21:16:35.115+0000] {processor.py:768} INFO - DAG(s) dict_keys(['example_branch_python_operator_decorator']) retrieved from /home/airflow/.local/lib/python3.7/site-packages/airflow/example_dags/example_branch_operator_decorator.py
[2022-10-02T21:16:35.187+0000] {logging_mixin.py:117} INFO - [2022-10-02T21:16:35.187+0000] {dag.py:2573} INFO - Sync 1 DAGs
[2022-10-02T21:16:35.215+0000] {logging_mixin.py:117} INFO - [2022-10-02T21:16:35.215+0000] {dag.py:3328} INFO - Setting next_dagrun for example_branch_python_operator_decorator to 2022-10-01T00:00:00+00:00, run_after=2022-10-02T00:00:00+00:00
[2022-10-02T21:16:35.233+0000] {processor.py:178} INFO - Processing /home/airflow/.local/lib/python3.7/site-packages/airflow/example_dags/example_branch_operator_decorator.py took 0.170 seconds
[2022-10-02T21:17:05.297+0000] {processor.py:156} INFO - Started process (PID=315) to work on /home/airflow/.local/lib/python3.7/site-packages/airflow/example_dags/example_branch_operator_decorator.py
[2022-10-02T21:17:05.300+0000] {processor.py:758} INFO - Processing file /home/airflow/.local/lib/python3.7/site-packages/airflow/example_dags/example_branch_operator_decorator.py for tasks to queue
[2022-10-02T21:17:05.302+0000] {logging_mixin.py:117} INFO - [2022-10-02T21:17:05.302+0000] {dagbag.py:525} INFO - Filling up the DagBag from /home/airflow/.local/lib/python3.7/site-packages/airflow/example_dags/example_branch_operator_decorator.py
[2022-10-02T21:17:05.323+0000] {processor.py:768} INFO - DAG(s) dict_keys(['example_branch_python_operator_decorator']) retrieved from /home/airflow/.local/lib/python3.7/site-packages/airflow/example_dags/example_branch_operator_decorator.py
[2022-10-02T21:17:05.360+0000] {logging_mixin.py:117} INFO - [2022-10-02T21:17:05.360+0000] {dag.py:2573} INFO - Sync 1 DAGs
[2022-10-02T21:17:05.382+0000] {logging_mixin.py:117} INFO - [2022-10-02T21:17:05.382+0000] {dag.py:3328} INFO - Setting next_dagrun for example_branch_python_operator_decorator to 2022-10-01T00:00:00+00:00, run_after=2022-10-02T00:00:00+00:00
[2022-10-02T21:17:05.399+0000] {processor.py:178} INFO - Processing /home/airflow/.local/lib/python3.7/site-packages/airflow/example_dags/example_branch_operator_decorator.py took 0.111 seconds
[2022-10-02T21:17:35.962+0000] {processor.py:156} INFO - Started process (PID=378) to work on /home/airflow/.local/lib/python3.7/site-packages/airflow/example_dags/example_branch_operator_decorator.py
[2022-10-02T21:17:35.965+0000] {processor.py:758} INFO - Processing file /home/airflow/.local/lib/python3.7/site-packages/airflow/example_dags/example_branch_operator_decorator.py for tasks to queue
[2022-10-02T21:17:35.966+0000] {logging_mixin.py:117} INFO - [2022-10-02T21:17:35.966+0000] {dagbag.py:525} INFO - Filling up the DagBag from /home/airflow/.local/lib/python3.7/site-packages/airflow/example_dags/example_branch_operator_decorator.py
[2022-10-02T21:17:35.982+0000] {processor.py:768} INFO - DAG(s) dict_keys(['example_branch_python_operator_decorator']) retrieved from /home/airflow/.local/lib/python3.7/site-packages/airflow/example_dags/example_branch_operator_decorator.py
[2022-10-02T21:17:36.016+0000] {logging_mixin.py:117} INFO - [2022-10-02T21:17:36.016+0000] {dag.py:2573} INFO - Sync 1 DAGs
[2022-10-02T21:17:36.035+0000] {logging_mixin.py:117} INFO - [2022-10-02T21:17:36.035+0000] {dag.py:3328} INFO - Setting next_dagrun for example_branch_python_operator_decorator to 2022-10-01T00:00:00+00:00, run_after=2022-10-02T00:00:00+00:00
[2022-10-02T21:17:36.047+0000] {processor.py:178} INFO - Processing /home/airflow/.local/lib/python3.7/site-packages/airflow/example_dags/example_branch_operator_decorator.py took 0.088 seconds
[2022-10-02T21:18:06.187+0000] {processor.py:156} INFO - Started process (PID=443) to work on /home/airflow/.local/lib/python3.7/site-packages/airflow/example_dags/example_branch_operator_decorator.py
[2022-10-02T21:18:06.189+0000] {processor.py:758} INFO - Processing file /home/airflow/.local/lib/python3.7/site-packages/airflow/example_dags/example_branch_operator_decorator.py for tasks to queue
[2022-10-02T21:18:06.191+0000] {logging_mixin.py:117} INFO - [2022-10-02T21:18:06.191+0000] {dagbag.py:525} INFO - Filling up the DagBag from /home/airflow/.local/lib/python3.7/site-packages/airflow/example_dags/example_branch_operator_decorator.py
[2022-10-02T21:18:06.209+0000] {processor.py:768} INFO - DAG(s) dict_keys(['example_branch_python_operator_decorator']) retrieved from /home/airflow/.local/lib/python3.7/site-packages/airflow/example_dags/example_branch_operator_decorator.py
[2022-10-02T21:18:06.237+0000] {logging_mixin.py:117} INFO - [2022-10-02T21:18:06.237+0000] {dag.py:2573} INFO - Sync 1 DAGs
[2022-10-02T21:18:06.260+0000] {logging_mixin.py:117} INFO - [2022-10-02T21:18:06.260+0000] {dag.py:3328} INFO - Setting next_dagrun for example_branch_python_operator_decorator to 2022-10-01T00:00:00+00:00, run_after=2022-10-02T00:00:00+00:00
[2022-10-02T21:18:06.284+0000] {processor.py:178} INFO - Processing /home/airflow/.local/lib/python3.7/site-packages/airflow/example_dags/example_branch_operator_decorator.py took 0.100 seconds
[2022-10-02T21:18:36.692+0000] {processor.py:156} INFO - Started process (PID=498) to work on /home/airflow/.local/lib/python3.7/site-packages/airflow/example_dags/example_branch_operator_decorator.py
[2022-10-02T21:18:36.700+0000] {processor.py:758} INFO - Processing file /home/airflow/.local/lib/python3.7/site-packages/airflow/example_dags/example_branch_operator_decorator.py for tasks to queue
[2022-10-02T21:18:36.701+0000] {logging_mixin.py:117} INFO - [2022-10-02T21:18:36.701+0000] {dagbag.py:525} INFO - Filling up the DagBag from /home/airflow/.local/lib/python3.7/site-packages/airflow/example_dags/example_branch_operator_decorator.py
[2022-10-02T21:18:36.718+0000] {processor.py:768} INFO - DAG(s) dict_keys(['example_branch_python_operator_decorator']) retrieved from /home/airflow/.local/lib/python3.7/site-packages/airflow/example_dags/example_branch_operator_decorator.py
[2022-10-02T21:18:36.746+0000] {logging_mixin.py:117} INFO - [2022-10-02T21:18:36.746+0000] {dag.py:2573} INFO - Sync 1 DAGs
[2022-10-02T21:18:36.764+0000] {logging_mixin.py:117} INFO - [2022-10-02T21:18:36.764+0000] {dag.py:3328} INFO - Setting next_dagrun for example_branch_python_operator_decorator to 2022-10-01T00:00:00+00:00, run_after=2022-10-02T00:00:00+00:00
[2022-10-02T21:18:36.776+0000] {processor.py:178} INFO - Processing /home/airflow/.local/lib/python3.7/site-packages/airflow/example_dags/example_branch_operator_decorator.py took 0.088 seconds
[2022-10-02T21:19:07.344+0000] {processor.py:156} INFO - Started process (PID=561) to work on /home/airflow/.local/lib/python3.7/site-packages/airflow/example_dags/example_branch_operator_decorator.py
[2022-10-02T21:19:07.346+0000] {processor.py:758} INFO - Processing file /home/airflow/.local/lib/python3.7/site-packages/airflow/example_dags/example_branch_operator_decorator.py for tasks to queue
[2022-10-02T21:19:07.348+0000] {logging_mixin.py:117} INFO - [2022-10-02T21:19:07.348+0000] {dagbag.py:525} INFO - Filling up the DagBag from /home/airflow/.local/lib/python3.7/site-packages/airflow/example_dags/example_branch_operator_decorator.py
[2022-10-02T21:19:07.389+0000] {processor.py:768} INFO - DAG(s) dict_keys(['example_branch_python_operator_decorator']) retrieved from /home/airflow/.local/lib/python3.7/site-packages/airflow/example_dags/example_branch_operator_decorator.py
[2022-10-02T21:19:07.431+0000] {logging_mixin.py:117} INFO - [2022-10-02T21:19:07.430+0000] {dag.py:2573} INFO - Sync 1 DAGs
[2022-10-02T21:19:07.464+0000] {logging_mixin.py:117} INFO - [2022-10-02T21:19:07.464+0000] {dag.py:3328} INFO - Setting next_dagrun for example_branch_python_operator_decorator to 2022-10-01T00:00:00+00:00, run_after=2022-10-02T00:00:00+00:00
[2022-10-02T21:19:07.487+0000] {processor.py:178} INFO - Processing /home/airflow/.local/lib/python3.7/site-packages/airflow/example_dags/example_branch_operator_decorator.py took 0.151 seconds
[2022-10-02T21:19:37.539+0000] {processor.py:156} INFO - Started process (PID=624) to work on /home/airflow/.local/lib/python3.7/site-packages/airflow/example_dags/example_branch_operator_decorator.py
[2022-10-02T21:19:37.540+0000] {processor.py:758} INFO - Processing file /home/airflow/.local/lib/python3.7/site-packages/airflow/example_dags/example_branch_operator_decorator.py for tasks to queue
[2022-10-02T21:19:37.542+0000] {logging_mixin.py:117} INFO - [2022-10-02T21:19:37.542+0000] {dagbag.py:525} INFO - Filling up the DagBag from /home/airflow/.local/lib/python3.7/site-packages/airflow/example_dags/example_branch_operator_decorator.py
[2022-10-02T21:19:37.559+0000] {processor.py:768} INFO - DAG(s) dict_keys(['example_branch_python_operator_decorator']) retrieved from /home/airflow/.local/lib/python3.7/site-packages/airflow/example_dags/example_branch_operator_decorator.py
[2022-10-02T21:19:37.588+0000] {logging_mixin.py:117} INFO - [2022-10-02T21:19:37.588+0000] {dag.py:2573} INFO - Sync 1 DAGs
[2022-10-02T21:19:37.605+0000] {logging_mixin.py:117} INFO - [2022-10-02T21:19:37.605+0000] {dag.py:3328} INFO - Setting next_dagrun for example_branch_python_operator_decorator to 2022-10-01T00:00:00+00:00, run_after=2022-10-02T00:00:00+00:00
[2022-10-02T21:19:37.620+0000] {processor.py:178} INFO - Processing /home/airflow/.local/lib/python3.7/site-packages/airflow/example_dags/example_branch_operator_decorator.py took 0.084 seconds
