[2022-10-02T20:50:15.008+0000] {processor.py:156} INFO - Started process (PID=63) to work on /home/airflow/.local/lib/python3.7/site-packages/airflow/example_dags/example_short_circuit_operator.py
[2022-10-02T20:50:15.019+0000] {processor.py:758} INFO - Processing file /home/airflow/.local/lib/python3.7/site-packages/airflow/example_dags/example_short_circuit_operator.py for tasks to queue
[2022-10-02T20:50:15.026+0000] {logging_mixin.py:117} INFO - [2022-10-02T20:50:15.026+0000] {dagbag.py:525} INFO - Filling up the DagBag from /home/airflow/.local/lib/python3.7/site-packages/airflow/example_dags/example_short_circuit_operator.py
[2022-10-02T20:50:15.114+0000] {processor.py:768} INFO - DAG(s) dict_keys(['example_short_circuit_operator']) retrieved from /home/airflow/.local/lib/python3.7/site-packages/airflow/example_dags/example_short_circuit_operator.py
[2022-10-02T20:50:15.304+0000] {logging_mixin.py:117} INFO - [2022-10-02T20:50:15.304+0000] {dag.py:2573} INFO - Sync 1 DAGs
[2022-10-02T20:50:15.415+0000] {logging_mixin.py:117} INFO - [2022-10-02T20:50:15.415+0000] {dag.py:3328} INFO - Setting next_dagrun for example_short_circuit_operator to 2022-10-01T20:50:15.415324+00:00, run_after=2022-10-02T20:50:15.415324+00:00
[2022-10-02T20:50:15.486+0000] {processor.py:178} INFO - Processing /home/airflow/.local/lib/python3.7/site-packages/airflow/example_dags/example_short_circuit_operator.py took 0.481 seconds
[2022-10-02T20:50:45.845+0000] {processor.py:156} INFO - Started process (PID=116) to work on /home/airflow/.local/lib/python3.7/site-packages/airflow/example_dags/example_short_circuit_operator.py
[2022-10-02T20:50:45.847+0000] {processor.py:758} INFO - Processing file /home/airflow/.local/lib/python3.7/site-packages/airflow/example_dags/example_short_circuit_operator.py for tasks to queue
[2022-10-02T20:50:45.849+0000] {logging_mixin.py:117} INFO - [2022-10-02T20:50:45.848+0000] {dagbag.py:525} INFO - Filling up the DagBag from /home/airflow/.local/lib/python3.7/site-packages/airflow/example_dags/example_short_circuit_operator.py
[2022-10-02T20:50:45.862+0000] {processor.py:768} INFO - DAG(s) dict_keys(['example_short_circuit_operator']) retrieved from /home/airflow/.local/lib/python3.7/site-packages/airflow/example_dags/example_short_circuit_operator.py
[2022-10-02T20:50:45.895+0000] {logging_mixin.py:117} INFO - [2022-10-02T20:50:45.895+0000] {dag.py:2573} INFO - Sync 1 DAGs
[2022-10-02T20:50:45.914+0000] {logging_mixin.py:117} INFO - [2022-10-02T20:50:45.913+0000] {dag.py:3328} INFO - Setting next_dagrun for example_short_circuit_operator to 2022-10-01T20:50:45.913730+00:00, run_after=2022-10-02T20:50:45.913730+00:00
[2022-10-02T20:50:45.935+0000] {processor.py:178} INFO - Processing /home/airflow/.local/lib/python3.7/site-packages/airflow/example_dags/example_short_circuit_operator.py took 0.092 seconds
[2022-10-02T20:51:16.555+0000] {processor.py:156} INFO - Started process (PID=181) to work on /home/airflow/.local/lib/python3.7/site-packages/airflow/example_dags/example_short_circuit_operator.py
[2022-10-02T20:51:16.557+0000] {processor.py:758} INFO - Processing file /home/airflow/.local/lib/python3.7/site-packages/airflow/example_dags/example_short_circuit_operator.py for tasks to queue
[2022-10-02T20:51:16.558+0000] {logging_mixin.py:117} INFO - [2022-10-02T20:51:16.557+0000] {dagbag.py:525} INFO - Filling up the DagBag from /home/airflow/.local/lib/python3.7/site-packages/airflow/example_dags/example_short_circuit_operator.py
[2022-10-02T20:51:16.570+0000] {processor.py:768} INFO - DAG(s) dict_keys(['example_short_circuit_operator']) retrieved from /home/airflow/.local/lib/python3.7/site-packages/airflow/example_dags/example_short_circuit_operator.py
[2022-10-02T20:51:16.615+0000] {logging_mixin.py:117} INFO - [2022-10-02T20:51:16.615+0000] {dag.py:2573} INFO - Sync 1 DAGs
[2022-10-02T20:51:16.633+0000] {logging_mixin.py:117} INFO - [2022-10-02T20:51:16.633+0000] {dag.py:3328} INFO - Setting next_dagrun for example_short_circuit_operator to 2022-10-01T20:51:16.633044+00:00, run_after=2022-10-02T20:51:16.633044+00:00
[2022-10-02T20:51:16.651+0000] {processor.py:178} INFO - Processing /home/airflow/.local/lib/python3.7/site-packages/airflow/example_dags/example_short_circuit_operator.py took 0.098 seconds
[2022-10-02T20:51:47.433+0000] {processor.py:156} INFO - Started process (PID=244) to work on /home/airflow/.local/lib/python3.7/site-packages/airflow/example_dags/example_short_circuit_operator.py
[2022-10-02T20:51:47.434+0000] {processor.py:758} INFO - Processing file /home/airflow/.local/lib/python3.7/site-packages/airflow/example_dags/example_short_circuit_operator.py for tasks to queue
[2022-10-02T20:51:47.436+0000] {logging_mixin.py:117} INFO - [2022-10-02T20:51:47.436+0000] {dagbag.py:525} INFO - Filling up the DagBag from /home/airflow/.local/lib/python3.7/site-packages/airflow/example_dags/example_short_circuit_operator.py
[2022-10-02T20:51:47.448+0000] {processor.py:768} INFO - DAG(s) dict_keys(['example_short_circuit_operator']) retrieved from /home/airflow/.local/lib/python3.7/site-packages/airflow/example_dags/example_short_circuit_operator.py
[2022-10-02T20:51:47.484+0000] {logging_mixin.py:117} INFO - [2022-10-02T20:51:47.484+0000] {dag.py:2573} INFO - Sync 1 DAGs
[2022-10-02T20:51:47.506+0000] {logging_mixin.py:117} INFO - [2022-10-02T20:51:47.506+0000] {dag.py:3328} INFO - Setting next_dagrun for example_short_circuit_operator to 2022-10-01T20:51:47.506107+00:00, run_after=2022-10-02T20:51:47.506107+00:00
[2022-10-02T20:51:47.521+0000] {processor.py:178} INFO - Processing /home/airflow/.local/lib/python3.7/site-packages/airflow/example_dags/example_short_circuit_operator.py took 0.090 seconds
[2022-10-02T20:52:17.860+0000] {processor.py:156} INFO - Started process (PID=305) to work on /home/airflow/.local/lib/python3.7/site-packages/airflow/example_dags/example_short_circuit_operator.py
[2022-10-02T20:52:17.862+0000] {processor.py:758} INFO - Processing file /home/airflow/.local/lib/python3.7/site-packages/airflow/example_dags/example_short_circuit_operator.py for tasks to queue
[2022-10-02T20:52:17.863+0000] {logging_mixin.py:117} INFO - [2022-10-02T20:52:17.863+0000] {dagbag.py:525} INFO - Filling up the DagBag from /home/airflow/.local/lib/python3.7/site-packages/airflow/example_dags/example_short_circuit_operator.py
[2022-10-02T20:52:17.875+0000] {processor.py:768} INFO - DAG(s) dict_keys(['example_short_circuit_operator']) retrieved from /home/airflow/.local/lib/python3.7/site-packages/airflow/example_dags/example_short_circuit_operator.py
[2022-10-02T20:52:17.933+0000] {logging_mixin.py:117} INFO - [2022-10-02T20:52:17.933+0000] {dag.py:2573} INFO - Sync 1 DAGs
[2022-10-02T20:52:17.961+0000] {logging_mixin.py:117} INFO - [2022-10-02T20:52:17.961+0000] {dag.py:3328} INFO - Setting next_dagrun for example_short_circuit_operator to 2022-10-01T20:52:17.961083+00:00, run_after=2022-10-02T20:52:17.961083+00:00
[2022-10-02T20:52:17.988+0000] {processor.py:178} INFO - Processing /home/airflow/.local/lib/python3.7/site-packages/airflow/example_dags/example_short_circuit_operator.py took 0.130 seconds
[2022-10-02T20:52:48.109+0000] {processor.py:156} INFO - Started process (PID=368) to work on /home/airflow/.local/lib/python3.7/site-packages/airflow/example_dags/example_short_circuit_operator.py
[2022-10-02T20:52:48.111+0000] {processor.py:758} INFO - Processing file /home/airflow/.local/lib/python3.7/site-packages/airflow/example_dags/example_short_circuit_operator.py for tasks to queue
[2022-10-02T20:52:48.112+0000] {logging_mixin.py:117} INFO - [2022-10-02T20:52:48.112+0000] {dagbag.py:525} INFO - Filling up the DagBag from /home/airflow/.local/lib/python3.7/site-packages/airflow/example_dags/example_short_circuit_operator.py
[2022-10-02T20:52:48.124+0000] {processor.py:768} INFO - DAG(s) dict_keys(['example_short_circuit_operator']) retrieved from /home/airflow/.local/lib/python3.7/site-packages/airflow/example_dags/example_short_circuit_operator.py
[2022-10-02T20:52:48.154+0000] {logging_mixin.py:117} INFO - [2022-10-02T20:52:48.154+0000] {dag.py:2573} INFO - Sync 1 DAGs
[2022-10-02T20:52:48.170+0000] {logging_mixin.py:117} INFO - [2022-10-02T20:52:48.170+0000] {dag.py:3328} INFO - Setting next_dagrun for example_short_circuit_operator to 2022-10-01T20:52:48.170291+00:00, run_after=2022-10-02T20:52:48.170291+00:00
[2022-10-02T20:52:48.185+0000] {processor.py:178} INFO - Processing /home/airflow/.local/lib/python3.7/site-packages/airflow/example_dags/example_short_circuit_operator.py took 0.078 seconds
[2022-10-02T20:54:19.975+0000] {processor.py:156} INFO - Started process (PID=53) to work on /home/airflow/.local/lib/python3.7/site-packages/airflow/example_dags/example_short_circuit_operator.py
[2022-10-02T20:54:19.977+0000] {processor.py:758} INFO - Processing file /home/airflow/.local/lib/python3.7/site-packages/airflow/example_dags/example_short_circuit_operator.py for tasks to queue
[2022-10-02T20:54:19.980+0000] {logging_mixin.py:117} INFO - [2022-10-02T20:54:19.979+0000] {dagbag.py:525} INFO - Filling up the DagBag from /home/airflow/.local/lib/python3.7/site-packages/airflow/example_dags/example_short_circuit_operator.py
[2022-10-02T20:54:19.996+0000] {processor.py:768} INFO - DAG(s) dict_keys(['example_short_circuit_operator']) retrieved from /home/airflow/.local/lib/python3.7/site-packages/airflow/example_dags/example_short_circuit_operator.py
[2022-10-02T20:54:20.051+0000] {logging_mixin.py:117} INFO - [2022-10-02T20:54:20.050+0000] {dag.py:2573} INFO - Sync 1 DAGs
[2022-10-02T20:54:20.075+0000] {logging_mixin.py:117} INFO - [2022-10-02T20:54:20.075+0000] {dag.py:3328} INFO - Setting next_dagrun for example_short_circuit_operator to 2022-10-01T20:54:20.075618+00:00, run_after=2022-10-02T20:54:20.075618+00:00
[2022-10-02T20:54:20.103+0000] {processor.py:178} INFO - Processing /home/airflow/.local/lib/python3.7/site-packages/airflow/example_dags/example_short_circuit_operator.py took 0.132 seconds
[2022-10-02T20:54:50.990+0000] {processor.py:156} INFO - Started process (PID=116) to work on /home/airflow/.local/lib/python3.7/site-packages/airflow/example_dags/example_short_circuit_operator.py
[2022-10-02T20:54:50.992+0000] {processor.py:758} INFO - Processing file /home/airflow/.local/lib/python3.7/site-packages/airflow/example_dags/example_short_circuit_operator.py for tasks to queue
[2022-10-02T20:54:50.993+0000] {logging_mixin.py:117} INFO - [2022-10-02T20:54:50.993+0000] {dagbag.py:525} INFO - Filling up the DagBag from /home/airflow/.local/lib/python3.7/site-packages/airflow/example_dags/example_short_circuit_operator.py
[2022-10-02T20:54:51.004+0000] {processor.py:768} INFO - DAG(s) dict_keys(['example_short_circuit_operator']) retrieved from /home/airflow/.local/lib/python3.7/site-packages/airflow/example_dags/example_short_circuit_operator.py
[2022-10-02T20:54:51.030+0000] {logging_mixin.py:117} INFO - [2022-10-02T20:54:51.030+0000] {dag.py:2573} INFO - Sync 1 DAGs
[2022-10-02T20:54:51.044+0000] {logging_mixin.py:117} INFO - [2022-10-02T20:54:51.044+0000] {dag.py:3328} INFO - Setting next_dagrun for example_short_circuit_operator to 2022-10-01T20:54:51.044402+00:00, run_after=2022-10-02T20:54:51.044402+00:00
[2022-10-02T20:54:51.055+0000] {processor.py:178} INFO - Processing /home/airflow/.local/lib/python3.7/site-packages/airflow/example_dags/example_short_circuit_operator.py took 0.068 seconds
[2022-10-02T20:56:38.461+0000] {processor.py:156} INFO - Started process (PID=54) to work on /home/airflow/.local/lib/python3.7/site-packages/airflow/example_dags/example_short_circuit_operator.py
[2022-10-02T20:56:38.468+0000] {processor.py:758} INFO - Processing file /home/airflow/.local/lib/python3.7/site-packages/airflow/example_dags/example_short_circuit_operator.py for tasks to queue
[2022-10-02T20:56:38.472+0000] {logging_mixin.py:117} INFO - [2022-10-02T20:56:38.472+0000] {dagbag.py:525} INFO - Filling up the DagBag from /home/airflow/.local/lib/python3.7/site-packages/airflow/example_dags/example_short_circuit_operator.py
[2022-10-02T20:56:38.536+0000] {processor.py:768} INFO - DAG(s) dict_keys(['example_short_circuit_operator']) retrieved from /home/airflow/.local/lib/python3.7/site-packages/airflow/example_dags/example_short_circuit_operator.py
[2022-10-02T20:56:38.658+0000] {logging_mixin.py:117} INFO - [2022-10-02T20:56:38.658+0000] {dag.py:2573} INFO - Sync 1 DAGs
[2022-10-02T20:56:38.756+0000] {logging_mixin.py:117} INFO - [2022-10-02T20:56:38.756+0000] {dag.py:3328} INFO - Setting next_dagrun for example_short_circuit_operator to 2022-10-01T20:56:38.756239+00:00, run_after=2022-10-02T20:56:38.756239+00:00
[2022-10-02T20:56:38.816+0000] {processor.py:178} INFO - Processing /home/airflow/.local/lib/python3.7/site-packages/airflow/example_dags/example_short_circuit_operator.py took 0.360 seconds
[2022-10-02T20:57:09.291+0000] {processor.py:156} INFO - Started process (PID=117) to work on /home/airflow/.local/lib/python3.7/site-packages/airflow/example_dags/example_short_circuit_operator.py
[2022-10-02T20:57:09.293+0000] {processor.py:758} INFO - Processing file /home/airflow/.local/lib/python3.7/site-packages/airflow/example_dags/example_short_circuit_operator.py for tasks to queue
[2022-10-02T20:57:09.294+0000] {logging_mixin.py:117} INFO - [2022-10-02T20:57:09.294+0000] {dagbag.py:525} INFO - Filling up the DagBag from /home/airflow/.local/lib/python3.7/site-packages/airflow/example_dags/example_short_circuit_operator.py
[2022-10-02T20:57:09.306+0000] {processor.py:768} INFO - DAG(s) dict_keys(['example_short_circuit_operator']) retrieved from /home/airflow/.local/lib/python3.7/site-packages/airflow/example_dags/example_short_circuit_operator.py
[2022-10-02T20:57:09.338+0000] {logging_mixin.py:117} INFO - [2022-10-02T20:57:09.338+0000] {dag.py:2573} INFO - Sync 1 DAGs
[2022-10-02T20:57:09.356+0000] {logging_mixin.py:117} INFO - [2022-10-02T20:57:09.355+0000] {dag.py:3328} INFO - Setting next_dagrun for example_short_circuit_operator to 2022-10-01T20:57:09.355743+00:00, run_after=2022-10-02T20:57:09.355743+00:00
[2022-10-02T20:57:09.370+0000] {processor.py:178} INFO - Processing /home/airflow/.local/lib/python3.7/site-packages/airflow/example_dags/example_short_circuit_operator.py took 0.082 seconds
[2022-10-02T20:57:40.349+0000] {processor.py:156} INFO - Started process (PID=181) to work on /home/airflow/.local/lib/python3.7/site-packages/airflow/example_dags/example_short_circuit_operator.py
[2022-10-02T20:57:40.353+0000] {processor.py:758} INFO - Processing file /home/airflow/.local/lib/python3.7/site-packages/airflow/example_dags/example_short_circuit_operator.py for tasks to queue
[2022-10-02T20:57:40.356+0000] {logging_mixin.py:117} INFO - [2022-10-02T20:57:40.356+0000] {dagbag.py:525} INFO - Filling up the DagBag from /home/airflow/.local/lib/python3.7/site-packages/airflow/example_dags/example_short_circuit_operator.py
[2022-10-02T20:57:40.371+0000] {processor.py:768} INFO - DAG(s) dict_keys(['example_short_circuit_operator']) retrieved from /home/airflow/.local/lib/python3.7/site-packages/airflow/example_dags/example_short_circuit_operator.py
[2022-10-02T20:57:40.398+0000] {logging_mixin.py:117} INFO - [2022-10-02T20:57:40.398+0000] {dag.py:2573} INFO - Sync 1 DAGs
[2022-10-02T20:57:40.413+0000] {logging_mixin.py:117} INFO - [2022-10-02T20:57:40.413+0000] {dag.py:3328} INFO - Setting next_dagrun for example_short_circuit_operator to 2022-10-01T20:57:40.413311+00:00, run_after=2022-10-02T20:57:40.413311+00:00
[2022-10-02T20:57:40.427+0000] {processor.py:178} INFO - Processing /home/airflow/.local/lib/python3.7/site-packages/airflow/example_dags/example_short_circuit_operator.py took 0.080 seconds
[2022-10-02T20:58:10.714+0000] {processor.py:156} INFO - Started process (PID=243) to work on /home/airflow/.local/lib/python3.7/site-packages/airflow/example_dags/example_short_circuit_operator.py
[2022-10-02T20:58:10.716+0000] {processor.py:758} INFO - Processing file /home/airflow/.local/lib/python3.7/site-packages/airflow/example_dags/example_short_circuit_operator.py for tasks to queue
[2022-10-02T20:58:10.717+0000] {logging_mixin.py:117} INFO - [2022-10-02T20:58:10.717+0000] {dagbag.py:525} INFO - Filling up the DagBag from /home/airflow/.local/lib/python3.7/site-packages/airflow/example_dags/example_short_circuit_operator.py
[2022-10-02T20:58:10.730+0000] {processor.py:768} INFO - DAG(s) dict_keys(['example_short_circuit_operator']) retrieved from /home/airflow/.local/lib/python3.7/site-packages/airflow/example_dags/example_short_circuit_operator.py
[2022-10-02T20:58:10.756+0000] {logging_mixin.py:117} INFO - [2022-10-02T20:58:10.756+0000] {dag.py:2573} INFO - Sync 1 DAGs
[2022-10-02T20:58:10.772+0000] {logging_mixin.py:117} INFO - [2022-10-02T20:58:10.772+0000] {dag.py:3328} INFO - Setting next_dagrun for example_short_circuit_operator to 2022-10-01T20:58:10.772128+00:00, run_after=2022-10-02T20:58:10.772128+00:00
[2022-10-02T20:58:10.785+0000] {processor.py:178} INFO - Processing /home/airflow/.local/lib/python3.7/site-packages/airflow/example_dags/example_short_circuit_operator.py took 0.075 seconds
[2022-10-02T20:58:41.240+0000] {processor.py:156} INFO - Started process (PID=307) to work on /home/airflow/.local/lib/python3.7/site-packages/airflow/example_dags/example_short_circuit_operator.py
[2022-10-02T20:58:41.242+0000] {processor.py:758} INFO - Processing file /home/airflow/.local/lib/python3.7/site-packages/airflow/example_dags/example_short_circuit_operator.py for tasks to queue
[2022-10-02T20:58:41.243+0000] {logging_mixin.py:117} INFO - [2022-10-02T20:58:41.243+0000] {dagbag.py:525} INFO - Filling up the DagBag from /home/airflow/.local/lib/python3.7/site-packages/airflow/example_dags/example_short_circuit_operator.py
[2022-10-02T20:58:41.259+0000] {processor.py:768} INFO - DAG(s) dict_keys(['example_short_circuit_operator']) retrieved from /home/airflow/.local/lib/python3.7/site-packages/airflow/example_dags/example_short_circuit_operator.py
[2022-10-02T20:58:41.292+0000] {logging_mixin.py:117} INFO - [2022-10-02T20:58:41.292+0000] {dag.py:2573} INFO - Sync 1 DAGs
[2022-10-02T20:58:41.311+0000] {logging_mixin.py:117} INFO - [2022-10-02T20:58:41.311+0000] {dag.py:3328} INFO - Setting next_dagrun for example_short_circuit_operator to 2022-10-01T20:58:41.311289+00:00, run_after=2022-10-02T20:58:41.311289+00:00
[2022-10-02T20:58:41.323+0000] {processor.py:178} INFO - Processing /home/airflow/.local/lib/python3.7/site-packages/airflow/example_dags/example_short_circuit_operator.py took 0.086 seconds
[2022-10-02T20:59:11.512+0000] {processor.py:156} INFO - Started process (PID=369) to work on /home/airflow/.local/lib/python3.7/site-packages/airflow/example_dags/example_short_circuit_operator.py
[2022-10-02T20:59:11.517+0000] {processor.py:758} INFO - Processing file /home/airflow/.local/lib/python3.7/site-packages/airflow/example_dags/example_short_circuit_operator.py for tasks to queue
[2022-10-02T20:59:11.519+0000] {logging_mixin.py:117} INFO - [2022-10-02T20:59:11.519+0000] {dagbag.py:525} INFO - Filling up the DagBag from /home/airflow/.local/lib/python3.7/site-packages/airflow/example_dags/example_short_circuit_operator.py
[2022-10-02T20:59:11.532+0000] {processor.py:768} INFO - DAG(s) dict_keys(['example_short_circuit_operator']) retrieved from /home/airflow/.local/lib/python3.7/site-packages/airflow/example_dags/example_short_circuit_operator.py
[2022-10-02T20:59:11.567+0000] {logging_mixin.py:117} INFO - [2022-10-02T20:59:11.567+0000] {dag.py:2573} INFO - Sync 1 DAGs
[2022-10-02T20:59:11.592+0000] {logging_mixin.py:117} INFO - [2022-10-02T20:59:11.592+0000] {dag.py:3328} INFO - Setting next_dagrun for example_short_circuit_operator to 2022-10-01T20:59:11.592577+00:00, run_after=2022-10-02T20:59:11.592577+00:00
[2022-10-02T20:59:11.614+0000] {processor.py:178} INFO - Processing /home/airflow/.local/lib/python3.7/site-packages/airflow/example_dags/example_short_circuit_operator.py took 0.105 seconds
[2022-10-02T20:59:41.897+0000] {processor.py:156} INFO - Started process (PID=423) to work on /home/airflow/.local/lib/python3.7/site-packages/airflow/example_dags/example_short_circuit_operator.py
[2022-10-02T20:59:41.899+0000] {processor.py:758} INFO - Processing file /home/airflow/.local/lib/python3.7/site-packages/airflow/example_dags/example_short_circuit_operator.py for tasks to queue
[2022-10-02T20:59:41.900+0000] {logging_mixin.py:117} INFO - [2022-10-02T20:59:41.899+0000] {dagbag.py:525} INFO - Filling up the DagBag from /home/airflow/.local/lib/python3.7/site-packages/airflow/example_dags/example_short_circuit_operator.py
[2022-10-02T20:59:41.912+0000] {processor.py:768} INFO - DAG(s) dict_keys(['example_short_circuit_operator']) retrieved from /home/airflow/.local/lib/python3.7/site-packages/airflow/example_dags/example_short_circuit_operator.py
[2022-10-02T20:59:41.940+0000] {logging_mixin.py:117} INFO - [2022-10-02T20:59:41.940+0000] {dag.py:2573} INFO - Sync 1 DAGs
[2022-10-02T20:59:41.954+0000] {logging_mixin.py:117} INFO - [2022-10-02T20:59:41.954+0000] {dag.py:3328} INFO - Setting next_dagrun for example_short_circuit_operator to 2022-10-01T20:59:41.954744+00:00, run_after=2022-10-02T20:59:41.954744+00:00
[2022-10-02T20:59:41.966+0000] {processor.py:178} INFO - Processing /home/airflow/.local/lib/python3.7/site-packages/airflow/example_dags/example_short_circuit_operator.py took 0.071 seconds
[2022-10-02T21:00:12.005+0000] {processor.py:156} INFO - Started process (PID=485) to work on /home/airflow/.local/lib/python3.7/site-packages/airflow/example_dags/example_short_circuit_operator.py
[2022-10-02T21:00:12.007+0000] {processor.py:758} INFO - Processing file /home/airflow/.local/lib/python3.7/site-packages/airflow/example_dags/example_short_circuit_operator.py for tasks to queue
[2022-10-02T21:00:12.008+0000] {logging_mixin.py:117} INFO - [2022-10-02T21:00:12.008+0000] {dagbag.py:525} INFO - Filling up the DagBag from /home/airflow/.local/lib/python3.7/site-packages/airflow/example_dags/example_short_circuit_operator.py
[2022-10-02T21:00:12.019+0000] {processor.py:768} INFO - DAG(s) dict_keys(['example_short_circuit_operator']) retrieved from /home/airflow/.local/lib/python3.7/site-packages/airflow/example_dags/example_short_circuit_operator.py
[2022-10-02T21:00:12.044+0000] {logging_mixin.py:117} INFO - [2022-10-02T21:00:12.044+0000] {dag.py:2573} INFO - Sync 1 DAGs
[2022-10-02T21:00:12.058+0000] {logging_mixin.py:117} INFO - [2022-10-02T21:00:12.058+0000] {dag.py:3328} INFO - Setting next_dagrun for example_short_circuit_operator to 2022-10-01T21:00:12.058521+00:00, run_after=2022-10-02T21:00:12.058521+00:00
[2022-10-02T21:00:12.071+0000] {processor.py:178} INFO - Processing /home/airflow/.local/lib/python3.7/site-packages/airflow/example_dags/example_short_circuit_operator.py took 0.068 seconds
[2022-10-02T21:00:43.157+0000] {processor.py:156} INFO - Started process (PID=549) to work on /home/airflow/.local/lib/python3.7/site-packages/airflow/example_dags/example_short_circuit_operator.py
[2022-10-02T21:00:43.159+0000] {processor.py:758} INFO - Processing file /home/airflow/.local/lib/python3.7/site-packages/airflow/example_dags/example_short_circuit_operator.py for tasks to queue
[2022-10-02T21:00:43.160+0000] {logging_mixin.py:117} INFO - [2022-10-02T21:00:43.160+0000] {dagbag.py:525} INFO - Filling up the DagBag from /home/airflow/.local/lib/python3.7/site-packages/airflow/example_dags/example_short_circuit_operator.py
[2022-10-02T21:00:43.170+0000] {processor.py:768} INFO - DAG(s) dict_keys(['example_short_circuit_operator']) retrieved from /home/airflow/.local/lib/python3.7/site-packages/airflow/example_dags/example_short_circuit_operator.py
[2022-10-02T21:00:43.196+0000] {logging_mixin.py:117} INFO - [2022-10-02T21:00:43.196+0000] {dag.py:2573} INFO - Sync 1 DAGs
[2022-10-02T21:00:43.212+0000] {logging_mixin.py:117} INFO - [2022-10-02T21:00:43.212+0000] {dag.py:3328} INFO - Setting next_dagrun for example_short_circuit_operator to 2022-10-01T21:00:43.211938+00:00, run_after=2022-10-02T21:00:43.211938+00:00
[2022-10-02T21:00:43.225+0000] {processor.py:178} INFO - Processing /home/airflow/.local/lib/python3.7/site-packages/airflow/example_dags/example_short_circuit_operator.py took 0.070 seconds
[2022-10-02T21:01:14.150+0000] {processor.py:156} INFO - Started process (PID=612) to work on /home/airflow/.local/lib/python3.7/site-packages/airflow/example_dags/example_short_circuit_operator.py
[2022-10-02T21:01:14.152+0000] {processor.py:758} INFO - Processing file /home/airflow/.local/lib/python3.7/site-packages/airflow/example_dags/example_short_circuit_operator.py for tasks to queue
[2022-10-02T21:01:14.154+0000] {logging_mixin.py:117} INFO - [2022-10-02T21:01:14.153+0000] {dagbag.py:525} INFO - Filling up the DagBag from /home/airflow/.local/lib/python3.7/site-packages/airflow/example_dags/example_short_circuit_operator.py
[2022-10-02T21:01:14.164+0000] {processor.py:768} INFO - DAG(s) dict_keys(['example_short_circuit_operator']) retrieved from /home/airflow/.local/lib/python3.7/site-packages/airflow/example_dags/example_short_circuit_operator.py
[2022-10-02T21:01:14.191+0000] {logging_mixin.py:117} INFO - [2022-10-02T21:01:14.191+0000] {dag.py:2573} INFO - Sync 1 DAGs
[2022-10-02T21:01:14.205+0000] {logging_mixin.py:117} INFO - [2022-10-02T21:01:14.205+0000] {dag.py:3328} INFO - Setting next_dagrun for example_short_circuit_operator to 2022-10-01T21:01:14.204901+00:00, run_after=2022-10-02T21:01:14.204901+00:00
[2022-10-02T21:01:14.217+0000] {processor.py:178} INFO - Processing /home/airflow/.local/lib/python3.7/site-packages/airflow/example_dags/example_short_circuit_operator.py took 0.068 seconds
[2022-10-02T21:01:45.141+0000] {processor.py:156} INFO - Started process (PID=674) to work on /home/airflow/.local/lib/python3.7/site-packages/airflow/example_dags/example_short_circuit_operator.py
[2022-10-02T21:01:45.142+0000] {processor.py:758} INFO - Processing file /home/airflow/.local/lib/python3.7/site-packages/airflow/example_dags/example_short_circuit_operator.py for tasks to queue
[2022-10-02T21:01:45.144+0000] {logging_mixin.py:117} INFO - [2022-10-02T21:01:45.143+0000] {dagbag.py:525} INFO - Filling up the DagBag from /home/airflow/.local/lib/python3.7/site-packages/airflow/example_dags/example_short_circuit_operator.py
[2022-10-02T21:01:45.158+0000] {processor.py:768} INFO - DAG(s) dict_keys(['example_short_circuit_operator']) retrieved from /home/airflow/.local/lib/python3.7/site-packages/airflow/example_dags/example_short_circuit_operator.py
[2022-10-02T21:01:45.192+0000] {logging_mixin.py:117} INFO - [2022-10-02T21:01:45.192+0000] {dag.py:2573} INFO - Sync 1 DAGs
[2022-10-02T21:01:45.209+0000] {logging_mixin.py:117} INFO - [2022-10-02T21:01:45.209+0000] {dag.py:3328} INFO - Setting next_dagrun for example_short_circuit_operator to 2022-10-01T21:01:45.209492+00:00, run_after=2022-10-02T21:01:45.209492+00:00
[2022-10-02T21:01:45.228+0000] {processor.py:178} INFO - Processing /home/airflow/.local/lib/python3.7/site-packages/airflow/example_dags/example_short_circuit_operator.py took 0.091 seconds
[2022-10-02T21:02:15.477+0000] {processor.py:156} INFO - Started process (PID=727) to work on /home/airflow/.local/lib/python3.7/site-packages/airflow/example_dags/example_short_circuit_operator.py
[2022-10-02T21:02:15.478+0000] {processor.py:758} INFO - Processing file /home/airflow/.local/lib/python3.7/site-packages/airflow/example_dags/example_short_circuit_operator.py for tasks to queue
[2022-10-02T21:02:15.480+0000] {logging_mixin.py:117} INFO - [2022-10-02T21:02:15.480+0000] {dagbag.py:525} INFO - Filling up the DagBag from /home/airflow/.local/lib/python3.7/site-packages/airflow/example_dags/example_short_circuit_operator.py
[2022-10-02T21:02:15.492+0000] {processor.py:768} INFO - DAG(s) dict_keys(['example_short_circuit_operator']) retrieved from /home/airflow/.local/lib/python3.7/site-packages/airflow/example_dags/example_short_circuit_operator.py
[2022-10-02T21:02:15.520+0000] {logging_mixin.py:117} INFO - [2022-10-02T21:02:15.520+0000] {dag.py:2573} INFO - Sync 1 DAGs
[2022-10-02T21:02:15.536+0000] {logging_mixin.py:117} INFO - [2022-10-02T21:02:15.536+0000] {dag.py:3328} INFO - Setting next_dagrun for example_short_circuit_operator to 2022-10-01T21:02:15.536786+00:00, run_after=2022-10-02T21:02:15.536786+00:00
[2022-10-02T21:02:15.551+0000] {processor.py:178} INFO - Processing /home/airflow/.local/lib/python3.7/site-packages/airflow/example_dags/example_short_circuit_operator.py took 0.077 seconds
[2022-10-02T21:02:48.708+0000] {processor.py:156} INFO - Started process (PID=800) to work on /home/airflow/.local/lib/python3.7/site-packages/airflow/example_dags/example_short_circuit_operator.py
[2022-10-02T21:02:48.711+0000] {processor.py:758} INFO - Processing file /home/airflow/.local/lib/python3.7/site-packages/airflow/example_dags/example_short_circuit_operator.py for tasks to queue
[2022-10-02T21:02:48.713+0000] {logging_mixin.py:117} INFO - [2022-10-02T21:02:48.713+0000] {dagbag.py:525} INFO - Filling up the DagBag from /home/airflow/.local/lib/python3.7/site-packages/airflow/example_dags/example_short_circuit_operator.py
[2022-10-02T21:02:48.737+0000] {processor.py:768} INFO - DAG(s) dict_keys(['example_short_circuit_operator']) retrieved from /home/airflow/.local/lib/python3.7/site-packages/airflow/example_dags/example_short_circuit_operator.py
[2022-10-02T21:02:48.786+0000] {logging_mixin.py:117} INFO - [2022-10-02T21:02:48.786+0000] {dag.py:2573} INFO - Sync 1 DAGs
[2022-10-02T21:02:48.816+0000] {logging_mixin.py:117} INFO - [2022-10-02T21:02:48.816+0000] {dag.py:3328} INFO - Setting next_dagrun for example_short_circuit_operator to 2022-10-01T21:02:48.816228+00:00, run_after=2022-10-02T21:02:48.816228+00:00
[2022-10-02T21:02:48.884+0000] {processor.py:178} INFO - Processing /home/airflow/.local/lib/python3.7/site-packages/airflow/example_dags/example_short_circuit_operator.py took 0.179 seconds
[2022-10-02T21:03:19.323+0000] {processor.py:156} INFO - Started process (PID=855) to work on /home/airflow/.local/lib/python3.7/site-packages/airflow/example_dags/example_short_circuit_operator.py
[2022-10-02T21:03:19.325+0000] {processor.py:758} INFO - Processing file /home/airflow/.local/lib/python3.7/site-packages/airflow/example_dags/example_short_circuit_operator.py for tasks to queue
[2022-10-02T21:03:19.331+0000] {logging_mixin.py:117} INFO - [2022-10-02T21:03:19.331+0000] {dagbag.py:525} INFO - Filling up the DagBag from /home/airflow/.local/lib/python3.7/site-packages/airflow/example_dags/example_short_circuit_operator.py
[2022-10-02T21:03:19.355+0000] {processor.py:768} INFO - DAG(s) dict_keys(['example_short_circuit_operator']) retrieved from /home/airflow/.local/lib/python3.7/site-packages/airflow/example_dags/example_short_circuit_operator.py
[2022-10-02T21:03:19.413+0000] {logging_mixin.py:117} INFO - [2022-10-02T21:03:19.413+0000] {dag.py:2573} INFO - Sync 1 DAGs
[2022-10-02T21:03:19.438+0000] {logging_mixin.py:117} INFO - [2022-10-02T21:03:19.438+0000] {dag.py:3328} INFO - Setting next_dagrun for example_short_circuit_operator to 2022-10-01T21:03:19.438678+00:00, run_after=2022-10-02T21:03:19.438678+00:00
[2022-10-02T21:03:19.459+0000] {processor.py:178} INFO - Processing /home/airflow/.local/lib/python3.7/site-packages/airflow/example_dags/example_short_circuit_operator.py took 0.140 seconds
[2022-10-02T21:03:49.947+0000] {processor.py:156} INFO - Started process (PID=917) to work on /home/airflow/.local/lib/python3.7/site-packages/airflow/example_dags/example_short_circuit_operator.py
[2022-10-02T21:03:49.949+0000] {processor.py:758} INFO - Processing file /home/airflow/.local/lib/python3.7/site-packages/airflow/example_dags/example_short_circuit_operator.py for tasks to queue
[2022-10-02T21:03:49.950+0000] {logging_mixin.py:117} INFO - [2022-10-02T21:03:49.950+0000] {dagbag.py:525} INFO - Filling up the DagBag from /home/airflow/.local/lib/python3.7/site-packages/airflow/example_dags/example_short_circuit_operator.py
[2022-10-02T21:03:49.962+0000] {processor.py:768} INFO - DAG(s) dict_keys(['example_short_circuit_operator']) retrieved from /home/airflow/.local/lib/python3.7/site-packages/airflow/example_dags/example_short_circuit_operator.py
[2022-10-02T21:03:49.989+0000] {logging_mixin.py:117} INFO - [2022-10-02T21:03:49.989+0000] {dag.py:2573} INFO - Sync 1 DAGs
[2022-10-02T21:03:50.006+0000] {logging_mixin.py:117} INFO - [2022-10-02T21:03:50.005+0000] {dag.py:3328} INFO - Setting next_dagrun for example_short_circuit_operator to 2022-10-01T21:03:50.005238+00:00, run_after=2022-10-02T21:03:50.005238+00:00
[2022-10-02T21:03:50.019+0000] {processor.py:178} INFO - Processing /home/airflow/.local/lib/python3.7/site-packages/airflow/example_dags/example_short_circuit_operator.py took 0.074 seconds
[2022-10-02T21:04:20.569+0000] {processor.py:156} INFO - Started process (PID=979) to work on /home/airflow/.local/lib/python3.7/site-packages/airflow/example_dags/example_short_circuit_operator.py
[2022-10-02T21:04:20.571+0000] {processor.py:758} INFO - Processing file /home/airflow/.local/lib/python3.7/site-packages/airflow/example_dags/example_short_circuit_operator.py for tasks to queue
[2022-10-02T21:04:20.572+0000] {logging_mixin.py:117} INFO - [2022-10-02T21:04:20.571+0000] {dagbag.py:525} INFO - Filling up the DagBag from /home/airflow/.local/lib/python3.7/site-packages/airflow/example_dags/example_short_circuit_operator.py
[2022-10-02T21:04:20.583+0000] {processor.py:768} INFO - DAG(s) dict_keys(['example_short_circuit_operator']) retrieved from /home/airflow/.local/lib/python3.7/site-packages/airflow/example_dags/example_short_circuit_operator.py
[2022-10-02T21:04:20.611+0000] {logging_mixin.py:117} INFO - [2022-10-02T21:04:20.611+0000] {dag.py:2573} INFO - Sync 1 DAGs
[2022-10-02T21:04:20.627+0000] {logging_mixin.py:117} INFO - [2022-10-02T21:04:20.626+0000] {dag.py:3328} INFO - Setting next_dagrun for example_short_circuit_operator to 2022-10-01T21:04:20.626852+00:00, run_after=2022-10-02T21:04:20.626852+00:00
[2022-10-02T21:04:20.639+0000] {processor.py:178} INFO - Processing /home/airflow/.local/lib/python3.7/site-packages/airflow/example_dags/example_short_circuit_operator.py took 0.073 seconds
[2022-10-02T21:05:09.811+0000] {processor.py:156} INFO - Started process (PID=54) to work on /home/airflow/.local/lib/python3.7/site-packages/airflow/example_dags/example_short_circuit_operator.py
[2022-10-02T21:05:09.814+0000] {processor.py:758} INFO - Processing file /home/airflow/.local/lib/python3.7/site-packages/airflow/example_dags/example_short_circuit_operator.py for tasks to queue
[2022-10-02T21:05:09.815+0000] {logging_mixin.py:117} INFO - [2022-10-02T21:05:09.815+0000] {dagbag.py:525} INFO - Filling up the DagBag from /home/airflow/.local/lib/python3.7/site-packages/airflow/example_dags/example_short_circuit_operator.py
[2022-10-02T21:05:09.840+0000] {processor.py:768} INFO - DAG(s) dict_keys(['example_short_circuit_operator']) retrieved from /home/airflow/.local/lib/python3.7/site-packages/airflow/example_dags/example_short_circuit_operator.py
[2022-10-02T21:05:09.889+0000] {logging_mixin.py:117} INFO - [2022-10-02T21:05:09.889+0000] {dag.py:2573} INFO - Sync 1 DAGs
[2022-10-02T21:05:09.934+0000] {logging_mixin.py:117} INFO - [2022-10-02T21:05:09.934+0000] {dag.py:3328} INFO - Setting next_dagrun for example_short_circuit_operator to 2022-10-01T21:05:09.934258+00:00, run_after=2022-10-02T21:05:09.934258+00:00
[2022-10-02T21:05:09.952+0000] {processor.py:178} INFO - Processing /home/airflow/.local/lib/python3.7/site-packages/airflow/example_dags/example_short_circuit_operator.py took 0.151 seconds
[2022-10-02T21:05:40.609+0000] {processor.py:156} INFO - Started process (PID=118) to work on /home/airflow/.local/lib/python3.7/site-packages/airflow/example_dags/example_short_circuit_operator.py
[2022-10-02T21:05:40.611+0000] {processor.py:758} INFO - Processing file /home/airflow/.local/lib/python3.7/site-packages/airflow/example_dags/example_short_circuit_operator.py for tasks to queue
[2022-10-02T21:05:40.613+0000] {logging_mixin.py:117} INFO - [2022-10-02T21:05:40.613+0000] {dagbag.py:525} INFO - Filling up the DagBag from /home/airflow/.local/lib/python3.7/site-packages/airflow/example_dags/example_short_circuit_operator.py
[2022-10-02T21:05:40.624+0000] {processor.py:768} INFO - DAG(s) dict_keys(['example_short_circuit_operator']) retrieved from /home/airflow/.local/lib/python3.7/site-packages/airflow/example_dags/example_short_circuit_operator.py
[2022-10-02T21:05:40.649+0000] {logging_mixin.py:117} INFO - [2022-10-02T21:05:40.649+0000] {dag.py:2573} INFO - Sync 1 DAGs
[2022-10-02T21:05:40.663+0000] {logging_mixin.py:117} INFO - [2022-10-02T21:05:40.663+0000] {dag.py:3328} INFO - Setting next_dagrun for example_short_circuit_operator to 2022-10-01T21:05:40.663585+00:00, run_after=2022-10-02T21:05:40.663585+00:00
[2022-10-02T21:05:40.679+0000] {processor.py:178} INFO - Processing /home/airflow/.local/lib/python3.7/site-packages/airflow/example_dags/example_short_circuit_operator.py took 0.072 seconds
[2022-10-02T21:06:11.625+0000] {processor.py:156} INFO - Started process (PID=183) to work on /home/airflow/.local/lib/python3.7/site-packages/airflow/example_dags/example_short_circuit_operator.py
[2022-10-02T21:06:11.627+0000] {processor.py:758} INFO - Processing file /home/airflow/.local/lib/python3.7/site-packages/airflow/example_dags/example_short_circuit_operator.py for tasks to queue
[2022-10-02T21:06:11.628+0000] {logging_mixin.py:117} INFO - [2022-10-02T21:06:11.628+0000] {dagbag.py:525} INFO - Filling up the DagBag from /home/airflow/.local/lib/python3.7/site-packages/airflow/example_dags/example_short_circuit_operator.py
[2022-10-02T21:06:11.643+0000] {processor.py:768} INFO - DAG(s) dict_keys(['example_short_circuit_operator']) retrieved from /home/airflow/.local/lib/python3.7/site-packages/airflow/example_dags/example_short_circuit_operator.py
[2022-10-02T21:06:11.670+0000] {logging_mixin.py:117} INFO - [2022-10-02T21:06:11.670+0000] {dag.py:2573} INFO - Sync 1 DAGs
[2022-10-02T21:06:11.684+0000] {logging_mixin.py:117} INFO - [2022-10-02T21:06:11.684+0000] {dag.py:3328} INFO - Setting next_dagrun for example_short_circuit_operator to 2022-10-01T21:06:11.684378+00:00, run_after=2022-10-02T21:06:11.684378+00:00
[2022-10-02T21:06:11.696+0000] {processor.py:178} INFO - Processing /home/airflow/.local/lib/python3.7/site-packages/airflow/example_dags/example_short_circuit_operator.py took 0.074 seconds
[2022-10-02T21:06:41.860+0000] {processor.py:156} INFO - Started process (PID=246) to work on /home/airflow/.local/lib/python3.7/site-packages/airflow/example_dags/example_short_circuit_operator.py
[2022-10-02T21:06:41.862+0000] {processor.py:758} INFO - Processing file /home/airflow/.local/lib/python3.7/site-packages/airflow/example_dags/example_short_circuit_operator.py for tasks to queue
[2022-10-02T21:06:41.864+0000] {logging_mixin.py:117} INFO - [2022-10-02T21:06:41.864+0000] {dagbag.py:525} INFO - Filling up the DagBag from /home/airflow/.local/lib/python3.7/site-packages/airflow/example_dags/example_short_circuit_operator.py
[2022-10-02T21:06:41.878+0000] {processor.py:768} INFO - DAG(s) dict_keys(['example_short_circuit_operator']) retrieved from /home/airflow/.local/lib/python3.7/site-packages/airflow/example_dags/example_short_circuit_operator.py
[2022-10-02T21:06:41.905+0000] {logging_mixin.py:117} INFO - [2022-10-02T21:06:41.905+0000] {dag.py:2573} INFO - Sync 1 DAGs
[2022-10-02T21:06:41.919+0000] {logging_mixin.py:117} INFO - [2022-10-02T21:06:41.919+0000] {dag.py:3328} INFO - Setting next_dagrun for example_short_circuit_operator to 2022-10-01T21:06:41.919187+00:00, run_after=2022-10-02T21:06:41.919187+00:00
[2022-10-02T21:06:41.930+0000] {processor.py:178} INFO - Processing /home/airflow/.local/lib/python3.7/site-packages/airflow/example_dags/example_short_circuit_operator.py took 0.075 seconds
[2022-10-02T21:07:12.574+0000] {processor.py:156} INFO - Started process (PID=309) to work on /home/airflow/.local/lib/python3.7/site-packages/airflow/example_dags/example_short_circuit_operator.py
[2022-10-02T21:07:12.576+0000] {processor.py:758} INFO - Processing file /home/airflow/.local/lib/python3.7/site-packages/airflow/example_dags/example_short_circuit_operator.py for tasks to queue
[2022-10-02T21:07:12.577+0000] {logging_mixin.py:117} INFO - [2022-10-02T21:07:12.577+0000] {dagbag.py:525} INFO - Filling up the DagBag from /home/airflow/.local/lib/python3.7/site-packages/airflow/example_dags/example_short_circuit_operator.py
[2022-10-02T21:07:12.587+0000] {processor.py:768} INFO - DAG(s) dict_keys(['example_short_circuit_operator']) retrieved from /home/airflow/.local/lib/python3.7/site-packages/airflow/example_dags/example_short_circuit_operator.py
[2022-10-02T21:07:12.615+0000] {logging_mixin.py:117} INFO - [2022-10-02T21:07:12.615+0000] {dag.py:2573} INFO - Sync 1 DAGs
[2022-10-02T21:07:12.633+0000] {logging_mixin.py:117} INFO - [2022-10-02T21:07:12.633+0000] {dag.py:3328} INFO - Setting next_dagrun for example_short_circuit_operator to 2022-10-01T21:07:12.633450+00:00, run_after=2022-10-02T21:07:12.633450+00:00
[2022-10-02T21:07:12.650+0000] {processor.py:178} INFO - Processing /home/airflow/.local/lib/python3.7/site-packages/airflow/example_dags/example_short_circuit_operator.py took 0.078 seconds
[2022-10-02T21:07:42.682+0000] {processor.py:156} INFO - Started process (PID=363) to work on /home/airflow/.local/lib/python3.7/site-packages/airflow/example_dags/example_short_circuit_operator.py
[2022-10-02T21:07:42.684+0000] {processor.py:758} INFO - Processing file /home/airflow/.local/lib/python3.7/site-packages/airflow/example_dags/example_short_circuit_operator.py for tasks to queue
[2022-10-02T21:07:42.685+0000] {logging_mixin.py:117} INFO - [2022-10-02T21:07:42.684+0000] {dagbag.py:525} INFO - Filling up the DagBag from /home/airflow/.local/lib/python3.7/site-packages/airflow/example_dags/example_short_circuit_operator.py
[2022-10-02T21:07:42.695+0000] {processor.py:768} INFO - DAG(s) dict_keys(['example_short_circuit_operator']) retrieved from /home/airflow/.local/lib/python3.7/site-packages/airflow/example_dags/example_short_circuit_operator.py
[2022-10-02T21:07:42.721+0000] {logging_mixin.py:117} INFO - [2022-10-02T21:07:42.720+0000] {dag.py:2573} INFO - Sync 1 DAGs
[2022-10-02T21:07:42.735+0000] {logging_mixin.py:117} INFO - [2022-10-02T21:07:42.735+0000] {dag.py:3328} INFO - Setting next_dagrun for example_short_circuit_operator to 2022-10-01T21:07:42.735449+00:00, run_after=2022-10-02T21:07:42.735449+00:00
[2022-10-02T21:07:42.747+0000] {processor.py:178} INFO - Processing /home/airflow/.local/lib/python3.7/site-packages/airflow/example_dags/example_short_circuit_operator.py took 0.067 seconds
[2022-10-02T21:08:12.949+0000] {processor.py:156} INFO - Started process (PID=426) to work on /home/airflow/.local/lib/python3.7/site-packages/airflow/example_dags/example_short_circuit_operator.py
[2022-10-02T21:08:12.950+0000] {processor.py:758} INFO - Processing file /home/airflow/.local/lib/python3.7/site-packages/airflow/example_dags/example_short_circuit_operator.py for tasks to queue
[2022-10-02T21:08:12.951+0000] {logging_mixin.py:117} INFO - [2022-10-02T21:08:12.951+0000] {dagbag.py:525} INFO - Filling up the DagBag from /home/airflow/.local/lib/python3.7/site-packages/airflow/example_dags/example_short_circuit_operator.py
[2022-10-02T21:08:12.961+0000] {processor.py:768} INFO - DAG(s) dict_keys(['example_short_circuit_operator']) retrieved from /home/airflow/.local/lib/python3.7/site-packages/airflow/example_dags/example_short_circuit_operator.py
[2022-10-02T21:08:12.987+0000] {logging_mixin.py:117} INFO - [2022-10-02T21:08:12.987+0000] {dag.py:2573} INFO - Sync 1 DAGs
[2022-10-02T21:08:13.002+0000] {logging_mixin.py:117} INFO - [2022-10-02T21:08:13.002+0000] {dag.py:3328} INFO - Setting next_dagrun for example_short_circuit_operator to 2022-10-01T21:08:13.002680+00:00, run_after=2022-10-02T21:08:13.002680+00:00
[2022-10-02T21:08:13.015+0000] {processor.py:178} INFO - Processing /home/airflow/.local/lib/python3.7/site-packages/airflow/example_dags/example_short_circuit_operator.py took 0.068 seconds
[2022-10-02T21:08:43.146+0000] {processor.py:156} INFO - Started process (PID=489) to work on /home/airflow/.local/lib/python3.7/site-packages/airflow/example_dags/example_short_circuit_operator.py
[2022-10-02T21:08:43.147+0000] {processor.py:758} INFO - Processing file /home/airflow/.local/lib/python3.7/site-packages/airflow/example_dags/example_short_circuit_operator.py for tasks to queue
[2022-10-02T21:08:43.149+0000] {logging_mixin.py:117} INFO - [2022-10-02T21:08:43.149+0000] {dagbag.py:525} INFO - Filling up the DagBag from /home/airflow/.local/lib/python3.7/site-packages/airflow/example_dags/example_short_circuit_operator.py
[2022-10-02T21:08:43.161+0000] {processor.py:768} INFO - DAG(s) dict_keys(['example_short_circuit_operator']) retrieved from /home/airflow/.local/lib/python3.7/site-packages/airflow/example_dags/example_short_circuit_operator.py
[2022-10-02T21:08:43.189+0000] {logging_mixin.py:117} INFO - [2022-10-02T21:08:43.189+0000] {dag.py:2573} INFO - Sync 1 DAGs
[2022-10-02T21:08:43.207+0000] {logging_mixin.py:117} INFO - [2022-10-02T21:08:43.207+0000] {dag.py:3328} INFO - Setting next_dagrun for example_short_circuit_operator to 2022-10-01T21:08:43.207589+00:00, run_after=2022-10-02T21:08:43.207589+00:00
[2022-10-02T21:08:43.220+0000] {processor.py:178} INFO - Processing /home/airflow/.local/lib/python3.7/site-packages/airflow/example_dags/example_short_circuit_operator.py took 0.076 seconds
[2022-10-02T21:09:13.365+0000] {processor.py:156} INFO - Started process (PID=552) to work on /home/airflow/.local/lib/python3.7/site-packages/airflow/example_dags/example_short_circuit_operator.py
[2022-10-02T21:09:13.366+0000] {processor.py:758} INFO - Processing file /home/airflow/.local/lib/python3.7/site-packages/airflow/example_dags/example_short_circuit_operator.py for tasks to queue
[2022-10-02T21:09:13.367+0000] {logging_mixin.py:117} INFO - [2022-10-02T21:09:13.367+0000] {dagbag.py:525} INFO - Filling up the DagBag from /home/airflow/.local/lib/python3.7/site-packages/airflow/example_dags/example_short_circuit_operator.py
[2022-10-02T21:09:13.377+0000] {processor.py:768} INFO - DAG(s) dict_keys(['example_short_circuit_operator']) retrieved from /home/airflow/.local/lib/python3.7/site-packages/airflow/example_dags/example_short_circuit_operator.py
[2022-10-02T21:09:13.403+0000] {logging_mixin.py:117} INFO - [2022-10-02T21:09:13.403+0000] {dag.py:2573} INFO - Sync 1 DAGs
[2022-10-02T21:09:13.417+0000] {logging_mixin.py:117} INFO - [2022-10-02T21:09:13.417+0000] {dag.py:3328} INFO - Setting next_dagrun for example_short_circuit_operator to 2022-10-01T21:09:13.417453+00:00, run_after=2022-10-02T21:09:13.417453+00:00
[2022-10-02T21:09:13.429+0000] {processor.py:178} INFO - Processing /home/airflow/.local/lib/python3.7/site-packages/airflow/example_dags/example_short_circuit_operator.py took 0.067 seconds
[2022-10-02T21:09:43.593+0000] {processor.py:156} INFO - Started process (PID=614) to work on /home/airflow/.local/lib/python3.7/site-packages/airflow/example_dags/example_short_circuit_operator.py
[2022-10-02T21:09:43.595+0000] {processor.py:758} INFO - Processing file /home/airflow/.local/lib/python3.7/site-packages/airflow/example_dags/example_short_circuit_operator.py for tasks to queue
[2022-10-02T21:09:43.596+0000] {logging_mixin.py:117} INFO - [2022-10-02T21:09:43.596+0000] {dagbag.py:525} INFO - Filling up the DagBag from /home/airflow/.local/lib/python3.7/site-packages/airflow/example_dags/example_short_circuit_operator.py
[2022-10-02T21:09:43.607+0000] {processor.py:768} INFO - DAG(s) dict_keys(['example_short_circuit_operator']) retrieved from /home/airflow/.local/lib/python3.7/site-packages/airflow/example_dags/example_short_circuit_operator.py
[2022-10-02T21:09:43.635+0000] {logging_mixin.py:117} INFO - [2022-10-02T21:09:43.635+0000] {dag.py:2573} INFO - Sync 1 DAGs
[2022-10-02T21:09:43.652+0000] {logging_mixin.py:117} INFO - [2022-10-02T21:09:43.652+0000] {dag.py:3328} INFO - Setting next_dagrun for example_short_circuit_operator to 2022-10-01T21:09:43.652396+00:00, run_after=2022-10-02T21:09:43.652396+00:00
[2022-10-02T21:09:43.667+0000] {processor.py:178} INFO - Processing /home/airflow/.local/lib/python3.7/site-packages/airflow/example_dags/example_short_circuit_operator.py took 0.076 seconds
[2022-10-02T21:10:13.769+0000] {processor.py:156} INFO - Started process (PID=668) to work on /home/airflow/.local/lib/python3.7/site-packages/airflow/example_dags/example_short_circuit_operator.py
[2022-10-02T21:10:13.771+0000] {processor.py:758} INFO - Processing file /home/airflow/.local/lib/python3.7/site-packages/airflow/example_dags/example_short_circuit_operator.py for tasks to queue
[2022-10-02T21:10:13.772+0000] {logging_mixin.py:117} INFO - [2022-10-02T21:10:13.772+0000] {dagbag.py:525} INFO - Filling up the DagBag from /home/airflow/.local/lib/python3.7/site-packages/airflow/example_dags/example_short_circuit_operator.py
[2022-10-02T21:10:13.783+0000] {processor.py:768} INFO - DAG(s) dict_keys(['example_short_circuit_operator']) retrieved from /home/airflow/.local/lib/python3.7/site-packages/airflow/example_dags/example_short_circuit_operator.py
[2022-10-02T21:10:13.810+0000] {logging_mixin.py:117} INFO - [2022-10-02T21:10:13.810+0000] {dag.py:2573} INFO - Sync 1 DAGs
[2022-10-02T21:10:13.825+0000] {logging_mixin.py:117} INFO - [2022-10-02T21:10:13.825+0000] {dag.py:3328} INFO - Setting next_dagrun for example_short_circuit_operator to 2022-10-01T21:10:13.825295+00:00, run_after=2022-10-02T21:10:13.825295+00:00
[2022-10-02T21:10:13.840+0000] {processor.py:178} INFO - Processing /home/airflow/.local/lib/python3.7/site-packages/airflow/example_dags/example_short_circuit_operator.py took 0.073 seconds
[2022-10-02T21:10:44.989+0000] {processor.py:156} INFO - Started process (PID=731) to work on /home/airflow/.local/lib/python3.7/site-packages/airflow/example_dags/example_short_circuit_operator.py
[2022-10-02T21:10:44.990+0000] {processor.py:758} INFO - Processing file /home/airflow/.local/lib/python3.7/site-packages/airflow/example_dags/example_short_circuit_operator.py for tasks to queue
[2022-10-02T21:10:44.992+0000] {logging_mixin.py:117} INFO - [2022-10-02T21:10:44.992+0000] {dagbag.py:525} INFO - Filling up the DagBag from /home/airflow/.local/lib/python3.7/site-packages/airflow/example_dags/example_short_circuit_operator.py
[2022-10-02T21:10:45.005+0000] {processor.py:768} INFO - DAG(s) dict_keys(['example_short_circuit_operator']) retrieved from /home/airflow/.local/lib/python3.7/site-packages/airflow/example_dags/example_short_circuit_operator.py
[2022-10-02T21:10:45.030+0000] {logging_mixin.py:117} INFO - [2022-10-02T21:10:45.030+0000] {dag.py:2573} INFO - Sync 1 DAGs
[2022-10-02T21:10:45.047+0000] {logging_mixin.py:117} INFO - [2022-10-02T21:10:45.047+0000] {dag.py:3328} INFO - Setting next_dagrun for example_short_circuit_operator to 2022-10-01T21:10:45.047224+00:00, run_after=2022-10-02T21:10:45.047224+00:00
[2022-10-02T21:10:45.058+0000] {processor.py:178} INFO - Processing /home/airflow/.local/lib/python3.7/site-packages/airflow/example_dags/example_short_circuit_operator.py took 0.072 seconds
[2022-10-02T21:11:15.249+0000] {processor.py:156} INFO - Started process (PID=794) to work on /home/airflow/.local/lib/python3.7/site-packages/airflow/example_dags/example_short_circuit_operator.py
[2022-10-02T21:11:15.251+0000] {processor.py:758} INFO - Processing file /home/airflow/.local/lib/python3.7/site-packages/airflow/example_dags/example_short_circuit_operator.py for tasks to queue
[2022-10-02T21:11:15.251+0000] {logging_mixin.py:117} INFO - [2022-10-02T21:11:15.251+0000] {dagbag.py:525} INFO - Filling up the DagBag from /home/airflow/.local/lib/python3.7/site-packages/airflow/example_dags/example_short_circuit_operator.py
[2022-10-02T21:11:15.261+0000] {processor.py:768} INFO - DAG(s) dict_keys(['example_short_circuit_operator']) retrieved from /home/airflow/.local/lib/python3.7/site-packages/airflow/example_dags/example_short_circuit_operator.py
[2022-10-02T21:11:15.288+0000] {logging_mixin.py:117} INFO - [2022-10-02T21:11:15.288+0000] {dag.py:2573} INFO - Sync 1 DAGs
[2022-10-02T21:11:15.307+0000] {logging_mixin.py:117} INFO - [2022-10-02T21:11:15.306+0000] {dag.py:3328} INFO - Setting next_dagrun for example_short_circuit_operator to 2022-10-01T21:11:15.306830+00:00, run_after=2022-10-02T21:11:15.306830+00:00
[2022-10-02T21:11:15.331+0000] {processor.py:178} INFO - Processing /home/airflow/.local/lib/python3.7/site-packages/airflow/example_dags/example_short_circuit_operator.py took 0.084 seconds
[2022-10-02T21:11:45.788+0000] {processor.py:156} INFO - Started process (PID=856) to work on /home/airflow/.local/lib/python3.7/site-packages/airflow/example_dags/example_short_circuit_operator.py
[2022-10-02T21:11:45.790+0000] {processor.py:758} INFO - Processing file /home/airflow/.local/lib/python3.7/site-packages/airflow/example_dags/example_short_circuit_operator.py for tasks to queue
[2022-10-02T21:11:45.792+0000] {logging_mixin.py:117} INFO - [2022-10-02T21:11:45.792+0000] {dagbag.py:525} INFO - Filling up the DagBag from /home/airflow/.local/lib/python3.7/site-packages/airflow/example_dags/example_short_circuit_operator.py
[2022-10-02T21:11:45.825+0000] {processor.py:768} INFO - DAG(s) dict_keys(['example_short_circuit_operator']) retrieved from /home/airflow/.local/lib/python3.7/site-packages/airflow/example_dags/example_short_circuit_operator.py
[2022-10-02T21:11:45.897+0000] {logging_mixin.py:117} INFO - [2022-10-02T21:11:45.897+0000] {dag.py:2573} INFO - Sync 1 DAGs
[2022-10-02T21:11:45.917+0000] {logging_mixin.py:117} INFO - [2022-10-02T21:11:45.917+0000] {dag.py:3328} INFO - Setting next_dagrun for example_short_circuit_operator to 2022-10-01T21:11:45.917364+00:00, run_after=2022-10-02T21:11:45.917364+00:00
[2022-10-02T21:11:45.952+0000] {processor.py:178} INFO - Processing /home/airflow/.local/lib/python3.7/site-packages/airflow/example_dags/example_short_circuit_operator.py took 0.169 seconds
[2022-10-02T21:12:16.274+0000] {processor.py:156} INFO - Started process (PID=920) to work on /home/airflow/.local/lib/python3.7/site-packages/airflow/example_dags/example_short_circuit_operator.py
[2022-10-02T21:12:16.275+0000] {processor.py:758} INFO - Processing file /home/airflow/.local/lib/python3.7/site-packages/airflow/example_dags/example_short_circuit_operator.py for tasks to queue
[2022-10-02T21:12:16.276+0000] {logging_mixin.py:117} INFO - [2022-10-02T21:12:16.276+0000] {dagbag.py:525} INFO - Filling up the DagBag from /home/airflow/.local/lib/python3.7/site-packages/airflow/example_dags/example_short_circuit_operator.py
[2022-10-02T21:12:16.287+0000] {processor.py:768} INFO - DAG(s) dict_keys(['example_short_circuit_operator']) retrieved from /home/airflow/.local/lib/python3.7/site-packages/airflow/example_dags/example_short_circuit_operator.py
[2022-10-02T21:12:16.311+0000] {logging_mixin.py:117} INFO - [2022-10-02T21:12:16.311+0000] {dag.py:2573} INFO - Sync 1 DAGs
[2022-10-02T21:12:16.325+0000] {logging_mixin.py:117} INFO - [2022-10-02T21:12:16.325+0000] {dag.py:3328} INFO - Setting next_dagrun for example_short_circuit_operator to 2022-10-01T21:12:16.325500+00:00, run_after=2022-10-02T21:12:16.325500+00:00
[2022-10-02T21:12:16.337+0000] {processor.py:178} INFO - Processing /home/airflow/.local/lib/python3.7/site-packages/airflow/example_dags/example_short_circuit_operator.py took 0.065 seconds
[2022-10-02T21:12:46.562+0000] {processor.py:156} INFO - Started process (PID=983) to work on /home/airflow/.local/lib/python3.7/site-packages/airflow/example_dags/example_short_circuit_operator.py
[2022-10-02T21:12:46.564+0000] {processor.py:758} INFO - Processing file /home/airflow/.local/lib/python3.7/site-packages/airflow/example_dags/example_short_circuit_operator.py for tasks to queue
[2022-10-02T21:12:46.565+0000] {logging_mixin.py:117} INFO - [2022-10-02T21:12:46.565+0000] {dagbag.py:525} INFO - Filling up the DagBag from /home/airflow/.local/lib/python3.7/site-packages/airflow/example_dags/example_short_circuit_operator.py
[2022-10-02T21:12:46.576+0000] {processor.py:768} INFO - DAG(s) dict_keys(['example_short_circuit_operator']) retrieved from /home/airflow/.local/lib/python3.7/site-packages/airflow/example_dags/example_short_circuit_operator.py
[2022-10-02T21:12:46.602+0000] {logging_mixin.py:117} INFO - [2022-10-02T21:12:46.602+0000] {dag.py:2573} INFO - Sync 1 DAGs
[2022-10-02T21:12:46.619+0000] {logging_mixin.py:117} INFO - [2022-10-02T21:12:46.619+0000] {dag.py:3328} INFO - Setting next_dagrun for example_short_circuit_operator to 2022-10-01T21:12:46.618919+00:00, run_after=2022-10-02T21:12:46.618919+00:00
[2022-10-02T21:12:46.633+0000] {processor.py:178} INFO - Processing /home/airflow/.local/lib/python3.7/site-packages/airflow/example_dags/example_short_circuit_operator.py took 0.074 seconds
[2022-10-02T21:13:16.700+0000] {processor.py:156} INFO - Started process (PID=1036) to work on /home/airflow/.local/lib/python3.7/site-packages/airflow/example_dags/example_short_circuit_operator.py
[2022-10-02T21:13:16.702+0000] {processor.py:758} INFO - Processing file /home/airflow/.local/lib/python3.7/site-packages/airflow/example_dags/example_short_circuit_operator.py for tasks to queue
[2022-10-02T21:13:16.703+0000] {logging_mixin.py:117} INFO - [2022-10-02T21:13:16.703+0000] {dagbag.py:525} INFO - Filling up the DagBag from /home/airflow/.local/lib/python3.7/site-packages/airflow/example_dags/example_short_circuit_operator.py
[2022-10-02T21:13:16.713+0000] {processor.py:768} INFO - DAG(s) dict_keys(['example_short_circuit_operator']) retrieved from /home/airflow/.local/lib/python3.7/site-packages/airflow/example_dags/example_short_circuit_operator.py
[2022-10-02T21:13:16.741+0000] {logging_mixin.py:117} INFO - [2022-10-02T21:13:16.741+0000] {dag.py:2573} INFO - Sync 1 DAGs
[2022-10-02T21:13:16.756+0000] {logging_mixin.py:117} INFO - [2022-10-02T21:13:16.756+0000] {dag.py:3328} INFO - Setting next_dagrun for example_short_circuit_operator to 2022-10-01T21:13:16.756131+00:00, run_after=2022-10-02T21:13:16.756131+00:00
[2022-10-02T21:13:16.767+0000] {processor.py:178} INFO - Processing /home/airflow/.local/lib/python3.7/site-packages/airflow/example_dags/example_short_circuit_operator.py took 0.071 seconds
[2022-10-02T21:15:00.923+0000] {processor.py:156} INFO - Started process (PID=63) to work on /home/airflow/.local/lib/python3.7/site-packages/airflow/example_dags/example_short_circuit_operator.py
[2022-10-02T21:15:00.931+0000] {processor.py:758} INFO - Processing file /home/airflow/.local/lib/python3.7/site-packages/airflow/example_dags/example_short_circuit_operator.py for tasks to queue
[2022-10-02T21:15:00.939+0000] {logging_mixin.py:117} INFO - [2022-10-02T21:15:00.939+0000] {dagbag.py:525} INFO - Filling up the DagBag from /home/airflow/.local/lib/python3.7/site-packages/airflow/example_dags/example_short_circuit_operator.py
[2022-10-02T21:15:00.972+0000] {processor.py:768} INFO - DAG(s) dict_keys(['example_short_circuit_operator']) retrieved from /home/airflow/.local/lib/python3.7/site-packages/airflow/example_dags/example_short_circuit_operator.py
[2022-10-02T21:15:01.009+0000] {logging_mixin.py:117} INFO - [2022-10-02T21:15:01.009+0000] {dag.py:2573} INFO - Sync 1 DAGs
[2022-10-02T21:15:01.039+0000] {logging_mixin.py:117} INFO - [2022-10-02T21:15:01.039+0000] {dag.py:3328} INFO - Setting next_dagrun for example_short_circuit_operator to 2022-10-01T21:15:01.039076+00:00, run_after=2022-10-02T21:15:01.039076+00:00
[2022-10-02T21:15:01.060+0000] {processor.py:178} INFO - Processing /home/airflow/.local/lib/python3.7/site-packages/airflow/example_dags/example_short_circuit_operator.py took 0.142 seconds
[2022-10-02T21:15:31.321+0000] {processor.py:156} INFO - Started process (PID=118) to work on /home/airflow/.local/lib/python3.7/site-packages/airflow/example_dags/example_short_circuit_operator.py
[2022-10-02T21:15:31.325+0000] {processor.py:758} INFO - Processing file /home/airflow/.local/lib/python3.7/site-packages/airflow/example_dags/example_short_circuit_operator.py for tasks to queue
[2022-10-02T21:15:31.328+0000] {logging_mixin.py:117} INFO - [2022-10-02T21:15:31.327+0000] {dagbag.py:525} INFO - Filling up the DagBag from /home/airflow/.local/lib/python3.7/site-packages/airflow/example_dags/example_short_circuit_operator.py
[2022-10-02T21:15:31.344+0000] {processor.py:768} INFO - DAG(s) dict_keys(['example_short_circuit_operator']) retrieved from /home/airflow/.local/lib/python3.7/site-packages/airflow/example_dags/example_short_circuit_operator.py
[2022-10-02T21:15:31.388+0000] {logging_mixin.py:117} INFO - [2022-10-02T21:15:31.388+0000] {dag.py:2573} INFO - Sync 1 DAGs
[2022-10-02T21:15:31.408+0000] {logging_mixin.py:117} INFO - [2022-10-02T21:15:31.408+0000] {dag.py:3328} INFO - Setting next_dagrun for example_short_circuit_operator to 2022-10-01T21:15:31.407969+00:00, run_after=2022-10-02T21:15:31.407969+00:00
[2022-10-02T21:15:31.437+0000] {processor.py:178} INFO - Processing /home/airflow/.local/lib/python3.7/site-packages/airflow/example_dags/example_short_circuit_operator.py took 0.118 seconds
[2022-10-02T21:16:01.719+0000] {processor.py:156} INFO - Started process (PID=181) to work on /home/airflow/.local/lib/python3.7/site-packages/airflow/example_dags/example_short_circuit_operator.py
[2022-10-02T21:16:01.721+0000] {processor.py:758} INFO - Processing file /home/airflow/.local/lib/python3.7/site-packages/airflow/example_dags/example_short_circuit_operator.py for tasks to queue
[2022-10-02T21:16:01.723+0000] {logging_mixin.py:117} INFO - [2022-10-02T21:16:01.723+0000] {dagbag.py:525} INFO - Filling up the DagBag from /home/airflow/.local/lib/python3.7/site-packages/airflow/example_dags/example_short_circuit_operator.py
[2022-10-02T21:16:01.748+0000] {processor.py:768} INFO - DAG(s) dict_keys(['example_short_circuit_operator']) retrieved from /home/airflow/.local/lib/python3.7/site-packages/airflow/example_dags/example_short_circuit_operator.py
[2022-10-02T21:16:01.804+0000] {logging_mixin.py:117} INFO - [2022-10-02T21:16:01.803+0000] {dag.py:2573} INFO - Sync 1 DAGs
[2022-10-02T21:16:01.839+0000] {logging_mixin.py:117} INFO - [2022-10-02T21:16:01.839+0000] {dag.py:3328} INFO - Setting next_dagrun for example_short_circuit_operator to 2022-10-01T21:16:01.838841+00:00, run_after=2022-10-02T21:16:01.838841+00:00
[2022-10-02T21:16:01.864+0000] {processor.py:178} INFO - Processing /home/airflow/.local/lib/python3.7/site-packages/airflow/example_dags/example_short_circuit_operator.py took 0.148 seconds
[2022-10-02T21:16:32.268+0000] {processor.py:156} INFO - Started process (PID=243) to work on /home/airflow/.local/lib/python3.7/site-packages/airflow/example_dags/example_short_circuit_operator.py
[2022-10-02T21:16:32.270+0000] {processor.py:758} INFO - Processing file /home/airflow/.local/lib/python3.7/site-packages/airflow/example_dags/example_short_circuit_operator.py for tasks to queue
[2022-10-02T21:16:32.271+0000] {logging_mixin.py:117} INFO - [2022-10-02T21:16:32.271+0000] {dagbag.py:525} INFO - Filling up the DagBag from /home/airflow/.local/lib/python3.7/site-packages/airflow/example_dags/example_short_circuit_operator.py
[2022-10-02T21:16:32.283+0000] {processor.py:768} INFO - DAG(s) dict_keys(['example_short_circuit_operator']) retrieved from /home/airflow/.local/lib/python3.7/site-packages/airflow/example_dags/example_short_circuit_operator.py
[2022-10-02T21:16:32.319+0000] {logging_mixin.py:117} INFO - [2022-10-02T21:16:32.319+0000] {dag.py:2573} INFO - Sync 1 DAGs
[2022-10-02T21:16:32.340+0000] {logging_mixin.py:117} INFO - [2022-10-02T21:16:32.339+0000] {dag.py:3328} INFO - Setting next_dagrun for example_short_circuit_operator to 2022-10-01T21:16:32.339661+00:00, run_after=2022-10-02T21:16:32.339661+00:00
[2022-10-02T21:16:32.375+0000] {processor.py:178} INFO - Processing /home/airflow/.local/lib/python3.7/site-packages/airflow/example_dags/example_short_circuit_operator.py took 0.109 seconds
[2022-10-02T21:17:03.122+0000] {processor.py:156} INFO - Started process (PID=305) to work on /home/airflow/.local/lib/python3.7/site-packages/airflow/example_dags/example_short_circuit_operator.py
[2022-10-02T21:17:03.124+0000] {processor.py:758} INFO - Processing file /home/airflow/.local/lib/python3.7/site-packages/airflow/example_dags/example_short_circuit_operator.py for tasks to queue
[2022-10-02T21:17:03.126+0000] {logging_mixin.py:117} INFO - [2022-10-02T21:17:03.126+0000] {dagbag.py:525} INFO - Filling up the DagBag from /home/airflow/.local/lib/python3.7/site-packages/airflow/example_dags/example_short_circuit_operator.py
[2022-10-02T21:17:03.148+0000] {processor.py:768} INFO - DAG(s) dict_keys(['example_short_circuit_operator']) retrieved from /home/airflow/.local/lib/python3.7/site-packages/airflow/example_dags/example_short_circuit_operator.py
[2022-10-02T21:17:03.185+0000] {logging_mixin.py:117} INFO - [2022-10-02T21:17:03.185+0000] {dag.py:2573} INFO - Sync 1 DAGs
[2022-10-02T21:17:03.203+0000] {logging_mixin.py:117} INFO - [2022-10-02T21:17:03.203+0000] {dag.py:3328} INFO - Setting next_dagrun for example_short_circuit_operator to 2022-10-01T21:17:03.202911+00:00, run_after=2022-10-02T21:17:03.202911+00:00
[2022-10-02T21:17:03.219+0000] {processor.py:178} INFO - Processing /home/airflow/.local/lib/python3.7/site-packages/airflow/example_dags/example_short_circuit_operator.py took 0.100 seconds
[2022-10-02T21:17:33.394+0000] {processor.py:156} INFO - Started process (PID=368) to work on /home/airflow/.local/lib/python3.7/site-packages/airflow/example_dags/example_short_circuit_operator.py
[2022-10-02T21:17:33.395+0000] {processor.py:758} INFO - Processing file /home/airflow/.local/lib/python3.7/site-packages/airflow/example_dags/example_short_circuit_operator.py for tasks to queue
[2022-10-02T21:17:33.397+0000] {logging_mixin.py:117} INFO - [2022-10-02T21:17:33.396+0000] {dagbag.py:525} INFO - Filling up the DagBag from /home/airflow/.local/lib/python3.7/site-packages/airflow/example_dags/example_short_circuit_operator.py
[2022-10-02T21:17:33.409+0000] {processor.py:768} INFO - DAG(s) dict_keys(['example_short_circuit_operator']) retrieved from /home/airflow/.local/lib/python3.7/site-packages/airflow/example_dags/example_short_circuit_operator.py
[2022-10-02T21:17:33.436+0000] {logging_mixin.py:117} INFO - [2022-10-02T21:17:33.436+0000] {dag.py:2573} INFO - Sync 1 DAGs
[2022-10-02T21:17:33.451+0000] {logging_mixin.py:117} INFO - [2022-10-02T21:17:33.451+0000] {dag.py:3328} INFO - Setting next_dagrun for example_short_circuit_operator to 2022-10-01T21:17:33.451418+00:00, run_after=2022-10-02T21:17:33.451418+00:00
[2022-10-02T21:17:33.464+0000] {processor.py:178} INFO - Processing /home/airflow/.local/lib/python3.7/site-packages/airflow/example_dags/example_short_circuit_operator.py took 0.073 seconds
[2022-10-02T21:18:04.452+0000] {processor.py:156} INFO - Started process (PID=423) to work on /home/airflow/.local/lib/python3.7/site-packages/airflow/example_dags/example_short_circuit_operator.py
[2022-10-02T21:18:04.454+0000] {processor.py:758} INFO - Processing file /home/airflow/.local/lib/python3.7/site-packages/airflow/example_dags/example_short_circuit_operator.py for tasks to queue
[2022-10-02T21:18:04.455+0000] {logging_mixin.py:117} INFO - [2022-10-02T21:18:04.455+0000] {dagbag.py:525} INFO - Filling up the DagBag from /home/airflow/.local/lib/python3.7/site-packages/airflow/example_dags/example_short_circuit_operator.py
[2022-10-02T21:18:04.467+0000] {processor.py:768} INFO - DAG(s) dict_keys(['example_short_circuit_operator']) retrieved from /home/airflow/.local/lib/python3.7/site-packages/airflow/example_dags/example_short_circuit_operator.py
[2022-10-02T21:18:04.502+0000] {logging_mixin.py:117} INFO - [2022-10-02T21:18:04.502+0000] {dag.py:2573} INFO - Sync 1 DAGs
[2022-10-02T21:18:04.519+0000] {logging_mixin.py:117} INFO - [2022-10-02T21:18:04.519+0000] {dag.py:3328} INFO - Setting next_dagrun for example_short_circuit_operator to 2022-10-01T21:18:04.518923+00:00, run_after=2022-10-02T21:18:04.518923+00:00
[2022-10-02T21:18:04.533+0000] {processor.py:178} INFO - Processing /home/airflow/.local/lib/python3.7/site-packages/airflow/example_dags/example_short_circuit_operator.py took 0.086 seconds
[2022-10-02T21:18:35.215+0000] {processor.py:156} INFO - Started process (PID=488) to work on /home/airflow/.local/lib/python3.7/site-packages/airflow/example_dags/example_short_circuit_operator.py
[2022-10-02T21:18:35.216+0000] {processor.py:758} INFO - Processing file /home/airflow/.local/lib/python3.7/site-packages/airflow/example_dags/example_short_circuit_operator.py for tasks to queue
[2022-10-02T21:18:35.217+0000] {logging_mixin.py:117} INFO - [2022-10-02T21:18:35.217+0000] {dagbag.py:525} INFO - Filling up the DagBag from /home/airflow/.local/lib/python3.7/site-packages/airflow/example_dags/example_short_circuit_operator.py
[2022-10-02T21:18:35.228+0000] {processor.py:768} INFO - DAG(s) dict_keys(['example_short_circuit_operator']) retrieved from /home/airflow/.local/lib/python3.7/site-packages/airflow/example_dags/example_short_circuit_operator.py
[2022-10-02T21:18:35.255+0000] {logging_mixin.py:117} INFO - [2022-10-02T21:18:35.255+0000] {dag.py:2573} INFO - Sync 1 DAGs
[2022-10-02T21:18:35.270+0000] {logging_mixin.py:117} INFO - [2022-10-02T21:18:35.270+0000] {dag.py:3328} INFO - Setting next_dagrun for example_short_circuit_operator to 2022-10-01T21:18:35.270219+00:00, run_after=2022-10-02T21:18:35.270219+00:00
[2022-10-02T21:18:35.283+0000] {processor.py:178} INFO - Processing /home/airflow/.local/lib/python3.7/site-packages/airflow/example_dags/example_short_circuit_operator.py took 0.071 seconds
[2022-10-02T21:19:05.511+0000] {processor.py:156} INFO - Started process (PID=551) to work on /home/airflow/.local/lib/python3.7/site-packages/airflow/example_dags/example_short_circuit_operator.py
[2022-10-02T21:19:05.513+0000] {processor.py:758} INFO - Processing file /home/airflow/.local/lib/python3.7/site-packages/airflow/example_dags/example_short_circuit_operator.py for tasks to queue
[2022-10-02T21:19:05.514+0000] {logging_mixin.py:117} INFO - [2022-10-02T21:19:05.514+0000] {dagbag.py:525} INFO - Filling up the DagBag from /home/airflow/.local/lib/python3.7/site-packages/airflow/example_dags/example_short_circuit_operator.py
[2022-10-02T21:19:05.526+0000] {processor.py:768} INFO - DAG(s) dict_keys(['example_short_circuit_operator']) retrieved from /home/airflow/.local/lib/python3.7/site-packages/airflow/example_dags/example_short_circuit_operator.py
[2022-10-02T21:19:05.560+0000] {logging_mixin.py:117} INFO - [2022-10-02T21:19:05.560+0000] {dag.py:2573} INFO - Sync 1 DAGs
[2022-10-02T21:19:05.578+0000] {logging_mixin.py:117} INFO - [2022-10-02T21:19:05.578+0000] {dag.py:3328} INFO - Setting next_dagrun for example_short_circuit_operator to 2022-10-01T21:19:05.578473+00:00, run_after=2022-10-02T21:19:05.578473+00:00
[2022-10-02T21:19:05.596+0000] {processor.py:178} INFO - Processing /home/airflow/.local/lib/python3.7/site-packages/airflow/example_dags/example_short_circuit_operator.py took 0.087 seconds
[2022-10-02T21:19:36.005+0000] {processor.py:156} INFO - Started process (PID=614) to work on /home/airflow/.local/lib/python3.7/site-packages/airflow/example_dags/example_short_circuit_operator.py
[2022-10-02T21:19:36.006+0000] {processor.py:758} INFO - Processing file /home/airflow/.local/lib/python3.7/site-packages/airflow/example_dags/example_short_circuit_operator.py for tasks to queue
[2022-10-02T21:19:36.007+0000] {logging_mixin.py:117} INFO - [2022-10-02T21:19:36.007+0000] {dagbag.py:525} INFO - Filling up the DagBag from /home/airflow/.local/lib/python3.7/site-packages/airflow/example_dags/example_short_circuit_operator.py
[2022-10-02T21:19:36.020+0000] {processor.py:768} INFO - DAG(s) dict_keys(['example_short_circuit_operator']) retrieved from /home/airflow/.local/lib/python3.7/site-packages/airflow/example_dags/example_short_circuit_operator.py
[2022-10-02T21:19:36.044+0000] {logging_mixin.py:117} INFO - [2022-10-02T21:19:36.044+0000] {dag.py:2573} INFO - Sync 1 DAGs
[2022-10-02T21:19:36.059+0000] {logging_mixin.py:117} INFO - [2022-10-02T21:19:36.059+0000] {dag.py:3328} INFO - Setting next_dagrun for example_short_circuit_operator to 2022-10-01T21:19:36.058963+00:00, run_after=2022-10-02T21:19:36.058963+00:00
[2022-10-02T21:19:36.070+0000] {processor.py:178} INFO - Processing /home/airflow/.local/lib/python3.7/site-packages/airflow/example_dags/example_short_circuit_operator.py took 0.067 seconds
