[2022-10-02T20:50:15.192+0000] {processor.py:156} INFO - Started process (PID=64) to work on /home/airflow/.local/lib/python3.7/site-packages/airflow/example_dags/example_task_group.py
[2022-10-02T20:50:15.203+0000] {processor.py:758} INFO - Processing file /home/airflow/.local/lib/python3.7/site-packages/airflow/example_dags/example_task_group.py for tasks to queue
[2022-10-02T20:50:15.205+0000] {logging_mixin.py:117} INFO - [2022-10-02T20:50:15.205+0000] {dagbag.py:525} INFO - Filling up the DagBag from /home/airflow/.local/lib/python3.7/site-packages/airflow/example_dags/example_task_group.py
[2022-10-02T20:50:15.350+0000] {processor.py:768} INFO - DAG(s) dict_keys(['example_task_group']) retrieved from /home/airflow/.local/lib/python3.7/site-packages/airflow/example_dags/example_task_group.py
[2022-10-02T20:50:15.512+0000] {logging_mixin.py:117} INFO - [2022-10-02T20:50:15.512+0000] {dag.py:2573} INFO - Sync 1 DAGs
[2022-10-02T20:50:15.642+0000] {logging_mixin.py:117} INFO - [2022-10-02T20:50:15.642+0000] {dag.py:3328} INFO - Setting next_dagrun for example_task_group to 2022-10-01T20:50:15.642426+00:00, run_after=2022-10-02T20:50:15.642426+00:00
[2022-10-02T20:50:15.770+0000] {processor.py:178} INFO - Processing /home/airflow/.local/lib/python3.7/site-packages/airflow/example_dags/example_task_group.py took 0.588 seconds
[2022-10-02T20:50:45.962+0000] {processor.py:156} INFO - Started process (PID=117) to work on /home/airflow/.local/lib/python3.7/site-packages/airflow/example_dags/example_task_group.py
[2022-10-02T20:50:45.964+0000] {processor.py:758} INFO - Processing file /home/airflow/.local/lib/python3.7/site-packages/airflow/example_dags/example_task_group.py for tasks to queue
[2022-10-02T20:50:45.965+0000] {logging_mixin.py:117} INFO - [2022-10-02T20:50:45.965+0000] {dagbag.py:525} INFO - Filling up the DagBag from /home/airflow/.local/lib/python3.7/site-packages/airflow/example_dags/example_task_group.py
[2022-10-02T20:50:45.977+0000] {processor.py:768} INFO - DAG(s) dict_keys(['example_task_group']) retrieved from /home/airflow/.local/lib/python3.7/site-packages/airflow/example_dags/example_task_group.py
[2022-10-02T20:50:46.017+0000] {logging_mixin.py:117} INFO - [2022-10-02T20:50:46.017+0000] {dag.py:2573} INFO - Sync 1 DAGs
[2022-10-02T20:50:46.035+0000] {logging_mixin.py:117} INFO - [2022-10-02T20:50:46.034+0000] {dag.py:3328} INFO - Setting next_dagrun for example_task_group to 2022-10-01T20:50:46.034812+00:00, run_after=2022-10-02T20:50:46.034812+00:00
[2022-10-02T20:50:46.051+0000] {processor.py:178} INFO - Processing /home/airflow/.local/lib/python3.7/site-packages/airflow/example_dags/example_task_group.py took 0.092 seconds
[2022-10-02T20:51:16.644+0000] {processor.py:156} INFO - Started process (PID=182) to work on /home/airflow/.local/lib/python3.7/site-packages/airflow/example_dags/example_task_group.py
[2022-10-02T20:51:16.646+0000] {processor.py:758} INFO - Processing file /home/airflow/.local/lib/python3.7/site-packages/airflow/example_dags/example_task_group.py for tasks to queue
[2022-10-02T20:51:16.647+0000] {logging_mixin.py:117} INFO - [2022-10-02T20:51:16.647+0000] {dagbag.py:525} INFO - Filling up the DagBag from /home/airflow/.local/lib/python3.7/site-packages/airflow/example_dags/example_task_group.py
[2022-10-02T20:51:16.662+0000] {processor.py:768} INFO - DAG(s) dict_keys(['example_task_group']) retrieved from /home/airflow/.local/lib/python3.7/site-packages/airflow/example_dags/example_task_group.py
[2022-10-02T20:51:16.692+0000] {logging_mixin.py:117} INFO - [2022-10-02T20:51:16.692+0000] {dag.py:2573} INFO - Sync 1 DAGs
[2022-10-02T20:51:16.708+0000] {logging_mixin.py:117} INFO - [2022-10-02T20:51:16.708+0000] {dag.py:3328} INFO - Setting next_dagrun for example_task_group to 2022-10-01T20:51:16.707964+00:00, run_after=2022-10-02T20:51:16.707964+00:00
[2022-10-02T20:51:16.723+0000] {processor.py:178} INFO - Processing /home/airflow/.local/lib/python3.7/site-packages/airflow/example_dags/example_task_group.py took 0.081 seconds
[2022-10-02T20:51:47.552+0000] {processor.py:156} INFO - Started process (PID=245) to work on /home/airflow/.local/lib/python3.7/site-packages/airflow/example_dags/example_task_group.py
[2022-10-02T20:51:47.555+0000] {processor.py:758} INFO - Processing file /home/airflow/.local/lib/python3.7/site-packages/airflow/example_dags/example_task_group.py for tasks to queue
[2022-10-02T20:51:47.556+0000] {logging_mixin.py:117} INFO - [2022-10-02T20:51:47.556+0000] {dagbag.py:525} INFO - Filling up the DagBag from /home/airflow/.local/lib/python3.7/site-packages/airflow/example_dags/example_task_group.py
[2022-10-02T20:51:47.593+0000] {processor.py:768} INFO - DAG(s) dict_keys(['example_task_group']) retrieved from /home/airflow/.local/lib/python3.7/site-packages/airflow/example_dags/example_task_group.py
[2022-10-02T20:51:47.661+0000] {logging_mixin.py:117} INFO - [2022-10-02T20:51:47.661+0000] {dag.py:2573} INFO - Sync 1 DAGs
[2022-10-02T20:51:47.684+0000] {logging_mixin.py:117} INFO - [2022-10-02T20:51:47.684+0000] {dag.py:3328} INFO - Setting next_dagrun for example_task_group to 2022-10-01T20:51:47.684380+00:00, run_after=2022-10-02T20:51:47.684380+00:00
[2022-10-02T20:51:47.699+0000] {processor.py:178} INFO - Processing /home/airflow/.local/lib/python3.7/site-packages/airflow/example_dags/example_task_group.py took 0.152 seconds
[2022-10-02T20:52:17.914+0000] {processor.py:156} INFO - Started process (PID=306) to work on /home/airflow/.local/lib/python3.7/site-packages/airflow/example_dags/example_task_group.py
[2022-10-02T20:52:17.916+0000] {processor.py:758} INFO - Processing file /home/airflow/.local/lib/python3.7/site-packages/airflow/example_dags/example_task_group.py for tasks to queue
[2022-10-02T20:52:17.917+0000] {logging_mixin.py:117} INFO - [2022-10-02T20:52:17.917+0000] {dagbag.py:525} INFO - Filling up the DagBag from /home/airflow/.local/lib/python3.7/site-packages/airflow/example_dags/example_task_group.py
[2022-10-02T20:52:17.942+0000] {processor.py:768} INFO - DAG(s) dict_keys(['example_task_group']) retrieved from /home/airflow/.local/lib/python3.7/site-packages/airflow/example_dags/example_task_group.py
[2022-10-02T20:52:17.984+0000] {logging_mixin.py:117} INFO - [2022-10-02T20:52:17.984+0000] {dag.py:2573} INFO - Sync 1 DAGs
[2022-10-02T20:52:18.007+0000] {logging_mixin.py:117} INFO - [2022-10-02T20:52:18.007+0000] {dag.py:3328} INFO - Setting next_dagrun for example_task_group to 2022-10-01T20:52:18.006393+00:00, run_after=2022-10-02T20:52:18.006393+00:00
[2022-10-02T20:52:18.026+0000] {processor.py:178} INFO - Processing /home/airflow/.local/lib/python3.7/site-packages/airflow/example_dags/example_task_group.py took 0.114 seconds
[2022-10-02T20:52:48.201+0000] {processor.py:156} INFO - Started process (PID=369) to work on /home/airflow/.local/lib/python3.7/site-packages/airflow/example_dags/example_task_group.py
[2022-10-02T20:52:48.203+0000] {processor.py:758} INFO - Processing file /home/airflow/.local/lib/python3.7/site-packages/airflow/example_dags/example_task_group.py for tasks to queue
[2022-10-02T20:52:48.204+0000] {logging_mixin.py:117} INFO - [2022-10-02T20:52:48.203+0000] {dagbag.py:525} INFO - Filling up the DagBag from /home/airflow/.local/lib/python3.7/site-packages/airflow/example_dags/example_task_group.py
[2022-10-02T20:52:48.214+0000] {processor.py:768} INFO - DAG(s) dict_keys(['example_task_group']) retrieved from /home/airflow/.local/lib/python3.7/site-packages/airflow/example_dags/example_task_group.py
[2022-10-02T20:52:48.239+0000] {logging_mixin.py:117} INFO - [2022-10-02T20:52:48.239+0000] {dag.py:2573} INFO - Sync 1 DAGs
[2022-10-02T20:52:48.254+0000] {logging_mixin.py:117} INFO - [2022-10-02T20:52:48.254+0000] {dag.py:3328} INFO - Setting next_dagrun for example_task_group to 2022-10-01T20:52:48.254629+00:00, run_after=2022-10-02T20:52:48.254629+00:00
[2022-10-02T20:52:48.266+0000] {processor.py:178} INFO - Processing /home/airflow/.local/lib/python3.7/site-packages/airflow/example_dags/example_task_group.py took 0.068 seconds
[2022-10-02T20:54:20.144+0000] {processor.py:156} INFO - Started process (PID=54) to work on /home/airflow/.local/lib/python3.7/site-packages/airflow/example_dags/example_task_group.py
[2022-10-02T20:54:20.149+0000] {processor.py:758} INFO - Processing file /home/airflow/.local/lib/python3.7/site-packages/airflow/example_dags/example_task_group.py for tasks to queue
[2022-10-02T20:54:20.150+0000] {logging_mixin.py:117} INFO - [2022-10-02T20:54:20.150+0000] {dagbag.py:525} INFO - Filling up the DagBag from /home/airflow/.local/lib/python3.7/site-packages/airflow/example_dags/example_task_group.py
[2022-10-02T20:54:20.174+0000] {processor.py:768} INFO - DAG(s) dict_keys(['example_task_group']) retrieved from /home/airflow/.local/lib/python3.7/site-packages/airflow/example_dags/example_task_group.py
[2022-10-02T20:54:20.207+0000] {logging_mixin.py:117} INFO - [2022-10-02T20:54:20.206+0000] {dag.py:2573} INFO - Sync 1 DAGs
[2022-10-02T20:54:20.233+0000] {logging_mixin.py:117} INFO - [2022-10-02T20:54:20.233+0000] {dag.py:3328} INFO - Setting next_dagrun for example_task_group to 2022-10-01T20:54:20.233247+00:00, run_after=2022-10-02T20:54:20.233247+00:00
[2022-10-02T20:54:20.278+0000] {processor.py:178} INFO - Processing /home/airflow/.local/lib/python3.7/site-packages/airflow/example_dags/example_task_group.py took 0.138 seconds
[2022-10-02T20:54:50.993+0000] {processor.py:156} INFO - Started process (PID=117) to work on /home/airflow/.local/lib/python3.7/site-packages/airflow/example_dags/example_task_group.py
[2022-10-02T20:54:50.994+0000] {processor.py:758} INFO - Processing file /home/airflow/.local/lib/python3.7/site-packages/airflow/example_dags/example_task_group.py for tasks to queue
[2022-10-02T20:54:50.995+0000] {logging_mixin.py:117} INFO - [2022-10-02T20:54:50.995+0000] {dagbag.py:525} INFO - Filling up the DagBag from /home/airflow/.local/lib/python3.7/site-packages/airflow/example_dags/example_task_group.py
[2022-10-02T20:54:51.004+0000] {processor.py:768} INFO - DAG(s) dict_keys(['example_task_group']) retrieved from /home/airflow/.local/lib/python3.7/site-packages/airflow/example_dags/example_task_group.py
[2022-10-02T20:54:51.030+0000] {logging_mixin.py:117} INFO - [2022-10-02T20:54:51.030+0000] {dag.py:2573} INFO - Sync 1 DAGs
[2022-10-02T20:54:51.044+0000] {logging_mixin.py:117} INFO - [2022-10-02T20:54:51.044+0000] {dag.py:3328} INFO - Setting next_dagrun for example_task_group to 2022-10-01T20:54:51.044402+00:00, run_after=2022-10-02T20:54:51.044402+00:00
[2022-10-02T20:54:51.055+0000] {processor.py:178} INFO - Processing /home/airflow/.local/lib/python3.7/site-packages/airflow/example_dags/example_task_group.py took 0.065 seconds
[2022-10-02T20:56:38.482+0000] {processor.py:156} INFO - Started process (PID=55) to work on /home/airflow/.local/lib/python3.7/site-packages/airflow/example_dags/example_task_group.py
[2022-10-02T20:56:38.489+0000] {processor.py:758} INFO - Processing file /home/airflow/.local/lib/python3.7/site-packages/airflow/example_dags/example_task_group.py for tasks to queue
[2022-10-02T20:56:38.495+0000] {logging_mixin.py:117} INFO - [2022-10-02T20:56:38.494+0000] {dagbag.py:525} INFO - Filling up the DagBag from /home/airflow/.local/lib/python3.7/site-packages/airflow/example_dags/example_task_group.py
[2022-10-02T20:56:38.615+0000] {processor.py:768} INFO - DAG(s) dict_keys(['example_task_group']) retrieved from /home/airflow/.local/lib/python3.7/site-packages/airflow/example_dags/example_task_group.py
[2022-10-02T20:56:38.741+0000] {logging_mixin.py:117} INFO - [2022-10-02T20:56:38.740+0000] {dag.py:2573} INFO - Sync 1 DAGs
[2022-10-02T20:56:38.826+0000] {logging_mixin.py:117} INFO - [2022-10-02T20:56:38.826+0000] {dag.py:3328} INFO - Setting next_dagrun for example_task_group to 2022-10-01T20:56:38.826055+00:00, run_after=2022-10-02T20:56:38.826055+00:00
[2022-10-02T20:56:38.882+0000] {processor.py:178} INFO - Processing /home/airflow/.local/lib/python3.7/site-packages/airflow/example_dags/example_task_group.py took 0.405 seconds
[2022-10-02T20:57:09.296+0000] {processor.py:156} INFO - Started process (PID=118) to work on /home/airflow/.local/lib/python3.7/site-packages/airflow/example_dags/example_task_group.py
[2022-10-02T20:57:09.299+0000] {processor.py:758} INFO - Processing file /home/airflow/.local/lib/python3.7/site-packages/airflow/example_dags/example_task_group.py for tasks to queue
[2022-10-02T20:57:09.300+0000] {logging_mixin.py:117} INFO - [2022-10-02T20:57:09.300+0000] {dagbag.py:525} INFO - Filling up the DagBag from /home/airflow/.local/lib/python3.7/site-packages/airflow/example_dags/example_task_group.py
[2022-10-02T20:57:09.311+0000] {processor.py:768} INFO - DAG(s) dict_keys(['example_task_group']) retrieved from /home/airflow/.local/lib/python3.7/site-packages/airflow/example_dags/example_task_group.py
[2022-10-02T20:57:09.341+0000] {logging_mixin.py:117} INFO - [2022-10-02T20:57:09.341+0000] {dag.py:2573} INFO - Sync 1 DAGs
[2022-10-02T20:57:09.359+0000] {logging_mixin.py:117} INFO - [2022-10-02T20:57:09.358+0000] {dag.py:3328} INFO - Setting next_dagrun for example_task_group to 2022-10-01T20:57:09.358772+00:00, run_after=2022-10-02T20:57:09.358772+00:00
[2022-10-02T20:57:09.372+0000] {processor.py:178} INFO - Processing /home/airflow/.local/lib/python3.7/site-packages/airflow/example_dags/example_task_group.py took 0.078 seconds
[2022-10-02T20:57:40.358+0000] {processor.py:156} INFO - Started process (PID=182) to work on /home/airflow/.local/lib/python3.7/site-packages/airflow/example_dags/example_task_group.py
[2022-10-02T20:57:40.360+0000] {processor.py:758} INFO - Processing file /home/airflow/.local/lib/python3.7/site-packages/airflow/example_dags/example_task_group.py for tasks to queue
[2022-10-02T20:57:40.362+0000] {logging_mixin.py:117} INFO - [2022-10-02T20:57:40.362+0000] {dagbag.py:525} INFO - Filling up the DagBag from /home/airflow/.local/lib/python3.7/site-packages/airflow/example_dags/example_task_group.py
[2022-10-02T20:57:40.374+0000] {processor.py:768} INFO - DAG(s) dict_keys(['example_task_group']) retrieved from /home/airflow/.local/lib/python3.7/site-packages/airflow/example_dags/example_task_group.py
[2022-10-02T20:57:40.400+0000] {logging_mixin.py:117} INFO - [2022-10-02T20:57:40.400+0000] {dag.py:2573} INFO - Sync 1 DAGs
[2022-10-02T20:57:40.416+0000] {logging_mixin.py:117} INFO - [2022-10-02T20:57:40.415+0000] {dag.py:3328} INFO - Setting next_dagrun for example_task_group to 2022-10-01T20:57:40.415829+00:00, run_after=2022-10-02T20:57:40.415829+00:00
[2022-10-02T20:57:40.432+0000] {processor.py:178} INFO - Processing /home/airflow/.local/lib/python3.7/site-packages/airflow/example_dags/example_task_group.py took 0.077 seconds
[2022-10-02T20:58:10.716+0000] {processor.py:156} INFO - Started process (PID=244) to work on /home/airflow/.local/lib/python3.7/site-packages/airflow/example_dags/example_task_group.py
[2022-10-02T20:58:10.717+0000] {processor.py:758} INFO - Processing file /home/airflow/.local/lib/python3.7/site-packages/airflow/example_dags/example_task_group.py for tasks to queue
[2022-10-02T20:58:10.719+0000] {logging_mixin.py:117} INFO - [2022-10-02T20:58:10.718+0000] {dagbag.py:525} INFO - Filling up the DagBag from /home/airflow/.local/lib/python3.7/site-packages/airflow/example_dags/example_task_group.py
[2022-10-02T20:58:10.730+0000] {processor.py:768} INFO - DAG(s) dict_keys(['example_task_group']) retrieved from /home/airflow/.local/lib/python3.7/site-packages/airflow/example_dags/example_task_group.py
[2022-10-02T20:58:10.756+0000] {logging_mixin.py:117} INFO - [2022-10-02T20:58:10.756+0000] {dag.py:2573} INFO - Sync 1 DAGs
[2022-10-02T20:58:10.772+0000] {logging_mixin.py:117} INFO - [2022-10-02T20:58:10.772+0000] {dag.py:3328} INFO - Setting next_dagrun for example_task_group to 2022-10-01T20:58:10.772117+00:00, run_after=2022-10-02T20:58:10.772117+00:00
[2022-10-02T20:58:10.784+0000] {processor.py:178} INFO - Processing /home/airflow/.local/lib/python3.7/site-packages/airflow/example_dags/example_task_group.py took 0.070 seconds
[2022-10-02T20:58:41.345+0000] {processor.py:156} INFO - Started process (PID=308) to work on /home/airflow/.local/lib/python3.7/site-packages/airflow/example_dags/example_task_group.py
[2022-10-02T20:58:41.346+0000] {processor.py:758} INFO - Processing file /home/airflow/.local/lib/python3.7/site-packages/airflow/example_dags/example_task_group.py for tasks to queue
[2022-10-02T20:58:41.348+0000] {logging_mixin.py:117} INFO - [2022-10-02T20:58:41.348+0000] {dagbag.py:525} INFO - Filling up the DagBag from /home/airflow/.local/lib/python3.7/site-packages/airflow/example_dags/example_task_group.py
[2022-10-02T20:58:41.359+0000] {processor.py:768} INFO - DAG(s) dict_keys(['example_task_group']) retrieved from /home/airflow/.local/lib/python3.7/site-packages/airflow/example_dags/example_task_group.py
[2022-10-02T20:58:41.385+0000] {logging_mixin.py:117} INFO - [2022-10-02T20:58:41.385+0000] {dag.py:2573} INFO - Sync 1 DAGs
[2022-10-02T20:58:41.403+0000] {logging_mixin.py:117} INFO - [2022-10-02T20:58:41.403+0000] {dag.py:3328} INFO - Setting next_dagrun for example_task_group to 2022-10-01T20:58:41.403181+00:00, run_after=2022-10-02T20:58:41.403181+00:00
[2022-10-02T20:58:41.420+0000] {processor.py:178} INFO - Processing /home/airflow/.local/lib/python3.7/site-packages/airflow/example_dags/example_task_group.py took 0.077 seconds
[2022-10-02T20:59:11.642+0000] {processor.py:156} INFO - Started process (PID=371) to work on /home/airflow/.local/lib/python3.7/site-packages/airflow/example_dags/example_task_group.py
[2022-10-02T20:59:11.645+0000] {processor.py:758} INFO - Processing file /home/airflow/.local/lib/python3.7/site-packages/airflow/example_dags/example_task_group.py for tasks to queue
[2022-10-02T20:59:11.647+0000] {logging_mixin.py:117} INFO - [2022-10-02T20:59:11.647+0000] {dagbag.py:525} INFO - Filling up the DagBag from /home/airflow/.local/lib/python3.7/site-packages/airflow/example_dags/example_task_group.py
[2022-10-02T20:59:11.661+0000] {processor.py:768} INFO - DAG(s) dict_keys(['example_task_group']) retrieved from /home/airflow/.local/lib/python3.7/site-packages/airflow/example_dags/example_task_group.py
[2022-10-02T20:59:11.698+0000] {logging_mixin.py:117} INFO - [2022-10-02T20:59:11.698+0000] {dag.py:2573} INFO - Sync 1 DAGs
[2022-10-02T20:59:11.718+0000] {logging_mixin.py:117} INFO - [2022-10-02T20:59:11.718+0000] {dag.py:3328} INFO - Setting next_dagrun for example_task_group to 2022-10-01T20:59:11.718653+00:00, run_after=2022-10-02T20:59:11.718653+00:00
[2022-10-02T20:59:11.745+0000] {processor.py:178} INFO - Processing /home/airflow/.local/lib/python3.7/site-packages/airflow/example_dags/example_task_group.py took 0.105 seconds
[2022-10-02T20:59:41.988+0000] {processor.py:156} INFO - Started process (PID=424) to work on /home/airflow/.local/lib/python3.7/site-packages/airflow/example_dags/example_task_group.py
[2022-10-02T20:59:41.989+0000] {processor.py:758} INFO - Processing file /home/airflow/.local/lib/python3.7/site-packages/airflow/example_dags/example_task_group.py for tasks to queue
[2022-10-02T20:59:41.990+0000] {logging_mixin.py:117} INFO - [2022-10-02T20:59:41.990+0000] {dagbag.py:525} INFO - Filling up the DagBag from /home/airflow/.local/lib/python3.7/site-packages/airflow/example_dags/example_task_group.py
[2022-10-02T20:59:42.003+0000] {processor.py:768} INFO - DAG(s) dict_keys(['example_task_group']) retrieved from /home/airflow/.local/lib/python3.7/site-packages/airflow/example_dags/example_task_group.py
[2022-10-02T20:59:42.037+0000] {logging_mixin.py:117} INFO - [2022-10-02T20:59:42.037+0000] {dag.py:2573} INFO - Sync 1 DAGs
[2022-10-02T20:59:42.055+0000] {logging_mixin.py:117} INFO - [2022-10-02T20:59:42.055+0000] {dag.py:3328} INFO - Setting next_dagrun for example_task_group to 2022-10-01T20:59:42.055021+00:00, run_after=2022-10-02T20:59:42.055021+00:00
[2022-10-02T20:59:42.073+0000] {processor.py:178} INFO - Processing /home/airflow/.local/lib/python3.7/site-packages/airflow/example_dags/example_task_group.py took 0.087 seconds
[2022-10-02T21:00:12.096+0000] {processor.py:156} INFO - Started process (PID=487) to work on /home/airflow/.local/lib/python3.7/site-packages/airflow/example_dags/example_task_group.py
[2022-10-02T21:00:12.098+0000] {processor.py:758} INFO - Processing file /home/airflow/.local/lib/python3.7/site-packages/airflow/example_dags/example_task_group.py for tasks to queue
[2022-10-02T21:00:12.099+0000] {logging_mixin.py:117} INFO - [2022-10-02T21:00:12.099+0000] {dagbag.py:525} INFO - Filling up the DagBag from /home/airflow/.local/lib/python3.7/site-packages/airflow/example_dags/example_task_group.py
[2022-10-02T21:00:12.109+0000] {processor.py:768} INFO - DAG(s) dict_keys(['example_task_group']) retrieved from /home/airflow/.local/lib/python3.7/site-packages/airflow/example_dags/example_task_group.py
[2022-10-02T21:00:12.134+0000] {logging_mixin.py:117} INFO - [2022-10-02T21:00:12.134+0000] {dag.py:2573} INFO - Sync 1 DAGs
[2022-10-02T21:00:12.149+0000] {logging_mixin.py:117} INFO - [2022-10-02T21:00:12.149+0000] {dag.py:3328} INFO - Setting next_dagrun for example_task_group to 2022-10-01T21:00:12.149224+00:00, run_after=2022-10-02T21:00:12.149224+00:00
[2022-10-02T21:00:12.161+0000] {processor.py:178} INFO - Processing /home/airflow/.local/lib/python3.7/site-packages/airflow/example_dags/example_task_group.py took 0.066 seconds
[2022-10-02T21:00:43.246+0000] {processor.py:156} INFO - Started process (PID=550) to work on /home/airflow/.local/lib/python3.7/site-packages/airflow/example_dags/example_task_group.py
[2022-10-02T21:00:43.248+0000] {processor.py:758} INFO - Processing file /home/airflow/.local/lib/python3.7/site-packages/airflow/example_dags/example_task_group.py for tasks to queue
[2022-10-02T21:00:43.249+0000] {logging_mixin.py:117} INFO - [2022-10-02T21:00:43.249+0000] {dagbag.py:525} INFO - Filling up the DagBag from /home/airflow/.local/lib/python3.7/site-packages/airflow/example_dags/example_task_group.py
[2022-10-02T21:00:43.259+0000] {processor.py:768} INFO - DAG(s) dict_keys(['example_task_group']) retrieved from /home/airflow/.local/lib/python3.7/site-packages/airflow/example_dags/example_task_group.py
[2022-10-02T21:00:43.285+0000] {logging_mixin.py:117} INFO - [2022-10-02T21:00:43.285+0000] {dag.py:2573} INFO - Sync 1 DAGs
[2022-10-02T21:00:43.299+0000] {logging_mixin.py:117} INFO - [2022-10-02T21:00:43.299+0000] {dag.py:3328} INFO - Setting next_dagrun for example_task_group to 2022-10-01T21:00:43.299704+00:00, run_after=2022-10-02T21:00:43.299704+00:00
[2022-10-02T21:00:43.311+0000] {processor.py:178} INFO - Processing /home/airflow/.local/lib/python3.7/site-packages/airflow/example_dags/example_task_group.py took 0.067 seconds
[2022-10-02T21:01:14.238+0000] {processor.py:156} INFO - Started process (PID=613) to work on /home/airflow/.local/lib/python3.7/site-packages/airflow/example_dags/example_task_group.py
[2022-10-02T21:01:14.240+0000] {processor.py:758} INFO - Processing file /home/airflow/.local/lib/python3.7/site-packages/airflow/example_dags/example_task_group.py for tasks to queue
[2022-10-02T21:01:14.241+0000] {logging_mixin.py:117} INFO - [2022-10-02T21:01:14.241+0000] {dagbag.py:525} INFO - Filling up the DagBag from /home/airflow/.local/lib/python3.7/site-packages/airflow/example_dags/example_task_group.py
[2022-10-02T21:01:14.253+0000] {processor.py:768} INFO - DAG(s) dict_keys(['example_task_group']) retrieved from /home/airflow/.local/lib/python3.7/site-packages/airflow/example_dags/example_task_group.py
[2022-10-02T21:01:14.283+0000] {logging_mixin.py:117} INFO - [2022-10-02T21:01:14.283+0000] {dag.py:2573} INFO - Sync 1 DAGs
[2022-10-02T21:01:14.301+0000] {logging_mixin.py:117} INFO - [2022-10-02T21:01:14.301+0000] {dag.py:3328} INFO - Setting next_dagrun for example_task_group to 2022-10-01T21:01:14.301191+00:00, run_after=2022-10-02T21:01:14.301191+00:00
[2022-10-02T21:01:14.313+0000] {processor.py:178} INFO - Processing /home/airflow/.local/lib/python3.7/site-packages/airflow/example_dags/example_task_group.py took 0.077 seconds
[2022-10-02T21:01:45.262+0000] {processor.py:156} INFO - Started process (PID=675) to work on /home/airflow/.local/lib/python3.7/site-packages/airflow/example_dags/example_task_group.py
[2022-10-02T21:01:45.265+0000] {processor.py:758} INFO - Processing file /home/airflow/.local/lib/python3.7/site-packages/airflow/example_dags/example_task_group.py for tasks to queue
[2022-10-02T21:01:45.268+0000] {logging_mixin.py:117} INFO - [2022-10-02T21:01:45.268+0000] {dagbag.py:525} INFO - Filling up the DagBag from /home/airflow/.local/lib/python3.7/site-packages/airflow/example_dags/example_task_group.py
[2022-10-02T21:01:45.310+0000] {processor.py:768} INFO - DAG(s) dict_keys(['example_task_group']) retrieved from /home/airflow/.local/lib/python3.7/site-packages/airflow/example_dags/example_task_group.py
[2022-10-02T21:01:45.352+0000] {logging_mixin.py:117} INFO - [2022-10-02T21:01:45.352+0000] {dag.py:2573} INFO - Sync 1 DAGs
[2022-10-02T21:01:45.391+0000] {logging_mixin.py:117} INFO - [2022-10-02T21:01:45.390+0000] {dag.py:3328} INFO - Setting next_dagrun for example_task_group to 2022-10-01T21:01:45.390516+00:00, run_after=2022-10-02T21:01:45.390516+00:00
[2022-10-02T21:01:45.412+0000] {processor.py:178} INFO - Processing /home/airflow/.local/lib/python3.7/site-packages/airflow/example_dags/example_task_group.py took 0.156 seconds
[2022-10-02T21:02:15.574+0000] {processor.py:156} INFO - Started process (PID=729) to work on /home/airflow/.local/lib/python3.7/site-packages/airflow/example_dags/example_task_group.py
[2022-10-02T21:02:15.576+0000] {processor.py:758} INFO - Processing file /home/airflow/.local/lib/python3.7/site-packages/airflow/example_dags/example_task_group.py for tasks to queue
[2022-10-02T21:02:15.577+0000] {logging_mixin.py:117} INFO - [2022-10-02T21:02:15.577+0000] {dagbag.py:525} INFO - Filling up the DagBag from /home/airflow/.local/lib/python3.7/site-packages/airflow/example_dags/example_task_group.py
[2022-10-02T21:02:15.587+0000] {processor.py:768} INFO - DAG(s) dict_keys(['example_task_group']) retrieved from /home/airflow/.local/lib/python3.7/site-packages/airflow/example_dags/example_task_group.py
[2022-10-02T21:02:15.612+0000] {logging_mixin.py:117} INFO - [2022-10-02T21:02:15.612+0000] {dag.py:2573} INFO - Sync 1 DAGs
[2022-10-02T21:02:15.628+0000] {logging_mixin.py:117} INFO - [2022-10-02T21:02:15.628+0000] {dag.py:3328} INFO - Setting next_dagrun for example_task_group to 2022-10-01T21:02:15.628113+00:00, run_after=2022-10-02T21:02:15.628113+00:00
[2022-10-02T21:02:15.640+0000] {processor.py:178} INFO - Processing /home/airflow/.local/lib/python3.7/site-packages/airflow/example_dags/example_task_group.py took 0.068 seconds
[2022-10-02T21:02:48.838+0000] {processor.py:156} INFO - Started process (PID=801) to work on /home/airflow/.local/lib/python3.7/site-packages/airflow/example_dags/example_task_group.py
[2022-10-02T21:02:48.840+0000] {processor.py:758} INFO - Processing file /home/airflow/.local/lib/python3.7/site-packages/airflow/example_dags/example_task_group.py for tasks to queue
[2022-10-02T21:02:48.846+0000] {logging_mixin.py:117} INFO - [2022-10-02T21:02:48.845+0000] {dagbag.py:525} INFO - Filling up the DagBag from /home/airflow/.local/lib/python3.7/site-packages/airflow/example_dags/example_task_group.py
[2022-10-02T21:02:48.882+0000] {processor.py:768} INFO - DAG(s) dict_keys(['example_task_group']) retrieved from /home/airflow/.local/lib/python3.7/site-packages/airflow/example_dags/example_task_group.py
[2022-10-02T21:02:48.985+0000] {logging_mixin.py:117} INFO - [2022-10-02T21:02:48.985+0000] {dag.py:2573} INFO - Sync 1 DAGs
[2022-10-02T21:02:49.040+0000] {logging_mixin.py:117} INFO - [2022-10-02T21:02:49.040+0000] {dag.py:3328} INFO - Setting next_dagrun for example_task_group to 2022-10-01T21:02:49.040584+00:00, run_after=2022-10-02T21:02:49.040584+00:00
[2022-10-02T21:02:49.099+0000] {processor.py:178} INFO - Processing /home/airflow/.local/lib/python3.7/site-packages/airflow/example_dags/example_task_group.py took 0.266 seconds
[2022-10-02T21:03:19.487+0000] {processor.py:156} INFO - Started process (PID=856) to work on /home/airflow/.local/lib/python3.7/site-packages/airflow/example_dags/example_task_group.py
[2022-10-02T21:03:19.489+0000] {processor.py:758} INFO - Processing file /home/airflow/.local/lib/python3.7/site-packages/airflow/example_dags/example_task_group.py for tasks to queue
[2022-10-02T21:03:19.491+0000] {logging_mixin.py:117} INFO - [2022-10-02T21:03:19.491+0000] {dagbag.py:525} INFO - Filling up the DagBag from /home/airflow/.local/lib/python3.7/site-packages/airflow/example_dags/example_task_group.py
[2022-10-02T21:03:19.503+0000] {processor.py:768} INFO - DAG(s) dict_keys(['example_task_group']) retrieved from /home/airflow/.local/lib/python3.7/site-packages/airflow/example_dags/example_task_group.py
[2022-10-02T21:03:19.536+0000] {logging_mixin.py:117} INFO - [2022-10-02T21:03:19.536+0000] {dag.py:2573} INFO - Sync 1 DAGs
[2022-10-02T21:03:19.566+0000] {logging_mixin.py:117} INFO - [2022-10-02T21:03:19.566+0000] {dag.py:3328} INFO - Setting next_dagrun for example_task_group to 2022-10-01T21:03:19.565893+00:00, run_after=2022-10-02T21:03:19.565893+00:00
[2022-10-02T21:03:19.583+0000] {processor.py:178} INFO - Processing /home/airflow/.local/lib/python3.7/site-packages/airflow/example_dags/example_task_group.py took 0.098 seconds
[2022-10-02T21:03:50.043+0000] {processor.py:156} INFO - Started process (PID=918) to work on /home/airflow/.local/lib/python3.7/site-packages/airflow/example_dags/example_task_group.py
[2022-10-02T21:03:50.044+0000] {processor.py:758} INFO - Processing file /home/airflow/.local/lib/python3.7/site-packages/airflow/example_dags/example_task_group.py for tasks to queue
[2022-10-02T21:03:50.045+0000] {logging_mixin.py:117} INFO - [2022-10-02T21:03:50.045+0000] {dagbag.py:525} INFO - Filling up the DagBag from /home/airflow/.local/lib/python3.7/site-packages/airflow/example_dags/example_task_group.py
[2022-10-02T21:03:50.056+0000] {processor.py:768} INFO - DAG(s) dict_keys(['example_task_group']) retrieved from /home/airflow/.local/lib/python3.7/site-packages/airflow/example_dags/example_task_group.py
[2022-10-02T21:03:50.085+0000] {logging_mixin.py:117} INFO - [2022-10-02T21:03:50.085+0000] {dag.py:2573} INFO - Sync 1 DAGs
[2022-10-02T21:03:50.101+0000] {logging_mixin.py:117} INFO - [2022-10-02T21:03:50.101+0000] {dag.py:3328} INFO - Setting next_dagrun for example_task_group to 2022-10-01T21:03:50.101663+00:00, run_after=2022-10-02T21:03:50.101663+00:00
[2022-10-02T21:03:50.114+0000] {processor.py:178} INFO - Processing /home/airflow/.local/lib/python3.7/site-packages/airflow/example_dags/example_task_group.py took 0.074 seconds
[2022-10-02T21:04:20.663+0000] {processor.py:156} INFO - Started process (PID=980) to work on /home/airflow/.local/lib/python3.7/site-packages/airflow/example_dags/example_task_group.py
[2022-10-02T21:04:20.665+0000] {processor.py:758} INFO - Processing file /home/airflow/.local/lib/python3.7/site-packages/airflow/example_dags/example_task_group.py for tasks to queue
[2022-10-02T21:04:20.666+0000] {logging_mixin.py:117} INFO - [2022-10-02T21:04:20.666+0000] {dagbag.py:525} INFO - Filling up the DagBag from /home/airflow/.local/lib/python3.7/site-packages/airflow/example_dags/example_task_group.py
[2022-10-02T21:04:20.679+0000] {processor.py:768} INFO - DAG(s) dict_keys(['example_task_group']) retrieved from /home/airflow/.local/lib/python3.7/site-packages/airflow/example_dags/example_task_group.py
[2022-10-02T21:04:20.707+0000] {logging_mixin.py:117} INFO - [2022-10-02T21:04:20.707+0000] {dag.py:2573} INFO - Sync 1 DAGs
[2022-10-02T21:04:20.723+0000] {logging_mixin.py:117} INFO - [2022-10-02T21:04:20.723+0000] {dag.py:3328} INFO - Setting next_dagrun for example_task_group to 2022-10-01T21:04:20.722823+00:00, run_after=2022-10-02T21:04:20.722823+00:00
[2022-10-02T21:04:20.737+0000] {processor.py:178} INFO - Processing /home/airflow/.local/lib/python3.7/site-packages/airflow/example_dags/example_task_group.py took 0.076 seconds
[2022-10-02T21:05:09.925+0000] {processor.py:156} INFO - Started process (PID=55) to work on /home/airflow/.local/lib/python3.7/site-packages/airflow/example_dags/example_task_group.py
[2022-10-02T21:05:09.931+0000] {processor.py:758} INFO - Processing file /home/airflow/.local/lib/python3.7/site-packages/airflow/example_dags/example_task_group.py for tasks to queue
[2022-10-02T21:05:09.933+0000] {logging_mixin.py:117} INFO - [2022-10-02T21:05:09.932+0000] {dagbag.py:525} INFO - Filling up the DagBag from /home/airflow/.local/lib/python3.7/site-packages/airflow/example_dags/example_task_group.py
[2022-10-02T21:05:09.952+0000] {processor.py:768} INFO - DAG(s) dict_keys(['example_task_group']) retrieved from /home/airflow/.local/lib/python3.7/site-packages/airflow/example_dags/example_task_group.py
[2022-10-02T21:05:09.988+0000] {logging_mixin.py:117} INFO - [2022-10-02T21:05:09.988+0000] {dag.py:2573} INFO - Sync 1 DAGs
[2022-10-02T21:05:10.013+0000] {logging_mixin.py:117} INFO - [2022-10-02T21:05:10.013+0000] {dag.py:3328} INFO - Setting next_dagrun for example_task_group to 2022-10-01T21:05:10.013274+00:00, run_after=2022-10-02T21:05:10.013274+00:00
[2022-10-02T21:05:10.032+0000] {processor.py:178} INFO - Processing /home/airflow/.local/lib/python3.7/site-packages/airflow/example_dags/example_task_group.py took 0.109 seconds
[2022-10-02T21:05:40.612+0000] {processor.py:156} INFO - Started process (PID=119) to work on /home/airflow/.local/lib/python3.7/site-packages/airflow/example_dags/example_task_group.py
[2022-10-02T21:05:40.613+0000] {processor.py:758} INFO - Processing file /home/airflow/.local/lib/python3.7/site-packages/airflow/example_dags/example_task_group.py for tasks to queue
[2022-10-02T21:05:40.614+0000] {logging_mixin.py:117} INFO - [2022-10-02T21:05:40.614+0000] {dagbag.py:525} INFO - Filling up the DagBag from /home/airflow/.local/lib/python3.7/site-packages/airflow/example_dags/example_task_group.py
[2022-10-02T21:05:40.624+0000] {processor.py:768} INFO - DAG(s) dict_keys(['example_task_group']) retrieved from /home/airflow/.local/lib/python3.7/site-packages/airflow/example_dags/example_task_group.py
[2022-10-02T21:05:40.649+0000] {logging_mixin.py:117} INFO - [2022-10-02T21:05:40.649+0000] {dag.py:2573} INFO - Sync 1 DAGs
[2022-10-02T21:05:40.663+0000] {logging_mixin.py:117} INFO - [2022-10-02T21:05:40.663+0000] {dag.py:3328} INFO - Setting next_dagrun for example_task_group to 2022-10-01T21:05:40.663638+00:00, run_after=2022-10-02T21:05:40.663638+00:00
[2022-10-02T21:05:40.679+0000] {processor.py:178} INFO - Processing /home/airflow/.local/lib/python3.7/site-packages/airflow/example_dags/example_task_group.py took 0.069 seconds
[2022-10-02T21:06:11.717+0000] {processor.py:156} INFO - Started process (PID=184) to work on /home/airflow/.local/lib/python3.7/site-packages/airflow/example_dags/example_task_group.py
[2022-10-02T21:06:11.718+0000] {processor.py:758} INFO - Processing file /home/airflow/.local/lib/python3.7/site-packages/airflow/example_dags/example_task_group.py for tasks to queue
[2022-10-02T21:06:11.719+0000] {logging_mixin.py:117} INFO - [2022-10-02T21:06:11.719+0000] {dagbag.py:525} INFO - Filling up the DagBag from /home/airflow/.local/lib/python3.7/site-packages/airflow/example_dags/example_task_group.py
[2022-10-02T21:06:11.731+0000] {processor.py:768} INFO - DAG(s) dict_keys(['example_task_group']) retrieved from /home/airflow/.local/lib/python3.7/site-packages/airflow/example_dags/example_task_group.py
[2022-10-02T21:06:11.768+0000] {logging_mixin.py:117} INFO - [2022-10-02T21:06:11.768+0000] {dag.py:2573} INFO - Sync 1 DAGs
[2022-10-02T21:06:11.783+0000] {logging_mixin.py:117} INFO - [2022-10-02T21:06:11.783+0000] {dag.py:3328} INFO - Setting next_dagrun for example_task_group to 2022-10-01T21:06:11.783561+00:00, run_after=2022-10-02T21:06:11.783561+00:00
[2022-10-02T21:06:11.799+0000] {processor.py:178} INFO - Processing /home/airflow/.local/lib/python3.7/site-packages/airflow/example_dags/example_task_group.py took 0.084 seconds
[2022-10-02T21:06:41.952+0000] {processor.py:156} INFO - Started process (PID=247) to work on /home/airflow/.local/lib/python3.7/site-packages/airflow/example_dags/example_task_group.py
[2022-10-02T21:06:41.953+0000] {processor.py:758} INFO - Processing file /home/airflow/.local/lib/python3.7/site-packages/airflow/example_dags/example_task_group.py for tasks to queue
[2022-10-02T21:06:41.954+0000] {logging_mixin.py:117} INFO - [2022-10-02T21:06:41.954+0000] {dagbag.py:525} INFO - Filling up the DagBag from /home/airflow/.local/lib/python3.7/site-packages/airflow/example_dags/example_task_group.py
[2022-10-02T21:06:41.965+0000] {processor.py:768} INFO - DAG(s) dict_keys(['example_task_group']) retrieved from /home/airflow/.local/lib/python3.7/site-packages/airflow/example_dags/example_task_group.py
[2022-10-02T21:06:41.990+0000] {logging_mixin.py:117} INFO - [2022-10-02T21:06:41.990+0000] {dag.py:2573} INFO - Sync 1 DAGs
[2022-10-02T21:06:42.009+0000] {logging_mixin.py:117} INFO - [2022-10-02T21:06:42.008+0000] {dag.py:3328} INFO - Setting next_dagrun for example_task_group to 2022-10-01T21:06:42.008680+00:00, run_after=2022-10-02T21:06:42.008680+00:00
[2022-10-02T21:06:42.021+0000] {processor.py:178} INFO - Processing /home/airflow/.local/lib/python3.7/site-packages/airflow/example_dags/example_task_group.py took 0.071 seconds
[2022-10-02T21:07:12.574+0000] {processor.py:156} INFO - Started process (PID=310) to work on /home/airflow/.local/lib/python3.7/site-packages/airflow/example_dags/example_task_group.py
[2022-10-02T21:07:12.576+0000] {processor.py:758} INFO - Processing file /home/airflow/.local/lib/python3.7/site-packages/airflow/example_dags/example_task_group.py for tasks to queue
[2022-10-02T21:07:12.577+0000] {logging_mixin.py:117} INFO - [2022-10-02T21:07:12.577+0000] {dagbag.py:525} INFO - Filling up the DagBag from /home/airflow/.local/lib/python3.7/site-packages/airflow/example_dags/example_task_group.py
[2022-10-02T21:07:12.588+0000] {processor.py:768} INFO - DAG(s) dict_keys(['example_task_group']) retrieved from /home/airflow/.local/lib/python3.7/site-packages/airflow/example_dags/example_task_group.py
[2022-10-02T21:07:12.615+0000] {logging_mixin.py:117} INFO - [2022-10-02T21:07:12.615+0000] {dag.py:2573} INFO - Sync 1 DAGs
[2022-10-02T21:07:12.631+0000] {logging_mixin.py:117} INFO - [2022-10-02T21:07:12.631+0000] {dag.py:3328} INFO - Setting next_dagrun for example_task_group to 2022-10-01T21:07:12.631567+00:00, run_after=2022-10-02T21:07:12.631567+00:00
[2022-10-02T21:07:12.646+0000] {processor.py:178} INFO - Processing /home/airflow/.local/lib/python3.7/site-packages/airflow/example_dags/example_task_group.py took 0.074 seconds
[2022-10-02T21:07:42.768+0000] {processor.py:156} INFO - Started process (PID=364) to work on /home/airflow/.local/lib/python3.7/site-packages/airflow/example_dags/example_task_group.py
[2022-10-02T21:07:42.769+0000] {processor.py:758} INFO - Processing file /home/airflow/.local/lib/python3.7/site-packages/airflow/example_dags/example_task_group.py for tasks to queue
[2022-10-02T21:07:42.770+0000] {logging_mixin.py:117} INFO - [2022-10-02T21:07:42.770+0000] {dagbag.py:525} INFO - Filling up the DagBag from /home/airflow/.local/lib/python3.7/site-packages/airflow/example_dags/example_task_group.py
[2022-10-02T21:07:42.780+0000] {processor.py:768} INFO - DAG(s) dict_keys(['example_task_group']) retrieved from /home/airflow/.local/lib/python3.7/site-packages/airflow/example_dags/example_task_group.py
[2022-10-02T21:07:42.806+0000] {logging_mixin.py:117} INFO - [2022-10-02T21:07:42.806+0000] {dag.py:2573} INFO - Sync 1 DAGs
[2022-10-02T21:07:42.819+0000] {logging_mixin.py:117} INFO - [2022-10-02T21:07:42.819+0000] {dag.py:3328} INFO - Setting next_dagrun for example_task_group to 2022-10-01T21:07:42.819586+00:00, run_after=2022-10-02T21:07:42.819586+00:00
[2022-10-02T21:07:42.830+0000] {processor.py:178} INFO - Processing /home/airflow/.local/lib/python3.7/site-packages/airflow/example_dags/example_task_group.py took 0.064 seconds
[2022-10-02T21:08:13.036+0000] {processor.py:156} INFO - Started process (PID=427) to work on /home/airflow/.local/lib/python3.7/site-packages/airflow/example_dags/example_task_group.py
[2022-10-02T21:08:13.038+0000] {processor.py:758} INFO - Processing file /home/airflow/.local/lib/python3.7/site-packages/airflow/example_dags/example_task_group.py for tasks to queue
[2022-10-02T21:08:13.039+0000] {logging_mixin.py:117} INFO - [2022-10-02T21:08:13.039+0000] {dagbag.py:525} INFO - Filling up the DagBag from /home/airflow/.local/lib/python3.7/site-packages/airflow/example_dags/example_task_group.py
[2022-10-02T21:08:13.051+0000] {processor.py:768} INFO - DAG(s) dict_keys(['example_task_group']) retrieved from /home/airflow/.local/lib/python3.7/site-packages/airflow/example_dags/example_task_group.py
[2022-10-02T21:08:13.077+0000] {logging_mixin.py:117} INFO - [2022-10-02T21:08:13.077+0000] {dag.py:2573} INFO - Sync 1 DAGs
[2022-10-02T21:08:13.092+0000] {logging_mixin.py:117} INFO - [2022-10-02T21:08:13.092+0000] {dag.py:3328} INFO - Setting next_dagrun for example_task_group to 2022-10-01T21:08:13.091958+00:00, run_after=2022-10-02T21:08:13.091958+00:00
[2022-10-02T21:08:13.103+0000] {processor.py:178} INFO - Processing /home/airflow/.local/lib/python3.7/site-packages/airflow/example_dags/example_task_group.py took 0.069 seconds
[2022-10-02T21:08:43.234+0000] {processor.py:156} INFO - Started process (PID=490) to work on /home/airflow/.local/lib/python3.7/site-packages/airflow/example_dags/example_task_group.py
[2022-10-02T21:08:43.235+0000] {processor.py:758} INFO - Processing file /home/airflow/.local/lib/python3.7/site-packages/airflow/example_dags/example_task_group.py for tasks to queue
[2022-10-02T21:08:43.236+0000] {logging_mixin.py:117} INFO - [2022-10-02T21:08:43.236+0000] {dagbag.py:525} INFO - Filling up the DagBag from /home/airflow/.local/lib/python3.7/site-packages/airflow/example_dags/example_task_group.py
[2022-10-02T21:08:43.247+0000] {processor.py:768} INFO - DAG(s) dict_keys(['example_task_group']) retrieved from /home/airflow/.local/lib/python3.7/site-packages/airflow/example_dags/example_task_group.py
[2022-10-02T21:08:43.272+0000] {logging_mixin.py:117} INFO - [2022-10-02T21:08:43.272+0000] {dag.py:2573} INFO - Sync 1 DAGs
[2022-10-02T21:08:43.288+0000] {logging_mixin.py:117} INFO - [2022-10-02T21:08:43.288+0000] {dag.py:3328} INFO - Setting next_dagrun for example_task_group to 2022-10-01T21:08:43.287936+00:00, run_after=2022-10-02T21:08:43.287936+00:00
[2022-10-02T21:08:43.300+0000] {processor.py:178} INFO - Processing /home/airflow/.local/lib/python3.7/site-packages/airflow/example_dags/example_task_group.py took 0.068 seconds
[2022-10-02T21:09:13.453+0000] {processor.py:156} INFO - Started process (PID=553) to work on /home/airflow/.local/lib/python3.7/site-packages/airflow/example_dags/example_task_group.py
[2022-10-02T21:09:13.454+0000] {processor.py:758} INFO - Processing file /home/airflow/.local/lib/python3.7/site-packages/airflow/example_dags/example_task_group.py for tasks to queue
[2022-10-02T21:09:13.455+0000] {logging_mixin.py:117} INFO - [2022-10-02T21:09:13.455+0000] {dagbag.py:525} INFO - Filling up the DagBag from /home/airflow/.local/lib/python3.7/site-packages/airflow/example_dags/example_task_group.py
[2022-10-02T21:09:13.466+0000] {processor.py:768} INFO - DAG(s) dict_keys(['example_task_group']) retrieved from /home/airflow/.local/lib/python3.7/site-packages/airflow/example_dags/example_task_group.py
[2022-10-02T21:09:13.493+0000] {logging_mixin.py:117} INFO - [2022-10-02T21:09:13.493+0000] {dag.py:2573} INFO - Sync 1 DAGs
[2022-10-02T21:09:13.508+0000] {logging_mixin.py:117} INFO - [2022-10-02T21:09:13.508+0000] {dag.py:3328} INFO - Setting next_dagrun for example_task_group to 2022-10-01T21:09:13.508664+00:00, run_after=2022-10-02T21:09:13.508664+00:00
[2022-10-02T21:09:13.521+0000] {processor.py:178} INFO - Processing /home/airflow/.local/lib/python3.7/site-packages/airflow/example_dags/example_task_group.py took 0.070 seconds
[2022-10-02T21:09:43.693+0000] {processor.py:156} INFO - Started process (PID=616) to work on /home/airflow/.local/lib/python3.7/site-packages/airflow/example_dags/example_task_group.py
[2022-10-02T21:09:43.695+0000] {processor.py:758} INFO - Processing file /home/airflow/.local/lib/python3.7/site-packages/airflow/example_dags/example_task_group.py for tasks to queue
[2022-10-02T21:09:43.697+0000] {logging_mixin.py:117} INFO - [2022-10-02T21:09:43.697+0000] {dagbag.py:525} INFO - Filling up the DagBag from /home/airflow/.local/lib/python3.7/site-packages/airflow/example_dags/example_task_group.py
[2022-10-02T21:09:43.711+0000] {processor.py:768} INFO - DAG(s) dict_keys(['example_task_group']) retrieved from /home/airflow/.local/lib/python3.7/site-packages/airflow/example_dags/example_task_group.py
[2022-10-02T21:09:43.744+0000] {logging_mixin.py:117} INFO - [2022-10-02T21:09:43.743+0000] {dag.py:2573} INFO - Sync 1 DAGs
[2022-10-02T21:09:43.760+0000] {logging_mixin.py:117} INFO - [2022-10-02T21:09:43.760+0000] {dag.py:3328} INFO - Setting next_dagrun for example_task_group to 2022-10-01T21:09:43.760569+00:00, run_after=2022-10-02T21:09:43.760569+00:00
[2022-10-02T21:09:43.774+0000] {processor.py:178} INFO - Processing /home/airflow/.local/lib/python3.7/site-packages/airflow/example_dags/example_task_group.py took 0.084 seconds
[2022-10-02T21:10:13.832+0000] {processor.py:156} INFO - Started process (PID=669) to work on /home/airflow/.local/lib/python3.7/site-packages/airflow/example_dags/example_task_group.py
[2022-10-02T21:10:13.834+0000] {processor.py:758} INFO - Processing file /home/airflow/.local/lib/python3.7/site-packages/airflow/example_dags/example_task_group.py for tasks to queue
[2022-10-02T21:10:13.835+0000] {logging_mixin.py:117} INFO - [2022-10-02T21:10:13.835+0000] {dagbag.py:525} INFO - Filling up the DagBag from /home/airflow/.local/lib/python3.7/site-packages/airflow/example_dags/example_task_group.py
[2022-10-02T21:10:13.847+0000] {processor.py:768} INFO - DAG(s) dict_keys(['example_task_group']) retrieved from /home/airflow/.local/lib/python3.7/site-packages/airflow/example_dags/example_task_group.py
[2022-10-02T21:10:13.871+0000] {logging_mixin.py:117} INFO - [2022-10-02T21:10:13.871+0000] {dag.py:2573} INFO - Sync 1 DAGs
[2022-10-02T21:10:13.884+0000] {logging_mixin.py:117} INFO - [2022-10-02T21:10:13.884+0000] {dag.py:3328} INFO - Setting next_dagrun for example_task_group to 2022-10-01T21:10:13.884635+00:00, run_after=2022-10-02T21:10:13.884635+00:00
[2022-10-02T21:10:13.896+0000] {processor.py:178} INFO - Processing /home/airflow/.local/lib/python3.7/site-packages/airflow/example_dags/example_task_group.py took 0.065 seconds
[2022-10-02T21:10:45.081+0000] {processor.py:156} INFO - Started process (PID=732) to work on /home/airflow/.local/lib/python3.7/site-packages/airflow/example_dags/example_task_group.py
[2022-10-02T21:10:45.082+0000] {processor.py:758} INFO - Processing file /home/airflow/.local/lib/python3.7/site-packages/airflow/example_dags/example_task_group.py for tasks to queue
[2022-10-02T21:10:45.083+0000] {logging_mixin.py:117} INFO - [2022-10-02T21:10:45.083+0000] {dagbag.py:525} INFO - Filling up the DagBag from /home/airflow/.local/lib/python3.7/site-packages/airflow/example_dags/example_task_group.py
[2022-10-02T21:10:45.095+0000] {processor.py:768} INFO - DAG(s) dict_keys(['example_task_group']) retrieved from /home/airflow/.local/lib/python3.7/site-packages/airflow/example_dags/example_task_group.py
[2022-10-02T21:10:45.123+0000] {logging_mixin.py:117} INFO - [2022-10-02T21:10:45.122+0000] {dag.py:2573} INFO - Sync 1 DAGs
[2022-10-02T21:10:45.139+0000] {logging_mixin.py:117} INFO - [2022-10-02T21:10:45.138+0000] {dag.py:3328} INFO - Setting next_dagrun for example_task_group to 2022-10-01T21:10:45.138825+00:00, run_after=2022-10-02T21:10:45.138825+00:00
[2022-10-02T21:10:45.150+0000] {processor.py:178} INFO - Processing /home/airflow/.local/lib/python3.7/site-packages/airflow/example_dags/example_task_group.py took 0.071 seconds
[2022-10-02T21:11:15.364+0000] {processor.py:156} INFO - Started process (PID=795) to work on /home/airflow/.local/lib/python3.7/site-packages/airflow/example_dags/example_task_group.py
[2022-10-02T21:11:15.366+0000] {processor.py:758} INFO - Processing file /home/airflow/.local/lib/python3.7/site-packages/airflow/example_dags/example_task_group.py for tasks to queue
[2022-10-02T21:11:15.367+0000] {logging_mixin.py:117} INFO - [2022-10-02T21:11:15.367+0000] {dagbag.py:525} INFO - Filling up the DagBag from /home/airflow/.local/lib/python3.7/site-packages/airflow/example_dags/example_task_group.py
[2022-10-02T21:11:15.385+0000] {processor.py:768} INFO - DAG(s) dict_keys(['example_task_group']) retrieved from /home/airflow/.local/lib/python3.7/site-packages/airflow/example_dags/example_task_group.py
[2022-10-02T21:11:15.411+0000] {logging_mixin.py:117} INFO - [2022-10-02T21:11:15.411+0000] {dag.py:2573} INFO - Sync 1 DAGs
[2022-10-02T21:11:15.427+0000] {logging_mixin.py:117} INFO - [2022-10-02T21:11:15.427+0000] {dag.py:3328} INFO - Setting next_dagrun for example_task_group to 2022-10-01T21:11:15.427516+00:00, run_after=2022-10-02T21:11:15.427516+00:00
[2022-10-02T21:11:15.439+0000] {processor.py:178} INFO - Processing /home/airflow/.local/lib/python3.7/site-packages/airflow/example_dags/example_task_group.py took 0.078 seconds
[2022-10-02T21:11:45.942+0000] {processor.py:156} INFO - Started process (PID=857) to work on /home/airflow/.local/lib/python3.7/site-packages/airflow/example_dags/example_task_group.py
[2022-10-02T21:11:45.944+0000] {processor.py:758} INFO - Processing file /home/airflow/.local/lib/python3.7/site-packages/airflow/example_dags/example_task_group.py for tasks to queue
[2022-10-02T21:11:45.946+0000] {logging_mixin.py:117} INFO - [2022-10-02T21:11:45.946+0000] {dagbag.py:525} INFO - Filling up the DagBag from /home/airflow/.local/lib/python3.7/site-packages/airflow/example_dags/example_task_group.py
[2022-10-02T21:11:45.959+0000] {processor.py:768} INFO - DAG(s) dict_keys(['example_task_group']) retrieved from /home/airflow/.local/lib/python3.7/site-packages/airflow/example_dags/example_task_group.py
[2022-10-02T21:11:46.026+0000] {logging_mixin.py:117} INFO - [2022-10-02T21:11:46.026+0000] {dag.py:2573} INFO - Sync 1 DAGs
[2022-10-02T21:11:46.062+0000] {logging_mixin.py:117} INFO - [2022-10-02T21:11:46.061+0000] {dag.py:3328} INFO - Setting next_dagrun for example_task_group to 2022-10-01T21:11:46.061596+00:00, run_after=2022-10-02T21:11:46.061596+00:00
[2022-10-02T21:11:46.096+0000] {processor.py:178} INFO - Processing /home/airflow/.local/lib/python3.7/site-packages/airflow/example_dags/example_task_group.py took 0.156 seconds
[2022-10-02T21:12:16.358+0000] {processor.py:156} INFO - Started process (PID=921) to work on /home/airflow/.local/lib/python3.7/site-packages/airflow/example_dags/example_task_group.py
[2022-10-02T21:12:16.360+0000] {processor.py:758} INFO - Processing file /home/airflow/.local/lib/python3.7/site-packages/airflow/example_dags/example_task_group.py for tasks to queue
[2022-10-02T21:12:16.361+0000] {logging_mixin.py:117} INFO - [2022-10-02T21:12:16.361+0000] {dagbag.py:525} INFO - Filling up the DagBag from /home/airflow/.local/lib/python3.7/site-packages/airflow/example_dags/example_task_group.py
[2022-10-02T21:12:16.371+0000] {processor.py:768} INFO - DAG(s) dict_keys(['example_task_group']) retrieved from /home/airflow/.local/lib/python3.7/site-packages/airflow/example_dags/example_task_group.py
[2022-10-02T21:12:16.397+0000] {logging_mixin.py:117} INFO - [2022-10-02T21:12:16.396+0000] {dag.py:2573} INFO - Sync 1 DAGs
[2022-10-02T21:12:16.411+0000] {logging_mixin.py:117} INFO - [2022-10-02T21:12:16.411+0000] {dag.py:3328} INFO - Setting next_dagrun for example_task_group to 2022-10-01T21:12:16.411353+00:00, run_after=2022-10-02T21:12:16.411353+00:00
[2022-10-02T21:12:16.424+0000] {processor.py:178} INFO - Processing /home/airflow/.local/lib/python3.7/site-packages/airflow/example_dags/example_task_group.py took 0.068 seconds
[2022-10-02T21:12:46.657+0000] {processor.py:156} INFO - Started process (PID=984) to work on /home/airflow/.local/lib/python3.7/site-packages/airflow/example_dags/example_task_group.py
[2022-10-02T21:12:46.659+0000] {processor.py:758} INFO - Processing file /home/airflow/.local/lib/python3.7/site-packages/airflow/example_dags/example_task_group.py for tasks to queue
[2022-10-02T21:12:46.661+0000] {logging_mixin.py:117} INFO - [2022-10-02T21:12:46.661+0000] {dagbag.py:525} INFO - Filling up the DagBag from /home/airflow/.local/lib/python3.7/site-packages/airflow/example_dags/example_task_group.py
[2022-10-02T21:12:46.676+0000] {processor.py:768} INFO - DAG(s) dict_keys(['example_task_group']) retrieved from /home/airflow/.local/lib/python3.7/site-packages/airflow/example_dags/example_task_group.py
[2022-10-02T21:12:46.714+0000] {logging_mixin.py:117} INFO - [2022-10-02T21:12:46.714+0000] {dag.py:2573} INFO - Sync 1 DAGs
[2022-10-02T21:12:46.748+0000] {logging_mixin.py:117} INFO - [2022-10-02T21:12:46.748+0000] {dag.py:3328} INFO - Setting next_dagrun for example_task_group to 2022-10-01T21:12:46.748297+00:00, run_after=2022-10-02T21:12:46.748297+00:00
[2022-10-02T21:12:46.772+0000] {processor.py:178} INFO - Processing /home/airflow/.local/lib/python3.7/site-packages/airflow/example_dags/example_task_group.py took 0.118 seconds
[2022-10-02T21:13:16.872+0000] {processor.py:156} INFO - Started process (PID=1037) to work on /home/airflow/.local/lib/python3.7/site-packages/airflow/example_dags/example_task_group.py
[2022-10-02T21:13:16.873+0000] {processor.py:758} INFO - Processing file /home/airflow/.local/lib/python3.7/site-packages/airflow/example_dags/example_task_group.py for tasks to queue
[2022-10-02T21:13:16.874+0000] {logging_mixin.py:117} INFO - [2022-10-02T21:13:16.874+0000] {dagbag.py:525} INFO - Filling up the DagBag from /home/airflow/.local/lib/python3.7/site-packages/airflow/example_dags/example_task_group.py
[2022-10-02T21:13:16.885+0000] {processor.py:768} INFO - DAG(s) dict_keys(['example_task_group']) retrieved from /home/airflow/.local/lib/python3.7/site-packages/airflow/example_dags/example_task_group.py
[2022-10-02T21:13:16.910+0000] {logging_mixin.py:117} INFO - [2022-10-02T21:13:16.910+0000] {dag.py:2573} INFO - Sync 1 DAGs
[2022-10-02T21:13:16.924+0000] {logging_mixin.py:117} INFO - [2022-10-02T21:13:16.924+0000] {dag.py:3328} INFO - Setting next_dagrun for example_task_group to 2022-10-01T21:13:16.924184+00:00, run_after=2022-10-02T21:13:16.924184+00:00
[2022-10-02T21:13:16.936+0000] {processor.py:178} INFO - Processing /home/airflow/.local/lib/python3.7/site-packages/airflow/example_dags/example_task_group.py took 0.067 seconds
[2022-10-02T21:15:01.129+0000] {processor.py:156} INFO - Started process (PID=64) to work on /home/airflow/.local/lib/python3.7/site-packages/airflow/example_dags/example_task_group.py
[2022-10-02T21:15:01.139+0000] {processor.py:758} INFO - Processing file /home/airflow/.local/lib/python3.7/site-packages/airflow/example_dags/example_task_group.py for tasks to queue
[2022-10-02T21:15:01.144+0000] {logging_mixin.py:117} INFO - [2022-10-02T21:15:01.144+0000] {dagbag.py:525} INFO - Filling up the DagBag from /home/airflow/.local/lib/python3.7/site-packages/airflow/example_dags/example_task_group.py
[2022-10-02T21:15:01.179+0000] {processor.py:768} INFO - DAG(s) dict_keys(['example_task_group']) retrieved from /home/airflow/.local/lib/python3.7/site-packages/airflow/example_dags/example_task_group.py
[2022-10-02T21:15:01.303+0000] {logging_mixin.py:117} INFO - [2022-10-02T21:15:01.303+0000] {dag.py:2573} INFO - Sync 1 DAGs
[2022-10-02T21:15:01.418+0000] {logging_mixin.py:117} INFO - [2022-10-02T21:15:01.418+0000] {dag.py:3328} INFO - Setting next_dagrun for example_task_group to 2022-10-01T21:15:01.417804+00:00, run_after=2022-10-02T21:15:01.417804+00:00
[2022-10-02T21:15:01.536+0000] {processor.py:178} INFO - Processing /home/airflow/.local/lib/python3.7/site-packages/airflow/example_dags/example_task_group.py took 0.410 seconds
[2022-10-02T21:15:31.689+0000] {processor.py:156} INFO - Started process (PID=128) to work on /home/airflow/.local/lib/python3.7/site-packages/airflow/example_dags/example_task_group.py
[2022-10-02T21:15:31.692+0000] {processor.py:758} INFO - Processing file /home/airflow/.local/lib/python3.7/site-packages/airflow/example_dags/example_task_group.py for tasks to queue
[2022-10-02T21:15:31.698+0000] {logging_mixin.py:117} INFO - [2022-10-02T21:15:31.698+0000] {dagbag.py:525} INFO - Filling up the DagBag from /home/airflow/.local/lib/python3.7/site-packages/airflow/example_dags/example_task_group.py
[2022-10-02T21:15:31.711+0000] {processor.py:768} INFO - DAG(s) dict_keys(['example_task_group']) retrieved from /home/airflow/.local/lib/python3.7/site-packages/airflow/example_dags/example_task_group.py
[2022-10-02T21:15:31.765+0000] {logging_mixin.py:117} INFO - [2022-10-02T21:15:31.764+0000] {dag.py:2573} INFO - Sync 1 DAGs
[2022-10-02T21:15:31.825+0000] {logging_mixin.py:117} INFO - [2022-10-02T21:15:31.824+0000] {dag.py:3328} INFO - Setting next_dagrun for example_task_group to 2022-10-01T21:15:31.824325+00:00, run_after=2022-10-02T21:15:31.824325+00:00
[2022-10-02T21:15:31.883+0000] {processor.py:178} INFO - Processing /home/airflow/.local/lib/python3.7/site-packages/airflow/example_dags/example_task_group.py took 0.197 seconds
[2022-10-02T21:16:02.050+0000] {processor.py:156} INFO - Started process (PID=183) to work on /home/airflow/.local/lib/python3.7/site-packages/airflow/example_dags/example_task_group.py
[2022-10-02T21:16:02.052+0000] {processor.py:758} INFO - Processing file /home/airflow/.local/lib/python3.7/site-packages/airflow/example_dags/example_task_group.py for tasks to queue
[2022-10-02T21:16:02.054+0000] {logging_mixin.py:117} INFO - [2022-10-02T21:16:02.054+0000] {dagbag.py:525} INFO - Filling up the DagBag from /home/airflow/.local/lib/python3.7/site-packages/airflow/example_dags/example_task_group.py
[2022-10-02T21:16:02.069+0000] {processor.py:768} INFO - DAG(s) dict_keys(['example_task_group']) retrieved from /home/airflow/.local/lib/python3.7/site-packages/airflow/example_dags/example_task_group.py
[2022-10-02T21:16:02.106+0000] {logging_mixin.py:117} INFO - [2022-10-02T21:16:02.106+0000] {dag.py:2573} INFO - Sync 1 DAGs
[2022-10-02T21:16:02.126+0000] {logging_mixin.py:117} INFO - [2022-10-02T21:16:02.126+0000] {dag.py:3328} INFO - Setting next_dagrun for example_task_group to 2022-10-01T21:16:02.126190+00:00, run_after=2022-10-02T21:16:02.126190+00:00
[2022-10-02T21:16:02.144+0000] {processor.py:178} INFO - Processing /home/airflow/.local/lib/python3.7/site-packages/airflow/example_dags/example_task_group.py took 0.097 seconds
[2022-10-02T21:16:32.400+0000] {processor.py:156} INFO - Started process (PID=244) to work on /home/airflow/.local/lib/python3.7/site-packages/airflow/example_dags/example_task_group.py
[2022-10-02T21:16:32.402+0000] {processor.py:758} INFO - Processing file /home/airflow/.local/lib/python3.7/site-packages/airflow/example_dags/example_task_group.py for tasks to queue
[2022-10-02T21:16:32.403+0000] {logging_mixin.py:117} INFO - [2022-10-02T21:16:32.403+0000] {dagbag.py:525} INFO - Filling up the DagBag from /home/airflow/.local/lib/python3.7/site-packages/airflow/example_dags/example_task_group.py
[2022-10-02T21:16:32.417+0000] {processor.py:768} INFO - DAG(s) dict_keys(['example_task_group']) retrieved from /home/airflow/.local/lib/python3.7/site-packages/airflow/example_dags/example_task_group.py
[2022-10-02T21:16:32.448+0000] {logging_mixin.py:117} INFO - [2022-10-02T21:16:32.448+0000] {dag.py:2573} INFO - Sync 1 DAGs
[2022-10-02T21:16:32.485+0000] {logging_mixin.py:117} INFO - [2022-10-02T21:16:32.485+0000] {dag.py:3328} INFO - Setting next_dagrun for example_task_group to 2022-10-01T21:16:32.485037+00:00, run_after=2022-10-02T21:16:32.485037+00:00
[2022-10-02T21:16:32.509+0000] {processor.py:178} INFO - Processing /home/airflow/.local/lib/python3.7/site-packages/airflow/example_dags/example_task_group.py took 0.111 seconds
[2022-10-02T21:17:03.237+0000] {processor.py:156} INFO - Started process (PID=306) to work on /home/airflow/.local/lib/python3.7/site-packages/airflow/example_dags/example_task_group.py
[2022-10-02T21:17:03.238+0000] {processor.py:758} INFO - Processing file /home/airflow/.local/lib/python3.7/site-packages/airflow/example_dags/example_task_group.py for tasks to queue
[2022-10-02T21:17:03.240+0000] {logging_mixin.py:117} INFO - [2022-10-02T21:17:03.240+0000] {dagbag.py:525} INFO - Filling up the DagBag from /home/airflow/.local/lib/python3.7/site-packages/airflow/example_dags/example_task_group.py
[2022-10-02T21:17:03.254+0000] {processor.py:768} INFO - DAG(s) dict_keys(['example_task_group']) retrieved from /home/airflow/.local/lib/python3.7/site-packages/airflow/example_dags/example_task_group.py
[2022-10-02T21:17:03.286+0000] {logging_mixin.py:117} INFO - [2022-10-02T21:17:03.286+0000] {dag.py:2573} INFO - Sync 1 DAGs
[2022-10-02T21:17:03.306+0000] {logging_mixin.py:117} INFO - [2022-10-02T21:17:03.306+0000] {dag.py:3328} INFO - Setting next_dagrun for example_task_group to 2022-10-01T21:17:03.306011+00:00, run_after=2022-10-02T21:17:03.306011+00:00
[2022-10-02T21:17:03.332+0000] {processor.py:178} INFO - Processing /home/airflow/.local/lib/python3.7/site-packages/airflow/example_dags/example_task_group.py took 0.098 seconds
[2022-10-02T21:17:33.485+0000] {processor.py:156} INFO - Started process (PID=369) to work on /home/airflow/.local/lib/python3.7/site-packages/airflow/example_dags/example_task_group.py
[2022-10-02T21:17:33.487+0000] {processor.py:758} INFO - Processing file /home/airflow/.local/lib/python3.7/site-packages/airflow/example_dags/example_task_group.py for tasks to queue
[2022-10-02T21:17:33.488+0000] {logging_mixin.py:117} INFO - [2022-10-02T21:17:33.488+0000] {dagbag.py:525} INFO - Filling up the DagBag from /home/airflow/.local/lib/python3.7/site-packages/airflow/example_dags/example_task_group.py
[2022-10-02T21:17:33.499+0000] {processor.py:768} INFO - DAG(s) dict_keys(['example_task_group']) retrieved from /home/airflow/.local/lib/python3.7/site-packages/airflow/example_dags/example_task_group.py
[2022-10-02T21:17:33.529+0000] {logging_mixin.py:117} INFO - [2022-10-02T21:17:33.529+0000] {dag.py:2573} INFO - Sync 1 DAGs
[2022-10-02T21:17:33.545+0000] {logging_mixin.py:117} INFO - [2022-10-02T21:17:33.545+0000] {dag.py:3328} INFO - Setting next_dagrun for example_task_group to 2022-10-01T21:17:33.545625+00:00, run_after=2022-10-02T21:17:33.545625+00:00
[2022-10-02T21:17:33.557+0000] {processor.py:178} INFO - Processing /home/airflow/.local/lib/python3.7/site-packages/airflow/example_dags/example_task_group.py took 0.074 seconds
[2022-10-02T21:18:04.556+0000] {processor.py:156} INFO - Started process (PID=424) to work on /home/airflow/.local/lib/python3.7/site-packages/airflow/example_dags/example_task_group.py
[2022-10-02T21:18:04.557+0000] {processor.py:758} INFO - Processing file /home/airflow/.local/lib/python3.7/site-packages/airflow/example_dags/example_task_group.py for tasks to queue
[2022-10-02T21:18:04.558+0000] {logging_mixin.py:117} INFO - [2022-10-02T21:18:04.558+0000] {dagbag.py:525} INFO - Filling up the DagBag from /home/airflow/.local/lib/python3.7/site-packages/airflow/example_dags/example_task_group.py
[2022-10-02T21:18:04.569+0000] {processor.py:768} INFO - DAG(s) dict_keys(['example_task_group']) retrieved from /home/airflow/.local/lib/python3.7/site-packages/airflow/example_dags/example_task_group.py
[2022-10-02T21:18:04.596+0000] {logging_mixin.py:117} INFO - [2022-10-02T21:18:04.596+0000] {dag.py:2573} INFO - Sync 1 DAGs
[2022-10-02T21:18:04.614+0000] {logging_mixin.py:117} INFO - [2022-10-02T21:18:04.614+0000] {dag.py:3328} INFO - Setting next_dagrun for example_task_group to 2022-10-01T21:18:04.614062+00:00, run_after=2022-10-02T21:18:04.614062+00:00
[2022-10-02T21:18:04.630+0000] {processor.py:178} INFO - Processing /home/airflow/.local/lib/python3.7/site-packages/airflow/example_dags/example_task_group.py took 0.076 seconds
[2022-10-02T21:18:35.306+0000] {processor.py:156} INFO - Started process (PID=489) to work on /home/airflow/.local/lib/python3.7/site-packages/airflow/example_dags/example_task_group.py
[2022-10-02T21:18:35.310+0000] {processor.py:758} INFO - Processing file /home/airflow/.local/lib/python3.7/site-packages/airflow/example_dags/example_task_group.py for tasks to queue
[2022-10-02T21:18:35.311+0000] {logging_mixin.py:117} INFO - [2022-10-02T21:18:35.311+0000] {dagbag.py:525} INFO - Filling up the DagBag from /home/airflow/.local/lib/python3.7/site-packages/airflow/example_dags/example_task_group.py
[2022-10-02T21:18:35.322+0000] {processor.py:768} INFO - DAG(s) dict_keys(['example_task_group']) retrieved from /home/airflow/.local/lib/python3.7/site-packages/airflow/example_dags/example_task_group.py
[2022-10-02T21:18:35.348+0000] {logging_mixin.py:117} INFO - [2022-10-02T21:18:35.348+0000] {dag.py:2573} INFO - Sync 1 DAGs
[2022-10-02T21:18:35.364+0000] {logging_mixin.py:117} INFO - [2022-10-02T21:18:35.364+0000] {dag.py:3328} INFO - Setting next_dagrun for example_task_group to 2022-10-01T21:18:35.364038+00:00, run_after=2022-10-02T21:18:35.364038+00:00
[2022-10-02T21:18:35.377+0000] {processor.py:178} INFO - Processing /home/airflow/.local/lib/python3.7/site-packages/airflow/example_dags/example_task_group.py took 0.073 seconds
[2022-10-02T21:19:05.622+0000] {processor.py:156} INFO - Started process (PID=552) to work on /home/airflow/.local/lib/python3.7/site-packages/airflow/example_dags/example_task_group.py
[2022-10-02T21:19:05.623+0000] {processor.py:758} INFO - Processing file /home/airflow/.local/lib/python3.7/site-packages/airflow/example_dags/example_task_group.py for tasks to queue
[2022-10-02T21:19:05.625+0000] {logging_mixin.py:117} INFO - [2022-10-02T21:19:05.625+0000] {dagbag.py:525} INFO - Filling up the DagBag from /home/airflow/.local/lib/python3.7/site-packages/airflow/example_dags/example_task_group.py
[2022-10-02T21:19:05.637+0000] {processor.py:768} INFO - DAG(s) dict_keys(['example_task_group']) retrieved from /home/airflow/.local/lib/python3.7/site-packages/airflow/example_dags/example_task_group.py
[2022-10-02T21:19:05.667+0000] {logging_mixin.py:117} INFO - [2022-10-02T21:19:05.667+0000] {dag.py:2573} INFO - Sync 1 DAGs
[2022-10-02T21:19:05.693+0000] {logging_mixin.py:117} INFO - [2022-10-02T21:19:05.692+0000] {dag.py:3328} INFO - Setting next_dagrun for example_task_group to 2022-10-01T21:19:05.692786+00:00, run_after=2022-10-02T21:19:05.692786+00:00
[2022-10-02T21:19:05.724+0000] {processor.py:178} INFO - Processing /home/airflow/.local/lib/python3.7/site-packages/airflow/example_dags/example_task_group.py took 0.105 seconds
[2022-10-02T21:19:36.091+0000] {processor.py:156} INFO - Started process (PID=615) to work on /home/airflow/.local/lib/python3.7/site-packages/airflow/example_dags/example_task_group.py
[2022-10-02T21:19:36.092+0000] {processor.py:758} INFO - Processing file /home/airflow/.local/lib/python3.7/site-packages/airflow/example_dags/example_task_group.py for tasks to queue
[2022-10-02T21:19:36.093+0000] {logging_mixin.py:117} INFO - [2022-10-02T21:19:36.093+0000] {dagbag.py:525} INFO - Filling up the DagBag from /home/airflow/.local/lib/python3.7/site-packages/airflow/example_dags/example_task_group.py
[2022-10-02T21:19:36.104+0000] {processor.py:768} INFO - DAG(s) dict_keys(['example_task_group']) retrieved from /home/airflow/.local/lib/python3.7/site-packages/airflow/example_dags/example_task_group.py
[2022-10-02T21:19:36.135+0000] {logging_mixin.py:117} INFO - [2022-10-02T21:19:36.135+0000] {dag.py:2573} INFO - Sync 1 DAGs
[2022-10-02T21:19:36.154+0000] {logging_mixin.py:117} INFO - [2022-10-02T21:19:36.154+0000] {dag.py:3328} INFO - Setting next_dagrun for example_task_group to 2022-10-01T21:19:36.154579+00:00, run_after=2022-10-02T21:19:36.154579+00:00
[2022-10-02T21:19:36.172+0000] {processor.py:178} INFO - Processing /home/airflow/.local/lib/python3.7/site-packages/airflow/example_dags/example_task_group.py took 0.083 seconds
