[2022-10-02T20:50:16.670+0000] {processor.py:156} INFO - Started process (PID=68) to work on /home/airflow/.local/lib/python3.7/site-packages/airflow/example_dags/example_xcomargs.py
[2022-10-02T20:50:16.675+0000] {processor.py:758} INFO - Processing file /home/airflow/.local/lib/python3.7/site-packages/airflow/example_dags/example_xcomargs.py for tasks to queue
[2022-10-02T20:50:16.691+0000] {logging_mixin.py:117} INFO - [2022-10-02T20:50:16.691+0000] {dagbag.py:525} INFO - Filling up the DagBag from /home/airflow/.local/lib/python3.7/site-packages/airflow/example_dags/example_xcomargs.py
[2022-10-02T20:50:16.785+0000] {processor.py:768} INFO - DAG(s) dict_keys(['example_xcom_args_with_operators', 'example_xcom_args']) retrieved from /home/airflow/.local/lib/python3.7/site-packages/airflow/example_dags/example_xcomargs.py
[2022-10-02T20:50:16.931+0000] {logging_mixin.py:117} INFO - [2022-10-02T20:50:16.931+0000] {dag.py:2573} INFO - Sync 2 DAGs
[2022-10-02T20:50:17.017+0000] {logging_mixin.py:117} INFO - [2022-10-02T20:50:17.017+0000] {dag.py:3328} INFO - Setting next_dagrun for example_xcom_args to None, run_after=None
[2022-10-02T20:50:17.026+0000] {logging_mixin.py:117} INFO - [2022-10-02T20:50:17.026+0000] {dag.py:3328} INFO - Setting next_dagrun for example_xcom_args_with_operators to None, run_after=None
[2022-10-02T20:50:17.069+0000] {processor.py:178} INFO - Processing /home/airflow/.local/lib/python3.7/site-packages/airflow/example_dags/example_xcomargs.py took 0.406 seconds
[2022-10-02T20:50:47.361+0000] {processor.py:156} INFO - Started process (PID=121) to work on /home/airflow/.local/lib/python3.7/site-packages/airflow/example_dags/example_xcomargs.py
[2022-10-02T20:50:47.363+0000] {processor.py:758} INFO - Processing file /home/airflow/.local/lib/python3.7/site-packages/airflow/example_dags/example_xcomargs.py for tasks to queue
[2022-10-02T20:50:47.364+0000] {logging_mixin.py:117} INFO - [2022-10-02T20:50:47.364+0000] {dagbag.py:525} INFO - Filling up the DagBag from /home/airflow/.local/lib/python3.7/site-packages/airflow/example_dags/example_xcomargs.py
[2022-10-02T20:50:47.385+0000] {processor.py:768} INFO - DAG(s) dict_keys(['example_xcom_args', 'example_xcom_args_with_operators']) retrieved from /home/airflow/.local/lib/python3.7/site-packages/airflow/example_dags/example_xcomargs.py
[2022-10-02T20:50:47.420+0000] {logging_mixin.py:117} INFO - [2022-10-02T20:50:47.420+0000] {dag.py:2573} INFO - Sync 2 DAGs
[2022-10-02T20:50:47.437+0000] {logging_mixin.py:117} INFO - [2022-10-02T20:50:47.437+0000] {dag.py:3328} INFO - Setting next_dagrun for example_xcom_args to None, run_after=None
[2022-10-02T20:50:47.441+0000] {logging_mixin.py:117} INFO - [2022-10-02T20:50:47.441+0000] {dag.py:3328} INFO - Setting next_dagrun for example_xcom_args_with_operators to None, run_after=None
[2022-10-02T20:50:47.458+0000] {processor.py:178} INFO - Processing /home/airflow/.local/lib/python3.7/site-packages/airflow/example_dags/example_xcomargs.py took 0.099 seconds
[2022-10-02T20:51:17.850+0000] {processor.py:156} INFO - Started process (PID=186) to work on /home/airflow/.local/lib/python3.7/site-packages/airflow/example_dags/example_xcomargs.py
[2022-10-02T20:51:17.852+0000] {processor.py:758} INFO - Processing file /home/airflow/.local/lib/python3.7/site-packages/airflow/example_dags/example_xcomargs.py for tasks to queue
[2022-10-02T20:51:17.853+0000] {logging_mixin.py:117} INFO - [2022-10-02T20:51:17.853+0000] {dagbag.py:525} INFO - Filling up the DagBag from /home/airflow/.local/lib/python3.7/site-packages/airflow/example_dags/example_xcomargs.py
[2022-10-02T20:51:17.874+0000] {processor.py:768} INFO - DAG(s) dict_keys(['example_xcom_args', 'example_xcom_args_with_operators']) retrieved from /home/airflow/.local/lib/python3.7/site-packages/airflow/example_dags/example_xcomargs.py
[2022-10-02T20:51:17.910+0000] {logging_mixin.py:117} INFO - [2022-10-02T20:51:17.910+0000] {dag.py:2573} INFO - Sync 2 DAGs
[2022-10-02T20:51:17.930+0000] {logging_mixin.py:117} INFO - [2022-10-02T20:51:17.930+0000] {dag.py:3328} INFO - Setting next_dagrun for example_xcom_args to None, run_after=None
[2022-10-02T20:51:17.934+0000] {logging_mixin.py:117} INFO - [2022-10-02T20:51:17.934+0000] {dag.py:3328} INFO - Setting next_dagrun for example_xcom_args_with_operators to None, run_after=None
[2022-10-02T20:51:17.948+0000] {processor.py:178} INFO - Processing /home/airflow/.local/lib/python3.7/site-packages/airflow/example_dags/example_xcomargs.py took 0.101 seconds
[2022-10-02T20:51:48.761+0000] {processor.py:156} INFO - Started process (PID=249) to work on /home/airflow/.local/lib/python3.7/site-packages/airflow/example_dags/example_xcomargs.py
[2022-10-02T20:51:48.763+0000] {processor.py:758} INFO - Processing file /home/airflow/.local/lib/python3.7/site-packages/airflow/example_dags/example_xcomargs.py for tasks to queue
[2022-10-02T20:51:48.764+0000] {logging_mixin.py:117} INFO - [2022-10-02T20:51:48.764+0000] {dagbag.py:525} INFO - Filling up the DagBag from /home/airflow/.local/lib/python3.7/site-packages/airflow/example_dags/example_xcomargs.py
[2022-10-02T20:51:48.782+0000] {processor.py:768} INFO - DAG(s) dict_keys(['example_xcom_args', 'example_xcom_args_with_operators']) retrieved from /home/airflow/.local/lib/python3.7/site-packages/airflow/example_dags/example_xcomargs.py
[2022-10-02T20:51:48.818+0000] {logging_mixin.py:117} INFO - [2022-10-02T20:51:48.818+0000] {dag.py:2573} INFO - Sync 2 DAGs
[2022-10-02T20:51:48.846+0000] {logging_mixin.py:117} INFO - [2022-10-02T20:51:48.846+0000] {dag.py:3328} INFO - Setting next_dagrun for example_xcom_args to None, run_after=None
[2022-10-02T20:51:48.850+0000] {logging_mixin.py:117} INFO - [2022-10-02T20:51:48.849+0000] {dag.py:3328} INFO - Setting next_dagrun for example_xcom_args_with_operators to None, run_after=None
[2022-10-02T20:51:48.864+0000] {processor.py:178} INFO - Processing /home/airflow/.local/lib/python3.7/site-packages/airflow/example_dags/example_xcomargs.py took 0.106 seconds
[2022-10-02T20:52:19.259+0000] {processor.py:156} INFO - Started process (PID=310) to work on /home/airflow/.local/lib/python3.7/site-packages/airflow/example_dags/example_xcomargs.py
[2022-10-02T20:52:19.262+0000] {processor.py:758} INFO - Processing file /home/airflow/.local/lib/python3.7/site-packages/airflow/example_dags/example_xcomargs.py for tasks to queue
[2022-10-02T20:52:19.263+0000] {logging_mixin.py:117} INFO - [2022-10-02T20:52:19.263+0000] {dagbag.py:525} INFO - Filling up the DagBag from /home/airflow/.local/lib/python3.7/site-packages/airflow/example_dags/example_xcomargs.py
[2022-10-02T20:52:19.295+0000] {processor.py:768} INFO - DAG(s) dict_keys(['example_xcom_args_with_operators', 'example_xcom_args']) retrieved from /home/airflow/.local/lib/python3.7/site-packages/airflow/example_dags/example_xcomargs.py
[2022-10-02T20:52:19.342+0000] {logging_mixin.py:117} INFO - [2022-10-02T20:52:19.342+0000] {dag.py:2573} INFO - Sync 2 DAGs
[2022-10-02T20:52:19.368+0000] {logging_mixin.py:117} INFO - [2022-10-02T20:52:19.367+0000] {dag.py:3328} INFO - Setting next_dagrun for example_xcom_args to None, run_after=None
[2022-10-02T20:52:19.380+0000] {logging_mixin.py:117} INFO - [2022-10-02T20:52:19.379+0000] {dag.py:3328} INFO - Setting next_dagrun for example_xcom_args_with_operators to None, run_after=None
[2022-10-02T20:52:19.395+0000] {processor.py:178} INFO - Processing /home/airflow/.local/lib/python3.7/site-packages/airflow/example_dags/example_xcomargs.py took 0.138 seconds
[2022-10-02T20:52:49.494+0000] {processor.py:156} INFO - Started process (PID=373) to work on /home/airflow/.local/lib/python3.7/site-packages/airflow/example_dags/example_xcomargs.py
[2022-10-02T20:52:49.495+0000] {processor.py:758} INFO - Processing file /home/airflow/.local/lib/python3.7/site-packages/airflow/example_dags/example_xcomargs.py for tasks to queue
[2022-10-02T20:52:49.496+0000] {logging_mixin.py:117} INFO - [2022-10-02T20:52:49.496+0000] {dagbag.py:525} INFO - Filling up the DagBag from /home/airflow/.local/lib/python3.7/site-packages/airflow/example_dags/example_xcomargs.py
[2022-10-02T20:52:49.511+0000] {processor.py:768} INFO - DAG(s) dict_keys(['example_xcom_args', 'example_xcom_args_with_operators']) retrieved from /home/airflow/.local/lib/python3.7/site-packages/airflow/example_dags/example_xcomargs.py
[2022-10-02T20:52:49.539+0000] {logging_mixin.py:117} INFO - [2022-10-02T20:52:49.539+0000] {dag.py:2573} INFO - Sync 2 DAGs
[2022-10-02T20:52:49.553+0000] {logging_mixin.py:117} INFO - [2022-10-02T20:52:49.553+0000] {dag.py:3328} INFO - Setting next_dagrun for example_xcom_args to None, run_after=None
[2022-10-02T20:52:49.556+0000] {logging_mixin.py:117} INFO - [2022-10-02T20:52:49.556+0000] {dag.py:3328} INFO - Setting next_dagrun for example_xcom_args_with_operators to None, run_after=None
[2022-10-02T20:52:49.567+0000] {processor.py:178} INFO - Processing /home/airflow/.local/lib/python3.7/site-packages/airflow/example_dags/example_xcomargs.py took 0.075 seconds
[2022-10-02T20:54:20.480+0000] {processor.py:156} INFO - Started process (PID=58) to work on /home/airflow/.local/lib/python3.7/site-packages/airflow/example_dags/example_xcomargs.py
[2022-10-02T20:54:20.482+0000] {processor.py:758} INFO - Processing file /home/airflow/.local/lib/python3.7/site-packages/airflow/example_dags/example_xcomargs.py for tasks to queue
[2022-10-02T20:54:20.484+0000] {logging_mixin.py:117} INFO - [2022-10-02T20:54:20.484+0000] {dagbag.py:525} INFO - Filling up the DagBag from /home/airflow/.local/lib/python3.7/site-packages/airflow/example_dags/example_xcomargs.py
[2022-10-02T20:54:20.509+0000] {processor.py:768} INFO - DAG(s) dict_keys(['example_xcom_args', 'example_xcom_args_with_operators']) retrieved from /home/airflow/.local/lib/python3.7/site-packages/airflow/example_dags/example_xcomargs.py
[2022-10-02T20:54:20.557+0000] {logging_mixin.py:117} INFO - [2022-10-02T20:54:20.557+0000] {dag.py:2573} INFO - Sync 2 DAGs
[2022-10-02T20:54:20.581+0000] {logging_mixin.py:117} INFO - [2022-10-02T20:54:20.580+0000] {dag.py:3328} INFO - Setting next_dagrun for example_xcom_args to None, run_after=None
[2022-10-02T20:54:20.586+0000] {logging_mixin.py:117} INFO - [2022-10-02T20:54:20.586+0000] {dag.py:3328} INFO - Setting next_dagrun for example_xcom_args_with_operators to None, run_after=None
[2022-10-02T20:54:20.606+0000] {processor.py:178} INFO - Processing /home/airflow/.local/lib/python3.7/site-packages/airflow/example_dags/example_xcomargs.py took 0.127 seconds
[2022-10-02T20:54:51.224+0000] {processor.py:156} INFO - Started process (PID=121) to work on /home/airflow/.local/lib/python3.7/site-packages/airflow/example_dags/example_xcomargs.py
[2022-10-02T20:54:51.226+0000] {processor.py:758} INFO - Processing file /home/airflow/.local/lib/python3.7/site-packages/airflow/example_dags/example_xcomargs.py for tasks to queue
[2022-10-02T20:54:51.227+0000] {logging_mixin.py:117} INFO - [2022-10-02T20:54:51.226+0000] {dagbag.py:525} INFO - Filling up the DagBag from /home/airflow/.local/lib/python3.7/site-packages/airflow/example_dags/example_xcomargs.py
[2022-10-02T20:54:51.243+0000] {processor.py:768} INFO - DAG(s) dict_keys(['example_xcom_args', 'example_xcom_args_with_operators']) retrieved from /home/airflow/.local/lib/python3.7/site-packages/airflow/example_dags/example_xcomargs.py
[2022-10-02T20:54:51.274+0000] {logging_mixin.py:117} INFO - [2022-10-02T20:54:51.274+0000] {dag.py:2573} INFO - Sync 2 DAGs
[2022-10-02T20:54:51.290+0000] {logging_mixin.py:117} INFO - [2022-10-02T20:54:51.290+0000] {dag.py:3328} INFO - Setting next_dagrun for example_xcom_args to None, run_after=None
[2022-10-02T20:54:51.293+0000] {logging_mixin.py:117} INFO - [2022-10-02T20:54:51.293+0000] {dag.py:3328} INFO - Setting next_dagrun for example_xcom_args_with_operators to None, run_after=None
[2022-10-02T20:54:51.304+0000] {processor.py:178} INFO - Processing /home/airflow/.local/lib/python3.7/site-packages/airflow/example_dags/example_xcomargs.py took 0.082 seconds
[2022-10-02T20:56:39.633+0000] {processor.py:156} INFO - Started process (PID=67) to work on /home/airflow/.local/lib/python3.7/site-packages/airflow/example_dags/example_xcomargs.py
[2022-10-02T20:56:39.642+0000] {processor.py:758} INFO - Processing file /home/airflow/.local/lib/python3.7/site-packages/airflow/example_dags/example_xcomargs.py for tasks to queue
[2022-10-02T20:56:39.650+0000] {logging_mixin.py:117} INFO - [2022-10-02T20:56:39.650+0000] {dagbag.py:525} INFO - Filling up the DagBag from /home/airflow/.local/lib/python3.7/site-packages/airflow/example_dags/example_xcomargs.py
[2022-10-02T20:56:39.715+0000] {processor.py:768} INFO - DAG(s) dict_keys(['example_xcom_args', 'example_xcom_args_with_operators']) retrieved from /home/airflow/.local/lib/python3.7/site-packages/airflow/example_dags/example_xcomargs.py
[2022-10-02T20:56:39.804+0000] {logging_mixin.py:117} INFO - [2022-10-02T20:56:39.804+0000] {dag.py:2573} INFO - Sync 2 DAGs
[2022-10-02T20:56:39.863+0000] {logging_mixin.py:117} INFO - [2022-10-02T20:56:39.863+0000] {dag.py:3328} INFO - Setting next_dagrun for example_xcom_args to None, run_after=None
[2022-10-02T20:56:39.884+0000] {logging_mixin.py:117} INFO - [2022-10-02T20:56:39.884+0000] {dag.py:3328} INFO - Setting next_dagrun for example_xcom_args_with_operators to None, run_after=None
[2022-10-02T20:56:39.946+0000] {processor.py:178} INFO - Processing /home/airflow/.local/lib/python3.7/site-packages/airflow/example_dags/example_xcomargs.py took 0.318 seconds
[2022-10-02T20:57:10.519+0000] {processor.py:156} INFO - Started process (PID=122) to work on /home/airflow/.local/lib/python3.7/site-packages/airflow/example_dags/example_xcomargs.py
[2022-10-02T20:57:10.521+0000] {processor.py:758} INFO - Processing file /home/airflow/.local/lib/python3.7/site-packages/airflow/example_dags/example_xcomargs.py for tasks to queue
[2022-10-02T20:57:10.523+0000] {logging_mixin.py:117} INFO - [2022-10-02T20:57:10.523+0000] {dagbag.py:525} INFO - Filling up the DagBag from /home/airflow/.local/lib/python3.7/site-packages/airflow/example_dags/example_xcomargs.py
[2022-10-02T20:57:10.545+0000] {processor.py:768} INFO - DAG(s) dict_keys(['example_xcom_args', 'example_xcom_args_with_operators']) retrieved from /home/airflow/.local/lib/python3.7/site-packages/airflow/example_dags/example_xcomargs.py
[2022-10-02T20:57:10.585+0000] {logging_mixin.py:117} INFO - [2022-10-02T20:57:10.585+0000] {dag.py:2573} INFO - Sync 2 DAGs
[2022-10-02T20:57:10.608+0000] {logging_mixin.py:117} INFO - [2022-10-02T20:57:10.608+0000] {dag.py:3328} INFO - Setting next_dagrun for example_xcom_args to None, run_after=None
[2022-10-02T20:57:10.614+0000] {logging_mixin.py:117} INFO - [2022-10-02T20:57:10.614+0000] {dag.py:3328} INFO - Setting next_dagrun for example_xcom_args_with_operators to None, run_after=None
[2022-10-02T20:57:10.631+0000] {processor.py:178} INFO - Processing /home/airflow/.local/lib/python3.7/site-packages/airflow/example_dags/example_xcomargs.py took 0.115 seconds
[2022-10-02T20:57:40.666+0000] {processor.py:156} INFO - Started process (PID=186) to work on /home/airflow/.local/lib/python3.7/site-packages/airflow/example_dags/example_xcomargs.py
[2022-10-02T20:57:40.668+0000] {processor.py:758} INFO - Processing file /home/airflow/.local/lib/python3.7/site-packages/airflow/example_dags/example_xcomargs.py for tasks to queue
[2022-10-02T20:57:40.670+0000] {logging_mixin.py:117} INFO - [2022-10-02T20:57:40.670+0000] {dagbag.py:525} INFO - Filling up the DagBag from /home/airflow/.local/lib/python3.7/site-packages/airflow/example_dags/example_xcomargs.py
[2022-10-02T20:57:40.694+0000] {processor.py:768} INFO - DAG(s) dict_keys(['example_xcom_args_with_operators', 'example_xcom_args']) retrieved from /home/airflow/.local/lib/python3.7/site-packages/airflow/example_dags/example_xcomargs.py
[2022-10-02T20:57:40.735+0000] {logging_mixin.py:117} INFO - [2022-10-02T20:57:40.735+0000] {dag.py:2573} INFO - Sync 2 DAGs
[2022-10-02T20:57:40.752+0000] {logging_mixin.py:117} INFO - [2022-10-02T20:57:40.752+0000] {dag.py:3328} INFO - Setting next_dagrun for example_xcom_args to None, run_after=None
[2022-10-02T20:57:40.755+0000] {logging_mixin.py:117} INFO - [2022-10-02T20:57:40.755+0000] {dag.py:3328} INFO - Setting next_dagrun for example_xcom_args_with_operators to None, run_after=None
[2022-10-02T20:57:40.766+0000] {processor.py:178} INFO - Processing /home/airflow/.local/lib/python3.7/site-packages/airflow/example_dags/example_xcomargs.py took 0.102 seconds
[2022-10-02T20:58:11.012+0000] {processor.py:156} INFO - Started process (PID=248) to work on /home/airflow/.local/lib/python3.7/site-packages/airflow/example_dags/example_xcomargs.py
[2022-10-02T20:58:11.014+0000] {processor.py:758} INFO - Processing file /home/airflow/.local/lib/python3.7/site-packages/airflow/example_dags/example_xcomargs.py for tasks to queue
[2022-10-02T20:58:11.016+0000] {logging_mixin.py:117} INFO - [2022-10-02T20:58:11.016+0000] {dagbag.py:525} INFO - Filling up the DagBag from /home/airflow/.local/lib/python3.7/site-packages/airflow/example_dags/example_xcomargs.py
[2022-10-02T20:58:11.034+0000] {processor.py:768} INFO - DAG(s) dict_keys(['example_xcom_args_with_operators', 'example_xcom_args']) retrieved from /home/airflow/.local/lib/python3.7/site-packages/airflow/example_dags/example_xcomargs.py
[2022-10-02T20:58:11.061+0000] {logging_mixin.py:117} INFO - [2022-10-02T20:58:11.060+0000] {dag.py:2573} INFO - Sync 2 DAGs
[2022-10-02T20:58:11.075+0000] {logging_mixin.py:117} INFO - [2022-10-02T20:58:11.075+0000] {dag.py:3328} INFO - Setting next_dagrun for example_xcom_args to None, run_after=None
[2022-10-02T20:58:11.078+0000] {logging_mixin.py:117} INFO - [2022-10-02T20:58:11.078+0000] {dag.py:3328} INFO - Setting next_dagrun for example_xcom_args_with_operators to None, run_after=None
[2022-10-02T20:58:11.088+0000] {processor.py:178} INFO - Processing /home/airflow/.local/lib/python3.7/site-packages/airflow/example_dags/example_xcomargs.py took 0.078 seconds
[2022-10-02T20:58:41.558+0000] {processor.py:156} INFO - Started process (PID=312) to work on /home/airflow/.local/lib/python3.7/site-packages/airflow/example_dags/example_xcomargs.py
[2022-10-02T20:58:41.559+0000] {processor.py:758} INFO - Processing file /home/airflow/.local/lib/python3.7/site-packages/airflow/example_dags/example_xcomargs.py for tasks to queue
[2022-10-02T20:58:41.560+0000] {logging_mixin.py:117} INFO - [2022-10-02T20:58:41.560+0000] {dagbag.py:525} INFO - Filling up the DagBag from /home/airflow/.local/lib/python3.7/site-packages/airflow/example_dags/example_xcomargs.py
[2022-10-02T20:58:41.576+0000] {processor.py:768} INFO - DAG(s) dict_keys(['example_xcom_args', 'example_xcom_args_with_operators']) retrieved from /home/airflow/.local/lib/python3.7/site-packages/airflow/example_dags/example_xcomargs.py
[2022-10-02T20:58:41.609+0000] {logging_mixin.py:117} INFO - [2022-10-02T20:58:41.609+0000] {dag.py:2573} INFO - Sync 2 DAGs
[2022-10-02T20:58:41.623+0000] {logging_mixin.py:117} INFO - [2022-10-02T20:58:41.623+0000] {dag.py:3328} INFO - Setting next_dagrun for example_xcom_args to None, run_after=None
[2022-10-02T20:58:41.626+0000] {logging_mixin.py:117} INFO - [2022-10-02T20:58:41.626+0000] {dag.py:3328} INFO - Setting next_dagrun for example_xcom_args_with_operators to None, run_after=None
[2022-10-02T20:58:41.636+0000] {processor.py:178} INFO - Processing /home/airflow/.local/lib/python3.7/site-packages/airflow/example_dags/example_xcomargs.py took 0.081 seconds
[2022-10-02T20:59:11.944+0000] {processor.py:156} INFO - Started process (PID=375) to work on /home/airflow/.local/lib/python3.7/site-packages/airflow/example_dags/example_xcomargs.py
[2022-10-02T20:59:11.947+0000] {processor.py:758} INFO - Processing file /home/airflow/.local/lib/python3.7/site-packages/airflow/example_dags/example_xcomargs.py for tasks to queue
[2022-10-02T20:59:11.948+0000] {logging_mixin.py:117} INFO - [2022-10-02T20:59:11.948+0000] {dagbag.py:525} INFO - Filling up the DagBag from /home/airflow/.local/lib/python3.7/site-packages/airflow/example_dags/example_xcomargs.py
[2022-10-02T20:59:11.974+0000] {processor.py:768} INFO - DAG(s) dict_keys(['example_xcom_args', 'example_xcom_args_with_operators']) retrieved from /home/airflow/.local/lib/python3.7/site-packages/airflow/example_dags/example_xcomargs.py
[2022-10-02T20:59:12.009+0000] {logging_mixin.py:117} INFO - [2022-10-02T20:59:12.009+0000] {dag.py:2573} INFO - Sync 2 DAGs
[2022-10-02T20:59:12.037+0000] {logging_mixin.py:117} INFO - [2022-10-02T20:59:12.037+0000] {dag.py:3328} INFO - Setting next_dagrun for example_xcom_args to None, run_after=None
[2022-10-02T20:59:12.040+0000] {logging_mixin.py:117} INFO - [2022-10-02T20:59:12.040+0000] {dag.py:3328} INFO - Setting next_dagrun for example_xcom_args_with_operators to None, run_after=None
[2022-10-02T20:59:12.060+0000] {processor.py:178} INFO - Processing /home/airflow/.local/lib/python3.7/site-packages/airflow/example_dags/example_xcomargs.py took 0.120 seconds
[2022-10-02T20:59:42.215+0000] {processor.py:156} INFO - Started process (PID=428) to work on /home/airflow/.local/lib/python3.7/site-packages/airflow/example_dags/example_xcomargs.py
[2022-10-02T20:59:42.217+0000] {processor.py:758} INFO - Processing file /home/airflow/.local/lib/python3.7/site-packages/airflow/example_dags/example_xcomargs.py for tasks to queue
[2022-10-02T20:59:42.218+0000] {logging_mixin.py:117} INFO - [2022-10-02T20:59:42.218+0000] {dagbag.py:525} INFO - Filling up the DagBag from /home/airflow/.local/lib/python3.7/site-packages/airflow/example_dags/example_xcomargs.py
[2022-10-02T20:59:42.235+0000] {processor.py:768} INFO - DAG(s) dict_keys(['example_xcom_args', 'example_xcom_args_with_operators']) retrieved from /home/airflow/.local/lib/python3.7/site-packages/airflow/example_dags/example_xcomargs.py
[2022-10-02T20:59:42.265+0000] {logging_mixin.py:117} INFO - [2022-10-02T20:59:42.265+0000] {dag.py:2573} INFO - Sync 2 DAGs
[2022-10-02T20:59:42.282+0000] {logging_mixin.py:117} INFO - [2022-10-02T20:59:42.282+0000] {dag.py:3328} INFO - Setting next_dagrun for example_xcom_args to None, run_after=None
[2022-10-02T20:59:42.285+0000] {logging_mixin.py:117} INFO - [2022-10-02T20:59:42.284+0000] {dag.py:3328} INFO - Setting next_dagrun for example_xcom_args_with_operators to None, run_after=None
[2022-10-02T20:59:42.297+0000] {processor.py:178} INFO - Processing /home/airflow/.local/lib/python3.7/site-packages/airflow/example_dags/example_xcomargs.py took 0.084 seconds
[2022-10-02T21:00:12.376+0000] {processor.py:156} INFO - Started process (PID=491) to work on /home/airflow/.local/lib/python3.7/site-packages/airflow/example_dags/example_xcomargs.py
[2022-10-02T21:00:12.378+0000] {processor.py:758} INFO - Processing file /home/airflow/.local/lib/python3.7/site-packages/airflow/example_dags/example_xcomargs.py for tasks to queue
[2022-10-02T21:00:12.379+0000] {logging_mixin.py:117} INFO - [2022-10-02T21:00:12.379+0000] {dagbag.py:525} INFO - Filling up the DagBag from /home/airflow/.local/lib/python3.7/site-packages/airflow/example_dags/example_xcomargs.py
[2022-10-02T21:00:12.392+0000] {processor.py:768} INFO - DAG(s) dict_keys(['example_xcom_args', 'example_xcom_args_with_operators']) retrieved from /home/airflow/.local/lib/python3.7/site-packages/airflow/example_dags/example_xcomargs.py
[2022-10-02T21:00:12.418+0000] {logging_mixin.py:117} INFO - [2022-10-02T21:00:12.418+0000] {dag.py:2573} INFO - Sync 2 DAGs
[2022-10-02T21:00:12.432+0000] {logging_mixin.py:117} INFO - [2022-10-02T21:00:12.432+0000] {dag.py:3328} INFO - Setting next_dagrun for example_xcom_args to None, run_after=None
[2022-10-02T21:00:12.435+0000] {logging_mixin.py:117} INFO - [2022-10-02T21:00:12.434+0000] {dag.py:3328} INFO - Setting next_dagrun for example_xcom_args_with_operators to None, run_after=None
[2022-10-02T21:00:12.443+0000] {processor.py:178} INFO - Processing /home/airflow/.local/lib/python3.7/site-packages/airflow/example_dags/example_xcomargs.py took 0.070 seconds
[2022-10-02T21:00:43.459+0000] {processor.py:156} INFO - Started process (PID=554) to work on /home/airflow/.local/lib/python3.7/site-packages/airflow/example_dags/example_xcomargs.py
[2022-10-02T21:00:43.461+0000] {processor.py:758} INFO - Processing file /home/airflow/.local/lib/python3.7/site-packages/airflow/example_dags/example_xcomargs.py for tasks to queue
[2022-10-02T21:00:43.462+0000] {logging_mixin.py:117} INFO - [2022-10-02T21:00:43.462+0000] {dagbag.py:525} INFO - Filling up the DagBag from /home/airflow/.local/lib/python3.7/site-packages/airflow/example_dags/example_xcomargs.py
[2022-10-02T21:00:43.479+0000] {processor.py:768} INFO - DAG(s) dict_keys(['example_xcom_args', 'example_xcom_args_with_operators']) retrieved from /home/airflow/.local/lib/python3.7/site-packages/airflow/example_dags/example_xcomargs.py
[2022-10-02T21:00:43.508+0000] {logging_mixin.py:117} INFO - [2022-10-02T21:00:43.508+0000] {dag.py:2573} INFO - Sync 2 DAGs
[2022-10-02T21:00:43.525+0000] {logging_mixin.py:117} INFO - [2022-10-02T21:00:43.525+0000] {dag.py:3328} INFO - Setting next_dagrun for example_xcom_args to None, run_after=None
[2022-10-02T21:00:43.529+0000] {logging_mixin.py:117} INFO - [2022-10-02T21:00:43.529+0000] {dag.py:3328} INFO - Setting next_dagrun for example_xcom_args_with_operators to None, run_after=None
[2022-10-02T21:00:43.541+0000] {processor.py:178} INFO - Processing /home/airflow/.local/lib/python3.7/site-packages/airflow/example_dags/example_xcomargs.py took 0.084 seconds
[2022-10-02T21:01:14.453+0000] {processor.py:156} INFO - Started process (PID=617) to work on /home/airflow/.local/lib/python3.7/site-packages/airflow/example_dags/example_xcomargs.py
[2022-10-02T21:01:14.455+0000] {processor.py:758} INFO - Processing file /home/airflow/.local/lib/python3.7/site-packages/airflow/example_dags/example_xcomargs.py for tasks to queue
[2022-10-02T21:01:14.456+0000] {logging_mixin.py:117} INFO - [2022-10-02T21:01:14.456+0000] {dagbag.py:525} INFO - Filling up the DagBag from /home/airflow/.local/lib/python3.7/site-packages/airflow/example_dags/example_xcomargs.py
[2022-10-02T21:01:14.474+0000] {processor.py:768} INFO - DAG(s) dict_keys(['example_xcom_args_with_operators', 'example_xcom_args']) retrieved from /home/airflow/.local/lib/python3.7/site-packages/airflow/example_dags/example_xcomargs.py
[2022-10-02T21:01:14.501+0000] {logging_mixin.py:117} INFO - [2022-10-02T21:01:14.501+0000] {dag.py:2573} INFO - Sync 2 DAGs
[2022-10-02T21:01:14.516+0000] {logging_mixin.py:117} INFO - [2022-10-02T21:01:14.516+0000] {dag.py:3328} INFO - Setting next_dagrun for example_xcom_args to None, run_after=None
[2022-10-02T21:01:14.519+0000] {logging_mixin.py:117} INFO - [2022-10-02T21:01:14.519+0000] {dag.py:3328} INFO - Setting next_dagrun for example_xcom_args_with_operators to None, run_after=None
[2022-10-02T21:01:14.530+0000] {processor.py:178} INFO - Processing /home/airflow/.local/lib/python3.7/site-packages/airflow/example_dags/example_xcomargs.py took 0.079 seconds
[2022-10-02T21:01:45.644+0000] {processor.py:156} INFO - Started process (PID=679) to work on /home/airflow/.local/lib/python3.7/site-packages/airflow/example_dags/example_xcomargs.py
[2022-10-02T21:01:45.646+0000] {processor.py:758} INFO - Processing file /home/airflow/.local/lib/python3.7/site-packages/airflow/example_dags/example_xcomargs.py for tasks to queue
[2022-10-02T21:01:45.648+0000] {logging_mixin.py:117} INFO - [2022-10-02T21:01:45.648+0000] {dagbag.py:525} INFO - Filling up the DagBag from /home/airflow/.local/lib/python3.7/site-packages/airflow/example_dags/example_xcomargs.py
[2022-10-02T21:01:45.672+0000] {processor.py:768} INFO - DAG(s) dict_keys(['example_xcom_args', 'example_xcom_args_with_operators']) retrieved from /home/airflow/.local/lib/python3.7/site-packages/airflow/example_dags/example_xcomargs.py
[2022-10-02T21:01:45.723+0000] {logging_mixin.py:117} INFO - [2022-10-02T21:01:45.723+0000] {dag.py:2573} INFO - Sync 2 DAGs
[2022-10-02T21:01:45.748+0000] {logging_mixin.py:117} INFO - [2022-10-02T21:01:45.747+0000] {dag.py:3328} INFO - Setting next_dagrun for example_xcom_args to None, run_after=None
[2022-10-02T21:01:45.752+0000] {logging_mixin.py:117} INFO - [2022-10-02T21:01:45.752+0000] {dag.py:3328} INFO - Setting next_dagrun for example_xcom_args_with_operators to None, run_after=None
[2022-10-02T21:01:45.770+0000] {processor.py:178} INFO - Processing /home/airflow/.local/lib/python3.7/site-packages/airflow/example_dags/example_xcomargs.py took 0.129 seconds
[2022-10-02T21:02:15.874+0000] {processor.py:156} INFO - Started process (PID=733) to work on /home/airflow/.local/lib/python3.7/site-packages/airflow/example_dags/example_xcomargs.py
[2022-10-02T21:02:15.875+0000] {processor.py:758} INFO - Processing file /home/airflow/.local/lib/python3.7/site-packages/airflow/example_dags/example_xcomargs.py for tasks to queue
[2022-10-02T21:02:15.877+0000] {logging_mixin.py:117} INFO - [2022-10-02T21:02:15.876+0000] {dagbag.py:525} INFO - Filling up the DagBag from /home/airflow/.local/lib/python3.7/site-packages/airflow/example_dags/example_xcomargs.py
[2022-10-02T21:02:15.893+0000] {processor.py:768} INFO - DAG(s) dict_keys(['example_xcom_args_with_operators', 'example_xcom_args']) retrieved from /home/airflow/.local/lib/python3.7/site-packages/airflow/example_dags/example_xcomargs.py
[2022-10-02T21:02:15.919+0000] {logging_mixin.py:117} INFO - [2022-10-02T21:02:15.919+0000] {dag.py:2573} INFO - Sync 2 DAGs
[2022-10-02T21:02:15.938+0000] {logging_mixin.py:117} INFO - [2022-10-02T21:02:15.938+0000] {dag.py:3328} INFO - Setting next_dagrun for example_xcom_args to None, run_after=None
[2022-10-02T21:02:15.945+0000] {logging_mixin.py:117} INFO - [2022-10-02T21:02:15.945+0000] {dag.py:3328} INFO - Setting next_dagrun for example_xcom_args_with_operators to None, run_after=None
[2022-10-02T21:02:15.959+0000] {processor.py:178} INFO - Processing /home/airflow/.local/lib/python3.7/site-packages/airflow/example_dags/example_xcomargs.py took 0.087 seconds
[2022-10-02T21:02:49.744+0000] {processor.py:156} INFO - Started process (PID=805) to work on /home/airflow/.local/lib/python3.7/site-packages/airflow/example_dags/example_xcomargs.py
[2022-10-02T21:02:49.749+0000] {processor.py:758} INFO - Processing file /home/airflow/.local/lib/python3.7/site-packages/airflow/example_dags/example_xcomargs.py for tasks to queue
[2022-10-02T21:02:49.755+0000] {logging_mixin.py:117} INFO - [2022-10-02T21:02:49.754+0000] {dagbag.py:525} INFO - Filling up the DagBag from /home/airflow/.local/lib/python3.7/site-packages/airflow/example_dags/example_xcomargs.py
[2022-10-02T21:02:49.825+0000] {processor.py:768} INFO - DAG(s) dict_keys(['example_xcom_args', 'example_xcom_args_with_operators']) retrieved from /home/airflow/.local/lib/python3.7/site-packages/airflow/example_dags/example_xcomargs.py
[2022-10-02T21:02:49.874+0000] {logging_mixin.py:117} INFO - [2022-10-02T21:02:49.874+0000] {dag.py:2573} INFO - Sync 2 DAGs
[2022-10-02T21:02:49.906+0000] {logging_mixin.py:117} INFO - [2022-10-02T21:02:49.906+0000] {dag.py:3328} INFO - Setting next_dagrun for example_xcom_args to None, run_after=None
[2022-10-02T21:02:49.913+0000] {logging_mixin.py:117} INFO - [2022-10-02T21:02:49.913+0000] {dag.py:3328} INFO - Setting next_dagrun for example_xcom_args_with_operators to None, run_after=None
[2022-10-02T21:02:49.949+0000] {processor.py:178} INFO - Processing /home/airflow/.local/lib/python3.7/site-packages/airflow/example_dags/example_xcomargs.py took 0.214 seconds
[2022-10-02T21:03:20.803+0000] {processor.py:156} INFO - Started process (PID=860) to work on /home/airflow/.local/lib/python3.7/site-packages/airflow/example_dags/example_xcomargs.py
[2022-10-02T21:03:20.804+0000] {processor.py:758} INFO - Processing file /home/airflow/.local/lib/python3.7/site-packages/airflow/example_dags/example_xcomargs.py for tasks to queue
[2022-10-02T21:03:20.810+0000] {logging_mixin.py:117} INFO - [2022-10-02T21:03:20.810+0000] {dagbag.py:525} INFO - Filling up the DagBag from /home/airflow/.local/lib/python3.7/site-packages/airflow/example_dags/example_xcomargs.py
[2022-10-02T21:03:20.828+0000] {processor.py:768} INFO - DAG(s) dict_keys(['example_xcom_args', 'example_xcom_args_with_operators']) retrieved from /home/airflow/.local/lib/python3.7/site-packages/airflow/example_dags/example_xcomargs.py
[2022-10-02T21:03:20.860+0000] {logging_mixin.py:117} INFO - [2022-10-02T21:03:20.860+0000] {dag.py:2573} INFO - Sync 2 DAGs
[2022-10-02T21:03:20.880+0000] {logging_mixin.py:117} INFO - [2022-10-02T21:03:20.880+0000] {dag.py:3328} INFO - Setting next_dagrun for example_xcom_args to None, run_after=None
[2022-10-02T21:03:20.884+0000] {logging_mixin.py:117} INFO - [2022-10-02T21:03:20.884+0000] {dag.py:3328} INFO - Setting next_dagrun for example_xcom_args_with_operators to None, run_after=None
[2022-10-02T21:03:20.898+0000] {processor.py:178} INFO - Processing /home/airflow/.local/lib/python3.7/site-packages/airflow/example_dags/example_xcomargs.py took 0.098 seconds
[2022-10-02T21:03:51.286+0000] {processor.py:156} INFO - Started process (PID=922) to work on /home/airflow/.local/lib/python3.7/site-packages/airflow/example_dags/example_xcomargs.py
[2022-10-02T21:03:51.288+0000] {processor.py:758} INFO - Processing file /home/airflow/.local/lib/python3.7/site-packages/airflow/example_dags/example_xcomargs.py for tasks to queue
[2022-10-02T21:03:51.289+0000] {logging_mixin.py:117} INFO - [2022-10-02T21:03:51.289+0000] {dagbag.py:525} INFO - Filling up the DagBag from /home/airflow/.local/lib/python3.7/site-packages/airflow/example_dags/example_xcomargs.py
[2022-10-02T21:03:51.307+0000] {processor.py:768} INFO - DAG(s) dict_keys(['example_xcom_args', 'example_xcom_args_with_operators']) retrieved from /home/airflow/.local/lib/python3.7/site-packages/airflow/example_dags/example_xcomargs.py
[2022-10-02T21:03:51.356+0000] {logging_mixin.py:117} INFO - [2022-10-02T21:03:51.356+0000] {dag.py:2573} INFO - Sync 2 DAGs
[2022-10-02T21:03:51.375+0000] {logging_mixin.py:117} INFO - [2022-10-02T21:03:51.374+0000] {dag.py:3328} INFO - Setting next_dagrun for example_xcom_args to None, run_after=None
[2022-10-02T21:03:51.378+0000] {logging_mixin.py:117} INFO - [2022-10-02T21:03:51.378+0000] {dag.py:3328} INFO - Setting next_dagrun for example_xcom_args_with_operators to None, run_after=None
[2022-10-02T21:03:51.392+0000] {processor.py:178} INFO - Processing /home/airflow/.local/lib/python3.7/site-packages/airflow/example_dags/example_xcomargs.py took 0.108 seconds
[2022-10-02T21:04:21.886+0000] {processor.py:156} INFO - Started process (PID=984) to work on /home/airflow/.local/lib/python3.7/site-packages/airflow/example_dags/example_xcomargs.py
[2022-10-02T21:04:21.888+0000] {processor.py:758} INFO - Processing file /home/airflow/.local/lib/python3.7/site-packages/airflow/example_dags/example_xcomargs.py for tasks to queue
[2022-10-02T21:04:21.890+0000] {logging_mixin.py:117} INFO - [2022-10-02T21:04:21.890+0000] {dagbag.py:525} INFO - Filling up the DagBag from /home/airflow/.local/lib/python3.7/site-packages/airflow/example_dags/example_xcomargs.py
[2022-10-02T21:04:21.912+0000] {processor.py:768} INFO - DAG(s) dict_keys(['example_xcom_args_with_operators', 'example_xcom_args']) retrieved from /home/airflow/.local/lib/python3.7/site-packages/airflow/example_dags/example_xcomargs.py
[2022-10-02T21:04:21.941+0000] {logging_mixin.py:117} INFO - [2022-10-02T21:04:21.941+0000] {dag.py:2573} INFO - Sync 2 DAGs
[2022-10-02T21:04:21.961+0000] {logging_mixin.py:117} INFO - [2022-10-02T21:04:21.960+0000] {dag.py:3328} INFO - Setting next_dagrun for example_xcom_args to None, run_after=None
[2022-10-02T21:04:21.965+0000] {logging_mixin.py:117} INFO - [2022-10-02T21:04:21.965+0000] {dag.py:3328} INFO - Setting next_dagrun for example_xcom_args_with_operators to None, run_after=None
[2022-10-02T21:04:21.979+0000] {processor.py:178} INFO - Processing /home/airflow/.local/lib/python3.7/site-packages/airflow/example_dags/example_xcomargs.py took 0.095 seconds
[2022-10-02T21:05:10.380+0000] {processor.py:156} INFO - Started process (PID=59) to work on /home/airflow/.local/lib/python3.7/site-packages/airflow/example_dags/example_xcomargs.py
[2022-10-02T21:05:10.382+0000] {processor.py:758} INFO - Processing file /home/airflow/.local/lib/python3.7/site-packages/airflow/example_dags/example_xcomargs.py for tasks to queue
[2022-10-02T21:05:10.383+0000] {logging_mixin.py:117} INFO - [2022-10-02T21:05:10.383+0000] {dagbag.py:525} INFO - Filling up the DagBag from /home/airflow/.local/lib/python3.7/site-packages/airflow/example_dags/example_xcomargs.py
[2022-10-02T21:05:10.408+0000] {processor.py:768} INFO - DAG(s) dict_keys(['example_xcom_args', 'example_xcom_args_with_operators']) retrieved from /home/airflow/.local/lib/python3.7/site-packages/airflow/example_dags/example_xcomargs.py
[2022-10-02T21:05:10.438+0000] {logging_mixin.py:117} INFO - [2022-10-02T21:05:10.437+0000] {dag.py:2573} INFO - Sync 2 DAGs
[2022-10-02T21:05:10.456+0000] {logging_mixin.py:117} INFO - [2022-10-02T21:05:10.456+0000] {dag.py:3328} INFO - Setting next_dagrun for example_xcom_args to None, run_after=None
[2022-10-02T21:05:10.460+0000] {logging_mixin.py:117} INFO - [2022-10-02T21:05:10.459+0000] {dag.py:3328} INFO - Setting next_dagrun for example_xcom_args_with_operators to None, run_after=None
[2022-10-02T21:05:10.473+0000] {processor.py:178} INFO - Processing /home/airflow/.local/lib/python3.7/site-packages/airflow/example_dags/example_xcomargs.py took 0.096 seconds
[2022-10-02T21:05:40.894+0000] {processor.py:156} INFO - Started process (PID=123) to work on /home/airflow/.local/lib/python3.7/site-packages/airflow/example_dags/example_xcomargs.py
[2022-10-02T21:05:40.895+0000] {processor.py:758} INFO - Processing file /home/airflow/.local/lib/python3.7/site-packages/airflow/example_dags/example_xcomargs.py for tasks to queue
[2022-10-02T21:05:40.896+0000] {logging_mixin.py:117} INFO - [2022-10-02T21:05:40.896+0000] {dagbag.py:525} INFO - Filling up the DagBag from /home/airflow/.local/lib/python3.7/site-packages/airflow/example_dags/example_xcomargs.py
[2022-10-02T21:05:40.913+0000] {processor.py:768} INFO - DAG(s) dict_keys(['example_xcom_args', 'example_xcom_args_with_operators']) retrieved from /home/airflow/.local/lib/python3.7/site-packages/airflow/example_dags/example_xcomargs.py
[2022-10-02T21:05:40.946+0000] {logging_mixin.py:117} INFO - [2022-10-02T21:05:40.946+0000] {dag.py:2573} INFO - Sync 2 DAGs
[2022-10-02T21:05:40.961+0000] {logging_mixin.py:117} INFO - [2022-10-02T21:05:40.961+0000] {dag.py:3328} INFO - Setting next_dagrun for example_xcom_args to None, run_after=None
[2022-10-02T21:05:40.964+0000] {logging_mixin.py:117} INFO - [2022-10-02T21:05:40.964+0000] {dag.py:3328} INFO - Setting next_dagrun for example_xcom_args_with_operators to None, run_after=None
[2022-10-02T21:05:40.976+0000] {processor.py:178} INFO - Processing /home/airflow/.local/lib/python3.7/site-packages/airflow/example_dags/example_xcomargs.py took 0.084 seconds
[2022-10-02T21:06:11.940+0000] {processor.py:156} INFO - Started process (PID=188) to work on /home/airflow/.local/lib/python3.7/site-packages/airflow/example_dags/example_xcomargs.py
[2022-10-02T21:06:11.942+0000] {processor.py:758} INFO - Processing file /home/airflow/.local/lib/python3.7/site-packages/airflow/example_dags/example_xcomargs.py for tasks to queue
[2022-10-02T21:06:11.943+0000] {logging_mixin.py:117} INFO - [2022-10-02T21:06:11.943+0000] {dagbag.py:525} INFO - Filling up the DagBag from /home/airflow/.local/lib/python3.7/site-packages/airflow/example_dags/example_xcomargs.py
[2022-10-02T21:06:11.959+0000] {processor.py:768} INFO - DAG(s) dict_keys(['example_xcom_args', 'example_xcom_args_with_operators']) retrieved from /home/airflow/.local/lib/python3.7/site-packages/airflow/example_dags/example_xcomargs.py
[2022-10-02T21:06:11.987+0000] {logging_mixin.py:117} INFO - [2022-10-02T21:06:11.987+0000] {dag.py:2573} INFO - Sync 2 DAGs
[2022-10-02T21:06:12.004+0000] {logging_mixin.py:117} INFO - [2022-10-02T21:06:12.003+0000] {dag.py:3328} INFO - Setting next_dagrun for example_xcom_args to None, run_after=None
[2022-10-02T21:06:12.010+0000] {logging_mixin.py:117} INFO - [2022-10-02T21:06:12.009+0000] {dag.py:3328} INFO - Setting next_dagrun for example_xcom_args_with_operators to None, run_after=None
[2022-10-02T21:06:12.021+0000] {processor.py:178} INFO - Processing /home/airflow/.local/lib/python3.7/site-packages/airflow/example_dags/example_xcomargs.py took 0.083 seconds
[2022-10-02T21:06:42.230+0000] {processor.py:156} INFO - Started process (PID=251) to work on /home/airflow/.local/lib/python3.7/site-packages/airflow/example_dags/example_xcomargs.py
[2022-10-02T21:06:42.233+0000] {processor.py:758} INFO - Processing file /home/airflow/.local/lib/python3.7/site-packages/airflow/example_dags/example_xcomargs.py for tasks to queue
[2022-10-02T21:06:42.234+0000] {logging_mixin.py:117} INFO - [2022-10-02T21:06:42.234+0000] {dagbag.py:525} INFO - Filling up the DagBag from /home/airflow/.local/lib/python3.7/site-packages/airflow/example_dags/example_xcomargs.py
[2022-10-02T21:06:42.251+0000] {processor.py:768} INFO - DAG(s) dict_keys(['example_xcom_args_with_operators', 'example_xcom_args']) retrieved from /home/airflow/.local/lib/python3.7/site-packages/airflow/example_dags/example_xcomargs.py
[2022-10-02T21:06:42.278+0000] {logging_mixin.py:117} INFO - [2022-10-02T21:06:42.278+0000] {dag.py:2573} INFO - Sync 2 DAGs
[2022-10-02T21:06:42.294+0000] {logging_mixin.py:117} INFO - [2022-10-02T21:06:42.294+0000] {dag.py:3328} INFO - Setting next_dagrun for example_xcom_args to None, run_after=None
[2022-10-02T21:06:42.297+0000] {logging_mixin.py:117} INFO - [2022-10-02T21:06:42.297+0000] {dag.py:3328} INFO - Setting next_dagrun for example_xcom_args_with_operators to None, run_after=None
[2022-10-02T21:06:42.307+0000] {processor.py:178} INFO - Processing /home/airflow/.local/lib/python3.7/site-packages/airflow/example_dags/example_xcomargs.py took 0.080 seconds
[2022-10-02T21:07:12.930+0000] {processor.py:156} INFO - Started process (PID=314) to work on /home/airflow/.local/lib/python3.7/site-packages/airflow/example_dags/example_xcomargs.py
[2022-10-02T21:07:12.938+0000] {processor.py:758} INFO - Processing file /home/airflow/.local/lib/python3.7/site-packages/airflow/example_dags/example_xcomargs.py for tasks to queue
[2022-10-02T21:07:12.940+0000] {logging_mixin.py:117} INFO - [2022-10-02T21:07:12.940+0000] {dagbag.py:525} INFO - Filling up the DagBag from /home/airflow/.local/lib/python3.7/site-packages/airflow/example_dags/example_xcomargs.py
[2022-10-02T21:07:12.958+0000] {processor.py:768} INFO - DAG(s) dict_keys(['example_xcom_args', 'example_xcom_args_with_operators']) retrieved from /home/airflow/.local/lib/python3.7/site-packages/airflow/example_dags/example_xcomargs.py
[2022-10-02T21:07:12.985+0000] {logging_mixin.py:117} INFO - [2022-10-02T21:07:12.985+0000] {dag.py:2573} INFO - Sync 2 DAGs
[2022-10-02T21:07:13.000+0000] {logging_mixin.py:117} INFO - [2022-10-02T21:07:13.000+0000] {dag.py:3328} INFO - Setting next_dagrun for example_xcom_args to None, run_after=None
[2022-10-02T21:07:13.003+0000] {logging_mixin.py:117} INFO - [2022-10-02T21:07:13.003+0000] {dag.py:3328} INFO - Setting next_dagrun for example_xcom_args_with_operators to None, run_after=None
[2022-10-02T21:07:13.016+0000] {processor.py:178} INFO - Processing /home/airflow/.local/lib/python3.7/site-packages/airflow/example_dags/example_xcomargs.py took 0.088 seconds
[2022-10-02T21:07:43.135+0000] {processor.py:156} INFO - Started process (PID=368) to work on /home/airflow/.local/lib/python3.7/site-packages/airflow/example_dags/example_xcomargs.py
[2022-10-02T21:07:43.139+0000] {processor.py:758} INFO - Processing file /home/airflow/.local/lib/python3.7/site-packages/airflow/example_dags/example_xcomargs.py for tasks to queue
[2022-10-02T21:07:43.140+0000] {logging_mixin.py:117} INFO - [2022-10-02T21:07:43.140+0000] {dagbag.py:525} INFO - Filling up the DagBag from /home/airflow/.local/lib/python3.7/site-packages/airflow/example_dags/example_xcomargs.py
[2022-10-02T21:07:43.155+0000] {processor.py:768} INFO - DAG(s) dict_keys(['example_xcom_args', 'example_xcom_args_with_operators']) retrieved from /home/airflow/.local/lib/python3.7/site-packages/airflow/example_dags/example_xcomargs.py
[2022-10-02T21:07:43.180+0000] {logging_mixin.py:117} INFO - [2022-10-02T21:07:43.180+0000] {dag.py:2573} INFO - Sync 2 DAGs
[2022-10-02T21:07:43.194+0000] {logging_mixin.py:117} INFO - [2022-10-02T21:07:43.194+0000] {dag.py:3328} INFO - Setting next_dagrun for example_xcom_args to None, run_after=None
[2022-10-02T21:07:43.197+0000] {logging_mixin.py:117} INFO - [2022-10-02T21:07:43.197+0000] {dag.py:3328} INFO - Setting next_dagrun for example_xcom_args_with_operators to None, run_after=None
[2022-10-02T21:07:43.209+0000] {processor.py:178} INFO - Processing /home/airflow/.local/lib/python3.7/site-packages/airflow/example_dags/example_xcomargs.py took 0.077 seconds
[2022-10-02T21:08:13.256+0000] {processor.py:156} INFO - Started process (PID=431) to work on /home/airflow/.local/lib/python3.7/site-packages/airflow/example_dags/example_xcomargs.py
[2022-10-02T21:08:13.258+0000] {processor.py:758} INFO - Processing file /home/airflow/.local/lib/python3.7/site-packages/airflow/example_dags/example_xcomargs.py for tasks to queue
[2022-10-02T21:08:13.259+0000] {logging_mixin.py:117} INFO - [2022-10-02T21:08:13.259+0000] {dagbag.py:525} INFO - Filling up the DagBag from /home/airflow/.local/lib/python3.7/site-packages/airflow/example_dags/example_xcomargs.py
[2022-10-02T21:08:13.274+0000] {processor.py:768} INFO - DAG(s) dict_keys(['example_xcom_args_with_operators', 'example_xcom_args']) retrieved from /home/airflow/.local/lib/python3.7/site-packages/airflow/example_dags/example_xcomargs.py
[2022-10-02T21:08:13.298+0000] {logging_mixin.py:117} INFO - [2022-10-02T21:08:13.298+0000] {dag.py:2573} INFO - Sync 2 DAGs
[2022-10-02T21:08:13.313+0000] {logging_mixin.py:117} INFO - [2022-10-02T21:08:13.313+0000] {dag.py:3328} INFO - Setting next_dagrun for example_xcom_args to None, run_after=None
[2022-10-02T21:08:13.316+0000] {logging_mixin.py:117} INFO - [2022-10-02T21:08:13.316+0000] {dag.py:3328} INFO - Setting next_dagrun for example_xcom_args_with_operators to None, run_after=None
[2022-10-02T21:08:13.328+0000] {processor.py:178} INFO - Processing /home/airflow/.local/lib/python3.7/site-packages/airflow/example_dags/example_xcomargs.py took 0.074 seconds
[2022-10-02T21:08:43.420+0000] {processor.py:156} INFO - Started process (PID=494) to work on /home/airflow/.local/lib/python3.7/site-packages/airflow/example_dags/example_xcomargs.py
[2022-10-02T21:08:43.421+0000] {processor.py:758} INFO - Processing file /home/airflow/.local/lib/python3.7/site-packages/airflow/example_dags/example_xcomargs.py for tasks to queue
[2022-10-02T21:08:43.422+0000] {logging_mixin.py:117} INFO - [2022-10-02T21:08:43.422+0000] {dagbag.py:525} INFO - Filling up the DagBag from /home/airflow/.local/lib/python3.7/site-packages/airflow/example_dags/example_xcomargs.py
[2022-10-02T21:08:43.440+0000] {processor.py:768} INFO - DAG(s) dict_keys(['example_xcom_args_with_operators', 'example_xcom_args']) retrieved from /home/airflow/.local/lib/python3.7/site-packages/airflow/example_dags/example_xcomargs.py
[2022-10-02T21:08:43.467+0000] {logging_mixin.py:117} INFO - [2022-10-02T21:08:43.467+0000] {dag.py:2573} INFO - Sync 2 DAGs
[2022-10-02T21:08:43.483+0000] {logging_mixin.py:117} INFO - [2022-10-02T21:08:43.483+0000] {dag.py:3328} INFO - Setting next_dagrun for example_xcom_args to None, run_after=None
[2022-10-02T21:08:43.487+0000] {logging_mixin.py:117} INFO - [2022-10-02T21:08:43.487+0000] {dag.py:3328} INFO - Setting next_dagrun for example_xcom_args_with_operators to None, run_after=None
[2022-10-02T21:08:43.497+0000] {processor.py:178} INFO - Processing /home/airflow/.local/lib/python3.7/site-packages/airflow/example_dags/example_xcomargs.py took 0.079 seconds
[2022-10-02T21:09:13.667+0000] {processor.py:156} INFO - Started process (PID=557) to work on /home/airflow/.local/lib/python3.7/site-packages/airflow/example_dags/example_xcomargs.py
[2022-10-02T21:09:13.669+0000] {processor.py:758} INFO - Processing file /home/airflow/.local/lib/python3.7/site-packages/airflow/example_dags/example_xcomargs.py for tasks to queue
[2022-10-02T21:09:13.670+0000] {logging_mixin.py:117} INFO - [2022-10-02T21:09:13.670+0000] {dagbag.py:525} INFO - Filling up the DagBag from /home/airflow/.local/lib/python3.7/site-packages/airflow/example_dags/example_xcomargs.py
[2022-10-02T21:09:13.686+0000] {processor.py:768} INFO - DAG(s) dict_keys(['example_xcom_args_with_operators', 'example_xcom_args']) retrieved from /home/airflow/.local/lib/python3.7/site-packages/airflow/example_dags/example_xcomargs.py
[2022-10-02T21:09:13.712+0000] {logging_mixin.py:117} INFO - [2022-10-02T21:09:13.712+0000] {dag.py:2573} INFO - Sync 2 DAGs
[2022-10-02T21:09:13.725+0000] {logging_mixin.py:117} INFO - [2022-10-02T21:09:13.725+0000] {dag.py:3328} INFO - Setting next_dagrun for example_xcom_args to None, run_after=None
[2022-10-02T21:09:13.728+0000] {logging_mixin.py:117} INFO - [2022-10-02T21:09:13.728+0000] {dag.py:3328} INFO - Setting next_dagrun for example_xcom_args_with_operators to None, run_after=None
[2022-10-02T21:09:13.738+0000] {processor.py:178} INFO - Processing /home/airflow/.local/lib/python3.7/site-packages/airflow/example_dags/example_xcomargs.py took 0.073 seconds
[2022-10-02T21:09:43.984+0000] {processor.py:156} INFO - Started process (PID=620) to work on /home/airflow/.local/lib/python3.7/site-packages/airflow/example_dags/example_xcomargs.py
[2022-10-02T21:09:43.986+0000] {processor.py:758} INFO - Processing file /home/airflow/.local/lib/python3.7/site-packages/airflow/example_dags/example_xcomargs.py for tasks to queue
[2022-10-02T21:09:43.987+0000] {logging_mixin.py:117} INFO - [2022-10-02T21:09:43.987+0000] {dagbag.py:525} INFO - Filling up the DagBag from /home/airflow/.local/lib/python3.7/site-packages/airflow/example_dags/example_xcomargs.py
[2022-10-02T21:09:44.009+0000] {processor.py:768} INFO - DAG(s) dict_keys(['example_xcom_args', 'example_xcom_args_with_operators']) retrieved from /home/airflow/.local/lib/python3.7/site-packages/airflow/example_dags/example_xcomargs.py
[2022-10-02T21:09:44.037+0000] {logging_mixin.py:117} INFO - [2022-10-02T21:09:44.037+0000] {dag.py:2573} INFO - Sync 2 DAGs
[2022-10-02T21:09:44.052+0000] {logging_mixin.py:117} INFO - [2022-10-02T21:09:44.052+0000] {dag.py:3328} INFO - Setting next_dagrun for example_xcom_args to None, run_after=None
[2022-10-02T21:09:44.055+0000] {logging_mixin.py:117} INFO - [2022-10-02T21:09:44.055+0000] {dag.py:3328} INFO - Setting next_dagrun for example_xcom_args_with_operators to None, run_after=None
[2022-10-02T21:09:44.065+0000] {processor.py:178} INFO - Processing /home/airflow/.local/lib/python3.7/site-packages/airflow/example_dags/example_xcomargs.py took 0.083 seconds
[2022-10-02T21:10:14.124+0000] {processor.py:156} INFO - Started process (PID=674) to work on /home/airflow/.local/lib/python3.7/site-packages/airflow/example_dags/example_xcomargs.py
[2022-10-02T21:10:14.125+0000] {processor.py:758} INFO - Processing file /home/airflow/.local/lib/python3.7/site-packages/airflow/example_dags/example_xcomargs.py for tasks to queue
[2022-10-02T21:10:14.126+0000] {logging_mixin.py:117} INFO - [2022-10-02T21:10:14.126+0000] {dagbag.py:525} INFO - Filling up the DagBag from /home/airflow/.local/lib/python3.7/site-packages/airflow/example_dags/example_xcomargs.py
[2022-10-02T21:10:14.142+0000] {processor.py:768} INFO - DAG(s) dict_keys(['example_xcom_args', 'example_xcom_args_with_operators']) retrieved from /home/airflow/.local/lib/python3.7/site-packages/airflow/example_dags/example_xcomargs.py
[2022-10-02T21:10:14.169+0000] {logging_mixin.py:117} INFO - [2022-10-02T21:10:14.169+0000] {dag.py:2573} INFO - Sync 2 DAGs
[2022-10-02T21:10:14.186+0000] {logging_mixin.py:117} INFO - [2022-10-02T21:10:14.186+0000] {dag.py:3328} INFO - Setting next_dagrun for example_xcom_args to None, run_after=None
[2022-10-02T21:10:14.189+0000] {logging_mixin.py:117} INFO - [2022-10-02T21:10:14.189+0000] {dag.py:3328} INFO - Setting next_dagrun for example_xcom_args_with_operators to None, run_after=None
[2022-10-02T21:10:14.199+0000] {processor.py:178} INFO - Processing /home/airflow/.local/lib/python3.7/site-packages/airflow/example_dags/example_xcomargs.py took 0.077 seconds
[2022-10-02T21:10:45.283+0000] {processor.py:156} INFO - Started process (PID=736) to work on /home/airflow/.local/lib/python3.7/site-packages/airflow/example_dags/example_xcomargs.py
[2022-10-02T21:10:45.285+0000] {processor.py:758} INFO - Processing file /home/airflow/.local/lib/python3.7/site-packages/airflow/example_dags/example_xcomargs.py for tasks to queue
[2022-10-02T21:10:45.286+0000] {logging_mixin.py:117} INFO - [2022-10-02T21:10:45.286+0000] {dagbag.py:525} INFO - Filling up the DagBag from /home/airflow/.local/lib/python3.7/site-packages/airflow/example_dags/example_xcomargs.py
[2022-10-02T21:10:45.300+0000] {processor.py:768} INFO - DAG(s) dict_keys(['example_xcom_args_with_operators', 'example_xcom_args']) retrieved from /home/airflow/.local/lib/python3.7/site-packages/airflow/example_dags/example_xcomargs.py
[2022-10-02T21:10:45.325+0000] {logging_mixin.py:117} INFO - [2022-10-02T21:10:45.324+0000] {dag.py:2573} INFO - Sync 2 DAGs
[2022-10-02T21:10:45.339+0000] {logging_mixin.py:117} INFO - [2022-10-02T21:10:45.339+0000] {dag.py:3328} INFO - Setting next_dagrun for example_xcom_args to None, run_after=None
[2022-10-02T21:10:45.342+0000] {logging_mixin.py:117} INFO - [2022-10-02T21:10:45.341+0000] {dag.py:3328} INFO - Setting next_dagrun for example_xcom_args_with_operators to None, run_after=None
[2022-10-02T21:10:45.351+0000] {processor.py:178} INFO - Processing /home/airflow/.local/lib/python3.7/site-packages/airflow/example_dags/example_xcomargs.py took 0.070 seconds
[2022-10-02T21:11:15.577+0000] {processor.py:156} INFO - Started process (PID=799) to work on /home/airflow/.local/lib/python3.7/site-packages/airflow/example_dags/example_xcomargs.py
[2022-10-02T21:11:15.579+0000] {processor.py:758} INFO - Processing file /home/airflow/.local/lib/python3.7/site-packages/airflow/example_dags/example_xcomargs.py for tasks to queue
[2022-10-02T21:11:15.580+0000] {logging_mixin.py:117} INFO - [2022-10-02T21:11:15.580+0000] {dagbag.py:525} INFO - Filling up the DagBag from /home/airflow/.local/lib/python3.7/site-packages/airflow/example_dags/example_xcomargs.py
[2022-10-02T21:11:15.594+0000] {processor.py:768} INFO - DAG(s) dict_keys(['example_xcom_args', 'example_xcom_args_with_operators']) retrieved from /home/airflow/.local/lib/python3.7/site-packages/airflow/example_dags/example_xcomargs.py
[2022-10-02T21:11:15.624+0000] {logging_mixin.py:117} INFO - [2022-10-02T21:11:15.624+0000] {dag.py:2573} INFO - Sync 2 DAGs
[2022-10-02T21:11:15.639+0000] {logging_mixin.py:117} INFO - [2022-10-02T21:11:15.639+0000] {dag.py:3328} INFO - Setting next_dagrun for example_xcom_args to None, run_after=None
[2022-10-02T21:11:15.642+0000] {logging_mixin.py:117} INFO - [2022-10-02T21:11:15.642+0000] {dag.py:3328} INFO - Setting next_dagrun for example_xcom_args_with_operators to None, run_after=None
[2022-10-02T21:11:15.652+0000] {processor.py:178} INFO - Processing /home/airflow/.local/lib/python3.7/site-packages/airflow/example_dags/example_xcomargs.py took 0.077 seconds
[2022-10-02T21:11:46.321+0000] {processor.py:156} INFO - Started process (PID=861) to work on /home/airflow/.local/lib/python3.7/site-packages/airflow/example_dags/example_xcomargs.py
[2022-10-02T21:11:46.323+0000] {processor.py:758} INFO - Processing file /home/airflow/.local/lib/python3.7/site-packages/airflow/example_dags/example_xcomargs.py for tasks to queue
[2022-10-02T21:11:46.324+0000] {logging_mixin.py:117} INFO - [2022-10-02T21:11:46.324+0000] {dagbag.py:525} INFO - Filling up the DagBag from /home/airflow/.local/lib/python3.7/site-packages/airflow/example_dags/example_xcomargs.py
[2022-10-02T21:11:46.343+0000] {processor.py:768} INFO - DAG(s) dict_keys(['example_xcom_args_with_operators', 'example_xcom_args']) retrieved from /home/airflow/.local/lib/python3.7/site-packages/airflow/example_dags/example_xcomargs.py
[2022-10-02T21:11:46.373+0000] {logging_mixin.py:117} INFO - [2022-10-02T21:11:46.373+0000] {dag.py:2573} INFO - Sync 2 DAGs
[2022-10-02T21:11:46.388+0000] {logging_mixin.py:117} INFO - [2022-10-02T21:11:46.388+0000] {dag.py:3328} INFO - Setting next_dagrun for example_xcom_args to None, run_after=None
[2022-10-02T21:11:46.391+0000] {logging_mixin.py:117} INFO - [2022-10-02T21:11:46.391+0000] {dag.py:3328} INFO - Setting next_dagrun for example_xcom_args_with_operators to None, run_after=None
[2022-10-02T21:11:46.402+0000] {processor.py:178} INFO - Processing /home/airflow/.local/lib/python3.7/site-packages/airflow/example_dags/example_xcomargs.py took 0.083 seconds
[2022-10-02T21:12:16.576+0000] {processor.py:156} INFO - Started process (PID=925) to work on /home/airflow/.local/lib/python3.7/site-packages/airflow/example_dags/example_xcomargs.py
[2022-10-02T21:12:16.578+0000] {processor.py:758} INFO - Processing file /home/airflow/.local/lib/python3.7/site-packages/airflow/example_dags/example_xcomargs.py for tasks to queue
[2022-10-02T21:12:16.579+0000] {logging_mixin.py:117} INFO - [2022-10-02T21:12:16.579+0000] {dagbag.py:525} INFO - Filling up the DagBag from /home/airflow/.local/lib/python3.7/site-packages/airflow/example_dags/example_xcomargs.py
[2022-10-02T21:12:16.595+0000] {processor.py:768} INFO - DAG(s) dict_keys(['example_xcom_args_with_operators', 'example_xcom_args']) retrieved from /home/airflow/.local/lib/python3.7/site-packages/airflow/example_dags/example_xcomargs.py
[2022-10-02T21:12:16.624+0000] {logging_mixin.py:117} INFO - [2022-10-02T21:12:16.624+0000] {dag.py:2573} INFO - Sync 2 DAGs
[2022-10-02T21:12:16.641+0000] {logging_mixin.py:117} INFO - [2022-10-02T21:12:16.641+0000] {dag.py:3328} INFO - Setting next_dagrun for example_xcom_args to None, run_after=None
[2022-10-02T21:12:16.644+0000] {logging_mixin.py:117} INFO - [2022-10-02T21:12:16.644+0000] {dag.py:3328} INFO - Setting next_dagrun for example_xcom_args_with_operators to None, run_after=None
[2022-10-02T21:12:16.655+0000] {processor.py:178} INFO - Processing /home/airflow/.local/lib/python3.7/site-packages/airflow/example_dags/example_xcomargs.py took 0.081 seconds
[2022-10-02T21:12:46.919+0000] {processor.py:156} INFO - Started process (PID=988) to work on /home/airflow/.local/lib/python3.7/site-packages/airflow/example_dags/example_xcomargs.py
[2022-10-02T21:12:46.921+0000] {processor.py:758} INFO - Processing file /home/airflow/.local/lib/python3.7/site-packages/airflow/example_dags/example_xcomargs.py for tasks to queue
[2022-10-02T21:12:46.922+0000] {logging_mixin.py:117} INFO - [2022-10-02T21:12:46.922+0000] {dagbag.py:525} INFO - Filling up the DagBag from /home/airflow/.local/lib/python3.7/site-packages/airflow/example_dags/example_xcomargs.py
[2022-10-02T21:12:46.945+0000] {processor.py:768} INFO - DAG(s) dict_keys(['example_xcom_args_with_operators', 'example_xcom_args']) retrieved from /home/airflow/.local/lib/python3.7/site-packages/airflow/example_dags/example_xcomargs.py
[2022-10-02T21:12:46.977+0000] {logging_mixin.py:117} INFO - [2022-10-02T21:12:46.976+0000] {dag.py:2573} INFO - Sync 2 DAGs
[2022-10-02T21:12:46.992+0000] {logging_mixin.py:117} INFO - [2022-10-02T21:12:46.992+0000] {dag.py:3328} INFO - Setting next_dagrun for example_xcom_args to None, run_after=None
[2022-10-02T21:12:46.995+0000] {logging_mixin.py:117} INFO - [2022-10-02T21:12:46.995+0000] {dag.py:3328} INFO - Setting next_dagrun for example_xcom_args_with_operators to None, run_after=None
[2022-10-02T21:12:47.007+0000] {processor.py:178} INFO - Processing /home/airflow/.local/lib/python3.7/site-packages/airflow/example_dags/example_xcomargs.py took 0.091 seconds
[2022-10-02T21:13:17.152+0000] {processor.py:156} INFO - Started process (PID=1041) to work on /home/airflow/.local/lib/python3.7/site-packages/airflow/example_dags/example_xcomargs.py
[2022-10-02T21:13:17.153+0000] {processor.py:758} INFO - Processing file /home/airflow/.local/lib/python3.7/site-packages/airflow/example_dags/example_xcomargs.py for tasks to queue
[2022-10-02T21:13:17.154+0000] {logging_mixin.py:117} INFO - [2022-10-02T21:13:17.154+0000] {dagbag.py:525} INFO - Filling up the DagBag from /home/airflow/.local/lib/python3.7/site-packages/airflow/example_dags/example_xcomargs.py
[2022-10-02T21:13:17.168+0000] {processor.py:768} INFO - DAG(s) dict_keys(['example_xcom_args', 'example_xcom_args_with_operators']) retrieved from /home/airflow/.local/lib/python3.7/site-packages/airflow/example_dags/example_xcomargs.py
[2022-10-02T21:13:17.194+0000] {logging_mixin.py:117} INFO - [2022-10-02T21:13:17.194+0000] {dag.py:2573} INFO - Sync 2 DAGs
[2022-10-02T21:13:17.208+0000] {logging_mixin.py:117} INFO - [2022-10-02T21:13:17.208+0000] {dag.py:3328} INFO - Setting next_dagrun for example_xcom_args to None, run_after=None
[2022-10-02T21:13:17.212+0000] {logging_mixin.py:117} INFO - [2022-10-02T21:13:17.212+0000] {dag.py:3328} INFO - Setting next_dagrun for example_xcom_args_with_operators to None, run_after=None
[2022-10-02T21:13:17.222+0000] {processor.py:178} INFO - Processing /home/airflow/.local/lib/python3.7/site-packages/airflow/example_dags/example_xcomargs.py took 0.073 seconds
[2022-10-02T21:15:02.024+0000] {processor.py:156} INFO - Started process (PID=68) to work on /home/airflow/.local/lib/python3.7/site-packages/airflow/example_dags/example_xcomargs.py
[2022-10-02T21:15:02.027+0000] {processor.py:758} INFO - Processing file /home/airflow/.local/lib/python3.7/site-packages/airflow/example_dags/example_xcomargs.py for tasks to queue
[2022-10-02T21:15:02.029+0000] {logging_mixin.py:117} INFO - [2022-10-02T21:15:02.029+0000] {dagbag.py:525} INFO - Filling up the DagBag from /home/airflow/.local/lib/python3.7/site-packages/airflow/example_dags/example_xcomargs.py
[2022-10-02T21:15:02.108+0000] {processor.py:768} INFO - DAG(s) dict_keys(['example_xcom_args_with_operators', 'example_xcom_args']) retrieved from /home/airflow/.local/lib/python3.7/site-packages/airflow/example_dags/example_xcomargs.py
[2022-10-02T21:15:02.177+0000] {logging_mixin.py:117} INFO - [2022-10-02T21:15:02.177+0000] {dag.py:2573} INFO - Sync 2 DAGs
[2022-10-02T21:15:02.229+0000] {logging_mixin.py:117} INFO - [2022-10-02T21:15:02.229+0000] {dag.py:3328} INFO - Setting next_dagrun for example_xcom_args to None, run_after=None
[2022-10-02T21:15:02.235+0000] {logging_mixin.py:117} INFO - [2022-10-02T21:15:02.235+0000] {dag.py:3328} INFO - Setting next_dagrun for example_xcom_args_with_operators to None, run_after=None
[2022-10-02T21:15:02.256+0000] {processor.py:178} INFO - Processing /home/airflow/.local/lib/python3.7/site-packages/airflow/example_dags/example_xcomargs.py took 0.241 seconds
[2022-10-02T21:15:32.816+0000] {processor.py:156} INFO - Started process (PID=131) to work on /home/airflow/.local/lib/python3.7/site-packages/airflow/example_dags/example_xcomargs.py
[2022-10-02T21:15:32.818+0000] {processor.py:758} INFO - Processing file /home/airflow/.local/lib/python3.7/site-packages/airflow/example_dags/example_xcomargs.py for tasks to queue
[2022-10-02T21:15:32.819+0000] {logging_mixin.py:117} INFO - [2022-10-02T21:15:32.819+0000] {dagbag.py:525} INFO - Filling up the DagBag from /home/airflow/.local/lib/python3.7/site-packages/airflow/example_dags/example_xcomargs.py
[2022-10-02T21:15:32.853+0000] {processor.py:768} INFO - DAG(s) dict_keys(['example_xcom_args_with_operators', 'example_xcom_args']) retrieved from /home/airflow/.local/lib/python3.7/site-packages/airflow/example_dags/example_xcomargs.py
[2022-10-02T21:15:32.891+0000] {logging_mixin.py:117} INFO - [2022-10-02T21:15:32.891+0000] {dag.py:2573} INFO - Sync 2 DAGs
[2022-10-02T21:15:32.910+0000] {logging_mixin.py:117} INFO - [2022-10-02T21:15:32.910+0000] {dag.py:3328} INFO - Setting next_dagrun for example_xcom_args to None, run_after=None
[2022-10-02T21:15:32.914+0000] {logging_mixin.py:117} INFO - [2022-10-02T21:15:32.913+0000] {dag.py:3328} INFO - Setting next_dagrun for example_xcom_args_with_operators to None, run_after=None
[2022-10-02T21:15:32.928+0000] {processor.py:178} INFO - Processing /home/airflow/.local/lib/python3.7/site-packages/airflow/example_dags/example_xcomargs.py took 0.115 seconds
[2022-10-02T21:16:03.314+0000] {processor.py:156} INFO - Started process (PID=186) to work on /home/airflow/.local/lib/python3.7/site-packages/airflow/example_dags/example_xcomargs.py
[2022-10-02T21:16:03.316+0000] {processor.py:758} INFO - Processing file /home/airflow/.local/lib/python3.7/site-packages/airflow/example_dags/example_xcomargs.py for tasks to queue
[2022-10-02T21:16:03.317+0000] {logging_mixin.py:117} INFO - [2022-10-02T21:16:03.317+0000] {dagbag.py:525} INFO - Filling up the DagBag from /home/airflow/.local/lib/python3.7/site-packages/airflow/example_dags/example_xcomargs.py
[2022-10-02T21:16:03.348+0000] {processor.py:768} INFO - DAG(s) dict_keys(['example_xcom_args_with_operators', 'example_xcom_args']) retrieved from /home/airflow/.local/lib/python3.7/site-packages/airflow/example_dags/example_xcomargs.py
[2022-10-02T21:16:03.409+0000] {logging_mixin.py:117} INFO - [2022-10-02T21:16:03.409+0000] {dag.py:2573} INFO - Sync 2 DAGs
[2022-10-02T21:16:03.452+0000] {logging_mixin.py:117} INFO - [2022-10-02T21:16:03.452+0000] {dag.py:3328} INFO - Setting next_dagrun for example_xcom_args to None, run_after=None
[2022-10-02T21:16:03.460+0000] {logging_mixin.py:117} INFO - [2022-10-02T21:16:03.460+0000] {dag.py:3328} INFO - Setting next_dagrun for example_xcom_args_with_operators to None, run_after=None
[2022-10-02T21:16:03.497+0000] {processor.py:178} INFO - Processing /home/airflow/.local/lib/python3.7/site-packages/airflow/example_dags/example_xcomargs.py took 0.193 seconds
[2022-10-02T21:16:33.682+0000] {processor.py:156} INFO - Started process (PID=248) to work on /home/airflow/.local/lib/python3.7/site-packages/airflow/example_dags/example_xcomargs.py
[2022-10-02T21:16:33.685+0000] {processor.py:758} INFO - Processing file /home/airflow/.local/lib/python3.7/site-packages/airflow/example_dags/example_xcomargs.py for tasks to queue
[2022-10-02T21:16:33.687+0000] {logging_mixin.py:117} INFO - [2022-10-02T21:16:33.687+0000] {dagbag.py:525} INFO - Filling up the DagBag from /home/airflow/.local/lib/python3.7/site-packages/airflow/example_dags/example_xcomargs.py
[2022-10-02T21:16:33.709+0000] {processor.py:768} INFO - DAG(s) dict_keys(['example_xcom_args_with_operators', 'example_xcom_args']) retrieved from /home/airflow/.local/lib/python3.7/site-packages/airflow/example_dags/example_xcomargs.py
[2022-10-02T21:16:33.742+0000] {logging_mixin.py:117} INFO - [2022-10-02T21:16:33.742+0000] {dag.py:2573} INFO - Sync 2 DAGs
[2022-10-02T21:16:33.760+0000] {logging_mixin.py:117} INFO - [2022-10-02T21:16:33.760+0000] {dag.py:3328} INFO - Setting next_dagrun for example_xcom_args to None, run_after=None
[2022-10-02T21:16:33.764+0000] {logging_mixin.py:117} INFO - [2022-10-02T21:16:33.764+0000] {dag.py:3328} INFO - Setting next_dagrun for example_xcom_args_with_operators to None, run_after=None
[2022-10-02T21:16:33.779+0000] {processor.py:178} INFO - Processing /home/airflow/.local/lib/python3.7/site-packages/airflow/example_dags/example_xcomargs.py took 0.100 seconds
[2022-10-02T21:17:04.714+0000] {processor.py:156} INFO - Started process (PID=310) to work on /home/airflow/.local/lib/python3.7/site-packages/airflow/example_dags/example_xcomargs.py
[2022-10-02T21:17:04.717+0000] {processor.py:758} INFO - Processing file /home/airflow/.local/lib/python3.7/site-packages/airflow/example_dags/example_xcomargs.py for tasks to queue
[2022-10-02T21:17:04.718+0000] {logging_mixin.py:117} INFO - [2022-10-02T21:17:04.718+0000] {dagbag.py:525} INFO - Filling up the DagBag from /home/airflow/.local/lib/python3.7/site-packages/airflow/example_dags/example_xcomargs.py
[2022-10-02T21:17:04.739+0000] {processor.py:768} INFO - DAG(s) dict_keys(['example_xcom_args_with_operators', 'example_xcom_args']) retrieved from /home/airflow/.local/lib/python3.7/site-packages/airflow/example_dags/example_xcomargs.py
[2022-10-02T21:17:04.797+0000] {logging_mixin.py:117} INFO - [2022-10-02T21:17:04.797+0000] {dag.py:2573} INFO - Sync 2 DAGs
[2022-10-02T21:17:04.819+0000] {logging_mixin.py:117} INFO - [2022-10-02T21:17:04.819+0000] {dag.py:3328} INFO - Setting next_dagrun for example_xcom_args to None, run_after=None
[2022-10-02T21:17:04.832+0000] {logging_mixin.py:117} INFO - [2022-10-02T21:17:04.832+0000] {dag.py:3328} INFO - Setting next_dagrun for example_xcom_args_with_operators to None, run_after=None
[2022-10-02T21:17:04.860+0000] {processor.py:178} INFO - Processing /home/airflow/.local/lib/python3.7/site-packages/airflow/example_dags/example_xcomargs.py took 0.149 seconds
[2022-10-02T21:17:35.731+0000] {processor.py:156} INFO - Started process (PID=373) to work on /home/airflow/.local/lib/python3.7/site-packages/airflow/example_dags/example_xcomargs.py
[2022-10-02T21:17:35.735+0000] {processor.py:758} INFO - Processing file /home/airflow/.local/lib/python3.7/site-packages/airflow/example_dags/example_xcomargs.py for tasks to queue
[2022-10-02T21:17:35.737+0000] {logging_mixin.py:117} INFO - [2022-10-02T21:17:35.737+0000] {dagbag.py:525} INFO - Filling up the DagBag from /home/airflow/.local/lib/python3.7/site-packages/airflow/example_dags/example_xcomargs.py
[2022-10-02T21:17:35.756+0000] {processor.py:768} INFO - DAG(s) dict_keys(['example_xcom_args_with_operators', 'example_xcom_args']) retrieved from /home/airflow/.local/lib/python3.7/site-packages/airflow/example_dags/example_xcomargs.py
[2022-10-02T21:17:35.786+0000] {logging_mixin.py:117} INFO - [2022-10-02T21:17:35.786+0000] {dag.py:2573} INFO - Sync 2 DAGs
[2022-10-02T21:17:35.803+0000] {logging_mixin.py:117} INFO - [2022-10-02T21:17:35.802+0000] {dag.py:3328} INFO - Setting next_dagrun for example_xcom_args to None, run_after=None
[2022-10-02T21:17:35.805+0000] {logging_mixin.py:117} INFO - [2022-10-02T21:17:35.805+0000] {dag.py:3328} INFO - Setting next_dagrun for example_xcom_args_with_operators to None, run_after=None
[2022-10-02T21:17:35.817+0000] {processor.py:178} INFO - Processing /home/airflow/.local/lib/python3.7/site-packages/airflow/example_dags/example_xcomargs.py took 0.091 seconds
[2022-10-02T21:18:05.893+0000] {processor.py:156} INFO - Started process (PID=438) to work on /home/airflow/.local/lib/python3.7/site-packages/airflow/example_dags/example_xcomargs.py
[2022-10-02T21:18:05.894+0000] {processor.py:758} INFO - Processing file /home/airflow/.local/lib/python3.7/site-packages/airflow/example_dags/example_xcomargs.py for tasks to queue
[2022-10-02T21:18:05.897+0000] {logging_mixin.py:117} INFO - [2022-10-02T21:18:05.896+0000] {dagbag.py:525} INFO - Filling up the DagBag from /home/airflow/.local/lib/python3.7/site-packages/airflow/example_dags/example_xcomargs.py
[2022-10-02T21:18:05.924+0000] {processor.py:768} INFO - DAG(s) dict_keys(['example_xcom_args_with_operators', 'example_xcom_args']) retrieved from /home/airflow/.local/lib/python3.7/site-packages/airflow/example_dags/example_xcomargs.py
[2022-10-02T21:18:05.959+0000] {logging_mixin.py:117} INFO - [2022-10-02T21:18:05.959+0000] {dag.py:2573} INFO - Sync 2 DAGs
[2022-10-02T21:18:05.981+0000] {logging_mixin.py:117} INFO - [2022-10-02T21:18:05.981+0000] {dag.py:3328} INFO - Setting next_dagrun for example_xcom_args to None, run_after=None
[2022-10-02T21:18:05.985+0000] {logging_mixin.py:117} INFO - [2022-10-02T21:18:05.984+0000] {dag.py:3328} INFO - Setting next_dagrun for example_xcom_args_with_operators to None, run_after=None
[2022-10-02T21:18:05.997+0000] {processor.py:178} INFO - Processing /home/airflow/.local/lib/python3.7/site-packages/airflow/example_dags/example_xcomargs.py took 0.107 seconds
[2022-10-02T21:18:36.461+0000] {processor.py:156} INFO - Started process (PID=493) to work on /home/airflow/.local/lib/python3.7/site-packages/airflow/example_dags/example_xcomargs.py
[2022-10-02T21:18:36.462+0000] {processor.py:758} INFO - Processing file /home/airflow/.local/lib/python3.7/site-packages/airflow/example_dags/example_xcomargs.py for tasks to queue
[2022-10-02T21:18:36.463+0000] {logging_mixin.py:117} INFO - [2022-10-02T21:18:36.463+0000] {dagbag.py:525} INFO - Filling up the DagBag from /home/airflow/.local/lib/python3.7/site-packages/airflow/example_dags/example_xcomargs.py
[2022-10-02T21:18:36.481+0000] {processor.py:768} INFO - DAG(s) dict_keys(['example_xcom_args_with_operators', 'example_xcom_args']) retrieved from /home/airflow/.local/lib/python3.7/site-packages/airflow/example_dags/example_xcomargs.py
[2022-10-02T21:18:36.509+0000] {logging_mixin.py:117} INFO - [2022-10-02T21:18:36.509+0000] {dag.py:2573} INFO - Sync 2 DAGs
[2022-10-02T21:18:36.526+0000] {logging_mixin.py:117} INFO - [2022-10-02T21:18:36.526+0000] {dag.py:3328} INFO - Setting next_dagrun for example_xcom_args to None, run_after=None
[2022-10-02T21:18:36.529+0000] {logging_mixin.py:117} INFO - [2022-10-02T21:18:36.529+0000] {dag.py:3328} INFO - Setting next_dagrun for example_xcom_args_with_operators to None, run_after=None
[2022-10-02T21:18:36.541+0000] {processor.py:178} INFO - Processing /home/airflow/.local/lib/python3.7/site-packages/airflow/example_dags/example_xcomargs.py took 0.083 seconds
[2022-10-02T21:19:06.982+0000] {processor.py:156} INFO - Started process (PID=556) to work on /home/airflow/.local/lib/python3.7/site-packages/airflow/example_dags/example_xcomargs.py
[2022-10-02T21:19:06.985+0000] {processor.py:758} INFO - Processing file /home/airflow/.local/lib/python3.7/site-packages/airflow/example_dags/example_xcomargs.py for tasks to queue
[2022-10-02T21:19:06.987+0000] {logging_mixin.py:117} INFO - [2022-10-02T21:19:06.986+0000] {dagbag.py:525} INFO - Filling up the DagBag from /home/airflow/.local/lib/python3.7/site-packages/airflow/example_dags/example_xcomargs.py
[2022-10-02T21:19:07.005+0000] {processor.py:768} INFO - DAG(s) dict_keys(['example_xcom_args', 'example_xcom_args_with_operators']) retrieved from /home/airflow/.local/lib/python3.7/site-packages/airflow/example_dags/example_xcomargs.py
[2022-10-02T21:19:07.039+0000] {logging_mixin.py:117} INFO - [2022-10-02T21:19:07.039+0000] {dag.py:2573} INFO - Sync 2 DAGs
[2022-10-02T21:19:07.057+0000] {logging_mixin.py:117} INFO - [2022-10-02T21:19:07.057+0000] {dag.py:3328} INFO - Setting next_dagrun for example_xcom_args to None, run_after=None
[2022-10-02T21:19:07.061+0000] {logging_mixin.py:117} INFO - [2022-10-02T21:19:07.061+0000] {dag.py:3328} INFO - Setting next_dagrun for example_xcom_args_with_operators to None, run_after=None
[2022-10-02T21:19:07.074+0000] {processor.py:178} INFO - Processing /home/airflow/.local/lib/python3.7/site-packages/airflow/example_dags/example_xcomargs.py took 0.099 seconds
[2022-10-02T21:19:37.308+0000] {processor.py:156} INFO - Started process (PID=619) to work on /home/airflow/.local/lib/python3.7/site-packages/airflow/example_dags/example_xcomargs.py
[2022-10-02T21:19:37.310+0000] {processor.py:758} INFO - Processing file /home/airflow/.local/lib/python3.7/site-packages/airflow/example_dags/example_xcomargs.py for tasks to queue
[2022-10-02T21:19:37.311+0000] {logging_mixin.py:117} INFO - [2022-10-02T21:19:37.311+0000] {dagbag.py:525} INFO - Filling up the DagBag from /home/airflow/.local/lib/python3.7/site-packages/airflow/example_dags/example_xcomargs.py
[2022-10-02T21:19:37.329+0000] {processor.py:768} INFO - DAG(s) dict_keys(['example_xcom_args_with_operators', 'example_xcom_args']) retrieved from /home/airflow/.local/lib/python3.7/site-packages/airflow/example_dags/example_xcomargs.py
[2022-10-02T21:19:37.357+0000] {logging_mixin.py:117} INFO - [2022-10-02T21:19:37.357+0000] {dag.py:2573} INFO - Sync 2 DAGs
[2022-10-02T21:19:37.374+0000] {logging_mixin.py:117} INFO - [2022-10-02T21:19:37.374+0000] {dag.py:3328} INFO - Setting next_dagrun for example_xcom_args to None, run_after=None
[2022-10-02T21:19:37.377+0000] {logging_mixin.py:117} INFO - [2022-10-02T21:19:37.377+0000] {dag.py:3328} INFO - Setting next_dagrun for example_xcom_args_with_operators to None, run_after=None
[2022-10-02T21:19:37.388+0000] {processor.py:178} INFO - Processing /home/airflow/.local/lib/python3.7/site-packages/airflow/example_dags/example_xcomargs.py took 0.082 seconds
