[2022-10-02T20:50:11.140+0000] {processor.py:156} INFO - Started process (PID=39) to work on /home/airflow/.local/lib/python3.7/site-packages/airflow/example_dags/tutorial_dag.py
[2022-10-02T20:50:11.143+0000] {processor.py:758} INFO - Processing file /home/airflow/.local/lib/python3.7/site-packages/airflow/example_dags/tutorial_dag.py for tasks to queue
[2022-10-02T20:50:11.144+0000] {logging_mixin.py:117} INFO - [2022-10-02T20:50:11.144+0000] {dagbag.py:525} INFO - Filling up the DagBag from /home/airflow/.local/lib/python3.7/site-packages/airflow/example_dags/tutorial_dag.py
[2022-10-02T20:50:11.157+0000] {processor.py:768} INFO - DAG(s) dict_keys(['tutorial_dag']) retrieved from /home/airflow/.local/lib/python3.7/site-packages/airflow/example_dags/tutorial_dag.py
[2022-10-02T20:50:11.200+0000] {logging_mixin.py:117} INFO - [2022-10-02T20:50:11.200+0000] {dag.py:2573} INFO - Sync 1 DAGs
[2022-10-02T20:50:11.238+0000] {logging_mixin.py:117} INFO - [2022-10-02T20:50:11.238+0000] {dag.py:3328} INFO - Setting next_dagrun for tutorial_dag to None, run_after=None
[2022-10-02T20:50:11.276+0000] {processor.py:178} INFO - Processing /home/airflow/.local/lib/python3.7/site-packages/airflow/example_dags/tutorial_dag.py took 0.142 seconds
[2022-10-02T20:50:41.513+0000] {processor.py:156} INFO - Started process (PID=101) to work on /home/airflow/.local/lib/python3.7/site-packages/airflow/example_dags/tutorial_dag.py
[2022-10-02T20:50:41.515+0000] {processor.py:758} INFO - Processing file /home/airflow/.local/lib/python3.7/site-packages/airflow/example_dags/tutorial_dag.py for tasks to queue
[2022-10-02T20:50:41.517+0000] {logging_mixin.py:117} INFO - [2022-10-02T20:50:41.517+0000] {dagbag.py:525} INFO - Filling up the DagBag from /home/airflow/.local/lib/python3.7/site-packages/airflow/example_dags/tutorial_dag.py
[2022-10-02T20:50:41.544+0000] {processor.py:768} INFO - DAG(s) dict_keys(['tutorial_dag']) retrieved from /home/airflow/.local/lib/python3.7/site-packages/airflow/example_dags/tutorial_dag.py
[2022-10-02T20:50:41.592+0000] {logging_mixin.py:117} INFO - [2022-10-02T20:50:41.592+0000] {dag.py:2573} INFO - Sync 1 DAGs
[2022-10-02T20:50:41.622+0000] {logging_mixin.py:117} INFO - [2022-10-02T20:50:41.621+0000] {dag.py:3328} INFO - Setting next_dagrun for tutorial_dag to None, run_after=None
[2022-10-02T20:50:41.635+0000] {processor.py:178} INFO - Processing /home/airflow/.local/lib/python3.7/site-packages/airflow/example_dags/tutorial_dag.py took 0.130 seconds
[2022-10-02T20:51:12.504+0000] {processor.py:156} INFO - Started process (PID=166) to work on /home/airflow/.local/lib/python3.7/site-packages/airflow/example_dags/tutorial_dag.py
[2022-10-02T20:51:12.508+0000] {processor.py:758} INFO - Processing file /home/airflow/.local/lib/python3.7/site-packages/airflow/example_dags/tutorial_dag.py for tasks to queue
[2022-10-02T20:51:12.512+0000] {logging_mixin.py:117} INFO - [2022-10-02T20:51:12.511+0000] {dagbag.py:525} INFO - Filling up the DagBag from /home/airflow/.local/lib/python3.7/site-packages/airflow/example_dags/tutorial_dag.py
[2022-10-02T20:51:12.529+0000] {processor.py:768} INFO - DAG(s) dict_keys(['tutorial_dag']) retrieved from /home/airflow/.local/lib/python3.7/site-packages/airflow/example_dags/tutorial_dag.py
[2022-10-02T20:51:12.568+0000] {logging_mixin.py:117} INFO - [2022-10-02T20:51:12.568+0000] {dag.py:2573} INFO - Sync 1 DAGs
[2022-10-02T20:51:12.586+0000] {logging_mixin.py:117} INFO - [2022-10-02T20:51:12.586+0000] {dag.py:3328} INFO - Setting next_dagrun for tutorial_dag to None, run_after=None
[2022-10-02T20:51:12.614+0000] {processor.py:178} INFO - Processing /home/airflow/.local/lib/python3.7/site-packages/airflow/example_dags/tutorial_dag.py took 0.113 seconds
[2022-10-02T20:51:43.349+0000] {processor.py:156} INFO - Started process (PID=227) to work on /home/airflow/.local/lib/python3.7/site-packages/airflow/example_dags/tutorial_dag.py
[2022-10-02T20:51:43.351+0000] {processor.py:758} INFO - Processing file /home/airflow/.local/lib/python3.7/site-packages/airflow/example_dags/tutorial_dag.py for tasks to queue
[2022-10-02T20:51:43.353+0000] {logging_mixin.py:117} INFO - [2022-10-02T20:51:43.353+0000] {dagbag.py:525} INFO - Filling up the DagBag from /home/airflow/.local/lib/python3.7/site-packages/airflow/example_dags/tutorial_dag.py
[2022-10-02T20:51:43.364+0000] {processor.py:768} INFO - DAG(s) dict_keys(['tutorial_dag']) retrieved from /home/airflow/.local/lib/python3.7/site-packages/airflow/example_dags/tutorial_dag.py
[2022-10-02T20:51:43.390+0000] {logging_mixin.py:117} INFO - [2022-10-02T20:51:43.390+0000] {dag.py:2573} INFO - Sync 1 DAGs
[2022-10-02T20:51:43.419+0000] {logging_mixin.py:117} INFO - [2022-10-02T20:51:43.419+0000] {dag.py:3328} INFO - Setting next_dagrun for tutorial_dag to None, run_after=None
[2022-10-02T20:51:43.442+0000] {processor.py:178} INFO - Processing /home/airflow/.local/lib/python3.7/site-packages/airflow/example_dags/tutorial_dag.py took 0.102 seconds
[2022-10-02T20:52:13.753+0000] {processor.py:156} INFO - Started process (PID=282) to work on /home/airflow/.local/lib/python3.7/site-packages/airflow/example_dags/tutorial_dag.py
[2022-10-02T20:52:13.755+0000] {processor.py:758} INFO - Processing file /home/airflow/.local/lib/python3.7/site-packages/airflow/example_dags/tutorial_dag.py for tasks to queue
[2022-10-02T20:52:13.756+0000] {logging_mixin.py:117} INFO - [2022-10-02T20:52:13.756+0000] {dagbag.py:525} INFO - Filling up the DagBag from /home/airflow/.local/lib/python3.7/site-packages/airflow/example_dags/tutorial_dag.py
[2022-10-02T20:52:13.770+0000] {processor.py:768} INFO - DAG(s) dict_keys(['tutorial_dag']) retrieved from /home/airflow/.local/lib/python3.7/site-packages/airflow/example_dags/tutorial_dag.py
[2022-10-02T20:52:13.811+0000] {logging_mixin.py:117} INFO - [2022-10-02T20:52:13.810+0000] {dag.py:2573} INFO - Sync 1 DAGs
[2022-10-02T20:52:13.834+0000] {logging_mixin.py:117} INFO - [2022-10-02T20:52:13.834+0000] {dag.py:3328} INFO - Setting next_dagrun for tutorial_dag to None, run_after=None
[2022-10-02T20:52:13.850+0000] {processor.py:178} INFO - Processing /home/airflow/.local/lib/python3.7/site-packages/airflow/example_dags/tutorial_dag.py took 0.101 seconds
[2022-10-02T20:52:44.294+0000] {processor.py:156} INFO - Started process (PID=344) to work on /home/airflow/.local/lib/python3.7/site-packages/airflow/example_dags/tutorial_dag.py
[2022-10-02T20:52:44.296+0000] {processor.py:758} INFO - Processing file /home/airflow/.local/lib/python3.7/site-packages/airflow/example_dags/tutorial_dag.py for tasks to queue
[2022-10-02T20:52:44.297+0000] {logging_mixin.py:117} INFO - [2022-10-02T20:52:44.297+0000] {dagbag.py:525} INFO - Filling up the DagBag from /home/airflow/.local/lib/python3.7/site-packages/airflow/example_dags/tutorial_dag.py
[2022-10-02T20:52:44.306+0000] {processor.py:768} INFO - DAG(s) dict_keys(['tutorial_dag']) retrieved from /home/airflow/.local/lib/python3.7/site-packages/airflow/example_dags/tutorial_dag.py
[2022-10-02T20:52:44.335+0000] {logging_mixin.py:117} INFO - [2022-10-02T20:52:44.335+0000] {dag.py:2573} INFO - Sync 1 DAGs
[2022-10-02T20:52:44.350+0000] {logging_mixin.py:117} INFO - [2022-10-02T20:52:44.350+0000] {dag.py:3328} INFO - Setting next_dagrun for tutorial_dag to None, run_after=None
[2022-10-02T20:52:44.364+0000] {processor.py:178} INFO - Processing /home/airflow/.local/lib/python3.7/site-packages/airflow/example_dags/tutorial_dag.py took 0.072 seconds
[2022-10-02T20:54:18.597+0000] {processor.py:156} INFO - Started process (PID=38) to work on /home/airflow/.local/lib/python3.7/site-packages/airflow/example_dags/tutorial_dag.py
[2022-10-02T20:54:18.599+0000] {processor.py:758} INFO - Processing file /home/airflow/.local/lib/python3.7/site-packages/airflow/example_dags/tutorial_dag.py for tasks to queue
[2022-10-02T20:54:18.601+0000] {logging_mixin.py:117} INFO - [2022-10-02T20:54:18.601+0000] {dagbag.py:525} INFO - Filling up the DagBag from /home/airflow/.local/lib/python3.7/site-packages/airflow/example_dags/tutorial_dag.py
[2022-10-02T20:54:18.616+0000] {processor.py:768} INFO - DAG(s) dict_keys(['tutorial_dag']) retrieved from /home/airflow/.local/lib/python3.7/site-packages/airflow/example_dags/tutorial_dag.py
[2022-10-02T20:54:18.639+0000] {logging_mixin.py:117} INFO - [2022-10-02T20:54:18.639+0000] {dag.py:2573} INFO - Sync 1 DAGs
[2022-10-02T20:54:18.699+0000] {logging_mixin.py:117} INFO - [2022-10-02T20:54:18.699+0000] {dag.py:3328} INFO - Setting next_dagrun for tutorial_dag to None, run_after=None
[2022-10-02T20:54:18.718+0000] {processor.py:178} INFO - Processing /home/airflow/.local/lib/python3.7/site-packages/airflow/example_dags/tutorial_dag.py took 0.124 seconds
[2022-10-02T20:54:49.005+0000] {processor.py:156} INFO - Started process (PID=101) to work on /home/airflow/.local/lib/python3.7/site-packages/airflow/example_dags/tutorial_dag.py
[2022-10-02T20:54:49.006+0000] {processor.py:758} INFO - Processing file /home/airflow/.local/lib/python3.7/site-packages/airflow/example_dags/tutorial_dag.py for tasks to queue
[2022-10-02T20:54:49.008+0000] {logging_mixin.py:117} INFO - [2022-10-02T20:54:49.008+0000] {dagbag.py:525} INFO - Filling up the DagBag from /home/airflow/.local/lib/python3.7/site-packages/airflow/example_dags/tutorial_dag.py
[2022-10-02T20:54:49.017+0000] {processor.py:768} INFO - DAG(s) dict_keys(['tutorial_dag']) retrieved from /home/airflow/.local/lib/python3.7/site-packages/airflow/example_dags/tutorial_dag.py
[2022-10-02T20:54:49.043+0000] {logging_mixin.py:117} INFO - [2022-10-02T20:54:49.043+0000] {dag.py:2573} INFO - Sync 1 DAGs
[2022-10-02T20:54:49.058+0000] {logging_mixin.py:117} INFO - [2022-10-02T20:54:49.058+0000] {dag.py:3328} INFO - Setting next_dagrun for tutorial_dag to None, run_after=None
[2022-10-02T20:54:49.071+0000] {processor.py:178} INFO - Processing /home/airflow/.local/lib/python3.7/site-packages/airflow/example_dags/tutorial_dag.py took 0.069 seconds
[2022-10-02T20:56:36.521+0000] {processor.py:156} INFO - Started process (PID=39) to work on /home/airflow/.local/lib/python3.7/site-packages/airflow/example_dags/tutorial_dag.py
[2022-10-02T20:56:36.538+0000] {processor.py:758} INFO - Processing file /home/airflow/.local/lib/python3.7/site-packages/airflow/example_dags/tutorial_dag.py for tasks to queue
[2022-10-02T20:56:36.548+0000] {logging_mixin.py:117} INFO - [2022-10-02T20:56:36.547+0000] {dagbag.py:525} INFO - Filling up the DagBag from /home/airflow/.local/lib/python3.7/site-packages/airflow/example_dags/tutorial_dag.py
[2022-10-02T20:56:36.601+0000] {processor.py:768} INFO - DAG(s) dict_keys(['tutorial_dag']) retrieved from /home/airflow/.local/lib/python3.7/site-packages/airflow/example_dags/tutorial_dag.py
[2022-10-02T20:56:36.645+0000] {logging_mixin.py:117} INFO - [2022-10-02T20:56:36.645+0000] {dag.py:2573} INFO - Sync 1 DAGs
[2022-10-02T20:56:36.684+0000] {logging_mixin.py:117} INFO - [2022-10-02T20:56:36.683+0000] {dag.py:3328} INFO - Setting next_dagrun for tutorial_dag to None, run_after=None
[2022-10-02T20:56:36.710+0000] {processor.py:178} INFO - Processing /home/airflow/.local/lib/python3.7/site-packages/airflow/example_dags/tutorial_dag.py took 0.195 seconds
[2022-10-02T20:57:07.234+0000] {processor.py:156} INFO - Started process (PID=102) to work on /home/airflow/.local/lib/python3.7/site-packages/airflow/example_dags/tutorial_dag.py
[2022-10-02T20:57:07.236+0000] {processor.py:758} INFO - Processing file /home/airflow/.local/lib/python3.7/site-packages/airflow/example_dags/tutorial_dag.py for tasks to queue
[2022-10-02T20:57:07.238+0000] {logging_mixin.py:117} INFO - [2022-10-02T20:57:07.238+0000] {dagbag.py:525} INFO - Filling up the DagBag from /home/airflow/.local/lib/python3.7/site-packages/airflow/example_dags/tutorial_dag.py
[2022-10-02T20:57:07.255+0000] {processor.py:768} INFO - DAG(s) dict_keys(['tutorial_dag']) retrieved from /home/airflow/.local/lib/python3.7/site-packages/airflow/example_dags/tutorial_dag.py
[2022-10-02T20:57:07.290+0000] {logging_mixin.py:117} INFO - [2022-10-02T20:57:07.290+0000] {dag.py:2573} INFO - Sync 1 DAGs
[2022-10-02T20:57:07.307+0000] {logging_mixin.py:117} INFO - [2022-10-02T20:57:07.307+0000] {dag.py:3328} INFO - Setting next_dagrun for tutorial_dag to None, run_after=None
[2022-10-02T20:57:07.324+0000] {processor.py:178} INFO - Processing /home/airflow/.local/lib/python3.7/site-packages/airflow/example_dags/tutorial_dag.py took 0.092 seconds
[2022-10-02T20:57:38.096+0000] {processor.py:156} INFO - Started process (PID=166) to work on /home/airflow/.local/lib/python3.7/site-packages/airflow/example_dags/tutorial_dag.py
[2022-10-02T20:57:38.099+0000] {processor.py:758} INFO - Processing file /home/airflow/.local/lib/python3.7/site-packages/airflow/example_dags/tutorial_dag.py for tasks to queue
[2022-10-02T20:57:38.101+0000] {logging_mixin.py:117} INFO - [2022-10-02T20:57:38.101+0000] {dagbag.py:525} INFO - Filling up the DagBag from /home/airflow/.local/lib/python3.7/site-packages/airflow/example_dags/tutorial_dag.py
[2022-10-02T20:57:38.119+0000] {processor.py:768} INFO - DAG(s) dict_keys(['tutorial_dag']) retrieved from /home/airflow/.local/lib/python3.7/site-packages/airflow/example_dags/tutorial_dag.py
[2022-10-02T20:57:38.163+0000] {logging_mixin.py:117} INFO - [2022-10-02T20:57:38.163+0000] {dag.py:2573} INFO - Sync 1 DAGs
[2022-10-02T20:57:38.186+0000] {logging_mixin.py:117} INFO - [2022-10-02T20:57:38.186+0000] {dag.py:3328} INFO - Setting next_dagrun for tutorial_dag to None, run_after=None
[2022-10-02T20:57:38.208+0000] {processor.py:178} INFO - Processing /home/airflow/.local/lib/python3.7/site-packages/airflow/example_dags/tutorial_dag.py took 0.116 seconds
[2022-10-02T20:58:08.778+0000] {processor.py:156} INFO - Started process (PID=228) to work on /home/airflow/.local/lib/python3.7/site-packages/airflow/example_dags/tutorial_dag.py
[2022-10-02T20:58:08.780+0000] {processor.py:758} INFO - Processing file /home/airflow/.local/lib/python3.7/site-packages/airflow/example_dags/tutorial_dag.py for tasks to queue
[2022-10-02T20:58:08.782+0000] {logging_mixin.py:117} INFO - [2022-10-02T20:58:08.781+0000] {dagbag.py:525} INFO - Filling up the DagBag from /home/airflow/.local/lib/python3.7/site-packages/airflow/example_dags/tutorial_dag.py
[2022-10-02T20:58:08.795+0000] {processor.py:768} INFO - DAG(s) dict_keys(['tutorial_dag']) retrieved from /home/airflow/.local/lib/python3.7/site-packages/airflow/example_dags/tutorial_dag.py
[2022-10-02T20:58:08.827+0000] {logging_mixin.py:117} INFO - [2022-10-02T20:58:08.827+0000] {dag.py:2573} INFO - Sync 1 DAGs
[2022-10-02T20:58:08.845+0000] {logging_mixin.py:117} INFO - [2022-10-02T20:58:08.845+0000] {dag.py:3328} INFO - Setting next_dagrun for tutorial_dag to None, run_after=None
[2022-10-02T20:58:08.858+0000] {processor.py:178} INFO - Processing /home/airflow/.local/lib/python3.7/site-packages/airflow/example_dags/tutorial_dag.py took 0.082 seconds
[2022-10-02T20:58:39.054+0000] {processor.py:156} INFO - Started process (PID=290) to work on /home/airflow/.local/lib/python3.7/site-packages/airflow/example_dags/tutorial_dag.py
[2022-10-02T20:58:39.059+0000] {processor.py:758} INFO - Processing file /home/airflow/.local/lib/python3.7/site-packages/airflow/example_dags/tutorial_dag.py for tasks to queue
[2022-10-02T20:58:39.062+0000] {logging_mixin.py:117} INFO - [2022-10-02T20:58:39.061+0000] {dagbag.py:525} INFO - Filling up the DagBag from /home/airflow/.local/lib/python3.7/site-packages/airflow/example_dags/tutorial_dag.py
[2022-10-02T20:58:39.076+0000] {processor.py:768} INFO - DAG(s) dict_keys(['tutorial_dag']) retrieved from /home/airflow/.local/lib/python3.7/site-packages/airflow/example_dags/tutorial_dag.py
[2022-10-02T20:58:39.143+0000] {logging_mixin.py:117} INFO - [2022-10-02T20:58:39.143+0000] {dag.py:2573} INFO - Sync 1 DAGs
[2022-10-02T20:58:39.182+0000] {logging_mixin.py:117} INFO - [2022-10-02T20:58:39.182+0000] {dag.py:3328} INFO - Setting next_dagrun for tutorial_dag to None, run_after=None
[2022-10-02T20:58:39.198+0000] {processor.py:178} INFO - Processing /home/airflow/.local/lib/python3.7/site-packages/airflow/example_dags/tutorial_dag.py took 0.146 seconds
[2022-10-02T20:59:09.539+0000] {processor.py:156} INFO - Started process (PID=346) to work on /home/airflow/.local/lib/python3.7/site-packages/airflow/example_dags/tutorial_dag.py
[2022-10-02T20:59:09.546+0000] {processor.py:758} INFO - Processing file /home/airflow/.local/lib/python3.7/site-packages/airflow/example_dags/tutorial_dag.py for tasks to queue
[2022-10-02T20:59:09.549+0000] {logging_mixin.py:117} INFO - [2022-10-02T20:59:09.549+0000] {dagbag.py:525} INFO - Filling up the DagBag from /home/airflow/.local/lib/python3.7/site-packages/airflow/example_dags/tutorial_dag.py
[2022-10-02T20:59:09.566+0000] {processor.py:768} INFO - DAG(s) dict_keys(['tutorial_dag']) retrieved from /home/airflow/.local/lib/python3.7/site-packages/airflow/example_dags/tutorial_dag.py
[2022-10-02T20:59:09.592+0000] {logging_mixin.py:117} INFO - [2022-10-02T20:59:09.592+0000] {dag.py:2573} INFO - Sync 1 DAGs
[2022-10-02T20:59:09.607+0000] {logging_mixin.py:117} INFO - [2022-10-02T20:59:09.607+0000] {dag.py:3328} INFO - Setting next_dagrun for tutorial_dag to None, run_after=None
[2022-10-02T20:59:09.619+0000] {processor.py:178} INFO - Processing /home/airflow/.local/lib/python3.7/site-packages/airflow/example_dags/tutorial_dag.py took 0.083 seconds
[2022-10-02T20:59:40.043+0000] {processor.py:156} INFO - Started process (PID=408) to work on /home/airflow/.local/lib/python3.7/site-packages/airflow/example_dags/tutorial_dag.py
[2022-10-02T20:59:40.045+0000] {processor.py:758} INFO - Processing file /home/airflow/.local/lib/python3.7/site-packages/airflow/example_dags/tutorial_dag.py for tasks to queue
[2022-10-02T20:59:40.046+0000] {logging_mixin.py:117} INFO - [2022-10-02T20:59:40.046+0000] {dagbag.py:525} INFO - Filling up the DagBag from /home/airflow/.local/lib/python3.7/site-packages/airflow/example_dags/tutorial_dag.py
[2022-10-02T20:59:40.056+0000] {processor.py:768} INFO - DAG(s) dict_keys(['tutorial_dag']) retrieved from /home/airflow/.local/lib/python3.7/site-packages/airflow/example_dags/tutorial_dag.py
[2022-10-02T20:59:40.081+0000] {logging_mixin.py:117} INFO - [2022-10-02T20:59:40.081+0000] {dag.py:2573} INFO - Sync 1 DAGs
[2022-10-02T20:59:40.097+0000] {logging_mixin.py:117} INFO - [2022-10-02T20:59:40.097+0000] {dag.py:3328} INFO - Setting next_dagrun for tutorial_dag to None, run_after=None
[2022-10-02T20:59:40.109+0000] {processor.py:178} INFO - Processing /home/airflow/.local/lib/python3.7/site-packages/airflow/example_dags/tutorial_dag.py took 0.068 seconds
[2022-10-02T21:00:11.202+0000] {processor.py:156} INFO - Started process (PID=471) to work on /home/airflow/.local/lib/python3.7/site-packages/airflow/example_dags/tutorial_dag.py
[2022-10-02T21:00:11.204+0000] {processor.py:758} INFO - Processing file /home/airflow/.local/lib/python3.7/site-packages/airflow/example_dags/tutorial_dag.py for tasks to queue
[2022-10-02T21:00:11.205+0000] {logging_mixin.py:117} INFO - [2022-10-02T21:00:11.205+0000] {dagbag.py:525} INFO - Filling up the DagBag from /home/airflow/.local/lib/python3.7/site-packages/airflow/example_dags/tutorial_dag.py
[2022-10-02T21:00:11.216+0000] {processor.py:768} INFO - DAG(s) dict_keys(['tutorial_dag']) retrieved from /home/airflow/.local/lib/python3.7/site-packages/airflow/example_dags/tutorial_dag.py
[2022-10-02T21:00:11.242+0000] {logging_mixin.py:117} INFO - [2022-10-02T21:00:11.242+0000] {dag.py:2573} INFO - Sync 1 DAGs
[2022-10-02T21:00:11.258+0000] {logging_mixin.py:117} INFO - [2022-10-02T21:00:11.258+0000] {dag.py:3328} INFO - Setting next_dagrun for tutorial_dag to None, run_after=None
[2022-10-02T21:00:11.271+0000] {processor.py:178} INFO - Processing /home/airflow/.local/lib/python3.7/site-packages/airflow/example_dags/tutorial_dag.py took 0.070 seconds
[2022-10-02T21:00:41.320+0000] {processor.py:156} INFO - Started process (PID=534) to work on /home/airflow/.local/lib/python3.7/site-packages/airflow/example_dags/tutorial_dag.py
[2022-10-02T21:00:41.321+0000] {processor.py:758} INFO - Processing file /home/airflow/.local/lib/python3.7/site-packages/airflow/example_dags/tutorial_dag.py for tasks to queue
[2022-10-02T21:00:41.323+0000] {logging_mixin.py:117} INFO - [2022-10-02T21:00:41.322+0000] {dagbag.py:525} INFO - Filling up the DagBag from /home/airflow/.local/lib/python3.7/site-packages/airflow/example_dags/tutorial_dag.py
[2022-10-02T21:00:41.333+0000] {processor.py:768} INFO - DAG(s) dict_keys(['tutorial_dag']) retrieved from /home/airflow/.local/lib/python3.7/site-packages/airflow/example_dags/tutorial_dag.py
[2022-10-02T21:00:41.361+0000] {logging_mixin.py:117} INFO - [2022-10-02T21:00:41.361+0000] {dag.py:2573} INFO - Sync 1 DAGs
[2022-10-02T21:00:41.377+0000] {logging_mixin.py:117} INFO - [2022-10-02T21:00:41.377+0000] {dag.py:3328} INFO - Setting next_dagrun for tutorial_dag to None, run_after=None
[2022-10-02T21:00:41.389+0000] {processor.py:178} INFO - Processing /home/airflow/.local/lib/python3.7/site-packages/airflow/example_dags/tutorial_dag.py took 0.071 seconds
[2022-10-02T21:01:12.368+0000] {processor.py:156} INFO - Started process (PID=597) to work on /home/airflow/.local/lib/python3.7/site-packages/airflow/example_dags/tutorial_dag.py
[2022-10-02T21:01:12.369+0000] {processor.py:758} INFO - Processing file /home/airflow/.local/lib/python3.7/site-packages/airflow/example_dags/tutorial_dag.py for tasks to queue
[2022-10-02T21:01:12.370+0000] {logging_mixin.py:117} INFO - [2022-10-02T21:01:12.370+0000] {dagbag.py:525} INFO - Filling up the DagBag from /home/airflow/.local/lib/python3.7/site-packages/airflow/example_dags/tutorial_dag.py
[2022-10-02T21:01:12.381+0000] {processor.py:768} INFO - DAG(s) dict_keys(['tutorial_dag']) retrieved from /home/airflow/.local/lib/python3.7/site-packages/airflow/example_dags/tutorial_dag.py
[2022-10-02T21:01:12.410+0000] {logging_mixin.py:117} INFO - [2022-10-02T21:01:12.410+0000] {dag.py:2573} INFO - Sync 1 DAGs
[2022-10-02T21:01:12.427+0000] {logging_mixin.py:117} INFO - [2022-10-02T21:01:12.426+0000] {dag.py:3328} INFO - Setting next_dagrun for tutorial_dag to None, run_after=None
[2022-10-02T21:01:12.439+0000] {processor.py:178} INFO - Processing /home/airflow/.local/lib/python3.7/site-packages/airflow/example_dags/tutorial_dag.py took 0.073 seconds
[2022-10-02T21:01:42.818+0000] {processor.py:156} INFO - Started process (PID=659) to work on /home/airflow/.local/lib/python3.7/site-packages/airflow/example_dags/tutorial_dag.py
[2022-10-02T21:01:42.820+0000] {processor.py:758} INFO - Processing file /home/airflow/.local/lib/python3.7/site-packages/airflow/example_dags/tutorial_dag.py for tasks to queue
[2022-10-02T21:01:42.822+0000] {logging_mixin.py:117} INFO - [2022-10-02T21:01:42.822+0000] {dagbag.py:525} INFO - Filling up the DagBag from /home/airflow/.local/lib/python3.7/site-packages/airflow/example_dags/tutorial_dag.py
[2022-10-02T21:01:42.836+0000] {processor.py:768} INFO - DAG(s) dict_keys(['tutorial_dag']) retrieved from /home/airflow/.local/lib/python3.7/site-packages/airflow/example_dags/tutorial_dag.py
[2022-10-02T21:01:42.877+0000] {logging_mixin.py:117} INFO - [2022-10-02T21:01:42.877+0000] {dag.py:2573} INFO - Sync 1 DAGs
[2022-10-02T21:01:42.915+0000] {logging_mixin.py:117} INFO - [2022-10-02T21:01:42.915+0000] {dag.py:3328} INFO - Setting next_dagrun for tutorial_dag to None, run_after=None
[2022-10-02T21:01:42.967+0000] {processor.py:178} INFO - Processing /home/airflow/.local/lib/python3.7/site-packages/airflow/example_dags/tutorial_dag.py took 0.151 seconds
[2022-10-02T21:02:13.656+0000] {processor.py:156} INFO - Started process (PID=713) to work on /home/airflow/.local/lib/python3.7/site-packages/airflow/example_dags/tutorial_dag.py
[2022-10-02T21:02:13.658+0000] {processor.py:758} INFO - Processing file /home/airflow/.local/lib/python3.7/site-packages/airflow/example_dags/tutorial_dag.py for tasks to queue
[2022-10-02T21:02:13.659+0000] {logging_mixin.py:117} INFO - [2022-10-02T21:02:13.659+0000] {dagbag.py:525} INFO - Filling up the DagBag from /home/airflow/.local/lib/python3.7/site-packages/airflow/example_dags/tutorial_dag.py
[2022-10-02T21:02:13.669+0000] {processor.py:768} INFO - DAG(s) dict_keys(['tutorial_dag']) retrieved from /home/airflow/.local/lib/python3.7/site-packages/airflow/example_dags/tutorial_dag.py
[2022-10-02T21:02:13.696+0000] {logging_mixin.py:117} INFO - [2022-10-02T21:02:13.696+0000] {dag.py:2573} INFO - Sync 1 DAGs
[2022-10-02T21:02:13.714+0000] {logging_mixin.py:117} INFO - [2022-10-02T21:02:13.713+0000] {dag.py:3328} INFO - Setting next_dagrun for tutorial_dag to None, run_after=None
[2022-10-02T21:02:13.727+0000] {processor.py:178} INFO - Processing /home/airflow/.local/lib/python3.7/site-packages/airflow/example_dags/tutorial_dag.py took 0.073 seconds
[2022-10-02T21:02:44.045+0000] {processor.py:156} INFO - Started process (PID=776) to work on /home/airflow/.local/lib/python3.7/site-packages/airflow/example_dags/tutorial_dag.py
[2022-10-02T21:02:44.049+0000] {processor.py:758} INFO - Processing file /home/airflow/.local/lib/python3.7/site-packages/airflow/example_dags/tutorial_dag.py for tasks to queue
[2022-10-02T21:02:44.052+0000] {logging_mixin.py:117} INFO - [2022-10-02T21:02:44.052+0000] {dagbag.py:525} INFO - Filling up the DagBag from /home/airflow/.local/lib/python3.7/site-packages/airflow/example_dags/tutorial_dag.py
[2022-10-02T21:02:44.081+0000] {processor.py:768} INFO - DAG(s) dict_keys(['tutorial_dag']) retrieved from /home/airflow/.local/lib/python3.7/site-packages/airflow/example_dags/tutorial_dag.py
[2022-10-02T21:02:44.133+0000] {logging_mixin.py:117} INFO - [2022-10-02T21:02:44.133+0000] {dag.py:2573} INFO - Sync 1 DAGs
[2022-10-02T21:02:44.164+0000] {logging_mixin.py:117} INFO - [2022-10-02T21:02:44.164+0000] {dag.py:3328} INFO - Setting next_dagrun for tutorial_dag to None, run_after=None
[2022-10-02T21:02:44.189+0000] {processor.py:178} INFO - Processing /home/airflow/.local/lib/python3.7/site-packages/airflow/example_dags/tutorial_dag.py took 0.149 seconds
[2022-10-02T21:03:14.307+0000] {processor.py:156} INFO - Started process (PID=840) to work on /home/airflow/.local/lib/python3.7/site-packages/airflow/example_dags/tutorial_dag.py
[2022-10-02T21:03:14.308+0000] {processor.py:758} INFO - Processing file /home/airflow/.local/lib/python3.7/site-packages/airflow/example_dags/tutorial_dag.py for tasks to queue
[2022-10-02T21:03:14.310+0000] {logging_mixin.py:117} INFO - [2022-10-02T21:03:14.310+0000] {dagbag.py:525} INFO - Filling up the DagBag from /home/airflow/.local/lib/python3.7/site-packages/airflow/example_dags/tutorial_dag.py
[2022-10-02T21:03:14.320+0000] {processor.py:768} INFO - DAG(s) dict_keys(['tutorial_dag']) retrieved from /home/airflow/.local/lib/python3.7/site-packages/airflow/example_dags/tutorial_dag.py
[2022-10-02T21:03:14.349+0000] {logging_mixin.py:117} INFO - [2022-10-02T21:03:14.349+0000] {dag.py:2573} INFO - Sync 1 DAGs
[2022-10-02T21:03:14.376+0000] {logging_mixin.py:117} INFO - [2022-10-02T21:03:14.375+0000] {dag.py:3328} INFO - Setting next_dagrun for tutorial_dag to None, run_after=None
[2022-10-02T21:03:14.410+0000] {processor.py:178} INFO - Processing /home/airflow/.local/lib/python3.7/site-packages/airflow/example_dags/tutorial_dag.py took 0.106 seconds
[2022-10-02T21:03:45.005+0000] {processor.py:156} INFO - Started process (PID=902) to work on /home/airflow/.local/lib/python3.7/site-packages/airflow/example_dags/tutorial_dag.py
[2022-10-02T21:03:45.007+0000] {processor.py:758} INFO - Processing file /home/airflow/.local/lib/python3.7/site-packages/airflow/example_dags/tutorial_dag.py for tasks to queue
[2022-10-02T21:03:45.009+0000] {logging_mixin.py:117} INFO - [2022-10-02T21:03:45.009+0000] {dagbag.py:525} INFO - Filling up the DagBag from /home/airflow/.local/lib/python3.7/site-packages/airflow/example_dags/tutorial_dag.py
[2022-10-02T21:03:45.019+0000] {processor.py:768} INFO - DAG(s) dict_keys(['tutorial_dag']) retrieved from /home/airflow/.local/lib/python3.7/site-packages/airflow/example_dags/tutorial_dag.py
[2022-10-02T21:03:45.046+0000] {logging_mixin.py:117} INFO - [2022-10-02T21:03:45.046+0000] {dag.py:2573} INFO - Sync 1 DAGs
[2022-10-02T21:03:45.065+0000] {logging_mixin.py:117} INFO - [2022-10-02T21:03:45.065+0000] {dag.py:3328} INFO - Setting next_dagrun for tutorial_dag to None, run_after=None
[2022-10-02T21:03:45.080+0000] {processor.py:178} INFO - Processing /home/airflow/.local/lib/python3.7/site-packages/airflow/example_dags/tutorial_dag.py took 0.078 seconds
[2022-10-02T21:04:15.603+0000] {processor.py:156} INFO - Started process (PID=955) to work on /home/airflow/.local/lib/python3.7/site-packages/airflow/example_dags/tutorial_dag.py
[2022-10-02T21:04:15.605+0000] {processor.py:758} INFO - Processing file /home/airflow/.local/lib/python3.7/site-packages/airflow/example_dags/tutorial_dag.py for tasks to queue
[2022-10-02T21:04:15.608+0000] {logging_mixin.py:117} INFO - [2022-10-02T21:04:15.608+0000] {dagbag.py:525} INFO - Filling up the DagBag from /home/airflow/.local/lib/python3.7/site-packages/airflow/example_dags/tutorial_dag.py
[2022-10-02T21:04:15.622+0000] {processor.py:768} INFO - DAG(s) dict_keys(['tutorial_dag']) retrieved from /home/airflow/.local/lib/python3.7/site-packages/airflow/example_dags/tutorial_dag.py
[2022-10-02T21:04:15.665+0000] {logging_mixin.py:117} INFO - [2022-10-02T21:04:15.665+0000] {dag.py:2573} INFO - Sync 1 DAGs
[2022-10-02T21:04:15.688+0000] {logging_mixin.py:117} INFO - [2022-10-02T21:04:15.688+0000] {dag.py:3328} INFO - Setting next_dagrun for tutorial_dag to None, run_after=None
[2022-10-02T21:04:15.720+0000] {processor.py:178} INFO - Processing /home/airflow/.local/lib/python3.7/site-packages/airflow/example_dags/tutorial_dag.py took 0.119 seconds
[2022-10-02T21:05:08.651+0000] {processor.py:156} INFO - Started process (PID=39) to work on /home/airflow/.local/lib/python3.7/site-packages/airflow/example_dags/tutorial_dag.py
[2022-10-02T21:05:08.653+0000] {processor.py:758} INFO - Processing file /home/airflow/.local/lib/python3.7/site-packages/airflow/example_dags/tutorial_dag.py for tasks to queue
[2022-10-02T21:05:08.655+0000] {logging_mixin.py:117} INFO - [2022-10-02T21:05:08.655+0000] {dagbag.py:525} INFO - Filling up the DagBag from /home/airflow/.local/lib/python3.7/site-packages/airflow/example_dags/tutorial_dag.py
[2022-10-02T21:05:08.671+0000] {processor.py:768} INFO - DAG(s) dict_keys(['tutorial_dag']) retrieved from /home/airflow/.local/lib/python3.7/site-packages/airflow/example_dags/tutorial_dag.py
[2022-10-02T21:05:08.698+0000] {logging_mixin.py:117} INFO - [2022-10-02T21:05:08.698+0000] {dag.py:2573} INFO - Sync 1 DAGs
[2022-10-02T21:05:08.741+0000] {logging_mixin.py:117} INFO - [2022-10-02T21:05:08.741+0000] {dag.py:3328} INFO - Setting next_dagrun for tutorial_dag to None, run_after=None
[2022-10-02T21:05:08.759+0000] {processor.py:178} INFO - Processing /home/airflow/.local/lib/python3.7/site-packages/airflow/example_dags/tutorial_dag.py took 0.113 seconds
[2022-10-02T21:05:39.566+0000] {processor.py:156} INFO - Started process (PID=103) to work on /home/airflow/.local/lib/python3.7/site-packages/airflow/example_dags/tutorial_dag.py
[2022-10-02T21:05:39.568+0000] {processor.py:758} INFO - Processing file /home/airflow/.local/lib/python3.7/site-packages/airflow/example_dags/tutorial_dag.py for tasks to queue
[2022-10-02T21:05:39.569+0000] {logging_mixin.py:117} INFO - [2022-10-02T21:05:39.569+0000] {dagbag.py:525} INFO - Filling up the DagBag from /home/airflow/.local/lib/python3.7/site-packages/airflow/example_dags/tutorial_dag.py
[2022-10-02T21:05:39.580+0000] {processor.py:768} INFO - DAG(s) dict_keys(['tutorial_dag']) retrieved from /home/airflow/.local/lib/python3.7/site-packages/airflow/example_dags/tutorial_dag.py
[2022-10-02T21:05:39.606+0000] {logging_mixin.py:117} INFO - [2022-10-02T21:05:39.606+0000] {dag.py:2573} INFO - Sync 1 DAGs
[2022-10-02T21:05:39.622+0000] {logging_mixin.py:117} INFO - [2022-10-02T21:05:39.622+0000] {dag.py:3328} INFO - Setting next_dagrun for tutorial_dag to None, run_after=None
[2022-10-02T21:05:39.636+0000] {processor.py:178} INFO - Processing /home/airflow/.local/lib/python3.7/site-packages/airflow/example_dags/tutorial_dag.py took 0.072 seconds
[2022-10-02T21:06:09.769+0000] {processor.py:156} INFO - Started process (PID=168) to work on /home/airflow/.local/lib/python3.7/site-packages/airflow/example_dags/tutorial_dag.py
[2022-10-02T21:06:09.771+0000] {processor.py:758} INFO - Processing file /home/airflow/.local/lib/python3.7/site-packages/airflow/example_dags/tutorial_dag.py for tasks to queue
[2022-10-02T21:06:09.773+0000] {logging_mixin.py:117} INFO - [2022-10-02T21:06:09.772+0000] {dagbag.py:525} INFO - Filling up the DagBag from /home/airflow/.local/lib/python3.7/site-packages/airflow/example_dags/tutorial_dag.py
[2022-10-02T21:06:09.782+0000] {processor.py:768} INFO - DAG(s) dict_keys(['tutorial_dag']) retrieved from /home/airflow/.local/lib/python3.7/site-packages/airflow/example_dags/tutorial_dag.py
[2022-10-02T21:06:09.810+0000] {logging_mixin.py:117} INFO - [2022-10-02T21:06:09.810+0000] {dag.py:2573} INFO - Sync 1 DAGs
[2022-10-02T21:06:09.825+0000] {logging_mixin.py:117} INFO - [2022-10-02T21:06:09.825+0000] {dag.py:3328} INFO - Setting next_dagrun for tutorial_dag to None, run_after=None
[2022-10-02T21:06:09.840+0000] {processor.py:178} INFO - Processing /home/airflow/.local/lib/python3.7/site-packages/airflow/example_dags/tutorial_dag.py took 0.072 seconds
[2022-10-02T21:06:40.040+0000] {processor.py:156} INFO - Started process (PID=231) to work on /home/airflow/.local/lib/python3.7/site-packages/airflow/example_dags/tutorial_dag.py
[2022-10-02T21:06:40.041+0000] {processor.py:758} INFO - Processing file /home/airflow/.local/lib/python3.7/site-packages/airflow/example_dags/tutorial_dag.py for tasks to queue
[2022-10-02T21:06:40.042+0000] {logging_mixin.py:117} INFO - [2022-10-02T21:06:40.042+0000] {dagbag.py:525} INFO - Filling up the DagBag from /home/airflow/.local/lib/python3.7/site-packages/airflow/example_dags/tutorial_dag.py
[2022-10-02T21:06:40.053+0000] {processor.py:768} INFO - DAG(s) dict_keys(['tutorial_dag']) retrieved from /home/airflow/.local/lib/python3.7/site-packages/airflow/example_dags/tutorial_dag.py
[2022-10-02T21:06:40.089+0000] {logging_mixin.py:117} INFO - [2022-10-02T21:06:40.089+0000] {dag.py:2573} INFO - Sync 1 DAGs
[2022-10-02T21:06:40.106+0000] {logging_mixin.py:117} INFO - [2022-10-02T21:06:40.106+0000] {dag.py:3328} INFO - Setting next_dagrun for tutorial_dag to None, run_after=None
[2022-10-02T21:06:40.119+0000] {processor.py:178} INFO - Processing /home/airflow/.local/lib/python3.7/site-packages/airflow/example_dags/tutorial_dag.py took 0.082 seconds
[2022-10-02T21:07:10.200+0000] {processor.py:156} INFO - Started process (PID=286) to work on /home/airflow/.local/lib/python3.7/site-packages/airflow/example_dags/tutorial_dag.py
[2022-10-02T21:07:10.201+0000] {processor.py:758} INFO - Processing file /home/airflow/.local/lib/python3.7/site-packages/airflow/example_dags/tutorial_dag.py for tasks to queue
[2022-10-02T21:07:10.202+0000] {logging_mixin.py:117} INFO - [2022-10-02T21:07:10.202+0000] {dagbag.py:525} INFO - Filling up the DagBag from /home/airflow/.local/lib/python3.7/site-packages/airflow/example_dags/tutorial_dag.py
[2022-10-02T21:07:10.212+0000] {processor.py:768} INFO - DAG(s) dict_keys(['tutorial_dag']) retrieved from /home/airflow/.local/lib/python3.7/site-packages/airflow/example_dags/tutorial_dag.py
[2022-10-02T21:07:10.237+0000] {logging_mixin.py:117} INFO - [2022-10-02T21:07:10.237+0000] {dag.py:2573} INFO - Sync 1 DAGs
[2022-10-02T21:07:10.253+0000] {logging_mixin.py:117} INFO - [2022-10-02T21:07:10.253+0000] {dag.py:3328} INFO - Setting next_dagrun for tutorial_dag to None, run_after=None
[2022-10-02T21:07:10.267+0000] {processor.py:178} INFO - Processing /home/airflow/.local/lib/python3.7/site-packages/airflow/example_dags/tutorial_dag.py took 0.069 seconds
[2022-10-02T21:07:40.865+0000] {processor.py:156} INFO - Started process (PID=348) to work on /home/airflow/.local/lib/python3.7/site-packages/airflow/example_dags/tutorial_dag.py
[2022-10-02T21:07:40.867+0000] {processor.py:758} INFO - Processing file /home/airflow/.local/lib/python3.7/site-packages/airflow/example_dags/tutorial_dag.py for tasks to queue
[2022-10-02T21:07:40.868+0000] {logging_mixin.py:117} INFO - [2022-10-02T21:07:40.867+0000] {dagbag.py:525} INFO - Filling up the DagBag from /home/airflow/.local/lib/python3.7/site-packages/airflow/example_dags/tutorial_dag.py
[2022-10-02T21:07:40.877+0000] {processor.py:768} INFO - DAG(s) dict_keys(['tutorial_dag']) retrieved from /home/airflow/.local/lib/python3.7/site-packages/airflow/example_dags/tutorial_dag.py
[2022-10-02T21:07:40.905+0000] {logging_mixin.py:117} INFO - [2022-10-02T21:07:40.905+0000] {dag.py:2573} INFO - Sync 1 DAGs
[2022-10-02T21:07:40.922+0000] {logging_mixin.py:117} INFO - [2022-10-02T21:07:40.922+0000] {dag.py:3328} INFO - Setting next_dagrun for tutorial_dag to None, run_after=None
[2022-10-02T21:07:40.938+0000] {processor.py:178} INFO - Processing /home/airflow/.local/lib/python3.7/site-packages/airflow/example_dags/tutorial_dag.py took 0.075 seconds
[2022-10-02T21:08:11.104+0000] {processor.py:156} INFO - Started process (PID=411) to work on /home/airflow/.local/lib/python3.7/site-packages/airflow/example_dags/tutorial_dag.py
[2022-10-02T21:08:11.106+0000] {processor.py:758} INFO - Processing file /home/airflow/.local/lib/python3.7/site-packages/airflow/example_dags/tutorial_dag.py for tasks to queue
[2022-10-02T21:08:11.107+0000] {logging_mixin.py:117} INFO - [2022-10-02T21:08:11.107+0000] {dagbag.py:525} INFO - Filling up the DagBag from /home/airflow/.local/lib/python3.7/site-packages/airflow/example_dags/tutorial_dag.py
[2022-10-02T21:08:11.117+0000] {processor.py:768} INFO - DAG(s) dict_keys(['tutorial_dag']) retrieved from /home/airflow/.local/lib/python3.7/site-packages/airflow/example_dags/tutorial_dag.py
[2022-10-02T21:08:11.142+0000] {logging_mixin.py:117} INFO - [2022-10-02T21:08:11.142+0000] {dag.py:2573} INFO - Sync 1 DAGs
[2022-10-02T21:08:11.156+0000] {logging_mixin.py:117} INFO - [2022-10-02T21:08:11.156+0000] {dag.py:3328} INFO - Setting next_dagrun for tutorial_dag to None, run_after=None
[2022-10-02T21:08:11.169+0000] {processor.py:178} INFO - Processing /home/airflow/.local/lib/python3.7/site-packages/airflow/example_dags/tutorial_dag.py took 0.067 seconds
[2022-10-02T21:08:41.320+0000] {processor.py:156} INFO - Started process (PID=474) to work on /home/airflow/.local/lib/python3.7/site-packages/airflow/example_dags/tutorial_dag.py
[2022-10-02T21:08:41.321+0000] {processor.py:758} INFO - Processing file /home/airflow/.local/lib/python3.7/site-packages/airflow/example_dags/tutorial_dag.py for tasks to queue
[2022-10-02T21:08:41.322+0000] {logging_mixin.py:117} INFO - [2022-10-02T21:08:41.322+0000] {dagbag.py:525} INFO - Filling up the DagBag from /home/airflow/.local/lib/python3.7/site-packages/airflow/example_dags/tutorial_dag.py
[2022-10-02T21:08:41.330+0000] {processor.py:768} INFO - DAG(s) dict_keys(['tutorial_dag']) retrieved from /home/airflow/.local/lib/python3.7/site-packages/airflow/example_dags/tutorial_dag.py
[2022-10-02T21:08:41.354+0000] {logging_mixin.py:117} INFO - [2022-10-02T21:08:41.354+0000] {dag.py:2573} INFO - Sync 1 DAGs
[2022-10-02T21:08:41.370+0000] {logging_mixin.py:117} INFO - [2022-10-02T21:08:41.369+0000] {dag.py:3328} INFO - Setting next_dagrun for tutorial_dag to None, run_after=None
[2022-10-02T21:08:41.381+0000] {processor.py:178} INFO - Processing /home/airflow/.local/lib/python3.7/site-packages/airflow/example_dags/tutorial_dag.py took 0.064 seconds
[2022-10-02T21:09:11.444+0000] {processor.py:156} INFO - Started process (PID=537) to work on /home/airflow/.local/lib/python3.7/site-packages/airflow/example_dags/tutorial_dag.py
[2022-10-02T21:09:11.445+0000] {processor.py:758} INFO - Processing file /home/airflow/.local/lib/python3.7/site-packages/airflow/example_dags/tutorial_dag.py for tasks to queue
[2022-10-02T21:09:11.446+0000] {logging_mixin.py:117} INFO - [2022-10-02T21:09:11.446+0000] {dagbag.py:525} INFO - Filling up the DagBag from /home/airflow/.local/lib/python3.7/site-packages/airflow/example_dags/tutorial_dag.py
[2022-10-02T21:09:11.455+0000] {processor.py:768} INFO - DAG(s) dict_keys(['tutorial_dag']) retrieved from /home/airflow/.local/lib/python3.7/site-packages/airflow/example_dags/tutorial_dag.py
[2022-10-02T21:09:11.479+0000] {logging_mixin.py:117} INFO - [2022-10-02T21:09:11.479+0000] {dag.py:2573} INFO - Sync 1 DAGs
[2022-10-02T21:09:11.494+0000] {logging_mixin.py:117} INFO - [2022-10-02T21:09:11.494+0000] {dag.py:3328} INFO - Setting next_dagrun for tutorial_dag to None, run_after=None
[2022-10-02T21:09:11.507+0000] {processor.py:178} INFO - Processing /home/airflow/.local/lib/python3.7/site-packages/airflow/example_dags/tutorial_dag.py took 0.066 seconds
[2022-10-02T21:09:41.796+0000] {processor.py:156} INFO - Started process (PID=591) to work on /home/airflow/.local/lib/python3.7/site-packages/airflow/example_dags/tutorial_dag.py
[2022-10-02T21:09:41.797+0000] {processor.py:758} INFO - Processing file /home/airflow/.local/lib/python3.7/site-packages/airflow/example_dags/tutorial_dag.py for tasks to queue
[2022-10-02T21:09:41.798+0000] {logging_mixin.py:117} INFO - [2022-10-02T21:09:41.798+0000] {dagbag.py:525} INFO - Filling up the DagBag from /home/airflow/.local/lib/python3.7/site-packages/airflow/example_dags/tutorial_dag.py
[2022-10-02T21:09:41.807+0000] {processor.py:768} INFO - DAG(s) dict_keys(['tutorial_dag']) retrieved from /home/airflow/.local/lib/python3.7/site-packages/airflow/example_dags/tutorial_dag.py
[2022-10-02T21:09:41.832+0000] {logging_mixin.py:117} INFO - [2022-10-02T21:09:41.832+0000] {dag.py:2573} INFO - Sync 1 DAGs
[2022-10-02T21:09:41.845+0000] {logging_mixin.py:117} INFO - [2022-10-02T21:09:41.845+0000] {dag.py:3328} INFO - Setting next_dagrun for tutorial_dag to None, run_after=None
[2022-10-02T21:09:41.856+0000] {processor.py:178} INFO - Processing /home/airflow/.local/lib/python3.7/site-packages/airflow/example_dags/tutorial_dag.py took 0.063 seconds
[2022-10-02T21:10:12.003+0000] {processor.py:156} INFO - Started process (PID=654) to work on /home/airflow/.local/lib/python3.7/site-packages/airflow/example_dags/tutorial_dag.py
[2022-10-02T21:10:12.004+0000] {processor.py:758} INFO - Processing file /home/airflow/.local/lib/python3.7/site-packages/airflow/example_dags/tutorial_dag.py for tasks to queue
[2022-10-02T21:10:12.006+0000] {logging_mixin.py:117} INFO - [2022-10-02T21:10:12.006+0000] {dagbag.py:525} INFO - Filling up the DagBag from /home/airflow/.local/lib/python3.7/site-packages/airflow/example_dags/tutorial_dag.py
[2022-10-02T21:10:12.016+0000] {processor.py:768} INFO - DAG(s) dict_keys(['tutorial_dag']) retrieved from /home/airflow/.local/lib/python3.7/site-packages/airflow/example_dags/tutorial_dag.py
[2022-10-02T21:10:12.043+0000] {logging_mixin.py:117} INFO - [2022-10-02T21:10:12.042+0000] {dag.py:2573} INFO - Sync 1 DAGs
[2022-10-02T21:10:12.061+0000] {logging_mixin.py:117} INFO - [2022-10-02T21:10:12.061+0000] {dag.py:3328} INFO - Setting next_dagrun for tutorial_dag to None, run_after=None
[2022-10-02T21:10:12.077+0000] {processor.py:178} INFO - Processing /home/airflow/.local/lib/python3.7/site-packages/airflow/example_dags/tutorial_dag.py took 0.076 seconds
[2022-10-02T21:10:42.156+0000] {processor.py:156} INFO - Started process (PID=716) to work on /home/airflow/.local/lib/python3.7/site-packages/airflow/example_dags/tutorial_dag.py
[2022-10-02T21:10:42.158+0000] {processor.py:758} INFO - Processing file /home/airflow/.local/lib/python3.7/site-packages/airflow/example_dags/tutorial_dag.py for tasks to queue
[2022-10-02T21:10:42.159+0000] {logging_mixin.py:117} INFO - [2022-10-02T21:10:42.159+0000] {dagbag.py:525} INFO - Filling up the DagBag from /home/airflow/.local/lib/python3.7/site-packages/airflow/example_dags/tutorial_dag.py
[2022-10-02T21:10:42.168+0000] {processor.py:768} INFO - DAG(s) dict_keys(['tutorial_dag']) retrieved from /home/airflow/.local/lib/python3.7/site-packages/airflow/example_dags/tutorial_dag.py
[2022-10-02T21:10:42.194+0000] {logging_mixin.py:117} INFO - [2022-10-02T21:10:42.194+0000] {dag.py:2573} INFO - Sync 1 DAGs
[2022-10-02T21:10:42.210+0000] {logging_mixin.py:117} INFO - [2022-10-02T21:10:42.210+0000] {dag.py:3328} INFO - Setting next_dagrun for tutorial_dag to None, run_after=None
[2022-10-02T21:10:42.225+0000] {processor.py:178} INFO - Processing /home/airflow/.local/lib/python3.7/site-packages/airflow/example_dags/tutorial_dag.py took 0.071 seconds
[2022-10-02T21:11:12.384+0000] {processor.py:156} INFO - Started process (PID=779) to work on /home/airflow/.local/lib/python3.7/site-packages/airflow/example_dags/tutorial_dag.py
[2022-10-02T21:11:12.386+0000] {processor.py:758} INFO - Processing file /home/airflow/.local/lib/python3.7/site-packages/airflow/example_dags/tutorial_dag.py for tasks to queue
[2022-10-02T21:11:12.387+0000] {logging_mixin.py:117} INFO - [2022-10-02T21:11:12.387+0000] {dagbag.py:525} INFO - Filling up the DagBag from /home/airflow/.local/lib/python3.7/site-packages/airflow/example_dags/tutorial_dag.py
[2022-10-02T21:11:12.396+0000] {processor.py:768} INFO - DAG(s) dict_keys(['tutorial_dag']) retrieved from /home/airflow/.local/lib/python3.7/site-packages/airflow/example_dags/tutorial_dag.py
[2022-10-02T21:11:12.421+0000] {logging_mixin.py:117} INFO - [2022-10-02T21:11:12.421+0000] {dag.py:2573} INFO - Sync 1 DAGs
[2022-10-02T21:11:12.436+0000] {logging_mixin.py:117} INFO - [2022-10-02T21:11:12.436+0000] {dag.py:3328} INFO - Setting next_dagrun for tutorial_dag to None, run_after=None
[2022-10-02T21:11:12.448+0000] {processor.py:178} INFO - Processing /home/airflow/.local/lib/python3.7/site-packages/airflow/example_dags/tutorial_dag.py took 0.066 seconds
[2022-10-02T21:11:42.772+0000] {processor.py:156} INFO - Started process (PID=841) to work on /home/airflow/.local/lib/python3.7/site-packages/airflow/example_dags/tutorial_dag.py
[2022-10-02T21:11:42.773+0000] {processor.py:758} INFO - Processing file /home/airflow/.local/lib/python3.7/site-packages/airflow/example_dags/tutorial_dag.py for tasks to queue
[2022-10-02T21:11:42.774+0000] {logging_mixin.py:117} INFO - [2022-10-02T21:11:42.774+0000] {dagbag.py:525} INFO - Filling up the DagBag from /home/airflow/.local/lib/python3.7/site-packages/airflow/example_dags/tutorial_dag.py
[2022-10-02T21:11:42.784+0000] {processor.py:768} INFO - DAG(s) dict_keys(['tutorial_dag']) retrieved from /home/airflow/.local/lib/python3.7/site-packages/airflow/example_dags/tutorial_dag.py
[2022-10-02T21:11:42.812+0000] {logging_mixin.py:117} INFO - [2022-10-02T21:11:42.812+0000] {dag.py:2573} INFO - Sync 1 DAGs
[2022-10-02T21:11:42.829+0000] {logging_mixin.py:117} INFO - [2022-10-02T21:11:42.829+0000] {dag.py:3328} INFO - Setting next_dagrun for tutorial_dag to None, run_after=None
[2022-10-02T21:11:42.846+0000] {processor.py:178} INFO - Processing /home/airflow/.local/lib/python3.7/site-packages/airflow/example_dags/tutorial_dag.py took 0.076 seconds
[2022-10-02T21:12:13.408+0000] {processor.py:156} INFO - Started process (PID=905) to work on /home/airflow/.local/lib/python3.7/site-packages/airflow/example_dags/tutorial_dag.py
[2022-10-02T21:12:13.411+0000] {processor.py:758} INFO - Processing file /home/airflow/.local/lib/python3.7/site-packages/airflow/example_dags/tutorial_dag.py for tasks to queue
[2022-10-02T21:12:13.413+0000] {logging_mixin.py:117} INFO - [2022-10-02T21:12:13.413+0000] {dagbag.py:525} INFO - Filling up the DagBag from /home/airflow/.local/lib/python3.7/site-packages/airflow/example_dags/tutorial_dag.py
[2022-10-02T21:12:13.424+0000] {processor.py:768} INFO - DAG(s) dict_keys(['tutorial_dag']) retrieved from /home/airflow/.local/lib/python3.7/site-packages/airflow/example_dags/tutorial_dag.py
[2022-10-02T21:12:13.463+0000] {logging_mixin.py:117} INFO - [2022-10-02T21:12:13.462+0000] {dag.py:2573} INFO - Sync 1 DAGs
[2022-10-02T21:12:13.483+0000] {logging_mixin.py:117} INFO - [2022-10-02T21:12:13.483+0000] {dag.py:3328} INFO - Setting next_dagrun for tutorial_dag to None, run_after=None
[2022-10-02T21:12:13.501+0000] {processor.py:178} INFO - Processing /home/airflow/.local/lib/python3.7/site-packages/airflow/example_dags/tutorial_dag.py took 0.095 seconds
[2022-10-02T21:12:43.647+0000] {processor.py:156} INFO - Started process (PID=959) to work on /home/airflow/.local/lib/python3.7/site-packages/airflow/example_dags/tutorial_dag.py
[2022-10-02T21:12:43.648+0000] {processor.py:758} INFO - Processing file /home/airflow/.local/lib/python3.7/site-packages/airflow/example_dags/tutorial_dag.py for tasks to queue
[2022-10-02T21:12:43.649+0000] {logging_mixin.py:117} INFO - [2022-10-02T21:12:43.649+0000] {dagbag.py:525} INFO - Filling up the DagBag from /home/airflow/.local/lib/python3.7/site-packages/airflow/example_dags/tutorial_dag.py
[2022-10-02T21:12:43.660+0000] {processor.py:768} INFO - DAG(s) dict_keys(['tutorial_dag']) retrieved from /home/airflow/.local/lib/python3.7/site-packages/airflow/example_dags/tutorial_dag.py
[2022-10-02T21:12:43.685+0000] {logging_mixin.py:117} INFO - [2022-10-02T21:12:43.685+0000] {dag.py:2573} INFO - Sync 1 DAGs
[2022-10-02T21:12:43.701+0000] {logging_mixin.py:117} INFO - [2022-10-02T21:12:43.701+0000] {dag.py:3328} INFO - Setting next_dagrun for tutorial_dag to None, run_after=None
[2022-10-02T21:12:43.713+0000] {processor.py:178} INFO - Processing /home/airflow/.local/lib/python3.7/site-packages/airflow/example_dags/tutorial_dag.py took 0.068 seconds
[2022-10-02T21:13:13.907+0000] {processor.py:156} INFO - Started process (PID=1021) to work on /home/airflow/.local/lib/python3.7/site-packages/airflow/example_dags/tutorial_dag.py
[2022-10-02T21:13:13.908+0000] {processor.py:758} INFO - Processing file /home/airflow/.local/lib/python3.7/site-packages/airflow/example_dags/tutorial_dag.py for tasks to queue
[2022-10-02T21:13:13.909+0000] {logging_mixin.py:117} INFO - [2022-10-02T21:13:13.909+0000] {dagbag.py:525} INFO - Filling up the DagBag from /home/airflow/.local/lib/python3.7/site-packages/airflow/example_dags/tutorial_dag.py
[2022-10-02T21:13:13.920+0000] {processor.py:768} INFO - DAG(s) dict_keys(['tutorial_dag']) retrieved from /home/airflow/.local/lib/python3.7/site-packages/airflow/example_dags/tutorial_dag.py
[2022-10-02T21:13:13.946+0000] {logging_mixin.py:117} INFO - [2022-10-02T21:13:13.946+0000] {dag.py:2573} INFO - Sync 1 DAGs
[2022-10-02T21:13:13.961+0000] {logging_mixin.py:117} INFO - [2022-10-02T21:13:13.961+0000] {dag.py:3328} INFO - Setting next_dagrun for tutorial_dag to None, run_after=None
[2022-10-02T21:13:13.974+0000] {processor.py:178} INFO - Processing /home/airflow/.local/lib/python3.7/site-packages/airflow/example_dags/tutorial_dag.py took 0.069 seconds
[2022-10-02T21:14:56.601+0000] {processor.py:156} INFO - Started process (PID=48) to work on /home/airflow/.local/lib/python3.7/site-packages/airflow/example_dags/tutorial_dag.py
[2022-10-02T21:14:56.616+0000] {processor.py:758} INFO - Processing file /home/airflow/.local/lib/python3.7/site-packages/airflow/example_dags/tutorial_dag.py for tasks to queue
[2022-10-02T21:14:56.624+0000] {logging_mixin.py:117} INFO - [2022-10-02T21:14:56.624+0000] {dagbag.py:525} INFO - Filling up the DagBag from /home/airflow/.local/lib/python3.7/site-packages/airflow/example_dags/tutorial_dag.py
[2022-10-02T21:14:56.743+0000] {processor.py:768} INFO - DAG(s) dict_keys(['tutorial_dag']) retrieved from /home/airflow/.local/lib/python3.7/site-packages/airflow/example_dags/tutorial_dag.py
[2022-10-02T21:14:56.816+0000] {logging_mixin.py:117} INFO - [2022-10-02T21:14:56.816+0000] {dag.py:2573} INFO - Sync 1 DAGs
[2022-10-02T21:14:56.911+0000] {logging_mixin.py:117} INFO - [2022-10-02T21:14:56.911+0000] {dag.py:3328} INFO - Setting next_dagrun for tutorial_dag to None, run_after=None
[2022-10-02T21:14:57.007+0000] {processor.py:178} INFO - Processing /home/airflow/.local/lib/python3.7/site-packages/airflow/example_dags/tutorial_dag.py took 0.425 seconds
[2022-10-02T21:15:27.996+0000] {processor.py:156} INFO - Started process (PID=103) to work on /home/airflow/.local/lib/python3.7/site-packages/airflow/example_dags/tutorial_dag.py
[2022-10-02T21:15:28.002+0000] {processor.py:758} INFO - Processing file /home/airflow/.local/lib/python3.7/site-packages/airflow/example_dags/tutorial_dag.py for tasks to queue
[2022-10-02T21:15:28.006+0000] {logging_mixin.py:117} INFO - [2022-10-02T21:15:28.006+0000] {dagbag.py:525} INFO - Filling up the DagBag from /home/airflow/.local/lib/python3.7/site-packages/airflow/example_dags/tutorial_dag.py
[2022-10-02T21:15:28.029+0000] {processor.py:768} INFO - DAG(s) dict_keys(['tutorial_dag']) retrieved from /home/airflow/.local/lib/python3.7/site-packages/airflow/example_dags/tutorial_dag.py
[2022-10-02T21:15:28.093+0000] {logging_mixin.py:117} INFO - [2022-10-02T21:15:28.093+0000] {dag.py:2573} INFO - Sync 1 DAGs
[2022-10-02T21:15:28.127+0000] {logging_mixin.py:117} INFO - [2022-10-02T21:15:28.127+0000] {dag.py:3328} INFO - Setting next_dagrun for tutorial_dag to None, run_after=None
[2022-10-02T21:15:28.148+0000] {processor.py:178} INFO - Processing /home/airflow/.local/lib/python3.7/site-packages/airflow/example_dags/tutorial_dag.py took 0.153 seconds
[2022-10-02T21:15:58.396+0000] {processor.py:156} INFO - Started process (PID=166) to work on /home/airflow/.local/lib/python3.7/site-packages/airflow/example_dags/tutorial_dag.py
[2022-10-02T21:15:58.399+0000] {processor.py:758} INFO - Processing file /home/airflow/.local/lib/python3.7/site-packages/airflow/example_dags/tutorial_dag.py for tasks to queue
[2022-10-02T21:15:58.402+0000] {logging_mixin.py:117} INFO - [2022-10-02T21:15:58.401+0000] {dagbag.py:525} INFO - Filling up the DagBag from /home/airflow/.local/lib/python3.7/site-packages/airflow/example_dags/tutorial_dag.py
[2022-10-02T21:15:58.415+0000] {processor.py:768} INFO - DAG(s) dict_keys(['tutorial_dag']) retrieved from /home/airflow/.local/lib/python3.7/site-packages/airflow/example_dags/tutorial_dag.py
[2022-10-02T21:15:58.459+0000] {logging_mixin.py:117} INFO - [2022-10-02T21:15:58.459+0000] {dag.py:2573} INFO - Sync 1 DAGs
[2022-10-02T21:15:58.481+0000] {logging_mixin.py:117} INFO - [2022-10-02T21:15:58.481+0000] {dag.py:3328} INFO - Setting next_dagrun for tutorial_dag to None, run_after=None
[2022-10-02T21:15:58.503+0000] {processor.py:178} INFO - Processing /home/airflow/.local/lib/python3.7/site-packages/airflow/example_dags/tutorial_dag.py took 0.115 seconds
[2022-10-02T21:16:29.135+0000] {processor.py:156} INFO - Started process (PID=228) to work on /home/airflow/.local/lib/python3.7/site-packages/airflow/example_dags/tutorial_dag.py
[2022-10-02T21:16:29.136+0000] {processor.py:758} INFO - Processing file /home/airflow/.local/lib/python3.7/site-packages/airflow/example_dags/tutorial_dag.py for tasks to queue
[2022-10-02T21:16:29.137+0000] {logging_mixin.py:117} INFO - [2022-10-02T21:16:29.137+0000] {dagbag.py:525} INFO - Filling up the DagBag from /home/airflow/.local/lib/python3.7/site-packages/airflow/example_dags/tutorial_dag.py
[2022-10-02T21:16:29.149+0000] {processor.py:768} INFO - DAG(s) dict_keys(['tutorial_dag']) retrieved from /home/airflow/.local/lib/python3.7/site-packages/airflow/example_dags/tutorial_dag.py
[2022-10-02T21:16:29.183+0000] {logging_mixin.py:117} INFO - [2022-10-02T21:16:29.183+0000] {dag.py:2573} INFO - Sync 1 DAGs
[2022-10-02T21:16:29.209+0000] {logging_mixin.py:117} INFO - [2022-10-02T21:16:29.209+0000] {dag.py:3328} INFO - Setting next_dagrun for tutorial_dag to None, run_after=None
[2022-10-02T21:16:29.224+0000] {processor.py:178} INFO - Processing /home/airflow/.local/lib/python3.7/site-packages/airflow/example_dags/tutorial_dag.py took 0.091 seconds
[2022-10-02T21:16:59.977+0000] {processor.py:156} INFO - Started process (PID=290) to work on /home/airflow/.local/lib/python3.7/site-packages/airflow/example_dags/tutorial_dag.py
[2022-10-02T21:16:59.979+0000] {processor.py:758} INFO - Processing file /home/airflow/.local/lib/python3.7/site-packages/airflow/example_dags/tutorial_dag.py for tasks to queue
[2022-10-02T21:16:59.980+0000] {logging_mixin.py:117} INFO - [2022-10-02T21:16:59.980+0000] {dagbag.py:525} INFO - Filling up the DagBag from /home/airflow/.local/lib/python3.7/site-packages/airflow/example_dags/tutorial_dag.py
[2022-10-02T21:16:59.992+0000] {processor.py:768} INFO - DAG(s) dict_keys(['tutorial_dag']) retrieved from /home/airflow/.local/lib/python3.7/site-packages/airflow/example_dags/tutorial_dag.py
[2022-10-02T21:17:00.038+0000] {logging_mixin.py:117} INFO - [2022-10-02T21:17:00.038+0000] {dag.py:2573} INFO - Sync 1 DAGs
[2022-10-02T21:17:00.056+0000] {logging_mixin.py:117} INFO - [2022-10-02T21:17:00.056+0000] {dag.py:3328} INFO - Setting next_dagrun for tutorial_dag to None, run_after=None
[2022-10-02T21:17:00.076+0000] {processor.py:178} INFO - Processing /home/airflow/.local/lib/python3.7/site-packages/airflow/example_dags/tutorial_dag.py took 0.102 seconds
[2022-10-02T21:17:30.145+0000] {processor.py:156} INFO - Started process (PID=344) to work on /home/airflow/.local/lib/python3.7/site-packages/airflow/example_dags/tutorial_dag.py
[2022-10-02T21:17:30.147+0000] {processor.py:758} INFO - Processing file /home/airflow/.local/lib/python3.7/site-packages/airflow/example_dags/tutorial_dag.py for tasks to queue
[2022-10-02T21:17:30.148+0000] {logging_mixin.py:117} INFO - [2022-10-02T21:17:30.148+0000] {dagbag.py:525} INFO - Filling up the DagBag from /home/airflow/.local/lib/python3.7/site-packages/airflow/example_dags/tutorial_dag.py
[2022-10-02T21:17:30.160+0000] {processor.py:768} INFO - DAG(s) dict_keys(['tutorial_dag']) retrieved from /home/airflow/.local/lib/python3.7/site-packages/airflow/example_dags/tutorial_dag.py
[2022-10-02T21:17:30.195+0000] {logging_mixin.py:117} INFO - [2022-10-02T21:17:30.195+0000] {dag.py:2573} INFO - Sync 1 DAGs
[2022-10-02T21:17:30.215+0000] {logging_mixin.py:117} INFO - [2022-10-02T21:17:30.214+0000] {dag.py:3328} INFO - Setting next_dagrun for tutorial_dag to None, run_after=None
[2022-10-02T21:17:30.249+0000] {processor.py:178} INFO - Processing /home/airflow/.local/lib/python3.7/site-packages/airflow/example_dags/tutorial_dag.py took 0.106 seconds
[2022-10-02T21:18:00.572+0000] {processor.py:156} INFO - Started process (PID=408) to work on /home/airflow/.local/lib/python3.7/site-packages/airflow/example_dags/tutorial_dag.py
[2022-10-02T21:18:00.574+0000] {processor.py:758} INFO - Processing file /home/airflow/.local/lib/python3.7/site-packages/airflow/example_dags/tutorial_dag.py for tasks to queue
[2022-10-02T21:18:00.576+0000] {logging_mixin.py:117} INFO - [2022-10-02T21:18:00.576+0000] {dagbag.py:525} INFO - Filling up the DagBag from /home/airflow/.local/lib/python3.7/site-packages/airflow/example_dags/tutorial_dag.py
[2022-10-02T21:18:00.585+0000] {processor.py:768} INFO - DAG(s) dict_keys(['tutorial_dag']) retrieved from /home/airflow/.local/lib/python3.7/site-packages/airflow/example_dags/tutorial_dag.py
[2022-10-02T21:18:00.612+0000] {logging_mixin.py:117} INFO - [2022-10-02T21:18:00.612+0000] {dag.py:2573} INFO - Sync 1 DAGs
[2022-10-02T21:18:00.630+0000] {logging_mixin.py:117} INFO - [2022-10-02T21:18:00.629+0000] {dag.py:3328} INFO - Setting next_dagrun for tutorial_dag to None, run_after=None
[2022-10-02T21:18:00.644+0000] {processor.py:178} INFO - Processing /home/airflow/.local/lib/python3.7/site-packages/airflow/example_dags/tutorial_dag.py took 0.074 seconds
[2022-10-02T21:18:30.995+0000] {processor.py:156} INFO - Started process (PID=473) to work on /home/airflow/.local/lib/python3.7/site-packages/airflow/example_dags/tutorial_dag.py
[2022-10-02T21:18:30.998+0000] {processor.py:758} INFO - Processing file /home/airflow/.local/lib/python3.7/site-packages/airflow/example_dags/tutorial_dag.py for tasks to queue
[2022-10-02T21:18:31.000+0000] {logging_mixin.py:117} INFO - [2022-10-02T21:18:31.000+0000] {dagbag.py:525} INFO - Filling up the DagBag from /home/airflow/.local/lib/python3.7/site-packages/airflow/example_dags/tutorial_dag.py
[2022-10-02T21:18:31.018+0000] {processor.py:768} INFO - DAG(s) dict_keys(['tutorial_dag']) retrieved from /home/airflow/.local/lib/python3.7/site-packages/airflow/example_dags/tutorial_dag.py
[2022-10-02T21:18:31.065+0000] {logging_mixin.py:117} INFO - [2022-10-02T21:18:31.065+0000] {dag.py:2573} INFO - Sync 1 DAGs
[2022-10-02T21:18:31.094+0000] {logging_mixin.py:117} INFO - [2022-10-02T21:18:31.094+0000] {dag.py:3328} INFO - Setting next_dagrun for tutorial_dag to None, run_after=None
[2022-10-02T21:18:31.109+0000] {processor.py:178} INFO - Processing /home/airflow/.local/lib/python3.7/site-packages/airflow/example_dags/tutorial_dag.py took 0.117 seconds
[2022-10-02T21:19:01.407+0000] {processor.py:156} INFO - Started process (PID=536) to work on /home/airflow/.local/lib/python3.7/site-packages/airflow/example_dags/tutorial_dag.py
[2022-10-02T21:19:01.409+0000] {processor.py:758} INFO - Processing file /home/airflow/.local/lib/python3.7/site-packages/airflow/example_dags/tutorial_dag.py for tasks to queue
[2022-10-02T21:19:01.412+0000] {logging_mixin.py:117} INFO - [2022-10-02T21:19:01.412+0000] {dagbag.py:525} INFO - Filling up the DagBag from /home/airflow/.local/lib/python3.7/site-packages/airflow/example_dags/tutorial_dag.py
[2022-10-02T21:19:01.422+0000] {processor.py:768} INFO - DAG(s) dict_keys(['tutorial_dag']) retrieved from /home/airflow/.local/lib/python3.7/site-packages/airflow/example_dags/tutorial_dag.py
[2022-10-02T21:19:01.456+0000] {logging_mixin.py:117} INFO - [2022-10-02T21:19:01.456+0000] {dag.py:2573} INFO - Sync 1 DAGs
[2022-10-02T21:19:01.473+0000] {logging_mixin.py:117} INFO - [2022-10-02T21:19:01.473+0000] {dag.py:3328} INFO - Setting next_dagrun for tutorial_dag to None, run_after=None
[2022-10-02T21:19:01.494+0000] {processor.py:178} INFO - Processing /home/airflow/.local/lib/python3.7/site-packages/airflow/example_dags/tutorial_dag.py took 0.089 seconds
[2022-10-02T21:19:32.066+0000] {processor.py:156} INFO - Started process (PID=590) to work on /home/airflow/.local/lib/python3.7/site-packages/airflow/example_dags/tutorial_dag.py
[2022-10-02T21:19:32.068+0000] {processor.py:758} INFO - Processing file /home/airflow/.local/lib/python3.7/site-packages/airflow/example_dags/tutorial_dag.py for tasks to queue
[2022-10-02T21:19:32.070+0000] {logging_mixin.py:117} INFO - [2022-10-02T21:19:32.070+0000] {dagbag.py:525} INFO - Filling up the DagBag from /home/airflow/.local/lib/python3.7/site-packages/airflow/example_dags/tutorial_dag.py
[2022-10-02T21:19:32.081+0000] {processor.py:768} INFO - DAG(s) dict_keys(['tutorial_dag']) retrieved from /home/airflow/.local/lib/python3.7/site-packages/airflow/example_dags/tutorial_dag.py
[2022-10-02T21:19:32.110+0000] {logging_mixin.py:117} INFO - [2022-10-02T21:19:32.110+0000] {dag.py:2573} INFO - Sync 1 DAGs
[2022-10-02T21:19:32.130+0000] {logging_mixin.py:117} INFO - [2022-10-02T21:19:32.130+0000] {dag.py:3328} INFO - Setting next_dagrun for tutorial_dag to None, run_after=None
[2022-10-02T21:19:32.143+0000] {processor.py:178} INFO - Processing /home/airflow/.local/lib/python3.7/site-packages/airflow/example_dags/tutorial_dag.py took 0.080 seconds
