[2022-09-24T01:04:08.958+0000] {processor.py:156} INFO - Started process (PID=32097) to work on /home/airflow/.local/lib/python3.7/site-packages/airflow/example_dags/example_nested_branch_dag.py
[2022-09-24T01:04:08.960+0000] {processor.py:758} INFO - Processing file /home/airflow/.local/lib/python3.7/site-packages/airflow/example_dags/example_nested_branch_dag.py for tasks to queue
[2022-09-24T01:04:08.961+0000] {logging_mixin.py:117} INFO - [2022-09-24T01:04:08.961+0000] {dagbag.py:525} INFO - Filling up the DagBag from /home/airflow/.local/lib/python3.7/site-packages/airflow/example_dags/example_nested_branch_dag.py
[2022-09-24T01:04:08.990+0000] {processor.py:768} INFO - DAG(s) dict_keys(['example_nested_branch_dag']) retrieved from /home/airflow/.local/lib/python3.7/site-packages/airflow/example_dags/example_nested_branch_dag.py
[2022-09-24T01:04:09.059+0000] {logging_mixin.py:117} INFO - [2022-09-24T01:04:09.059+0000] {dag.py:2573} INFO - Sync 1 DAGs
[2022-09-24T01:04:09.101+0000] {logging_mixin.py:117} INFO - [2022-09-24T01:04:09.100+0000] {dag.py:3328} INFO - Setting next_dagrun for example_nested_branch_dag to 2022-09-23T00:00:00+00:00, run_after=2022-09-24T00:00:00+00:00
[2022-09-24T01:04:09.130+0000] {processor.py:178} INFO - Processing /home/airflow/.local/lib/python3.7/site-packages/airflow/example_dags/example_nested_branch_dag.py took 0.175 seconds
[2022-09-24T02:26:59.758+0000] {processor.py:156} INFO - Started process (PID=32151) to work on /home/airflow/.local/lib/python3.7/site-packages/airflow/example_dags/example_nested_branch_dag.py
[2022-09-24T02:26:59.760+0000] {processor.py:758} INFO - Processing file /home/airflow/.local/lib/python3.7/site-packages/airflow/example_dags/example_nested_branch_dag.py for tasks to queue
[2022-09-24T02:26:59.762+0000] {logging_mixin.py:117} INFO - [2022-09-24T02:26:59.762+0000] {dagbag.py:525} INFO - Filling up the DagBag from /home/airflow/.local/lib/python3.7/site-packages/airflow/example_dags/example_nested_branch_dag.py
[2022-09-24T02:26:59.801+0000] {processor.py:768} INFO - DAG(s) dict_keys(['example_nested_branch_dag']) retrieved from /home/airflow/.local/lib/python3.7/site-packages/airflow/example_dags/example_nested_branch_dag.py
[2022-09-24T02:26:59.861+0000] {logging_mixin.py:117} INFO - [2022-09-24T02:26:59.861+0000] {dag.py:2573} INFO - Sync 1 DAGs
[2022-09-24T02:26:59.905+0000] {logging_mixin.py:117} INFO - [2022-09-24T02:26:59.904+0000] {dag.py:3328} INFO - Setting next_dagrun for example_nested_branch_dag to 2022-09-23T00:00:00+00:00, run_after=2022-09-24T00:00:00+00:00
[2022-09-24T02:26:59.959+0000] {processor.py:178} INFO - Processing /home/airflow/.local/lib/python3.7/site-packages/airflow/example_dags/example_nested_branch_dag.py took 0.204 seconds
[2022-09-24T03:23:59.051+0000] {processor.py:156} INFO - Started process (PID=32214) to work on /home/airflow/.local/lib/python3.7/site-packages/airflow/example_dags/example_nested_branch_dag.py
[2022-09-24T03:23:59.053+0000] {processor.py:758} INFO - Processing file /home/airflow/.local/lib/python3.7/site-packages/airflow/example_dags/example_nested_branch_dag.py for tasks to queue
[2022-09-24T03:23:59.055+0000] {logging_mixin.py:117} INFO - [2022-09-24T03:23:59.055+0000] {dagbag.py:525} INFO - Filling up the DagBag from /home/airflow/.local/lib/python3.7/site-packages/airflow/example_dags/example_nested_branch_dag.py
[2022-09-24T03:23:59.079+0000] {processor.py:768} INFO - DAG(s) dict_keys(['example_nested_branch_dag']) retrieved from /home/airflow/.local/lib/python3.7/site-packages/airflow/example_dags/example_nested_branch_dag.py
[2022-09-24T03:23:59.117+0000] {logging_mixin.py:117} INFO - [2022-09-24T03:23:59.116+0000] {dag.py:2573} INFO - Sync 1 DAGs
[2022-09-24T03:23:59.136+0000] {logging_mixin.py:117} INFO - [2022-09-24T03:23:59.136+0000] {dag.py:3328} INFO - Setting next_dagrun for example_nested_branch_dag to 2022-09-23T00:00:00+00:00, run_after=2022-09-24T00:00:00+00:00
[2022-09-24T03:23:59.151+0000] {processor.py:178} INFO - Processing /home/airflow/.local/lib/python3.7/site-packages/airflow/example_dags/example_nested_branch_dag.py took 0.102 seconds
[2022-09-24T04:29:25.557+0000] {processor.py:156} INFO - Started process (PID=32279) to work on /home/airflow/.local/lib/python3.7/site-packages/airflow/example_dags/example_nested_branch_dag.py
[2022-09-24T04:29:25.559+0000] {processor.py:758} INFO - Processing file /home/airflow/.local/lib/python3.7/site-packages/airflow/example_dags/example_nested_branch_dag.py for tasks to queue
[2022-09-24T04:29:25.562+0000] {logging_mixin.py:117} INFO - [2022-09-24T04:29:25.562+0000] {dagbag.py:525} INFO - Filling up the DagBag from /home/airflow/.local/lib/python3.7/site-packages/airflow/example_dags/example_nested_branch_dag.py
[2022-09-24T04:29:25.590+0000] {processor.py:768} INFO - DAG(s) dict_keys(['example_nested_branch_dag']) retrieved from /home/airflow/.local/lib/python3.7/site-packages/airflow/example_dags/example_nested_branch_dag.py
[2022-09-24T04:29:25.634+0000] {logging_mixin.py:117} INFO - [2022-09-24T04:29:25.634+0000] {dag.py:2573} INFO - Sync 1 DAGs
[2022-09-24T04:29:25.655+0000] {logging_mixin.py:117} INFO - [2022-09-24T04:29:25.655+0000] {dag.py:3328} INFO - Setting next_dagrun for example_nested_branch_dag to 2022-09-23T00:00:00+00:00, run_after=2022-09-24T00:00:00+00:00
[2022-09-24T04:29:25.679+0000] {processor.py:178} INFO - Processing /home/airflow/.local/lib/python3.7/site-packages/airflow/example_dags/example_nested_branch_dag.py took 0.132 seconds
[2022-09-24T05:38:06.239+0000] {processor.py:156} INFO - Started process (PID=32342) to work on /home/airflow/.local/lib/python3.7/site-packages/airflow/example_dags/example_nested_branch_dag.py
[2022-09-24T05:38:06.241+0000] {processor.py:758} INFO - Processing file /home/airflow/.local/lib/python3.7/site-packages/airflow/example_dags/example_nested_branch_dag.py for tasks to queue
[2022-09-24T05:38:06.243+0000] {logging_mixin.py:117} INFO - [2022-09-24T05:38:06.243+0000] {dagbag.py:525} INFO - Filling up the DagBag from /home/airflow/.local/lib/python3.7/site-packages/airflow/example_dags/example_nested_branch_dag.py
[2022-09-24T05:38:06.269+0000] {processor.py:768} INFO - DAG(s) dict_keys(['example_nested_branch_dag']) retrieved from /home/airflow/.local/lib/python3.7/site-packages/airflow/example_dags/example_nested_branch_dag.py
[2022-09-24T05:38:06.302+0000] {logging_mixin.py:117} INFO - [2022-09-24T05:38:06.302+0000] {dag.py:2573} INFO - Sync 1 DAGs
[2022-09-24T05:38:06.321+0000] {logging_mixin.py:117} INFO - [2022-09-24T05:38:06.321+0000] {dag.py:3328} INFO - Setting next_dagrun for example_nested_branch_dag to 2022-09-23T00:00:00+00:00, run_after=2022-09-24T00:00:00+00:00
[2022-09-24T05:38:06.337+0000] {processor.py:178} INFO - Processing /home/airflow/.local/lib/python3.7/site-packages/airflow/example_dags/example_nested_branch_dag.py took 0.102 seconds
[2022-09-24T06:55:20.820+0000] {processor.py:156} INFO - Started process (PID=32396) to work on /home/airflow/.local/lib/python3.7/site-packages/airflow/example_dags/example_nested_branch_dag.py
[2022-09-24T06:55:20.822+0000] {processor.py:758} INFO - Processing file /home/airflow/.local/lib/python3.7/site-packages/airflow/example_dags/example_nested_branch_dag.py for tasks to queue
[2022-09-24T06:55:20.824+0000] {logging_mixin.py:117} INFO - [2022-09-24T06:55:20.824+0000] {dagbag.py:525} INFO - Filling up the DagBag from /home/airflow/.local/lib/python3.7/site-packages/airflow/example_dags/example_nested_branch_dag.py
[2022-09-24T06:55:20.847+0000] {processor.py:768} INFO - DAG(s) dict_keys(['example_nested_branch_dag']) retrieved from /home/airflow/.local/lib/python3.7/site-packages/airflow/example_dags/example_nested_branch_dag.py
[2022-09-24T06:55:20.900+0000] {logging_mixin.py:117} INFO - [2022-09-24T06:55:20.900+0000] {dag.py:2573} INFO - Sync 1 DAGs
[2022-09-24T06:55:20.922+0000] {logging_mixin.py:117} INFO - [2022-09-24T06:55:20.922+0000] {dag.py:3328} INFO - Setting next_dagrun for example_nested_branch_dag to 2022-09-23T00:00:00+00:00, run_after=2022-09-24T00:00:00+00:00
[2022-09-24T06:55:20.946+0000] {processor.py:178} INFO - Processing /home/airflow/.local/lib/python3.7/site-packages/airflow/example_dags/example_nested_branch_dag.py took 0.130 seconds
[2022-09-24T07:36:23.455+0000] {processor.py:156} INFO - Started process (PID=32459) to work on /home/airflow/.local/lib/python3.7/site-packages/airflow/example_dags/example_nested_branch_dag.py
[2022-09-24T07:36:23.456+0000] {processor.py:758} INFO - Processing file /home/airflow/.local/lib/python3.7/site-packages/airflow/example_dags/example_nested_branch_dag.py for tasks to queue
[2022-09-24T07:36:23.459+0000] {logging_mixin.py:117} INFO - [2022-09-24T07:36:23.458+0000] {dagbag.py:525} INFO - Filling up the DagBag from /home/airflow/.local/lib/python3.7/site-packages/airflow/example_dags/example_nested_branch_dag.py
[2022-09-24T07:36:23.489+0000] {processor.py:768} INFO - DAG(s) dict_keys(['example_nested_branch_dag']) retrieved from /home/airflow/.local/lib/python3.7/site-packages/airflow/example_dags/example_nested_branch_dag.py
[2022-09-24T07:36:23.540+0000] {logging_mixin.py:117} INFO - [2022-09-24T07:36:23.540+0000] {dag.py:2573} INFO - Sync 1 DAGs
[2022-09-24T07:36:23.573+0000] {logging_mixin.py:117} INFO - [2022-09-24T07:36:23.572+0000] {dag.py:3328} INFO - Setting next_dagrun for example_nested_branch_dag to 2022-09-23T00:00:00+00:00, run_after=2022-09-24T00:00:00+00:00
[2022-09-24T07:36:23.602+0000] {processor.py:178} INFO - Processing /home/airflow/.local/lib/python3.7/site-packages/airflow/example_dags/example_nested_branch_dag.py took 0.150 seconds
[2022-09-24T07:39:16.861+0000] {processor.py:156} INFO - Started process (PID=32522) to work on /home/airflow/.local/lib/python3.7/site-packages/airflow/example_dags/example_nested_branch_dag.py
[2022-09-24T07:39:16.864+0000] {processor.py:758} INFO - Processing file /home/airflow/.local/lib/python3.7/site-packages/airflow/example_dags/example_nested_branch_dag.py for tasks to queue
[2022-09-24T07:39:16.866+0000] {logging_mixin.py:117} INFO - [2022-09-24T07:39:16.865+0000] {dagbag.py:525} INFO - Filling up the DagBag from /home/airflow/.local/lib/python3.7/site-packages/airflow/example_dags/example_nested_branch_dag.py
[2022-09-24T07:39:16.912+0000] {processor.py:768} INFO - DAG(s) dict_keys(['example_nested_branch_dag']) retrieved from /home/airflow/.local/lib/python3.7/site-packages/airflow/example_dags/example_nested_branch_dag.py
[2022-09-24T07:39:16.974+0000] {logging_mixin.py:117} INFO - [2022-09-24T07:39:16.974+0000] {dag.py:2573} INFO - Sync 1 DAGs
[2022-09-24T07:39:17.003+0000] {logging_mixin.py:117} INFO - [2022-09-24T07:39:17.003+0000] {dag.py:3328} INFO - Setting next_dagrun for example_nested_branch_dag to 2022-09-23T00:00:00+00:00, run_after=2022-09-24T00:00:00+00:00
[2022-09-24T07:39:17.023+0000] {processor.py:178} INFO - Processing /home/airflow/.local/lib/python3.7/site-packages/airflow/example_dags/example_nested_branch_dag.py took 0.167 seconds
[2022-09-24T07:39:47.808+0000] {processor.py:156} INFO - Started process (PID=32585) to work on /home/airflow/.local/lib/python3.7/site-packages/airflow/example_dags/example_nested_branch_dag.py
[2022-09-24T07:39:47.809+0000] {processor.py:758} INFO - Processing file /home/airflow/.local/lib/python3.7/site-packages/airflow/example_dags/example_nested_branch_dag.py for tasks to queue
[2022-09-24T07:39:47.811+0000] {logging_mixin.py:117} INFO - [2022-09-24T07:39:47.811+0000] {dagbag.py:525} INFO - Filling up the DagBag from /home/airflow/.local/lib/python3.7/site-packages/airflow/example_dags/example_nested_branch_dag.py
[2022-09-24T07:39:47.827+0000] {processor.py:768} INFO - DAG(s) dict_keys(['example_nested_branch_dag']) retrieved from /home/airflow/.local/lib/python3.7/site-packages/airflow/example_dags/example_nested_branch_dag.py
[2022-09-24T07:39:47.856+0000] {logging_mixin.py:117} INFO - [2022-09-24T07:39:47.855+0000] {dag.py:2573} INFO - Sync 1 DAGs
[2022-09-24T07:39:47.872+0000] {logging_mixin.py:117} INFO - [2022-09-24T07:39:47.872+0000] {dag.py:3328} INFO - Setting next_dagrun for example_nested_branch_dag to 2022-09-23T00:00:00+00:00, run_after=2022-09-24T00:00:00+00:00
[2022-09-24T07:39:47.885+0000] {processor.py:178} INFO - Processing /home/airflow/.local/lib/python3.7/site-packages/airflow/example_dags/example_nested_branch_dag.py took 0.079 seconds
[2022-09-24T07:40:18.056+0000] {processor.py:156} INFO - Started process (PID=32650) to work on /home/airflow/.local/lib/python3.7/site-packages/airflow/example_dags/example_nested_branch_dag.py
[2022-09-24T07:40:18.058+0000] {processor.py:758} INFO - Processing file /home/airflow/.local/lib/python3.7/site-packages/airflow/example_dags/example_nested_branch_dag.py for tasks to queue
[2022-09-24T07:40:18.059+0000] {logging_mixin.py:117} INFO - [2022-09-24T07:40:18.059+0000] {dagbag.py:525} INFO - Filling up the DagBag from /home/airflow/.local/lib/python3.7/site-packages/airflow/example_dags/example_nested_branch_dag.py
[2022-09-24T07:40:18.074+0000] {processor.py:768} INFO - DAG(s) dict_keys(['example_nested_branch_dag']) retrieved from /home/airflow/.local/lib/python3.7/site-packages/airflow/example_dags/example_nested_branch_dag.py
[2022-09-24T07:40:18.103+0000] {logging_mixin.py:117} INFO - [2022-09-24T07:40:18.103+0000] {dag.py:2573} INFO - Sync 1 DAGs
[2022-09-24T07:40:18.122+0000] {logging_mixin.py:117} INFO - [2022-09-24T07:40:18.121+0000] {dag.py:3328} INFO - Setting next_dagrun for example_nested_branch_dag to 2022-09-23T00:00:00+00:00, run_after=2022-09-24T00:00:00+00:00
[2022-09-24T07:40:18.133+0000] {processor.py:178} INFO - Processing /home/airflow/.local/lib/python3.7/site-packages/airflow/example_dags/example_nested_branch_dag.py took 0.079 seconds
[2022-09-24T07:40:48.371+0000] {processor.py:156} INFO - Started process (PID=32704) to work on /home/airflow/.local/lib/python3.7/site-packages/airflow/example_dags/example_nested_branch_dag.py
[2022-09-24T07:40:48.373+0000] {processor.py:758} INFO - Processing file /home/airflow/.local/lib/python3.7/site-packages/airflow/example_dags/example_nested_branch_dag.py for tasks to queue
[2022-09-24T07:40:48.374+0000] {logging_mixin.py:117} INFO - [2022-09-24T07:40:48.374+0000] {dagbag.py:525} INFO - Filling up the DagBag from /home/airflow/.local/lib/python3.7/site-packages/airflow/example_dags/example_nested_branch_dag.py
[2022-09-24T07:40:48.391+0000] {processor.py:768} INFO - DAG(s) dict_keys(['example_nested_branch_dag']) retrieved from /home/airflow/.local/lib/python3.7/site-packages/airflow/example_dags/example_nested_branch_dag.py
[2022-09-24T07:40:48.423+0000] {logging_mixin.py:117} INFO - [2022-09-24T07:40:48.423+0000] {dag.py:2573} INFO - Sync 1 DAGs
[2022-09-24T07:40:48.442+0000] {logging_mixin.py:117} INFO - [2022-09-24T07:40:48.442+0000] {dag.py:3328} INFO - Setting next_dagrun for example_nested_branch_dag to 2022-09-23T00:00:00+00:00, run_after=2022-09-24T00:00:00+00:00
[2022-09-24T07:40:48.457+0000] {processor.py:178} INFO - Processing /home/airflow/.local/lib/python3.7/site-packages/airflow/example_dags/example_nested_branch_dag.py took 0.088 seconds
[2022-09-24T07:41:18.914+0000] {processor.py:156} INFO - Started process (PID=32767) to work on /home/airflow/.local/lib/python3.7/site-packages/airflow/example_dags/example_nested_branch_dag.py
[2022-09-24T07:41:18.916+0000] {processor.py:758} INFO - Processing file /home/airflow/.local/lib/python3.7/site-packages/airflow/example_dags/example_nested_branch_dag.py for tasks to queue
[2022-09-24T07:41:18.917+0000] {logging_mixin.py:117} INFO - [2022-09-24T07:41:18.917+0000] {dagbag.py:525} INFO - Filling up the DagBag from /home/airflow/.local/lib/python3.7/site-packages/airflow/example_dags/example_nested_branch_dag.py
[2022-09-24T07:41:18.932+0000] {processor.py:768} INFO - DAG(s) dict_keys(['example_nested_branch_dag']) retrieved from /home/airflow/.local/lib/python3.7/site-packages/airflow/example_dags/example_nested_branch_dag.py
[2022-09-24T07:41:18.958+0000] {logging_mixin.py:117} INFO - [2022-09-24T07:41:18.958+0000] {dag.py:2573} INFO - Sync 1 DAGs
[2022-09-24T07:41:18.975+0000] {logging_mixin.py:117} INFO - [2022-09-24T07:41:18.975+0000] {dag.py:3328} INFO - Setting next_dagrun for example_nested_branch_dag to 2022-09-23T00:00:00+00:00, run_after=2022-09-24T00:00:00+00:00
[2022-09-24T07:41:18.988+0000] {processor.py:178} INFO - Processing /home/airflow/.local/lib/python3.7/site-packages/airflow/example_dags/example_nested_branch_dag.py took 0.077 seconds
[2022-09-24T07:41:49.312+0000] {processor.py:156} INFO - Started process (PID=32830) to work on /home/airflow/.local/lib/python3.7/site-packages/airflow/example_dags/example_nested_branch_dag.py
[2022-09-24T07:41:49.314+0000] {processor.py:758} INFO - Processing file /home/airflow/.local/lib/python3.7/site-packages/airflow/example_dags/example_nested_branch_dag.py for tasks to queue
[2022-09-24T07:41:49.315+0000] {logging_mixin.py:117} INFO - [2022-09-24T07:41:49.314+0000] {dagbag.py:525} INFO - Filling up the DagBag from /home/airflow/.local/lib/python3.7/site-packages/airflow/example_dags/example_nested_branch_dag.py
[2022-09-24T07:41:49.330+0000] {processor.py:768} INFO - DAG(s) dict_keys(['example_nested_branch_dag']) retrieved from /home/airflow/.local/lib/python3.7/site-packages/airflow/example_dags/example_nested_branch_dag.py
[2022-09-24T07:41:49.357+0000] {logging_mixin.py:117} INFO - [2022-09-24T07:41:49.357+0000] {dag.py:2573} INFO - Sync 1 DAGs
[2022-09-24T07:41:49.373+0000] {logging_mixin.py:117} INFO - [2022-09-24T07:41:49.373+0000] {dag.py:3328} INFO - Setting next_dagrun for example_nested_branch_dag to 2022-09-23T00:00:00+00:00, run_after=2022-09-24T00:00:00+00:00
[2022-09-24T07:41:49.388+0000] {processor.py:178} INFO - Processing /home/airflow/.local/lib/python3.7/site-packages/airflow/example_dags/example_nested_branch_dag.py took 0.079 seconds
[2022-09-24T07:42:19.590+0000] {processor.py:156} INFO - Started process (PID=32893) to work on /home/airflow/.local/lib/python3.7/site-packages/airflow/example_dags/example_nested_branch_dag.py
[2022-09-24T07:42:19.591+0000] {processor.py:758} INFO - Processing file /home/airflow/.local/lib/python3.7/site-packages/airflow/example_dags/example_nested_branch_dag.py for tasks to queue
[2022-09-24T07:42:19.592+0000] {logging_mixin.py:117} INFO - [2022-09-24T07:42:19.592+0000] {dagbag.py:525} INFO - Filling up the DagBag from /home/airflow/.local/lib/python3.7/site-packages/airflow/example_dags/example_nested_branch_dag.py
[2022-09-24T07:42:19.610+0000] {processor.py:768} INFO - DAG(s) dict_keys(['example_nested_branch_dag']) retrieved from /home/airflow/.local/lib/python3.7/site-packages/airflow/example_dags/example_nested_branch_dag.py
[2022-09-24T07:42:19.640+0000] {logging_mixin.py:117} INFO - [2022-09-24T07:42:19.640+0000] {dag.py:2573} INFO - Sync 1 DAGs
[2022-09-24T07:42:19.657+0000] {logging_mixin.py:117} INFO - [2022-09-24T07:42:19.657+0000] {dag.py:3328} INFO - Setting next_dagrun for example_nested_branch_dag to 2022-09-23T00:00:00+00:00, run_after=2022-09-24T00:00:00+00:00
[2022-09-24T07:42:19.672+0000] {processor.py:178} INFO - Processing /home/airflow/.local/lib/python3.7/site-packages/airflow/example_dags/example_nested_branch_dag.py took 0.085 seconds
[2022-09-24T07:42:49.813+0000] {processor.py:156} INFO - Started process (PID=32956) to work on /home/airflow/.local/lib/python3.7/site-packages/airflow/example_dags/example_nested_branch_dag.py
[2022-09-24T07:42:49.814+0000] {processor.py:758} INFO - Processing file /home/airflow/.local/lib/python3.7/site-packages/airflow/example_dags/example_nested_branch_dag.py for tasks to queue
[2022-09-24T07:42:49.815+0000] {logging_mixin.py:117} INFO - [2022-09-24T07:42:49.815+0000] {dagbag.py:525} INFO - Filling up the DagBag from /home/airflow/.local/lib/python3.7/site-packages/airflow/example_dags/example_nested_branch_dag.py
[2022-09-24T07:42:49.831+0000] {processor.py:768} INFO - DAG(s) dict_keys(['example_nested_branch_dag']) retrieved from /home/airflow/.local/lib/python3.7/site-packages/airflow/example_dags/example_nested_branch_dag.py
[2022-09-24T07:42:49.857+0000] {logging_mixin.py:117} INFO - [2022-09-24T07:42:49.857+0000] {dag.py:2573} INFO - Sync 1 DAGs
[2022-09-24T07:42:49.878+0000] {logging_mixin.py:117} INFO - [2022-09-24T07:42:49.878+0000] {dag.py:3328} INFO - Setting next_dagrun for example_nested_branch_dag to 2022-09-23T00:00:00+00:00, run_after=2022-09-24T00:00:00+00:00
[2022-09-24T07:42:49.894+0000] {processor.py:178} INFO - Processing /home/airflow/.local/lib/python3.7/site-packages/airflow/example_dags/example_nested_branch_dag.py took 0.083 seconds
[2022-09-24T07:43:20.054+0000] {processor.py:156} INFO - Started process (PID=33019) to work on /home/airflow/.local/lib/python3.7/site-packages/airflow/example_dags/example_nested_branch_dag.py
[2022-09-24T07:43:20.055+0000] {processor.py:758} INFO - Processing file /home/airflow/.local/lib/python3.7/site-packages/airflow/example_dags/example_nested_branch_dag.py for tasks to queue
[2022-09-24T07:43:20.057+0000] {logging_mixin.py:117} INFO - [2022-09-24T07:43:20.057+0000] {dagbag.py:525} INFO - Filling up the DagBag from /home/airflow/.local/lib/python3.7/site-packages/airflow/example_dags/example_nested_branch_dag.py
[2022-09-24T07:43:20.074+0000] {processor.py:768} INFO - DAG(s) dict_keys(['example_nested_branch_dag']) retrieved from /home/airflow/.local/lib/python3.7/site-packages/airflow/example_dags/example_nested_branch_dag.py
[2022-09-24T07:43:20.103+0000] {logging_mixin.py:117} INFO - [2022-09-24T07:43:20.103+0000] {dag.py:2573} INFO - Sync 1 DAGs
[2022-09-24T07:43:20.122+0000] {logging_mixin.py:117} INFO - [2022-09-24T07:43:20.121+0000] {dag.py:3328} INFO - Setting next_dagrun for example_nested_branch_dag to 2022-09-23T00:00:00+00:00, run_after=2022-09-24T00:00:00+00:00
[2022-09-24T07:43:20.139+0000] {processor.py:178} INFO - Processing /home/airflow/.local/lib/python3.7/site-packages/airflow/example_dags/example_nested_branch_dag.py took 0.088 seconds
[2022-09-24T07:43:50.309+0000] {processor.py:156} INFO - Started process (PID=33073) to work on /home/airflow/.local/lib/python3.7/site-packages/airflow/example_dags/example_nested_branch_dag.py
[2022-09-24T07:43:50.310+0000] {processor.py:758} INFO - Processing file /home/airflow/.local/lib/python3.7/site-packages/airflow/example_dags/example_nested_branch_dag.py for tasks to queue
[2022-09-24T07:43:50.311+0000] {logging_mixin.py:117} INFO - [2022-09-24T07:43:50.311+0000] {dagbag.py:525} INFO - Filling up the DagBag from /home/airflow/.local/lib/python3.7/site-packages/airflow/example_dags/example_nested_branch_dag.py
[2022-09-24T07:43:50.327+0000] {processor.py:768} INFO - DAG(s) dict_keys(['example_nested_branch_dag']) retrieved from /home/airflow/.local/lib/python3.7/site-packages/airflow/example_dags/example_nested_branch_dag.py
[2022-09-24T07:43:50.353+0000] {logging_mixin.py:117} INFO - [2022-09-24T07:43:50.353+0000] {dag.py:2573} INFO - Sync 1 DAGs
[2022-09-24T07:43:50.370+0000] {logging_mixin.py:117} INFO - [2022-09-24T07:43:50.370+0000] {dag.py:3328} INFO - Setting next_dagrun for example_nested_branch_dag to 2022-09-23T00:00:00+00:00, run_after=2022-09-24T00:00:00+00:00
[2022-09-24T07:43:50.390+0000] {processor.py:178} INFO - Processing /home/airflow/.local/lib/python3.7/site-packages/airflow/example_dags/example_nested_branch_dag.py took 0.083 seconds
[2022-09-24T07:44:20.572+0000] {processor.py:156} INFO - Started process (PID=33135) to work on /home/airflow/.local/lib/python3.7/site-packages/airflow/example_dags/example_nested_branch_dag.py
[2022-09-24T07:44:20.574+0000] {processor.py:758} INFO - Processing file /home/airflow/.local/lib/python3.7/site-packages/airflow/example_dags/example_nested_branch_dag.py for tasks to queue
[2022-09-24T07:44:20.575+0000] {logging_mixin.py:117} INFO - [2022-09-24T07:44:20.575+0000] {dagbag.py:525} INFO - Filling up the DagBag from /home/airflow/.local/lib/python3.7/site-packages/airflow/example_dags/example_nested_branch_dag.py
[2022-09-24T07:44:20.591+0000] {processor.py:768} INFO - DAG(s) dict_keys(['example_nested_branch_dag']) retrieved from /home/airflow/.local/lib/python3.7/site-packages/airflow/example_dags/example_nested_branch_dag.py
[2022-09-24T07:44:20.617+0000] {logging_mixin.py:117} INFO - [2022-09-24T07:44:20.617+0000] {dag.py:2573} INFO - Sync 1 DAGs
[2022-09-24T07:44:20.633+0000] {logging_mixin.py:117} INFO - [2022-09-24T07:44:20.633+0000] {dag.py:3328} INFO - Setting next_dagrun for example_nested_branch_dag to 2022-09-23T00:00:00+00:00, run_after=2022-09-24T00:00:00+00:00
[2022-09-24T07:44:20.648+0000] {processor.py:178} INFO - Processing /home/airflow/.local/lib/python3.7/site-packages/airflow/example_dags/example_nested_branch_dag.py took 0.078 seconds
[2022-09-24T07:44:50.843+0000] {processor.py:156} INFO - Started process (PID=33199) to work on /home/airflow/.local/lib/python3.7/site-packages/airflow/example_dags/example_nested_branch_dag.py
[2022-09-24T07:44:50.845+0000] {processor.py:758} INFO - Processing file /home/airflow/.local/lib/python3.7/site-packages/airflow/example_dags/example_nested_branch_dag.py for tasks to queue
[2022-09-24T07:44:50.846+0000] {logging_mixin.py:117} INFO - [2022-09-24T07:44:50.846+0000] {dagbag.py:525} INFO - Filling up the DagBag from /home/airflow/.local/lib/python3.7/site-packages/airflow/example_dags/example_nested_branch_dag.py
[2022-09-24T07:44:50.862+0000] {processor.py:768} INFO - DAG(s) dict_keys(['example_nested_branch_dag']) retrieved from /home/airflow/.local/lib/python3.7/site-packages/airflow/example_dags/example_nested_branch_dag.py
[2022-09-24T07:44:50.888+0000] {logging_mixin.py:117} INFO - [2022-09-24T07:44:50.888+0000] {dag.py:2573} INFO - Sync 1 DAGs
[2022-09-24T07:44:50.906+0000] {logging_mixin.py:117} INFO - [2022-09-24T07:44:50.906+0000] {dag.py:3328} INFO - Setting next_dagrun for example_nested_branch_dag to 2022-09-23T00:00:00+00:00, run_after=2022-09-24T00:00:00+00:00
[2022-09-24T07:44:50.919+0000] {processor.py:178} INFO - Processing /home/airflow/.local/lib/python3.7/site-packages/airflow/example_dags/example_nested_branch_dag.py took 0.078 seconds
[2022-09-24T07:45:21.138+0000] {processor.py:156} INFO - Started process (PID=33263) to work on /home/airflow/.local/lib/python3.7/site-packages/airflow/example_dags/example_nested_branch_dag.py
[2022-09-24T07:45:21.140+0000] {processor.py:758} INFO - Processing file /home/airflow/.local/lib/python3.7/site-packages/airflow/example_dags/example_nested_branch_dag.py for tasks to queue
[2022-09-24T07:45:21.141+0000] {logging_mixin.py:117} INFO - [2022-09-24T07:45:21.141+0000] {dagbag.py:525} INFO - Filling up the DagBag from /home/airflow/.local/lib/python3.7/site-packages/airflow/example_dags/example_nested_branch_dag.py
[2022-09-24T07:45:21.157+0000] {processor.py:768} INFO - DAG(s) dict_keys(['example_nested_branch_dag']) retrieved from /home/airflow/.local/lib/python3.7/site-packages/airflow/example_dags/example_nested_branch_dag.py
[2022-09-24T07:45:21.183+0000] {logging_mixin.py:117} INFO - [2022-09-24T07:45:21.183+0000] {dag.py:2573} INFO - Sync 1 DAGs
[2022-09-24T07:45:21.198+0000] {logging_mixin.py:117} INFO - [2022-09-24T07:45:21.198+0000] {dag.py:3328} INFO - Setting next_dagrun for example_nested_branch_dag to 2022-09-23T00:00:00+00:00, run_after=2022-09-24T00:00:00+00:00
[2022-09-24T07:45:21.211+0000] {processor.py:178} INFO - Processing /home/airflow/.local/lib/python3.7/site-packages/airflow/example_dags/example_nested_branch_dag.py took 0.075 seconds
[2022-09-24T07:45:51.511+0000] {processor.py:156} INFO - Started process (PID=33326) to work on /home/airflow/.local/lib/python3.7/site-packages/airflow/example_dags/example_nested_branch_dag.py
[2022-09-24T07:45:51.513+0000] {processor.py:758} INFO - Processing file /home/airflow/.local/lib/python3.7/site-packages/airflow/example_dags/example_nested_branch_dag.py for tasks to queue
[2022-09-24T07:45:51.514+0000] {logging_mixin.py:117} INFO - [2022-09-24T07:45:51.514+0000] {dagbag.py:525} INFO - Filling up the DagBag from /home/airflow/.local/lib/python3.7/site-packages/airflow/example_dags/example_nested_branch_dag.py
[2022-09-24T07:45:51.531+0000] {processor.py:768} INFO - DAG(s) dict_keys(['example_nested_branch_dag']) retrieved from /home/airflow/.local/lib/python3.7/site-packages/airflow/example_dags/example_nested_branch_dag.py
[2022-09-24T07:45:51.557+0000] {logging_mixin.py:117} INFO - [2022-09-24T07:45:51.557+0000] {dag.py:2573} INFO - Sync 1 DAGs
[2022-09-24T07:45:51.575+0000] {logging_mixin.py:117} INFO - [2022-09-24T07:45:51.575+0000] {dag.py:3328} INFO - Setting next_dagrun for example_nested_branch_dag to 2022-09-23T00:00:00+00:00, run_after=2022-09-24T00:00:00+00:00
[2022-09-24T07:45:51.589+0000] {processor.py:178} INFO - Processing /home/airflow/.local/lib/python3.7/site-packages/airflow/example_dags/example_nested_branch_dag.py took 0.080 seconds
[2022-09-24T07:46:21.756+0000] {processor.py:156} INFO - Started process (PID=33389) to work on /home/airflow/.local/lib/python3.7/site-packages/airflow/example_dags/example_nested_branch_dag.py
[2022-09-24T07:46:21.757+0000] {processor.py:758} INFO - Processing file /home/airflow/.local/lib/python3.7/site-packages/airflow/example_dags/example_nested_branch_dag.py for tasks to queue
[2022-09-24T07:46:21.758+0000] {logging_mixin.py:117} INFO - [2022-09-24T07:46:21.758+0000] {dagbag.py:525} INFO - Filling up the DagBag from /home/airflow/.local/lib/python3.7/site-packages/airflow/example_dags/example_nested_branch_dag.py
[2022-09-24T07:46:21.775+0000] {processor.py:768} INFO - DAG(s) dict_keys(['example_nested_branch_dag']) retrieved from /home/airflow/.local/lib/python3.7/site-packages/airflow/example_dags/example_nested_branch_dag.py
[2022-09-24T07:46:21.800+0000] {logging_mixin.py:117} INFO - [2022-09-24T07:46:21.800+0000] {dag.py:2573} INFO - Sync 1 DAGs
[2022-09-24T07:46:21.816+0000] {logging_mixin.py:117} INFO - [2022-09-24T07:46:21.816+0000] {dag.py:3328} INFO - Setting next_dagrun for example_nested_branch_dag to 2022-09-23T00:00:00+00:00, run_after=2022-09-24T00:00:00+00:00
[2022-09-24T07:46:21.832+0000] {processor.py:178} INFO - Processing /home/airflow/.local/lib/python3.7/site-packages/airflow/example_dags/example_nested_branch_dag.py took 0.078 seconds
[2022-09-24T07:46:52.245+0000] {processor.py:156} INFO - Started process (PID=33443) to work on /home/airflow/.local/lib/python3.7/site-packages/airflow/example_dags/example_nested_branch_dag.py
[2022-09-24T07:46:52.247+0000] {processor.py:758} INFO - Processing file /home/airflow/.local/lib/python3.7/site-packages/airflow/example_dags/example_nested_branch_dag.py for tasks to queue
[2022-09-24T07:46:52.248+0000] {logging_mixin.py:117} INFO - [2022-09-24T07:46:52.248+0000] {dagbag.py:525} INFO - Filling up the DagBag from /home/airflow/.local/lib/python3.7/site-packages/airflow/example_dags/example_nested_branch_dag.py
[2022-09-24T07:46:52.264+0000] {processor.py:768} INFO - DAG(s) dict_keys(['example_nested_branch_dag']) retrieved from /home/airflow/.local/lib/python3.7/site-packages/airflow/example_dags/example_nested_branch_dag.py
[2022-09-24T07:46:52.289+0000] {logging_mixin.py:117} INFO - [2022-09-24T07:46:52.289+0000] {dag.py:2573} INFO - Sync 1 DAGs
[2022-09-24T07:46:52.305+0000] {logging_mixin.py:117} INFO - [2022-09-24T07:46:52.305+0000] {dag.py:3328} INFO - Setting next_dagrun for example_nested_branch_dag to 2022-09-23T00:00:00+00:00, run_after=2022-09-24T00:00:00+00:00
[2022-09-24T07:46:52.318+0000] {processor.py:178} INFO - Processing /home/airflow/.local/lib/python3.7/site-packages/airflow/example_dags/example_nested_branch_dag.py took 0.076 seconds
[2022-09-24T08:22:50.857+0000] {processor.py:156} INFO - Started process (PID=33507) to work on /home/airflow/.local/lib/python3.7/site-packages/airflow/example_dags/example_nested_branch_dag.py
[2022-09-24T08:22:50.860+0000] {processor.py:758} INFO - Processing file /home/airflow/.local/lib/python3.7/site-packages/airflow/example_dags/example_nested_branch_dag.py for tasks to queue
[2022-09-24T08:22:50.861+0000] {logging_mixin.py:117} INFO - [2022-09-24T08:22:50.861+0000] {dagbag.py:525} INFO - Filling up the DagBag from /home/airflow/.local/lib/python3.7/site-packages/airflow/example_dags/example_nested_branch_dag.py
[2022-09-24T08:22:50.900+0000] {processor.py:768} INFO - DAG(s) dict_keys(['example_nested_branch_dag']) retrieved from /home/airflow/.local/lib/python3.7/site-packages/airflow/example_dags/example_nested_branch_dag.py
[2022-09-24T08:22:50.960+0000] {logging_mixin.py:117} INFO - [2022-09-24T08:22:50.960+0000] {dag.py:2573} INFO - Sync 1 DAGs
[2022-09-24T08:22:50.992+0000] {logging_mixin.py:117} INFO - [2022-09-24T08:22:50.992+0000] {dag.py:3328} INFO - Setting next_dagrun for example_nested_branch_dag to 2022-09-23T00:00:00+00:00, run_after=2022-09-24T00:00:00+00:00
[2022-09-24T08:22:51.016+0000] {processor.py:178} INFO - Processing /home/airflow/.local/lib/python3.7/site-packages/airflow/example_dags/example_nested_branch_dag.py took 0.162 seconds
[2022-09-24T08:25:47.308+0000] {processor.py:156} INFO - Started process (PID=33570) to work on /home/airflow/.local/lib/python3.7/site-packages/airflow/example_dags/example_nested_branch_dag.py
[2022-09-24T08:25:47.313+0000] {processor.py:758} INFO - Processing file /home/airflow/.local/lib/python3.7/site-packages/airflow/example_dags/example_nested_branch_dag.py for tasks to queue
[2022-09-24T08:25:47.314+0000] {logging_mixin.py:117} INFO - [2022-09-24T08:25:47.314+0000] {dagbag.py:525} INFO - Filling up the DagBag from /home/airflow/.local/lib/python3.7/site-packages/airflow/example_dags/example_nested_branch_dag.py
[2022-09-24T08:25:47.350+0000] {processor.py:768} INFO - DAG(s) dict_keys(['example_nested_branch_dag']) retrieved from /home/airflow/.local/lib/python3.7/site-packages/airflow/example_dags/example_nested_branch_dag.py
[2022-09-24T08:25:47.420+0000] {logging_mixin.py:117} INFO - [2022-09-24T08:25:47.420+0000] {dag.py:2573} INFO - Sync 1 DAGs
[2022-09-24T08:25:47.445+0000] {logging_mixin.py:117} INFO - [2022-09-24T08:25:47.445+0000] {dag.py:3328} INFO - Setting next_dagrun for example_nested_branch_dag to 2022-09-23T00:00:00+00:00, run_after=2022-09-24T00:00:00+00:00
[2022-09-24T08:25:47.469+0000] {processor.py:178} INFO - Processing /home/airflow/.local/lib/python3.7/site-packages/airflow/example_dags/example_nested_branch_dag.py took 0.164 seconds
[2022-09-24T08:26:17.642+0000] {processor.py:156} INFO - Started process (PID=33624) to work on /home/airflow/.local/lib/python3.7/site-packages/airflow/example_dags/example_nested_branch_dag.py
[2022-09-24T08:26:17.644+0000] {processor.py:758} INFO - Processing file /home/airflow/.local/lib/python3.7/site-packages/airflow/example_dags/example_nested_branch_dag.py for tasks to queue
[2022-09-24T08:26:17.645+0000] {logging_mixin.py:117} INFO - [2022-09-24T08:26:17.644+0000] {dagbag.py:525} INFO - Filling up the DagBag from /home/airflow/.local/lib/python3.7/site-packages/airflow/example_dags/example_nested_branch_dag.py
[2022-09-24T08:26:17.663+0000] {processor.py:768} INFO - DAG(s) dict_keys(['example_nested_branch_dag']) retrieved from /home/airflow/.local/lib/python3.7/site-packages/airflow/example_dags/example_nested_branch_dag.py
[2022-09-24T08:26:17.691+0000] {logging_mixin.py:117} INFO - [2022-09-24T08:26:17.691+0000] {dag.py:2573} INFO - Sync 1 DAGs
[2022-09-24T08:26:17.706+0000] {logging_mixin.py:117} INFO - [2022-09-24T08:26:17.706+0000] {dag.py:3328} INFO - Setting next_dagrun for example_nested_branch_dag to 2022-09-23T00:00:00+00:00, run_after=2022-09-24T00:00:00+00:00
[2022-09-24T08:26:17.717+0000] {processor.py:178} INFO - Processing /home/airflow/.local/lib/python3.7/site-packages/airflow/example_dags/example_nested_branch_dag.py took 0.079 seconds
[2022-09-24T08:26:47.854+0000] {processor.py:156} INFO - Started process (PID=33687) to work on /home/airflow/.local/lib/python3.7/site-packages/airflow/example_dags/example_nested_branch_dag.py
[2022-09-24T08:26:47.856+0000] {processor.py:758} INFO - Processing file /home/airflow/.local/lib/python3.7/site-packages/airflow/example_dags/example_nested_branch_dag.py for tasks to queue
[2022-09-24T08:26:47.857+0000] {logging_mixin.py:117} INFO - [2022-09-24T08:26:47.857+0000] {dagbag.py:525} INFO - Filling up the DagBag from /home/airflow/.local/lib/python3.7/site-packages/airflow/example_dags/example_nested_branch_dag.py
[2022-09-24T08:26:47.873+0000] {processor.py:768} INFO - DAG(s) dict_keys(['example_nested_branch_dag']) retrieved from /home/airflow/.local/lib/python3.7/site-packages/airflow/example_dags/example_nested_branch_dag.py
[2022-09-24T08:26:47.906+0000] {logging_mixin.py:117} INFO - [2022-09-24T08:26:47.905+0000] {dag.py:2573} INFO - Sync 1 DAGs
[2022-09-24T08:26:47.922+0000] {logging_mixin.py:117} INFO - [2022-09-24T08:26:47.922+0000] {dag.py:3328} INFO - Setting next_dagrun for example_nested_branch_dag to 2022-09-23T00:00:00+00:00, run_after=2022-09-24T00:00:00+00:00
[2022-09-24T08:26:47.939+0000] {processor.py:178} INFO - Processing /home/airflow/.local/lib/python3.7/site-packages/airflow/example_dags/example_nested_branch_dag.py took 0.087 seconds
[2022-09-24T08:27:18.251+0000] {processor.py:156} INFO - Started process (PID=33750) to work on /home/airflow/.local/lib/python3.7/site-packages/airflow/example_dags/example_nested_branch_dag.py
[2022-09-24T08:27:18.252+0000] {processor.py:758} INFO - Processing file /home/airflow/.local/lib/python3.7/site-packages/airflow/example_dags/example_nested_branch_dag.py for tasks to queue
[2022-09-24T08:27:18.253+0000] {logging_mixin.py:117} INFO - [2022-09-24T08:27:18.253+0000] {dagbag.py:525} INFO - Filling up the DagBag from /home/airflow/.local/lib/python3.7/site-packages/airflow/example_dags/example_nested_branch_dag.py
[2022-09-24T08:27:18.269+0000] {processor.py:768} INFO - DAG(s) dict_keys(['example_nested_branch_dag']) retrieved from /home/airflow/.local/lib/python3.7/site-packages/airflow/example_dags/example_nested_branch_dag.py
[2022-09-24T08:27:18.296+0000] {logging_mixin.py:117} INFO - [2022-09-24T08:27:18.296+0000] {dag.py:2573} INFO - Sync 1 DAGs
[2022-09-24T08:27:18.311+0000] {logging_mixin.py:117} INFO - [2022-09-24T08:27:18.311+0000] {dag.py:3328} INFO - Setting next_dagrun for example_nested_branch_dag to 2022-09-23T00:00:00+00:00, run_after=2022-09-24T00:00:00+00:00
[2022-09-24T08:27:18.323+0000] {processor.py:178} INFO - Processing /home/airflow/.local/lib/python3.7/site-packages/airflow/example_dags/example_nested_branch_dag.py took 0.074 seconds
[2022-09-24T08:27:48.567+0000] {processor.py:156} INFO - Started process (PID=33812) to work on /home/airflow/.local/lib/python3.7/site-packages/airflow/example_dags/example_nested_branch_dag.py
[2022-09-24T08:27:48.569+0000] {processor.py:758} INFO - Processing file /home/airflow/.local/lib/python3.7/site-packages/airflow/example_dags/example_nested_branch_dag.py for tasks to queue
[2022-09-24T08:27:48.570+0000] {logging_mixin.py:117} INFO - [2022-09-24T08:27:48.570+0000] {dagbag.py:525} INFO - Filling up the DagBag from /home/airflow/.local/lib/python3.7/site-packages/airflow/example_dags/example_nested_branch_dag.py
[2022-09-24T08:27:48.586+0000] {processor.py:768} INFO - DAG(s) dict_keys(['example_nested_branch_dag']) retrieved from /home/airflow/.local/lib/python3.7/site-packages/airflow/example_dags/example_nested_branch_dag.py
[2022-09-24T08:27:48.615+0000] {logging_mixin.py:117} INFO - [2022-09-24T08:27:48.615+0000] {dag.py:2573} INFO - Sync 1 DAGs
[2022-09-24T08:27:48.631+0000] {logging_mixin.py:117} INFO - [2022-09-24T08:27:48.631+0000] {dag.py:3328} INFO - Setting next_dagrun for example_nested_branch_dag to 2022-09-23T00:00:00+00:00, run_after=2022-09-24T00:00:00+00:00
[2022-09-24T08:27:48.642+0000] {processor.py:178} INFO - Processing /home/airflow/.local/lib/python3.7/site-packages/airflow/example_dags/example_nested_branch_dag.py took 0.077 seconds
[2022-09-24T08:28:18.819+0000] {processor.py:156} INFO - Started process (PID=33876) to work on /home/airflow/.local/lib/python3.7/site-packages/airflow/example_dags/example_nested_branch_dag.py
[2022-09-24T08:28:18.821+0000] {processor.py:758} INFO - Processing file /home/airflow/.local/lib/python3.7/site-packages/airflow/example_dags/example_nested_branch_dag.py for tasks to queue
[2022-09-24T08:28:18.823+0000] {logging_mixin.py:117} INFO - [2022-09-24T08:28:18.823+0000] {dagbag.py:525} INFO - Filling up the DagBag from /home/airflow/.local/lib/python3.7/site-packages/airflow/example_dags/example_nested_branch_dag.py
[2022-09-24T08:28:18.839+0000] {processor.py:768} INFO - DAG(s) dict_keys(['example_nested_branch_dag']) retrieved from /home/airflow/.local/lib/python3.7/site-packages/airflow/example_dags/example_nested_branch_dag.py
[2022-09-24T08:28:18.871+0000] {logging_mixin.py:117} INFO - [2022-09-24T08:28:18.871+0000] {dag.py:2573} INFO - Sync 1 DAGs
[2022-09-24T08:28:18.890+0000] {logging_mixin.py:117} INFO - [2022-09-24T08:28:18.890+0000] {dag.py:3328} INFO - Setting next_dagrun for example_nested_branch_dag to 2022-09-23T00:00:00+00:00, run_after=2022-09-24T00:00:00+00:00
[2022-09-24T08:28:18.903+0000] {processor.py:178} INFO - Processing /home/airflow/.local/lib/python3.7/site-packages/airflow/example_dags/example_nested_branch_dag.py took 0.087 seconds
[2022-09-24T08:28:49.058+0000] {processor.py:156} INFO - Started process (PID=33930) to work on /home/airflow/.local/lib/python3.7/site-packages/airflow/example_dags/example_nested_branch_dag.py
[2022-09-24T08:28:49.061+0000] {processor.py:758} INFO - Processing file /home/airflow/.local/lib/python3.7/site-packages/airflow/example_dags/example_nested_branch_dag.py for tasks to queue
[2022-09-24T08:28:49.062+0000] {logging_mixin.py:117} INFO - [2022-09-24T08:28:49.062+0000] {dagbag.py:525} INFO - Filling up the DagBag from /home/airflow/.local/lib/python3.7/site-packages/airflow/example_dags/example_nested_branch_dag.py
[2022-09-24T08:28:49.079+0000] {processor.py:768} INFO - DAG(s) dict_keys(['example_nested_branch_dag']) retrieved from /home/airflow/.local/lib/python3.7/site-packages/airflow/example_dags/example_nested_branch_dag.py
[2022-09-24T08:28:49.107+0000] {logging_mixin.py:117} INFO - [2022-09-24T08:28:49.107+0000] {dag.py:2573} INFO - Sync 1 DAGs
[2022-09-24T08:28:49.126+0000] {logging_mixin.py:117} INFO - [2022-09-24T08:28:49.126+0000] {dag.py:3328} INFO - Setting next_dagrun for example_nested_branch_dag to 2022-09-23T00:00:00+00:00, run_after=2022-09-24T00:00:00+00:00
[2022-09-24T08:28:49.140+0000] {processor.py:178} INFO - Processing /home/airflow/.local/lib/python3.7/site-packages/airflow/example_dags/example_nested_branch_dag.py took 0.084 seconds
[2022-09-24T08:29:19.621+0000] {processor.py:156} INFO - Started process (PID=33993) to work on /home/airflow/.local/lib/python3.7/site-packages/airflow/example_dags/example_nested_branch_dag.py
[2022-09-24T08:29:19.623+0000] {processor.py:758} INFO - Processing file /home/airflow/.local/lib/python3.7/site-packages/airflow/example_dags/example_nested_branch_dag.py for tasks to queue
[2022-09-24T08:29:19.626+0000] {logging_mixin.py:117} INFO - [2022-09-24T08:29:19.626+0000] {dagbag.py:525} INFO - Filling up the DagBag from /home/airflow/.local/lib/python3.7/site-packages/airflow/example_dags/example_nested_branch_dag.py
[2022-09-24T08:29:19.644+0000] {processor.py:768} INFO - DAG(s) dict_keys(['example_nested_branch_dag']) retrieved from /home/airflow/.local/lib/python3.7/site-packages/airflow/example_dags/example_nested_branch_dag.py
[2022-09-24T08:29:19.674+0000] {logging_mixin.py:117} INFO - [2022-09-24T08:29:19.674+0000] {dag.py:2573} INFO - Sync 1 DAGs
[2022-09-24T08:29:19.690+0000] {logging_mixin.py:117} INFO - [2022-09-24T08:29:19.690+0000] {dag.py:3328} INFO - Setting next_dagrun for example_nested_branch_dag to 2022-09-23T00:00:00+00:00, run_after=2022-09-24T00:00:00+00:00
[2022-09-24T08:29:19.702+0000] {processor.py:178} INFO - Processing /home/airflow/.local/lib/python3.7/site-packages/airflow/example_dags/example_nested_branch_dag.py took 0.084 seconds
[2022-09-24T08:29:49.935+0000] {processor.py:156} INFO - Started process (PID=34057) to work on /home/airflow/.local/lib/python3.7/site-packages/airflow/example_dags/example_nested_branch_dag.py
[2022-09-24T08:29:49.937+0000] {processor.py:758} INFO - Processing file /home/airflow/.local/lib/python3.7/site-packages/airflow/example_dags/example_nested_branch_dag.py for tasks to queue
[2022-09-24T08:29:49.939+0000] {logging_mixin.py:117} INFO - [2022-09-24T08:29:49.939+0000] {dagbag.py:525} INFO - Filling up the DagBag from /home/airflow/.local/lib/python3.7/site-packages/airflow/example_dags/example_nested_branch_dag.py
[2022-09-24T08:29:49.958+0000] {processor.py:768} INFO - DAG(s) dict_keys(['example_nested_branch_dag']) retrieved from /home/airflow/.local/lib/python3.7/site-packages/airflow/example_dags/example_nested_branch_dag.py
[2022-09-24T08:29:49.989+0000] {logging_mixin.py:117} INFO - [2022-09-24T08:29:49.989+0000] {dag.py:2573} INFO - Sync 1 DAGs
[2022-09-24T08:29:50.005+0000] {logging_mixin.py:117} INFO - [2022-09-24T08:29:50.005+0000] {dag.py:3328} INFO - Setting next_dagrun for example_nested_branch_dag to 2022-09-23T00:00:00+00:00, run_after=2022-09-24T00:00:00+00:00
[2022-09-24T08:29:50.017+0000] {processor.py:178} INFO - Processing /home/airflow/.local/lib/python3.7/site-packages/airflow/example_dags/example_nested_branch_dag.py took 0.085 seconds
[2022-09-24T08:30:20.279+0000] {processor.py:156} INFO - Started process (PID=34120) to work on /home/airflow/.local/lib/python3.7/site-packages/airflow/example_dags/example_nested_branch_dag.py
[2022-09-24T08:30:20.281+0000] {processor.py:758} INFO - Processing file /home/airflow/.local/lib/python3.7/site-packages/airflow/example_dags/example_nested_branch_dag.py for tasks to queue
[2022-09-24T08:30:20.284+0000] {logging_mixin.py:117} INFO - [2022-09-24T08:30:20.284+0000] {dagbag.py:525} INFO - Filling up the DagBag from /home/airflow/.local/lib/python3.7/site-packages/airflow/example_dags/example_nested_branch_dag.py
[2022-09-24T08:30:20.303+0000] {processor.py:768} INFO - DAG(s) dict_keys(['example_nested_branch_dag']) retrieved from /home/airflow/.local/lib/python3.7/site-packages/airflow/example_dags/example_nested_branch_dag.py
[2022-09-24T08:30:20.330+0000] {logging_mixin.py:117} INFO - [2022-09-24T08:30:20.330+0000] {dag.py:2573} INFO - Sync 1 DAGs
[2022-09-24T08:30:20.347+0000] {logging_mixin.py:117} INFO - [2022-09-24T08:30:20.347+0000] {dag.py:3328} INFO - Setting next_dagrun for example_nested_branch_dag to 2022-09-23T00:00:00+00:00, run_after=2022-09-24T00:00:00+00:00
[2022-09-24T08:30:20.361+0000] {processor.py:178} INFO - Processing /home/airflow/.local/lib/python3.7/site-packages/airflow/example_dags/example_nested_branch_dag.py took 0.084 seconds
[2022-09-24T08:30:50.505+0000] {processor.py:156} INFO - Started process (PID=34184) to work on /home/airflow/.local/lib/python3.7/site-packages/airflow/example_dags/example_nested_branch_dag.py
[2022-09-24T08:30:50.506+0000] {processor.py:758} INFO - Processing file /home/airflow/.local/lib/python3.7/site-packages/airflow/example_dags/example_nested_branch_dag.py for tasks to queue
[2022-09-24T08:30:50.507+0000] {logging_mixin.py:117} INFO - [2022-09-24T08:30:50.507+0000] {dagbag.py:525} INFO - Filling up the DagBag from /home/airflow/.local/lib/python3.7/site-packages/airflow/example_dags/example_nested_branch_dag.py
[2022-09-24T08:30:50.523+0000] {processor.py:768} INFO - DAG(s) dict_keys(['example_nested_branch_dag']) retrieved from /home/airflow/.local/lib/python3.7/site-packages/airflow/example_dags/example_nested_branch_dag.py
[2022-09-24T08:30:50.549+0000] {logging_mixin.py:117} INFO - [2022-09-24T08:30:50.549+0000] {dag.py:2573} INFO - Sync 1 DAGs
[2022-09-24T08:30:50.569+0000] {logging_mixin.py:117} INFO - [2022-09-24T08:30:50.569+0000] {dag.py:3328} INFO - Setting next_dagrun for example_nested_branch_dag to 2022-09-23T00:00:00+00:00, run_after=2022-09-24T00:00:00+00:00
[2022-09-24T08:30:50.581+0000] {processor.py:178} INFO - Processing /home/airflow/.local/lib/python3.7/site-packages/airflow/example_dags/example_nested_branch_dag.py took 0.079 seconds
[2022-09-24T08:31:20.918+0000] {processor.py:156} INFO - Started process (PID=34247) to work on /home/airflow/.local/lib/python3.7/site-packages/airflow/example_dags/example_nested_branch_dag.py
[2022-09-24T08:31:20.919+0000] {processor.py:758} INFO - Processing file /home/airflow/.local/lib/python3.7/site-packages/airflow/example_dags/example_nested_branch_dag.py for tasks to queue
[2022-09-24T08:31:20.920+0000] {logging_mixin.py:117} INFO - [2022-09-24T08:31:20.920+0000] {dagbag.py:525} INFO - Filling up the DagBag from /home/airflow/.local/lib/python3.7/site-packages/airflow/example_dags/example_nested_branch_dag.py
[2022-09-24T08:31:20.936+0000] {processor.py:768} INFO - DAG(s) dict_keys(['example_nested_branch_dag']) retrieved from /home/airflow/.local/lib/python3.7/site-packages/airflow/example_dags/example_nested_branch_dag.py
[2022-09-24T08:31:20.963+0000] {logging_mixin.py:117} INFO - [2022-09-24T08:31:20.963+0000] {dag.py:2573} INFO - Sync 1 DAGs
[2022-09-24T08:31:20.978+0000] {logging_mixin.py:117} INFO - [2022-09-24T08:31:20.978+0000] {dag.py:3328} INFO - Setting next_dagrun for example_nested_branch_dag to 2022-09-23T00:00:00+00:00, run_after=2022-09-24T00:00:00+00:00
[2022-09-24T08:31:20.989+0000] {processor.py:178} INFO - Processing /home/airflow/.local/lib/python3.7/site-packages/airflow/example_dags/example_nested_branch_dag.py took 0.073 seconds
[2022-09-24T08:31:51.153+0000] {processor.py:156} INFO - Started process (PID=34307) to work on /home/airflow/.local/lib/python3.7/site-packages/airflow/example_dags/example_nested_branch_dag.py
[2022-09-24T08:31:51.155+0000] {processor.py:758} INFO - Processing file /home/airflow/.local/lib/python3.7/site-packages/airflow/example_dags/example_nested_branch_dag.py for tasks to queue
[2022-09-24T08:31:51.156+0000] {logging_mixin.py:117} INFO - [2022-09-24T08:31:51.156+0000] {dagbag.py:525} INFO - Filling up the DagBag from /home/airflow/.local/lib/python3.7/site-packages/airflow/example_dags/example_nested_branch_dag.py
[2022-09-24T08:31:51.173+0000] {processor.py:768} INFO - DAG(s) dict_keys(['example_nested_branch_dag']) retrieved from /home/airflow/.local/lib/python3.7/site-packages/airflow/example_dags/example_nested_branch_dag.py
[2022-09-24T08:31:51.200+0000] {logging_mixin.py:117} INFO - [2022-09-24T08:31:51.200+0000] {dag.py:2573} INFO - Sync 1 DAGs
[2022-09-24T08:31:51.216+0000] {logging_mixin.py:117} INFO - [2022-09-24T08:31:51.216+0000] {dag.py:3328} INFO - Setting next_dagrun for example_nested_branch_dag to 2022-09-23T00:00:00+00:00, run_after=2022-09-24T00:00:00+00:00
[2022-09-24T08:31:51.230+0000] {processor.py:178} INFO - Processing /home/airflow/.local/lib/python3.7/site-packages/airflow/example_dags/example_nested_branch_dag.py took 0.079 seconds
[2022-09-24T08:32:21.368+0000] {processor.py:156} INFO - Started process (PID=34363) to work on /home/airflow/.local/lib/python3.7/site-packages/airflow/example_dags/example_nested_branch_dag.py
[2022-09-24T08:32:21.370+0000] {processor.py:758} INFO - Processing file /home/airflow/.local/lib/python3.7/site-packages/airflow/example_dags/example_nested_branch_dag.py for tasks to queue
[2022-09-24T08:32:21.371+0000] {logging_mixin.py:117} INFO - [2022-09-24T08:32:21.371+0000] {dagbag.py:525} INFO - Filling up the DagBag from /home/airflow/.local/lib/python3.7/site-packages/airflow/example_dags/example_nested_branch_dag.py
[2022-09-24T08:32:21.388+0000] {processor.py:768} INFO - DAG(s) dict_keys(['example_nested_branch_dag']) retrieved from /home/airflow/.local/lib/python3.7/site-packages/airflow/example_dags/example_nested_branch_dag.py
[2022-09-24T08:32:21.418+0000] {logging_mixin.py:117} INFO - [2022-09-24T08:32:21.418+0000] {dag.py:2573} INFO - Sync 1 DAGs
[2022-09-24T08:32:21.436+0000] {logging_mixin.py:117} INFO - [2022-09-24T08:32:21.436+0000] {dag.py:3328} INFO - Setting next_dagrun for example_nested_branch_dag to 2022-09-23T00:00:00+00:00, run_after=2022-09-24T00:00:00+00:00
[2022-09-24T08:32:21.448+0000] {processor.py:178} INFO - Processing /home/airflow/.local/lib/python3.7/site-packages/airflow/example_dags/example_nested_branch_dag.py took 0.082 seconds
[2022-09-24T08:32:51.705+0000] {processor.py:156} INFO - Started process (PID=34425) to work on /home/airflow/.local/lib/python3.7/site-packages/airflow/example_dags/example_nested_branch_dag.py
[2022-09-24T08:32:51.707+0000] {processor.py:758} INFO - Processing file /home/airflow/.local/lib/python3.7/site-packages/airflow/example_dags/example_nested_branch_dag.py for tasks to queue
[2022-09-24T08:32:51.708+0000] {logging_mixin.py:117} INFO - [2022-09-24T08:32:51.708+0000] {dagbag.py:525} INFO - Filling up the DagBag from /home/airflow/.local/lib/python3.7/site-packages/airflow/example_dags/example_nested_branch_dag.py
[2022-09-24T08:32:51.729+0000] {processor.py:768} INFO - DAG(s) dict_keys(['example_nested_branch_dag']) retrieved from /home/airflow/.local/lib/python3.7/site-packages/airflow/example_dags/example_nested_branch_dag.py
[2022-09-24T08:32:51.761+0000] {logging_mixin.py:117} INFO - [2022-09-24T08:32:51.761+0000] {dag.py:2573} INFO - Sync 1 DAGs
[2022-09-24T08:32:51.781+0000] {logging_mixin.py:117} INFO - [2022-09-24T08:32:51.781+0000] {dag.py:3328} INFO - Setting next_dagrun for example_nested_branch_dag to 2022-09-23T00:00:00+00:00, run_after=2022-09-24T00:00:00+00:00
[2022-09-24T08:32:51.796+0000] {processor.py:178} INFO - Processing /home/airflow/.local/lib/python3.7/site-packages/airflow/example_dags/example_nested_branch_dag.py took 0.093 seconds
[2022-09-24T08:33:22.158+0000] {processor.py:156} INFO - Started process (PID=34488) to work on /home/airflow/.local/lib/python3.7/site-packages/airflow/example_dags/example_nested_branch_dag.py
[2022-09-24T08:33:22.161+0000] {processor.py:758} INFO - Processing file /home/airflow/.local/lib/python3.7/site-packages/airflow/example_dags/example_nested_branch_dag.py for tasks to queue
[2022-09-24T08:33:22.162+0000] {logging_mixin.py:117} INFO - [2022-09-24T08:33:22.162+0000] {dagbag.py:525} INFO - Filling up the DagBag from /home/airflow/.local/lib/python3.7/site-packages/airflow/example_dags/example_nested_branch_dag.py
[2022-09-24T08:33:22.179+0000] {processor.py:768} INFO - DAG(s) dict_keys(['example_nested_branch_dag']) retrieved from /home/airflow/.local/lib/python3.7/site-packages/airflow/example_dags/example_nested_branch_dag.py
[2022-09-24T08:33:22.206+0000] {logging_mixin.py:117} INFO - [2022-09-24T08:33:22.206+0000] {dag.py:2573} INFO - Sync 1 DAGs
[2022-09-24T08:33:22.223+0000] {logging_mixin.py:117} INFO - [2022-09-24T08:33:22.223+0000] {dag.py:3328} INFO - Setting next_dagrun for example_nested_branch_dag to 2022-09-23T00:00:00+00:00, run_after=2022-09-24T00:00:00+00:00
[2022-09-24T08:33:22.237+0000] {processor.py:178} INFO - Processing /home/airflow/.local/lib/python3.7/site-packages/airflow/example_dags/example_nested_branch_dag.py took 0.081 seconds
[2022-09-24T08:33:52.598+0000] {processor.py:156} INFO - Started process (PID=34551) to work on /home/airflow/.local/lib/python3.7/site-packages/airflow/example_dags/example_nested_branch_dag.py
[2022-09-24T08:33:52.600+0000] {processor.py:758} INFO - Processing file /home/airflow/.local/lib/python3.7/site-packages/airflow/example_dags/example_nested_branch_dag.py for tasks to queue
[2022-09-24T08:33:52.601+0000] {logging_mixin.py:117} INFO - [2022-09-24T08:33:52.601+0000] {dagbag.py:525} INFO - Filling up the DagBag from /home/airflow/.local/lib/python3.7/site-packages/airflow/example_dags/example_nested_branch_dag.py
[2022-09-24T08:33:52.618+0000] {processor.py:768} INFO - DAG(s) dict_keys(['example_nested_branch_dag']) retrieved from /home/airflow/.local/lib/python3.7/site-packages/airflow/example_dags/example_nested_branch_dag.py
[2022-09-24T08:33:52.646+0000] {logging_mixin.py:117} INFO - [2022-09-24T08:33:52.646+0000] {dag.py:2573} INFO - Sync 1 DAGs
[2022-09-24T08:33:52.665+0000] {logging_mixin.py:117} INFO - [2022-09-24T08:33:52.665+0000] {dag.py:3328} INFO - Setting next_dagrun for example_nested_branch_dag to 2022-09-23T00:00:00+00:00, run_after=2022-09-24T00:00:00+00:00
[2022-09-24T08:33:52.677+0000] {processor.py:178} INFO - Processing /home/airflow/.local/lib/python3.7/site-packages/airflow/example_dags/example_nested_branch_dag.py took 0.081 seconds
[2022-09-24T08:34:22.857+0000] {processor.py:156} INFO - Started process (PID=34614) to work on /home/airflow/.local/lib/python3.7/site-packages/airflow/example_dags/example_nested_branch_dag.py
[2022-09-24T08:34:22.858+0000] {processor.py:758} INFO - Processing file /home/airflow/.local/lib/python3.7/site-packages/airflow/example_dags/example_nested_branch_dag.py for tasks to queue
[2022-09-24T08:34:22.859+0000] {logging_mixin.py:117} INFO - [2022-09-24T08:34:22.859+0000] {dagbag.py:525} INFO - Filling up the DagBag from /home/airflow/.local/lib/python3.7/site-packages/airflow/example_dags/example_nested_branch_dag.py
[2022-09-24T08:34:22.877+0000] {processor.py:768} INFO - DAG(s) dict_keys(['example_nested_branch_dag']) retrieved from /home/airflow/.local/lib/python3.7/site-packages/airflow/example_dags/example_nested_branch_dag.py
[2022-09-24T08:34:22.903+0000] {logging_mixin.py:117} INFO - [2022-09-24T08:34:22.903+0000] {dag.py:2573} INFO - Sync 1 DAGs
[2022-09-24T08:34:22.919+0000] {logging_mixin.py:117} INFO - [2022-09-24T08:34:22.919+0000] {dag.py:3328} INFO - Setting next_dagrun for example_nested_branch_dag to 2022-09-23T00:00:00+00:00, run_after=2022-09-24T00:00:00+00:00
[2022-09-24T08:34:22.934+0000] {processor.py:178} INFO - Processing /home/airflow/.local/lib/python3.7/site-packages/airflow/example_dags/example_nested_branch_dag.py took 0.080 seconds
[2022-09-24T08:34:53.142+0000] {processor.py:156} INFO - Started process (PID=34676) to work on /home/airflow/.local/lib/python3.7/site-packages/airflow/example_dags/example_nested_branch_dag.py
[2022-09-24T08:34:53.143+0000] {processor.py:758} INFO - Processing file /home/airflow/.local/lib/python3.7/site-packages/airflow/example_dags/example_nested_branch_dag.py for tasks to queue
[2022-09-24T08:34:53.144+0000] {logging_mixin.py:117} INFO - [2022-09-24T08:34:53.144+0000] {dagbag.py:525} INFO - Filling up the DagBag from /home/airflow/.local/lib/python3.7/site-packages/airflow/example_dags/example_nested_branch_dag.py
[2022-09-24T08:34:53.162+0000] {processor.py:768} INFO - DAG(s) dict_keys(['example_nested_branch_dag']) retrieved from /home/airflow/.local/lib/python3.7/site-packages/airflow/example_dags/example_nested_branch_dag.py
[2022-09-24T08:34:53.191+0000] {logging_mixin.py:117} INFO - [2022-09-24T08:34:53.191+0000] {dag.py:2573} INFO - Sync 1 DAGs
[2022-09-24T08:34:53.210+0000] {logging_mixin.py:117} INFO - [2022-09-24T08:34:53.210+0000] {dag.py:3328} INFO - Setting next_dagrun for example_nested_branch_dag to 2022-09-23T00:00:00+00:00, run_after=2022-09-24T00:00:00+00:00
[2022-09-24T08:34:53.224+0000] {processor.py:178} INFO - Processing /home/airflow/.local/lib/python3.7/site-packages/airflow/example_dags/example_nested_branch_dag.py took 0.085 seconds
[2022-09-24T08:35:23.682+0000] {processor.py:156} INFO - Started process (PID=34731) to work on /home/airflow/.local/lib/python3.7/site-packages/airflow/example_dags/example_nested_branch_dag.py
[2022-09-24T08:35:23.684+0000] {processor.py:758} INFO - Processing file /home/airflow/.local/lib/python3.7/site-packages/airflow/example_dags/example_nested_branch_dag.py for tasks to queue
[2022-09-24T08:35:23.685+0000] {logging_mixin.py:117} INFO - [2022-09-24T08:35:23.685+0000] {dagbag.py:525} INFO - Filling up the DagBag from /home/airflow/.local/lib/python3.7/site-packages/airflow/example_dags/example_nested_branch_dag.py
[2022-09-24T08:35:23.702+0000] {processor.py:768} INFO - DAG(s) dict_keys(['example_nested_branch_dag']) retrieved from /home/airflow/.local/lib/python3.7/site-packages/airflow/example_dags/example_nested_branch_dag.py
[2022-09-24T08:35:23.729+0000] {logging_mixin.py:117} INFO - [2022-09-24T08:35:23.729+0000] {dag.py:2573} INFO - Sync 1 DAGs
[2022-09-24T08:35:23.745+0000] {logging_mixin.py:117} INFO - [2022-09-24T08:35:23.745+0000] {dag.py:3328} INFO - Setting next_dagrun for example_nested_branch_dag to 2022-09-23T00:00:00+00:00, run_after=2022-09-24T00:00:00+00:00
[2022-09-24T08:35:23.756+0000] {processor.py:178} INFO - Processing /home/airflow/.local/lib/python3.7/site-packages/airflow/example_dags/example_nested_branch_dag.py took 0.078 seconds
[2022-09-24T08:35:53.951+0000] {processor.py:156} INFO - Started process (PID=34794) to work on /home/airflow/.local/lib/python3.7/site-packages/airflow/example_dags/example_nested_branch_dag.py
[2022-09-24T08:35:53.952+0000] {processor.py:758} INFO - Processing file /home/airflow/.local/lib/python3.7/site-packages/airflow/example_dags/example_nested_branch_dag.py for tasks to queue
[2022-09-24T08:35:53.953+0000] {logging_mixin.py:117} INFO - [2022-09-24T08:35:53.953+0000] {dagbag.py:525} INFO - Filling up the DagBag from /home/airflow/.local/lib/python3.7/site-packages/airflow/example_dags/example_nested_branch_dag.py
[2022-09-24T08:35:53.970+0000] {processor.py:768} INFO - DAG(s) dict_keys(['example_nested_branch_dag']) retrieved from /home/airflow/.local/lib/python3.7/site-packages/airflow/example_dags/example_nested_branch_dag.py
[2022-09-24T08:35:53.997+0000] {logging_mixin.py:117} INFO - [2022-09-24T08:35:53.997+0000] {dag.py:2573} INFO - Sync 1 DAGs
[2022-09-24T08:35:54.013+0000] {logging_mixin.py:117} INFO - [2022-09-24T08:35:54.013+0000] {dag.py:3328} INFO - Setting next_dagrun for example_nested_branch_dag to 2022-09-23T00:00:00+00:00, run_after=2022-09-24T00:00:00+00:00
[2022-09-24T08:35:54.025+0000] {processor.py:178} INFO - Processing /home/airflow/.local/lib/python3.7/site-packages/airflow/example_dags/example_nested_branch_dag.py took 0.077 seconds
[2022-09-24T08:36:24.260+0000] {processor.py:156} INFO - Started process (PID=34857) to work on /home/airflow/.local/lib/python3.7/site-packages/airflow/example_dags/example_nested_branch_dag.py
[2022-09-24T08:36:24.261+0000] {processor.py:758} INFO - Processing file /home/airflow/.local/lib/python3.7/site-packages/airflow/example_dags/example_nested_branch_dag.py for tasks to queue
[2022-09-24T08:36:24.263+0000] {logging_mixin.py:117} INFO - [2022-09-24T08:36:24.263+0000] {dagbag.py:525} INFO - Filling up the DagBag from /home/airflow/.local/lib/python3.7/site-packages/airflow/example_dags/example_nested_branch_dag.py
[2022-09-24T08:36:24.278+0000] {processor.py:768} INFO - DAG(s) dict_keys(['example_nested_branch_dag']) retrieved from /home/airflow/.local/lib/python3.7/site-packages/airflow/example_dags/example_nested_branch_dag.py
[2022-09-24T08:36:24.304+0000] {logging_mixin.py:117} INFO - [2022-09-24T08:36:24.304+0000] {dag.py:2573} INFO - Sync 1 DAGs
[2022-09-24T08:36:24.321+0000] {logging_mixin.py:117} INFO - [2022-09-24T08:36:24.321+0000] {dag.py:3328} INFO - Setting next_dagrun for example_nested_branch_dag to 2022-09-23T00:00:00+00:00, run_after=2022-09-24T00:00:00+00:00
[2022-09-24T08:36:24.335+0000] {processor.py:178} INFO - Processing /home/airflow/.local/lib/python3.7/site-packages/airflow/example_dags/example_nested_branch_dag.py took 0.077 seconds
[2022-09-24T08:36:54.618+0000] {processor.py:156} INFO - Started process (PID=34920) to work on /home/airflow/.local/lib/python3.7/site-packages/airflow/example_dags/example_nested_branch_dag.py
[2022-09-24T08:36:54.620+0000] {processor.py:758} INFO - Processing file /home/airflow/.local/lib/python3.7/site-packages/airflow/example_dags/example_nested_branch_dag.py for tasks to queue
[2022-09-24T08:36:54.621+0000] {logging_mixin.py:117} INFO - [2022-09-24T08:36:54.621+0000] {dagbag.py:525} INFO - Filling up the DagBag from /home/airflow/.local/lib/python3.7/site-packages/airflow/example_dags/example_nested_branch_dag.py
[2022-09-24T08:36:54.637+0000] {processor.py:768} INFO - DAG(s) dict_keys(['example_nested_branch_dag']) retrieved from /home/airflow/.local/lib/python3.7/site-packages/airflow/example_dags/example_nested_branch_dag.py
[2022-09-24T08:36:54.666+0000] {logging_mixin.py:117} INFO - [2022-09-24T08:36:54.666+0000] {dag.py:2573} INFO - Sync 1 DAGs
[2022-09-24T08:36:54.688+0000] {logging_mixin.py:117} INFO - [2022-09-24T08:36:54.688+0000] {dag.py:3328} INFO - Setting next_dagrun for example_nested_branch_dag to 2022-09-23T00:00:00+00:00, run_after=2022-09-24T00:00:00+00:00
[2022-09-24T08:36:54.700+0000] {processor.py:178} INFO - Processing /home/airflow/.local/lib/python3.7/site-packages/airflow/example_dags/example_nested_branch_dag.py took 0.085 seconds
[2022-09-24T08:37:24.953+0000] {processor.py:156} INFO - Started process (PID=34983) to work on /home/airflow/.local/lib/python3.7/site-packages/airflow/example_dags/example_nested_branch_dag.py
[2022-09-24T08:37:24.955+0000] {processor.py:758} INFO - Processing file /home/airflow/.local/lib/python3.7/site-packages/airflow/example_dags/example_nested_branch_dag.py for tasks to queue
[2022-09-24T08:37:24.956+0000] {logging_mixin.py:117} INFO - [2022-09-24T08:37:24.956+0000] {dagbag.py:525} INFO - Filling up the DagBag from /home/airflow/.local/lib/python3.7/site-packages/airflow/example_dags/example_nested_branch_dag.py
[2022-09-24T08:37:24.973+0000] {processor.py:768} INFO - DAG(s) dict_keys(['example_nested_branch_dag']) retrieved from /home/airflow/.local/lib/python3.7/site-packages/airflow/example_dags/example_nested_branch_dag.py
[2022-09-24T08:37:25.000+0000] {logging_mixin.py:117} INFO - [2022-09-24T08:37:25.000+0000] {dag.py:2573} INFO - Sync 1 DAGs
[2022-09-24T08:37:25.018+0000] {logging_mixin.py:117} INFO - [2022-09-24T08:37:25.018+0000] {dag.py:3328} INFO - Setting next_dagrun for example_nested_branch_dag to 2022-09-23T00:00:00+00:00, run_after=2022-09-24T00:00:00+00:00
[2022-09-24T08:37:25.032+0000] {processor.py:178} INFO - Processing /home/airflow/.local/lib/python3.7/site-packages/airflow/example_dags/example_nested_branch_dag.py took 0.081 seconds
[2022-09-24T08:37:55.402+0000] {processor.py:156} INFO - Started process (PID=35045) to work on /home/airflow/.local/lib/python3.7/site-packages/airflow/example_dags/example_nested_branch_dag.py
[2022-09-24T08:37:55.404+0000] {processor.py:758} INFO - Processing file /home/airflow/.local/lib/python3.7/site-packages/airflow/example_dags/example_nested_branch_dag.py for tasks to queue
[2022-09-24T08:37:55.406+0000] {logging_mixin.py:117} INFO - [2022-09-24T08:37:55.405+0000] {dagbag.py:525} INFO - Filling up the DagBag from /home/airflow/.local/lib/python3.7/site-packages/airflow/example_dags/example_nested_branch_dag.py
[2022-09-24T08:37:55.424+0000] {processor.py:768} INFO - DAG(s) dict_keys(['example_nested_branch_dag']) retrieved from /home/airflow/.local/lib/python3.7/site-packages/airflow/example_dags/example_nested_branch_dag.py
[2022-09-24T08:37:55.470+0000] {logging_mixin.py:117} INFO - [2022-09-24T08:37:55.470+0000] {dag.py:2573} INFO - Sync 1 DAGs
[2022-09-24T08:37:55.493+0000] {logging_mixin.py:117} INFO - [2022-09-24T08:37:55.493+0000] {dag.py:3328} INFO - Setting next_dagrun for example_nested_branch_dag to 2022-09-23T00:00:00+00:00, run_after=2022-09-24T00:00:00+00:00
[2022-09-24T08:37:55.532+0000] {processor.py:178} INFO - Processing /home/airflow/.local/lib/python3.7/site-packages/airflow/example_dags/example_nested_branch_dag.py took 0.133 seconds
[2022-09-24T08:38:25.724+0000] {processor.py:156} INFO - Started process (PID=35099) to work on /home/airflow/.local/lib/python3.7/site-packages/airflow/example_dags/example_nested_branch_dag.py
[2022-09-24T08:38:25.726+0000] {processor.py:758} INFO - Processing file /home/airflow/.local/lib/python3.7/site-packages/airflow/example_dags/example_nested_branch_dag.py for tasks to queue
[2022-09-24T08:38:25.727+0000] {logging_mixin.py:117} INFO - [2022-09-24T08:38:25.726+0000] {dagbag.py:525} INFO - Filling up the DagBag from /home/airflow/.local/lib/python3.7/site-packages/airflow/example_dags/example_nested_branch_dag.py
[2022-09-24T08:38:25.743+0000] {processor.py:768} INFO - DAG(s) dict_keys(['example_nested_branch_dag']) retrieved from /home/airflow/.local/lib/python3.7/site-packages/airflow/example_dags/example_nested_branch_dag.py
[2022-09-24T08:38:25.772+0000] {logging_mixin.py:117} INFO - [2022-09-24T08:38:25.772+0000] {dag.py:2573} INFO - Sync 1 DAGs
[2022-09-24T08:38:25.790+0000] {logging_mixin.py:117} INFO - [2022-09-24T08:38:25.790+0000] {dag.py:3328} INFO - Setting next_dagrun for example_nested_branch_dag to 2022-09-23T00:00:00+00:00, run_after=2022-09-24T00:00:00+00:00
[2022-09-24T08:38:25.804+0000] {processor.py:178} INFO - Processing /home/airflow/.local/lib/python3.7/site-packages/airflow/example_dags/example_nested_branch_dag.py took 0.082 seconds
[2022-09-24T08:38:55.974+0000] {processor.py:156} INFO - Started process (PID=35163) to work on /home/airflow/.local/lib/python3.7/site-packages/airflow/example_dags/example_nested_branch_dag.py
[2022-09-24T08:38:55.976+0000] {processor.py:758} INFO - Processing file /home/airflow/.local/lib/python3.7/site-packages/airflow/example_dags/example_nested_branch_dag.py for tasks to queue
[2022-09-24T08:38:55.977+0000] {logging_mixin.py:117} INFO - [2022-09-24T08:38:55.977+0000] {dagbag.py:525} INFO - Filling up the DagBag from /home/airflow/.local/lib/python3.7/site-packages/airflow/example_dags/example_nested_branch_dag.py
[2022-09-24T08:38:55.993+0000] {processor.py:768} INFO - DAG(s) dict_keys(['example_nested_branch_dag']) retrieved from /home/airflow/.local/lib/python3.7/site-packages/airflow/example_dags/example_nested_branch_dag.py
[2022-09-24T08:38:56.019+0000] {logging_mixin.py:117} INFO - [2022-09-24T08:38:56.019+0000] {dag.py:2573} INFO - Sync 1 DAGs
[2022-09-24T08:38:56.036+0000] {logging_mixin.py:117} INFO - [2022-09-24T08:38:56.036+0000] {dag.py:3328} INFO - Setting next_dagrun for example_nested_branch_dag to 2022-09-23T00:00:00+00:00, run_after=2022-09-24T00:00:00+00:00
[2022-09-24T08:38:56.052+0000] {processor.py:178} INFO - Processing /home/airflow/.local/lib/python3.7/site-packages/airflow/example_dags/example_nested_branch_dag.py took 0.081 seconds
[2022-09-24T08:39:26.294+0000] {processor.py:156} INFO - Started process (PID=35226) to work on /home/airflow/.local/lib/python3.7/site-packages/airflow/example_dags/example_nested_branch_dag.py
[2022-09-24T08:39:26.296+0000] {processor.py:758} INFO - Processing file /home/airflow/.local/lib/python3.7/site-packages/airflow/example_dags/example_nested_branch_dag.py for tasks to queue
[2022-09-24T08:39:26.297+0000] {logging_mixin.py:117} INFO - [2022-09-24T08:39:26.296+0000] {dagbag.py:525} INFO - Filling up the DagBag from /home/airflow/.local/lib/python3.7/site-packages/airflow/example_dags/example_nested_branch_dag.py
[2022-09-24T08:39:26.314+0000] {processor.py:768} INFO - DAG(s) dict_keys(['example_nested_branch_dag']) retrieved from /home/airflow/.local/lib/python3.7/site-packages/airflow/example_dags/example_nested_branch_dag.py
[2022-09-24T08:39:26.345+0000] {logging_mixin.py:117} INFO - [2022-09-24T08:39:26.345+0000] {dag.py:2573} INFO - Sync 1 DAGs
[2022-09-24T08:39:26.362+0000] {logging_mixin.py:117} INFO - [2022-09-24T08:39:26.361+0000] {dag.py:3328} INFO - Setting next_dagrun for example_nested_branch_dag to 2022-09-23T00:00:00+00:00, run_after=2022-09-24T00:00:00+00:00
[2022-09-24T08:39:26.374+0000] {processor.py:178} INFO - Processing /home/airflow/.local/lib/python3.7/site-packages/airflow/example_dags/example_nested_branch_dag.py took 0.083 seconds
[2022-09-24T08:39:56.866+0000] {processor.py:156} INFO - Started process (PID=35289) to work on /home/airflow/.local/lib/python3.7/site-packages/airflow/example_dags/example_nested_branch_dag.py
[2022-09-24T08:39:56.867+0000] {processor.py:758} INFO - Processing file /home/airflow/.local/lib/python3.7/site-packages/airflow/example_dags/example_nested_branch_dag.py for tasks to queue
[2022-09-24T08:39:56.869+0000] {logging_mixin.py:117} INFO - [2022-09-24T08:39:56.869+0000] {dagbag.py:525} INFO - Filling up the DagBag from /home/airflow/.local/lib/python3.7/site-packages/airflow/example_dags/example_nested_branch_dag.py
[2022-09-24T08:39:56.887+0000] {processor.py:768} INFO - DAG(s) dict_keys(['example_nested_branch_dag']) retrieved from /home/airflow/.local/lib/python3.7/site-packages/airflow/example_dags/example_nested_branch_dag.py
[2022-09-24T08:39:56.919+0000] {logging_mixin.py:117} INFO - [2022-09-24T08:39:56.919+0000] {dag.py:2573} INFO - Sync 1 DAGs
[2022-09-24T08:39:56.935+0000] {logging_mixin.py:117} INFO - [2022-09-24T08:39:56.935+0000] {dag.py:3328} INFO - Setting next_dagrun for example_nested_branch_dag to 2022-09-23T00:00:00+00:00, run_after=2022-09-24T00:00:00+00:00
[2022-09-24T08:39:56.948+0000] {processor.py:178} INFO - Processing /home/airflow/.local/lib/python3.7/site-packages/airflow/example_dags/example_nested_branch_dag.py took 0.088 seconds
[2022-09-24T09:07:10.583+0000] {processor.py:156} INFO - Started process (PID=35344) to work on /home/airflow/.local/lib/python3.7/site-packages/airflow/example_dags/example_nested_branch_dag.py
[2022-09-24T09:07:10.588+0000] {processor.py:758} INFO - Processing file /home/airflow/.local/lib/python3.7/site-packages/airflow/example_dags/example_nested_branch_dag.py for tasks to queue
[2022-09-24T09:07:10.590+0000] {logging_mixin.py:117} INFO - [2022-09-24T09:07:10.590+0000] {dagbag.py:525} INFO - Filling up the DagBag from /home/airflow/.local/lib/python3.7/site-packages/airflow/example_dags/example_nested_branch_dag.py
[2022-09-24T09:07:10.620+0000] {processor.py:768} INFO - DAG(s) dict_keys(['example_nested_branch_dag']) retrieved from /home/airflow/.local/lib/python3.7/site-packages/airflow/example_dags/example_nested_branch_dag.py
[2022-09-24T09:07:10.670+0000] {logging_mixin.py:117} INFO - [2022-09-24T09:07:10.669+0000] {dag.py:2573} INFO - Sync 1 DAGs
[2022-09-24T09:07:10.691+0000] {logging_mixin.py:117} INFO - [2022-09-24T09:07:10.690+0000] {dag.py:3328} INFO - Setting next_dagrun for example_nested_branch_dag to 2022-09-23T00:00:00+00:00, run_after=2022-09-24T00:00:00+00:00
[2022-09-24T09:07:10.715+0000] {processor.py:178} INFO - Processing /home/airflow/.local/lib/python3.7/site-packages/airflow/example_dags/example_nested_branch_dag.py took 0.136 seconds
