[2022-09-24T01:04:10.183+0000] {processor.py:156} INFO - Started process (PID=32107) to work on /home/airflow/.local/lib/python3.7/site-packages/airflow/example_dags/example_xcomargs.py
[2022-09-24T01:04:10.185+0000] {processor.py:758} INFO - Processing file /home/airflow/.local/lib/python3.7/site-packages/airflow/example_dags/example_xcomargs.py for tasks to queue
[2022-09-24T01:04:10.186+0000] {logging_mixin.py:117} INFO - [2022-09-24T01:04:10.186+0000] {dagbag.py:525} INFO - Filling up the DagBag from /home/airflow/.local/lib/python3.7/site-packages/airflow/example_dags/example_xcomargs.py
[2022-09-24T01:04:10.223+0000] {processor.py:768} INFO - DAG(s) dict_keys(['example_xcom_args', 'example_xcom_args_with_operators']) retrieved from /home/airflow/.local/lib/python3.7/site-packages/airflow/example_dags/example_xcomargs.py
[2022-09-24T01:04:10.272+0000] {logging_mixin.py:117} INFO - [2022-09-24T01:04:10.272+0000] {dag.py:2573} INFO - Sync 2 DAGs
[2022-09-24T01:04:10.296+0000] {logging_mixin.py:117} INFO - [2022-09-24T01:04:10.295+0000] {dag.py:3328} INFO - Setting next_dagrun for example_xcom_args to None, run_after=None
[2022-09-24T01:04:10.299+0000] {logging_mixin.py:117} INFO - [2022-09-24T01:04:10.299+0000] {dag.py:3328} INFO - Setting next_dagrun for example_xcom_args_with_operators to None, run_after=None
[2022-09-24T01:04:10.324+0000] {processor.py:178} INFO - Processing /home/airflow/.local/lib/python3.7/site-packages/airflow/example_dags/example_xcomargs.py took 0.143 seconds
[2022-09-24T02:27:01.021+0000] {processor.py:156} INFO - Started process (PID=32161) to work on /home/airflow/.local/lib/python3.7/site-packages/airflow/example_dags/example_xcomargs.py
[2022-09-24T02:27:01.023+0000] {processor.py:758} INFO - Processing file /home/airflow/.local/lib/python3.7/site-packages/airflow/example_dags/example_xcomargs.py for tasks to queue
[2022-09-24T02:27:01.025+0000] {logging_mixin.py:117} INFO - [2022-09-24T02:27:01.025+0000] {dagbag.py:525} INFO - Filling up the DagBag from /home/airflow/.local/lib/python3.7/site-packages/airflow/example_dags/example_xcomargs.py
[2022-09-24T02:27:01.051+0000] {processor.py:768} INFO - DAG(s) dict_keys(['example_xcom_args_with_operators', 'example_xcom_args']) retrieved from /home/airflow/.local/lib/python3.7/site-packages/airflow/example_dags/example_xcomargs.py
[2022-09-24T02:27:01.113+0000] {logging_mixin.py:117} INFO - [2022-09-24T02:27:01.113+0000] {dag.py:2573} INFO - Sync 2 DAGs
[2022-09-24T02:27:01.141+0000] {logging_mixin.py:117} INFO - [2022-09-24T02:27:01.141+0000] {dag.py:3328} INFO - Setting next_dagrun for example_xcom_args to None, run_after=None
[2022-09-24T02:27:01.145+0000] {logging_mixin.py:117} INFO - [2022-09-24T02:27:01.145+0000] {dag.py:3328} INFO - Setting next_dagrun for example_xcom_args_with_operators to None, run_after=None
[2022-09-24T02:27:01.161+0000] {processor.py:178} INFO - Processing /home/airflow/.local/lib/python3.7/site-packages/airflow/example_dags/example_xcomargs.py took 0.142 seconds
[2022-09-24T03:23:59.762+0000] {processor.py:156} INFO - Started process (PID=32224) to work on /home/airflow/.local/lib/python3.7/site-packages/airflow/example_dags/example_xcomargs.py
[2022-09-24T03:23:59.763+0000] {processor.py:758} INFO - Processing file /home/airflow/.local/lib/python3.7/site-packages/airflow/example_dags/example_xcomargs.py for tasks to queue
[2022-09-24T03:23:59.765+0000] {logging_mixin.py:117} INFO - [2022-09-24T03:23:59.765+0000] {dagbag.py:525} INFO - Filling up the DagBag from /home/airflow/.local/lib/python3.7/site-packages/airflow/example_dags/example_xcomargs.py
[2022-09-24T03:23:59.784+0000] {processor.py:768} INFO - DAG(s) dict_keys(['example_xcom_args_with_operators', 'example_xcom_args']) retrieved from /home/airflow/.local/lib/python3.7/site-packages/airflow/example_dags/example_xcomargs.py
[2022-09-24T03:23:59.814+0000] {logging_mixin.py:117} INFO - [2022-09-24T03:23:59.814+0000] {dag.py:2573} INFO - Sync 2 DAGs
[2022-09-24T03:23:59.831+0000] {logging_mixin.py:117} INFO - [2022-09-24T03:23:59.831+0000] {dag.py:3328} INFO - Setting next_dagrun for example_xcom_args to None, run_after=None
[2022-09-24T03:23:59.839+0000] {logging_mixin.py:117} INFO - [2022-09-24T03:23:59.838+0000] {dag.py:3328} INFO - Setting next_dagrun for example_xcom_args_with_operators to None, run_after=None
[2022-09-24T03:23:59.854+0000] {processor.py:178} INFO - Processing /home/airflow/.local/lib/python3.7/site-packages/airflow/example_dags/example_xcomargs.py took 0.094 seconds
[2022-09-24T04:29:26.463+0000] {processor.py:156} INFO - Started process (PID=32289) to work on /home/airflow/.local/lib/python3.7/site-packages/airflow/example_dags/example_xcomargs.py
[2022-09-24T04:29:26.472+0000] {processor.py:758} INFO - Processing file /home/airflow/.local/lib/python3.7/site-packages/airflow/example_dags/example_xcomargs.py for tasks to queue
[2022-09-24T04:29:26.476+0000] {logging_mixin.py:117} INFO - [2022-09-24T04:29:26.476+0000] {dagbag.py:525} INFO - Filling up the DagBag from /home/airflow/.local/lib/python3.7/site-packages/airflow/example_dags/example_xcomargs.py
[2022-09-24T04:29:26.506+0000] {processor.py:768} INFO - DAG(s) dict_keys(['example_xcom_args_with_operators', 'example_xcom_args']) retrieved from /home/airflow/.local/lib/python3.7/site-packages/airflow/example_dags/example_xcomargs.py
[2022-09-24T04:29:26.949+0000] {logging_mixin.py:117} INFO - [2022-09-24T04:29:26.948+0000] {dag.py:2573} INFO - Sync 2 DAGs
[2022-09-24T04:29:26.974+0000] {logging_mixin.py:117} INFO - [2022-09-24T04:29:26.974+0000] {dag.py:3328} INFO - Setting next_dagrun for example_xcom_args to None, run_after=None
[2022-09-24T04:29:26.982+0000] {logging_mixin.py:117} INFO - [2022-09-24T04:29:26.982+0000] {dag.py:3328} INFO - Setting next_dagrun for example_xcom_args_with_operators to None, run_after=None
[2022-09-24T04:29:26.998+0000] {processor.py:178} INFO - Processing /home/airflow/.local/lib/python3.7/site-packages/airflow/example_dags/example_xcomargs.py took 0.538 seconds
[2022-09-24T05:38:07.233+0000] {processor.py:156} INFO - Started process (PID=32352) to work on /home/airflow/.local/lib/python3.7/site-packages/airflow/example_dags/example_xcomargs.py
[2022-09-24T05:38:07.236+0000] {processor.py:758} INFO - Processing file /home/airflow/.local/lib/python3.7/site-packages/airflow/example_dags/example_xcomargs.py for tasks to queue
[2022-09-24T05:38:07.239+0000] {logging_mixin.py:117} INFO - [2022-09-24T05:38:07.238+0000] {dagbag.py:525} INFO - Filling up the DagBag from /home/airflow/.local/lib/python3.7/site-packages/airflow/example_dags/example_xcomargs.py
[2022-09-24T05:38:07.267+0000] {processor.py:768} INFO - DAG(s) dict_keys(['example_xcom_args', 'example_xcom_args_with_operators']) retrieved from /home/airflow/.local/lib/python3.7/site-packages/airflow/example_dags/example_xcomargs.py
[2022-09-24T05:38:07.317+0000] {logging_mixin.py:117} INFO - [2022-09-24T05:38:07.317+0000] {dag.py:2573} INFO - Sync 2 DAGs
[2022-09-24T05:38:07.347+0000] {logging_mixin.py:117} INFO - [2022-09-24T05:38:07.347+0000] {dag.py:3328} INFO - Setting next_dagrun for example_xcom_args to None, run_after=None
[2022-09-24T05:38:07.352+0000] {logging_mixin.py:117} INFO - [2022-09-24T05:38:07.352+0000] {dag.py:3328} INFO - Setting next_dagrun for example_xcom_args_with_operators to None, run_after=None
[2022-09-24T05:38:07.380+0000] {processor.py:178} INFO - Processing /home/airflow/.local/lib/python3.7/site-packages/airflow/example_dags/example_xcomargs.py took 0.149 seconds
[2022-09-24T06:55:21.676+0000] {processor.py:156} INFO - Started process (PID=32406) to work on /home/airflow/.local/lib/python3.7/site-packages/airflow/example_dags/example_xcomargs.py
[2022-09-24T06:55:21.678+0000] {processor.py:758} INFO - Processing file /home/airflow/.local/lib/python3.7/site-packages/airflow/example_dags/example_xcomargs.py for tasks to queue
[2022-09-24T06:55:21.679+0000] {logging_mixin.py:117} INFO - [2022-09-24T06:55:21.679+0000] {dagbag.py:525} INFO - Filling up the DagBag from /home/airflow/.local/lib/python3.7/site-packages/airflow/example_dags/example_xcomargs.py
[2022-09-24T06:55:21.703+0000] {processor.py:768} INFO - DAG(s) dict_keys(['example_xcom_args', 'example_xcom_args_with_operators']) retrieved from /home/airflow/.local/lib/python3.7/site-packages/airflow/example_dags/example_xcomargs.py
[2022-09-24T06:55:21.750+0000] {logging_mixin.py:117} INFO - [2022-09-24T06:55:21.750+0000] {dag.py:2573} INFO - Sync 2 DAGs
[2022-09-24T06:55:21.774+0000] {logging_mixin.py:117} INFO - [2022-09-24T06:55:21.774+0000] {dag.py:3328} INFO - Setting next_dagrun for example_xcom_args to None, run_after=None
[2022-09-24T06:55:21.778+0000] {logging_mixin.py:117} INFO - [2022-09-24T06:55:21.778+0000] {dag.py:3328} INFO - Setting next_dagrun for example_xcom_args_with_operators to None, run_after=None
[2022-09-24T06:55:21.798+0000] {processor.py:178} INFO - Processing /home/airflow/.local/lib/python3.7/site-packages/airflow/example_dags/example_xcomargs.py took 0.125 seconds
[2022-09-24T07:36:25.299+0000] {processor.py:156} INFO - Started process (PID=32469) to work on /home/airflow/.local/lib/python3.7/site-packages/airflow/example_dags/example_xcomargs.py
[2022-09-24T07:36:25.310+0000] {processor.py:758} INFO - Processing file /home/airflow/.local/lib/python3.7/site-packages/airflow/example_dags/example_xcomargs.py for tasks to queue
[2022-09-24T07:36:25.312+0000] {logging_mixin.py:117} INFO - [2022-09-24T07:36:25.312+0000] {dagbag.py:525} INFO - Filling up the DagBag from /home/airflow/.local/lib/python3.7/site-packages/airflow/example_dags/example_xcomargs.py
[2022-09-24T07:36:25.373+0000] {processor.py:768} INFO - DAG(s) dict_keys(['example_xcom_args', 'example_xcom_args_with_operators']) retrieved from /home/airflow/.local/lib/python3.7/site-packages/airflow/example_dags/example_xcomargs.py
[2022-09-24T07:36:25.454+0000] {logging_mixin.py:117} INFO - [2022-09-24T07:36:25.454+0000] {dag.py:2573} INFO - Sync 2 DAGs
[2022-09-24T07:36:25.479+0000] {logging_mixin.py:117} INFO - [2022-09-24T07:36:25.479+0000] {dag.py:3328} INFO - Setting next_dagrun for example_xcom_args to None, run_after=None
[2022-09-24T07:36:25.483+0000] {logging_mixin.py:117} INFO - [2022-09-24T07:36:25.483+0000] {dag.py:3328} INFO - Setting next_dagrun for example_xcom_args_with_operators to None, run_after=None
[2022-09-24T07:36:25.501+0000] {processor.py:178} INFO - Processing /home/airflow/.local/lib/python3.7/site-packages/airflow/example_dags/example_xcomargs.py took 0.205 seconds
[2022-09-24T07:39:17.827+0000] {processor.py:156} INFO - Started process (PID=32532) to work on /home/airflow/.local/lib/python3.7/site-packages/airflow/example_dags/example_xcomargs.py
[2022-09-24T07:39:17.830+0000] {processor.py:758} INFO - Processing file /home/airflow/.local/lib/python3.7/site-packages/airflow/example_dags/example_xcomargs.py for tasks to queue
[2022-09-24T07:39:17.830+0000] {logging_mixin.py:117} INFO - [2022-09-24T07:39:17.830+0000] {dagbag.py:525} INFO - Filling up the DagBag from /home/airflow/.local/lib/python3.7/site-packages/airflow/example_dags/example_xcomargs.py
[2022-09-24T07:39:17.852+0000] {processor.py:768} INFO - DAG(s) dict_keys(['example_xcom_args', 'example_xcom_args_with_operators']) retrieved from /home/airflow/.local/lib/python3.7/site-packages/airflow/example_dags/example_xcomargs.py
[2022-09-24T07:39:17.894+0000] {logging_mixin.py:117} INFO - [2022-09-24T07:39:17.894+0000] {dag.py:2573} INFO - Sync 2 DAGs
[2022-09-24T07:39:17.912+0000] {logging_mixin.py:117} INFO - [2022-09-24T07:39:17.911+0000] {dag.py:3328} INFO - Setting next_dagrun for example_xcom_args to None, run_after=None
[2022-09-24T07:39:17.915+0000] {logging_mixin.py:117} INFO - [2022-09-24T07:39:17.915+0000] {dag.py:3328} INFO - Setting next_dagrun for example_xcom_args_with_operators to None, run_after=None
[2022-09-24T07:39:17.927+0000] {processor.py:178} INFO - Processing /home/airflow/.local/lib/python3.7/site-packages/airflow/example_dags/example_xcomargs.py took 0.103 seconds
[2022-09-24T07:39:48.380+0000] {processor.py:156} INFO - Started process (PID=32595) to work on /home/airflow/.local/lib/python3.7/site-packages/airflow/example_dags/example_xcomargs.py
[2022-09-24T07:39:48.383+0000] {processor.py:758} INFO - Processing file /home/airflow/.local/lib/python3.7/site-packages/airflow/example_dags/example_xcomargs.py for tasks to queue
[2022-09-24T07:39:48.383+0000] {logging_mixin.py:117} INFO - [2022-09-24T07:39:48.383+0000] {dagbag.py:525} INFO - Filling up the DagBag from /home/airflow/.local/lib/python3.7/site-packages/airflow/example_dags/example_xcomargs.py
[2022-09-24T07:39:48.397+0000] {processor.py:768} INFO - DAG(s) dict_keys(['example_xcom_args_with_operators', 'example_xcom_args']) retrieved from /home/airflow/.local/lib/python3.7/site-packages/airflow/example_dags/example_xcomargs.py
[2022-09-24T07:39:48.425+0000] {logging_mixin.py:117} INFO - [2022-09-24T07:39:48.425+0000] {dag.py:2573} INFO - Sync 2 DAGs
[2022-09-24T07:39:48.439+0000] {logging_mixin.py:117} INFO - [2022-09-24T07:39:48.439+0000] {dag.py:3328} INFO - Setting next_dagrun for example_xcom_args to None, run_after=None
[2022-09-24T07:39:48.442+0000] {logging_mixin.py:117} INFO - [2022-09-24T07:39:48.442+0000] {dag.py:3328} INFO - Setting next_dagrun for example_xcom_args_with_operators to None, run_after=None
[2022-09-24T07:39:48.452+0000] {processor.py:178} INFO - Processing /home/airflow/.local/lib/python3.7/site-packages/airflow/example_dags/example_xcomargs.py took 0.073 seconds
[2022-09-24T07:40:18.637+0000] {processor.py:156} INFO - Started process (PID=32660) to work on /home/airflow/.local/lib/python3.7/site-packages/airflow/example_dags/example_xcomargs.py
[2022-09-24T07:40:18.639+0000] {processor.py:758} INFO - Processing file /home/airflow/.local/lib/python3.7/site-packages/airflow/example_dags/example_xcomargs.py for tasks to queue
[2022-09-24T07:40:18.640+0000] {logging_mixin.py:117} INFO - [2022-09-24T07:40:18.640+0000] {dagbag.py:525} INFO - Filling up the DagBag from /home/airflow/.local/lib/python3.7/site-packages/airflow/example_dags/example_xcomargs.py
[2022-09-24T07:40:18.655+0000] {processor.py:768} INFO - DAG(s) dict_keys(['example_xcom_args', 'example_xcom_args_with_operators']) retrieved from /home/airflow/.local/lib/python3.7/site-packages/airflow/example_dags/example_xcomargs.py
[2022-09-24T07:40:18.683+0000] {logging_mixin.py:117} INFO - [2022-09-24T07:40:18.683+0000] {dag.py:2573} INFO - Sync 2 DAGs
[2022-09-24T07:40:18.698+0000] {logging_mixin.py:117} INFO - [2022-09-24T07:40:18.698+0000] {dag.py:3328} INFO - Setting next_dagrun for example_xcom_args to None, run_after=None
[2022-09-24T07:40:18.701+0000] {logging_mixin.py:117} INFO - [2022-09-24T07:40:18.701+0000] {dag.py:3328} INFO - Setting next_dagrun for example_xcom_args_with_operators to None, run_after=None
[2022-09-24T07:40:18.712+0000] {processor.py:178} INFO - Processing /home/airflow/.local/lib/python3.7/site-packages/airflow/example_dags/example_xcomargs.py took 0.077 seconds
[2022-09-24T07:40:49.130+0000] {processor.py:156} INFO - Started process (PID=32723) to work on /home/airflow/.local/lib/python3.7/site-packages/airflow/example_dags/example_xcomargs.py
[2022-09-24T07:40:49.132+0000] {processor.py:758} INFO - Processing file /home/airflow/.local/lib/python3.7/site-packages/airflow/example_dags/example_xcomargs.py for tasks to queue
[2022-09-24T07:40:49.134+0000] {logging_mixin.py:117} INFO - [2022-09-24T07:40:49.133+0000] {dagbag.py:525} INFO - Filling up the DagBag from /home/airflow/.local/lib/python3.7/site-packages/airflow/example_dags/example_xcomargs.py
[2022-09-24T07:40:49.149+0000] {processor.py:768} INFO - DAG(s) dict_keys(['example_xcom_args_with_operators', 'example_xcom_args']) retrieved from /home/airflow/.local/lib/python3.7/site-packages/airflow/example_dags/example_xcomargs.py
[2022-09-24T07:40:49.176+0000] {logging_mixin.py:117} INFO - [2022-09-24T07:40:49.175+0000] {dag.py:2573} INFO - Sync 2 DAGs
[2022-09-24T07:40:49.191+0000] {logging_mixin.py:117} INFO - [2022-09-24T07:40:49.191+0000] {dag.py:3328} INFO - Setting next_dagrun for example_xcom_args to None, run_after=None
[2022-09-24T07:40:49.194+0000] {logging_mixin.py:117} INFO - [2022-09-24T07:40:49.194+0000] {dag.py:3328} INFO - Setting next_dagrun for example_xcom_args_with_operators to None, run_after=None
[2022-09-24T07:40:49.206+0000] {processor.py:178} INFO - Processing /home/airflow/.local/lib/python3.7/site-packages/airflow/example_dags/example_xcomargs.py took 0.078 seconds
[2022-09-24T07:41:19.522+0000] {processor.py:156} INFO - Started process (PID=32777) to work on /home/airflow/.local/lib/python3.7/site-packages/airflow/example_dags/example_xcomargs.py
[2022-09-24T07:41:19.524+0000] {processor.py:758} INFO - Processing file /home/airflow/.local/lib/python3.7/site-packages/airflow/example_dags/example_xcomargs.py for tasks to queue
[2022-09-24T07:41:19.525+0000] {logging_mixin.py:117} INFO - [2022-09-24T07:41:19.525+0000] {dagbag.py:525} INFO - Filling up the DagBag from /home/airflow/.local/lib/python3.7/site-packages/airflow/example_dags/example_xcomargs.py
[2022-09-24T07:41:19.543+0000] {processor.py:768} INFO - DAG(s) dict_keys(['example_xcom_args', 'example_xcom_args_with_operators']) retrieved from /home/airflow/.local/lib/python3.7/site-packages/airflow/example_dags/example_xcomargs.py
[2022-09-24T07:41:19.572+0000] {logging_mixin.py:117} INFO - [2022-09-24T07:41:19.572+0000] {dag.py:2573} INFO - Sync 2 DAGs
[2022-09-24T07:41:19.589+0000] {logging_mixin.py:117} INFO - [2022-09-24T07:41:19.589+0000] {dag.py:3328} INFO - Setting next_dagrun for example_xcom_args to None, run_after=None
[2022-09-24T07:41:19.593+0000] {logging_mixin.py:117} INFO - [2022-09-24T07:41:19.593+0000] {dag.py:3328} INFO - Setting next_dagrun for example_xcom_args_with_operators to None, run_after=None
[2022-09-24T07:41:19.605+0000] {processor.py:178} INFO - Processing /home/airflow/.local/lib/python3.7/site-packages/airflow/example_dags/example_xcomargs.py took 0.086 seconds
[2022-09-24T07:41:49.872+0000] {processor.py:156} INFO - Started process (PID=32840) to work on /home/airflow/.local/lib/python3.7/site-packages/airflow/example_dags/example_xcomargs.py
[2022-09-24T07:41:49.874+0000] {processor.py:758} INFO - Processing file /home/airflow/.local/lib/python3.7/site-packages/airflow/example_dags/example_xcomargs.py for tasks to queue
[2022-09-24T07:41:49.875+0000] {logging_mixin.py:117} INFO - [2022-09-24T07:41:49.875+0000] {dagbag.py:525} INFO - Filling up the DagBag from /home/airflow/.local/lib/python3.7/site-packages/airflow/example_dags/example_xcomargs.py
[2022-09-24T07:41:49.897+0000] {processor.py:768} INFO - DAG(s) dict_keys(['example_xcom_args_with_operators', 'example_xcom_args']) retrieved from /home/airflow/.local/lib/python3.7/site-packages/airflow/example_dags/example_xcomargs.py
[2022-09-24T07:41:49.928+0000] {logging_mixin.py:117} INFO - [2022-09-24T07:41:49.928+0000] {dag.py:2573} INFO - Sync 2 DAGs
[2022-09-24T07:41:49.943+0000] {logging_mixin.py:117} INFO - [2022-09-24T07:41:49.943+0000] {dag.py:3328} INFO - Setting next_dagrun for example_xcom_args to None, run_after=None
[2022-09-24T07:41:49.946+0000] {logging_mixin.py:117} INFO - [2022-09-24T07:41:49.946+0000] {dag.py:3328} INFO - Setting next_dagrun for example_xcom_args_with_operators to None, run_after=None
[2022-09-24T07:41:49.956+0000] {processor.py:178} INFO - Processing /home/airflow/.local/lib/python3.7/site-packages/airflow/example_dags/example_xcomargs.py took 0.087 seconds
[2022-09-24T07:42:20.180+0000] {processor.py:156} INFO - Started process (PID=32903) to work on /home/airflow/.local/lib/python3.7/site-packages/airflow/example_dags/example_xcomargs.py
[2022-09-24T07:42:20.182+0000] {processor.py:758} INFO - Processing file /home/airflow/.local/lib/python3.7/site-packages/airflow/example_dags/example_xcomargs.py for tasks to queue
[2022-09-24T07:42:20.183+0000] {logging_mixin.py:117} INFO - [2022-09-24T07:42:20.183+0000] {dagbag.py:525} INFO - Filling up the DagBag from /home/airflow/.local/lib/python3.7/site-packages/airflow/example_dags/example_xcomargs.py
[2022-09-24T07:42:20.199+0000] {processor.py:768} INFO - DAG(s) dict_keys(['example_xcom_args_with_operators', 'example_xcom_args']) retrieved from /home/airflow/.local/lib/python3.7/site-packages/airflow/example_dags/example_xcomargs.py
[2022-09-24T07:42:20.228+0000] {logging_mixin.py:117} INFO - [2022-09-24T07:42:20.227+0000] {dag.py:2573} INFO - Sync 2 DAGs
[2022-09-24T07:42:20.244+0000] {logging_mixin.py:117} INFO - [2022-09-24T07:42:20.244+0000] {dag.py:3328} INFO - Setting next_dagrun for example_xcom_args to None, run_after=None
[2022-09-24T07:42:20.247+0000] {logging_mixin.py:117} INFO - [2022-09-24T07:42:20.247+0000] {dag.py:3328} INFO - Setting next_dagrun for example_xcom_args_with_operators to None, run_after=None
[2022-09-24T07:42:20.263+0000] {processor.py:178} INFO - Processing /home/airflow/.local/lib/python3.7/site-packages/airflow/example_dags/example_xcomargs.py took 0.085 seconds
[2022-09-24T07:42:50.382+0000] {processor.py:156} INFO - Started process (PID=32966) to work on /home/airflow/.local/lib/python3.7/site-packages/airflow/example_dags/example_xcomargs.py
[2022-09-24T07:42:50.384+0000] {processor.py:758} INFO - Processing file /home/airflow/.local/lib/python3.7/site-packages/airflow/example_dags/example_xcomargs.py for tasks to queue
[2022-09-24T07:42:50.385+0000] {logging_mixin.py:117} INFO - [2022-09-24T07:42:50.385+0000] {dagbag.py:525} INFO - Filling up the DagBag from /home/airflow/.local/lib/python3.7/site-packages/airflow/example_dags/example_xcomargs.py
[2022-09-24T07:42:50.401+0000] {processor.py:768} INFO - DAG(s) dict_keys(['example_xcom_args_with_operators', 'example_xcom_args']) retrieved from /home/airflow/.local/lib/python3.7/site-packages/airflow/example_dags/example_xcomargs.py
[2022-09-24T07:42:50.428+0000] {logging_mixin.py:117} INFO - [2022-09-24T07:42:50.428+0000] {dag.py:2573} INFO - Sync 2 DAGs
[2022-09-24T07:42:50.443+0000] {logging_mixin.py:117} INFO - [2022-09-24T07:42:50.443+0000] {dag.py:3328} INFO - Setting next_dagrun for example_xcom_args to None, run_after=None
[2022-09-24T07:42:50.447+0000] {logging_mixin.py:117} INFO - [2022-09-24T07:42:50.447+0000] {dag.py:3328} INFO - Setting next_dagrun for example_xcom_args_with_operators to None, run_after=None
[2022-09-24T07:42:50.459+0000] {processor.py:178} INFO - Processing /home/airflow/.local/lib/python3.7/site-packages/airflow/example_dags/example_xcomargs.py took 0.078 seconds
[2022-09-24T07:43:20.706+0000] {processor.py:156} INFO - Started process (PID=33029) to work on /home/airflow/.local/lib/python3.7/site-packages/airflow/example_dags/example_xcomargs.py
[2022-09-24T07:43:20.707+0000] {processor.py:758} INFO - Processing file /home/airflow/.local/lib/python3.7/site-packages/airflow/example_dags/example_xcomargs.py for tasks to queue
[2022-09-24T07:43:20.708+0000] {logging_mixin.py:117} INFO - [2022-09-24T07:43:20.708+0000] {dagbag.py:525} INFO - Filling up the DagBag from /home/airflow/.local/lib/python3.7/site-packages/airflow/example_dags/example_xcomargs.py
[2022-09-24T07:43:20.726+0000] {processor.py:768} INFO - DAG(s) dict_keys(['example_xcom_args_with_operators', 'example_xcom_args']) retrieved from /home/airflow/.local/lib/python3.7/site-packages/airflow/example_dags/example_xcomargs.py
[2022-09-24T07:43:20.755+0000] {logging_mixin.py:117} INFO - [2022-09-24T07:43:20.755+0000] {dag.py:2573} INFO - Sync 2 DAGs
[2022-09-24T07:43:20.771+0000] {logging_mixin.py:117} INFO - [2022-09-24T07:43:20.771+0000] {dag.py:3328} INFO - Setting next_dagrun for example_xcom_args to None, run_after=None
[2022-09-24T07:43:20.774+0000] {logging_mixin.py:117} INFO - [2022-09-24T07:43:20.774+0000] {dag.py:3328} INFO - Setting next_dagrun for example_xcom_args_with_operators to None, run_after=None
[2022-09-24T07:43:20.784+0000] {processor.py:178} INFO - Processing /home/airflow/.local/lib/python3.7/site-packages/airflow/example_dags/example_xcomargs.py took 0.081 seconds
[2022-09-24T07:43:50.886+0000] {processor.py:156} INFO - Started process (PID=33083) to work on /home/airflow/.local/lib/python3.7/site-packages/airflow/example_dags/example_xcomargs.py
[2022-09-24T07:43:50.888+0000] {processor.py:758} INFO - Processing file /home/airflow/.local/lib/python3.7/site-packages/airflow/example_dags/example_xcomargs.py for tasks to queue
[2022-09-24T07:43:50.890+0000] {logging_mixin.py:117} INFO - [2022-09-24T07:43:50.889+0000] {dagbag.py:525} INFO - Filling up the DagBag from /home/airflow/.local/lib/python3.7/site-packages/airflow/example_dags/example_xcomargs.py
[2022-09-24T07:43:50.906+0000] {processor.py:768} INFO - DAG(s) dict_keys(['example_xcom_args', 'example_xcom_args_with_operators']) retrieved from /home/airflow/.local/lib/python3.7/site-packages/airflow/example_dags/example_xcomargs.py
[2022-09-24T07:43:50.934+0000] {logging_mixin.py:117} INFO - [2022-09-24T07:43:50.934+0000] {dag.py:2573} INFO - Sync 2 DAGs
[2022-09-24T07:43:50.949+0000] {logging_mixin.py:117} INFO - [2022-09-24T07:43:50.949+0000] {dag.py:3328} INFO - Setting next_dagrun for example_xcom_args to None, run_after=None
[2022-09-24T07:43:50.951+0000] {logging_mixin.py:117} INFO - [2022-09-24T07:43:50.951+0000] {dag.py:3328} INFO - Setting next_dagrun for example_xcom_args_with_operators to None, run_after=None
[2022-09-24T07:43:50.961+0000] {processor.py:178} INFO - Processing /home/airflow/.local/lib/python3.7/site-packages/airflow/example_dags/example_xcomargs.py took 0.078 seconds
[2022-09-24T07:44:21.173+0000] {processor.py:156} INFO - Started process (PID=33145) to work on /home/airflow/.local/lib/python3.7/site-packages/airflow/example_dags/example_xcomargs.py
[2022-09-24T07:44:21.175+0000] {processor.py:758} INFO - Processing file /home/airflow/.local/lib/python3.7/site-packages/airflow/example_dags/example_xcomargs.py for tasks to queue
[2022-09-24T07:44:21.176+0000] {logging_mixin.py:117} INFO - [2022-09-24T07:44:21.176+0000] {dagbag.py:525} INFO - Filling up the DagBag from /home/airflow/.local/lib/python3.7/site-packages/airflow/example_dags/example_xcomargs.py
[2022-09-24T07:44:21.208+0000] {processor.py:768} INFO - DAG(s) dict_keys(['example_xcom_args', 'example_xcom_args_with_operators']) retrieved from /home/airflow/.local/lib/python3.7/site-packages/airflow/example_dags/example_xcomargs.py
[2022-09-24T07:44:21.236+0000] {logging_mixin.py:117} INFO - [2022-09-24T07:44:21.236+0000] {dag.py:2573} INFO - Sync 2 DAGs
[2022-09-24T07:44:21.254+0000] {logging_mixin.py:117} INFO - [2022-09-24T07:44:21.254+0000] {dag.py:3328} INFO - Setting next_dagrun for example_xcom_args to None, run_after=None
[2022-09-24T07:44:21.258+0000] {logging_mixin.py:117} INFO - [2022-09-24T07:44:21.258+0000] {dag.py:3328} INFO - Setting next_dagrun for example_xcom_args_with_operators to None, run_after=None
[2022-09-24T07:44:21.269+0000] {processor.py:178} INFO - Processing /home/airflow/.local/lib/python3.7/site-packages/airflow/example_dags/example_xcomargs.py took 0.098 seconds
[2022-09-24T07:44:51.437+0000] {processor.py:156} INFO - Started process (PID=33209) to work on /home/airflow/.local/lib/python3.7/site-packages/airflow/example_dags/example_xcomargs.py
[2022-09-24T07:44:51.439+0000] {processor.py:758} INFO - Processing file /home/airflow/.local/lib/python3.7/site-packages/airflow/example_dags/example_xcomargs.py for tasks to queue
[2022-09-24T07:44:51.440+0000] {logging_mixin.py:117} INFO - [2022-09-24T07:44:51.440+0000] {dagbag.py:525} INFO - Filling up the DagBag from /home/airflow/.local/lib/python3.7/site-packages/airflow/example_dags/example_xcomargs.py
[2022-09-24T07:44:51.456+0000] {processor.py:768} INFO - DAG(s) dict_keys(['example_xcom_args', 'example_xcom_args_with_operators']) retrieved from /home/airflow/.local/lib/python3.7/site-packages/airflow/example_dags/example_xcomargs.py
[2022-09-24T07:44:51.488+0000] {logging_mixin.py:117} INFO - [2022-09-24T07:44:51.488+0000] {dag.py:2573} INFO - Sync 2 DAGs
[2022-09-24T07:44:51.504+0000] {logging_mixin.py:117} INFO - [2022-09-24T07:44:51.504+0000] {dag.py:3328} INFO - Setting next_dagrun for example_xcom_args to None, run_after=None
[2022-09-24T07:44:51.507+0000] {logging_mixin.py:117} INFO - [2022-09-24T07:44:51.507+0000] {dag.py:3328} INFO - Setting next_dagrun for example_xcom_args_with_operators to None, run_after=None
[2022-09-24T07:44:51.520+0000] {processor.py:178} INFO - Processing /home/airflow/.local/lib/python3.7/site-packages/airflow/example_dags/example_xcomargs.py took 0.086 seconds
[2022-09-24T07:45:21.711+0000] {processor.py:156} INFO - Started process (PID=33273) to work on /home/airflow/.local/lib/python3.7/site-packages/airflow/example_dags/example_xcomargs.py
[2022-09-24T07:45:21.713+0000] {processor.py:758} INFO - Processing file /home/airflow/.local/lib/python3.7/site-packages/airflow/example_dags/example_xcomargs.py for tasks to queue
[2022-09-24T07:45:21.714+0000] {logging_mixin.py:117} INFO - [2022-09-24T07:45:21.714+0000] {dagbag.py:525} INFO - Filling up the DagBag from /home/airflow/.local/lib/python3.7/site-packages/airflow/example_dags/example_xcomargs.py
[2022-09-24T07:45:21.729+0000] {processor.py:768} INFO - DAG(s) dict_keys(['example_xcom_args', 'example_xcom_args_with_operators']) retrieved from /home/airflow/.local/lib/python3.7/site-packages/airflow/example_dags/example_xcomargs.py
[2022-09-24T07:45:21.756+0000] {logging_mixin.py:117} INFO - [2022-09-24T07:45:21.756+0000] {dag.py:2573} INFO - Sync 2 DAGs
[2022-09-24T07:45:21.771+0000] {logging_mixin.py:117} INFO - [2022-09-24T07:45:21.771+0000] {dag.py:3328} INFO - Setting next_dagrun for example_xcom_args to None, run_after=None
[2022-09-24T07:45:21.773+0000] {logging_mixin.py:117} INFO - [2022-09-24T07:45:21.773+0000] {dag.py:3328} INFO - Setting next_dagrun for example_xcom_args_with_operators to None, run_after=None
[2022-09-24T07:45:21.784+0000] {processor.py:178} INFO - Processing /home/airflow/.local/lib/python3.7/site-packages/airflow/example_dags/example_xcomargs.py took 0.075 seconds
[2022-09-24T07:45:52.151+0000] {processor.py:156} INFO - Started process (PID=33336) to work on /home/airflow/.local/lib/python3.7/site-packages/airflow/example_dags/example_xcomargs.py
[2022-09-24T07:45:52.153+0000] {processor.py:758} INFO - Processing file /home/airflow/.local/lib/python3.7/site-packages/airflow/example_dags/example_xcomargs.py for tasks to queue
[2022-09-24T07:45:52.154+0000] {logging_mixin.py:117} INFO - [2022-09-24T07:45:52.154+0000] {dagbag.py:525} INFO - Filling up the DagBag from /home/airflow/.local/lib/python3.7/site-packages/airflow/example_dags/example_xcomargs.py
[2022-09-24T07:45:52.171+0000] {processor.py:768} INFO - DAG(s) dict_keys(['example_xcom_args_with_operators', 'example_xcom_args']) retrieved from /home/airflow/.local/lib/python3.7/site-packages/airflow/example_dags/example_xcomargs.py
[2022-09-24T07:45:52.199+0000] {logging_mixin.py:117} INFO - [2022-09-24T07:45:52.198+0000] {dag.py:2573} INFO - Sync 2 DAGs
[2022-09-24T07:45:52.213+0000] {logging_mixin.py:117} INFO - [2022-09-24T07:45:52.213+0000] {dag.py:3328} INFO - Setting next_dagrun for example_xcom_args to None, run_after=None
[2022-09-24T07:45:52.216+0000] {logging_mixin.py:117} INFO - [2022-09-24T07:45:52.216+0000] {dag.py:3328} INFO - Setting next_dagrun for example_xcom_args_with_operators to None, run_after=None
[2022-09-24T07:45:52.227+0000] {processor.py:178} INFO - Processing /home/airflow/.local/lib/python3.7/site-packages/airflow/example_dags/example_xcomargs.py took 0.077 seconds
[2022-09-24T07:46:22.410+0000] {processor.py:156} INFO - Started process (PID=33399) to work on /home/airflow/.local/lib/python3.7/site-packages/airflow/example_dags/example_xcomargs.py
[2022-09-24T07:46:22.411+0000] {processor.py:758} INFO - Processing file /home/airflow/.local/lib/python3.7/site-packages/airflow/example_dags/example_xcomargs.py for tasks to queue
[2022-09-24T07:46:22.412+0000] {logging_mixin.py:117} INFO - [2022-09-24T07:46:22.412+0000] {dagbag.py:525} INFO - Filling up the DagBag from /home/airflow/.local/lib/python3.7/site-packages/airflow/example_dags/example_xcomargs.py
[2022-09-24T07:46:22.430+0000] {processor.py:768} INFO - DAG(s) dict_keys(['example_xcom_args_with_operators', 'example_xcom_args']) retrieved from /home/airflow/.local/lib/python3.7/site-packages/airflow/example_dags/example_xcomargs.py
[2022-09-24T07:46:22.463+0000] {logging_mixin.py:117} INFO - [2022-09-24T07:46:22.463+0000] {dag.py:2573} INFO - Sync 2 DAGs
[2022-09-24T07:46:22.479+0000] {logging_mixin.py:117} INFO - [2022-09-24T07:46:22.479+0000] {dag.py:3328} INFO - Setting next_dagrun for example_xcom_args to None, run_after=None
[2022-09-24T07:46:22.484+0000] {logging_mixin.py:117} INFO - [2022-09-24T07:46:22.484+0000] {dag.py:3328} INFO - Setting next_dagrun for example_xcom_args_with_operators to None, run_after=None
[2022-09-24T07:46:22.496+0000] {processor.py:178} INFO - Processing /home/airflow/.local/lib/python3.7/site-packages/airflow/example_dags/example_xcomargs.py took 0.089 seconds
[2022-09-24T07:46:52.830+0000] {processor.py:156} INFO - Started process (PID=33456) to work on /home/airflow/.local/lib/python3.7/site-packages/airflow/example_dags/example_xcomargs.py
[2022-09-24T07:46:52.831+0000] {processor.py:758} INFO - Processing file /home/airflow/.local/lib/python3.7/site-packages/airflow/example_dags/example_xcomargs.py for tasks to queue
[2022-09-24T07:46:52.832+0000] {logging_mixin.py:117} INFO - [2022-09-24T07:46:52.832+0000] {dagbag.py:525} INFO - Filling up the DagBag from /home/airflow/.local/lib/python3.7/site-packages/airflow/example_dags/example_xcomargs.py
[2022-09-24T07:46:52.849+0000] {processor.py:768} INFO - DAG(s) dict_keys(['example_xcom_args_with_operators', 'example_xcom_args']) retrieved from /home/airflow/.local/lib/python3.7/site-packages/airflow/example_dags/example_xcomargs.py
[2022-09-24T07:46:52.876+0000] {logging_mixin.py:117} INFO - [2022-09-24T07:46:52.876+0000] {dag.py:2573} INFO - Sync 2 DAGs
[2022-09-24T07:46:52.892+0000] {logging_mixin.py:117} INFO - [2022-09-24T07:46:52.892+0000] {dag.py:3328} INFO - Setting next_dagrun for example_xcom_args to None, run_after=None
[2022-09-24T07:46:52.895+0000] {logging_mixin.py:117} INFO - [2022-09-24T07:46:52.895+0000] {dag.py:3328} INFO - Setting next_dagrun for example_xcom_args_with_operators to None, run_after=None
[2022-09-24T07:46:52.905+0000] {processor.py:178} INFO - Processing /home/airflow/.local/lib/python3.7/site-packages/airflow/example_dags/example_xcomargs.py took 0.078 seconds
[2022-09-24T08:22:52.191+0000] {processor.py:156} INFO - Started process (PID=33517) to work on /home/airflow/.local/lib/python3.7/site-packages/airflow/example_dags/example_xcomargs.py
[2022-09-24T08:22:52.193+0000] {processor.py:758} INFO - Processing file /home/airflow/.local/lib/python3.7/site-packages/airflow/example_dags/example_xcomargs.py for tasks to queue
[2022-09-24T08:22:52.196+0000] {logging_mixin.py:117} INFO - [2022-09-24T08:22:52.196+0000] {dagbag.py:525} INFO - Filling up the DagBag from /home/airflow/.local/lib/python3.7/site-packages/airflow/example_dags/example_xcomargs.py
[2022-09-24T08:22:52.252+0000] {processor.py:768} INFO - DAG(s) dict_keys(['example_xcom_args_with_operators', 'example_xcom_args']) retrieved from /home/airflow/.local/lib/python3.7/site-packages/airflow/example_dags/example_xcomargs.py
[2022-09-24T08:22:52.326+0000] {logging_mixin.py:117} INFO - [2022-09-24T08:22:52.326+0000] {dag.py:2573} INFO - Sync 2 DAGs
[2022-09-24T08:22:52.358+0000] {logging_mixin.py:117} INFO - [2022-09-24T08:22:52.358+0000] {dag.py:3328} INFO - Setting next_dagrun for example_xcom_args to None, run_after=None
[2022-09-24T08:22:52.367+0000] {logging_mixin.py:117} INFO - [2022-09-24T08:22:52.367+0000] {dag.py:3328} INFO - Setting next_dagrun for example_xcom_args_with_operators to None, run_after=None
[2022-09-24T08:22:52.399+0000] {processor.py:178} INFO - Processing /home/airflow/.local/lib/python3.7/site-packages/airflow/example_dags/example_xcomargs.py took 0.213 seconds
[2022-09-24T08:25:48.482+0000] {processor.py:156} INFO - Started process (PID=33580) to work on /home/airflow/.local/lib/python3.7/site-packages/airflow/example_dags/example_xcomargs.py
[2022-09-24T08:25:48.485+0000] {processor.py:758} INFO - Processing file /home/airflow/.local/lib/python3.7/site-packages/airflow/example_dags/example_xcomargs.py for tasks to queue
[2022-09-24T08:25:48.486+0000] {logging_mixin.py:117} INFO - [2022-09-24T08:25:48.486+0000] {dagbag.py:525} INFO - Filling up the DagBag from /home/airflow/.local/lib/python3.7/site-packages/airflow/example_dags/example_xcomargs.py
[2022-09-24T08:25:48.514+0000] {processor.py:768} INFO - DAG(s) dict_keys(['example_xcom_args', 'example_xcom_args_with_operators']) retrieved from /home/airflow/.local/lib/python3.7/site-packages/airflow/example_dags/example_xcomargs.py
[2022-09-24T08:25:48.571+0000] {logging_mixin.py:117} INFO - [2022-09-24T08:25:48.571+0000] {dag.py:2573} INFO - Sync 2 DAGs
[2022-09-24T08:25:48.587+0000] {logging_mixin.py:117} INFO - [2022-09-24T08:25:48.587+0000] {dag.py:3328} INFO - Setting next_dagrun for example_xcom_args to None, run_after=None
[2022-09-24T08:25:48.590+0000] {logging_mixin.py:117} INFO - [2022-09-24T08:25:48.590+0000] {dag.py:3328} INFO - Setting next_dagrun for example_xcom_args_with_operators to None, run_after=None
[2022-09-24T08:25:48.602+0000] {processor.py:178} INFO - Processing /home/airflow/.local/lib/python3.7/site-packages/airflow/example_dags/example_xcomargs.py took 0.124 seconds
[2022-09-24T08:26:19.183+0000] {processor.py:156} INFO - Started process (PID=33634) to work on /home/airflow/.local/lib/python3.7/site-packages/airflow/example_dags/example_xcomargs.py
[2022-09-24T08:26:19.185+0000] {processor.py:758} INFO - Processing file /home/airflow/.local/lib/python3.7/site-packages/airflow/example_dags/example_xcomargs.py for tasks to queue
[2022-09-24T08:26:19.186+0000] {logging_mixin.py:117} INFO - [2022-09-24T08:26:19.186+0000] {dagbag.py:525} INFO - Filling up the DagBag from /home/airflow/.local/lib/python3.7/site-packages/airflow/example_dags/example_xcomargs.py
[2022-09-24T08:26:19.203+0000] {processor.py:768} INFO - DAG(s) dict_keys(['example_xcom_args_with_operators', 'example_xcom_args']) retrieved from /home/airflow/.local/lib/python3.7/site-packages/airflow/example_dags/example_xcomargs.py
[2022-09-24T08:26:19.231+0000] {logging_mixin.py:117} INFO - [2022-09-24T08:26:19.231+0000] {dag.py:2573} INFO - Sync 2 DAGs
[2022-09-24T08:26:19.248+0000] {logging_mixin.py:117} INFO - [2022-09-24T08:26:19.247+0000] {dag.py:3328} INFO - Setting next_dagrun for example_xcom_args to None, run_after=None
[2022-09-24T08:26:19.253+0000] {logging_mixin.py:117} INFO - [2022-09-24T08:26:19.253+0000] {dag.py:3328} INFO - Setting next_dagrun for example_xcom_args_with_operators to None, run_after=None
[2022-09-24T08:26:19.266+0000] {processor.py:178} INFO - Processing /home/airflow/.local/lib/python3.7/site-packages/airflow/example_dags/example_xcomargs.py took 0.086 seconds
[2022-09-24T08:26:49.466+0000] {processor.py:156} INFO - Started process (PID=33697) to work on /home/airflow/.local/lib/python3.7/site-packages/airflow/example_dags/example_xcomargs.py
[2022-09-24T08:26:49.468+0000] {processor.py:758} INFO - Processing file /home/airflow/.local/lib/python3.7/site-packages/airflow/example_dags/example_xcomargs.py for tasks to queue
[2022-09-24T08:26:49.468+0000] {logging_mixin.py:117} INFO - [2022-09-24T08:26:49.468+0000] {dagbag.py:525} INFO - Filling up the DagBag from /home/airflow/.local/lib/python3.7/site-packages/airflow/example_dags/example_xcomargs.py
[2022-09-24T08:26:49.485+0000] {processor.py:768} INFO - DAG(s) dict_keys(['example_xcom_args', 'example_xcom_args_with_operators']) retrieved from /home/airflow/.local/lib/python3.7/site-packages/airflow/example_dags/example_xcomargs.py
[2022-09-24T08:26:49.516+0000] {logging_mixin.py:117} INFO - [2022-09-24T08:26:49.516+0000] {dag.py:2573} INFO - Sync 2 DAGs
[2022-09-24T08:26:49.535+0000] {logging_mixin.py:117} INFO - [2022-09-24T08:26:49.534+0000] {dag.py:3328} INFO - Setting next_dagrun for example_xcom_args to None, run_after=None
[2022-09-24T08:26:49.538+0000] {logging_mixin.py:117} INFO - [2022-09-24T08:26:49.538+0000] {dag.py:3328} INFO - Setting next_dagrun for example_xcom_args_with_operators to None, run_after=None
[2022-09-24T08:26:49.554+0000] {processor.py:178} INFO - Processing /home/airflow/.local/lib/python3.7/site-packages/airflow/example_dags/example_xcomargs.py took 0.091 seconds
[2022-09-24T08:27:19.790+0000] {processor.py:156} INFO - Started process (PID=33760) to work on /home/airflow/.local/lib/python3.7/site-packages/airflow/example_dags/example_xcomargs.py
[2022-09-24T08:27:19.792+0000] {processor.py:758} INFO - Processing file /home/airflow/.local/lib/python3.7/site-packages/airflow/example_dags/example_xcomargs.py for tasks to queue
[2022-09-24T08:27:19.793+0000] {logging_mixin.py:117} INFO - [2022-09-24T08:27:19.793+0000] {dagbag.py:525} INFO - Filling up the DagBag from /home/airflow/.local/lib/python3.7/site-packages/airflow/example_dags/example_xcomargs.py
[2022-09-24T08:27:19.808+0000] {processor.py:768} INFO - DAG(s) dict_keys(['example_xcom_args_with_operators', 'example_xcom_args']) retrieved from /home/airflow/.local/lib/python3.7/site-packages/airflow/example_dags/example_xcomargs.py
[2022-09-24T08:27:19.836+0000] {logging_mixin.py:117} INFO - [2022-09-24T08:27:19.836+0000] {dag.py:2573} INFO - Sync 2 DAGs
[2022-09-24T08:27:19.851+0000] {logging_mixin.py:117} INFO - [2022-09-24T08:27:19.851+0000] {dag.py:3328} INFO - Setting next_dagrun for example_xcom_args to None, run_after=None
[2022-09-24T08:27:19.855+0000] {logging_mixin.py:117} INFO - [2022-09-24T08:27:19.855+0000] {dag.py:3328} INFO - Setting next_dagrun for example_xcom_args_with_operators to None, run_after=None
[2022-09-24T08:27:19.868+0000] {processor.py:178} INFO - Processing /home/airflow/.local/lib/python3.7/site-packages/airflow/example_dags/example_xcomargs.py took 0.079 seconds
[2022-09-24T08:27:50.100+0000] {processor.py:156} INFO - Started process (PID=33822) to work on /home/airflow/.local/lib/python3.7/site-packages/airflow/example_dags/example_xcomargs.py
[2022-09-24T08:27:50.102+0000] {processor.py:758} INFO - Processing file /home/airflow/.local/lib/python3.7/site-packages/airflow/example_dags/example_xcomargs.py for tasks to queue
[2022-09-24T08:27:50.103+0000] {logging_mixin.py:117} INFO - [2022-09-24T08:27:50.103+0000] {dagbag.py:525} INFO - Filling up the DagBag from /home/airflow/.local/lib/python3.7/site-packages/airflow/example_dags/example_xcomargs.py
[2022-09-24T08:27:50.117+0000] {processor.py:768} INFO - DAG(s) dict_keys(['example_xcom_args', 'example_xcom_args_with_operators']) retrieved from /home/airflow/.local/lib/python3.7/site-packages/airflow/example_dags/example_xcomargs.py
[2022-09-24T08:27:50.143+0000] {logging_mixin.py:117} INFO - [2022-09-24T08:27:50.143+0000] {dag.py:2573} INFO - Sync 2 DAGs
[2022-09-24T08:27:50.156+0000] {logging_mixin.py:117} INFO - [2022-09-24T08:27:50.156+0000] {dag.py:3328} INFO - Setting next_dagrun for example_xcom_args to None, run_after=None
[2022-09-24T08:27:50.159+0000] {logging_mixin.py:117} INFO - [2022-09-24T08:27:50.159+0000] {dag.py:3328} INFO - Setting next_dagrun for example_xcom_args_with_operators to None, run_after=None
[2022-09-24T08:27:50.168+0000] {processor.py:178} INFO - Processing /home/airflow/.local/lib/python3.7/site-packages/airflow/example_dags/example_xcomargs.py took 0.070 seconds
[2022-09-24T08:28:20.393+0000] {processor.py:156} INFO - Started process (PID=33886) to work on /home/airflow/.local/lib/python3.7/site-packages/airflow/example_dags/example_xcomargs.py
[2022-09-24T08:28:20.394+0000] {processor.py:758} INFO - Processing file /home/airflow/.local/lib/python3.7/site-packages/airflow/example_dags/example_xcomargs.py for tasks to queue
[2022-09-24T08:28:20.396+0000] {logging_mixin.py:117} INFO - [2022-09-24T08:28:20.395+0000] {dagbag.py:525} INFO - Filling up the DagBag from /home/airflow/.local/lib/python3.7/site-packages/airflow/example_dags/example_xcomargs.py
[2022-09-24T08:28:20.410+0000] {processor.py:768} INFO - DAG(s) dict_keys(['example_xcom_args', 'example_xcom_args_with_operators']) retrieved from /home/airflow/.local/lib/python3.7/site-packages/airflow/example_dags/example_xcomargs.py
[2022-09-24T08:28:20.435+0000] {logging_mixin.py:117} INFO - [2022-09-24T08:28:20.435+0000] {dag.py:2573} INFO - Sync 2 DAGs
[2022-09-24T08:28:20.449+0000] {logging_mixin.py:117} INFO - [2022-09-24T08:28:20.448+0000] {dag.py:3328} INFO - Setting next_dagrun for example_xcom_args to None, run_after=None
[2022-09-24T08:28:20.452+0000] {logging_mixin.py:117} INFO - [2022-09-24T08:28:20.452+0000] {dag.py:3328} INFO - Setting next_dagrun for example_xcom_args_with_operators to None, run_after=None
[2022-09-24T08:28:20.463+0000] {processor.py:178} INFO - Processing /home/airflow/.local/lib/python3.7/site-packages/airflow/example_dags/example_xcomargs.py took 0.072 seconds
[2022-09-24T08:28:50.658+0000] {processor.py:156} INFO - Started process (PID=33949) to work on /home/airflow/.local/lib/python3.7/site-packages/airflow/example_dags/example_xcomargs.py
[2022-09-24T08:28:50.660+0000] {processor.py:758} INFO - Processing file /home/airflow/.local/lib/python3.7/site-packages/airflow/example_dags/example_xcomargs.py for tasks to queue
[2022-09-24T08:28:50.661+0000] {logging_mixin.py:117} INFO - [2022-09-24T08:28:50.661+0000] {dagbag.py:525} INFO - Filling up the DagBag from /home/airflow/.local/lib/python3.7/site-packages/airflow/example_dags/example_xcomargs.py
[2022-09-24T08:28:50.680+0000] {processor.py:768} INFO - DAG(s) dict_keys(['example_xcom_args', 'example_xcom_args_with_operators']) retrieved from /home/airflow/.local/lib/python3.7/site-packages/airflow/example_dags/example_xcomargs.py
[2022-09-24T08:28:50.706+0000] {logging_mixin.py:117} INFO - [2022-09-24T08:28:50.706+0000] {dag.py:2573} INFO - Sync 2 DAGs
[2022-09-24T08:28:50.722+0000] {logging_mixin.py:117} INFO - [2022-09-24T08:28:50.721+0000] {dag.py:3328} INFO - Setting next_dagrun for example_xcom_args to None, run_after=None
[2022-09-24T08:28:50.725+0000] {logging_mixin.py:117} INFO - [2022-09-24T08:28:50.725+0000] {dag.py:3328} INFO - Setting next_dagrun for example_xcom_args_with_operators to None, run_after=None
[2022-09-24T08:28:50.736+0000] {processor.py:178} INFO - Processing /home/airflow/.local/lib/python3.7/site-packages/airflow/example_dags/example_xcomargs.py took 0.079 seconds
[2022-09-24T08:29:21.175+0000] {processor.py:156} INFO - Started process (PID=34003) to work on /home/airflow/.local/lib/python3.7/site-packages/airflow/example_dags/example_xcomargs.py
[2022-09-24T08:29:21.177+0000] {processor.py:758} INFO - Processing file /home/airflow/.local/lib/python3.7/site-packages/airflow/example_dags/example_xcomargs.py for tasks to queue
[2022-09-24T08:29:21.178+0000] {logging_mixin.py:117} INFO - [2022-09-24T08:29:21.178+0000] {dagbag.py:525} INFO - Filling up the DagBag from /home/airflow/.local/lib/python3.7/site-packages/airflow/example_dags/example_xcomargs.py
[2022-09-24T08:29:21.195+0000] {processor.py:768} INFO - DAG(s) dict_keys(['example_xcom_args_with_operators', 'example_xcom_args']) retrieved from /home/airflow/.local/lib/python3.7/site-packages/airflow/example_dags/example_xcomargs.py
[2022-09-24T08:29:21.227+0000] {logging_mixin.py:117} INFO - [2022-09-24T08:29:21.227+0000] {dag.py:2573} INFO - Sync 2 DAGs
[2022-09-24T08:29:21.245+0000] {logging_mixin.py:117} INFO - [2022-09-24T08:29:21.245+0000] {dag.py:3328} INFO - Setting next_dagrun for example_xcom_args to None, run_after=None
[2022-09-24T08:29:21.249+0000] {logging_mixin.py:117} INFO - [2022-09-24T08:29:21.249+0000] {dag.py:3328} INFO - Setting next_dagrun for example_xcom_args_with_operators to None, run_after=None
[2022-09-24T08:29:21.265+0000] {processor.py:178} INFO - Processing /home/airflow/.local/lib/python3.7/site-packages/airflow/example_dags/example_xcomargs.py took 0.092 seconds
[2022-09-24T08:29:51.541+0000] {processor.py:156} INFO - Started process (PID=34067) to work on /home/airflow/.local/lib/python3.7/site-packages/airflow/example_dags/example_xcomargs.py
[2022-09-24T08:29:51.543+0000] {processor.py:758} INFO - Processing file /home/airflow/.local/lib/python3.7/site-packages/airflow/example_dags/example_xcomargs.py for tasks to queue
[2022-09-24T08:29:51.544+0000] {logging_mixin.py:117} INFO - [2022-09-24T08:29:51.544+0000] {dagbag.py:525} INFO - Filling up the DagBag from /home/airflow/.local/lib/python3.7/site-packages/airflow/example_dags/example_xcomargs.py
[2022-09-24T08:29:51.561+0000] {processor.py:768} INFO - DAG(s) dict_keys(['example_xcom_args', 'example_xcom_args_with_operators']) retrieved from /home/airflow/.local/lib/python3.7/site-packages/airflow/example_dags/example_xcomargs.py
[2022-09-24T08:29:51.592+0000] {logging_mixin.py:117} INFO - [2022-09-24T08:29:51.592+0000] {dag.py:2573} INFO - Sync 2 DAGs
[2022-09-24T08:29:51.609+0000] {logging_mixin.py:117} INFO - [2022-09-24T08:29:51.609+0000] {dag.py:3328} INFO - Setting next_dagrun for example_xcom_args to None, run_after=None
[2022-09-24T08:29:51.613+0000] {logging_mixin.py:117} INFO - [2022-09-24T08:29:51.613+0000] {dag.py:3328} INFO - Setting next_dagrun for example_xcom_args_with_operators to None, run_after=None
[2022-09-24T08:29:51.628+0000] {processor.py:178} INFO - Processing /home/airflow/.local/lib/python3.7/site-packages/airflow/example_dags/example_xcomargs.py took 0.090 seconds
[2022-09-24T08:30:21.824+0000] {processor.py:156} INFO - Started process (PID=34130) to work on /home/airflow/.local/lib/python3.7/site-packages/airflow/example_dags/example_xcomargs.py
[2022-09-24T08:30:21.825+0000] {processor.py:758} INFO - Processing file /home/airflow/.local/lib/python3.7/site-packages/airflow/example_dags/example_xcomargs.py for tasks to queue
[2022-09-24T08:30:21.826+0000] {logging_mixin.py:117} INFO - [2022-09-24T08:30:21.826+0000] {dagbag.py:525} INFO - Filling up the DagBag from /home/airflow/.local/lib/python3.7/site-packages/airflow/example_dags/example_xcomargs.py
[2022-09-24T08:30:21.841+0000] {processor.py:768} INFO - DAG(s) dict_keys(['example_xcom_args', 'example_xcom_args_with_operators']) retrieved from /home/airflow/.local/lib/python3.7/site-packages/airflow/example_dags/example_xcomargs.py
[2022-09-24T08:30:21.867+0000] {logging_mixin.py:117} INFO - [2022-09-24T08:30:21.866+0000] {dag.py:2573} INFO - Sync 2 DAGs
[2022-09-24T08:30:21.881+0000] {logging_mixin.py:117} INFO - [2022-09-24T08:30:21.881+0000] {dag.py:3328} INFO - Setting next_dagrun for example_xcom_args to None, run_after=None
[2022-09-24T08:30:21.885+0000] {logging_mixin.py:117} INFO - [2022-09-24T08:30:21.885+0000] {dag.py:3328} INFO - Setting next_dagrun for example_xcom_args_with_operators to None, run_after=None
[2022-09-24T08:30:21.896+0000] {processor.py:178} INFO - Processing /home/airflow/.local/lib/python3.7/site-packages/airflow/example_dags/example_xcomargs.py took 0.074 seconds
[2022-09-24T08:30:52.086+0000] {processor.py:156} INFO - Started process (PID=34194) to work on /home/airflow/.local/lib/python3.7/site-packages/airflow/example_dags/example_xcomargs.py
[2022-09-24T08:30:52.087+0000] {processor.py:758} INFO - Processing file /home/airflow/.local/lib/python3.7/site-packages/airflow/example_dags/example_xcomargs.py for tasks to queue
[2022-09-24T08:30:52.088+0000] {logging_mixin.py:117} INFO - [2022-09-24T08:30:52.088+0000] {dagbag.py:525} INFO - Filling up the DagBag from /home/airflow/.local/lib/python3.7/site-packages/airflow/example_dags/example_xcomargs.py
[2022-09-24T08:30:52.104+0000] {processor.py:768} INFO - DAG(s) dict_keys(['example_xcom_args_with_operators', 'example_xcom_args']) retrieved from /home/airflow/.local/lib/python3.7/site-packages/airflow/example_dags/example_xcomargs.py
[2022-09-24T08:30:52.131+0000] {logging_mixin.py:117} INFO - [2022-09-24T08:30:52.131+0000] {dag.py:2573} INFO - Sync 2 DAGs
[2022-09-24T08:30:52.147+0000] {logging_mixin.py:117} INFO - [2022-09-24T08:30:52.147+0000] {dag.py:3328} INFO - Setting next_dagrun for example_xcom_args to None, run_after=None
[2022-09-24T08:30:52.151+0000] {logging_mixin.py:117} INFO - [2022-09-24T08:30:52.151+0000] {dag.py:3328} INFO - Setting next_dagrun for example_xcom_args_with_operators to None, run_after=None
[2022-09-24T08:30:52.163+0000] {processor.py:178} INFO - Processing /home/airflow/.local/lib/python3.7/site-packages/airflow/example_dags/example_xcomargs.py took 0.079 seconds
[2022-09-24T08:31:22.502+0000] {processor.py:156} INFO - Started process (PID=34257) to work on /home/airflow/.local/lib/python3.7/site-packages/airflow/example_dags/example_xcomargs.py
[2022-09-24T08:31:22.504+0000] {processor.py:758} INFO - Processing file /home/airflow/.local/lib/python3.7/site-packages/airflow/example_dags/example_xcomargs.py for tasks to queue
[2022-09-24T08:31:22.506+0000] {logging_mixin.py:117} INFO - [2022-09-24T08:31:22.506+0000] {dagbag.py:525} INFO - Filling up the DagBag from /home/airflow/.local/lib/python3.7/site-packages/airflow/example_dags/example_xcomargs.py
[2022-09-24T08:31:22.523+0000] {processor.py:768} INFO - DAG(s) dict_keys(['example_xcom_args', 'example_xcom_args_with_operators']) retrieved from /home/airflow/.local/lib/python3.7/site-packages/airflow/example_dags/example_xcomargs.py
[2022-09-24T08:31:22.549+0000] {logging_mixin.py:117} INFO - [2022-09-24T08:31:22.549+0000] {dag.py:2573} INFO - Sync 2 DAGs
[2022-09-24T08:31:22.564+0000] {logging_mixin.py:117} INFO - [2022-09-24T08:31:22.564+0000] {dag.py:3328} INFO - Setting next_dagrun for example_xcom_args to None, run_after=None
[2022-09-24T08:31:22.567+0000] {logging_mixin.py:117} INFO - [2022-09-24T08:31:22.567+0000] {dag.py:3328} INFO - Setting next_dagrun for example_xcom_args_with_operators to None, run_after=None
[2022-09-24T08:31:22.579+0000] {processor.py:178} INFO - Processing /home/airflow/.local/lib/python3.7/site-packages/airflow/example_dags/example_xcomargs.py took 0.079 seconds
[2022-09-24T08:31:52.710+0000] {processor.py:156} INFO - Started process (PID=34319) to work on /home/airflow/.local/lib/python3.7/site-packages/airflow/example_dags/example_xcomargs.py
[2022-09-24T08:31:52.712+0000] {processor.py:758} INFO - Processing file /home/airflow/.local/lib/python3.7/site-packages/airflow/example_dags/example_xcomargs.py for tasks to queue
[2022-09-24T08:31:52.713+0000] {logging_mixin.py:117} INFO - [2022-09-24T08:31:52.713+0000] {dagbag.py:525} INFO - Filling up the DagBag from /home/airflow/.local/lib/python3.7/site-packages/airflow/example_dags/example_xcomargs.py
[2022-09-24T08:31:52.731+0000] {processor.py:768} INFO - DAG(s) dict_keys(['example_xcom_args_with_operators', 'example_xcom_args']) retrieved from /home/airflow/.local/lib/python3.7/site-packages/airflow/example_dags/example_xcomargs.py
[2022-09-24T08:31:52.763+0000] {logging_mixin.py:117} INFO - [2022-09-24T08:31:52.763+0000] {dag.py:2573} INFO - Sync 2 DAGs
[2022-09-24T08:31:52.778+0000] {logging_mixin.py:117} INFO - [2022-09-24T08:31:52.777+0000] {dag.py:3328} INFO - Setting next_dagrun for example_xcom_args to None, run_after=None
[2022-09-24T08:31:52.781+0000] {logging_mixin.py:117} INFO - [2022-09-24T08:31:52.780+0000] {dag.py:3328} INFO - Setting next_dagrun for example_xcom_args_with_operators to None, run_after=None
[2022-09-24T08:31:52.791+0000] {processor.py:178} INFO - Processing /home/airflow/.local/lib/python3.7/site-packages/airflow/example_dags/example_xcomargs.py took 0.084 seconds
[2022-09-24T08:32:22.949+0000] {processor.py:156} INFO - Started process (PID=34373) to work on /home/airflow/.local/lib/python3.7/site-packages/airflow/example_dags/example_xcomargs.py
[2022-09-24T08:32:22.950+0000] {processor.py:758} INFO - Processing file /home/airflow/.local/lib/python3.7/site-packages/airflow/example_dags/example_xcomargs.py for tasks to queue
[2022-09-24T08:32:22.951+0000] {logging_mixin.py:117} INFO - [2022-09-24T08:32:22.951+0000] {dagbag.py:525} INFO - Filling up the DagBag from /home/airflow/.local/lib/python3.7/site-packages/airflow/example_dags/example_xcomargs.py
[2022-09-24T08:32:22.968+0000] {processor.py:768} INFO - DAG(s) dict_keys(['example_xcom_args_with_operators', 'example_xcom_args']) retrieved from /home/airflow/.local/lib/python3.7/site-packages/airflow/example_dags/example_xcomargs.py
[2022-09-24T08:32:22.996+0000] {logging_mixin.py:117} INFO - [2022-09-24T08:32:22.996+0000] {dag.py:2573} INFO - Sync 2 DAGs
[2022-09-24T08:32:23.014+0000] {logging_mixin.py:117} INFO - [2022-09-24T08:32:23.014+0000] {dag.py:3328} INFO - Setting next_dagrun for example_xcom_args to None, run_after=None
[2022-09-24T08:32:23.018+0000] {logging_mixin.py:117} INFO - [2022-09-24T08:32:23.018+0000] {dag.py:3328} INFO - Setting next_dagrun for example_xcom_args_with_operators to None, run_after=None
[2022-09-24T08:32:23.031+0000] {processor.py:178} INFO - Processing /home/airflow/.local/lib/python3.7/site-packages/airflow/example_dags/example_xcomargs.py took 0.085 seconds
[2022-09-24T08:32:53.420+0000] {processor.py:156} INFO - Started process (PID=34435) to work on /home/airflow/.local/lib/python3.7/site-packages/airflow/example_dags/example_xcomargs.py
[2022-09-24T08:32:53.422+0000] {processor.py:758} INFO - Processing file /home/airflow/.local/lib/python3.7/site-packages/airflow/example_dags/example_xcomargs.py for tasks to queue
[2022-09-24T08:32:53.424+0000] {logging_mixin.py:117} INFO - [2022-09-24T08:32:53.423+0000] {dagbag.py:525} INFO - Filling up the DagBag from /home/airflow/.local/lib/python3.7/site-packages/airflow/example_dags/example_xcomargs.py
[2022-09-24T08:32:53.446+0000] {processor.py:768} INFO - DAG(s) dict_keys(['example_xcom_args', 'example_xcom_args_with_operators']) retrieved from /home/airflow/.local/lib/python3.7/site-packages/airflow/example_dags/example_xcomargs.py
[2022-09-24T08:32:53.473+0000] {logging_mixin.py:117} INFO - [2022-09-24T08:32:53.473+0000] {dag.py:2573} INFO - Sync 2 DAGs
[2022-09-24T08:32:53.491+0000] {logging_mixin.py:117} INFO - [2022-09-24T08:32:53.491+0000] {dag.py:3328} INFO - Setting next_dagrun for example_xcom_args to None, run_after=None
[2022-09-24T08:32:53.494+0000] {logging_mixin.py:117} INFO - [2022-09-24T08:32:53.494+0000] {dag.py:3328} INFO - Setting next_dagrun for example_xcom_args_with_operators to None, run_after=None
[2022-09-24T08:32:53.507+0000] {processor.py:178} INFO - Processing /home/airflow/.local/lib/python3.7/site-packages/airflow/example_dags/example_xcomargs.py took 0.089 seconds
[2022-09-24T08:33:23.777+0000] {processor.py:156} INFO - Started process (PID=34498) to work on /home/airflow/.local/lib/python3.7/site-packages/airflow/example_dags/example_xcomargs.py
[2022-09-24T08:33:23.778+0000] {processor.py:758} INFO - Processing file /home/airflow/.local/lib/python3.7/site-packages/airflow/example_dags/example_xcomargs.py for tasks to queue
[2022-09-24T08:33:23.780+0000] {logging_mixin.py:117} INFO - [2022-09-24T08:33:23.780+0000] {dagbag.py:525} INFO - Filling up the DagBag from /home/airflow/.local/lib/python3.7/site-packages/airflow/example_dags/example_xcomargs.py
[2022-09-24T08:33:23.801+0000] {processor.py:768} INFO - DAG(s) dict_keys(['example_xcom_args', 'example_xcom_args_with_operators']) retrieved from /home/airflow/.local/lib/python3.7/site-packages/airflow/example_dags/example_xcomargs.py
[2022-09-24T08:33:23.831+0000] {logging_mixin.py:117} INFO - [2022-09-24T08:33:23.831+0000] {dag.py:2573} INFO - Sync 2 DAGs
[2022-09-24T08:33:23.848+0000] {logging_mixin.py:117} INFO - [2022-09-24T08:33:23.848+0000] {dag.py:3328} INFO - Setting next_dagrun for example_xcom_args to None, run_after=None
[2022-09-24T08:33:23.851+0000] {logging_mixin.py:117} INFO - [2022-09-24T08:33:23.851+0000] {dag.py:3328} INFO - Setting next_dagrun for example_xcom_args_with_operators to None, run_after=None
[2022-09-24T08:33:23.865+0000] {processor.py:178} INFO - Processing /home/airflow/.local/lib/python3.7/site-packages/airflow/example_dags/example_xcomargs.py took 0.091 seconds
[2022-09-24T08:33:54.182+0000] {processor.py:156} INFO - Started process (PID=34561) to work on /home/airflow/.local/lib/python3.7/site-packages/airflow/example_dags/example_xcomargs.py
[2022-09-24T08:33:54.184+0000] {processor.py:758} INFO - Processing file /home/airflow/.local/lib/python3.7/site-packages/airflow/example_dags/example_xcomargs.py for tasks to queue
[2022-09-24T08:33:54.185+0000] {logging_mixin.py:117} INFO - [2022-09-24T08:33:54.185+0000] {dagbag.py:525} INFO - Filling up the DagBag from /home/airflow/.local/lib/python3.7/site-packages/airflow/example_dags/example_xcomargs.py
[2022-09-24T08:33:54.199+0000] {processor.py:768} INFO - DAG(s) dict_keys(['example_xcom_args', 'example_xcom_args_with_operators']) retrieved from /home/airflow/.local/lib/python3.7/site-packages/airflow/example_dags/example_xcomargs.py
[2022-09-24T08:33:54.225+0000] {logging_mixin.py:117} INFO - [2022-09-24T08:33:54.225+0000] {dag.py:2573} INFO - Sync 2 DAGs
[2022-09-24T08:33:54.239+0000] {logging_mixin.py:117} INFO - [2022-09-24T08:33:54.239+0000] {dag.py:3328} INFO - Setting next_dagrun for example_xcom_args to None, run_after=None
[2022-09-24T08:33:54.242+0000] {logging_mixin.py:117} INFO - [2022-09-24T08:33:54.241+0000] {dag.py:3328} INFO - Setting next_dagrun for example_xcom_args_with_operators to None, run_after=None
[2022-09-24T08:33:54.250+0000] {processor.py:178} INFO - Processing /home/airflow/.local/lib/python3.7/site-packages/airflow/example_dags/example_xcomargs.py took 0.071 seconds
[2022-09-24T08:34:24.459+0000] {processor.py:156} INFO - Started process (PID=34624) to work on /home/airflow/.local/lib/python3.7/site-packages/airflow/example_dags/example_xcomargs.py
[2022-09-24T08:34:24.461+0000] {processor.py:758} INFO - Processing file /home/airflow/.local/lib/python3.7/site-packages/airflow/example_dags/example_xcomargs.py for tasks to queue
[2022-09-24T08:34:24.462+0000] {logging_mixin.py:117} INFO - [2022-09-24T08:34:24.462+0000] {dagbag.py:525} INFO - Filling up the DagBag from /home/airflow/.local/lib/python3.7/site-packages/airflow/example_dags/example_xcomargs.py
[2022-09-24T08:34:24.477+0000] {processor.py:768} INFO - DAG(s) dict_keys(['example_xcom_args', 'example_xcom_args_with_operators']) retrieved from /home/airflow/.local/lib/python3.7/site-packages/airflow/example_dags/example_xcomargs.py
[2022-09-24T08:34:24.503+0000] {logging_mixin.py:117} INFO - [2022-09-24T08:34:24.503+0000] {dag.py:2573} INFO - Sync 2 DAGs
[2022-09-24T08:34:24.516+0000] {logging_mixin.py:117} INFO - [2022-09-24T08:34:24.516+0000] {dag.py:3328} INFO - Setting next_dagrun for example_xcom_args to None, run_after=None
[2022-09-24T08:34:24.520+0000] {logging_mixin.py:117} INFO - [2022-09-24T08:34:24.520+0000] {dag.py:3328} INFO - Setting next_dagrun for example_xcom_args_with_operators to None, run_after=None
[2022-09-24T08:34:24.529+0000] {processor.py:178} INFO - Processing /home/airflow/.local/lib/python3.7/site-packages/airflow/example_dags/example_xcomargs.py took 0.072 seconds
[2022-09-24T08:34:54.749+0000] {processor.py:156} INFO - Started process (PID=34686) to work on /home/airflow/.local/lib/python3.7/site-packages/airflow/example_dags/example_xcomargs.py
[2022-09-24T08:34:54.750+0000] {processor.py:758} INFO - Processing file /home/airflow/.local/lib/python3.7/site-packages/airflow/example_dags/example_xcomargs.py for tasks to queue
[2022-09-24T08:34:54.751+0000] {logging_mixin.py:117} INFO - [2022-09-24T08:34:54.751+0000] {dagbag.py:525} INFO - Filling up the DagBag from /home/airflow/.local/lib/python3.7/site-packages/airflow/example_dags/example_xcomargs.py
[2022-09-24T08:34:54.766+0000] {processor.py:768} INFO - DAG(s) dict_keys(['example_xcom_args', 'example_xcom_args_with_operators']) retrieved from /home/airflow/.local/lib/python3.7/site-packages/airflow/example_dags/example_xcomargs.py
[2022-09-24T08:34:54.791+0000] {logging_mixin.py:117} INFO - [2022-09-24T08:34:54.791+0000] {dag.py:2573} INFO - Sync 2 DAGs
[2022-09-24T08:34:54.805+0000] {logging_mixin.py:117} INFO - [2022-09-24T08:34:54.805+0000] {dag.py:3328} INFO - Setting next_dagrun for example_xcom_args to None, run_after=None
[2022-09-24T08:34:54.808+0000] {logging_mixin.py:117} INFO - [2022-09-24T08:34:54.808+0000] {dag.py:3328} INFO - Setting next_dagrun for example_xcom_args_with_operators to None, run_after=None
[2022-09-24T08:34:54.818+0000] {processor.py:178} INFO - Processing /home/airflow/.local/lib/python3.7/site-packages/airflow/example_dags/example_xcomargs.py took 0.071 seconds
[2022-09-24T08:35:25.284+0000] {processor.py:156} INFO - Started process (PID=34750) to work on /home/airflow/.local/lib/python3.7/site-packages/airflow/example_dags/example_xcomargs.py
[2022-09-24T08:35:25.286+0000] {processor.py:758} INFO - Processing file /home/airflow/.local/lib/python3.7/site-packages/airflow/example_dags/example_xcomargs.py for tasks to queue
[2022-09-24T08:35:25.287+0000] {logging_mixin.py:117} INFO - [2022-09-24T08:35:25.287+0000] {dagbag.py:525} INFO - Filling up the DagBag from /home/airflow/.local/lib/python3.7/site-packages/airflow/example_dags/example_xcomargs.py
[2022-09-24T08:35:25.303+0000] {processor.py:768} INFO - DAG(s) dict_keys(['example_xcom_args', 'example_xcom_args_with_operators']) retrieved from /home/airflow/.local/lib/python3.7/site-packages/airflow/example_dags/example_xcomargs.py
[2022-09-24T08:35:25.330+0000] {logging_mixin.py:117} INFO - [2022-09-24T08:35:25.330+0000] {dag.py:2573} INFO - Sync 2 DAGs
[2022-09-24T08:35:25.345+0000] {logging_mixin.py:117} INFO - [2022-09-24T08:35:25.345+0000] {dag.py:3328} INFO - Setting next_dagrun for example_xcom_args to None, run_after=None
[2022-09-24T08:35:25.348+0000] {logging_mixin.py:117} INFO - [2022-09-24T08:35:25.348+0000] {dag.py:3328} INFO - Setting next_dagrun for example_xcom_args_with_operators to None, run_after=None
[2022-09-24T08:35:25.359+0000] {processor.py:178} INFO - Processing /home/airflow/.local/lib/python3.7/site-packages/airflow/example_dags/example_xcomargs.py took 0.077 seconds
[2022-09-24T08:35:55.598+0000] {processor.py:156} INFO - Started process (PID=34804) to work on /home/airflow/.local/lib/python3.7/site-packages/airflow/example_dags/example_xcomargs.py
[2022-09-24T08:35:55.601+0000] {processor.py:758} INFO - Processing file /home/airflow/.local/lib/python3.7/site-packages/airflow/example_dags/example_xcomargs.py for tasks to queue
[2022-09-24T08:35:55.602+0000] {logging_mixin.py:117} INFO - [2022-09-24T08:35:55.602+0000] {dagbag.py:525} INFO - Filling up the DagBag from /home/airflow/.local/lib/python3.7/site-packages/airflow/example_dags/example_xcomargs.py
[2022-09-24T08:35:55.627+0000] {processor.py:768} INFO - DAG(s) dict_keys(['example_xcom_args', 'example_xcom_args_with_operators']) retrieved from /home/airflow/.local/lib/python3.7/site-packages/airflow/example_dags/example_xcomargs.py
[2022-09-24T08:35:55.659+0000] {logging_mixin.py:117} INFO - [2022-09-24T08:35:55.659+0000] {dag.py:2573} INFO - Sync 2 DAGs
[2022-09-24T08:35:55.678+0000] {logging_mixin.py:117} INFO - [2022-09-24T08:35:55.678+0000] {dag.py:3328} INFO - Setting next_dagrun for example_xcom_args to None, run_after=None
[2022-09-24T08:35:55.684+0000] {logging_mixin.py:117} INFO - [2022-09-24T08:35:55.684+0000] {dag.py:3328} INFO - Setting next_dagrun for example_xcom_args_with_operators to None, run_after=None
[2022-09-24T08:35:55.704+0000] {processor.py:178} INFO - Processing /home/airflow/.local/lib/python3.7/site-packages/airflow/example_dags/example_xcomargs.py took 0.109 seconds
[2022-09-24T08:36:25.859+0000] {processor.py:156} INFO - Started process (PID=34867) to work on /home/airflow/.local/lib/python3.7/site-packages/airflow/example_dags/example_xcomargs.py
[2022-09-24T08:36:25.861+0000] {processor.py:758} INFO - Processing file /home/airflow/.local/lib/python3.7/site-packages/airflow/example_dags/example_xcomargs.py for tasks to queue
[2022-09-24T08:36:25.862+0000] {logging_mixin.py:117} INFO - [2022-09-24T08:36:25.862+0000] {dagbag.py:525} INFO - Filling up the DagBag from /home/airflow/.local/lib/python3.7/site-packages/airflow/example_dags/example_xcomargs.py
[2022-09-24T08:36:25.876+0000] {processor.py:768} INFO - DAG(s) dict_keys(['example_xcom_args_with_operators', 'example_xcom_args']) retrieved from /home/airflow/.local/lib/python3.7/site-packages/airflow/example_dags/example_xcomargs.py
[2022-09-24T08:36:25.902+0000] {logging_mixin.py:117} INFO - [2022-09-24T08:36:25.902+0000] {dag.py:2573} INFO - Sync 2 DAGs
[2022-09-24T08:36:25.916+0000] {logging_mixin.py:117} INFO - [2022-09-24T08:36:25.915+0000] {dag.py:3328} INFO - Setting next_dagrun for example_xcom_args to None, run_after=None
[2022-09-24T08:36:25.919+0000] {logging_mixin.py:117} INFO - [2022-09-24T08:36:25.919+0000] {dag.py:3328} INFO - Setting next_dagrun for example_xcom_args_with_operators to None, run_after=None
[2022-09-24T08:36:25.928+0000] {processor.py:178} INFO - Processing /home/airflow/.local/lib/python3.7/site-packages/airflow/example_dags/example_xcomargs.py took 0.071 seconds
[2022-09-24T08:36:56.199+0000] {processor.py:156} INFO - Started process (PID=34930) to work on /home/airflow/.local/lib/python3.7/site-packages/airflow/example_dags/example_xcomargs.py
[2022-09-24T08:36:56.201+0000] {processor.py:758} INFO - Processing file /home/airflow/.local/lib/python3.7/site-packages/airflow/example_dags/example_xcomargs.py for tasks to queue
[2022-09-24T08:36:56.202+0000] {logging_mixin.py:117} INFO - [2022-09-24T08:36:56.202+0000] {dagbag.py:525} INFO - Filling up the DagBag from /home/airflow/.local/lib/python3.7/site-packages/airflow/example_dags/example_xcomargs.py
[2022-09-24T08:36:56.217+0000] {processor.py:768} INFO - DAG(s) dict_keys(['example_xcom_args', 'example_xcom_args_with_operators']) retrieved from /home/airflow/.local/lib/python3.7/site-packages/airflow/example_dags/example_xcomargs.py
[2022-09-24T08:36:56.242+0000] {logging_mixin.py:117} INFO - [2022-09-24T08:36:56.242+0000] {dag.py:2573} INFO - Sync 2 DAGs
[2022-09-24T08:36:56.256+0000] {logging_mixin.py:117} INFO - [2022-09-24T08:36:56.256+0000] {dag.py:3328} INFO - Setting next_dagrun for example_xcom_args to None, run_after=None
[2022-09-24T08:36:56.259+0000] {logging_mixin.py:117} INFO - [2022-09-24T08:36:56.259+0000] {dag.py:3328} INFO - Setting next_dagrun for example_xcom_args_with_operators to None, run_after=None
[2022-09-24T08:36:56.269+0000] {processor.py:178} INFO - Processing /home/airflow/.local/lib/python3.7/site-packages/airflow/example_dags/example_xcomargs.py took 0.073 seconds
[2022-09-24T08:37:26.570+0000] {processor.py:156} INFO - Started process (PID=34993) to work on /home/airflow/.local/lib/python3.7/site-packages/airflow/example_dags/example_xcomargs.py
[2022-09-24T08:37:26.572+0000] {processor.py:758} INFO - Processing file /home/airflow/.local/lib/python3.7/site-packages/airflow/example_dags/example_xcomargs.py for tasks to queue
[2022-09-24T08:37:26.573+0000] {logging_mixin.py:117} INFO - [2022-09-24T08:37:26.572+0000] {dagbag.py:525} INFO - Filling up the DagBag from /home/airflow/.local/lib/python3.7/site-packages/airflow/example_dags/example_xcomargs.py
[2022-09-24T08:37:26.587+0000] {processor.py:768} INFO - DAG(s) dict_keys(['example_xcom_args', 'example_xcom_args_with_operators']) retrieved from /home/airflow/.local/lib/python3.7/site-packages/airflow/example_dags/example_xcomargs.py
[2022-09-24T08:37:26.613+0000] {logging_mixin.py:117} INFO - [2022-09-24T08:37:26.613+0000] {dag.py:2573} INFO - Sync 2 DAGs
[2022-09-24T08:37:26.627+0000] {logging_mixin.py:117} INFO - [2022-09-24T08:37:26.627+0000] {dag.py:3328} INFO - Setting next_dagrun for example_xcom_args to None, run_after=None
[2022-09-24T08:37:26.630+0000] {logging_mixin.py:117} INFO - [2022-09-24T08:37:26.630+0000] {dag.py:3328} INFO - Setting next_dagrun for example_xcom_args_with_operators to None, run_after=None
[2022-09-24T08:37:26.639+0000] {processor.py:178} INFO - Processing /home/airflow/.local/lib/python3.7/site-packages/airflow/example_dags/example_xcomargs.py took 0.072 seconds
[2022-09-24T08:37:57.010+0000] {processor.py:156} INFO - Started process (PID=35055) to work on /home/airflow/.local/lib/python3.7/site-packages/airflow/example_dags/example_xcomargs.py
[2022-09-24T08:37:57.012+0000] {processor.py:758} INFO - Processing file /home/airflow/.local/lib/python3.7/site-packages/airflow/example_dags/example_xcomargs.py for tasks to queue
[2022-09-24T08:37:57.013+0000] {logging_mixin.py:117} INFO - [2022-09-24T08:37:57.013+0000] {dagbag.py:525} INFO - Filling up the DagBag from /home/airflow/.local/lib/python3.7/site-packages/airflow/example_dags/example_xcomargs.py
[2022-09-24T08:37:57.028+0000] {processor.py:768} INFO - DAG(s) dict_keys(['example_xcom_args', 'example_xcom_args_with_operators']) retrieved from /home/airflow/.local/lib/python3.7/site-packages/airflow/example_dags/example_xcomargs.py
[2022-09-24T08:37:57.055+0000] {logging_mixin.py:117} INFO - [2022-09-24T08:37:57.055+0000] {dag.py:2573} INFO - Sync 2 DAGs
[2022-09-24T08:37:57.069+0000] {logging_mixin.py:117} INFO - [2022-09-24T08:37:57.069+0000] {dag.py:3328} INFO - Setting next_dagrun for example_xcom_args to None, run_after=None
[2022-09-24T08:37:57.073+0000] {logging_mixin.py:117} INFO - [2022-09-24T08:37:57.073+0000] {dag.py:3328} INFO - Setting next_dagrun for example_xcom_args_with_operators to None, run_after=None
[2022-09-24T08:37:57.083+0000] {processor.py:178} INFO - Processing /home/airflow/.local/lib/python3.7/site-packages/airflow/example_dags/example_xcomargs.py took 0.075 seconds
[2022-09-24T08:38:27.295+0000] {processor.py:156} INFO - Started process (PID=35109) to work on /home/airflow/.local/lib/python3.7/site-packages/airflow/example_dags/example_xcomargs.py
[2022-09-24T08:38:27.296+0000] {processor.py:758} INFO - Processing file /home/airflow/.local/lib/python3.7/site-packages/airflow/example_dags/example_xcomargs.py for tasks to queue
[2022-09-24T08:38:27.298+0000] {logging_mixin.py:117} INFO - [2022-09-24T08:38:27.297+0000] {dagbag.py:525} INFO - Filling up the DagBag from /home/airflow/.local/lib/python3.7/site-packages/airflow/example_dags/example_xcomargs.py
[2022-09-24T08:38:27.315+0000] {processor.py:768} INFO - DAG(s) dict_keys(['example_xcom_args_with_operators', 'example_xcom_args']) retrieved from /home/airflow/.local/lib/python3.7/site-packages/airflow/example_dags/example_xcomargs.py
[2022-09-24T08:38:27.341+0000] {logging_mixin.py:117} INFO - [2022-09-24T08:38:27.341+0000] {dag.py:2573} INFO - Sync 2 DAGs
[2022-09-24T08:38:27.356+0000] {logging_mixin.py:117} INFO - [2022-09-24T08:38:27.356+0000] {dag.py:3328} INFO - Setting next_dagrun for example_xcom_args to None, run_after=None
[2022-09-24T08:38:27.362+0000] {logging_mixin.py:117} INFO - [2022-09-24T08:38:27.362+0000] {dag.py:3328} INFO - Setting next_dagrun for example_xcom_args_with_operators to None, run_after=None
[2022-09-24T08:38:27.379+0000] {processor.py:178} INFO - Processing /home/airflow/.local/lib/python3.7/site-packages/airflow/example_dags/example_xcomargs.py took 0.086 seconds
[2022-09-24T08:38:57.569+0000] {processor.py:156} INFO - Started process (PID=35173) to work on /home/airflow/.local/lib/python3.7/site-packages/airflow/example_dags/example_xcomargs.py
[2022-09-24T08:38:57.571+0000] {processor.py:758} INFO - Processing file /home/airflow/.local/lib/python3.7/site-packages/airflow/example_dags/example_xcomargs.py for tasks to queue
[2022-09-24T08:38:57.572+0000] {logging_mixin.py:117} INFO - [2022-09-24T08:38:57.571+0000] {dagbag.py:525} INFO - Filling up the DagBag from /home/airflow/.local/lib/python3.7/site-packages/airflow/example_dags/example_xcomargs.py
[2022-09-24T08:38:57.588+0000] {processor.py:768} INFO - DAG(s) dict_keys(['example_xcom_args', 'example_xcom_args_with_operators']) retrieved from /home/airflow/.local/lib/python3.7/site-packages/airflow/example_dags/example_xcomargs.py
[2022-09-24T08:38:57.619+0000] {logging_mixin.py:117} INFO - [2022-09-24T08:38:57.619+0000] {dag.py:2573} INFO - Sync 2 DAGs
[2022-09-24T08:38:57.636+0000] {logging_mixin.py:117} INFO - [2022-09-24T08:38:57.636+0000] {dag.py:3328} INFO - Setting next_dagrun for example_xcom_args to None, run_after=None
[2022-09-24T08:38:57.639+0000] {logging_mixin.py:117} INFO - [2022-09-24T08:38:57.639+0000] {dag.py:3328} INFO - Setting next_dagrun for example_xcom_args_with_operators to None, run_after=None
[2022-09-24T08:38:57.650+0000] {processor.py:178} INFO - Processing /home/airflow/.local/lib/python3.7/site-packages/airflow/example_dags/example_xcomargs.py took 0.083 seconds
[2022-09-24T08:39:27.871+0000] {processor.py:156} INFO - Started process (PID=35236) to work on /home/airflow/.local/lib/python3.7/site-packages/airflow/example_dags/example_xcomargs.py
[2022-09-24T08:39:27.873+0000] {processor.py:758} INFO - Processing file /home/airflow/.local/lib/python3.7/site-packages/airflow/example_dags/example_xcomargs.py for tasks to queue
[2022-09-24T08:39:27.874+0000] {logging_mixin.py:117} INFO - [2022-09-24T08:39:27.874+0000] {dagbag.py:525} INFO - Filling up the DagBag from /home/airflow/.local/lib/python3.7/site-packages/airflow/example_dags/example_xcomargs.py
[2022-09-24T08:39:27.891+0000] {processor.py:768} INFO - DAG(s) dict_keys(['example_xcom_args_with_operators', 'example_xcom_args']) retrieved from /home/airflow/.local/lib/python3.7/site-packages/airflow/example_dags/example_xcomargs.py
[2022-09-24T08:39:27.920+0000] {logging_mixin.py:117} INFO - [2022-09-24T08:39:27.920+0000] {dag.py:2573} INFO - Sync 2 DAGs
[2022-09-24T08:39:27.935+0000] {logging_mixin.py:117} INFO - [2022-09-24T08:39:27.935+0000] {dag.py:3328} INFO - Setting next_dagrun for example_xcom_args to None, run_after=None
[2022-09-24T08:39:27.938+0000] {logging_mixin.py:117} INFO - [2022-09-24T08:39:27.938+0000] {dag.py:3328} INFO - Setting next_dagrun for example_xcom_args_with_operators to None, run_after=None
[2022-09-24T08:39:27.948+0000] {processor.py:178} INFO - Processing /home/airflow/.local/lib/python3.7/site-packages/airflow/example_dags/example_xcomargs.py took 0.079 seconds
[2022-09-24T08:39:58.465+0000] {processor.py:156} INFO - Started process (PID=35299) to work on /home/airflow/.local/lib/python3.7/site-packages/airflow/example_dags/example_xcomargs.py
[2022-09-24T08:39:58.466+0000] {processor.py:758} INFO - Processing file /home/airflow/.local/lib/python3.7/site-packages/airflow/example_dags/example_xcomargs.py for tasks to queue
[2022-09-24T08:39:58.467+0000] {logging_mixin.py:117} INFO - [2022-09-24T08:39:58.467+0000] {dagbag.py:525} INFO - Filling up the DagBag from /home/airflow/.local/lib/python3.7/site-packages/airflow/example_dags/example_xcomargs.py
[2022-09-24T08:39:58.481+0000] {processor.py:768} INFO - DAG(s) dict_keys(['example_xcom_args', 'example_xcom_args_with_operators']) retrieved from /home/airflow/.local/lib/python3.7/site-packages/airflow/example_dags/example_xcomargs.py
[2022-09-24T08:39:58.511+0000] {logging_mixin.py:117} INFO - [2022-09-24T08:39:58.511+0000] {dag.py:2573} INFO - Sync 2 DAGs
[2022-09-24T08:39:58.525+0000] {logging_mixin.py:117} INFO - [2022-09-24T08:39:58.525+0000] {dag.py:3328} INFO - Setting next_dagrun for example_xcom_args to None, run_after=None
[2022-09-24T08:39:58.528+0000] {logging_mixin.py:117} INFO - [2022-09-24T08:39:58.528+0000] {dag.py:3328} INFO - Setting next_dagrun for example_xcom_args_with_operators to None, run_after=None
[2022-09-24T08:39:58.539+0000] {processor.py:178} INFO - Processing /home/airflow/.local/lib/python3.7/site-packages/airflow/example_dags/example_xcomargs.py took 0.076 seconds
[2022-09-24T09:07:11.612+0000] {processor.py:156} INFO - Started process (PID=35354) to work on /home/airflow/.local/lib/python3.7/site-packages/airflow/example_dags/example_xcomargs.py
[2022-09-24T09:07:11.614+0000] {processor.py:758} INFO - Processing file /home/airflow/.local/lib/python3.7/site-packages/airflow/example_dags/example_xcomargs.py for tasks to queue
[2022-09-24T09:07:11.616+0000] {logging_mixin.py:117} INFO - [2022-09-24T09:07:11.616+0000] {dagbag.py:525} INFO - Filling up the DagBag from /home/airflow/.local/lib/python3.7/site-packages/airflow/example_dags/example_xcomargs.py
[2022-09-24T09:07:11.646+0000] {processor.py:768} INFO - DAG(s) dict_keys(['example_xcom_args_with_operators', 'example_xcom_args']) retrieved from /home/airflow/.local/lib/python3.7/site-packages/airflow/example_dags/example_xcomargs.py
[2022-09-24T09:07:11.701+0000] {logging_mixin.py:117} INFO - [2022-09-24T09:07:11.701+0000] {dag.py:2573} INFO - Sync 2 DAGs
[2022-09-24T09:07:11.754+0000] {logging_mixin.py:117} INFO - [2022-09-24T09:07:11.754+0000] {dag.py:3328} INFO - Setting next_dagrun for example_xcom_args to None, run_after=None
[2022-09-24T09:07:11.764+0000] {logging_mixin.py:117} INFO - [2022-09-24T09:07:11.764+0000] {dag.py:3328} INFO - Setting next_dagrun for example_xcom_args_with_operators to None, run_after=None
[2022-09-24T09:07:11.811+0000] {processor.py:178} INFO - Processing /home/airflow/.local/lib/python3.7/site-packages/airflow/example_dags/example_xcomargs.py took 0.201 seconds
