[2022-09-24T01:04:06.193+0000] {processor.py:156} INFO - Started process (PID=32073) to work on /home/airflow/.local/lib/python3.7/site-packages/airflow/example_dags/example_branch_python_dop_operator_3.py
[2022-09-24T01:04:06.195+0000] {processor.py:758} INFO - Processing file /home/airflow/.local/lib/python3.7/site-packages/airflow/example_dags/example_branch_python_dop_operator_3.py for tasks to queue
[2022-09-24T01:04:06.197+0000] {logging_mixin.py:117} INFO - [2022-09-24T01:04:06.197+0000] {dagbag.py:525} INFO - Filling up the DagBag from /home/airflow/.local/lib/python3.7/site-packages/airflow/example_dags/example_branch_python_dop_operator_3.py
[2022-09-24T01:04:06.274+0000] {processor.py:768} INFO - DAG(s) dict_keys(['example_branch_dop_operator_v3']) retrieved from /home/airflow/.local/lib/python3.7/site-packages/airflow/example_dags/example_branch_python_dop_operator_3.py
[2022-09-24T01:04:06.399+0000] {logging_mixin.py:117} INFO - [2022-09-24T01:04:06.399+0000] {dag.py:2573} INFO - Sync 1 DAGs
[2022-09-24T01:04:06.451+0000] {logging_mixin.py:117} INFO - [2022-09-24T01:04:06.451+0000] {dag.py:3328} INFO - Setting next_dagrun for example_branch_dop_operator_v3 to 2022-09-24T01:03:00+00:00, run_after=2022-09-24T01:04:00+00:00
[2022-09-24T01:04:06.536+0000] {processor.py:178} INFO - Processing /home/airflow/.local/lib/python3.7/site-packages/airflow/example_dags/example_branch_python_dop_operator_3.py took 0.349 seconds
[2022-09-24T02:26:58.421+0000] {processor.py:156} INFO - Started process (PID=32136) to work on /home/airflow/.local/lib/python3.7/site-packages/airflow/example_dags/example_branch_python_dop_operator_3.py
[2022-09-24T02:26:58.423+0000] {processor.py:758} INFO - Processing file /home/airflow/.local/lib/python3.7/site-packages/airflow/example_dags/example_branch_python_dop_operator_3.py for tasks to queue
[2022-09-24T02:26:58.425+0000] {logging_mixin.py:117} INFO - [2022-09-24T02:26:58.425+0000] {dagbag.py:525} INFO - Filling up the DagBag from /home/airflow/.local/lib/python3.7/site-packages/airflow/example_dags/example_branch_python_dop_operator_3.py
[2022-09-24T02:26:58.442+0000] {processor.py:768} INFO - DAG(s) dict_keys(['example_branch_dop_operator_v3']) retrieved from /home/airflow/.local/lib/python3.7/site-packages/airflow/example_dags/example_branch_python_dop_operator_3.py
[2022-09-24T02:26:58.467+0000] {logging_mixin.py:117} INFO - [2022-09-24T02:26:58.467+0000] {dag.py:2573} INFO - Sync 1 DAGs
[2022-09-24T02:26:58.486+0000] {logging_mixin.py:117} INFO - [2022-09-24T02:26:58.485+0000] {dag.py:3328} INFO - Setting next_dagrun for example_branch_dop_operator_v3 to 2022-09-24T02:25:00+00:00, run_after=2022-09-24T02:26:00+00:00
[2022-09-24T02:26:58.497+0000] {processor.py:178} INFO - Processing /home/airflow/.local/lib/python3.7/site-packages/airflow/example_dags/example_branch_python_dop_operator_3.py took 0.078 seconds
[2022-09-24T03:23:57.911+0000] {processor.py:156} INFO - Started process (PID=32199) to work on /home/airflow/.local/lib/python3.7/site-packages/airflow/example_dags/example_branch_python_dop_operator_3.py
[2022-09-24T03:23:57.914+0000] {processor.py:758} INFO - Processing file /home/airflow/.local/lib/python3.7/site-packages/airflow/example_dags/example_branch_python_dop_operator_3.py for tasks to queue
[2022-09-24T03:23:57.918+0000] {logging_mixin.py:117} INFO - [2022-09-24T03:23:57.918+0000] {dagbag.py:525} INFO - Filling up the DagBag from /home/airflow/.local/lib/python3.7/site-packages/airflow/example_dags/example_branch_python_dop_operator_3.py
[2022-09-24T03:23:57.940+0000] {processor.py:768} INFO - DAG(s) dict_keys(['example_branch_dop_operator_v3']) retrieved from /home/airflow/.local/lib/python3.7/site-packages/airflow/example_dags/example_branch_python_dop_operator_3.py
[2022-09-24T03:23:57.978+0000] {logging_mixin.py:117} INFO - [2022-09-24T03:23:57.978+0000] {dag.py:2573} INFO - Sync 1 DAGs
[2022-09-24T03:23:58.002+0000] {logging_mixin.py:117} INFO - [2022-09-24T03:23:58.002+0000] {dag.py:3328} INFO - Setting next_dagrun for example_branch_dop_operator_v3 to 2022-09-24T03:22:00+00:00, run_after=2022-09-24T03:23:00+00:00
[2022-09-24T03:23:58.022+0000] {processor.py:178} INFO - Processing /home/airflow/.local/lib/python3.7/site-packages/airflow/example_dags/example_branch_python_dop_operator_3.py took 0.115 seconds
[2022-09-24T04:29:23.882+0000] {processor.py:156} INFO - Started process (PID=32264) to work on /home/airflow/.local/lib/python3.7/site-packages/airflow/example_dags/example_branch_python_dop_operator_3.py
[2022-09-24T04:29:23.884+0000] {processor.py:758} INFO - Processing file /home/airflow/.local/lib/python3.7/site-packages/airflow/example_dags/example_branch_python_dop_operator_3.py for tasks to queue
[2022-09-24T04:29:23.886+0000] {logging_mixin.py:117} INFO - [2022-09-24T04:29:23.886+0000] {dagbag.py:525} INFO - Filling up the DagBag from /home/airflow/.local/lib/python3.7/site-packages/airflow/example_dags/example_branch_python_dop_operator_3.py
[2022-09-24T04:29:23.925+0000] {processor.py:768} INFO - DAG(s) dict_keys(['example_branch_dop_operator_v3']) retrieved from /home/airflow/.local/lib/python3.7/site-packages/airflow/example_dags/example_branch_python_dop_operator_3.py
[2022-09-24T04:29:23.996+0000] {logging_mixin.py:117} INFO - [2022-09-24T04:29:23.996+0000] {dag.py:2573} INFO - Sync 1 DAGs
[2022-09-24T04:29:24.030+0000] {logging_mixin.py:117} INFO - [2022-09-24T04:29:24.030+0000] {dag.py:3328} INFO - Setting next_dagrun for example_branch_dop_operator_v3 to 2022-09-24T04:28:00+00:00, run_after=2022-09-24T04:29:00+00:00
[2022-09-24T04:29:24.068+0000] {processor.py:178} INFO - Processing /home/airflow/.local/lib/python3.7/site-packages/airflow/example_dags/example_branch_python_dop_operator_3.py took 0.189 seconds
[2022-09-24T05:38:04.027+0000] {processor.py:156} INFO - Started process (PID=32318) to work on /home/airflow/.local/lib/python3.7/site-packages/airflow/example_dags/example_branch_python_dop_operator_3.py
[2022-09-24T05:38:04.033+0000] {processor.py:758} INFO - Processing file /home/airflow/.local/lib/python3.7/site-packages/airflow/example_dags/example_branch_python_dop_operator_3.py for tasks to queue
[2022-09-24T05:38:04.034+0000] {logging_mixin.py:117} INFO - [2022-09-24T05:38:04.034+0000] {dagbag.py:525} INFO - Filling up the DagBag from /home/airflow/.local/lib/python3.7/site-packages/airflow/example_dags/example_branch_python_dop_operator_3.py
[2022-09-24T05:38:04.067+0000] {processor.py:768} INFO - DAG(s) dict_keys(['example_branch_dop_operator_v3']) retrieved from /home/airflow/.local/lib/python3.7/site-packages/airflow/example_dags/example_branch_python_dop_operator_3.py
[2022-09-24T05:38:04.127+0000] {logging_mixin.py:117} INFO - [2022-09-24T05:38:04.127+0000] {dag.py:2573} INFO - Sync 1 DAGs
[2022-09-24T05:38:04.164+0000] {logging_mixin.py:117} INFO - [2022-09-24T05:38:04.164+0000] {dag.py:3328} INFO - Setting next_dagrun for example_branch_dop_operator_v3 to 2022-09-24T05:37:00+00:00, run_after=2022-09-24T05:38:00+00:00
[2022-09-24T05:38:04.191+0000] {processor.py:178} INFO - Processing /home/airflow/.local/lib/python3.7/site-packages/airflow/example_dags/example_branch_python_dop_operator_3.py took 0.168 seconds
[2022-09-24T06:55:18.965+0000] {processor.py:156} INFO - Started process (PID=32381) to work on /home/airflow/.local/lib/python3.7/site-packages/airflow/example_dags/example_branch_python_dop_operator_3.py
[2022-09-24T06:55:18.968+0000] {processor.py:758} INFO - Processing file /home/airflow/.local/lib/python3.7/site-packages/airflow/example_dags/example_branch_python_dop_operator_3.py for tasks to queue
[2022-09-24T06:55:18.969+0000] {logging_mixin.py:117} INFO - [2022-09-24T06:55:18.969+0000] {dagbag.py:525} INFO - Filling up the DagBag from /home/airflow/.local/lib/python3.7/site-packages/airflow/example_dags/example_branch_python_dop_operator_3.py
[2022-09-24T06:55:18.985+0000] {processor.py:768} INFO - DAG(s) dict_keys(['example_branch_dop_operator_v3']) retrieved from /home/airflow/.local/lib/python3.7/site-packages/airflow/example_dags/example_branch_python_dop_operator_3.py
[2022-09-24T06:55:19.015+0000] {logging_mixin.py:117} INFO - [2022-09-24T06:55:19.015+0000] {dag.py:2573} INFO - Sync 1 DAGs
[2022-09-24T06:55:19.032+0000] {logging_mixin.py:117} INFO - [2022-09-24T06:55:19.032+0000] {dag.py:3328} INFO - Setting next_dagrun for example_branch_dop_operator_v3 to 2022-09-24T06:54:00+00:00, run_after=2022-09-24T06:55:00+00:00
[2022-09-24T06:55:19.061+0000] {processor.py:178} INFO - Processing /home/airflow/.local/lib/python3.7/site-packages/airflow/example_dags/example_branch_python_dop_operator_3.py took 0.098 seconds
[2022-09-24T07:36:21.919+0000] {processor.py:156} INFO - Started process (PID=32444) to work on /home/airflow/.local/lib/python3.7/site-packages/airflow/example_dags/example_branch_python_dop_operator_3.py
[2022-09-24T07:36:21.923+0000] {processor.py:758} INFO - Processing file /home/airflow/.local/lib/python3.7/site-packages/airflow/example_dags/example_branch_python_dop_operator_3.py for tasks to queue
[2022-09-24T07:36:21.926+0000] {logging_mixin.py:117} INFO - [2022-09-24T07:36:21.925+0000] {dagbag.py:525} INFO - Filling up the DagBag from /home/airflow/.local/lib/python3.7/site-packages/airflow/example_dags/example_branch_python_dop_operator_3.py
[2022-09-24T07:36:21.977+0000] {processor.py:768} INFO - DAG(s) dict_keys(['example_branch_dop_operator_v3']) retrieved from /home/airflow/.local/lib/python3.7/site-packages/airflow/example_dags/example_branch_python_dop_operator_3.py
[2022-09-24T07:36:22.053+0000] {logging_mixin.py:117} INFO - [2022-09-24T07:36:22.053+0000] {dag.py:2573} INFO - Sync 1 DAGs
[2022-09-24T07:36:22.088+0000] {logging_mixin.py:117} INFO - [2022-09-24T07:36:22.088+0000] {dag.py:3328} INFO - Setting next_dagrun for example_branch_dop_operator_v3 to 2022-09-24T07:35:00+00:00, run_after=2022-09-24T07:36:00+00:00
[2022-09-24T07:36:22.114+0000] {processor.py:178} INFO - Processing /home/airflow/.local/lib/python3.7/site-packages/airflow/example_dags/example_branch_python_dop_operator_3.py took 0.199 seconds
[2022-09-24T07:39:15.245+0000] {processor.py:156} INFO - Started process (PID=32507) to work on /home/airflow/.local/lib/python3.7/site-packages/airflow/example_dags/example_branch_python_dop_operator_3.py
[2022-09-24T07:39:15.251+0000] {processor.py:758} INFO - Processing file /home/airflow/.local/lib/python3.7/site-packages/airflow/example_dags/example_branch_python_dop_operator_3.py for tasks to queue
[2022-09-24T07:39:15.255+0000] {logging_mixin.py:117} INFO - [2022-09-24T07:39:15.255+0000] {dagbag.py:525} INFO - Filling up the DagBag from /home/airflow/.local/lib/python3.7/site-packages/airflow/example_dags/example_branch_python_dop_operator_3.py
[2022-09-24T07:39:15.295+0000] {processor.py:768} INFO - DAG(s) dict_keys(['example_branch_dop_operator_v3']) retrieved from /home/airflow/.local/lib/python3.7/site-packages/airflow/example_dags/example_branch_python_dop_operator_3.py
[2022-09-24T07:39:15.349+0000] {logging_mixin.py:117} INFO - [2022-09-24T07:39:15.348+0000] {dag.py:2573} INFO - Sync 1 DAGs
[2022-09-24T07:39:15.382+0000] {logging_mixin.py:117} INFO - [2022-09-24T07:39:15.382+0000] {dag.py:3328} INFO - Setting next_dagrun for example_branch_dop_operator_v3 to 2022-09-24T07:38:00+00:00, run_after=2022-09-24T07:39:00+00:00
[2022-09-24T07:39:15.408+0000] {processor.py:178} INFO - Processing /home/airflow/.local/lib/python3.7/site-packages/airflow/example_dags/example_branch_python_dop_operator_3.py took 0.174 seconds
[2022-09-24T07:39:45.981+0000] {processor.py:156} INFO - Started process (PID=32570) to work on /home/airflow/.local/lib/python3.7/site-packages/airflow/example_dags/example_branch_python_dop_operator_3.py
[2022-09-24T07:39:45.984+0000] {processor.py:758} INFO - Processing file /home/airflow/.local/lib/python3.7/site-packages/airflow/example_dags/example_branch_python_dop_operator_3.py for tasks to queue
[2022-09-24T07:39:45.986+0000] {logging_mixin.py:117} INFO - [2022-09-24T07:39:45.986+0000] {dagbag.py:525} INFO - Filling up the DagBag from /home/airflow/.local/lib/python3.7/site-packages/airflow/example_dags/example_branch_python_dop_operator_3.py
[2022-09-24T07:39:46.007+0000] {processor.py:768} INFO - DAG(s) dict_keys(['example_branch_dop_operator_v3']) retrieved from /home/airflow/.local/lib/python3.7/site-packages/airflow/example_dags/example_branch_python_dop_operator_3.py
[2022-09-24T07:39:46.035+0000] {logging_mixin.py:117} INFO - [2022-09-24T07:39:46.035+0000] {dag.py:2573} INFO - Sync 1 DAGs
[2022-09-24T07:39:46.052+0000] {logging_mixin.py:117} INFO - [2022-09-24T07:39:46.052+0000] {dag.py:3328} INFO - Setting next_dagrun for example_branch_dop_operator_v3 to 2022-09-24T07:38:00+00:00, run_after=2022-09-24T07:39:00+00:00
[2022-09-24T07:39:46.063+0000] {processor.py:178} INFO - Processing /home/airflow/.local/lib/python3.7/site-packages/airflow/example_dags/example_branch_python_dop_operator_3.py took 0.087 seconds
[2022-09-24T07:40:16.173+0000] {processor.py:156} INFO - Started process (PID=32625) to work on /home/airflow/.local/lib/python3.7/site-packages/airflow/example_dags/example_branch_python_dop_operator_3.py
[2022-09-24T07:40:16.175+0000] {processor.py:758} INFO - Processing file /home/airflow/.local/lib/python3.7/site-packages/airflow/example_dags/example_branch_python_dop_operator_3.py for tasks to queue
[2022-09-24T07:40:16.176+0000] {logging_mixin.py:117} INFO - [2022-09-24T07:40:16.176+0000] {dagbag.py:525} INFO - Filling up the DagBag from /home/airflow/.local/lib/python3.7/site-packages/airflow/example_dags/example_branch_python_dop_operator_3.py
[2022-09-24T07:40:16.192+0000] {processor.py:768} INFO - DAG(s) dict_keys(['example_branch_dop_operator_v3']) retrieved from /home/airflow/.local/lib/python3.7/site-packages/airflow/example_dags/example_branch_python_dop_operator_3.py
[2022-09-24T07:40:16.225+0000] {logging_mixin.py:117} INFO - [2022-09-24T07:40:16.225+0000] {dag.py:2573} INFO - Sync 1 DAGs
[2022-09-24T07:40:16.246+0000] {logging_mixin.py:117} INFO - [2022-09-24T07:40:16.246+0000] {dag.py:3328} INFO - Setting next_dagrun for example_branch_dop_operator_v3 to 2022-09-24T07:39:00+00:00, run_after=2022-09-24T07:40:00+00:00
[2022-09-24T07:40:16.261+0000] {processor.py:178} INFO - Processing /home/airflow/.local/lib/python3.7/site-packages/airflow/example_dags/example_branch_python_dop_operator_3.py took 0.091 seconds
[2022-09-24T07:40:46.499+0000] {processor.py:156} INFO - Started process (PID=32689) to work on /home/airflow/.local/lib/python3.7/site-packages/airflow/example_dags/example_branch_python_dop_operator_3.py
[2022-09-24T07:40:46.503+0000] {processor.py:758} INFO - Processing file /home/airflow/.local/lib/python3.7/site-packages/airflow/example_dags/example_branch_python_dop_operator_3.py for tasks to queue
[2022-09-24T07:40:46.505+0000] {logging_mixin.py:117} INFO - [2022-09-24T07:40:46.505+0000] {dagbag.py:525} INFO - Filling up the DagBag from /home/airflow/.local/lib/python3.7/site-packages/airflow/example_dags/example_branch_python_dop_operator_3.py
[2022-09-24T07:40:46.540+0000] {processor.py:768} INFO - DAG(s) dict_keys(['example_branch_dop_operator_v3']) retrieved from /home/airflow/.local/lib/python3.7/site-packages/airflow/example_dags/example_branch_python_dop_operator_3.py
[2022-09-24T07:40:46.573+0000] {logging_mixin.py:117} INFO - [2022-09-24T07:40:46.573+0000] {dag.py:2573} INFO - Sync 1 DAGs
[2022-09-24T07:40:46.593+0000] {logging_mixin.py:117} INFO - [2022-09-24T07:40:46.593+0000] {dag.py:3328} INFO - Setting next_dagrun for example_branch_dop_operator_v3 to 2022-09-24T07:39:00+00:00, run_after=2022-09-24T07:40:00+00:00
[2022-09-24T07:40:46.606+0000] {processor.py:178} INFO - Processing /home/airflow/.local/lib/python3.7/site-packages/airflow/example_dags/example_branch_python_dop_operator_3.py took 0.113 seconds
[2022-09-24T07:41:17.050+0000] {processor.py:156} INFO - Started process (PID=32752) to work on /home/airflow/.local/lib/python3.7/site-packages/airflow/example_dags/example_branch_python_dop_operator_3.py
[2022-09-24T07:41:17.055+0000] {processor.py:758} INFO - Processing file /home/airflow/.local/lib/python3.7/site-packages/airflow/example_dags/example_branch_python_dop_operator_3.py for tasks to queue
[2022-09-24T07:41:17.058+0000] {logging_mixin.py:117} INFO - [2022-09-24T07:41:17.057+0000] {dagbag.py:525} INFO - Filling up the DagBag from /home/airflow/.local/lib/python3.7/site-packages/airflow/example_dags/example_branch_python_dop_operator_3.py
[2022-09-24T07:41:17.082+0000] {processor.py:768} INFO - DAG(s) dict_keys(['example_branch_dop_operator_v3']) retrieved from /home/airflow/.local/lib/python3.7/site-packages/airflow/example_dags/example_branch_python_dop_operator_3.py
[2022-09-24T07:41:17.111+0000] {logging_mixin.py:117} INFO - [2022-09-24T07:41:17.111+0000] {dag.py:2573} INFO - Sync 1 DAGs
[2022-09-24T07:41:17.129+0000] {logging_mixin.py:117} INFO - [2022-09-24T07:41:17.129+0000] {dag.py:3328} INFO - Setting next_dagrun for example_branch_dop_operator_v3 to 2022-09-24T07:40:00+00:00, run_after=2022-09-24T07:41:00+00:00
[2022-09-24T07:41:17.142+0000] {processor.py:178} INFO - Processing /home/airflow/.local/lib/python3.7/site-packages/airflow/example_dags/example_branch_python_dop_operator_3.py took 0.097 seconds
[2022-09-24T07:41:47.487+0000] {processor.py:156} INFO - Started process (PID=32815) to work on /home/airflow/.local/lib/python3.7/site-packages/airflow/example_dags/example_branch_python_dop_operator_3.py
[2022-09-24T07:41:47.490+0000] {processor.py:758} INFO - Processing file /home/airflow/.local/lib/python3.7/site-packages/airflow/example_dags/example_branch_python_dop_operator_3.py for tasks to queue
[2022-09-24T07:41:47.492+0000] {logging_mixin.py:117} INFO - [2022-09-24T07:41:47.492+0000] {dagbag.py:525} INFO - Filling up the DagBag from /home/airflow/.local/lib/python3.7/site-packages/airflow/example_dags/example_branch_python_dop_operator_3.py
[2022-09-24T07:41:47.517+0000] {processor.py:768} INFO - DAG(s) dict_keys(['example_branch_dop_operator_v3']) retrieved from /home/airflow/.local/lib/python3.7/site-packages/airflow/example_dags/example_branch_python_dop_operator_3.py
[2022-09-24T07:41:47.545+0000] {logging_mixin.py:117} INFO - [2022-09-24T07:41:47.545+0000] {dag.py:2573} INFO - Sync 1 DAGs
[2022-09-24T07:41:47.563+0000] {logging_mixin.py:117} INFO - [2022-09-24T07:41:47.563+0000] {dag.py:3328} INFO - Setting next_dagrun for example_branch_dop_operator_v3 to 2022-09-24T07:40:00+00:00, run_after=2022-09-24T07:41:00+00:00
[2022-09-24T07:41:47.576+0000] {processor.py:178} INFO - Processing /home/airflow/.local/lib/python3.7/site-packages/airflow/example_dags/example_branch_python_dop_operator_3.py took 0.094 seconds
[2022-09-24T07:42:17.690+0000] {processor.py:156} INFO - Started process (PID=32878) to work on /home/airflow/.local/lib/python3.7/site-packages/airflow/example_dags/example_branch_python_dop_operator_3.py
[2022-09-24T07:42:17.695+0000] {processor.py:758} INFO - Processing file /home/airflow/.local/lib/python3.7/site-packages/airflow/example_dags/example_branch_python_dop_operator_3.py for tasks to queue
[2022-09-24T07:42:17.697+0000] {logging_mixin.py:117} INFO - [2022-09-24T07:42:17.697+0000] {dagbag.py:525} INFO - Filling up the DagBag from /home/airflow/.local/lib/python3.7/site-packages/airflow/example_dags/example_branch_python_dop_operator_3.py
[2022-09-24T07:42:17.721+0000] {processor.py:768} INFO - DAG(s) dict_keys(['example_branch_dop_operator_v3']) retrieved from /home/airflow/.local/lib/python3.7/site-packages/airflow/example_dags/example_branch_python_dop_operator_3.py
[2022-09-24T07:42:17.748+0000] {logging_mixin.py:117} INFO - [2022-09-24T07:42:17.748+0000] {dag.py:2573} INFO - Sync 1 DAGs
[2022-09-24T07:42:17.766+0000] {logging_mixin.py:117} INFO - [2022-09-24T07:42:17.766+0000] {dag.py:3328} INFO - Setting next_dagrun for example_branch_dop_operator_v3 to 2022-09-24T07:41:00+00:00, run_after=2022-09-24T07:42:00+00:00
[2022-09-24T07:42:17.777+0000] {processor.py:178} INFO - Processing /home/airflow/.local/lib/python3.7/site-packages/airflow/example_dags/example_branch_python_dop_operator_3.py took 0.092 seconds
[2022-09-24T07:42:47.969+0000] {processor.py:156} INFO - Started process (PID=32941) to work on /home/airflow/.local/lib/python3.7/site-packages/airflow/example_dags/example_branch_python_dop_operator_3.py
[2022-09-24T07:42:47.974+0000] {processor.py:758} INFO - Processing file /home/airflow/.local/lib/python3.7/site-packages/airflow/example_dags/example_branch_python_dop_operator_3.py for tasks to queue
[2022-09-24T07:42:47.976+0000] {logging_mixin.py:117} INFO - [2022-09-24T07:42:47.976+0000] {dagbag.py:525} INFO - Filling up the DagBag from /home/airflow/.local/lib/python3.7/site-packages/airflow/example_dags/example_branch_python_dop_operator_3.py
[2022-09-24T07:42:47.996+0000] {processor.py:768} INFO - DAG(s) dict_keys(['example_branch_dop_operator_v3']) retrieved from /home/airflow/.local/lib/python3.7/site-packages/airflow/example_dags/example_branch_python_dop_operator_3.py
[2022-09-24T07:42:48.023+0000] {logging_mixin.py:117} INFO - [2022-09-24T07:42:48.023+0000] {dag.py:2573} INFO - Sync 1 DAGs
[2022-09-24T07:42:48.041+0000] {logging_mixin.py:117} INFO - [2022-09-24T07:42:48.041+0000] {dag.py:3328} INFO - Setting next_dagrun for example_branch_dop_operator_v3 to 2022-09-24T07:41:00+00:00, run_after=2022-09-24T07:42:00+00:00
[2022-09-24T07:42:48.052+0000] {processor.py:178} INFO - Processing /home/airflow/.local/lib/python3.7/site-packages/airflow/example_dags/example_branch_python_dop_operator_3.py took 0.086 seconds
[2022-09-24T07:43:18.173+0000] {processor.py:156} INFO - Started process (PID=32995) to work on /home/airflow/.local/lib/python3.7/site-packages/airflow/example_dags/example_branch_python_dop_operator_3.py
[2022-09-24T07:43:18.176+0000] {processor.py:758} INFO - Processing file /home/airflow/.local/lib/python3.7/site-packages/airflow/example_dags/example_branch_python_dop_operator_3.py for tasks to queue
[2022-09-24T07:43:18.178+0000] {logging_mixin.py:117} INFO - [2022-09-24T07:43:18.178+0000] {dagbag.py:525} INFO - Filling up the DagBag from /home/airflow/.local/lib/python3.7/site-packages/airflow/example_dags/example_branch_python_dop_operator_3.py
[2022-09-24T07:43:18.205+0000] {processor.py:768} INFO - DAG(s) dict_keys(['example_branch_dop_operator_v3']) retrieved from /home/airflow/.local/lib/python3.7/site-packages/airflow/example_dags/example_branch_python_dop_operator_3.py
[2022-09-24T07:43:18.236+0000] {logging_mixin.py:117} INFO - [2022-09-24T07:43:18.236+0000] {dag.py:2573} INFO - Sync 1 DAGs
[2022-09-24T07:43:18.257+0000] {logging_mixin.py:117} INFO - [2022-09-24T07:43:18.257+0000] {dag.py:3328} INFO - Setting next_dagrun for example_branch_dop_operator_v3 to 2022-09-24T07:42:00+00:00, run_after=2022-09-24T07:43:00+00:00
[2022-09-24T07:43:18.268+0000] {processor.py:178} INFO - Processing /home/airflow/.local/lib/python3.7/site-packages/airflow/example_dags/example_branch_python_dop_operator_3.py took 0.100 seconds
[2022-09-24T07:43:48.478+0000] {processor.py:156} INFO - Started process (PID=33058) to work on /home/airflow/.local/lib/python3.7/site-packages/airflow/example_dags/example_branch_python_dop_operator_3.py
[2022-09-24T07:43:48.487+0000] {processor.py:758} INFO - Processing file /home/airflow/.local/lib/python3.7/site-packages/airflow/example_dags/example_branch_python_dop_operator_3.py for tasks to queue
[2022-09-24T07:43:48.490+0000] {logging_mixin.py:117} INFO - [2022-09-24T07:43:48.490+0000] {dagbag.py:525} INFO - Filling up the DagBag from /home/airflow/.local/lib/python3.7/site-packages/airflow/example_dags/example_branch_python_dop_operator_3.py
[2022-09-24T07:43:48.510+0000] {processor.py:768} INFO - DAG(s) dict_keys(['example_branch_dop_operator_v3']) retrieved from /home/airflow/.local/lib/python3.7/site-packages/airflow/example_dags/example_branch_python_dop_operator_3.py
[2022-09-24T07:43:48.534+0000] {logging_mixin.py:117} INFO - [2022-09-24T07:43:48.534+0000] {dag.py:2573} INFO - Sync 1 DAGs
[2022-09-24T07:43:48.551+0000] {logging_mixin.py:117} INFO - [2022-09-24T07:43:48.551+0000] {dag.py:3328} INFO - Setting next_dagrun for example_branch_dop_operator_v3 to 2022-09-24T07:42:00+00:00, run_after=2022-09-24T07:43:00+00:00
[2022-09-24T07:43:48.562+0000] {processor.py:178} INFO - Processing /home/airflow/.local/lib/python3.7/site-packages/airflow/example_dags/example_branch_python_dop_operator_3.py took 0.092 seconds
[2022-09-24T07:44:18.710+0000] {processor.py:156} INFO - Started process (PID=33120) to work on /home/airflow/.local/lib/python3.7/site-packages/airflow/example_dags/example_branch_python_dop_operator_3.py
[2022-09-24T07:44:18.713+0000] {processor.py:758} INFO - Processing file /home/airflow/.local/lib/python3.7/site-packages/airflow/example_dags/example_branch_python_dop_operator_3.py for tasks to queue
[2022-09-24T07:44:18.715+0000] {logging_mixin.py:117} INFO - [2022-09-24T07:44:18.715+0000] {dagbag.py:525} INFO - Filling up the DagBag from /home/airflow/.local/lib/python3.7/site-packages/airflow/example_dags/example_branch_python_dop_operator_3.py
[2022-09-24T07:44:18.737+0000] {processor.py:768} INFO - DAG(s) dict_keys(['example_branch_dop_operator_v3']) retrieved from /home/airflow/.local/lib/python3.7/site-packages/airflow/example_dags/example_branch_python_dop_operator_3.py
[2022-09-24T07:44:18.763+0000] {logging_mixin.py:117} INFO - [2022-09-24T07:44:18.763+0000] {dag.py:2573} INFO - Sync 1 DAGs
[2022-09-24T07:44:18.780+0000] {logging_mixin.py:117} INFO - [2022-09-24T07:44:18.780+0000] {dag.py:3328} INFO - Setting next_dagrun for example_branch_dop_operator_v3 to 2022-09-24T07:43:00+00:00, run_after=2022-09-24T07:44:00+00:00
[2022-09-24T07:44:18.792+0000] {processor.py:178} INFO - Processing /home/airflow/.local/lib/python3.7/site-packages/airflow/example_dags/example_branch_python_dop_operator_3.py took 0.087 seconds
[2022-09-24T07:44:49.015+0000] {processor.py:156} INFO - Started process (PID=33184) to work on /home/airflow/.local/lib/python3.7/site-packages/airflow/example_dags/example_branch_python_dop_operator_3.py
[2022-09-24T07:44:49.017+0000] {processor.py:758} INFO - Processing file /home/airflow/.local/lib/python3.7/site-packages/airflow/example_dags/example_branch_python_dop_operator_3.py for tasks to queue
[2022-09-24T07:44:49.018+0000] {logging_mixin.py:117} INFO - [2022-09-24T07:44:49.018+0000] {dagbag.py:525} INFO - Filling up the DagBag from /home/airflow/.local/lib/python3.7/site-packages/airflow/example_dags/example_branch_python_dop_operator_3.py
[2022-09-24T07:44:49.040+0000] {processor.py:768} INFO - DAG(s) dict_keys(['example_branch_dop_operator_v3']) retrieved from /home/airflow/.local/lib/python3.7/site-packages/airflow/example_dags/example_branch_python_dop_operator_3.py
[2022-09-24T07:44:49.067+0000] {logging_mixin.py:117} INFO - [2022-09-24T07:44:49.067+0000] {dag.py:2573} INFO - Sync 1 DAGs
[2022-09-24T07:44:49.086+0000] {logging_mixin.py:117} INFO - [2022-09-24T07:44:49.086+0000] {dag.py:3328} INFO - Setting next_dagrun for example_branch_dop_operator_v3 to 2022-09-24T07:43:00+00:00, run_after=2022-09-24T07:44:00+00:00
[2022-09-24T07:44:49.098+0000] {processor.py:178} INFO - Processing /home/airflow/.local/lib/python3.7/site-packages/airflow/example_dags/example_branch_python_dop_operator_3.py took 0.088 seconds
[2022-09-24T07:45:19.333+0000] {processor.py:156} INFO - Started process (PID=33248) to work on /home/airflow/.local/lib/python3.7/site-packages/airflow/example_dags/example_branch_python_dop_operator_3.py
[2022-09-24T07:45:19.336+0000] {processor.py:758} INFO - Processing file /home/airflow/.local/lib/python3.7/site-packages/airflow/example_dags/example_branch_python_dop_operator_3.py for tasks to queue
[2022-09-24T07:45:19.337+0000] {logging_mixin.py:117} INFO - [2022-09-24T07:45:19.337+0000] {dagbag.py:525} INFO - Filling up the DagBag from /home/airflow/.local/lib/python3.7/site-packages/airflow/example_dags/example_branch_python_dop_operator_3.py
[2022-09-24T07:45:19.358+0000] {processor.py:768} INFO - DAG(s) dict_keys(['example_branch_dop_operator_v3']) retrieved from /home/airflow/.local/lib/python3.7/site-packages/airflow/example_dags/example_branch_python_dop_operator_3.py
[2022-09-24T07:45:19.383+0000] {logging_mixin.py:117} INFO - [2022-09-24T07:45:19.383+0000] {dag.py:2573} INFO - Sync 1 DAGs
[2022-09-24T07:45:19.401+0000] {logging_mixin.py:117} INFO - [2022-09-24T07:45:19.401+0000] {dag.py:3328} INFO - Setting next_dagrun for example_branch_dop_operator_v3 to 2022-09-24T07:44:00+00:00, run_after=2022-09-24T07:45:00+00:00
[2022-09-24T07:45:19.413+0000] {processor.py:178} INFO - Processing /home/airflow/.local/lib/python3.7/site-packages/airflow/example_dags/example_branch_python_dop_operator_3.py took 0.085 seconds
[2022-09-24T07:45:49.666+0000] {processor.py:156} INFO - Started process (PID=33311) to work on /home/airflow/.local/lib/python3.7/site-packages/airflow/example_dags/example_branch_python_dop_operator_3.py
[2022-09-24T07:45:49.669+0000] {processor.py:758} INFO - Processing file /home/airflow/.local/lib/python3.7/site-packages/airflow/example_dags/example_branch_python_dop_operator_3.py for tasks to queue
[2022-09-24T07:45:49.671+0000] {logging_mixin.py:117} INFO - [2022-09-24T07:45:49.670+0000] {dagbag.py:525} INFO - Filling up the DagBag from /home/airflow/.local/lib/python3.7/site-packages/airflow/example_dags/example_branch_python_dop_operator_3.py
[2022-09-24T07:45:49.696+0000] {processor.py:768} INFO - DAG(s) dict_keys(['example_branch_dop_operator_v3']) retrieved from /home/airflow/.local/lib/python3.7/site-packages/airflow/example_dags/example_branch_python_dop_operator_3.py
[2022-09-24T07:45:49.725+0000] {logging_mixin.py:117} INFO - [2022-09-24T07:45:49.724+0000] {dag.py:2573} INFO - Sync 1 DAGs
[2022-09-24T07:45:49.742+0000] {logging_mixin.py:117} INFO - [2022-09-24T07:45:49.742+0000] {dag.py:3328} INFO - Setting next_dagrun for example_branch_dop_operator_v3 to 2022-09-24T07:44:00+00:00, run_after=2022-09-24T07:45:00+00:00
[2022-09-24T07:45:49.755+0000] {processor.py:178} INFO - Processing /home/airflow/.local/lib/python3.7/site-packages/airflow/example_dags/example_branch_python_dop_operator_3.py took 0.094 seconds
[2022-09-24T07:46:19.917+0000] {processor.py:156} INFO - Started process (PID=33365) to work on /home/airflow/.local/lib/python3.7/site-packages/airflow/example_dags/example_branch_python_dop_operator_3.py
[2022-09-24T07:46:19.922+0000] {processor.py:758} INFO - Processing file /home/airflow/.local/lib/python3.7/site-packages/airflow/example_dags/example_branch_python_dop_operator_3.py for tasks to queue
[2022-09-24T07:46:19.924+0000] {logging_mixin.py:117} INFO - [2022-09-24T07:46:19.924+0000] {dagbag.py:525} INFO - Filling up the DagBag from /home/airflow/.local/lib/python3.7/site-packages/airflow/example_dags/example_branch_python_dop_operator_3.py
[2022-09-24T07:46:19.946+0000] {processor.py:768} INFO - DAG(s) dict_keys(['example_branch_dop_operator_v3']) retrieved from /home/airflow/.local/lib/python3.7/site-packages/airflow/example_dags/example_branch_python_dop_operator_3.py
[2022-09-24T07:46:19.973+0000] {logging_mixin.py:117} INFO - [2022-09-24T07:46:19.973+0000] {dag.py:2573} INFO - Sync 1 DAGs
[2022-09-24T07:46:19.990+0000] {logging_mixin.py:117} INFO - [2022-09-24T07:46:19.990+0000] {dag.py:3328} INFO - Setting next_dagrun for example_branch_dop_operator_v3 to 2022-09-24T07:45:00+00:00, run_after=2022-09-24T07:46:00+00:00
[2022-09-24T07:46:20.003+0000] {processor.py:178} INFO - Processing /home/airflow/.local/lib/python3.7/site-packages/airflow/example_dags/example_branch_python_dop_operator_3.py took 0.091 seconds
[2022-09-24T07:46:50.336+0000] {processor.py:156} INFO - Started process (PID=33428) to work on /home/airflow/.local/lib/python3.7/site-packages/airflow/example_dags/example_branch_python_dop_operator_3.py
[2022-09-24T07:46:50.339+0000] {processor.py:758} INFO - Processing file /home/airflow/.local/lib/python3.7/site-packages/airflow/example_dags/example_branch_python_dop_operator_3.py for tasks to queue
[2022-09-24T07:46:50.341+0000] {logging_mixin.py:117} INFO - [2022-09-24T07:46:50.341+0000] {dagbag.py:525} INFO - Filling up the DagBag from /home/airflow/.local/lib/python3.7/site-packages/airflow/example_dags/example_branch_python_dop_operator_3.py
[2022-09-24T07:46:50.364+0000] {processor.py:768} INFO - DAG(s) dict_keys(['example_branch_dop_operator_v3']) retrieved from /home/airflow/.local/lib/python3.7/site-packages/airflow/example_dags/example_branch_python_dop_operator_3.py
[2022-09-24T07:46:50.393+0000] {logging_mixin.py:117} INFO - [2022-09-24T07:46:50.393+0000] {dag.py:2573} INFO - Sync 1 DAGs
[2022-09-24T07:46:50.411+0000] {logging_mixin.py:117} INFO - [2022-09-24T07:46:50.411+0000] {dag.py:3328} INFO - Setting next_dagrun for example_branch_dop_operator_v3 to 2022-09-24T07:45:00+00:00, run_after=2022-09-24T07:46:00+00:00
[2022-09-24T07:46:50.423+0000] {processor.py:178} INFO - Processing /home/airflow/.local/lib/python3.7/site-packages/airflow/example_dags/example_branch_python_dop_operator_3.py took 0.097 seconds
[2022-09-24T08:22:48.831+0000] {processor.py:156} INFO - Started process (PID=33492) to work on /home/airflow/.local/lib/python3.7/site-packages/airflow/example_dags/example_branch_python_dop_operator_3.py
[2022-09-24T08:22:48.833+0000] {processor.py:758} INFO - Processing file /home/airflow/.local/lib/python3.7/site-packages/airflow/example_dags/example_branch_python_dop_operator_3.py for tasks to queue
[2022-09-24T08:22:48.834+0000] {logging_mixin.py:117} INFO - [2022-09-24T08:22:48.834+0000] {dagbag.py:525} INFO - Filling up the DagBag from /home/airflow/.local/lib/python3.7/site-packages/airflow/example_dags/example_branch_python_dop_operator_3.py
[2022-09-24T08:22:48.851+0000] {processor.py:768} INFO - DAG(s) dict_keys(['example_branch_dop_operator_v3']) retrieved from /home/airflow/.local/lib/python3.7/site-packages/airflow/example_dags/example_branch_python_dop_operator_3.py
[2022-09-24T08:22:48.884+0000] {logging_mixin.py:117} INFO - [2022-09-24T08:22:48.884+0000] {dag.py:2573} INFO - Sync 1 DAGs
[2022-09-24T08:22:48.904+0000] {logging_mixin.py:117} INFO - [2022-09-24T08:22:48.904+0000] {dag.py:3328} INFO - Setting next_dagrun for example_branch_dop_operator_v3 to 2022-09-24T08:21:00+00:00, run_after=2022-09-24T08:22:00+00:00
[2022-09-24T08:22:48.917+0000] {processor.py:178} INFO - Processing /home/airflow/.local/lib/python3.7/site-packages/airflow/example_dags/example_branch_python_dop_operator_3.py took 0.090 seconds
[2022-09-24T08:25:45.633+0000] {processor.py:156} INFO - Started process (PID=33546) to work on /home/airflow/.local/lib/python3.7/site-packages/airflow/example_dags/example_branch_python_dop_operator_3.py
[2022-09-24T08:25:45.638+0000] {processor.py:758} INFO - Processing file /home/airflow/.local/lib/python3.7/site-packages/airflow/example_dags/example_branch_python_dop_operator_3.py for tasks to queue
[2022-09-24T08:25:45.641+0000] {logging_mixin.py:117} INFO - [2022-09-24T08:25:45.641+0000] {dagbag.py:525} INFO - Filling up the DagBag from /home/airflow/.local/lib/python3.7/site-packages/airflow/example_dags/example_branch_python_dop_operator_3.py
[2022-09-24T08:25:45.684+0000] {processor.py:768} INFO - DAG(s) dict_keys(['example_branch_dop_operator_v3']) retrieved from /home/airflow/.local/lib/python3.7/site-packages/airflow/example_dags/example_branch_python_dop_operator_3.py
[2022-09-24T08:25:45.727+0000] {logging_mixin.py:117} INFO - [2022-09-24T08:25:45.727+0000] {dag.py:2573} INFO - Sync 1 DAGs
[2022-09-24T08:25:45.765+0000] {logging_mixin.py:117} INFO - [2022-09-24T08:25:45.765+0000] {dag.py:3328} INFO - Setting next_dagrun for example_branch_dop_operator_v3 to 2022-09-24T08:24:00+00:00, run_after=2022-09-24T08:25:00+00:00
[2022-09-24T08:25:45.795+0000] {processor.py:178} INFO - Processing /home/airflow/.local/lib/python3.7/site-packages/airflow/example_dags/example_branch_python_dop_operator_3.py took 0.172 seconds
[2022-09-24T08:26:16.696+0000] {processor.py:156} INFO - Started process (PID=33609) to work on /home/airflow/.local/lib/python3.7/site-packages/airflow/example_dags/example_branch_python_dop_operator_3.py
[2022-09-24T08:26:16.699+0000] {processor.py:758} INFO - Processing file /home/airflow/.local/lib/python3.7/site-packages/airflow/example_dags/example_branch_python_dop_operator_3.py for tasks to queue
[2022-09-24T08:26:16.701+0000] {logging_mixin.py:117} INFO - [2022-09-24T08:26:16.701+0000] {dagbag.py:525} INFO - Filling up the DagBag from /home/airflow/.local/lib/python3.7/site-packages/airflow/example_dags/example_branch_python_dop_operator_3.py
[2022-09-24T08:26:16.729+0000] {processor.py:768} INFO - DAG(s) dict_keys(['example_branch_dop_operator_v3']) retrieved from /home/airflow/.local/lib/python3.7/site-packages/airflow/example_dags/example_branch_python_dop_operator_3.py
[2022-09-24T08:26:16.760+0000] {logging_mixin.py:117} INFO - [2022-09-24T08:26:16.760+0000] {dag.py:2573} INFO - Sync 1 DAGs
[2022-09-24T08:26:16.786+0000] {logging_mixin.py:117} INFO - [2022-09-24T08:26:16.786+0000] {dag.py:3328} INFO - Setting next_dagrun for example_branch_dop_operator_v3 to 2022-09-24T08:25:00+00:00, run_after=2022-09-24T08:26:00+00:00
[2022-09-24T08:26:16.801+0000] {processor.py:178} INFO - Processing /home/airflow/.local/lib/python3.7/site-packages/airflow/example_dags/example_branch_python_dop_operator_3.py took 0.113 seconds
[2022-09-24T08:26:46.995+0000] {processor.py:156} INFO - Started process (PID=33672) to work on /home/airflow/.local/lib/python3.7/site-packages/airflow/example_dags/example_branch_python_dop_operator_3.py
[2022-09-24T08:26:46.998+0000] {processor.py:758} INFO - Processing file /home/airflow/.local/lib/python3.7/site-packages/airflow/example_dags/example_branch_python_dop_operator_3.py for tasks to queue
[2022-09-24T08:26:47.000+0000] {logging_mixin.py:117} INFO - [2022-09-24T08:26:47.000+0000] {dagbag.py:525} INFO - Filling up the DagBag from /home/airflow/.local/lib/python3.7/site-packages/airflow/example_dags/example_branch_python_dop_operator_3.py
[2022-09-24T08:26:47.022+0000] {processor.py:768} INFO - DAG(s) dict_keys(['example_branch_dop_operator_v3']) retrieved from /home/airflow/.local/lib/python3.7/site-packages/airflow/example_dags/example_branch_python_dop_operator_3.py
[2022-09-24T08:26:47.049+0000] {logging_mixin.py:117} INFO - [2022-09-24T08:26:47.049+0000] {dag.py:2573} INFO - Sync 1 DAGs
[2022-09-24T08:26:47.069+0000] {logging_mixin.py:117} INFO - [2022-09-24T08:26:47.069+0000] {dag.py:3328} INFO - Setting next_dagrun for example_branch_dop_operator_v3 to 2022-09-24T08:25:00+00:00, run_after=2022-09-24T08:26:00+00:00
[2022-09-24T08:26:47.082+0000] {processor.py:178} INFO - Processing /home/airflow/.local/lib/python3.7/site-packages/airflow/example_dags/example_branch_python_dop_operator_3.py took 0.094 seconds
[2022-09-24T08:27:17.305+0000] {processor.py:156} INFO - Started process (PID=33735) to work on /home/airflow/.local/lib/python3.7/site-packages/airflow/example_dags/example_branch_python_dop_operator_3.py
[2022-09-24T08:27:17.307+0000] {processor.py:758} INFO - Processing file /home/airflow/.local/lib/python3.7/site-packages/airflow/example_dags/example_branch_python_dop_operator_3.py for tasks to queue
[2022-09-24T08:27:17.308+0000] {logging_mixin.py:117} INFO - [2022-09-24T08:27:17.308+0000] {dagbag.py:525} INFO - Filling up the DagBag from /home/airflow/.local/lib/python3.7/site-packages/airflow/example_dags/example_branch_python_dop_operator_3.py
[2022-09-24T08:27:17.328+0000] {processor.py:768} INFO - DAG(s) dict_keys(['example_branch_dop_operator_v3']) retrieved from /home/airflow/.local/lib/python3.7/site-packages/airflow/example_dags/example_branch_python_dop_operator_3.py
[2022-09-24T08:27:17.355+0000] {logging_mixin.py:117} INFO - [2022-09-24T08:27:17.355+0000] {dag.py:2573} INFO - Sync 1 DAGs
[2022-09-24T08:27:17.374+0000] {logging_mixin.py:117} INFO - [2022-09-24T08:27:17.373+0000] {dag.py:3328} INFO - Setting next_dagrun for example_branch_dop_operator_v3 to 2022-09-24T08:26:00+00:00, run_after=2022-09-24T08:27:00+00:00
[2022-09-24T08:27:17.385+0000] {processor.py:178} INFO - Processing /home/airflow/.local/lib/python3.7/site-packages/airflow/example_dags/example_branch_python_dop_operator_3.py took 0.086 seconds
[2022-09-24T08:27:47.705+0000] {processor.py:156} INFO - Started process (PID=33797) to work on /home/airflow/.local/lib/python3.7/site-packages/airflow/example_dags/example_branch_python_dop_operator_3.py
[2022-09-24T08:27:47.709+0000] {processor.py:758} INFO - Processing file /home/airflow/.local/lib/python3.7/site-packages/airflow/example_dags/example_branch_python_dop_operator_3.py for tasks to queue
[2022-09-24T08:27:47.713+0000] {logging_mixin.py:117} INFO - [2022-09-24T08:27:47.712+0000] {dagbag.py:525} INFO - Filling up the DagBag from /home/airflow/.local/lib/python3.7/site-packages/airflow/example_dags/example_branch_python_dop_operator_3.py
[2022-09-24T08:27:47.733+0000] {processor.py:768} INFO - DAG(s) dict_keys(['example_branch_dop_operator_v3']) retrieved from /home/airflow/.local/lib/python3.7/site-packages/airflow/example_dags/example_branch_python_dop_operator_3.py
[2022-09-24T08:27:47.761+0000] {logging_mixin.py:117} INFO - [2022-09-24T08:27:47.760+0000] {dag.py:2573} INFO - Sync 1 DAGs
[2022-09-24T08:27:47.778+0000] {logging_mixin.py:117} INFO - [2022-09-24T08:27:47.778+0000] {dag.py:3328} INFO - Setting next_dagrun for example_branch_dop_operator_v3 to 2022-09-24T08:26:00+00:00, run_after=2022-09-24T08:27:00+00:00
[2022-09-24T08:27:47.789+0000] {processor.py:178} INFO - Processing /home/airflow/.local/lib/python3.7/site-packages/airflow/example_dags/example_branch_python_dop_operator_3.py took 0.091 seconds
[2022-09-24T08:28:17.935+0000] {processor.py:156} INFO - Started process (PID=33861) to work on /home/airflow/.local/lib/python3.7/site-packages/airflow/example_dags/example_branch_python_dop_operator_3.py
[2022-09-24T08:28:17.937+0000] {processor.py:758} INFO - Processing file /home/airflow/.local/lib/python3.7/site-packages/airflow/example_dags/example_branch_python_dop_operator_3.py for tasks to queue
[2022-09-24T08:28:17.938+0000] {logging_mixin.py:117} INFO - [2022-09-24T08:28:17.938+0000] {dagbag.py:525} INFO - Filling up the DagBag from /home/airflow/.local/lib/python3.7/site-packages/airflow/example_dags/example_branch_python_dop_operator_3.py
[2022-09-24T08:28:17.953+0000] {processor.py:768} INFO - DAG(s) dict_keys(['example_branch_dop_operator_v3']) retrieved from /home/airflow/.local/lib/python3.7/site-packages/airflow/example_dags/example_branch_python_dop_operator_3.py
[2022-09-24T08:28:17.979+0000] {logging_mixin.py:117} INFO - [2022-09-24T08:28:17.978+0000] {dag.py:2573} INFO - Sync 1 DAGs
[2022-09-24T08:28:17.996+0000] {logging_mixin.py:117} INFO - [2022-09-24T08:28:17.996+0000] {dag.py:3328} INFO - Setting next_dagrun for example_branch_dop_operator_v3 to 2022-09-24T08:27:00+00:00, run_after=2022-09-24T08:28:00+00:00
[2022-09-24T08:28:18.008+0000] {processor.py:178} INFO - Processing /home/airflow/.local/lib/python3.7/site-packages/airflow/example_dags/example_branch_python_dop_operator_3.py took 0.076 seconds
[2022-09-24T08:28:48.210+0000] {processor.py:156} INFO - Started process (PID=33915) to work on /home/airflow/.local/lib/python3.7/site-packages/airflow/example_dags/example_branch_python_dop_operator_3.py
[2022-09-24T08:28:48.212+0000] {processor.py:758} INFO - Processing file /home/airflow/.local/lib/python3.7/site-packages/airflow/example_dags/example_branch_python_dop_operator_3.py for tasks to queue
[2022-09-24T08:28:48.214+0000] {logging_mixin.py:117} INFO - [2022-09-24T08:28:48.214+0000] {dagbag.py:525} INFO - Filling up the DagBag from /home/airflow/.local/lib/python3.7/site-packages/airflow/example_dags/example_branch_python_dop_operator_3.py
[2022-09-24T08:28:48.236+0000] {processor.py:768} INFO - DAG(s) dict_keys(['example_branch_dop_operator_v3']) retrieved from /home/airflow/.local/lib/python3.7/site-packages/airflow/example_dags/example_branch_python_dop_operator_3.py
[2022-09-24T08:28:48.263+0000] {logging_mixin.py:117} INFO - [2022-09-24T08:28:48.263+0000] {dag.py:2573} INFO - Sync 1 DAGs
[2022-09-24T08:28:48.280+0000] {logging_mixin.py:117} INFO - [2022-09-24T08:28:48.280+0000] {dag.py:3328} INFO - Setting next_dagrun for example_branch_dop_operator_v3 to 2022-09-24T08:27:00+00:00, run_after=2022-09-24T08:28:00+00:00
[2022-09-24T08:28:48.292+0000] {processor.py:178} INFO - Processing /home/airflow/.local/lib/python3.7/site-packages/airflow/example_dags/example_branch_python_dop_operator_3.py took 0.087 seconds
[2022-09-24T08:29:18.554+0000] {processor.py:156} INFO - Started process (PID=33978) to work on /home/airflow/.local/lib/python3.7/site-packages/airflow/example_dags/example_branch_python_dop_operator_3.py
[2022-09-24T08:29:18.557+0000] {processor.py:758} INFO - Processing file /home/airflow/.local/lib/python3.7/site-packages/airflow/example_dags/example_branch_python_dop_operator_3.py for tasks to queue
[2022-09-24T08:29:18.559+0000] {logging_mixin.py:117} INFO - [2022-09-24T08:29:18.558+0000] {dagbag.py:525} INFO - Filling up the DagBag from /home/airflow/.local/lib/python3.7/site-packages/airflow/example_dags/example_branch_python_dop_operator_3.py
[2022-09-24T08:29:18.580+0000] {processor.py:768} INFO - DAG(s) dict_keys(['example_branch_dop_operator_v3']) retrieved from /home/airflow/.local/lib/python3.7/site-packages/airflow/example_dags/example_branch_python_dop_operator_3.py
[2022-09-24T08:29:18.607+0000] {logging_mixin.py:117} INFO - [2022-09-24T08:29:18.607+0000] {dag.py:2573} INFO - Sync 1 DAGs
[2022-09-24T08:29:18.624+0000] {logging_mixin.py:117} INFO - [2022-09-24T08:29:18.624+0000] {dag.py:3328} INFO - Setting next_dagrun for example_branch_dop_operator_v3 to 2022-09-24T08:28:00+00:00, run_after=2022-09-24T08:29:00+00:00
[2022-09-24T08:29:18.636+0000] {processor.py:178} INFO - Processing /home/airflow/.local/lib/python3.7/site-packages/airflow/example_dags/example_branch_python_dop_operator_3.py took 0.087 seconds
[2022-09-24T08:29:49.068+0000] {processor.py:156} INFO - Started process (PID=34042) to work on /home/airflow/.local/lib/python3.7/site-packages/airflow/example_dags/example_branch_python_dop_operator_3.py
[2022-09-24T08:29:49.071+0000] {processor.py:758} INFO - Processing file /home/airflow/.local/lib/python3.7/site-packages/airflow/example_dags/example_branch_python_dop_operator_3.py for tasks to queue
[2022-09-24T08:29:49.073+0000] {logging_mixin.py:117} INFO - [2022-09-24T08:29:49.073+0000] {dagbag.py:525} INFO - Filling up the DagBag from /home/airflow/.local/lib/python3.7/site-packages/airflow/example_dags/example_branch_python_dop_operator_3.py
[2022-09-24T08:29:49.096+0000] {processor.py:768} INFO - DAG(s) dict_keys(['example_branch_dop_operator_v3']) retrieved from /home/airflow/.local/lib/python3.7/site-packages/airflow/example_dags/example_branch_python_dop_operator_3.py
[2022-09-24T08:29:49.124+0000] {logging_mixin.py:117} INFO - [2022-09-24T08:29:49.124+0000] {dag.py:2573} INFO - Sync 1 DAGs
[2022-09-24T08:29:49.142+0000] {logging_mixin.py:117} INFO - [2022-09-24T08:29:49.142+0000] {dag.py:3328} INFO - Setting next_dagrun for example_branch_dop_operator_v3 to 2022-09-24T08:28:00+00:00, run_after=2022-09-24T08:29:00+00:00
[2022-09-24T08:29:49.156+0000] {processor.py:178} INFO - Processing /home/airflow/.local/lib/python3.7/site-packages/airflow/example_dags/example_branch_python_dop_operator_3.py took 0.092 seconds
[2022-09-24T08:30:19.372+0000] {processor.py:156} INFO - Started process (PID=34105) to work on /home/airflow/.local/lib/python3.7/site-packages/airflow/example_dags/example_branch_python_dop_operator_3.py
[2022-09-24T08:30:19.380+0000] {processor.py:758} INFO - Processing file /home/airflow/.local/lib/python3.7/site-packages/airflow/example_dags/example_branch_python_dop_operator_3.py for tasks to queue
[2022-09-24T08:30:19.382+0000] {logging_mixin.py:117} INFO - [2022-09-24T08:30:19.382+0000] {dagbag.py:525} INFO - Filling up the DagBag from /home/airflow/.local/lib/python3.7/site-packages/airflow/example_dags/example_branch_python_dop_operator_3.py
[2022-09-24T08:30:19.403+0000] {processor.py:768} INFO - DAG(s) dict_keys(['example_branch_dop_operator_v3']) retrieved from /home/airflow/.local/lib/python3.7/site-packages/airflow/example_dags/example_branch_python_dop_operator_3.py
[2022-09-24T08:30:19.429+0000] {logging_mixin.py:117} INFO - [2022-09-24T08:30:19.429+0000] {dag.py:2573} INFO - Sync 1 DAGs
[2022-09-24T08:30:19.447+0000] {logging_mixin.py:117} INFO - [2022-09-24T08:30:19.447+0000] {dag.py:3328} INFO - Setting next_dagrun for example_branch_dop_operator_v3 to 2022-09-24T08:29:00+00:00, run_after=2022-09-24T08:30:00+00:00
[2022-09-24T08:30:19.459+0000] {processor.py:178} INFO - Processing /home/airflow/.local/lib/python3.7/site-packages/airflow/example_dags/example_branch_python_dop_operator_3.py took 0.091 seconds
[2022-09-24T08:30:49.658+0000] {processor.py:156} INFO - Started process (PID=34169) to work on /home/airflow/.local/lib/python3.7/site-packages/airflow/example_dags/example_branch_python_dop_operator_3.py
[2022-09-24T08:30:49.660+0000] {processor.py:758} INFO - Processing file /home/airflow/.local/lib/python3.7/site-packages/airflow/example_dags/example_branch_python_dop_operator_3.py for tasks to queue
[2022-09-24T08:30:49.662+0000] {logging_mixin.py:117} INFO - [2022-09-24T08:30:49.661+0000] {dagbag.py:525} INFO - Filling up the DagBag from /home/airflow/.local/lib/python3.7/site-packages/airflow/example_dags/example_branch_python_dop_operator_3.py
[2022-09-24T08:30:49.685+0000] {processor.py:768} INFO - DAG(s) dict_keys(['example_branch_dop_operator_v3']) retrieved from /home/airflow/.local/lib/python3.7/site-packages/airflow/example_dags/example_branch_python_dop_operator_3.py
[2022-09-24T08:30:49.712+0000] {logging_mixin.py:117} INFO - [2022-09-24T08:30:49.712+0000] {dag.py:2573} INFO - Sync 1 DAGs
[2022-09-24T08:30:49.730+0000] {logging_mixin.py:117} INFO - [2022-09-24T08:30:49.730+0000] {dag.py:3328} INFO - Setting next_dagrun for example_branch_dop_operator_v3 to 2022-09-24T08:29:00+00:00, run_after=2022-09-24T08:30:00+00:00
[2022-09-24T08:30:49.743+0000] {processor.py:178} INFO - Processing /home/airflow/.local/lib/python3.7/site-packages/airflow/example_dags/example_branch_python_dop_operator_3.py took 0.089 seconds
[2022-09-24T08:31:19.986+0000] {processor.py:156} INFO - Started process (PID=34232) to work on /home/airflow/.local/lib/python3.7/site-packages/airflow/example_dags/example_branch_python_dop_operator_3.py
[2022-09-24T08:31:19.988+0000] {processor.py:758} INFO - Processing file /home/airflow/.local/lib/python3.7/site-packages/airflow/example_dags/example_branch_python_dop_operator_3.py for tasks to queue
[2022-09-24T08:31:19.991+0000] {logging_mixin.py:117} INFO - [2022-09-24T08:31:19.991+0000] {dagbag.py:525} INFO - Filling up the DagBag from /home/airflow/.local/lib/python3.7/site-packages/airflow/example_dags/example_branch_python_dop_operator_3.py
[2022-09-24T08:31:20.015+0000] {processor.py:768} INFO - DAG(s) dict_keys(['example_branch_dop_operator_v3']) retrieved from /home/airflow/.local/lib/python3.7/site-packages/airflow/example_dags/example_branch_python_dop_operator_3.py
[2022-09-24T08:31:20.041+0000] {logging_mixin.py:117} INFO - [2022-09-24T08:31:20.041+0000] {dag.py:2573} INFO - Sync 1 DAGs
[2022-09-24T08:31:20.061+0000] {logging_mixin.py:117} INFO - [2022-09-24T08:31:20.060+0000] {dag.py:3328} INFO - Setting next_dagrun for example_branch_dop_operator_v3 to 2022-09-24T08:30:00+00:00, run_after=2022-09-24T08:31:00+00:00
[2022-09-24T08:31:20.072+0000] {processor.py:178} INFO - Processing /home/airflow/.local/lib/python3.7/site-packages/airflow/example_dags/example_branch_python_dop_operator_3.py took 0.090 seconds
[2022-09-24T08:31:50.194+0000] {processor.py:156} INFO - Started process (PID=34285) to work on /home/airflow/.local/lib/python3.7/site-packages/airflow/example_dags/example_branch_python_dop_operator_3.py
[2022-09-24T08:31:50.196+0000] {processor.py:758} INFO - Processing file /home/airflow/.local/lib/python3.7/site-packages/airflow/example_dags/example_branch_python_dop_operator_3.py for tasks to queue
[2022-09-24T08:31:50.197+0000] {logging_mixin.py:117} INFO - [2022-09-24T08:31:50.197+0000] {dagbag.py:525} INFO - Filling up the DagBag from /home/airflow/.local/lib/python3.7/site-packages/airflow/example_dags/example_branch_python_dop_operator_3.py
[2022-09-24T08:31:50.214+0000] {processor.py:768} INFO - DAG(s) dict_keys(['example_branch_dop_operator_v3']) retrieved from /home/airflow/.local/lib/python3.7/site-packages/airflow/example_dags/example_branch_python_dop_operator_3.py
[2022-09-24T08:31:50.240+0000] {logging_mixin.py:117} INFO - [2022-09-24T08:31:50.240+0000] {dag.py:2573} INFO - Sync 1 DAGs
[2022-09-24T08:31:50.257+0000] {logging_mixin.py:117} INFO - [2022-09-24T08:31:50.257+0000] {dag.py:3328} INFO - Setting next_dagrun for example_branch_dop_operator_v3 to 2022-09-24T08:30:00+00:00, run_after=2022-09-24T08:31:00+00:00
[2022-09-24T08:31:50.270+0000] {processor.py:178} INFO - Processing /home/airflow/.local/lib/python3.7/site-packages/airflow/example_dags/example_branch_python_dop_operator_3.py took 0.080 seconds
[2022-09-24T08:32:20.507+0000] {processor.py:156} INFO - Started process (PID=34348) to work on /home/airflow/.local/lib/python3.7/site-packages/airflow/example_dags/example_branch_python_dop_operator_3.py
[2022-09-24T08:32:20.509+0000] {processor.py:758} INFO - Processing file /home/airflow/.local/lib/python3.7/site-packages/airflow/example_dags/example_branch_python_dop_operator_3.py for tasks to queue
[2022-09-24T08:32:20.510+0000] {logging_mixin.py:117} INFO - [2022-09-24T08:32:20.510+0000] {dagbag.py:525} INFO - Filling up the DagBag from /home/airflow/.local/lib/python3.7/site-packages/airflow/example_dags/example_branch_python_dop_operator_3.py
[2022-09-24T08:32:20.525+0000] {processor.py:768} INFO - DAG(s) dict_keys(['example_branch_dop_operator_v3']) retrieved from /home/airflow/.local/lib/python3.7/site-packages/airflow/example_dags/example_branch_python_dop_operator_3.py
[2022-09-24T08:32:20.551+0000] {logging_mixin.py:117} INFO - [2022-09-24T08:32:20.551+0000] {dag.py:2573} INFO - Sync 1 DAGs
[2022-09-24T08:32:20.568+0000] {logging_mixin.py:117} INFO - [2022-09-24T08:32:20.568+0000] {dag.py:3328} INFO - Setting next_dagrun for example_branch_dop_operator_v3 to 2022-09-24T08:31:00+00:00, run_after=2022-09-24T08:32:00+00:00
[2022-09-24T08:32:20.580+0000] {processor.py:178} INFO - Processing /home/airflow/.local/lib/python3.7/site-packages/airflow/example_dags/example_branch_python_dop_operator_3.py took 0.077 seconds
[2022-09-24T08:32:50.814+0000] {processor.py:156} INFO - Started process (PID=34410) to work on /home/airflow/.local/lib/python3.7/site-packages/airflow/example_dags/example_branch_python_dop_operator_3.py
[2022-09-24T08:32:50.817+0000] {processor.py:758} INFO - Processing file /home/airflow/.local/lib/python3.7/site-packages/airflow/example_dags/example_branch_python_dop_operator_3.py for tasks to queue
[2022-09-24T08:32:50.818+0000] {logging_mixin.py:117} INFO - [2022-09-24T08:32:50.818+0000] {dagbag.py:525} INFO - Filling up the DagBag from /home/airflow/.local/lib/python3.7/site-packages/airflow/example_dags/example_branch_python_dop_operator_3.py
[2022-09-24T08:32:50.836+0000] {processor.py:768} INFO - DAG(s) dict_keys(['example_branch_dop_operator_v3']) retrieved from /home/airflow/.local/lib/python3.7/site-packages/airflow/example_dags/example_branch_python_dop_operator_3.py
[2022-09-24T08:32:50.864+0000] {logging_mixin.py:117} INFO - [2022-09-24T08:32:50.863+0000] {dag.py:2573} INFO - Sync 1 DAGs
[2022-09-24T08:32:50.883+0000] {logging_mixin.py:117} INFO - [2022-09-24T08:32:50.883+0000] {dag.py:3328} INFO - Setting next_dagrun for example_branch_dop_operator_v3 to 2022-09-24T08:31:00+00:00, run_after=2022-09-24T08:32:00+00:00
[2022-09-24T08:32:50.897+0000] {processor.py:178} INFO - Processing /home/airflow/.local/lib/python3.7/site-packages/airflow/example_dags/example_branch_python_dop_operator_3.py took 0.085 seconds
[2022-09-24T08:33:21.182+0000] {processor.py:156} INFO - Started process (PID=34473) to work on /home/airflow/.local/lib/python3.7/site-packages/airflow/example_dags/example_branch_python_dop_operator_3.py
[2022-09-24T08:33:21.184+0000] {processor.py:758} INFO - Processing file /home/airflow/.local/lib/python3.7/site-packages/airflow/example_dags/example_branch_python_dop_operator_3.py for tasks to queue
[2022-09-24T08:33:21.185+0000] {logging_mixin.py:117} INFO - [2022-09-24T08:33:21.185+0000] {dagbag.py:525} INFO - Filling up the DagBag from /home/airflow/.local/lib/python3.7/site-packages/airflow/example_dags/example_branch_python_dop_operator_3.py
[2022-09-24T08:33:21.201+0000] {processor.py:768} INFO - DAG(s) dict_keys(['example_branch_dop_operator_v3']) retrieved from /home/airflow/.local/lib/python3.7/site-packages/airflow/example_dags/example_branch_python_dop_operator_3.py
[2022-09-24T08:33:21.227+0000] {logging_mixin.py:117} INFO - [2022-09-24T08:33:21.227+0000] {dag.py:2573} INFO - Sync 1 DAGs
[2022-09-24T08:33:21.245+0000] {logging_mixin.py:117} INFO - [2022-09-24T08:33:21.245+0000] {dag.py:3328} INFO - Setting next_dagrun for example_branch_dop_operator_v3 to 2022-09-24T08:32:00+00:00, run_after=2022-09-24T08:33:00+00:00
[2022-09-24T08:33:21.256+0000] {processor.py:178} INFO - Processing /home/airflow/.local/lib/python3.7/site-packages/airflow/example_dags/example_branch_python_dop_operator_3.py took 0.077 seconds
[2022-09-24T08:33:51.560+0000] {processor.py:156} INFO - Started process (PID=34536) to work on /home/airflow/.local/lib/python3.7/site-packages/airflow/example_dags/example_branch_python_dop_operator_3.py
[2022-09-24T08:33:51.564+0000] {processor.py:758} INFO - Processing file /home/airflow/.local/lib/python3.7/site-packages/airflow/example_dags/example_branch_python_dop_operator_3.py for tasks to queue
[2022-09-24T08:33:51.565+0000] {logging_mixin.py:117} INFO - [2022-09-24T08:33:51.565+0000] {dagbag.py:525} INFO - Filling up the DagBag from /home/airflow/.local/lib/python3.7/site-packages/airflow/example_dags/example_branch_python_dop_operator_3.py
[2022-09-24T08:33:51.593+0000] {processor.py:768} INFO - DAG(s) dict_keys(['example_branch_dop_operator_v3']) retrieved from /home/airflow/.local/lib/python3.7/site-packages/airflow/example_dags/example_branch_python_dop_operator_3.py
[2022-09-24T08:33:51.625+0000] {logging_mixin.py:117} INFO - [2022-09-24T08:33:51.625+0000] {dag.py:2573} INFO - Sync 1 DAGs
[2022-09-24T08:33:51.645+0000] {logging_mixin.py:117} INFO - [2022-09-24T08:33:51.645+0000] {dag.py:3328} INFO - Setting next_dagrun for example_branch_dop_operator_v3 to 2022-09-24T08:32:00+00:00, run_after=2022-09-24T08:33:00+00:00
[2022-09-24T08:33:51.658+0000] {processor.py:178} INFO - Processing /home/airflow/.local/lib/python3.7/site-packages/airflow/example_dags/example_branch_python_dop_operator_3.py took 0.100 seconds
[2022-09-24T08:34:22.043+0000] {processor.py:156} INFO - Started process (PID=34599) to work on /home/airflow/.local/lib/python3.7/site-packages/airflow/example_dags/example_branch_python_dop_operator_3.py
[2022-09-24T08:34:22.045+0000] {processor.py:758} INFO - Processing file /home/airflow/.local/lib/python3.7/site-packages/airflow/example_dags/example_branch_python_dop_operator_3.py for tasks to queue
[2022-09-24T08:34:22.046+0000] {logging_mixin.py:117} INFO - [2022-09-24T08:34:22.046+0000] {dagbag.py:525} INFO - Filling up the DagBag from /home/airflow/.local/lib/python3.7/site-packages/airflow/example_dags/example_branch_python_dop_operator_3.py
[2022-09-24T08:34:22.060+0000] {processor.py:768} INFO - DAG(s) dict_keys(['example_branch_dop_operator_v3']) retrieved from /home/airflow/.local/lib/python3.7/site-packages/airflow/example_dags/example_branch_python_dop_operator_3.py
[2022-09-24T08:34:22.086+0000] {logging_mixin.py:117} INFO - [2022-09-24T08:34:22.086+0000] {dag.py:2573} INFO - Sync 1 DAGs
[2022-09-24T08:34:22.103+0000] {logging_mixin.py:117} INFO - [2022-09-24T08:34:22.103+0000] {dag.py:3328} INFO - Setting next_dagrun for example_branch_dop_operator_v3 to 2022-09-24T08:33:00+00:00, run_after=2022-09-24T08:34:00+00:00
[2022-09-24T08:34:22.116+0000] {processor.py:178} INFO - Processing /home/airflow/.local/lib/python3.7/site-packages/airflow/example_dags/example_branch_python_dop_operator_3.py took 0.075 seconds
[2022-09-24T08:34:52.253+0000] {processor.py:156} INFO - Started process (PID=34653) to work on /home/airflow/.local/lib/python3.7/site-packages/airflow/example_dags/example_branch_python_dop_operator_3.py
[2022-09-24T08:34:52.255+0000] {processor.py:758} INFO - Processing file /home/airflow/.local/lib/python3.7/site-packages/airflow/example_dags/example_branch_python_dop_operator_3.py for tasks to queue
[2022-09-24T08:34:52.257+0000] {logging_mixin.py:117} INFO - [2022-09-24T08:34:52.257+0000] {dagbag.py:525} INFO - Filling up the DagBag from /home/airflow/.local/lib/python3.7/site-packages/airflow/example_dags/example_branch_python_dop_operator_3.py
[2022-09-24T08:34:52.282+0000] {processor.py:768} INFO - DAG(s) dict_keys(['example_branch_dop_operator_v3']) retrieved from /home/airflow/.local/lib/python3.7/site-packages/airflow/example_dags/example_branch_python_dop_operator_3.py
[2022-09-24T08:34:52.321+0000] {logging_mixin.py:117} INFO - [2022-09-24T08:34:52.321+0000] {dag.py:2573} INFO - Sync 1 DAGs
[2022-09-24T08:34:52.340+0000] {logging_mixin.py:117} INFO - [2022-09-24T08:34:52.340+0000] {dag.py:3328} INFO - Setting next_dagrun for example_branch_dop_operator_v3 to 2022-09-24T08:33:00+00:00, run_after=2022-09-24T08:34:00+00:00
[2022-09-24T08:34:52.351+0000] {processor.py:178} INFO - Processing /home/airflow/.local/lib/python3.7/site-packages/airflow/example_dags/example_branch_python_dop_operator_3.py took 0.104 seconds
[2022-09-24T08:35:22.622+0000] {processor.py:156} INFO - Started process (PID=34716) to work on /home/airflow/.local/lib/python3.7/site-packages/airflow/example_dags/example_branch_python_dop_operator_3.py
[2022-09-24T08:35:22.624+0000] {processor.py:758} INFO - Processing file /home/airflow/.local/lib/python3.7/site-packages/airflow/example_dags/example_branch_python_dop_operator_3.py for tasks to queue
[2022-09-24T08:35:22.628+0000] {logging_mixin.py:117} INFO - [2022-09-24T08:35:22.628+0000] {dagbag.py:525} INFO - Filling up the DagBag from /home/airflow/.local/lib/python3.7/site-packages/airflow/example_dags/example_branch_python_dop_operator_3.py
[2022-09-24T08:35:22.646+0000] {processor.py:768} INFO - DAG(s) dict_keys(['example_branch_dop_operator_v3']) retrieved from /home/airflow/.local/lib/python3.7/site-packages/airflow/example_dags/example_branch_python_dop_operator_3.py
[2022-09-24T08:35:22.683+0000] {logging_mixin.py:117} INFO - [2022-09-24T08:35:22.683+0000] {dag.py:2573} INFO - Sync 1 DAGs
[2022-09-24T08:35:22.709+0000] {logging_mixin.py:117} INFO - [2022-09-24T08:35:22.709+0000] {dag.py:3328} INFO - Setting next_dagrun for example_branch_dop_operator_v3 to 2022-09-24T08:34:00+00:00, run_after=2022-09-24T08:35:00+00:00
[2022-09-24T08:35:22.726+0000] {processor.py:178} INFO - Processing /home/airflow/.local/lib/python3.7/site-packages/airflow/example_dags/example_branch_python_dop_operator_3.py took 0.107 seconds
[2022-09-24T08:35:53.113+0000] {processor.py:156} INFO - Started process (PID=34779) to work on /home/airflow/.local/lib/python3.7/site-packages/airflow/example_dags/example_branch_python_dop_operator_3.py
[2022-09-24T08:35:53.115+0000] {processor.py:758} INFO - Processing file /home/airflow/.local/lib/python3.7/site-packages/airflow/example_dags/example_branch_python_dop_operator_3.py for tasks to queue
[2022-09-24T08:35:53.116+0000] {logging_mixin.py:117} INFO - [2022-09-24T08:35:53.116+0000] {dagbag.py:525} INFO - Filling up the DagBag from /home/airflow/.local/lib/python3.7/site-packages/airflow/example_dags/example_branch_python_dop_operator_3.py
[2022-09-24T08:35:53.134+0000] {processor.py:768} INFO - DAG(s) dict_keys(['example_branch_dop_operator_v3']) retrieved from /home/airflow/.local/lib/python3.7/site-packages/airflow/example_dags/example_branch_python_dop_operator_3.py
[2022-09-24T08:35:53.158+0000] {logging_mixin.py:117} INFO - [2022-09-24T08:35:53.158+0000] {dag.py:2573} INFO - Sync 1 DAGs
[2022-09-24T08:35:53.174+0000] {logging_mixin.py:117} INFO - [2022-09-24T08:35:53.174+0000] {dag.py:3328} INFO - Setting next_dagrun for example_branch_dop_operator_v3 to 2022-09-24T08:34:00+00:00, run_after=2022-09-24T08:35:00+00:00
[2022-09-24T08:35:53.187+0000] {processor.py:178} INFO - Processing /home/airflow/.local/lib/python3.7/site-packages/airflow/example_dags/example_branch_python_dop_operator_3.py took 0.077 seconds
[2022-09-24T08:36:23.458+0000] {processor.py:156} INFO - Started process (PID=34842) to work on /home/airflow/.local/lib/python3.7/site-packages/airflow/example_dags/example_branch_python_dop_operator_3.py
[2022-09-24T08:36:23.461+0000] {processor.py:758} INFO - Processing file /home/airflow/.local/lib/python3.7/site-packages/airflow/example_dags/example_branch_python_dop_operator_3.py for tasks to queue
[2022-09-24T08:36:23.463+0000] {logging_mixin.py:117} INFO - [2022-09-24T08:36:23.463+0000] {dagbag.py:525} INFO - Filling up the DagBag from /home/airflow/.local/lib/python3.7/site-packages/airflow/example_dags/example_branch_python_dop_operator_3.py
[2022-09-24T08:36:23.477+0000] {processor.py:768} INFO - DAG(s) dict_keys(['example_branch_dop_operator_v3']) retrieved from /home/airflow/.local/lib/python3.7/site-packages/airflow/example_dags/example_branch_python_dop_operator_3.py
[2022-09-24T08:36:23.501+0000] {logging_mixin.py:117} INFO - [2022-09-24T08:36:23.501+0000] {dag.py:2573} INFO - Sync 1 DAGs
[2022-09-24T08:36:23.520+0000] {logging_mixin.py:117} INFO - [2022-09-24T08:36:23.520+0000] {dag.py:3328} INFO - Setting next_dagrun for example_branch_dop_operator_v3 to 2022-09-24T08:35:00+00:00, run_after=2022-09-24T08:36:00+00:00
[2022-09-24T08:36:23.531+0000] {processor.py:178} INFO - Processing /home/airflow/.local/lib/python3.7/site-packages/airflow/example_dags/example_branch_python_dop_operator_3.py took 0.075 seconds
[2022-09-24T08:36:53.771+0000] {processor.py:156} INFO - Started process (PID=34905) to work on /home/airflow/.local/lib/python3.7/site-packages/airflow/example_dags/example_branch_python_dop_operator_3.py
[2022-09-24T08:36:53.774+0000] {processor.py:758} INFO - Processing file /home/airflow/.local/lib/python3.7/site-packages/airflow/example_dags/example_branch_python_dop_operator_3.py for tasks to queue
[2022-09-24T08:36:53.775+0000] {logging_mixin.py:117} INFO - [2022-09-24T08:36:53.775+0000] {dagbag.py:525} INFO - Filling up the DagBag from /home/airflow/.local/lib/python3.7/site-packages/airflow/example_dags/example_branch_python_dop_operator_3.py
[2022-09-24T08:36:53.796+0000] {processor.py:768} INFO - DAG(s) dict_keys(['example_branch_dop_operator_v3']) retrieved from /home/airflow/.local/lib/python3.7/site-packages/airflow/example_dags/example_branch_python_dop_operator_3.py
[2022-09-24T08:36:53.821+0000] {logging_mixin.py:117} INFO - [2022-09-24T08:36:53.821+0000] {dag.py:2573} INFO - Sync 1 DAGs
[2022-09-24T08:36:53.840+0000] {logging_mixin.py:117} INFO - [2022-09-24T08:36:53.840+0000] {dag.py:3328} INFO - Setting next_dagrun for example_branch_dop_operator_v3 to 2022-09-24T08:35:00+00:00, run_after=2022-09-24T08:36:00+00:00
[2022-09-24T08:36:53.851+0000] {processor.py:178} INFO - Processing /home/airflow/.local/lib/python3.7/site-packages/airflow/example_dags/example_branch_python_dop_operator_3.py took 0.083 seconds
[2022-09-24T08:37:24.055+0000] {processor.py:156} INFO - Started process (PID=34968) to work on /home/airflow/.local/lib/python3.7/site-packages/airflow/example_dags/example_branch_python_dop_operator_3.py
[2022-09-24T08:37:24.057+0000] {processor.py:758} INFO - Processing file /home/airflow/.local/lib/python3.7/site-packages/airflow/example_dags/example_branch_python_dop_operator_3.py for tasks to queue
[2022-09-24T08:37:24.058+0000] {logging_mixin.py:117} INFO - [2022-09-24T08:37:24.058+0000] {dagbag.py:525} INFO - Filling up the DagBag from /home/airflow/.local/lib/python3.7/site-packages/airflow/example_dags/example_branch_python_dop_operator_3.py
[2022-09-24T08:37:24.084+0000] {processor.py:768} INFO - DAG(s) dict_keys(['example_branch_dop_operator_v3']) retrieved from /home/airflow/.local/lib/python3.7/site-packages/airflow/example_dags/example_branch_python_dop_operator_3.py
[2022-09-24T08:37:24.123+0000] {logging_mixin.py:117} INFO - [2022-09-24T08:37:24.123+0000] {dag.py:2573} INFO - Sync 1 DAGs
[2022-09-24T08:37:24.148+0000] {logging_mixin.py:117} INFO - [2022-09-24T08:37:24.148+0000] {dag.py:3328} INFO - Setting next_dagrun for example_branch_dop_operator_v3 to 2022-09-24T08:36:00+00:00, run_after=2022-09-24T08:37:00+00:00
[2022-09-24T08:37:24.167+0000] {processor.py:178} INFO - Processing /home/airflow/.local/lib/python3.7/site-packages/airflow/example_dags/example_branch_python_dop_operator_3.py took 0.118 seconds
[2022-09-24T08:37:54.449+0000] {processor.py:156} INFO - Started process (PID=35021) to work on /home/airflow/.local/lib/python3.7/site-packages/airflow/example_dags/example_branch_python_dop_operator_3.py
[2022-09-24T08:37:54.451+0000] {processor.py:758} INFO - Processing file /home/airflow/.local/lib/python3.7/site-packages/airflow/example_dags/example_branch_python_dop_operator_3.py for tasks to queue
[2022-09-24T08:37:54.453+0000] {logging_mixin.py:117} INFO - [2022-09-24T08:37:54.453+0000] {dagbag.py:525} INFO - Filling up the DagBag from /home/airflow/.local/lib/python3.7/site-packages/airflow/example_dags/example_branch_python_dop_operator_3.py
[2022-09-24T08:37:54.468+0000] {processor.py:768} INFO - DAG(s) dict_keys(['example_branch_dop_operator_v3']) retrieved from /home/airflow/.local/lib/python3.7/site-packages/airflow/example_dags/example_branch_python_dop_operator_3.py
[2022-09-24T08:37:54.498+0000] {logging_mixin.py:117} INFO - [2022-09-24T08:37:54.498+0000] {dag.py:2573} INFO - Sync 1 DAGs
[2022-09-24T08:37:54.517+0000] {logging_mixin.py:117} INFO - [2022-09-24T08:37:54.517+0000] {dag.py:3328} INFO - Setting next_dagrun for example_branch_dop_operator_v3 to 2022-09-24T08:36:00+00:00, run_after=2022-09-24T08:37:00+00:00
[2022-09-24T08:37:54.529+0000] {processor.py:178} INFO - Processing /home/airflow/.local/lib/python3.7/site-packages/airflow/example_dags/example_branch_python_dop_operator_3.py took 0.085 seconds
[2022-09-24T08:38:24.868+0000] {processor.py:156} INFO - Started process (PID=35084) to work on /home/airflow/.local/lib/python3.7/site-packages/airflow/example_dags/example_branch_python_dop_operator_3.py
[2022-09-24T08:38:24.871+0000] {processor.py:758} INFO - Processing file /home/airflow/.local/lib/python3.7/site-packages/airflow/example_dags/example_branch_python_dop_operator_3.py for tasks to queue
[2022-09-24T08:38:24.872+0000] {logging_mixin.py:117} INFO - [2022-09-24T08:38:24.872+0000] {dagbag.py:525} INFO - Filling up the DagBag from /home/airflow/.local/lib/python3.7/site-packages/airflow/example_dags/example_branch_python_dop_operator_3.py
[2022-09-24T08:38:24.894+0000] {processor.py:768} INFO - DAG(s) dict_keys(['example_branch_dop_operator_v3']) retrieved from /home/airflow/.local/lib/python3.7/site-packages/airflow/example_dags/example_branch_python_dop_operator_3.py
[2022-09-24T08:38:24.925+0000] {logging_mixin.py:117} INFO - [2022-09-24T08:38:24.924+0000] {dag.py:2573} INFO - Sync 1 DAGs
[2022-09-24T08:38:24.944+0000] {logging_mixin.py:117} INFO - [2022-09-24T08:38:24.944+0000] {dag.py:3328} INFO - Setting next_dagrun for example_branch_dop_operator_v3 to 2022-09-24T08:37:00+00:00, run_after=2022-09-24T08:38:00+00:00
[2022-09-24T08:38:24.956+0000] {processor.py:178} INFO - Processing /home/airflow/.local/lib/python3.7/site-packages/airflow/example_dags/example_branch_python_dop_operator_3.py took 0.092 seconds
[2022-09-24T08:38:55.145+0000] {processor.py:156} INFO - Started process (PID=35148) to work on /home/airflow/.local/lib/python3.7/site-packages/airflow/example_dags/example_branch_python_dop_operator_3.py
[2022-09-24T08:38:55.148+0000] {processor.py:758} INFO - Processing file /home/airflow/.local/lib/python3.7/site-packages/airflow/example_dags/example_branch_python_dop_operator_3.py for tasks to queue
[2022-09-24T08:38:55.149+0000] {logging_mixin.py:117} INFO - [2022-09-24T08:38:55.149+0000] {dagbag.py:525} INFO - Filling up the DagBag from /home/airflow/.local/lib/python3.7/site-packages/airflow/example_dags/example_branch_python_dop_operator_3.py
[2022-09-24T08:38:55.166+0000] {processor.py:768} INFO - DAG(s) dict_keys(['example_branch_dop_operator_v3']) retrieved from /home/airflow/.local/lib/python3.7/site-packages/airflow/example_dags/example_branch_python_dop_operator_3.py
[2022-09-24T08:38:55.193+0000] {logging_mixin.py:117} INFO - [2022-09-24T08:38:55.193+0000] {dag.py:2573} INFO - Sync 1 DAGs
[2022-09-24T08:38:55.212+0000] {logging_mixin.py:117} INFO - [2022-09-24T08:38:55.212+0000] {dag.py:3328} INFO - Setting next_dagrun for example_branch_dop_operator_v3 to 2022-09-24T08:37:00+00:00, run_after=2022-09-24T08:38:00+00:00
[2022-09-24T08:38:55.228+0000] {processor.py:178} INFO - Processing /home/airflow/.local/lib/python3.7/site-packages/airflow/example_dags/example_branch_python_dop_operator_3.py took 0.086 seconds
[2022-09-24T08:39:25.411+0000] {processor.py:156} INFO - Started process (PID=35211) to work on /home/airflow/.local/lib/python3.7/site-packages/airflow/example_dags/example_branch_python_dop_operator_3.py
[2022-09-24T08:39:25.414+0000] {processor.py:758} INFO - Processing file /home/airflow/.local/lib/python3.7/site-packages/airflow/example_dags/example_branch_python_dop_operator_3.py for tasks to queue
[2022-09-24T08:39:25.415+0000] {logging_mixin.py:117} INFO - [2022-09-24T08:39:25.415+0000] {dagbag.py:525} INFO - Filling up the DagBag from /home/airflow/.local/lib/python3.7/site-packages/airflow/example_dags/example_branch_python_dop_operator_3.py
[2022-09-24T08:39:25.438+0000] {processor.py:768} INFO - DAG(s) dict_keys(['example_branch_dop_operator_v3']) retrieved from /home/airflow/.local/lib/python3.7/site-packages/airflow/example_dags/example_branch_python_dop_operator_3.py
[2022-09-24T08:39:25.473+0000] {logging_mixin.py:117} INFO - [2022-09-24T08:39:25.473+0000] {dag.py:2573} INFO - Sync 1 DAGs
[2022-09-24T08:39:25.494+0000] {logging_mixin.py:117} INFO - [2022-09-24T08:39:25.494+0000] {dag.py:3328} INFO - Setting next_dagrun for example_branch_dop_operator_v3 to 2022-09-24T08:38:00+00:00, run_after=2022-09-24T08:39:00+00:00
[2022-09-24T08:39:25.507+0000] {processor.py:178} INFO - Processing /home/airflow/.local/lib/python3.7/site-packages/airflow/example_dags/example_branch_python_dop_operator_3.py took 0.100 seconds
[2022-09-24T08:39:55.854+0000] {processor.py:156} INFO - Started process (PID=35274) to work on /home/airflow/.local/lib/python3.7/site-packages/airflow/example_dags/example_branch_python_dop_operator_3.py
[2022-09-24T08:39:55.856+0000] {processor.py:758} INFO - Processing file /home/airflow/.local/lib/python3.7/site-packages/airflow/example_dags/example_branch_python_dop_operator_3.py for tasks to queue
[2022-09-24T08:39:55.857+0000] {logging_mixin.py:117} INFO - [2022-09-24T08:39:55.857+0000] {dagbag.py:525} INFO - Filling up the DagBag from /home/airflow/.local/lib/python3.7/site-packages/airflow/example_dags/example_branch_python_dop_operator_3.py
[2022-09-24T08:39:55.875+0000] {processor.py:768} INFO - DAG(s) dict_keys(['example_branch_dop_operator_v3']) retrieved from /home/airflow/.local/lib/python3.7/site-packages/airflow/example_dags/example_branch_python_dop_operator_3.py
[2022-09-24T08:39:55.906+0000] {logging_mixin.py:117} INFO - [2022-09-24T08:39:55.906+0000] {dag.py:2573} INFO - Sync 1 DAGs
[2022-09-24T08:39:55.931+0000] {logging_mixin.py:117} INFO - [2022-09-24T08:39:55.931+0000] {dag.py:3328} INFO - Setting next_dagrun for example_branch_dop_operator_v3 to 2022-09-24T08:38:00+00:00, run_after=2022-09-24T08:39:00+00:00
[2022-09-24T08:39:55.943+0000] {processor.py:178} INFO - Processing /home/airflow/.local/lib/python3.7/site-packages/airflow/example_dags/example_branch_python_dop_operator_3.py took 0.092 seconds
[2022-09-24T09:07:09.036+0000] {processor.py:156} INFO - Started process (PID=35329) to work on /home/airflow/.local/lib/python3.7/site-packages/airflow/example_dags/example_branch_python_dop_operator_3.py
[2022-09-24T09:07:09.038+0000] {processor.py:758} INFO - Processing file /home/airflow/.local/lib/python3.7/site-packages/airflow/example_dags/example_branch_python_dop_operator_3.py for tasks to queue
[2022-09-24T09:07:09.041+0000] {logging_mixin.py:117} INFO - [2022-09-24T09:07:09.041+0000] {dagbag.py:525} INFO - Filling up the DagBag from /home/airflow/.local/lib/python3.7/site-packages/airflow/example_dags/example_branch_python_dop_operator_3.py
[2022-09-24T09:07:09.065+0000] {processor.py:768} INFO - DAG(s) dict_keys(['example_branch_dop_operator_v3']) retrieved from /home/airflow/.local/lib/python3.7/site-packages/airflow/example_dags/example_branch_python_dop_operator_3.py
[2022-09-24T09:07:09.100+0000] {logging_mixin.py:117} INFO - [2022-09-24T09:07:09.100+0000] {dag.py:2573} INFO - Sync 1 DAGs
[2022-09-24T09:07:09.125+0000] {logging_mixin.py:117} INFO - [2022-09-24T09:07:09.125+0000] {dag.py:3328} INFO - Setting next_dagrun for example_branch_dop_operator_v3 to 2022-09-24T09:06:00+00:00, run_after=2022-09-24T09:07:00+00:00
[2022-09-24T09:07:09.138+0000] {processor.py:178} INFO - Processing /home/airflow/.local/lib/python3.7/site-packages/airflow/example_dags/example_branch_python_dop_operator_3.py took 0.105 seconds
