[2022-09-24T01:04:09.560+0000] {processor.py:156} INFO - Started process (PID=32102) to work on /home/airflow/.local/lib/python3.7/site-packages/airflow/example_dags/example_short_circuit_operator.py
[2022-09-24T01:04:09.562+0000] {processor.py:758} INFO - Processing file /home/airflow/.local/lib/python3.7/site-packages/airflow/example_dags/example_short_circuit_operator.py for tasks to queue
[2022-09-24T01:04:09.563+0000] {logging_mixin.py:117} INFO - [2022-09-24T01:04:09.563+0000] {dagbag.py:525} INFO - Filling up the DagBag from /home/airflow/.local/lib/python3.7/site-packages/airflow/example_dags/example_short_circuit_operator.py
[2022-09-24T01:04:09.579+0000] {processor.py:768} INFO - DAG(s) dict_keys(['example_short_circuit_operator']) retrieved from /home/airflow/.local/lib/python3.7/site-packages/airflow/example_dags/example_short_circuit_operator.py
[2022-09-24T01:04:09.628+0000] {logging_mixin.py:117} INFO - [2022-09-24T01:04:09.628+0000] {dag.py:2573} INFO - Sync 1 DAGs
[2022-09-24T01:04:09.653+0000] {logging_mixin.py:117} INFO - [2022-09-24T01:04:09.653+0000] {dag.py:3328} INFO - Setting next_dagrun for example_short_circuit_operator to 2022-09-23T01:04:09.652932+00:00, run_after=2022-09-24T01:04:09.652932+00:00
[2022-09-24T01:04:09.674+0000] {processor.py:178} INFO - Processing /home/airflow/.local/lib/python3.7/site-packages/airflow/example_dags/example_short_circuit_operator.py took 0.116 seconds
[2022-09-24T02:27:00.417+0000] {processor.py:156} INFO - Started process (PID=32156) to work on /home/airflow/.local/lib/python3.7/site-packages/airflow/example_dags/example_short_circuit_operator.py
[2022-09-24T02:27:00.421+0000] {processor.py:758} INFO - Processing file /home/airflow/.local/lib/python3.7/site-packages/airflow/example_dags/example_short_circuit_operator.py for tasks to queue
[2022-09-24T02:27:00.424+0000] {logging_mixin.py:117} INFO - [2022-09-24T02:27:00.424+0000] {dagbag.py:525} INFO - Filling up the DagBag from /home/airflow/.local/lib/python3.7/site-packages/airflow/example_dags/example_short_circuit_operator.py
[2022-09-24T02:27:00.444+0000] {processor.py:768} INFO - DAG(s) dict_keys(['example_short_circuit_operator']) retrieved from /home/airflow/.local/lib/python3.7/site-packages/airflow/example_dags/example_short_circuit_operator.py
[2022-09-24T02:27:00.494+0000] {logging_mixin.py:117} INFO - [2022-09-24T02:27:00.494+0000] {dag.py:2573} INFO - Sync 1 DAGs
[2022-09-24T02:27:00.548+0000] {logging_mixin.py:117} INFO - [2022-09-24T02:27:00.548+0000] {dag.py:3328} INFO - Setting next_dagrun for example_short_circuit_operator to 2022-09-23T02:27:00.548031+00:00, run_after=2022-09-24T02:27:00.548031+00:00
[2022-09-24T02:27:00.569+0000] {processor.py:178} INFO - Processing /home/airflow/.local/lib/python3.7/site-packages/airflow/example_dags/example_short_circuit_operator.py took 0.156 seconds
[2022-09-24T03:23:59.376+0000] {processor.py:156} INFO - Started process (PID=32219) to work on /home/airflow/.local/lib/python3.7/site-packages/airflow/example_dags/example_short_circuit_operator.py
[2022-09-24T03:23:59.383+0000] {processor.py:758} INFO - Processing file /home/airflow/.local/lib/python3.7/site-packages/airflow/example_dags/example_short_circuit_operator.py for tasks to queue
[2022-09-24T03:23:59.385+0000] {logging_mixin.py:117} INFO - [2022-09-24T03:23:59.385+0000] {dagbag.py:525} INFO - Filling up the DagBag from /home/airflow/.local/lib/python3.7/site-packages/airflow/example_dags/example_short_circuit_operator.py
[2022-09-24T03:23:59.397+0000] {processor.py:768} INFO - DAG(s) dict_keys(['example_short_circuit_operator']) retrieved from /home/airflow/.local/lib/python3.7/site-packages/airflow/example_dags/example_short_circuit_operator.py
[2022-09-24T03:23:59.428+0000] {logging_mixin.py:117} INFO - [2022-09-24T03:23:59.428+0000] {dag.py:2573} INFO - Sync 1 DAGs
[2022-09-24T03:23:59.444+0000] {logging_mixin.py:117} INFO - [2022-09-24T03:23:59.444+0000] {dag.py:3328} INFO - Setting next_dagrun for example_short_circuit_operator to 2022-09-23T03:23:59.444397+00:00, run_after=2022-09-24T03:23:59.444397+00:00
[2022-09-24T03:23:59.464+0000] {processor.py:178} INFO - Processing /home/airflow/.local/lib/python3.7/site-packages/airflow/example_dags/example_short_circuit_operator.py took 0.090 seconds
[2022-09-24T04:29:26.050+0000] {processor.py:156} INFO - Started process (PID=32284) to work on /home/airflow/.local/lib/python3.7/site-packages/airflow/example_dags/example_short_circuit_operator.py
[2022-09-24T04:29:26.052+0000] {processor.py:758} INFO - Processing file /home/airflow/.local/lib/python3.7/site-packages/airflow/example_dags/example_short_circuit_operator.py for tasks to queue
[2022-09-24T04:29:26.053+0000] {logging_mixin.py:117} INFO - [2022-09-24T04:29:26.053+0000] {dagbag.py:525} INFO - Filling up the DagBag from /home/airflow/.local/lib/python3.7/site-packages/airflow/example_dags/example_short_circuit_operator.py
[2022-09-24T04:29:26.076+0000] {processor.py:768} INFO - DAG(s) dict_keys(['example_short_circuit_operator']) retrieved from /home/airflow/.local/lib/python3.7/site-packages/airflow/example_dags/example_short_circuit_operator.py
[2022-09-24T04:29:26.115+0000] {logging_mixin.py:117} INFO - [2022-09-24T04:29:26.115+0000] {dag.py:2573} INFO - Sync 1 DAGs
[2022-09-24T04:29:26.147+0000] {logging_mixin.py:117} INFO - [2022-09-24T04:29:26.147+0000] {dag.py:3328} INFO - Setting next_dagrun for example_short_circuit_operator to 2022-09-23T04:29:26.147247+00:00, run_after=2022-09-24T04:29:26.147247+00:00
[2022-09-24T04:29:26.166+0000] {processor.py:178} INFO - Processing /home/airflow/.local/lib/python3.7/site-packages/airflow/example_dags/example_short_circuit_operator.py took 0.119 seconds
[2022-09-24T05:38:06.705+0000] {processor.py:156} INFO - Started process (PID=32347) to work on /home/airflow/.local/lib/python3.7/site-packages/airflow/example_dags/example_short_circuit_operator.py
[2022-09-24T05:38:06.707+0000] {processor.py:758} INFO - Processing file /home/airflow/.local/lib/python3.7/site-packages/airflow/example_dags/example_short_circuit_operator.py for tasks to queue
[2022-09-24T05:38:06.708+0000] {logging_mixin.py:117} INFO - [2022-09-24T05:38:06.708+0000] {dagbag.py:525} INFO - Filling up the DagBag from /home/airflow/.local/lib/python3.7/site-packages/airflow/example_dags/example_short_circuit_operator.py
[2022-09-24T05:38:06.720+0000] {processor.py:768} INFO - DAG(s) dict_keys(['example_short_circuit_operator']) retrieved from /home/airflow/.local/lib/python3.7/site-packages/airflow/example_dags/example_short_circuit_operator.py
[2022-09-24T05:38:06.762+0000] {logging_mixin.py:117} INFO - [2022-09-24T05:38:06.762+0000] {dag.py:2573} INFO - Sync 1 DAGs
[2022-09-24T05:38:06.786+0000] {logging_mixin.py:117} INFO - [2022-09-24T05:38:06.786+0000] {dag.py:3328} INFO - Setting next_dagrun for example_short_circuit_operator to 2022-09-23T05:38:06.785829+00:00, run_after=2022-09-24T05:38:06.785829+00:00
[2022-09-24T05:38:06.808+0000] {processor.py:178} INFO - Processing /home/airflow/.local/lib/python3.7/site-packages/airflow/example_dags/example_short_circuit_operator.py took 0.106 seconds
[2022-09-24T06:55:21.147+0000] {processor.py:156} INFO - Started process (PID=32401) to work on /home/airflow/.local/lib/python3.7/site-packages/airflow/example_dags/example_short_circuit_operator.py
[2022-09-24T06:55:21.151+0000] {processor.py:758} INFO - Processing file /home/airflow/.local/lib/python3.7/site-packages/airflow/example_dags/example_short_circuit_operator.py for tasks to queue
[2022-09-24T06:55:21.152+0000] {logging_mixin.py:117} INFO - [2022-09-24T06:55:21.152+0000] {dagbag.py:525} INFO - Filling up the DagBag from /home/airflow/.local/lib/python3.7/site-packages/airflow/example_dags/example_short_circuit_operator.py
[2022-09-24T06:55:21.171+0000] {processor.py:768} INFO - DAG(s) dict_keys(['example_short_circuit_operator']) retrieved from /home/airflow/.local/lib/python3.7/site-packages/airflow/example_dags/example_short_circuit_operator.py
[2022-09-24T06:55:21.223+0000] {logging_mixin.py:117} INFO - [2022-09-24T06:55:21.223+0000] {dag.py:2573} INFO - Sync 1 DAGs
[2022-09-24T06:55:21.248+0000] {logging_mixin.py:117} INFO - [2022-09-24T06:55:21.248+0000] {dag.py:3328} INFO - Setting next_dagrun for example_short_circuit_operator to 2022-09-23T06:55:21.247794+00:00, run_after=2022-09-24T06:55:21.247794+00:00
[2022-09-24T06:55:21.275+0000] {processor.py:178} INFO - Processing /home/airflow/.local/lib/python3.7/site-packages/airflow/example_dags/example_short_circuit_operator.py took 0.131 seconds
[2022-09-24T07:36:24.645+0000] {processor.py:156} INFO - Started process (PID=32464) to work on /home/airflow/.local/lib/python3.7/site-packages/airflow/example_dags/example_short_circuit_operator.py
[2022-09-24T07:36:24.652+0000] {processor.py:758} INFO - Processing file /home/airflow/.local/lib/python3.7/site-packages/airflow/example_dags/example_short_circuit_operator.py for tasks to queue
[2022-09-24T07:36:24.655+0000] {logging_mixin.py:117} INFO - [2022-09-24T07:36:24.655+0000] {dagbag.py:525} INFO - Filling up the DagBag from /home/airflow/.local/lib/python3.7/site-packages/airflow/example_dags/example_short_circuit_operator.py
[2022-09-24T07:36:24.690+0000] {processor.py:768} INFO - DAG(s) dict_keys(['example_short_circuit_operator']) retrieved from /home/airflow/.local/lib/python3.7/site-packages/airflow/example_dags/example_short_circuit_operator.py
[2022-09-24T07:36:24.770+0000] {logging_mixin.py:117} INFO - [2022-09-24T07:36:24.770+0000] {dag.py:2573} INFO - Sync 1 DAGs
[2022-09-24T07:36:24.800+0000] {logging_mixin.py:117} INFO - [2022-09-24T07:36:24.800+0000] {dag.py:3328} INFO - Setting next_dagrun for example_short_circuit_operator to 2022-09-23T07:36:24.799811+00:00, run_after=2022-09-24T07:36:24.799811+00:00
[2022-09-24T07:36:24.834+0000] {processor.py:178} INFO - Processing /home/airflow/.local/lib/python3.7/site-packages/airflow/example_dags/example_short_circuit_operator.py took 0.196 seconds
[2022-09-24T07:39:17.362+0000] {processor.py:156} INFO - Started process (PID=32527) to work on /home/airflow/.local/lib/python3.7/site-packages/airflow/example_dags/example_short_circuit_operator.py
[2022-09-24T07:39:17.364+0000] {processor.py:758} INFO - Processing file /home/airflow/.local/lib/python3.7/site-packages/airflow/example_dags/example_short_circuit_operator.py for tasks to queue
[2022-09-24T07:39:17.365+0000] {logging_mixin.py:117} INFO - [2022-09-24T07:39:17.365+0000] {dagbag.py:525} INFO - Filling up the DagBag from /home/airflow/.local/lib/python3.7/site-packages/airflow/example_dags/example_short_circuit_operator.py
[2022-09-24T07:39:17.382+0000] {processor.py:768} INFO - DAG(s) dict_keys(['example_short_circuit_operator']) retrieved from /home/airflow/.local/lib/python3.7/site-packages/airflow/example_dags/example_short_circuit_operator.py
[2022-09-24T07:39:17.441+0000] {logging_mixin.py:117} INFO - [2022-09-24T07:39:17.441+0000] {dag.py:2573} INFO - Sync 1 DAGs
[2022-09-24T07:39:17.477+0000] {logging_mixin.py:117} INFO - [2022-09-24T07:39:17.477+0000] {dag.py:3328} INFO - Setting next_dagrun for example_short_circuit_operator to 2022-09-23T07:39:17.477622+00:00, run_after=2022-09-24T07:39:17.477622+00:00
[2022-09-24T07:39:17.496+0000] {processor.py:178} INFO - Processing /home/airflow/.local/lib/python3.7/site-packages/airflow/example_dags/example_short_circuit_operator.py took 0.137 seconds
[2022-09-24T07:39:48.074+0000] {processor.py:156} INFO - Started process (PID=32590) to work on /home/airflow/.local/lib/python3.7/site-packages/airflow/example_dags/example_short_circuit_operator.py
[2022-09-24T07:39:48.076+0000] {processor.py:758} INFO - Processing file /home/airflow/.local/lib/python3.7/site-packages/airflow/example_dags/example_short_circuit_operator.py for tasks to queue
[2022-09-24T07:39:48.077+0000] {logging_mixin.py:117} INFO - [2022-09-24T07:39:48.077+0000] {dagbag.py:525} INFO - Filling up the DagBag from /home/airflow/.local/lib/python3.7/site-packages/airflow/example_dags/example_short_circuit_operator.py
[2022-09-24T07:39:48.088+0000] {processor.py:768} INFO - DAG(s) dict_keys(['example_short_circuit_operator']) retrieved from /home/airflow/.local/lib/python3.7/site-packages/airflow/example_dags/example_short_circuit_operator.py
[2022-09-24T07:39:48.116+0000] {logging_mixin.py:117} INFO - [2022-09-24T07:39:48.116+0000] {dag.py:2573} INFO - Sync 1 DAGs
[2022-09-24T07:39:48.130+0000] {logging_mixin.py:117} INFO - [2022-09-24T07:39:48.130+0000] {dag.py:3328} INFO - Setting next_dagrun for example_short_circuit_operator to 2022-09-23T07:39:48.130759+00:00, run_after=2022-09-24T07:39:48.130759+00:00
[2022-09-24T07:39:48.143+0000] {processor.py:178} INFO - Processing /home/airflow/.local/lib/python3.7/site-packages/airflow/example_dags/example_short_circuit_operator.py took 0.071 seconds
[2022-09-24T07:40:18.328+0000] {processor.py:156} INFO - Started process (PID=32655) to work on /home/airflow/.local/lib/python3.7/site-packages/airflow/example_dags/example_short_circuit_operator.py
[2022-09-24T07:40:18.330+0000] {processor.py:758} INFO - Processing file /home/airflow/.local/lib/python3.7/site-packages/airflow/example_dags/example_short_circuit_operator.py for tasks to queue
[2022-09-24T07:40:18.331+0000] {logging_mixin.py:117} INFO - [2022-09-24T07:40:18.331+0000] {dagbag.py:525} INFO - Filling up the DagBag from /home/airflow/.local/lib/python3.7/site-packages/airflow/example_dags/example_short_circuit_operator.py
[2022-09-24T07:40:18.342+0000] {processor.py:768} INFO - DAG(s) dict_keys(['example_short_circuit_operator']) retrieved from /home/airflow/.local/lib/python3.7/site-packages/airflow/example_dags/example_short_circuit_operator.py
[2022-09-24T07:40:18.368+0000] {logging_mixin.py:117} INFO - [2022-09-24T07:40:18.368+0000] {dag.py:2573} INFO - Sync 1 DAGs
[2022-09-24T07:40:18.384+0000] {logging_mixin.py:117} INFO - [2022-09-24T07:40:18.384+0000] {dag.py:3328} INFO - Setting next_dagrun for example_short_circuit_operator to 2022-09-23T07:40:18.384293+00:00, run_after=2022-09-24T07:40:18.384293+00:00
[2022-09-24T07:40:18.398+0000] {processor.py:178} INFO - Processing /home/airflow/.local/lib/python3.7/site-packages/airflow/example_dags/example_short_circuit_operator.py took 0.072 seconds
[2022-09-24T07:40:48.734+0000] {processor.py:156} INFO - Started process (PID=32716) to work on /home/airflow/.local/lib/python3.7/site-packages/airflow/example_dags/example_short_circuit_operator.py
[2022-09-24T07:40:48.738+0000] {processor.py:758} INFO - Processing file /home/airflow/.local/lib/python3.7/site-packages/airflow/example_dags/example_short_circuit_operator.py for tasks to queue
[2022-09-24T07:40:48.740+0000] {logging_mixin.py:117} INFO - [2022-09-24T07:40:48.740+0000] {dagbag.py:525} INFO - Filling up the DagBag from /home/airflow/.local/lib/python3.7/site-packages/airflow/example_dags/example_short_circuit_operator.py
[2022-09-24T07:40:48.756+0000] {processor.py:768} INFO - DAG(s) dict_keys(['example_short_circuit_operator']) retrieved from /home/airflow/.local/lib/python3.7/site-packages/airflow/example_dags/example_short_circuit_operator.py
[2022-09-24T07:40:48.803+0000] {logging_mixin.py:117} INFO - [2022-09-24T07:40:48.803+0000] {dag.py:2573} INFO - Sync 1 DAGs
[2022-09-24T07:40:48.827+0000] {logging_mixin.py:117} INFO - [2022-09-24T07:40:48.827+0000] {dag.py:3328} INFO - Setting next_dagrun for example_short_circuit_operator to 2022-09-23T07:40:48.827200+00:00, run_after=2022-09-24T07:40:48.827200+00:00
[2022-09-24T07:40:48.845+0000] {processor.py:178} INFO - Processing /home/airflow/.local/lib/python3.7/site-packages/airflow/example_dags/example_short_circuit_operator.py took 0.116 seconds
[2022-09-24T07:41:19.192+0000] {processor.py:156} INFO - Started process (PID=32772) to work on /home/airflow/.local/lib/python3.7/site-packages/airflow/example_dags/example_short_circuit_operator.py
[2022-09-24T07:41:19.194+0000] {processor.py:758} INFO - Processing file /home/airflow/.local/lib/python3.7/site-packages/airflow/example_dags/example_short_circuit_operator.py for tasks to queue
[2022-09-24T07:41:19.195+0000] {logging_mixin.py:117} INFO - [2022-09-24T07:41:19.195+0000] {dagbag.py:525} INFO - Filling up the DagBag from /home/airflow/.local/lib/python3.7/site-packages/airflow/example_dags/example_short_circuit_operator.py
[2022-09-24T07:41:19.207+0000] {processor.py:768} INFO - DAG(s) dict_keys(['example_short_circuit_operator']) retrieved from /home/airflow/.local/lib/python3.7/site-packages/airflow/example_dags/example_short_circuit_operator.py
[2022-09-24T07:41:19.234+0000] {logging_mixin.py:117} INFO - [2022-09-24T07:41:19.234+0000] {dag.py:2573} INFO - Sync 1 DAGs
[2022-09-24T07:41:19.253+0000] {logging_mixin.py:117} INFO - [2022-09-24T07:41:19.253+0000] {dag.py:3328} INFO - Setting next_dagrun for example_short_circuit_operator to 2022-09-23T07:41:19.252862+00:00, run_after=2022-09-24T07:41:19.252862+00:00
[2022-09-24T07:41:19.268+0000] {processor.py:178} INFO - Processing /home/airflow/.local/lib/python3.7/site-packages/airflow/example_dags/example_short_circuit_operator.py took 0.078 seconds
[2022-09-24T07:41:49.513+0000] {processor.py:156} INFO - Started process (PID=32834) to work on /home/airflow/.local/lib/python3.7/site-packages/airflow/example_dags/example_short_circuit_operator.py
[2022-09-24T07:41:49.515+0000] {processor.py:758} INFO - Processing file /home/airflow/.local/lib/python3.7/site-packages/airflow/example_dags/example_short_circuit_operator.py for tasks to queue
[2022-09-24T07:41:49.516+0000] {logging_mixin.py:117} INFO - [2022-09-24T07:41:49.515+0000] {dagbag.py:525} INFO - Filling up the DagBag from /home/airflow/.local/lib/python3.7/site-packages/airflow/example_dags/example_short_circuit_operator.py
[2022-09-24T07:41:49.527+0000] {processor.py:768} INFO - DAG(s) dict_keys(['example_short_circuit_operator']) retrieved from /home/airflow/.local/lib/python3.7/site-packages/airflow/example_dags/example_short_circuit_operator.py
[2022-09-24T07:41:49.556+0000] {logging_mixin.py:117} INFO - [2022-09-24T07:41:49.556+0000] {dag.py:2573} INFO - Sync 1 DAGs
[2022-09-24T07:41:49.572+0000] {logging_mixin.py:117} INFO - [2022-09-24T07:41:49.572+0000] {dag.py:3328} INFO - Setting next_dagrun for example_short_circuit_operator to 2022-09-23T07:41:49.572503+00:00, run_after=2022-09-24T07:41:49.572503+00:00
[2022-09-24T07:41:49.586+0000] {processor.py:178} INFO - Processing /home/airflow/.local/lib/python3.7/site-packages/airflow/example_dags/example_short_circuit_operator.py took 0.075 seconds
[2022-09-24T07:42:19.876+0000] {processor.py:156} INFO - Started process (PID=32898) to work on /home/airflow/.local/lib/python3.7/site-packages/airflow/example_dags/example_short_circuit_operator.py
[2022-09-24T07:42:19.878+0000] {processor.py:758} INFO - Processing file /home/airflow/.local/lib/python3.7/site-packages/airflow/example_dags/example_short_circuit_operator.py for tasks to queue
[2022-09-24T07:42:19.880+0000] {logging_mixin.py:117} INFO - [2022-09-24T07:42:19.879+0000] {dagbag.py:525} INFO - Filling up the DagBag from /home/airflow/.local/lib/python3.7/site-packages/airflow/example_dags/example_short_circuit_operator.py
[2022-09-24T07:42:19.891+0000] {processor.py:768} INFO - DAG(s) dict_keys(['example_short_circuit_operator']) retrieved from /home/airflow/.local/lib/python3.7/site-packages/airflow/example_dags/example_short_circuit_operator.py
[2022-09-24T07:42:19.919+0000] {logging_mixin.py:117} INFO - [2022-09-24T07:42:19.919+0000] {dag.py:2573} INFO - Sync 1 DAGs
[2022-09-24T07:42:19.935+0000] {logging_mixin.py:117} INFO - [2022-09-24T07:42:19.935+0000] {dag.py:3328} INFO - Setting next_dagrun for example_short_circuit_operator to 2022-09-23T07:42:19.934957+00:00, run_after=2022-09-24T07:42:19.934957+00:00
[2022-09-24T07:42:19.948+0000] {processor.py:178} INFO - Processing /home/airflow/.local/lib/python3.7/site-packages/airflow/example_dags/example_short_circuit_operator.py took 0.074 seconds
[2022-09-24T07:42:50.089+0000] {processor.py:156} INFO - Started process (PID=32961) to work on /home/airflow/.local/lib/python3.7/site-packages/airflow/example_dags/example_short_circuit_operator.py
[2022-09-24T07:42:50.090+0000] {processor.py:758} INFO - Processing file /home/airflow/.local/lib/python3.7/site-packages/airflow/example_dags/example_short_circuit_operator.py for tasks to queue
[2022-09-24T07:42:50.092+0000] {logging_mixin.py:117} INFO - [2022-09-24T07:42:50.092+0000] {dagbag.py:525} INFO - Filling up the DagBag from /home/airflow/.local/lib/python3.7/site-packages/airflow/example_dags/example_short_circuit_operator.py
[2022-09-24T07:42:50.102+0000] {processor.py:768} INFO - DAG(s) dict_keys(['example_short_circuit_operator']) retrieved from /home/airflow/.local/lib/python3.7/site-packages/airflow/example_dags/example_short_circuit_operator.py
[2022-09-24T07:42:50.130+0000] {logging_mixin.py:117} INFO - [2022-09-24T07:42:50.130+0000] {dag.py:2573} INFO - Sync 1 DAGs
[2022-09-24T07:42:50.144+0000] {logging_mixin.py:117} INFO - [2022-09-24T07:42:50.144+0000] {dag.py:3328} INFO - Setting next_dagrun for example_short_circuit_operator to 2022-09-23T07:42:50.144319+00:00, run_after=2022-09-24T07:42:50.144319+00:00
[2022-09-24T07:42:50.157+0000] {processor.py:178} INFO - Processing /home/airflow/.local/lib/python3.7/site-packages/airflow/example_dags/example_short_circuit_operator.py took 0.070 seconds
[2022-09-24T07:43:20.372+0000] {processor.py:156} INFO - Started process (PID=33024) to work on /home/airflow/.local/lib/python3.7/site-packages/airflow/example_dags/example_short_circuit_operator.py
[2022-09-24T07:43:20.373+0000] {processor.py:758} INFO - Processing file /home/airflow/.local/lib/python3.7/site-packages/airflow/example_dags/example_short_circuit_operator.py for tasks to queue
[2022-09-24T07:43:20.380+0000] {logging_mixin.py:117} INFO - [2022-09-24T07:43:20.380+0000] {dagbag.py:525} INFO - Filling up the DagBag from /home/airflow/.local/lib/python3.7/site-packages/airflow/example_dags/example_short_circuit_operator.py
[2022-09-24T07:43:20.391+0000] {processor.py:768} INFO - DAG(s) dict_keys(['example_short_circuit_operator']) retrieved from /home/airflow/.local/lib/python3.7/site-packages/airflow/example_dags/example_short_circuit_operator.py
[2022-09-24T07:43:20.419+0000] {logging_mixin.py:117} INFO - [2022-09-24T07:43:20.419+0000] {dag.py:2573} INFO - Sync 1 DAGs
[2022-09-24T07:43:20.439+0000] {logging_mixin.py:117} INFO - [2022-09-24T07:43:20.439+0000] {dag.py:3328} INFO - Setting next_dagrun for example_short_circuit_operator to 2022-09-23T07:43:20.439119+00:00, run_after=2022-09-24T07:43:20.439119+00:00
[2022-09-24T07:43:20.456+0000] {processor.py:178} INFO - Processing /home/airflow/.local/lib/python3.7/site-packages/airflow/example_dags/example_short_circuit_operator.py took 0.087 seconds
[2022-09-24T07:43:50.576+0000] {processor.py:156} INFO - Started process (PID=33078) to work on /home/airflow/.local/lib/python3.7/site-packages/airflow/example_dags/example_short_circuit_operator.py
[2022-09-24T07:43:50.578+0000] {processor.py:758} INFO - Processing file /home/airflow/.local/lib/python3.7/site-packages/airflow/example_dags/example_short_circuit_operator.py for tasks to queue
[2022-09-24T07:43:50.579+0000] {logging_mixin.py:117} INFO - [2022-09-24T07:43:50.579+0000] {dagbag.py:525} INFO - Filling up the DagBag from /home/airflow/.local/lib/python3.7/site-packages/airflow/example_dags/example_short_circuit_operator.py
[2022-09-24T07:43:50.589+0000] {processor.py:768} INFO - DAG(s) dict_keys(['example_short_circuit_operator']) retrieved from /home/airflow/.local/lib/python3.7/site-packages/airflow/example_dags/example_short_circuit_operator.py
[2022-09-24T07:43:50.615+0000] {logging_mixin.py:117} INFO - [2022-09-24T07:43:50.615+0000] {dag.py:2573} INFO - Sync 1 DAGs
[2022-09-24T07:43:50.631+0000] {logging_mixin.py:117} INFO - [2022-09-24T07:43:50.631+0000] {dag.py:3328} INFO - Setting next_dagrun for example_short_circuit_operator to 2022-09-23T07:43:50.631239+00:00, run_after=2022-09-24T07:43:50.631239+00:00
[2022-09-24T07:43:50.644+0000] {processor.py:178} INFO - Processing /home/airflow/.local/lib/python3.7/site-packages/airflow/example_dags/example_short_circuit_operator.py took 0.070 seconds
[2022-09-24T07:44:20.839+0000] {processor.py:156} INFO - Started process (PID=33140) to work on /home/airflow/.local/lib/python3.7/site-packages/airflow/example_dags/example_short_circuit_operator.py
[2022-09-24T07:44:20.841+0000] {processor.py:758} INFO - Processing file /home/airflow/.local/lib/python3.7/site-packages/airflow/example_dags/example_short_circuit_operator.py for tasks to queue
[2022-09-24T07:44:20.842+0000] {logging_mixin.py:117} INFO - [2022-09-24T07:44:20.842+0000] {dagbag.py:525} INFO - Filling up the DagBag from /home/airflow/.local/lib/python3.7/site-packages/airflow/example_dags/example_short_circuit_operator.py
[2022-09-24T07:44:20.853+0000] {processor.py:768} INFO - DAG(s) dict_keys(['example_short_circuit_operator']) retrieved from /home/airflow/.local/lib/python3.7/site-packages/airflow/example_dags/example_short_circuit_operator.py
[2022-09-24T07:44:20.880+0000] {logging_mixin.py:117} INFO - [2022-09-24T07:44:20.880+0000] {dag.py:2573} INFO - Sync 1 DAGs
[2022-09-24T07:44:20.897+0000] {logging_mixin.py:117} INFO - [2022-09-24T07:44:20.897+0000] {dag.py:3328} INFO - Setting next_dagrun for example_short_circuit_operator to 2022-09-23T07:44:20.897125+00:00, run_after=2022-09-24T07:44:20.897125+00:00
[2022-09-24T07:44:20.910+0000] {processor.py:178} INFO - Processing /home/airflow/.local/lib/python3.7/site-packages/airflow/example_dags/example_short_circuit_operator.py took 0.073 seconds
[2022-09-24T07:44:51.129+0000] {processor.py:156} INFO - Started process (PID=33204) to work on /home/airflow/.local/lib/python3.7/site-packages/airflow/example_dags/example_short_circuit_operator.py
[2022-09-24T07:44:51.131+0000] {processor.py:758} INFO - Processing file /home/airflow/.local/lib/python3.7/site-packages/airflow/example_dags/example_short_circuit_operator.py for tasks to queue
[2022-09-24T07:44:51.132+0000] {logging_mixin.py:117} INFO - [2022-09-24T07:44:51.132+0000] {dagbag.py:525} INFO - Filling up the DagBag from /home/airflow/.local/lib/python3.7/site-packages/airflow/example_dags/example_short_circuit_operator.py
[2022-09-24T07:44:51.143+0000] {processor.py:768} INFO - DAG(s) dict_keys(['example_short_circuit_operator']) retrieved from /home/airflow/.local/lib/python3.7/site-packages/airflow/example_dags/example_short_circuit_operator.py
[2022-09-24T07:44:51.169+0000] {logging_mixin.py:117} INFO - [2022-09-24T07:44:51.169+0000] {dag.py:2573} INFO - Sync 1 DAGs
[2022-09-24T07:44:51.183+0000] {logging_mixin.py:117} INFO - [2022-09-24T07:44:51.183+0000] {dag.py:3328} INFO - Setting next_dagrun for example_short_circuit_operator to 2022-09-23T07:44:51.183521+00:00, run_after=2022-09-24T07:44:51.183521+00:00
[2022-09-24T07:44:51.197+0000] {processor.py:178} INFO - Processing /home/airflow/.local/lib/python3.7/site-packages/airflow/example_dags/example_short_circuit_operator.py took 0.070 seconds
[2022-09-24T07:45:21.412+0000] {processor.py:156} INFO - Started process (PID=33268) to work on /home/airflow/.local/lib/python3.7/site-packages/airflow/example_dags/example_short_circuit_operator.py
[2022-09-24T07:45:21.414+0000] {processor.py:758} INFO - Processing file /home/airflow/.local/lib/python3.7/site-packages/airflow/example_dags/example_short_circuit_operator.py for tasks to queue
[2022-09-24T07:45:21.415+0000] {logging_mixin.py:117} INFO - [2022-09-24T07:45:21.415+0000] {dagbag.py:525} INFO - Filling up the DagBag from /home/airflow/.local/lib/python3.7/site-packages/airflow/example_dags/example_short_circuit_operator.py
[2022-09-24T07:45:21.425+0000] {processor.py:768} INFO - DAG(s) dict_keys(['example_short_circuit_operator']) retrieved from /home/airflow/.local/lib/python3.7/site-packages/airflow/example_dags/example_short_circuit_operator.py
[2022-09-24T07:45:21.452+0000] {logging_mixin.py:117} INFO - [2022-09-24T07:45:21.452+0000] {dag.py:2573} INFO - Sync 1 DAGs
[2022-09-24T07:45:21.469+0000] {logging_mixin.py:117} INFO - [2022-09-24T07:45:21.469+0000] {dag.py:3328} INFO - Setting next_dagrun for example_short_circuit_operator to 2022-09-23T07:45:21.469129+00:00, run_after=2022-09-24T07:45:21.469129+00:00
[2022-09-24T07:45:21.481+0000] {processor.py:178} INFO - Processing /home/airflow/.local/lib/python3.7/site-packages/airflow/example_dags/example_short_circuit_operator.py took 0.071 seconds
[2022-09-24T07:45:51.779+0000] {processor.py:156} INFO - Started process (PID=33331) to work on /home/airflow/.local/lib/python3.7/site-packages/airflow/example_dags/example_short_circuit_operator.py
[2022-09-24T07:45:51.781+0000] {processor.py:758} INFO - Processing file /home/airflow/.local/lib/python3.7/site-packages/airflow/example_dags/example_short_circuit_operator.py for tasks to queue
[2022-09-24T07:45:51.782+0000] {logging_mixin.py:117} INFO - [2022-09-24T07:45:51.782+0000] {dagbag.py:525} INFO - Filling up the DagBag from /home/airflow/.local/lib/python3.7/site-packages/airflow/example_dags/example_short_circuit_operator.py
[2022-09-24T07:45:51.793+0000] {processor.py:768} INFO - DAG(s) dict_keys(['example_short_circuit_operator']) retrieved from /home/airflow/.local/lib/python3.7/site-packages/airflow/example_dags/example_short_circuit_operator.py
[2022-09-24T07:45:51.819+0000] {logging_mixin.py:117} INFO - [2022-09-24T07:45:51.819+0000] {dag.py:2573} INFO - Sync 1 DAGs
[2022-09-24T07:45:51.835+0000] {logging_mixin.py:117} INFO - [2022-09-24T07:45:51.835+0000] {dag.py:3328} INFO - Setting next_dagrun for example_short_circuit_operator to 2022-09-23T07:45:51.835358+00:00, run_after=2022-09-24T07:45:51.835358+00:00
[2022-09-24T07:45:51.848+0000] {processor.py:178} INFO - Processing /home/airflow/.local/lib/python3.7/site-packages/airflow/example_dags/example_short_circuit_operator.py took 0.070 seconds
[2022-09-24T07:46:22.028+0000] {processor.py:156} INFO - Started process (PID=33394) to work on /home/airflow/.local/lib/python3.7/site-packages/airflow/example_dags/example_short_circuit_operator.py
[2022-09-24T07:46:22.030+0000] {processor.py:758} INFO - Processing file /home/airflow/.local/lib/python3.7/site-packages/airflow/example_dags/example_short_circuit_operator.py for tasks to queue
[2022-09-24T07:46:22.031+0000] {logging_mixin.py:117} INFO - [2022-09-24T07:46:22.031+0000] {dagbag.py:525} INFO - Filling up the DagBag from /home/airflow/.local/lib/python3.7/site-packages/airflow/example_dags/example_short_circuit_operator.py
[2022-09-24T07:46:22.042+0000] {processor.py:768} INFO - DAG(s) dict_keys(['example_short_circuit_operator']) retrieved from /home/airflow/.local/lib/python3.7/site-packages/airflow/example_dags/example_short_circuit_operator.py
[2022-09-24T07:46:22.069+0000] {logging_mixin.py:117} INFO - [2022-09-24T07:46:22.069+0000] {dag.py:2573} INFO - Sync 1 DAGs
[2022-09-24T07:46:22.082+0000] {logging_mixin.py:117} INFO - [2022-09-24T07:46:22.082+0000] {dag.py:3328} INFO - Setting next_dagrun for example_short_circuit_operator to 2022-09-23T07:46:22.082336+00:00, run_after=2022-09-24T07:46:22.082336+00:00
[2022-09-24T07:46:22.093+0000] {processor.py:178} INFO - Processing /home/airflow/.local/lib/python3.7/site-packages/airflow/example_dags/example_short_circuit_operator.py took 0.068 seconds
[2022-09-24T07:46:52.520+0000] {processor.py:156} INFO - Started process (PID=33448) to work on /home/airflow/.local/lib/python3.7/site-packages/airflow/example_dags/example_short_circuit_operator.py
[2022-09-24T07:46:52.522+0000] {processor.py:758} INFO - Processing file /home/airflow/.local/lib/python3.7/site-packages/airflow/example_dags/example_short_circuit_operator.py for tasks to queue
[2022-09-24T07:46:52.523+0000] {logging_mixin.py:117} INFO - [2022-09-24T07:46:52.523+0000] {dagbag.py:525} INFO - Filling up the DagBag from /home/airflow/.local/lib/python3.7/site-packages/airflow/example_dags/example_short_circuit_operator.py
[2022-09-24T07:46:52.534+0000] {processor.py:768} INFO - DAG(s) dict_keys(['example_short_circuit_operator']) retrieved from /home/airflow/.local/lib/python3.7/site-packages/airflow/example_dags/example_short_circuit_operator.py
[2022-09-24T07:46:52.560+0000] {logging_mixin.py:117} INFO - [2022-09-24T07:46:52.560+0000] {dag.py:2573} INFO - Sync 1 DAGs
[2022-09-24T07:46:52.577+0000] {logging_mixin.py:117} INFO - [2022-09-24T07:46:52.577+0000] {dag.py:3328} INFO - Setting next_dagrun for example_short_circuit_operator to 2022-09-23T07:46:52.577161+00:00, run_after=2022-09-24T07:46:52.577161+00:00
[2022-09-24T07:46:52.591+0000] {processor.py:178} INFO - Processing /home/airflow/.local/lib/python3.7/site-packages/airflow/example_dags/example_short_circuit_operator.py took 0.072 seconds
[2022-09-24T08:22:51.331+0000] {processor.py:156} INFO - Started process (PID=33512) to work on /home/airflow/.local/lib/python3.7/site-packages/airflow/example_dags/example_short_circuit_operator.py
[2022-09-24T08:22:51.342+0000] {processor.py:758} INFO - Processing file /home/airflow/.local/lib/python3.7/site-packages/airflow/example_dags/example_short_circuit_operator.py for tasks to queue
[2022-09-24T08:22:51.345+0000] {logging_mixin.py:117} INFO - [2022-09-24T08:22:51.345+0000] {dagbag.py:525} INFO - Filling up the DagBag from /home/airflow/.local/lib/python3.7/site-packages/airflow/example_dags/example_short_circuit_operator.py
[2022-09-24T08:22:51.376+0000] {processor.py:768} INFO - DAG(s) dict_keys(['example_short_circuit_operator']) retrieved from /home/airflow/.local/lib/python3.7/site-packages/airflow/example_dags/example_short_circuit_operator.py
[2022-09-24T08:22:51.434+0000] {logging_mixin.py:117} INFO - [2022-09-24T08:22:51.434+0000] {dag.py:2573} INFO - Sync 1 DAGs
[2022-09-24T08:22:51.468+0000] {logging_mixin.py:117} INFO - [2022-09-24T08:22:51.468+0000] {dag.py:3328} INFO - Setting next_dagrun for example_short_circuit_operator to 2022-09-23T08:22:51.468473+00:00, run_after=2022-09-24T08:22:51.468473+00:00
[2022-09-24T08:22:51.490+0000] {processor.py:178} INFO - Processing /home/airflow/.local/lib/python3.7/site-packages/airflow/example_dags/example_short_circuit_operator.py took 0.161 seconds
[2022-09-24T08:25:47.912+0000] {processor.py:156} INFO - Started process (PID=33575) to work on /home/airflow/.local/lib/python3.7/site-packages/airflow/example_dags/example_short_circuit_operator.py
[2022-09-24T08:25:47.914+0000] {processor.py:758} INFO - Processing file /home/airflow/.local/lib/python3.7/site-packages/airflow/example_dags/example_short_circuit_operator.py for tasks to queue
[2022-09-24T08:25:47.916+0000] {logging_mixin.py:117} INFO - [2022-09-24T08:25:47.916+0000] {dagbag.py:525} INFO - Filling up the DagBag from /home/airflow/.local/lib/python3.7/site-packages/airflow/example_dags/example_short_circuit_operator.py
[2022-09-24T08:25:47.933+0000] {processor.py:768} INFO - DAG(s) dict_keys(['example_short_circuit_operator']) retrieved from /home/airflow/.local/lib/python3.7/site-packages/airflow/example_dags/example_short_circuit_operator.py
[2022-09-24T08:25:48.021+0000] {logging_mixin.py:117} INFO - [2022-09-24T08:25:48.021+0000] {dag.py:2573} INFO - Sync 1 DAGs
[2022-09-24T08:25:48.056+0000] {logging_mixin.py:117} INFO - [2022-09-24T08:25:48.056+0000] {dag.py:3328} INFO - Setting next_dagrun for example_short_circuit_operator to 2022-09-23T08:25:48.055945+00:00, run_after=2022-09-24T08:25:48.055945+00:00
[2022-09-24T08:25:48.102+0000] {processor.py:178} INFO - Processing /home/airflow/.local/lib/python3.7/site-packages/airflow/example_dags/example_short_circuit_operator.py took 0.194 seconds
[2022-09-24T08:26:18.890+0000] {processor.py:156} INFO - Started process (PID=33629) to work on /home/airflow/.local/lib/python3.7/site-packages/airflow/example_dags/example_short_circuit_operator.py
[2022-09-24T08:26:18.892+0000] {processor.py:758} INFO - Processing file /home/airflow/.local/lib/python3.7/site-packages/airflow/example_dags/example_short_circuit_operator.py for tasks to queue
[2022-09-24T08:26:18.893+0000] {logging_mixin.py:117} INFO - [2022-09-24T08:26:18.893+0000] {dagbag.py:525} INFO - Filling up the DagBag from /home/airflow/.local/lib/python3.7/site-packages/airflow/example_dags/example_short_circuit_operator.py
[2022-09-24T08:26:18.903+0000] {processor.py:768} INFO - DAG(s) dict_keys(['example_short_circuit_operator']) retrieved from /home/airflow/.local/lib/python3.7/site-packages/airflow/example_dags/example_short_circuit_operator.py
[2022-09-24T08:26:18.930+0000] {logging_mixin.py:117} INFO - [2022-09-24T08:26:18.929+0000] {dag.py:2573} INFO - Sync 1 DAGs
[2022-09-24T08:26:18.945+0000] {logging_mixin.py:117} INFO - [2022-09-24T08:26:18.945+0000] {dag.py:3328} INFO - Setting next_dagrun for example_short_circuit_operator to 2022-09-23T08:26:18.945253+00:00, run_after=2022-09-24T08:26:18.945253+00:00
[2022-09-24T08:26:18.956+0000] {processor.py:178} INFO - Processing /home/airflow/.local/lib/python3.7/site-packages/airflow/example_dags/example_short_circuit_operator.py took 0.068 seconds
[2022-09-24T08:26:49.136+0000] {processor.py:156} INFO - Started process (PID=33692) to work on /home/airflow/.local/lib/python3.7/site-packages/airflow/example_dags/example_short_circuit_operator.py
[2022-09-24T08:26:49.138+0000] {processor.py:758} INFO - Processing file /home/airflow/.local/lib/python3.7/site-packages/airflow/example_dags/example_short_circuit_operator.py for tasks to queue
[2022-09-24T08:26:49.139+0000] {logging_mixin.py:117} INFO - [2022-09-24T08:26:49.139+0000] {dagbag.py:525} INFO - Filling up the DagBag from /home/airflow/.local/lib/python3.7/site-packages/airflow/example_dags/example_short_circuit_operator.py
[2022-09-24T08:26:49.151+0000] {processor.py:768} INFO - DAG(s) dict_keys(['example_short_circuit_operator']) retrieved from /home/airflow/.local/lib/python3.7/site-packages/airflow/example_dags/example_short_circuit_operator.py
[2022-09-24T08:26:49.178+0000] {logging_mixin.py:117} INFO - [2022-09-24T08:26:49.178+0000] {dag.py:2573} INFO - Sync 1 DAGs
[2022-09-24T08:26:49.201+0000] {logging_mixin.py:117} INFO - [2022-09-24T08:26:49.201+0000] {dag.py:3328} INFO - Setting next_dagrun for example_short_circuit_operator to 2022-09-23T08:26:49.201443+00:00, run_after=2022-09-24T08:26:49.201443+00:00
[2022-09-24T08:26:49.217+0000] {processor.py:178} INFO - Processing /home/airflow/.local/lib/python3.7/site-packages/airflow/example_dags/example_short_circuit_operator.py took 0.083 seconds
[2022-09-24T08:27:19.495+0000] {processor.py:156} INFO - Started process (PID=33755) to work on /home/airflow/.local/lib/python3.7/site-packages/airflow/example_dags/example_short_circuit_operator.py
[2022-09-24T08:27:19.497+0000] {processor.py:758} INFO - Processing file /home/airflow/.local/lib/python3.7/site-packages/airflow/example_dags/example_short_circuit_operator.py for tasks to queue
[2022-09-24T08:27:19.498+0000] {logging_mixin.py:117} INFO - [2022-09-24T08:27:19.498+0000] {dagbag.py:525} INFO - Filling up the DagBag from /home/airflow/.local/lib/python3.7/site-packages/airflow/example_dags/example_short_circuit_operator.py
[2022-09-24T08:27:19.509+0000] {processor.py:768} INFO - DAG(s) dict_keys(['example_short_circuit_operator']) retrieved from /home/airflow/.local/lib/python3.7/site-packages/airflow/example_dags/example_short_circuit_operator.py
[2022-09-24T08:27:19.536+0000] {logging_mixin.py:117} INFO - [2022-09-24T08:27:19.536+0000] {dag.py:2573} INFO - Sync 1 DAGs
[2022-09-24T08:27:19.553+0000] {logging_mixin.py:117} INFO - [2022-09-24T08:27:19.553+0000] {dag.py:3328} INFO - Setting next_dagrun for example_short_circuit_operator to 2022-09-23T08:27:19.553405+00:00, run_after=2022-09-24T08:27:19.553405+00:00
[2022-09-24T08:27:19.566+0000] {processor.py:178} INFO - Processing /home/airflow/.local/lib/python3.7/site-packages/airflow/example_dags/example_short_circuit_operator.py took 0.073 seconds
[2022-09-24T08:27:49.811+0000] {processor.py:156} INFO - Started process (PID=33817) to work on /home/airflow/.local/lib/python3.7/site-packages/airflow/example_dags/example_short_circuit_operator.py
[2022-09-24T08:27:49.813+0000] {processor.py:758} INFO - Processing file /home/airflow/.local/lib/python3.7/site-packages/airflow/example_dags/example_short_circuit_operator.py for tasks to queue
[2022-09-24T08:27:49.814+0000] {logging_mixin.py:117} INFO - [2022-09-24T08:27:49.814+0000] {dagbag.py:525} INFO - Filling up the DagBag from /home/airflow/.local/lib/python3.7/site-packages/airflow/example_dags/example_short_circuit_operator.py
[2022-09-24T08:27:49.824+0000] {processor.py:768} INFO - DAG(s) dict_keys(['example_short_circuit_operator']) retrieved from /home/airflow/.local/lib/python3.7/site-packages/airflow/example_dags/example_short_circuit_operator.py
[2022-09-24T08:27:49.854+0000] {logging_mixin.py:117} INFO - [2022-09-24T08:27:49.853+0000] {dag.py:2573} INFO - Sync 1 DAGs
[2022-09-24T08:27:49.870+0000] {logging_mixin.py:117} INFO - [2022-09-24T08:27:49.870+0000] {dag.py:3328} INFO - Setting next_dagrun for example_short_circuit_operator to 2022-09-23T08:27:49.869923+00:00, run_after=2022-09-24T08:27:49.869923+00:00
[2022-09-24T08:27:49.883+0000] {processor.py:178} INFO - Processing /home/airflow/.local/lib/python3.7/site-packages/airflow/example_dags/example_short_circuit_operator.py took 0.074 seconds
[2022-09-24T08:28:20.104+0000] {processor.py:156} INFO - Started process (PID=33881) to work on /home/airflow/.local/lib/python3.7/site-packages/airflow/example_dags/example_short_circuit_operator.py
[2022-09-24T08:28:20.106+0000] {processor.py:758} INFO - Processing file /home/airflow/.local/lib/python3.7/site-packages/airflow/example_dags/example_short_circuit_operator.py for tasks to queue
[2022-09-24T08:28:20.107+0000] {logging_mixin.py:117} INFO - [2022-09-24T08:28:20.107+0000] {dagbag.py:525} INFO - Filling up the DagBag from /home/airflow/.local/lib/python3.7/site-packages/airflow/example_dags/example_short_circuit_operator.py
[2022-09-24T08:28:20.117+0000] {processor.py:768} INFO - DAG(s) dict_keys(['example_short_circuit_operator']) retrieved from /home/airflow/.local/lib/python3.7/site-packages/airflow/example_dags/example_short_circuit_operator.py
[2022-09-24T08:28:20.145+0000] {logging_mixin.py:117} INFO - [2022-09-24T08:28:20.145+0000] {dag.py:2573} INFO - Sync 1 DAGs
[2022-09-24T08:28:20.159+0000] {logging_mixin.py:117} INFO - [2022-09-24T08:28:20.159+0000] {dag.py:3328} INFO - Setting next_dagrun for example_short_circuit_operator to 2022-09-23T08:28:20.159699+00:00, run_after=2022-09-24T08:28:20.159699+00:00
[2022-09-24T08:28:20.173+0000] {processor.py:178} INFO - Processing /home/airflow/.local/lib/python3.7/site-packages/airflow/example_dags/example_short_circuit_operator.py took 0.072 seconds
[2022-09-24T08:28:50.370+0000] {processor.py:156} INFO - Started process (PID=33944) to work on /home/airflow/.local/lib/python3.7/site-packages/airflow/example_dags/example_short_circuit_operator.py
[2022-09-24T08:28:50.371+0000] {processor.py:758} INFO - Processing file /home/airflow/.local/lib/python3.7/site-packages/airflow/example_dags/example_short_circuit_operator.py for tasks to queue
[2022-09-24T08:28:50.373+0000] {logging_mixin.py:117} INFO - [2022-09-24T08:28:50.372+0000] {dagbag.py:525} INFO - Filling up the DagBag from /home/airflow/.local/lib/python3.7/site-packages/airflow/example_dags/example_short_circuit_operator.py
[2022-09-24T08:28:50.384+0000] {processor.py:768} INFO - DAG(s) dict_keys(['example_short_circuit_operator']) retrieved from /home/airflow/.local/lib/python3.7/site-packages/airflow/example_dags/example_short_circuit_operator.py
[2022-09-24T08:28:50.411+0000] {logging_mixin.py:117} INFO - [2022-09-24T08:28:50.411+0000] {dag.py:2573} INFO - Sync 1 DAGs
[2022-09-24T08:28:50.429+0000] {logging_mixin.py:117} INFO - [2022-09-24T08:28:50.429+0000] {dag.py:3328} INFO - Setting next_dagrun for example_short_circuit_operator to 2022-09-23T08:28:50.428971+00:00, run_after=2022-09-24T08:28:50.428971+00:00
[2022-09-24T08:28:50.443+0000] {processor.py:178} INFO - Processing /home/airflow/.local/lib/python3.7/site-packages/airflow/example_dags/example_short_circuit_operator.py took 0.075 seconds
[2022-09-24T08:29:20.872+0000] {processor.py:156} INFO - Started process (PID=33998) to work on /home/airflow/.local/lib/python3.7/site-packages/airflow/example_dags/example_short_circuit_operator.py
[2022-09-24T08:29:20.873+0000] {processor.py:758} INFO - Processing file /home/airflow/.local/lib/python3.7/site-packages/airflow/example_dags/example_short_circuit_operator.py for tasks to queue
[2022-09-24T08:29:20.874+0000] {logging_mixin.py:117} INFO - [2022-09-24T08:29:20.874+0000] {dagbag.py:525} INFO - Filling up the DagBag from /home/airflow/.local/lib/python3.7/site-packages/airflow/example_dags/example_short_circuit_operator.py
[2022-09-24T08:29:20.885+0000] {processor.py:768} INFO - DAG(s) dict_keys(['example_short_circuit_operator']) retrieved from /home/airflow/.local/lib/python3.7/site-packages/airflow/example_dags/example_short_circuit_operator.py
[2022-09-24T08:29:20.911+0000] {logging_mixin.py:117} INFO - [2022-09-24T08:29:20.911+0000] {dag.py:2573} INFO - Sync 1 DAGs
[2022-09-24T08:29:20.928+0000] {logging_mixin.py:117} INFO - [2022-09-24T08:29:20.927+0000] {dag.py:3328} INFO - Setting next_dagrun for example_short_circuit_operator to 2022-09-23T08:29:20.927842+00:00, run_after=2022-09-24T08:29:20.927842+00:00
[2022-09-24T08:29:20.940+0000] {processor.py:178} INFO - Processing /home/airflow/.local/lib/python3.7/site-packages/airflow/example_dags/example_short_circuit_operator.py took 0.071 seconds
[2022-09-24T08:29:51.203+0000] {processor.py:156} INFO - Started process (PID=34062) to work on /home/airflow/.local/lib/python3.7/site-packages/airflow/example_dags/example_short_circuit_operator.py
[2022-09-24T08:29:51.205+0000] {processor.py:758} INFO - Processing file /home/airflow/.local/lib/python3.7/site-packages/airflow/example_dags/example_short_circuit_operator.py for tasks to queue
[2022-09-24T08:29:51.206+0000] {logging_mixin.py:117} INFO - [2022-09-24T08:29:51.206+0000] {dagbag.py:525} INFO - Filling up the DagBag from /home/airflow/.local/lib/python3.7/site-packages/airflow/example_dags/example_short_circuit_operator.py
[2022-09-24T08:29:51.218+0000] {processor.py:768} INFO - DAG(s) dict_keys(['example_short_circuit_operator']) retrieved from /home/airflow/.local/lib/python3.7/site-packages/airflow/example_dags/example_short_circuit_operator.py
[2022-09-24T08:29:51.256+0000] {logging_mixin.py:117} INFO - [2022-09-24T08:29:51.256+0000] {dag.py:2573} INFO - Sync 1 DAGs
[2022-09-24T08:29:51.272+0000] {logging_mixin.py:117} INFO - [2022-09-24T08:29:51.272+0000] {dag.py:3328} INFO - Setting next_dagrun for example_short_circuit_operator to 2022-09-23T08:29:51.272519+00:00, run_after=2022-09-24T08:29:51.272519+00:00
[2022-09-24T08:29:51.287+0000] {processor.py:178} INFO - Processing /home/airflow/.local/lib/python3.7/site-packages/airflow/example_dags/example_short_circuit_operator.py took 0.086 seconds
[2022-09-24T08:30:21.536+0000] {processor.py:156} INFO - Started process (PID=34125) to work on /home/airflow/.local/lib/python3.7/site-packages/airflow/example_dags/example_short_circuit_operator.py
[2022-09-24T08:30:21.537+0000] {processor.py:758} INFO - Processing file /home/airflow/.local/lib/python3.7/site-packages/airflow/example_dags/example_short_circuit_operator.py for tasks to queue
[2022-09-24T08:30:21.539+0000] {logging_mixin.py:117} INFO - [2022-09-24T08:30:21.539+0000] {dagbag.py:525} INFO - Filling up the DagBag from /home/airflow/.local/lib/python3.7/site-packages/airflow/example_dags/example_short_circuit_operator.py
[2022-09-24T08:30:21.549+0000] {processor.py:768} INFO - DAG(s) dict_keys(['example_short_circuit_operator']) retrieved from /home/airflow/.local/lib/python3.7/site-packages/airflow/example_dags/example_short_circuit_operator.py
[2022-09-24T08:30:21.577+0000] {logging_mixin.py:117} INFO - [2022-09-24T08:30:21.577+0000] {dag.py:2573} INFO - Sync 1 DAGs
[2022-09-24T08:30:21.593+0000] {logging_mixin.py:117} INFO - [2022-09-24T08:30:21.593+0000] {dag.py:3328} INFO - Setting next_dagrun for example_short_circuit_operator to 2022-09-23T08:30:21.592780+00:00, run_after=2022-09-24T08:30:21.592780+00:00
[2022-09-24T08:30:21.606+0000] {processor.py:178} INFO - Processing /home/airflow/.local/lib/python3.7/site-packages/airflow/example_dags/example_short_circuit_operator.py took 0.073 seconds
[2022-09-24T08:30:51.792+0000] {processor.py:156} INFO - Started process (PID=34189) to work on /home/airflow/.local/lib/python3.7/site-packages/airflow/example_dags/example_short_circuit_operator.py
[2022-09-24T08:30:51.794+0000] {processor.py:758} INFO - Processing file /home/airflow/.local/lib/python3.7/site-packages/airflow/example_dags/example_short_circuit_operator.py for tasks to queue
[2022-09-24T08:30:51.796+0000] {logging_mixin.py:117} INFO - [2022-09-24T08:30:51.796+0000] {dagbag.py:525} INFO - Filling up the DagBag from /home/airflow/.local/lib/python3.7/site-packages/airflow/example_dags/example_short_circuit_operator.py
[2022-09-24T08:30:51.807+0000] {processor.py:768} INFO - DAG(s) dict_keys(['example_short_circuit_operator']) retrieved from /home/airflow/.local/lib/python3.7/site-packages/airflow/example_dags/example_short_circuit_operator.py
[2022-09-24T08:30:51.833+0000] {logging_mixin.py:117} INFO - [2022-09-24T08:30:51.833+0000] {dag.py:2573} INFO - Sync 1 DAGs
[2022-09-24T08:30:51.850+0000] {logging_mixin.py:117} INFO - [2022-09-24T08:30:51.850+0000] {dag.py:3328} INFO - Setting next_dagrun for example_short_circuit_operator to 2022-09-23T08:30:51.850035+00:00, run_after=2022-09-24T08:30:51.850035+00:00
[2022-09-24T08:30:51.863+0000] {processor.py:178} INFO - Processing /home/airflow/.local/lib/python3.7/site-packages/airflow/example_dags/example_short_circuit_operator.py took 0.074 seconds
[2022-09-24T08:31:22.215+0000] {processor.py:156} INFO - Started process (PID=34252) to work on /home/airflow/.local/lib/python3.7/site-packages/airflow/example_dags/example_short_circuit_operator.py
[2022-09-24T08:31:22.216+0000] {processor.py:758} INFO - Processing file /home/airflow/.local/lib/python3.7/site-packages/airflow/example_dags/example_short_circuit_operator.py for tasks to queue
[2022-09-24T08:31:22.217+0000] {logging_mixin.py:117} INFO - [2022-09-24T08:31:22.217+0000] {dagbag.py:525} INFO - Filling up the DagBag from /home/airflow/.local/lib/python3.7/site-packages/airflow/example_dags/example_short_circuit_operator.py
[2022-09-24T08:31:22.229+0000] {processor.py:768} INFO - DAG(s) dict_keys(['example_short_circuit_operator']) retrieved from /home/airflow/.local/lib/python3.7/site-packages/airflow/example_dags/example_short_circuit_operator.py
[2022-09-24T08:31:22.255+0000] {logging_mixin.py:117} INFO - [2022-09-24T08:31:22.255+0000] {dag.py:2573} INFO - Sync 1 DAGs
[2022-09-24T08:31:22.270+0000] {logging_mixin.py:117} INFO - [2022-09-24T08:31:22.270+0000] {dag.py:3328} INFO - Setting next_dagrun for example_short_circuit_operator to 2022-09-23T08:31:22.270400+00:00, run_after=2022-09-24T08:31:22.270400+00:00
[2022-09-24T08:31:22.282+0000] {processor.py:178} INFO - Processing /home/airflow/.local/lib/python3.7/site-packages/airflow/example_dags/example_short_circuit_operator.py took 0.070 seconds
[2022-09-24T08:31:52.417+0000] {processor.py:156} INFO - Started process (PID=34314) to work on /home/airflow/.local/lib/python3.7/site-packages/airflow/example_dags/example_short_circuit_operator.py
[2022-09-24T08:31:52.419+0000] {processor.py:758} INFO - Processing file /home/airflow/.local/lib/python3.7/site-packages/airflow/example_dags/example_short_circuit_operator.py for tasks to queue
[2022-09-24T08:31:52.420+0000] {logging_mixin.py:117} INFO - [2022-09-24T08:31:52.420+0000] {dagbag.py:525} INFO - Filling up the DagBag from /home/airflow/.local/lib/python3.7/site-packages/airflow/example_dags/example_short_circuit_operator.py
[2022-09-24T08:31:52.431+0000] {processor.py:768} INFO - DAG(s) dict_keys(['example_short_circuit_operator']) retrieved from /home/airflow/.local/lib/python3.7/site-packages/airflow/example_dags/example_short_circuit_operator.py
[2022-09-24T08:31:52.457+0000] {logging_mixin.py:117} INFO - [2022-09-24T08:31:52.457+0000] {dag.py:2573} INFO - Sync 1 DAGs
[2022-09-24T08:31:52.471+0000] {logging_mixin.py:117} INFO - [2022-09-24T08:31:52.471+0000] {dag.py:3328} INFO - Setting next_dagrun for example_short_circuit_operator to 2022-09-23T08:31:52.471063+00:00, run_after=2022-09-24T08:31:52.471063+00:00
[2022-09-24T08:31:52.483+0000] {processor.py:178} INFO - Processing /home/airflow/.local/lib/python3.7/site-packages/airflow/example_dags/example_short_circuit_operator.py took 0.068 seconds
[2022-09-24T08:32:22.654+0000] {processor.py:156} INFO - Started process (PID=34368) to work on /home/airflow/.local/lib/python3.7/site-packages/airflow/example_dags/example_short_circuit_operator.py
[2022-09-24T08:32:22.656+0000] {processor.py:758} INFO - Processing file /home/airflow/.local/lib/python3.7/site-packages/airflow/example_dags/example_short_circuit_operator.py for tasks to queue
[2022-09-24T08:32:22.656+0000] {logging_mixin.py:117} INFO - [2022-09-24T08:32:22.656+0000] {dagbag.py:525} INFO - Filling up the DagBag from /home/airflow/.local/lib/python3.7/site-packages/airflow/example_dags/example_short_circuit_operator.py
[2022-09-24T08:32:22.667+0000] {processor.py:768} INFO - DAG(s) dict_keys(['example_short_circuit_operator']) retrieved from /home/airflow/.local/lib/python3.7/site-packages/airflow/example_dags/example_short_circuit_operator.py
[2022-09-24T08:32:22.694+0000] {logging_mixin.py:117} INFO - [2022-09-24T08:32:22.694+0000] {dag.py:2573} INFO - Sync 1 DAGs
[2022-09-24T08:32:22.709+0000] {logging_mixin.py:117} INFO - [2022-09-24T08:32:22.709+0000] {dag.py:3328} INFO - Setting next_dagrun for example_short_circuit_operator to 2022-09-23T08:32:22.709643+00:00, run_after=2022-09-24T08:32:22.709643+00:00
[2022-09-24T08:32:22.725+0000] {processor.py:178} INFO - Processing /home/airflow/.local/lib/python3.7/site-packages/airflow/example_dags/example_short_circuit_operator.py took 0.073 seconds
[2022-09-24T08:32:53.024+0000] {processor.py:156} INFO - Started process (PID=34430) to work on /home/airflow/.local/lib/python3.7/site-packages/airflow/example_dags/example_short_circuit_operator.py
[2022-09-24T08:32:53.027+0000] {processor.py:758} INFO - Processing file /home/airflow/.local/lib/python3.7/site-packages/airflow/example_dags/example_short_circuit_operator.py for tasks to queue
[2022-09-24T08:32:53.028+0000] {logging_mixin.py:117} INFO - [2022-09-24T08:32:53.028+0000] {dagbag.py:525} INFO - Filling up the DagBag from /home/airflow/.local/lib/python3.7/site-packages/airflow/example_dags/example_short_circuit_operator.py
[2022-09-24T08:32:53.040+0000] {processor.py:768} INFO - DAG(s) dict_keys(['example_short_circuit_operator']) retrieved from /home/airflow/.local/lib/python3.7/site-packages/airflow/example_dags/example_short_circuit_operator.py
[2022-09-24T08:32:53.068+0000] {logging_mixin.py:117} INFO - [2022-09-24T08:32:53.068+0000] {dag.py:2573} INFO - Sync 1 DAGs
[2022-09-24T08:32:53.085+0000] {logging_mixin.py:117} INFO - [2022-09-24T08:32:53.085+0000] {dag.py:3328} INFO - Setting next_dagrun for example_short_circuit_operator to 2022-09-23T08:32:53.085067+00:00, run_after=2022-09-24T08:32:53.085067+00:00
[2022-09-24T08:32:53.098+0000] {processor.py:178} INFO - Processing /home/airflow/.local/lib/python3.7/site-packages/airflow/example_dags/example_short_circuit_operator.py took 0.076 seconds
[2022-09-24T08:33:23.467+0000] {processor.py:156} INFO - Started process (PID=34493) to work on /home/airflow/.local/lib/python3.7/site-packages/airflow/example_dags/example_short_circuit_operator.py
[2022-09-24T08:33:23.469+0000] {processor.py:758} INFO - Processing file /home/airflow/.local/lib/python3.7/site-packages/airflow/example_dags/example_short_circuit_operator.py for tasks to queue
[2022-09-24T08:33:23.470+0000] {logging_mixin.py:117} INFO - [2022-09-24T08:33:23.470+0000] {dagbag.py:525} INFO - Filling up the DagBag from /home/airflow/.local/lib/python3.7/site-packages/airflow/example_dags/example_short_circuit_operator.py
[2022-09-24T08:33:23.480+0000] {processor.py:768} INFO - DAG(s) dict_keys(['example_short_circuit_operator']) retrieved from /home/airflow/.local/lib/python3.7/site-packages/airflow/example_dags/example_short_circuit_operator.py
[2022-09-24T08:33:23.506+0000] {logging_mixin.py:117} INFO - [2022-09-24T08:33:23.506+0000] {dag.py:2573} INFO - Sync 1 DAGs
[2022-09-24T08:33:23.523+0000] {logging_mixin.py:117} INFO - [2022-09-24T08:33:23.523+0000] {dag.py:3328} INFO - Setting next_dagrun for example_short_circuit_operator to 2022-09-23T08:33:23.523263+00:00, run_after=2022-09-24T08:33:23.523263+00:00
[2022-09-24T08:33:23.536+0000] {processor.py:178} INFO - Processing /home/airflow/.local/lib/python3.7/site-packages/airflow/example_dags/example_short_circuit_operator.py took 0.071 seconds
[2022-09-24T08:33:53.894+0000] {processor.py:156} INFO - Started process (PID=34556) to work on /home/airflow/.local/lib/python3.7/site-packages/airflow/example_dags/example_short_circuit_operator.py
[2022-09-24T08:33:53.896+0000] {processor.py:758} INFO - Processing file /home/airflow/.local/lib/python3.7/site-packages/airflow/example_dags/example_short_circuit_operator.py for tasks to queue
[2022-09-24T08:33:53.897+0000] {logging_mixin.py:117} INFO - [2022-09-24T08:33:53.897+0000] {dagbag.py:525} INFO - Filling up the DagBag from /home/airflow/.local/lib/python3.7/site-packages/airflow/example_dags/example_short_circuit_operator.py
[2022-09-24T08:33:53.907+0000] {processor.py:768} INFO - DAG(s) dict_keys(['example_short_circuit_operator']) retrieved from /home/airflow/.local/lib/python3.7/site-packages/airflow/example_dags/example_short_circuit_operator.py
[2022-09-24T08:33:53.936+0000] {logging_mixin.py:117} INFO - [2022-09-24T08:33:53.935+0000] {dag.py:2573} INFO - Sync 1 DAGs
[2022-09-24T08:33:53.950+0000] {logging_mixin.py:117} INFO - [2022-09-24T08:33:53.950+0000] {dag.py:3328} INFO - Setting next_dagrun for example_short_circuit_operator to 2022-09-23T08:33:53.950708+00:00, run_after=2022-09-24T08:33:53.950708+00:00
[2022-09-24T08:33:53.963+0000] {processor.py:178} INFO - Processing /home/airflow/.local/lib/python3.7/site-packages/airflow/example_dags/example_short_circuit_operator.py took 0.072 seconds
[2022-09-24T08:34:24.160+0000] {processor.py:156} INFO - Started process (PID=34619) to work on /home/airflow/.local/lib/python3.7/site-packages/airflow/example_dags/example_short_circuit_operator.py
[2022-09-24T08:34:24.162+0000] {processor.py:758} INFO - Processing file /home/airflow/.local/lib/python3.7/site-packages/airflow/example_dags/example_short_circuit_operator.py for tasks to queue
[2022-09-24T08:34:24.163+0000] {logging_mixin.py:117} INFO - [2022-09-24T08:34:24.163+0000] {dagbag.py:525} INFO - Filling up the DagBag from /home/airflow/.local/lib/python3.7/site-packages/airflow/example_dags/example_short_circuit_operator.py
[2022-09-24T08:34:24.175+0000] {processor.py:768} INFO - DAG(s) dict_keys(['example_short_circuit_operator']) retrieved from /home/airflow/.local/lib/python3.7/site-packages/airflow/example_dags/example_short_circuit_operator.py
[2022-09-24T08:34:24.205+0000] {logging_mixin.py:117} INFO - [2022-09-24T08:34:24.205+0000] {dag.py:2573} INFO - Sync 1 DAGs
[2022-09-24T08:34:24.221+0000] {logging_mixin.py:117} INFO - [2022-09-24T08:34:24.221+0000] {dag.py:3328} INFO - Setting next_dagrun for example_short_circuit_operator to 2022-09-23T08:34:24.220834+00:00, run_after=2022-09-24T08:34:24.220834+00:00
[2022-09-24T08:34:24.233+0000] {processor.py:178} INFO - Processing /home/airflow/.local/lib/python3.7/site-packages/airflow/example_dags/example_short_circuit_operator.py took 0.076 seconds
[2022-09-24T08:34:54.454+0000] {processor.py:156} INFO - Started process (PID=34681) to work on /home/airflow/.local/lib/python3.7/site-packages/airflow/example_dags/example_short_circuit_operator.py
[2022-09-24T08:34:54.455+0000] {processor.py:758} INFO - Processing file /home/airflow/.local/lib/python3.7/site-packages/airflow/example_dags/example_short_circuit_operator.py for tasks to queue
[2022-09-24T08:34:54.456+0000] {logging_mixin.py:117} INFO - [2022-09-24T08:34:54.456+0000] {dagbag.py:525} INFO - Filling up the DagBag from /home/airflow/.local/lib/python3.7/site-packages/airflow/example_dags/example_short_circuit_operator.py
[2022-09-24T08:34:54.468+0000] {processor.py:768} INFO - DAG(s) dict_keys(['example_short_circuit_operator']) retrieved from /home/airflow/.local/lib/python3.7/site-packages/airflow/example_dags/example_short_circuit_operator.py
[2022-09-24T08:34:54.495+0000] {logging_mixin.py:117} INFO - [2022-09-24T08:34:54.495+0000] {dag.py:2573} INFO - Sync 1 DAGs
[2022-09-24T08:34:54.510+0000] {logging_mixin.py:117} INFO - [2022-09-24T08:34:54.510+0000] {dag.py:3328} INFO - Setting next_dagrun for example_short_circuit_operator to 2022-09-23T08:34:54.509927+00:00, run_after=2022-09-24T08:34:54.509927+00:00
[2022-09-24T08:34:54.524+0000] {processor.py:178} INFO - Processing /home/airflow/.local/lib/python3.7/site-packages/airflow/example_dags/example_short_circuit_operator.py took 0.073 seconds
[2022-09-24T08:35:24.963+0000] {processor.py:156} INFO - Started process (PID=34736) to work on /home/airflow/.local/lib/python3.7/site-packages/airflow/example_dags/example_short_circuit_operator.py
[2022-09-24T08:35:24.965+0000] {processor.py:758} INFO - Processing file /home/airflow/.local/lib/python3.7/site-packages/airflow/example_dags/example_short_circuit_operator.py for tasks to queue
[2022-09-24T08:35:24.966+0000] {logging_mixin.py:117} INFO - [2022-09-24T08:35:24.966+0000] {dagbag.py:525} INFO - Filling up the DagBag from /home/airflow/.local/lib/python3.7/site-packages/airflow/example_dags/example_short_circuit_operator.py
[2022-09-24T08:35:24.978+0000] {processor.py:768} INFO - DAG(s) dict_keys(['example_short_circuit_operator']) retrieved from /home/airflow/.local/lib/python3.7/site-packages/airflow/example_dags/example_short_circuit_operator.py
[2022-09-24T08:35:25.004+0000] {logging_mixin.py:117} INFO - [2022-09-24T08:35:25.004+0000] {dag.py:2573} INFO - Sync 1 DAGs
[2022-09-24T08:35:25.021+0000] {logging_mixin.py:117} INFO - [2022-09-24T08:35:25.021+0000] {dag.py:3328} INFO - Setting next_dagrun for example_short_circuit_operator to 2022-09-23T08:35:25.021083+00:00, run_after=2022-09-24T08:35:25.021083+00:00
[2022-09-24T08:35:25.034+0000] {processor.py:178} INFO - Processing /home/airflow/.local/lib/python3.7/site-packages/airflow/example_dags/example_short_circuit_operator.py took 0.073 seconds
[2022-09-24T08:35:55.234+0000] {processor.py:156} INFO - Started process (PID=34799) to work on /home/airflow/.local/lib/python3.7/site-packages/airflow/example_dags/example_short_circuit_operator.py
[2022-09-24T08:35:55.236+0000] {processor.py:758} INFO - Processing file /home/airflow/.local/lib/python3.7/site-packages/airflow/example_dags/example_short_circuit_operator.py for tasks to queue
[2022-09-24T08:35:55.238+0000] {logging_mixin.py:117} INFO - [2022-09-24T08:35:55.237+0000] {dagbag.py:525} INFO - Filling up the DagBag from /home/airflow/.local/lib/python3.7/site-packages/airflow/example_dags/example_short_circuit_operator.py
[2022-09-24T08:35:55.250+0000] {processor.py:768} INFO - DAG(s) dict_keys(['example_short_circuit_operator']) retrieved from /home/airflow/.local/lib/python3.7/site-packages/airflow/example_dags/example_short_circuit_operator.py
[2022-09-24T08:35:55.280+0000] {logging_mixin.py:117} INFO - [2022-09-24T08:35:55.280+0000] {dag.py:2573} INFO - Sync 1 DAGs
[2022-09-24T08:35:55.296+0000] {logging_mixin.py:117} INFO - [2022-09-24T08:35:55.296+0000] {dag.py:3328} INFO - Setting next_dagrun for example_short_circuit_operator to 2022-09-23T08:35:55.296614+00:00, run_after=2022-09-24T08:35:55.296614+00:00
[2022-09-24T08:35:55.317+0000] {processor.py:178} INFO - Processing /home/airflow/.local/lib/python3.7/site-packages/airflow/example_dags/example_short_circuit_operator.py took 0.085 seconds
[2022-09-24T08:36:25.566+0000] {processor.py:156} INFO - Started process (PID=34862) to work on /home/airflow/.local/lib/python3.7/site-packages/airflow/example_dags/example_short_circuit_operator.py
[2022-09-24T08:36:25.568+0000] {processor.py:758} INFO - Processing file /home/airflow/.local/lib/python3.7/site-packages/airflow/example_dags/example_short_circuit_operator.py for tasks to queue
[2022-09-24T08:36:25.570+0000] {logging_mixin.py:117} INFO - [2022-09-24T08:36:25.569+0000] {dagbag.py:525} INFO - Filling up the DagBag from /home/airflow/.local/lib/python3.7/site-packages/airflow/example_dags/example_short_circuit_operator.py
[2022-09-24T08:36:25.579+0000] {processor.py:768} INFO - DAG(s) dict_keys(['example_short_circuit_operator']) retrieved from /home/airflow/.local/lib/python3.7/site-packages/airflow/example_dags/example_short_circuit_operator.py
[2022-09-24T08:36:25.607+0000] {logging_mixin.py:117} INFO - [2022-09-24T08:36:25.607+0000] {dag.py:2573} INFO - Sync 1 DAGs
[2022-09-24T08:36:25.623+0000] {logging_mixin.py:117} INFO - [2022-09-24T08:36:25.623+0000] {dag.py:3328} INFO - Setting next_dagrun for example_short_circuit_operator to 2022-09-23T08:36:25.623487+00:00, run_after=2022-09-24T08:36:25.623487+00:00
[2022-09-24T08:36:25.637+0000] {processor.py:178} INFO - Processing /home/airflow/.local/lib/python3.7/site-packages/airflow/example_dags/example_short_circuit_operator.py took 0.074 seconds
[2022-09-24T08:36:55.900+0000] {processor.py:156} INFO - Started process (PID=34925) to work on /home/airflow/.local/lib/python3.7/site-packages/airflow/example_dags/example_short_circuit_operator.py
[2022-09-24T08:36:55.902+0000] {processor.py:758} INFO - Processing file /home/airflow/.local/lib/python3.7/site-packages/airflow/example_dags/example_short_circuit_operator.py for tasks to queue
[2022-09-24T08:36:55.902+0000] {logging_mixin.py:117} INFO - [2022-09-24T08:36:55.902+0000] {dagbag.py:525} INFO - Filling up the DagBag from /home/airflow/.local/lib/python3.7/site-packages/airflow/example_dags/example_short_circuit_operator.py
[2022-09-24T08:36:55.914+0000] {processor.py:768} INFO - DAG(s) dict_keys(['example_short_circuit_operator']) retrieved from /home/airflow/.local/lib/python3.7/site-packages/airflow/example_dags/example_short_circuit_operator.py
[2022-09-24T08:36:55.941+0000] {logging_mixin.py:117} INFO - [2022-09-24T08:36:55.941+0000] {dag.py:2573} INFO - Sync 1 DAGs
[2022-09-24T08:36:55.956+0000] {logging_mixin.py:117} INFO - [2022-09-24T08:36:55.956+0000] {dag.py:3328} INFO - Setting next_dagrun for example_short_circuit_operator to 2022-09-23T08:36:55.955943+00:00, run_after=2022-09-24T08:36:55.955943+00:00
[2022-09-24T08:36:55.971+0000] {processor.py:178} INFO - Processing /home/airflow/.local/lib/python3.7/site-packages/airflow/example_dags/example_short_circuit_operator.py took 0.073 seconds
[2022-09-24T08:37:26.267+0000] {processor.py:156} INFO - Started process (PID=34988) to work on /home/airflow/.local/lib/python3.7/site-packages/airflow/example_dags/example_short_circuit_operator.py
[2022-09-24T08:37:26.269+0000] {processor.py:758} INFO - Processing file /home/airflow/.local/lib/python3.7/site-packages/airflow/example_dags/example_short_circuit_operator.py for tasks to queue
[2022-09-24T08:37:26.270+0000] {logging_mixin.py:117} INFO - [2022-09-24T08:37:26.270+0000] {dagbag.py:525} INFO - Filling up the DagBag from /home/airflow/.local/lib/python3.7/site-packages/airflow/example_dags/example_short_circuit_operator.py
[2022-09-24T08:37:26.284+0000] {processor.py:768} INFO - DAG(s) dict_keys(['example_short_circuit_operator']) retrieved from /home/airflow/.local/lib/python3.7/site-packages/airflow/example_dags/example_short_circuit_operator.py
[2022-09-24T08:37:26.314+0000] {logging_mixin.py:117} INFO - [2022-09-24T08:37:26.314+0000] {dag.py:2573} INFO - Sync 1 DAGs
[2022-09-24T08:37:26.331+0000] {logging_mixin.py:117} INFO - [2022-09-24T08:37:26.331+0000] {dag.py:3328} INFO - Setting next_dagrun for example_short_circuit_operator to 2022-09-23T08:37:26.331333+00:00, run_after=2022-09-24T08:37:26.331333+00:00
[2022-09-24T08:37:26.346+0000] {processor.py:178} INFO - Processing /home/airflow/.local/lib/python3.7/site-packages/airflow/example_dags/example_short_circuit_operator.py took 0.081 seconds
[2022-09-24T08:37:56.722+0000] {processor.py:156} INFO - Started process (PID=35050) to work on /home/airflow/.local/lib/python3.7/site-packages/airflow/example_dags/example_short_circuit_operator.py
[2022-09-24T08:37:56.724+0000] {processor.py:758} INFO - Processing file /home/airflow/.local/lib/python3.7/site-packages/airflow/example_dags/example_short_circuit_operator.py for tasks to queue
[2022-09-24T08:37:56.725+0000] {logging_mixin.py:117} INFO - [2022-09-24T08:37:56.725+0000] {dagbag.py:525} INFO - Filling up the DagBag from /home/airflow/.local/lib/python3.7/site-packages/airflow/example_dags/example_short_circuit_operator.py
[2022-09-24T08:37:56.736+0000] {processor.py:768} INFO - DAG(s) dict_keys(['example_short_circuit_operator']) retrieved from /home/airflow/.local/lib/python3.7/site-packages/airflow/example_dags/example_short_circuit_operator.py
[2022-09-24T08:37:56.764+0000] {logging_mixin.py:117} INFO - [2022-09-24T08:37:56.764+0000] {dag.py:2573} INFO - Sync 1 DAGs
[2022-09-24T08:37:56.779+0000] {logging_mixin.py:117} INFO - [2022-09-24T08:37:56.779+0000] {dag.py:3328} INFO - Setting next_dagrun for example_short_circuit_operator to 2022-09-23T08:37:56.779268+00:00, run_after=2022-09-24T08:37:56.779268+00:00
[2022-09-24T08:37:56.792+0000] {processor.py:178} INFO - Processing /home/airflow/.local/lib/python3.7/site-packages/airflow/example_dags/example_short_circuit_operator.py took 0.072 seconds
[2022-09-24T08:38:27.006+0000] {processor.py:156} INFO - Started process (PID=35104) to work on /home/airflow/.local/lib/python3.7/site-packages/airflow/example_dags/example_short_circuit_operator.py
[2022-09-24T08:38:27.008+0000] {processor.py:758} INFO - Processing file /home/airflow/.local/lib/python3.7/site-packages/airflow/example_dags/example_short_circuit_operator.py for tasks to queue
[2022-09-24T08:38:27.009+0000] {logging_mixin.py:117} INFO - [2022-09-24T08:38:27.009+0000] {dagbag.py:525} INFO - Filling up the DagBag from /home/airflow/.local/lib/python3.7/site-packages/airflow/example_dags/example_short_circuit_operator.py
[2022-09-24T08:38:27.019+0000] {processor.py:768} INFO - DAG(s) dict_keys(['example_short_circuit_operator']) retrieved from /home/airflow/.local/lib/python3.7/site-packages/airflow/example_dags/example_short_circuit_operator.py
[2022-09-24T08:38:27.047+0000] {logging_mixin.py:117} INFO - [2022-09-24T08:38:27.046+0000] {dag.py:2573} INFO - Sync 1 DAGs
[2022-09-24T08:38:27.061+0000] {logging_mixin.py:117} INFO - [2022-09-24T08:38:27.061+0000] {dag.py:3328} INFO - Setting next_dagrun for example_short_circuit_operator to 2022-09-23T08:38:27.061037+00:00, run_after=2022-09-24T08:38:27.061037+00:00
[2022-09-24T08:38:27.074+0000] {processor.py:178} INFO - Processing /home/airflow/.local/lib/python3.7/site-packages/airflow/example_dags/example_short_circuit_operator.py took 0.070 seconds
[2022-09-24T08:38:57.275+0000] {processor.py:156} INFO - Started process (PID=35168) to work on /home/airflow/.local/lib/python3.7/site-packages/airflow/example_dags/example_short_circuit_operator.py
[2022-09-24T08:38:57.277+0000] {processor.py:758} INFO - Processing file /home/airflow/.local/lib/python3.7/site-packages/airflow/example_dags/example_short_circuit_operator.py for tasks to queue
[2022-09-24T08:38:57.278+0000] {logging_mixin.py:117} INFO - [2022-09-24T08:38:57.278+0000] {dagbag.py:525} INFO - Filling up the DagBag from /home/airflow/.local/lib/python3.7/site-packages/airflow/example_dags/example_short_circuit_operator.py
[2022-09-24T08:38:57.288+0000] {processor.py:768} INFO - DAG(s) dict_keys(['example_short_circuit_operator']) retrieved from /home/airflow/.local/lib/python3.7/site-packages/airflow/example_dags/example_short_circuit_operator.py
[2022-09-24T08:38:57.316+0000] {logging_mixin.py:117} INFO - [2022-09-24T08:38:57.316+0000] {dag.py:2573} INFO - Sync 1 DAGs
[2022-09-24T08:38:57.333+0000] {logging_mixin.py:117} INFO - [2022-09-24T08:38:57.333+0000] {dag.py:3328} INFO - Setting next_dagrun for example_short_circuit_operator to 2022-09-23T08:38:57.332880+00:00, run_after=2022-09-24T08:38:57.332880+00:00
[2022-09-24T08:38:57.348+0000] {processor.py:178} INFO - Processing /home/airflow/.local/lib/python3.7/site-packages/airflow/example_dags/example_short_circuit_operator.py took 0.075 seconds
[2022-09-24T08:39:27.577+0000] {processor.py:156} INFO - Started process (PID=35231) to work on /home/airflow/.local/lib/python3.7/site-packages/airflow/example_dags/example_short_circuit_operator.py
[2022-09-24T08:39:27.578+0000] {processor.py:758} INFO - Processing file /home/airflow/.local/lib/python3.7/site-packages/airflow/example_dags/example_short_circuit_operator.py for tasks to queue
[2022-09-24T08:39:27.579+0000] {logging_mixin.py:117} INFO - [2022-09-24T08:39:27.579+0000] {dagbag.py:525} INFO - Filling up the DagBag from /home/airflow/.local/lib/python3.7/site-packages/airflow/example_dags/example_short_circuit_operator.py
[2022-09-24T08:39:27.591+0000] {processor.py:768} INFO - DAG(s) dict_keys(['example_short_circuit_operator']) retrieved from /home/airflow/.local/lib/python3.7/site-packages/airflow/example_dags/example_short_circuit_operator.py
[2022-09-24T08:39:27.619+0000] {logging_mixin.py:117} INFO - [2022-09-24T08:39:27.619+0000] {dag.py:2573} INFO - Sync 1 DAGs
[2022-09-24T08:39:27.636+0000] {logging_mixin.py:117} INFO - [2022-09-24T08:39:27.636+0000] {dag.py:3328} INFO - Setting next_dagrun for example_short_circuit_operator to 2022-09-23T08:39:27.636386+00:00, run_after=2022-09-24T08:39:27.636386+00:00
[2022-09-24T08:39:27.650+0000] {processor.py:178} INFO - Processing /home/airflow/.local/lib/python3.7/site-packages/airflow/example_dags/example_short_circuit_operator.py took 0.076 seconds
[2022-09-24T08:39:58.168+0000] {processor.py:156} INFO - Started process (PID=35294) to work on /home/airflow/.local/lib/python3.7/site-packages/airflow/example_dags/example_short_circuit_operator.py
[2022-09-24T08:39:58.169+0000] {processor.py:758} INFO - Processing file /home/airflow/.local/lib/python3.7/site-packages/airflow/example_dags/example_short_circuit_operator.py for tasks to queue
[2022-09-24T08:39:58.170+0000] {logging_mixin.py:117} INFO - [2022-09-24T08:39:58.170+0000] {dagbag.py:525} INFO - Filling up the DagBag from /home/airflow/.local/lib/python3.7/site-packages/airflow/example_dags/example_short_circuit_operator.py
[2022-09-24T08:39:58.181+0000] {processor.py:768} INFO - DAG(s) dict_keys(['example_short_circuit_operator']) retrieved from /home/airflow/.local/lib/python3.7/site-packages/airflow/example_dags/example_short_circuit_operator.py
[2022-09-24T08:39:58.208+0000] {logging_mixin.py:117} INFO - [2022-09-24T08:39:58.208+0000] {dag.py:2573} INFO - Sync 1 DAGs
[2022-09-24T08:39:58.224+0000] {logging_mixin.py:117} INFO - [2022-09-24T08:39:58.224+0000] {dag.py:3328} INFO - Setting next_dagrun for example_short_circuit_operator to 2022-09-23T08:39:58.224596+00:00, run_after=2022-09-24T08:39:58.224596+00:00
[2022-09-24T08:39:58.239+0000] {processor.py:178} INFO - Processing /home/airflow/.local/lib/python3.7/site-packages/airflow/example_dags/example_short_circuit_operator.py took 0.073 seconds
[2022-09-24T09:07:11.102+0000] {processor.py:156} INFO - Started process (PID=35349) to work on /home/airflow/.local/lib/python3.7/site-packages/airflow/example_dags/example_short_circuit_operator.py
[2022-09-24T09:07:11.104+0000] {processor.py:758} INFO - Processing file /home/airflow/.local/lib/python3.7/site-packages/airflow/example_dags/example_short_circuit_operator.py for tasks to queue
[2022-09-24T09:07:11.106+0000] {logging_mixin.py:117} INFO - [2022-09-24T09:07:11.106+0000] {dagbag.py:525} INFO - Filling up the DagBag from /home/airflow/.local/lib/python3.7/site-packages/airflow/example_dags/example_short_circuit_operator.py
[2022-09-24T09:07:11.122+0000] {processor.py:768} INFO - DAG(s) dict_keys(['example_short_circuit_operator']) retrieved from /home/airflow/.local/lib/python3.7/site-packages/airflow/example_dags/example_short_circuit_operator.py
[2022-09-24T09:07:11.170+0000] {logging_mixin.py:117} INFO - [2022-09-24T09:07:11.170+0000] {dag.py:2573} INFO - Sync 1 DAGs
[2022-09-24T09:07:11.194+0000] {logging_mixin.py:117} INFO - [2022-09-24T09:07:11.193+0000] {dag.py:3328} INFO - Setting next_dagrun for example_short_circuit_operator to 2022-09-23T09:07:11.193794+00:00, run_after=2022-09-24T09:07:11.193794+00:00
[2022-09-24T09:07:11.213+0000] {processor.py:178} INFO - Processing /home/airflow/.local/lib/python3.7/site-packages/airflow/example_dags/example_short_circuit_operator.py took 0.113 seconds
