[2022-09-24T01:04:09.838+0000] {processor.py:156} INFO - Started process (PID=32104) to work on /home/airflow/.local/lib/python3.7/site-packages/airflow/example_dags/example_skip_dag.py
[2022-09-24T01:04:09.844+0000] {processor.py:758} INFO - Processing file /home/airflow/.local/lib/python3.7/site-packages/airflow/example_dags/example_skip_dag.py for tasks to queue
[2022-09-24T01:04:09.845+0000] {logging_mixin.py:117} INFO - [2022-09-24T01:04:09.845+0000] {dagbag.py:525} INFO - Filling up the DagBag from /home/airflow/.local/lib/python3.7/site-packages/airflow/example_dags/example_skip_dag.py
[2022-09-24T01:04:09.863+0000] {processor.py:768} INFO - DAG(s) dict_keys(['example_skip_dag']) retrieved from /home/airflow/.local/lib/python3.7/site-packages/airflow/example_dags/example_skip_dag.py
[2022-09-24T01:04:09.911+0000] {logging_mixin.py:117} INFO - [2022-09-24T01:04:09.911+0000] {dag.py:2573} INFO - Sync 1 DAGs
[2022-09-24T01:04:09.939+0000] {logging_mixin.py:117} INFO - [2022-09-24T01:04:09.939+0000] {dag.py:3328} INFO - Setting next_dagrun for example_skip_dag to 2022-09-23T01:04:09.939536+00:00, run_after=2022-09-24T01:04:09.939536+00:00
[2022-09-24T01:04:09.962+0000] {processor.py:178} INFO - Processing /home/airflow/.local/lib/python3.7/site-packages/airflow/example_dags/example_skip_dag.py took 0.127 seconds
[2022-09-24T02:27:00.624+0000] {processor.py:156} INFO - Started process (PID=32158) to work on /home/airflow/.local/lib/python3.7/site-packages/airflow/example_dags/example_skip_dag.py
[2022-09-24T02:27:00.626+0000] {processor.py:758} INFO - Processing file /home/airflow/.local/lib/python3.7/site-packages/airflow/example_dags/example_skip_dag.py for tasks to queue
[2022-09-24T02:27:00.632+0000] {logging_mixin.py:117} INFO - [2022-09-24T02:27:00.632+0000] {dagbag.py:525} INFO - Filling up the DagBag from /home/airflow/.local/lib/python3.7/site-packages/airflow/example_dags/example_skip_dag.py
[2022-09-24T02:27:00.658+0000] {processor.py:768} INFO - DAG(s) dict_keys(['example_skip_dag']) retrieved from /home/airflow/.local/lib/python3.7/site-packages/airflow/example_dags/example_skip_dag.py
[2022-09-24T02:27:00.710+0000] {logging_mixin.py:117} INFO - [2022-09-24T02:27:00.709+0000] {dag.py:2573} INFO - Sync 1 DAGs
[2022-09-24T02:27:00.736+0000] {logging_mixin.py:117} INFO - [2022-09-24T02:27:00.736+0000] {dag.py:3328} INFO - Setting next_dagrun for example_skip_dag to 2022-09-23T02:27:00.736169+00:00, run_after=2022-09-24T02:27:00.736169+00:00
[2022-09-24T02:27:00.758+0000] {processor.py:178} INFO - Processing /home/airflow/.local/lib/python3.7/site-packages/airflow/example_dags/example_skip_dag.py took 0.144 seconds
[2022-09-24T03:23:59.506+0000] {processor.py:156} INFO - Started process (PID=32221) to work on /home/airflow/.local/lib/python3.7/site-packages/airflow/example_dags/example_skip_dag.py
[2022-09-24T03:23:59.508+0000] {processor.py:758} INFO - Processing file /home/airflow/.local/lib/python3.7/site-packages/airflow/example_dags/example_skip_dag.py for tasks to queue
[2022-09-24T03:23:59.509+0000] {logging_mixin.py:117} INFO - [2022-09-24T03:23:59.509+0000] {dagbag.py:525} INFO - Filling up the DagBag from /home/airflow/.local/lib/python3.7/site-packages/airflow/example_dags/example_skip_dag.py
[2022-09-24T03:23:59.520+0000] {processor.py:768} INFO - DAG(s) dict_keys(['example_skip_dag']) retrieved from /home/airflow/.local/lib/python3.7/site-packages/airflow/example_dags/example_skip_dag.py
[2022-09-24T03:23:59.552+0000] {logging_mixin.py:117} INFO - [2022-09-24T03:23:59.552+0000] {dag.py:2573} INFO - Sync 1 DAGs
[2022-09-24T03:23:59.568+0000] {logging_mixin.py:117} INFO - [2022-09-24T03:23:59.568+0000] {dag.py:3328} INFO - Setting next_dagrun for example_skip_dag to 2022-09-23T03:23:59.568696+00:00, run_after=2022-09-24T03:23:59.568696+00:00
[2022-09-24T03:23:59.585+0000] {processor.py:178} INFO - Processing /home/airflow/.local/lib/python3.7/site-packages/airflow/example_dags/example_skip_dag.py took 0.082 seconds
[2022-09-24T04:29:26.198+0000] {processor.py:156} INFO - Started process (PID=32286) to work on /home/airflow/.local/lib/python3.7/site-packages/airflow/example_dags/example_skip_dag.py
[2022-09-24T04:29:26.201+0000] {processor.py:758} INFO - Processing file /home/airflow/.local/lib/python3.7/site-packages/airflow/example_dags/example_skip_dag.py for tasks to queue
[2022-09-24T04:29:26.202+0000] {logging_mixin.py:117} INFO - [2022-09-24T04:29:26.202+0000] {dagbag.py:525} INFO - Filling up the DagBag from /home/airflow/.local/lib/python3.7/site-packages/airflow/example_dags/example_skip_dag.py
[2022-09-24T04:29:26.212+0000] {processor.py:768} INFO - DAG(s) dict_keys(['example_skip_dag']) retrieved from /home/airflow/.local/lib/python3.7/site-packages/airflow/example_dags/example_skip_dag.py
[2022-09-24T04:29:26.242+0000] {logging_mixin.py:117} INFO - [2022-09-24T04:29:26.242+0000] {dag.py:2573} INFO - Sync 1 DAGs
[2022-09-24T04:29:26.258+0000] {logging_mixin.py:117} INFO - [2022-09-24T04:29:26.258+0000] {dag.py:3328} INFO - Setting next_dagrun for example_skip_dag to 2022-09-23T04:29:26.258256+00:00, run_after=2022-09-24T04:29:26.258256+00:00
[2022-09-24T04:29:26.272+0000] {processor.py:178} INFO - Processing /home/airflow/.local/lib/python3.7/site-packages/airflow/example_dags/example_skip_dag.py took 0.076 seconds
[2022-09-24T05:38:06.885+0000] {processor.py:156} INFO - Started process (PID=32349) to work on /home/airflow/.local/lib/python3.7/site-packages/airflow/example_dags/example_skip_dag.py
[2022-09-24T05:38:06.887+0000] {processor.py:758} INFO - Processing file /home/airflow/.local/lib/python3.7/site-packages/airflow/example_dags/example_skip_dag.py for tasks to queue
[2022-09-24T05:38:06.889+0000] {logging_mixin.py:117} INFO - [2022-09-24T05:38:06.889+0000] {dagbag.py:525} INFO - Filling up the DagBag from /home/airflow/.local/lib/python3.7/site-packages/airflow/example_dags/example_skip_dag.py
[2022-09-24T05:38:06.912+0000] {processor.py:768} INFO - DAG(s) dict_keys(['example_skip_dag']) retrieved from /home/airflow/.local/lib/python3.7/site-packages/airflow/example_dags/example_skip_dag.py
[2022-09-24T05:38:06.962+0000] {logging_mixin.py:117} INFO - [2022-09-24T05:38:06.962+0000] {dag.py:2573} INFO - Sync 1 DAGs
[2022-09-24T05:38:06.988+0000] {logging_mixin.py:117} INFO - [2022-09-24T05:38:06.988+0000] {dag.py:3328} INFO - Setting next_dagrun for example_skip_dag to 2022-09-23T05:38:06.988661+00:00, run_after=2022-09-24T05:38:06.988661+00:00
[2022-09-24T05:38:07.012+0000] {processor.py:178} INFO - Processing /home/airflow/.local/lib/python3.7/site-packages/airflow/example_dags/example_skip_dag.py took 0.129 seconds
[2022-09-24T06:55:21.423+0000] {processor.py:156} INFO - Started process (PID=32403) to work on /home/airflow/.local/lib/python3.7/site-packages/airflow/example_dags/example_skip_dag.py
[2022-09-24T06:55:21.425+0000] {processor.py:758} INFO - Processing file /home/airflow/.local/lib/python3.7/site-packages/airflow/example_dags/example_skip_dag.py for tasks to queue
[2022-09-24T06:55:21.427+0000] {logging_mixin.py:117} INFO - [2022-09-24T06:55:21.427+0000] {dagbag.py:525} INFO - Filling up the DagBag from /home/airflow/.local/lib/python3.7/site-packages/airflow/example_dags/example_skip_dag.py
[2022-09-24T06:55:21.443+0000] {processor.py:768} INFO - DAG(s) dict_keys(['example_skip_dag']) retrieved from /home/airflow/.local/lib/python3.7/site-packages/airflow/example_dags/example_skip_dag.py
[2022-09-24T06:55:21.481+0000] {logging_mixin.py:117} INFO - [2022-09-24T06:55:21.481+0000] {dag.py:2573} INFO - Sync 1 DAGs
[2022-09-24T06:55:21.497+0000] {logging_mixin.py:117} INFO - [2022-09-24T06:55:21.497+0000] {dag.py:3328} INFO - Setting next_dagrun for example_skip_dag to 2022-09-23T06:55:21.497431+00:00, run_after=2022-09-24T06:55:21.497431+00:00
[2022-09-24T06:55:21.512+0000] {processor.py:178} INFO - Processing /home/airflow/.local/lib/python3.7/site-packages/airflow/example_dags/example_skip_dag.py took 0.095 seconds
[2022-09-24T07:36:24.895+0000] {processor.py:156} INFO - Started process (PID=32466) to work on /home/airflow/.local/lib/python3.7/site-packages/airflow/example_dags/example_skip_dag.py
[2022-09-24T07:36:24.900+0000] {processor.py:758} INFO - Processing file /home/airflow/.local/lib/python3.7/site-packages/airflow/example_dags/example_skip_dag.py for tasks to queue
[2022-09-24T07:36:24.907+0000] {logging_mixin.py:117} INFO - [2022-09-24T07:36:24.907+0000] {dagbag.py:525} INFO - Filling up the DagBag from /home/airflow/.local/lib/python3.7/site-packages/airflow/example_dags/example_skip_dag.py
[2022-09-24T07:36:24.941+0000] {processor.py:768} INFO - DAG(s) dict_keys(['example_skip_dag']) retrieved from /home/airflow/.local/lib/python3.7/site-packages/airflow/example_dags/example_skip_dag.py
[2022-09-24T07:36:25.028+0000] {logging_mixin.py:117} INFO - [2022-09-24T07:36:25.028+0000] {dag.py:2573} INFO - Sync 1 DAGs
[2022-09-24T07:36:25.070+0000] {logging_mixin.py:117} INFO - [2022-09-24T07:36:25.070+0000] {dag.py:3328} INFO - Setting next_dagrun for example_skip_dag to 2022-09-23T07:36:25.070587+00:00, run_after=2022-09-24T07:36:25.070587+00:00
[2022-09-24T07:36:25.111+0000] {processor.py:178} INFO - Processing /home/airflow/.local/lib/python3.7/site-packages/airflow/example_dags/example_skip_dag.py took 0.225 seconds
[2022-09-24T07:39:17.538+0000] {processor.py:156} INFO - Started process (PID=32529) to work on /home/airflow/.local/lib/python3.7/site-packages/airflow/example_dags/example_skip_dag.py
[2022-09-24T07:39:17.540+0000] {processor.py:758} INFO - Processing file /home/airflow/.local/lib/python3.7/site-packages/airflow/example_dags/example_skip_dag.py for tasks to queue
[2022-09-24T07:39:17.543+0000] {logging_mixin.py:117} INFO - [2022-09-24T07:39:17.542+0000] {dagbag.py:525} INFO - Filling up the DagBag from /home/airflow/.local/lib/python3.7/site-packages/airflow/example_dags/example_skip_dag.py
[2022-09-24T07:39:17.555+0000] {processor.py:768} INFO - DAG(s) dict_keys(['example_skip_dag']) retrieved from /home/airflow/.local/lib/python3.7/site-packages/airflow/example_dags/example_skip_dag.py
[2022-09-24T07:39:17.599+0000] {logging_mixin.py:117} INFO - [2022-09-24T07:39:17.599+0000] {dag.py:2573} INFO - Sync 1 DAGs
[2022-09-24T07:39:17.632+0000] {logging_mixin.py:117} INFO - [2022-09-24T07:39:17.632+0000] {dag.py:3328} INFO - Setting next_dagrun for example_skip_dag to 2022-09-23T07:39:17.632680+00:00, run_after=2022-09-24T07:39:17.632680+00:00
[2022-09-24T07:39:17.655+0000] {processor.py:178} INFO - Processing /home/airflow/.local/lib/python3.7/site-packages/airflow/example_dags/example_skip_dag.py took 0.120 seconds
[2022-09-24T07:39:48.178+0000] {processor.py:156} INFO - Started process (PID=32592) to work on /home/airflow/.local/lib/python3.7/site-packages/airflow/example_dags/example_skip_dag.py
[2022-09-24T07:39:48.180+0000] {processor.py:758} INFO - Processing file /home/airflow/.local/lib/python3.7/site-packages/airflow/example_dags/example_skip_dag.py for tasks to queue
[2022-09-24T07:39:48.181+0000] {logging_mixin.py:117} INFO - [2022-09-24T07:39:48.181+0000] {dagbag.py:525} INFO - Filling up the DagBag from /home/airflow/.local/lib/python3.7/site-packages/airflow/example_dags/example_skip_dag.py
[2022-09-24T07:39:48.190+0000] {processor.py:768} INFO - DAG(s) dict_keys(['example_skip_dag']) retrieved from /home/airflow/.local/lib/python3.7/site-packages/airflow/example_dags/example_skip_dag.py
[2022-09-24T07:39:48.218+0000] {logging_mixin.py:117} INFO - [2022-09-24T07:39:48.218+0000] {dag.py:2573} INFO - Sync 1 DAGs
[2022-09-24T07:39:48.233+0000] {logging_mixin.py:117} INFO - [2022-09-24T07:39:48.233+0000] {dag.py:3328} INFO - Setting next_dagrun for example_skip_dag to 2022-09-23T07:39:48.233290+00:00, run_after=2022-09-24T07:39:48.233290+00:00
[2022-09-24T07:39:48.248+0000] {processor.py:178} INFO - Processing /home/airflow/.local/lib/python3.7/site-packages/airflow/example_dags/example_skip_dag.py took 0.072 seconds
[2022-09-24T07:40:18.440+0000] {processor.py:156} INFO - Started process (PID=32657) to work on /home/airflow/.local/lib/python3.7/site-packages/airflow/example_dags/example_skip_dag.py
[2022-09-24T07:40:18.442+0000] {processor.py:758} INFO - Processing file /home/airflow/.local/lib/python3.7/site-packages/airflow/example_dags/example_skip_dag.py for tasks to queue
[2022-09-24T07:40:18.444+0000] {logging_mixin.py:117} INFO - [2022-09-24T07:40:18.444+0000] {dagbag.py:525} INFO - Filling up the DagBag from /home/airflow/.local/lib/python3.7/site-packages/airflow/example_dags/example_skip_dag.py
[2022-09-24T07:40:18.454+0000] {processor.py:768} INFO - DAG(s) dict_keys(['example_skip_dag']) retrieved from /home/airflow/.local/lib/python3.7/site-packages/airflow/example_dags/example_skip_dag.py
[2022-09-24T07:40:18.485+0000] {logging_mixin.py:117} INFO - [2022-09-24T07:40:18.485+0000] {dag.py:2573} INFO - Sync 1 DAGs
[2022-09-24T07:40:18.499+0000] {logging_mixin.py:117} INFO - [2022-09-24T07:40:18.499+0000] {dag.py:3328} INFO - Setting next_dagrun for example_skip_dag to 2022-09-23T07:40:18.499684+00:00, run_after=2022-09-24T07:40:18.499684+00:00
[2022-09-24T07:40:18.512+0000] {processor.py:178} INFO - Processing /home/airflow/.local/lib/python3.7/site-packages/airflow/example_dags/example_skip_dag.py took 0.074 seconds
[2022-09-24T07:40:48.890+0000] {processor.py:156} INFO - Started process (PID=32720) to work on /home/airflow/.local/lib/python3.7/site-packages/airflow/example_dags/example_skip_dag.py
[2022-09-24T07:40:48.892+0000] {processor.py:758} INFO - Processing file /home/airflow/.local/lib/python3.7/site-packages/airflow/example_dags/example_skip_dag.py for tasks to queue
[2022-09-24T07:40:48.893+0000] {logging_mixin.py:117} INFO - [2022-09-24T07:40:48.893+0000] {dagbag.py:525} INFO - Filling up the DagBag from /home/airflow/.local/lib/python3.7/site-packages/airflow/example_dags/example_skip_dag.py
[2022-09-24T07:40:48.910+0000] {processor.py:768} INFO - DAG(s) dict_keys(['example_skip_dag']) retrieved from /home/airflow/.local/lib/python3.7/site-packages/airflow/example_dags/example_skip_dag.py
[2022-09-24T07:40:48.948+0000] {logging_mixin.py:117} INFO - [2022-09-24T07:40:48.947+0000] {dag.py:2573} INFO - Sync 1 DAGs
[2022-09-24T07:40:48.967+0000] {logging_mixin.py:117} INFO - [2022-09-24T07:40:48.967+0000] {dag.py:3328} INFO - Setting next_dagrun for example_skip_dag to 2022-09-23T07:40:48.967174+00:00, run_after=2022-09-24T07:40:48.967174+00:00
[2022-09-24T07:40:48.985+0000] {processor.py:178} INFO - Processing /home/airflow/.local/lib/python3.7/site-packages/airflow/example_dags/example_skip_dag.py took 0.101 seconds
[2022-09-24T07:41:19.385+0000] {processor.py:156} INFO - Started process (PID=32774) to work on /home/airflow/.local/lib/python3.7/site-packages/airflow/example_dags/example_skip_dag.py
[2022-09-24T07:41:19.387+0000] {processor.py:758} INFO - Processing file /home/airflow/.local/lib/python3.7/site-packages/airflow/example_dags/example_skip_dag.py for tasks to queue
[2022-09-24T07:41:19.388+0000] {logging_mixin.py:117} INFO - [2022-09-24T07:41:19.388+0000] {dagbag.py:525} INFO - Filling up the DagBag from /home/airflow/.local/lib/python3.7/site-packages/airflow/example_dags/example_skip_dag.py
[2022-09-24T07:41:19.400+0000] {processor.py:768} INFO - DAG(s) dict_keys(['example_skip_dag']) retrieved from /home/airflow/.local/lib/python3.7/site-packages/airflow/example_dags/example_skip_dag.py
[2022-09-24T07:41:19.431+0000] {logging_mixin.py:117} INFO - [2022-09-24T07:41:19.431+0000] {dag.py:2573} INFO - Sync 1 DAGs
[2022-09-24T07:41:19.448+0000] {logging_mixin.py:117} INFO - [2022-09-24T07:41:19.448+0000] {dag.py:3328} INFO - Setting next_dagrun for example_skip_dag to 2022-09-23T07:41:19.448482+00:00, run_after=2022-09-24T07:41:19.448482+00:00
[2022-09-24T07:41:19.462+0000] {processor.py:178} INFO - Processing /home/airflow/.local/lib/python3.7/site-packages/airflow/example_dags/example_skip_dag.py took 0.080 seconds
[2022-09-24T07:41:49.701+0000] {processor.py:156} INFO - Started process (PID=32837) to work on /home/airflow/.local/lib/python3.7/site-packages/airflow/example_dags/example_skip_dag.py
[2022-09-24T07:41:49.702+0000] {processor.py:758} INFO - Processing file /home/airflow/.local/lib/python3.7/site-packages/airflow/example_dags/example_skip_dag.py for tasks to queue
[2022-09-24T07:41:49.704+0000] {logging_mixin.py:117} INFO - [2022-09-24T07:41:49.704+0000] {dagbag.py:525} INFO - Filling up the DagBag from /home/airflow/.local/lib/python3.7/site-packages/airflow/example_dags/example_skip_dag.py
[2022-09-24T07:41:49.714+0000] {processor.py:768} INFO - DAG(s) dict_keys(['example_skip_dag']) retrieved from /home/airflow/.local/lib/python3.7/site-packages/airflow/example_dags/example_skip_dag.py
[2022-09-24T07:41:49.742+0000] {logging_mixin.py:117} INFO - [2022-09-24T07:41:49.742+0000] {dag.py:2573} INFO - Sync 1 DAGs
[2022-09-24T07:41:49.758+0000] {logging_mixin.py:117} INFO - [2022-09-24T07:41:49.758+0000] {dag.py:3328} INFO - Setting next_dagrun for example_skip_dag to 2022-09-23T07:41:49.758183+00:00, run_after=2022-09-24T07:41:49.758183+00:00
[2022-09-24T07:41:49.770+0000] {processor.py:178} INFO - Processing /home/airflow/.local/lib/python3.7/site-packages/airflow/example_dags/example_skip_dag.py took 0.071 seconds
[2022-09-24T07:42:20.060+0000] {processor.py:156} INFO - Started process (PID=32900) to work on /home/airflow/.local/lib/python3.7/site-packages/airflow/example_dags/example_skip_dag.py
[2022-09-24T07:42:20.062+0000] {processor.py:758} INFO - Processing file /home/airflow/.local/lib/python3.7/site-packages/airflow/example_dags/example_skip_dag.py for tasks to queue
[2022-09-24T07:42:20.063+0000] {logging_mixin.py:117} INFO - [2022-09-24T07:42:20.063+0000] {dagbag.py:525} INFO - Filling up the DagBag from /home/airflow/.local/lib/python3.7/site-packages/airflow/example_dags/example_skip_dag.py
[2022-09-24T07:42:20.074+0000] {processor.py:768} INFO - DAG(s) dict_keys(['example_skip_dag']) retrieved from /home/airflow/.local/lib/python3.7/site-packages/airflow/example_dags/example_skip_dag.py
[2022-09-24T07:42:20.101+0000] {logging_mixin.py:117} INFO - [2022-09-24T07:42:20.101+0000] {dag.py:2573} INFO - Sync 1 DAGs
[2022-09-24T07:42:20.115+0000] {logging_mixin.py:117} INFO - [2022-09-24T07:42:20.115+0000] {dag.py:3328} INFO - Setting next_dagrun for example_skip_dag to 2022-09-23T07:42:20.115687+00:00, run_after=2022-09-24T07:42:20.115687+00:00
[2022-09-24T07:42:20.127+0000] {processor.py:178} INFO - Processing /home/airflow/.local/lib/python3.7/site-packages/airflow/example_dags/example_skip_dag.py took 0.070 seconds
[2022-09-24T07:42:50.268+0000] {processor.py:156} INFO - Started process (PID=32963) to work on /home/airflow/.local/lib/python3.7/site-packages/airflow/example_dags/example_skip_dag.py
[2022-09-24T07:42:50.270+0000] {processor.py:758} INFO - Processing file /home/airflow/.local/lib/python3.7/site-packages/airflow/example_dags/example_skip_dag.py for tasks to queue
[2022-09-24T07:42:50.271+0000] {logging_mixin.py:117} INFO - [2022-09-24T07:42:50.271+0000] {dagbag.py:525} INFO - Filling up the DagBag from /home/airflow/.local/lib/python3.7/site-packages/airflow/example_dags/example_skip_dag.py
[2022-09-24T07:42:50.281+0000] {processor.py:768} INFO - DAG(s) dict_keys(['example_skip_dag']) retrieved from /home/airflow/.local/lib/python3.7/site-packages/airflow/example_dags/example_skip_dag.py
[2022-09-24T07:42:50.305+0000] {logging_mixin.py:117} INFO - [2022-09-24T07:42:50.305+0000] {dag.py:2573} INFO - Sync 1 DAGs
[2022-09-24T07:42:50.321+0000] {logging_mixin.py:117} INFO - [2022-09-24T07:42:50.321+0000] {dag.py:3328} INFO - Setting next_dagrun for example_skip_dag to 2022-09-23T07:42:50.321180+00:00, run_after=2022-09-24T07:42:50.321180+00:00
[2022-09-24T07:42:50.336+0000] {processor.py:178} INFO - Processing /home/airflow/.local/lib/python3.7/site-packages/airflow/example_dags/example_skip_dag.py took 0.071 seconds
[2022-09-24T07:43:20.577+0000] {processor.py:156} INFO - Started process (PID=33026) to work on /home/airflow/.local/lib/python3.7/site-packages/airflow/example_dags/example_skip_dag.py
[2022-09-24T07:43:20.579+0000] {processor.py:758} INFO - Processing file /home/airflow/.local/lib/python3.7/site-packages/airflow/example_dags/example_skip_dag.py for tasks to queue
[2022-09-24T07:43:20.580+0000] {logging_mixin.py:117} INFO - [2022-09-24T07:43:20.580+0000] {dagbag.py:525} INFO - Filling up the DagBag from /home/airflow/.local/lib/python3.7/site-packages/airflow/example_dags/example_skip_dag.py
[2022-09-24T07:43:20.591+0000] {processor.py:768} INFO - DAG(s) dict_keys(['example_skip_dag']) retrieved from /home/airflow/.local/lib/python3.7/site-packages/airflow/example_dags/example_skip_dag.py
[2022-09-24T07:43:20.617+0000] {logging_mixin.py:117} INFO - [2022-09-24T07:43:20.617+0000] {dag.py:2573} INFO - Sync 1 DAGs
[2022-09-24T07:43:20.633+0000] {logging_mixin.py:117} INFO - [2022-09-24T07:43:20.633+0000] {dag.py:3328} INFO - Setting next_dagrun for example_skip_dag to 2022-09-23T07:43:20.633538+00:00, run_after=2022-09-24T07:43:20.633538+00:00
[2022-09-24T07:43:20.645+0000] {processor.py:178} INFO - Processing /home/airflow/.local/lib/python3.7/site-packages/airflow/example_dags/example_skip_dag.py took 0.070 seconds
[2022-09-24T07:43:50.700+0000] {processor.py:156} INFO - Started process (PID=33080) to work on /home/airflow/.local/lib/python3.7/site-packages/airflow/example_dags/example_skip_dag.py
[2022-09-24T07:43:50.702+0000] {processor.py:758} INFO - Processing file /home/airflow/.local/lib/python3.7/site-packages/airflow/example_dags/example_skip_dag.py for tasks to queue
[2022-09-24T07:43:50.703+0000] {logging_mixin.py:117} INFO - [2022-09-24T07:43:50.703+0000] {dagbag.py:525} INFO - Filling up the DagBag from /home/airflow/.local/lib/python3.7/site-packages/airflow/example_dags/example_skip_dag.py
[2022-09-24T07:43:50.713+0000] {processor.py:768} INFO - DAG(s) dict_keys(['example_skip_dag']) retrieved from /home/airflow/.local/lib/python3.7/site-packages/airflow/example_dags/example_skip_dag.py
[2022-09-24T07:43:50.740+0000] {logging_mixin.py:117} INFO - [2022-09-24T07:43:50.740+0000] {dag.py:2573} INFO - Sync 1 DAGs
[2022-09-24T07:43:50.757+0000] {logging_mixin.py:117} INFO - [2022-09-24T07:43:50.757+0000] {dag.py:3328} INFO - Setting next_dagrun for example_skip_dag to 2022-09-23T07:43:50.757479+00:00, run_after=2022-09-24T07:43:50.757479+00:00
[2022-09-24T07:43:50.774+0000] {processor.py:178} INFO - Processing /home/airflow/.local/lib/python3.7/site-packages/airflow/example_dags/example_skip_dag.py took 0.076 seconds
[2022-09-24T07:44:21.028+0000] {processor.py:156} INFO - Started process (PID=33142) to work on /home/airflow/.local/lib/python3.7/site-packages/airflow/example_dags/example_skip_dag.py
[2022-09-24T07:44:21.030+0000] {processor.py:758} INFO - Processing file /home/airflow/.local/lib/python3.7/site-packages/airflow/example_dags/example_skip_dag.py for tasks to queue
[2022-09-24T07:44:21.031+0000] {logging_mixin.py:117} INFO - [2022-09-24T07:44:21.031+0000] {dagbag.py:525} INFO - Filling up the DagBag from /home/airflow/.local/lib/python3.7/site-packages/airflow/example_dags/example_skip_dag.py
[2022-09-24T07:44:21.044+0000] {processor.py:768} INFO - DAG(s) dict_keys(['example_skip_dag']) retrieved from /home/airflow/.local/lib/python3.7/site-packages/airflow/example_dags/example_skip_dag.py
[2022-09-24T07:44:21.073+0000] {logging_mixin.py:117} INFO - [2022-09-24T07:44:21.072+0000] {dag.py:2573} INFO - Sync 1 DAGs
[2022-09-24T07:44:21.090+0000] {logging_mixin.py:117} INFO - [2022-09-24T07:44:21.089+0000] {dag.py:3328} INFO - Setting next_dagrun for example_skip_dag to 2022-09-23T07:44:21.089795+00:00, run_after=2022-09-24T07:44:21.089795+00:00
[2022-09-24T07:44:21.102+0000] {processor.py:178} INFO - Processing /home/airflow/.local/lib/python3.7/site-packages/airflow/example_dags/example_skip_dag.py took 0.076 seconds
[2022-09-24T07:44:51.314+0000] {processor.py:156} INFO - Started process (PID=33206) to work on /home/airflow/.local/lib/python3.7/site-packages/airflow/example_dags/example_skip_dag.py
[2022-09-24T07:44:51.315+0000] {processor.py:758} INFO - Processing file /home/airflow/.local/lib/python3.7/site-packages/airflow/example_dags/example_skip_dag.py for tasks to queue
[2022-09-24T07:44:51.317+0000] {logging_mixin.py:117} INFO - [2022-09-24T07:44:51.317+0000] {dagbag.py:525} INFO - Filling up the DagBag from /home/airflow/.local/lib/python3.7/site-packages/airflow/example_dags/example_skip_dag.py
[2022-09-24T07:44:51.330+0000] {processor.py:768} INFO - DAG(s) dict_keys(['example_skip_dag']) retrieved from /home/airflow/.local/lib/python3.7/site-packages/airflow/example_dags/example_skip_dag.py
[2022-09-24T07:44:51.357+0000] {logging_mixin.py:117} INFO - [2022-09-24T07:44:51.357+0000] {dag.py:2573} INFO - Sync 1 DAGs
[2022-09-24T07:44:51.373+0000] {logging_mixin.py:117} INFO - [2022-09-24T07:44:51.373+0000] {dag.py:3328} INFO - Setting next_dagrun for example_skip_dag to 2022-09-23T07:44:51.373306+00:00, run_after=2022-09-24T07:44:51.373306+00:00
[2022-09-24T07:44:51.391+0000] {processor.py:178} INFO - Processing /home/airflow/.local/lib/python3.7/site-packages/airflow/example_dags/example_skip_dag.py took 0.081 seconds
[2022-09-24T07:45:21.513+0000] {processor.py:156} INFO - Started process (PID=33270) to work on /home/airflow/.local/lib/python3.7/site-packages/airflow/example_dags/example_skip_dag.py
[2022-09-24T07:45:21.515+0000] {processor.py:758} INFO - Processing file /home/airflow/.local/lib/python3.7/site-packages/airflow/example_dags/example_skip_dag.py for tasks to queue
[2022-09-24T07:45:21.516+0000] {logging_mixin.py:117} INFO - [2022-09-24T07:45:21.516+0000] {dagbag.py:525} INFO - Filling up the DagBag from /home/airflow/.local/lib/python3.7/site-packages/airflow/example_dags/example_skip_dag.py
[2022-09-24T07:45:21.525+0000] {processor.py:768} INFO - DAG(s) dict_keys(['example_skip_dag']) retrieved from /home/airflow/.local/lib/python3.7/site-packages/airflow/example_dags/example_skip_dag.py
[2022-09-24T07:45:21.552+0000] {logging_mixin.py:117} INFO - [2022-09-24T07:45:21.551+0000] {dag.py:2573} INFO - Sync 1 DAGs
[2022-09-24T07:45:21.567+0000] {logging_mixin.py:117} INFO - [2022-09-24T07:45:21.567+0000] {dag.py:3328} INFO - Setting next_dagrun for example_skip_dag to 2022-09-23T07:45:21.566887+00:00, run_after=2022-09-24T07:45:21.566887+00:00
[2022-09-24T07:45:21.580+0000] {processor.py:178} INFO - Processing /home/airflow/.local/lib/python3.7/site-packages/airflow/example_dags/example_skip_dag.py took 0.069 seconds
[2022-09-24T07:45:51.958+0000] {processor.py:156} INFO - Started process (PID=33333) to work on /home/airflow/.local/lib/python3.7/site-packages/airflow/example_dags/example_skip_dag.py
[2022-09-24T07:45:51.960+0000] {processor.py:758} INFO - Processing file /home/airflow/.local/lib/python3.7/site-packages/airflow/example_dags/example_skip_dag.py for tasks to queue
[2022-09-24T07:45:51.961+0000] {logging_mixin.py:117} INFO - [2022-09-24T07:45:51.961+0000] {dagbag.py:525} INFO - Filling up the DagBag from /home/airflow/.local/lib/python3.7/site-packages/airflow/example_dags/example_skip_dag.py
[2022-09-24T07:45:51.970+0000] {processor.py:768} INFO - DAG(s) dict_keys(['example_skip_dag']) retrieved from /home/airflow/.local/lib/python3.7/site-packages/airflow/example_dags/example_skip_dag.py
[2022-09-24T07:45:51.996+0000] {logging_mixin.py:117} INFO - [2022-09-24T07:45:51.996+0000] {dag.py:2573} INFO - Sync 1 DAGs
[2022-09-24T07:45:52.011+0000] {logging_mixin.py:117} INFO - [2022-09-24T07:45:52.010+0000] {dag.py:3328} INFO - Setting next_dagrun for example_skip_dag to 2022-09-23T07:45:52.010868+00:00, run_after=2022-09-24T07:45:52.010868+00:00
[2022-09-24T07:45:52.021+0000] {processor.py:178} INFO - Processing /home/airflow/.local/lib/python3.7/site-packages/airflow/example_dags/example_skip_dag.py took 0.065 seconds
[2022-09-24T07:46:22.221+0000] {processor.py:156} INFO - Started process (PID=33396) to work on /home/airflow/.local/lib/python3.7/site-packages/airflow/example_dags/example_skip_dag.py
[2022-09-24T07:46:22.222+0000] {processor.py:758} INFO - Processing file /home/airflow/.local/lib/python3.7/site-packages/airflow/example_dags/example_skip_dag.py for tasks to queue
[2022-09-24T07:46:22.223+0000] {logging_mixin.py:117} INFO - [2022-09-24T07:46:22.223+0000] {dagbag.py:525} INFO - Filling up the DagBag from /home/airflow/.local/lib/python3.7/site-packages/airflow/example_dags/example_skip_dag.py
[2022-09-24T07:46:22.232+0000] {processor.py:768} INFO - DAG(s) dict_keys(['example_skip_dag']) retrieved from /home/airflow/.local/lib/python3.7/site-packages/airflow/example_dags/example_skip_dag.py
[2022-09-24T07:46:22.257+0000] {logging_mixin.py:117} INFO - [2022-09-24T07:46:22.257+0000] {dag.py:2573} INFO - Sync 1 DAGs
[2022-09-24T07:46:22.270+0000] {logging_mixin.py:117} INFO - [2022-09-24T07:46:22.270+0000] {dag.py:3328} INFO - Setting next_dagrun for example_skip_dag to 2022-09-23T07:46:22.270307+00:00, run_after=2022-09-24T07:46:22.270307+00:00
[2022-09-24T07:46:22.280+0000] {processor.py:178} INFO - Processing /home/airflow/.local/lib/python3.7/site-packages/airflow/example_dags/example_skip_dag.py took 0.062 seconds
[2022-09-24T07:46:52.619+0000] {processor.py:156} INFO - Started process (PID=33450) to work on /home/airflow/.local/lib/python3.7/site-packages/airflow/example_dags/example_skip_dag.py
[2022-09-24T07:46:52.621+0000] {processor.py:758} INFO - Processing file /home/airflow/.local/lib/python3.7/site-packages/airflow/example_dags/example_skip_dag.py for tasks to queue
[2022-09-24T07:46:52.622+0000] {logging_mixin.py:117} INFO - [2022-09-24T07:46:52.622+0000] {dagbag.py:525} INFO - Filling up the DagBag from /home/airflow/.local/lib/python3.7/site-packages/airflow/example_dags/example_skip_dag.py
[2022-09-24T07:46:52.631+0000] {processor.py:768} INFO - DAG(s) dict_keys(['example_skip_dag']) retrieved from /home/airflow/.local/lib/python3.7/site-packages/airflow/example_dags/example_skip_dag.py
[2022-09-24T07:46:52.658+0000] {logging_mixin.py:117} INFO - [2022-09-24T07:46:52.658+0000] {dag.py:2573} INFO - Sync 1 DAGs
[2022-09-24T07:46:52.673+0000] {logging_mixin.py:117} INFO - [2022-09-24T07:46:52.673+0000] {dag.py:3328} INFO - Setting next_dagrun for example_skip_dag to 2022-09-23T07:46:52.673025+00:00, run_after=2022-09-24T07:46:52.673025+00:00
[2022-09-24T07:46:52.687+0000] {processor.py:178} INFO - Processing /home/airflow/.local/lib/python3.7/site-packages/airflow/example_dags/example_skip_dag.py took 0.070 seconds
[2022-09-24T08:22:51.676+0000] {processor.py:156} INFO - Started process (PID=33514) to work on /home/airflow/.local/lib/python3.7/site-packages/airflow/example_dags/example_skip_dag.py
[2022-09-24T08:22:51.681+0000] {processor.py:758} INFO - Processing file /home/airflow/.local/lib/python3.7/site-packages/airflow/example_dags/example_skip_dag.py for tasks to queue
[2022-09-24T08:22:51.682+0000] {logging_mixin.py:117} INFO - [2022-09-24T08:22:51.682+0000] {dagbag.py:525} INFO - Filling up the DagBag from /home/airflow/.local/lib/python3.7/site-packages/airflow/example_dags/example_skip_dag.py
[2022-09-24T08:22:51.698+0000] {processor.py:768} INFO - DAG(s) dict_keys(['example_skip_dag']) retrieved from /home/airflow/.local/lib/python3.7/site-packages/airflow/example_dags/example_skip_dag.py
[2022-09-24T08:22:51.768+0000] {logging_mixin.py:117} INFO - [2022-09-24T08:22:51.768+0000] {dag.py:2573} INFO - Sync 1 DAGs
[2022-09-24T08:22:51.799+0000] {logging_mixin.py:117} INFO - [2022-09-24T08:22:51.799+0000] {dag.py:3328} INFO - Setting next_dagrun for example_skip_dag to 2022-09-23T08:22:51.799531+00:00, run_after=2022-09-24T08:22:51.799531+00:00
[2022-09-24T08:22:51.830+0000] {processor.py:178} INFO - Processing /home/airflow/.local/lib/python3.7/site-packages/airflow/example_dags/example_skip_dag.py took 0.161 seconds
[2022-09-24T08:25:48.160+0000] {processor.py:156} INFO - Started process (PID=33577) to work on /home/airflow/.local/lib/python3.7/site-packages/airflow/example_dags/example_skip_dag.py
[2022-09-24T08:25:48.163+0000] {processor.py:758} INFO - Processing file /home/airflow/.local/lib/python3.7/site-packages/airflow/example_dags/example_skip_dag.py for tasks to queue
[2022-09-24T08:25:48.164+0000] {logging_mixin.py:117} INFO - [2022-09-24T08:25:48.164+0000] {dagbag.py:525} INFO - Filling up the DagBag from /home/airflow/.local/lib/python3.7/site-packages/airflow/example_dags/example_skip_dag.py
[2022-09-24T08:25:48.184+0000] {processor.py:768} INFO - DAG(s) dict_keys(['example_skip_dag']) retrieved from /home/airflow/.local/lib/python3.7/site-packages/airflow/example_dags/example_skip_dag.py
[2022-09-24T08:25:48.231+0000] {logging_mixin.py:117} INFO - [2022-09-24T08:25:48.231+0000] {dag.py:2573} INFO - Sync 1 DAGs
[2022-09-24T08:25:48.260+0000] {logging_mixin.py:117} INFO - [2022-09-24T08:25:48.260+0000] {dag.py:3328} INFO - Setting next_dagrun for example_skip_dag to 2022-09-23T08:25:48.260038+00:00, run_after=2022-09-24T08:25:48.260038+00:00
[2022-09-24T08:25:48.282+0000] {processor.py:178} INFO - Processing /home/airflow/.local/lib/python3.7/site-packages/airflow/example_dags/example_skip_dag.py took 0.124 seconds
[2022-09-24T08:26:19.067+0000] {processor.py:156} INFO - Started process (PID=33631) to work on /home/airflow/.local/lib/python3.7/site-packages/airflow/example_dags/example_skip_dag.py
[2022-09-24T08:26:19.069+0000] {processor.py:758} INFO - Processing file /home/airflow/.local/lib/python3.7/site-packages/airflow/example_dags/example_skip_dag.py for tasks to queue
[2022-09-24T08:26:19.070+0000] {logging_mixin.py:117} INFO - [2022-09-24T08:26:19.070+0000] {dagbag.py:525} INFO - Filling up the DagBag from /home/airflow/.local/lib/python3.7/site-packages/airflow/example_dags/example_skip_dag.py
[2022-09-24T08:26:19.079+0000] {processor.py:768} INFO - DAG(s) dict_keys(['example_skip_dag']) retrieved from /home/airflow/.local/lib/python3.7/site-packages/airflow/example_dags/example_skip_dag.py
[2022-09-24T08:26:19.105+0000] {logging_mixin.py:117} INFO - [2022-09-24T08:26:19.105+0000] {dag.py:2573} INFO - Sync 1 DAGs
[2022-09-24T08:26:19.120+0000] {logging_mixin.py:117} INFO - [2022-09-24T08:26:19.120+0000] {dag.py:3328} INFO - Setting next_dagrun for example_skip_dag to 2022-09-23T08:26:19.120056+00:00, run_after=2022-09-24T08:26:19.120056+00:00
[2022-09-24T08:26:19.132+0000] {processor.py:178} INFO - Processing /home/airflow/.local/lib/python3.7/site-packages/airflow/example_dags/example_skip_dag.py took 0.069 seconds
[2022-09-24T08:26:49.328+0000] {processor.py:156} INFO - Started process (PID=33694) to work on /home/airflow/.local/lib/python3.7/site-packages/airflow/example_dags/example_skip_dag.py
[2022-09-24T08:26:49.330+0000] {processor.py:758} INFO - Processing file /home/airflow/.local/lib/python3.7/site-packages/airflow/example_dags/example_skip_dag.py for tasks to queue
[2022-09-24T08:26:49.332+0000] {logging_mixin.py:117} INFO - [2022-09-24T08:26:49.332+0000] {dagbag.py:525} INFO - Filling up the DagBag from /home/airflow/.local/lib/python3.7/site-packages/airflow/example_dags/example_skip_dag.py
[2022-09-24T08:26:49.343+0000] {processor.py:768} INFO - DAG(s) dict_keys(['example_skip_dag']) retrieved from /home/airflow/.local/lib/python3.7/site-packages/airflow/example_dags/example_skip_dag.py
[2022-09-24T08:26:49.369+0000] {logging_mixin.py:117} INFO - [2022-09-24T08:26:49.369+0000] {dag.py:2573} INFO - Sync 1 DAGs
[2022-09-24T08:26:49.385+0000] {logging_mixin.py:117} INFO - [2022-09-24T08:26:49.385+0000] {dag.py:3328} INFO - Setting next_dagrun for example_skip_dag to 2022-09-23T08:26:49.385609+00:00, run_after=2022-09-24T08:26:49.385609+00:00
[2022-09-24T08:26:49.400+0000] {processor.py:178} INFO - Processing /home/airflow/.local/lib/python3.7/site-packages/airflow/example_dags/example_skip_dag.py took 0.074 seconds
[2022-09-24T08:27:19.594+0000] {processor.py:156} INFO - Started process (PID=33757) to work on /home/airflow/.local/lib/python3.7/site-packages/airflow/example_dags/example_skip_dag.py
[2022-09-24T08:27:19.595+0000] {processor.py:758} INFO - Processing file /home/airflow/.local/lib/python3.7/site-packages/airflow/example_dags/example_skip_dag.py for tasks to queue
[2022-09-24T08:27:19.596+0000] {logging_mixin.py:117} INFO - [2022-09-24T08:27:19.596+0000] {dagbag.py:525} INFO - Filling up the DagBag from /home/airflow/.local/lib/python3.7/site-packages/airflow/example_dags/example_skip_dag.py
[2022-09-24T08:27:19.606+0000] {processor.py:768} INFO - DAG(s) dict_keys(['example_skip_dag']) retrieved from /home/airflow/.local/lib/python3.7/site-packages/airflow/example_dags/example_skip_dag.py
[2022-09-24T08:27:19.632+0000] {logging_mixin.py:117} INFO - [2022-09-24T08:27:19.632+0000] {dag.py:2573} INFO - Sync 1 DAGs
[2022-09-24T08:27:19.646+0000] {logging_mixin.py:117} INFO - [2022-09-24T08:27:19.646+0000] {dag.py:3328} INFO - Setting next_dagrun for example_skip_dag to 2022-09-23T08:27:19.646546+00:00, run_after=2022-09-24T08:27:19.646546+00:00
[2022-09-24T08:27:19.658+0000] {processor.py:178} INFO - Processing /home/airflow/.local/lib/python3.7/site-packages/airflow/example_dags/example_skip_dag.py took 0.067 seconds
[2022-09-24T08:27:49.908+0000] {processor.py:156} INFO - Started process (PID=33819) to work on /home/airflow/.local/lib/python3.7/site-packages/airflow/example_dags/example_skip_dag.py
[2022-09-24T08:27:49.909+0000] {processor.py:758} INFO - Processing file /home/airflow/.local/lib/python3.7/site-packages/airflow/example_dags/example_skip_dag.py for tasks to queue
[2022-09-24T08:27:49.910+0000] {logging_mixin.py:117} INFO - [2022-09-24T08:27:49.910+0000] {dagbag.py:525} INFO - Filling up the DagBag from /home/airflow/.local/lib/python3.7/site-packages/airflow/example_dags/example_skip_dag.py
[2022-09-24T08:27:49.920+0000] {processor.py:768} INFO - DAG(s) dict_keys(['example_skip_dag']) retrieved from /home/airflow/.local/lib/python3.7/site-packages/airflow/example_dags/example_skip_dag.py
[2022-09-24T08:27:49.946+0000] {logging_mixin.py:117} INFO - [2022-09-24T08:27:49.946+0000] {dag.py:2573} INFO - Sync 1 DAGs
[2022-09-24T08:27:49.960+0000] {logging_mixin.py:117} INFO - [2022-09-24T08:27:49.960+0000] {dag.py:3328} INFO - Setting next_dagrun for example_skip_dag to 2022-09-23T08:27:49.960695+00:00, run_after=2022-09-24T08:27:49.960695+00:00
[2022-09-24T08:27:49.973+0000] {processor.py:178} INFO - Processing /home/airflow/.local/lib/python3.7/site-packages/airflow/example_dags/example_skip_dag.py took 0.067 seconds
[2022-09-24T08:28:20.200+0000] {processor.py:156} INFO - Started process (PID=33883) to work on /home/airflow/.local/lib/python3.7/site-packages/airflow/example_dags/example_skip_dag.py
[2022-09-24T08:28:20.201+0000] {processor.py:758} INFO - Processing file /home/airflow/.local/lib/python3.7/site-packages/airflow/example_dags/example_skip_dag.py for tasks to queue
[2022-09-24T08:28:20.202+0000] {logging_mixin.py:117} INFO - [2022-09-24T08:28:20.202+0000] {dagbag.py:525} INFO - Filling up the DagBag from /home/airflow/.local/lib/python3.7/site-packages/airflow/example_dags/example_skip_dag.py
[2022-09-24T08:28:20.211+0000] {processor.py:768} INFO - DAG(s) dict_keys(['example_skip_dag']) retrieved from /home/airflow/.local/lib/python3.7/site-packages/airflow/example_dags/example_skip_dag.py
[2022-09-24T08:28:20.238+0000] {logging_mixin.py:117} INFO - [2022-09-24T08:28:20.238+0000] {dag.py:2573} INFO - Sync 1 DAGs
[2022-09-24T08:28:20.253+0000] {logging_mixin.py:117} INFO - [2022-09-24T08:28:20.252+0000] {dag.py:3328} INFO - Setting next_dagrun for example_skip_dag to 2022-09-23T08:28:20.252793+00:00, run_after=2022-09-24T08:28:20.252793+00:00
[2022-09-24T08:28:20.266+0000] {processor.py:178} INFO - Processing /home/airflow/.local/lib/python3.7/site-packages/airflow/example_dags/example_skip_dag.py took 0.068 seconds
[2022-09-24T08:28:50.468+0000] {processor.py:156} INFO - Started process (PID=33946) to work on /home/airflow/.local/lib/python3.7/site-packages/airflow/example_dags/example_skip_dag.py
[2022-09-24T08:28:50.470+0000] {processor.py:758} INFO - Processing file /home/airflow/.local/lib/python3.7/site-packages/airflow/example_dags/example_skip_dag.py for tasks to queue
[2022-09-24T08:28:50.471+0000] {logging_mixin.py:117} INFO - [2022-09-24T08:28:50.471+0000] {dagbag.py:525} INFO - Filling up the DagBag from /home/airflow/.local/lib/python3.7/site-packages/airflow/example_dags/example_skip_dag.py
[2022-09-24T08:28:50.481+0000] {processor.py:768} INFO - DAG(s) dict_keys(['example_skip_dag']) retrieved from /home/airflow/.local/lib/python3.7/site-packages/airflow/example_dags/example_skip_dag.py
[2022-09-24T08:28:50.507+0000] {logging_mixin.py:117} INFO - [2022-09-24T08:28:50.506+0000] {dag.py:2573} INFO - Sync 1 DAGs
[2022-09-24T08:28:50.522+0000] {logging_mixin.py:117} INFO - [2022-09-24T08:28:50.522+0000] {dag.py:3328} INFO - Setting next_dagrun for example_skip_dag to 2022-09-23T08:28:50.522309+00:00, run_after=2022-09-24T08:28:50.522309+00:00
[2022-09-24T08:28:50.536+0000] {processor.py:178} INFO - Processing /home/airflow/.local/lib/python3.7/site-packages/airflow/example_dags/example_skip_dag.py took 0.070 seconds
[2022-09-24T08:29:21.052+0000] {processor.py:156} INFO - Started process (PID=34000) to work on /home/airflow/.local/lib/python3.7/site-packages/airflow/example_dags/example_skip_dag.py
[2022-09-24T08:29:21.054+0000] {processor.py:758} INFO - Processing file /home/airflow/.local/lib/python3.7/site-packages/airflow/example_dags/example_skip_dag.py for tasks to queue
[2022-09-24T08:29:21.055+0000] {logging_mixin.py:117} INFO - [2022-09-24T08:29:21.055+0000] {dagbag.py:525} INFO - Filling up the DagBag from /home/airflow/.local/lib/python3.7/site-packages/airflow/example_dags/example_skip_dag.py
[2022-09-24T08:29:21.066+0000] {processor.py:768} INFO - DAG(s) dict_keys(['example_skip_dag']) retrieved from /home/airflow/.local/lib/python3.7/site-packages/airflow/example_dags/example_skip_dag.py
[2022-09-24T08:29:21.093+0000] {logging_mixin.py:117} INFO - [2022-09-24T08:29:21.093+0000] {dag.py:2573} INFO - Sync 1 DAGs
[2022-09-24T08:29:21.109+0000] {logging_mixin.py:117} INFO - [2022-09-24T08:29:21.109+0000] {dag.py:3328} INFO - Setting next_dagrun for example_skip_dag to 2022-09-23T08:29:21.108921+00:00, run_after=2022-09-24T08:29:21.108921+00:00
[2022-09-24T08:29:21.121+0000] {processor.py:178} INFO - Processing /home/airflow/.local/lib/python3.7/site-packages/airflow/example_dags/example_skip_dag.py took 0.073 seconds
[2022-09-24T08:29:51.408+0000] {processor.py:156} INFO - Started process (PID=34064) to work on /home/airflow/.local/lib/python3.7/site-packages/airflow/example_dags/example_skip_dag.py
[2022-09-24T08:29:51.409+0000] {processor.py:758} INFO - Processing file /home/airflow/.local/lib/python3.7/site-packages/airflow/example_dags/example_skip_dag.py for tasks to queue
[2022-09-24T08:29:51.411+0000] {logging_mixin.py:117} INFO - [2022-09-24T08:29:51.411+0000] {dagbag.py:525} INFO - Filling up the DagBag from /home/airflow/.local/lib/python3.7/site-packages/airflow/example_dags/example_skip_dag.py
[2022-09-24T08:29:51.423+0000] {processor.py:768} INFO - DAG(s) dict_keys(['example_skip_dag']) retrieved from /home/airflow/.local/lib/python3.7/site-packages/airflow/example_dags/example_skip_dag.py
[2022-09-24T08:29:51.451+0000] {logging_mixin.py:117} INFO - [2022-09-24T08:29:51.451+0000] {dag.py:2573} INFO - Sync 1 DAGs
[2022-09-24T08:29:51.468+0000] {logging_mixin.py:117} INFO - [2022-09-24T08:29:51.468+0000] {dag.py:3328} INFO - Setting next_dagrun for example_skip_dag to 2022-09-23T08:29:51.468629+00:00, run_after=2022-09-24T08:29:51.468629+00:00
[2022-09-24T08:29:51.485+0000] {processor.py:178} INFO - Processing /home/airflow/.local/lib/python3.7/site-packages/airflow/example_dags/example_skip_dag.py took 0.080 seconds
[2022-09-24T08:30:21.632+0000] {processor.py:156} INFO - Started process (PID=34127) to work on /home/airflow/.local/lib/python3.7/site-packages/airflow/example_dags/example_skip_dag.py
[2022-09-24T08:30:21.634+0000] {processor.py:758} INFO - Processing file /home/airflow/.local/lib/python3.7/site-packages/airflow/example_dags/example_skip_dag.py for tasks to queue
[2022-09-24T08:30:21.635+0000] {logging_mixin.py:117} INFO - [2022-09-24T08:30:21.635+0000] {dagbag.py:525} INFO - Filling up the DagBag from /home/airflow/.local/lib/python3.7/site-packages/airflow/example_dags/example_skip_dag.py
[2022-09-24T08:30:21.644+0000] {processor.py:768} INFO - DAG(s) dict_keys(['example_skip_dag']) retrieved from /home/airflow/.local/lib/python3.7/site-packages/airflow/example_dags/example_skip_dag.py
[2022-09-24T08:30:21.671+0000] {logging_mixin.py:117} INFO - [2022-09-24T08:30:21.671+0000] {dag.py:2573} INFO - Sync 1 DAGs
[2022-09-24T08:30:21.687+0000] {logging_mixin.py:117} INFO - [2022-09-24T08:30:21.687+0000] {dag.py:3328} INFO - Setting next_dagrun for example_skip_dag to 2022-09-23T08:30:21.686926+00:00, run_after=2022-09-24T08:30:21.686926+00:00
[2022-09-24T08:30:21.702+0000] {processor.py:178} INFO - Processing /home/airflow/.local/lib/python3.7/site-packages/airflow/example_dags/example_skip_dag.py took 0.072 seconds
[2022-09-24T08:30:51.889+0000] {processor.py:156} INFO - Started process (PID=34191) to work on /home/airflow/.local/lib/python3.7/site-packages/airflow/example_dags/example_skip_dag.py
[2022-09-24T08:30:51.891+0000] {processor.py:758} INFO - Processing file /home/airflow/.local/lib/python3.7/site-packages/airflow/example_dags/example_skip_dag.py for tasks to queue
[2022-09-24T08:30:51.892+0000] {logging_mixin.py:117} INFO - [2022-09-24T08:30:51.892+0000] {dagbag.py:525} INFO - Filling up the DagBag from /home/airflow/.local/lib/python3.7/site-packages/airflow/example_dags/example_skip_dag.py
[2022-09-24T08:30:51.900+0000] {processor.py:768} INFO - DAG(s) dict_keys(['example_skip_dag']) retrieved from /home/airflow/.local/lib/python3.7/site-packages/airflow/example_dags/example_skip_dag.py
[2022-09-24T08:30:51.926+0000] {logging_mixin.py:117} INFO - [2022-09-24T08:30:51.926+0000] {dag.py:2573} INFO - Sync 1 DAGs
[2022-09-24T08:30:51.941+0000] {logging_mixin.py:117} INFO - [2022-09-24T08:30:51.941+0000] {dag.py:3328} INFO - Setting next_dagrun for example_skip_dag to 2022-09-23T08:30:51.941093+00:00, run_after=2022-09-24T08:30:51.941093+00:00
[2022-09-24T08:30:51.955+0000] {processor.py:178} INFO - Processing /home/airflow/.local/lib/python3.7/site-packages/airflow/example_dags/example_skip_dag.py took 0.068 seconds
[2022-09-24T08:31:22.309+0000] {processor.py:156} INFO - Started process (PID=34254) to work on /home/airflow/.local/lib/python3.7/site-packages/airflow/example_dags/example_skip_dag.py
[2022-09-24T08:31:22.310+0000] {processor.py:758} INFO - Processing file /home/airflow/.local/lib/python3.7/site-packages/airflow/example_dags/example_skip_dag.py for tasks to queue
[2022-09-24T08:31:22.312+0000] {logging_mixin.py:117} INFO - [2022-09-24T08:31:22.311+0000] {dagbag.py:525} INFO - Filling up the DagBag from /home/airflow/.local/lib/python3.7/site-packages/airflow/example_dags/example_skip_dag.py
[2022-09-24T08:31:22.321+0000] {processor.py:768} INFO - DAG(s) dict_keys(['example_skip_dag']) retrieved from /home/airflow/.local/lib/python3.7/site-packages/airflow/example_dags/example_skip_dag.py
[2022-09-24T08:31:22.348+0000] {logging_mixin.py:117} INFO - [2022-09-24T08:31:22.348+0000] {dag.py:2573} INFO - Sync 1 DAGs
[2022-09-24T08:31:22.364+0000] {logging_mixin.py:117} INFO - [2022-09-24T08:31:22.363+0000] {dag.py:3328} INFO - Setting next_dagrun for example_skip_dag to 2022-09-23T08:31:22.363776+00:00, run_after=2022-09-24T08:31:22.363776+00:00
[2022-09-24T08:31:22.377+0000] {processor.py:178} INFO - Processing /home/airflow/.local/lib/python3.7/site-packages/airflow/example_dags/example_skip_dag.py took 0.070 seconds
[2022-09-24T08:31:52.533+0000] {processor.py:156} INFO - Started process (PID=34316) to work on /home/airflow/.local/lib/python3.7/site-packages/airflow/example_dags/example_skip_dag.py
[2022-09-24T08:31:52.534+0000] {processor.py:758} INFO - Processing file /home/airflow/.local/lib/python3.7/site-packages/airflow/example_dags/example_skip_dag.py for tasks to queue
[2022-09-24T08:31:52.535+0000] {logging_mixin.py:117} INFO - [2022-09-24T08:31:52.535+0000] {dagbag.py:525} INFO - Filling up the DagBag from /home/airflow/.local/lib/python3.7/site-packages/airflow/example_dags/example_skip_dag.py
[2022-09-24T08:31:52.546+0000] {processor.py:768} INFO - DAG(s) dict_keys(['example_skip_dag']) retrieved from /home/airflow/.local/lib/python3.7/site-packages/airflow/example_dags/example_skip_dag.py
[2022-09-24T08:31:52.572+0000] {logging_mixin.py:117} INFO - [2022-09-24T08:31:52.572+0000] {dag.py:2573} INFO - Sync 1 DAGs
[2022-09-24T08:31:52.587+0000] {logging_mixin.py:117} INFO - [2022-09-24T08:31:52.587+0000] {dag.py:3328} INFO - Setting next_dagrun for example_skip_dag to 2022-09-23T08:31:52.587467+00:00, run_after=2022-09-24T08:31:52.587467+00:00
[2022-09-24T08:31:52.601+0000] {processor.py:178} INFO - Processing /home/airflow/.local/lib/python3.7/site-packages/airflow/example_dags/example_skip_dag.py took 0.070 seconds
[2022-09-24T08:32:22.751+0000] {processor.py:156} INFO - Started process (PID=34370) to work on /home/airflow/.local/lib/python3.7/site-packages/airflow/example_dags/example_skip_dag.py
[2022-09-24T08:32:22.753+0000] {processor.py:758} INFO - Processing file /home/airflow/.local/lib/python3.7/site-packages/airflow/example_dags/example_skip_dag.py for tasks to queue
[2022-09-24T08:32:22.756+0000] {logging_mixin.py:117} INFO - [2022-09-24T08:32:22.756+0000] {dagbag.py:525} INFO - Filling up the DagBag from /home/airflow/.local/lib/python3.7/site-packages/airflow/example_dags/example_skip_dag.py
[2022-09-24T08:32:22.767+0000] {processor.py:768} INFO - DAG(s) dict_keys(['example_skip_dag']) retrieved from /home/airflow/.local/lib/python3.7/site-packages/airflow/example_dags/example_skip_dag.py
[2022-09-24T08:32:22.794+0000] {logging_mixin.py:117} INFO - [2022-09-24T08:32:22.794+0000] {dag.py:2573} INFO - Sync 1 DAGs
[2022-09-24T08:32:22.809+0000] {logging_mixin.py:117} INFO - [2022-09-24T08:32:22.809+0000] {dag.py:3328} INFO - Setting next_dagrun for example_skip_dag to 2022-09-23T08:32:22.809081+00:00, run_after=2022-09-24T08:32:22.809081+00:00
[2022-09-24T08:32:22.823+0000] {processor.py:178} INFO - Processing /home/airflow/.local/lib/python3.7/site-packages/airflow/example_dags/example_skip_dag.py took 0.075 seconds
[2022-09-24T08:32:53.208+0000] {processor.py:156} INFO - Started process (PID=34432) to work on /home/airflow/.local/lib/python3.7/site-packages/airflow/example_dags/example_skip_dag.py
[2022-09-24T08:32:53.210+0000] {processor.py:758} INFO - Processing file /home/airflow/.local/lib/python3.7/site-packages/airflow/example_dags/example_skip_dag.py for tasks to queue
[2022-09-24T08:32:53.210+0000] {logging_mixin.py:117} INFO - [2022-09-24T08:32:53.210+0000] {dagbag.py:525} INFO - Filling up the DagBag from /home/airflow/.local/lib/python3.7/site-packages/airflow/example_dags/example_skip_dag.py
[2022-09-24T08:32:53.220+0000] {processor.py:768} INFO - DAG(s) dict_keys(['example_skip_dag']) retrieved from /home/airflow/.local/lib/python3.7/site-packages/airflow/example_dags/example_skip_dag.py
[2022-09-24T08:32:53.246+0000] {logging_mixin.py:117} INFO - [2022-09-24T08:32:53.246+0000] {dag.py:2573} INFO - Sync 1 DAGs
[2022-09-24T08:32:53.261+0000] {logging_mixin.py:117} INFO - [2022-09-24T08:32:53.261+0000] {dag.py:3328} INFO - Setting next_dagrun for example_skip_dag to 2022-09-23T08:32:53.261161+00:00, run_after=2022-09-24T08:32:53.261161+00:00
[2022-09-24T08:32:53.274+0000] {processor.py:178} INFO - Processing /home/airflow/.local/lib/python3.7/site-packages/airflow/example_dags/example_skip_dag.py took 0.068 seconds
[2022-09-24T08:33:23.566+0000] {processor.py:156} INFO - Started process (PID=34495) to work on /home/airflow/.local/lib/python3.7/site-packages/airflow/example_dags/example_skip_dag.py
[2022-09-24T08:33:23.568+0000] {processor.py:758} INFO - Processing file /home/airflow/.local/lib/python3.7/site-packages/airflow/example_dags/example_skip_dag.py for tasks to queue
[2022-09-24T08:33:23.569+0000] {logging_mixin.py:117} INFO - [2022-09-24T08:33:23.569+0000] {dagbag.py:525} INFO - Filling up the DagBag from /home/airflow/.local/lib/python3.7/site-packages/airflow/example_dags/example_skip_dag.py
[2022-09-24T08:33:23.579+0000] {processor.py:768} INFO - DAG(s) dict_keys(['example_skip_dag']) retrieved from /home/airflow/.local/lib/python3.7/site-packages/airflow/example_dags/example_skip_dag.py
[2022-09-24T08:33:23.605+0000] {logging_mixin.py:117} INFO - [2022-09-24T08:33:23.605+0000] {dag.py:2573} INFO - Sync 1 DAGs
[2022-09-24T08:33:23.620+0000] {logging_mixin.py:117} INFO - [2022-09-24T08:33:23.620+0000] {dag.py:3328} INFO - Setting next_dagrun for example_skip_dag to 2022-09-23T08:33:23.620434+00:00, run_after=2022-09-24T08:33:23.620434+00:00
[2022-09-24T08:33:23.634+0000] {processor.py:178} INFO - Processing /home/airflow/.local/lib/python3.7/site-packages/airflow/example_dags/example_skip_dag.py took 0.071 seconds
[2022-09-24T08:33:53.988+0000] {processor.py:156} INFO - Started process (PID=34558) to work on /home/airflow/.local/lib/python3.7/site-packages/airflow/example_dags/example_skip_dag.py
[2022-09-24T08:33:53.989+0000] {processor.py:758} INFO - Processing file /home/airflow/.local/lib/python3.7/site-packages/airflow/example_dags/example_skip_dag.py for tasks to queue
[2022-09-24T08:33:53.990+0000] {logging_mixin.py:117} INFO - [2022-09-24T08:33:53.990+0000] {dagbag.py:525} INFO - Filling up the DagBag from /home/airflow/.local/lib/python3.7/site-packages/airflow/example_dags/example_skip_dag.py
[2022-09-24T08:33:53.999+0000] {processor.py:768} INFO - DAG(s) dict_keys(['example_skip_dag']) retrieved from /home/airflow/.local/lib/python3.7/site-packages/airflow/example_dags/example_skip_dag.py
[2022-09-24T08:33:54.027+0000] {logging_mixin.py:117} INFO - [2022-09-24T08:33:54.027+0000] {dag.py:2573} INFO - Sync 1 DAGs
[2022-09-24T08:33:54.041+0000] {logging_mixin.py:117} INFO - [2022-09-24T08:33:54.041+0000] {dag.py:3328} INFO - Setting next_dagrun for example_skip_dag to 2022-09-23T08:33:54.041514+00:00, run_after=2022-09-24T08:33:54.041514+00:00
[2022-09-24T08:33:54.055+0000] {processor.py:178} INFO - Processing /home/airflow/.local/lib/python3.7/site-packages/airflow/example_dags/example_skip_dag.py took 0.069 seconds
[2022-09-24T08:34:24.262+0000] {processor.py:156} INFO - Started process (PID=34621) to work on /home/airflow/.local/lib/python3.7/site-packages/airflow/example_dags/example_skip_dag.py
[2022-09-24T08:34:24.264+0000] {processor.py:758} INFO - Processing file /home/airflow/.local/lib/python3.7/site-packages/airflow/example_dags/example_skip_dag.py for tasks to queue
[2022-09-24T08:34:24.265+0000] {logging_mixin.py:117} INFO - [2022-09-24T08:34:24.265+0000] {dagbag.py:525} INFO - Filling up the DagBag from /home/airflow/.local/lib/python3.7/site-packages/airflow/example_dags/example_skip_dag.py
[2022-09-24T08:34:24.274+0000] {processor.py:768} INFO - DAG(s) dict_keys(['example_skip_dag']) retrieved from /home/airflow/.local/lib/python3.7/site-packages/airflow/example_dags/example_skip_dag.py
[2022-09-24T08:34:24.300+0000] {logging_mixin.py:117} INFO - [2022-09-24T08:34:24.300+0000] {dag.py:2573} INFO - Sync 1 DAGs
[2022-09-24T08:34:24.316+0000] {logging_mixin.py:117} INFO - [2022-09-24T08:34:24.315+0000] {dag.py:3328} INFO - Setting next_dagrun for example_skip_dag to 2022-09-23T08:34:24.315840+00:00, run_after=2022-09-24T08:34:24.315840+00:00
[2022-09-24T08:34:24.328+0000] {processor.py:178} INFO - Processing /home/airflow/.local/lib/python3.7/site-packages/airflow/example_dags/example_skip_dag.py took 0.068 seconds
[2022-09-24T08:34:54.552+0000] {processor.py:156} INFO - Started process (PID=34683) to work on /home/airflow/.local/lib/python3.7/site-packages/airflow/example_dags/example_skip_dag.py
[2022-09-24T08:34:54.553+0000] {processor.py:758} INFO - Processing file /home/airflow/.local/lib/python3.7/site-packages/airflow/example_dags/example_skip_dag.py for tasks to queue
[2022-09-24T08:34:54.554+0000] {logging_mixin.py:117} INFO - [2022-09-24T08:34:54.554+0000] {dagbag.py:525} INFO - Filling up the DagBag from /home/airflow/.local/lib/python3.7/site-packages/airflow/example_dags/example_skip_dag.py
[2022-09-24T08:34:54.563+0000] {processor.py:768} INFO - DAG(s) dict_keys(['example_skip_dag']) retrieved from /home/airflow/.local/lib/python3.7/site-packages/airflow/example_dags/example_skip_dag.py
[2022-09-24T08:34:54.589+0000] {logging_mixin.py:117} INFO - [2022-09-24T08:34:54.589+0000] {dag.py:2573} INFO - Sync 1 DAGs
[2022-09-24T08:34:54.604+0000] {logging_mixin.py:117} INFO - [2022-09-24T08:34:54.604+0000] {dag.py:3328} INFO - Setting next_dagrun for example_skip_dag to 2022-09-23T08:34:54.604578+00:00, run_after=2022-09-24T08:34:54.604578+00:00
[2022-09-24T08:34:54.618+0000] {processor.py:178} INFO - Processing /home/airflow/.local/lib/python3.7/site-packages/airflow/example_dags/example_skip_dag.py took 0.068 seconds
[2022-09-24T08:35:25.066+0000] {processor.py:156} INFO - Started process (PID=34738) to work on /home/airflow/.local/lib/python3.7/site-packages/airflow/example_dags/example_skip_dag.py
[2022-09-24T08:35:25.068+0000] {processor.py:758} INFO - Processing file /home/airflow/.local/lib/python3.7/site-packages/airflow/example_dags/example_skip_dag.py for tasks to queue
[2022-09-24T08:35:25.069+0000] {logging_mixin.py:117} INFO - [2022-09-24T08:35:25.069+0000] {dagbag.py:525} INFO - Filling up the DagBag from /home/airflow/.local/lib/python3.7/site-packages/airflow/example_dags/example_skip_dag.py
[2022-09-24T08:35:25.080+0000] {processor.py:768} INFO - DAG(s) dict_keys(['example_skip_dag']) retrieved from /home/airflow/.local/lib/python3.7/site-packages/airflow/example_dags/example_skip_dag.py
[2022-09-24T08:35:25.110+0000] {logging_mixin.py:117} INFO - [2022-09-24T08:35:25.110+0000] {dag.py:2573} INFO - Sync 1 DAGs
[2022-09-24T08:35:25.128+0000] {logging_mixin.py:117} INFO - [2022-09-24T08:35:25.128+0000] {dag.py:3328} INFO - Setting next_dagrun for example_skip_dag to 2022-09-23T08:35:25.128024+00:00, run_after=2022-09-24T08:35:25.128024+00:00
[2022-09-24T08:35:25.142+0000] {processor.py:178} INFO - Processing /home/airflow/.local/lib/python3.7/site-packages/airflow/example_dags/example_skip_dag.py took 0.079 seconds
[2022-09-24T08:35:55.349+0000] {processor.py:156} INFO - Started process (PID=34801) to work on /home/airflow/.local/lib/python3.7/site-packages/airflow/example_dags/example_skip_dag.py
[2022-09-24T08:35:55.352+0000] {processor.py:758} INFO - Processing file /home/airflow/.local/lib/python3.7/site-packages/airflow/example_dags/example_skip_dag.py for tasks to queue
[2022-09-24T08:35:55.354+0000] {logging_mixin.py:117} INFO - [2022-09-24T08:35:55.354+0000] {dagbag.py:525} INFO - Filling up the DagBag from /home/airflow/.local/lib/python3.7/site-packages/airflow/example_dags/example_skip_dag.py
[2022-09-24T08:35:55.368+0000] {processor.py:768} INFO - DAG(s) dict_keys(['example_skip_dag']) retrieved from /home/airflow/.local/lib/python3.7/site-packages/airflow/example_dags/example_skip_dag.py
[2022-09-24T08:35:55.400+0000] {logging_mixin.py:117} INFO - [2022-09-24T08:35:55.400+0000] {dag.py:2573} INFO - Sync 1 DAGs
[2022-09-24T08:35:55.421+0000] {logging_mixin.py:117} INFO - [2022-09-24T08:35:55.421+0000] {dag.py:3328} INFO - Setting next_dagrun for example_skip_dag to 2022-09-23T08:35:55.421368+00:00, run_after=2022-09-24T08:35:55.421368+00:00
[2022-09-24T08:35:55.439+0000] {processor.py:178} INFO - Processing /home/airflow/.local/lib/python3.7/site-packages/airflow/example_dags/example_skip_dag.py took 0.093 seconds
[2022-09-24T08:36:25.668+0000] {processor.py:156} INFO - Started process (PID=34864) to work on /home/airflow/.local/lib/python3.7/site-packages/airflow/example_dags/example_skip_dag.py
[2022-09-24T08:36:25.670+0000] {processor.py:758} INFO - Processing file /home/airflow/.local/lib/python3.7/site-packages/airflow/example_dags/example_skip_dag.py for tasks to queue
[2022-09-24T08:36:25.671+0000] {logging_mixin.py:117} INFO - [2022-09-24T08:36:25.671+0000] {dagbag.py:525} INFO - Filling up the DagBag from /home/airflow/.local/lib/python3.7/site-packages/airflow/example_dags/example_skip_dag.py
[2022-09-24T08:36:25.680+0000] {processor.py:768} INFO - DAG(s) dict_keys(['example_skip_dag']) retrieved from /home/airflow/.local/lib/python3.7/site-packages/airflow/example_dags/example_skip_dag.py
[2022-09-24T08:36:25.706+0000] {logging_mixin.py:117} INFO - [2022-09-24T08:36:25.706+0000] {dag.py:2573} INFO - Sync 1 DAGs
[2022-09-24T08:36:25.722+0000] {logging_mixin.py:117} INFO - [2022-09-24T08:36:25.722+0000] {dag.py:3328} INFO - Setting next_dagrun for example_skip_dag to 2022-09-23T08:36:25.721905+00:00, run_after=2022-09-24T08:36:25.721905+00:00
[2022-09-24T08:36:25.735+0000] {processor.py:178} INFO - Processing /home/airflow/.local/lib/python3.7/site-packages/airflow/example_dags/example_skip_dag.py took 0.070 seconds
[2022-09-24T08:36:56.000+0000] {processor.py:156} INFO - Started process (PID=34927) to work on /home/airflow/.local/lib/python3.7/site-packages/airflow/example_dags/example_skip_dag.py
[2022-09-24T08:36:56.002+0000] {processor.py:758} INFO - Processing file /home/airflow/.local/lib/python3.7/site-packages/airflow/example_dags/example_skip_dag.py for tasks to queue
[2022-09-24T08:36:56.004+0000] {logging_mixin.py:117} INFO - [2022-09-24T08:36:56.004+0000] {dagbag.py:525} INFO - Filling up the DagBag from /home/airflow/.local/lib/python3.7/site-packages/airflow/example_dags/example_skip_dag.py
[2022-09-24T08:36:56.014+0000] {processor.py:768} INFO - DAG(s) dict_keys(['example_skip_dag']) retrieved from /home/airflow/.local/lib/python3.7/site-packages/airflow/example_dags/example_skip_dag.py
[2022-09-24T08:36:56.040+0000] {logging_mixin.py:117} INFO - [2022-09-24T08:36:56.040+0000] {dag.py:2573} INFO - Sync 1 DAGs
[2022-09-24T08:36:56.056+0000] {logging_mixin.py:117} INFO - [2022-09-24T08:36:56.056+0000] {dag.py:3328} INFO - Setting next_dagrun for example_skip_dag to 2022-09-23T08:36:56.056287+00:00, run_after=2022-09-24T08:36:56.056287+00:00
[2022-09-24T08:36:56.070+0000] {processor.py:178} INFO - Processing /home/airflow/.local/lib/python3.7/site-packages/airflow/example_dags/example_skip_dag.py took 0.072 seconds
[2022-09-24T08:37:26.370+0000] {processor.py:156} INFO - Started process (PID=34990) to work on /home/airflow/.local/lib/python3.7/site-packages/airflow/example_dags/example_skip_dag.py
[2022-09-24T08:37:26.372+0000] {processor.py:758} INFO - Processing file /home/airflow/.local/lib/python3.7/site-packages/airflow/example_dags/example_skip_dag.py for tasks to queue
[2022-09-24T08:37:26.373+0000] {logging_mixin.py:117} INFO - [2022-09-24T08:37:26.373+0000] {dagbag.py:525} INFO - Filling up the DagBag from /home/airflow/.local/lib/python3.7/site-packages/airflow/example_dags/example_skip_dag.py
[2022-09-24T08:37:26.383+0000] {processor.py:768} INFO - DAG(s) dict_keys(['example_skip_dag']) retrieved from /home/airflow/.local/lib/python3.7/site-packages/airflow/example_dags/example_skip_dag.py
[2022-09-24T08:37:26.409+0000] {logging_mixin.py:117} INFO - [2022-09-24T08:37:26.409+0000] {dag.py:2573} INFO - Sync 1 DAGs
[2022-09-24T08:37:26.428+0000] {logging_mixin.py:117} INFO - [2022-09-24T08:37:26.428+0000] {dag.py:3328} INFO - Setting next_dagrun for example_skip_dag to 2022-09-23T08:37:26.428321+00:00, run_after=2022-09-24T08:37:26.428321+00:00
[2022-09-24T08:37:26.442+0000] {processor.py:178} INFO - Processing /home/airflow/.local/lib/python3.7/site-packages/airflow/example_dags/example_skip_dag.py took 0.074 seconds
[2022-09-24T08:37:56.817+0000] {processor.py:156} INFO - Started process (PID=35052) to work on /home/airflow/.local/lib/python3.7/site-packages/airflow/example_dags/example_skip_dag.py
[2022-09-24T08:37:56.819+0000] {processor.py:758} INFO - Processing file /home/airflow/.local/lib/python3.7/site-packages/airflow/example_dags/example_skip_dag.py for tasks to queue
[2022-09-24T08:37:56.820+0000] {logging_mixin.py:117} INFO - [2022-09-24T08:37:56.820+0000] {dagbag.py:525} INFO - Filling up the DagBag from /home/airflow/.local/lib/python3.7/site-packages/airflow/example_dags/example_skip_dag.py
[2022-09-24T08:37:56.830+0000] {processor.py:768} INFO - DAG(s) dict_keys(['example_skip_dag']) retrieved from /home/airflow/.local/lib/python3.7/site-packages/airflow/example_dags/example_skip_dag.py
[2022-09-24T08:37:56.857+0000] {logging_mixin.py:117} INFO - [2022-09-24T08:37:56.857+0000] {dag.py:2573} INFO - Sync 1 DAGs
[2022-09-24T08:37:56.872+0000] {logging_mixin.py:117} INFO - [2022-09-24T08:37:56.872+0000] {dag.py:3328} INFO - Setting next_dagrun for example_skip_dag to 2022-09-23T08:37:56.871921+00:00, run_after=2022-09-24T08:37:56.871921+00:00
[2022-09-24T08:37:56.886+0000] {processor.py:178} INFO - Processing /home/airflow/.local/lib/python3.7/site-packages/airflow/example_dags/example_skip_dag.py took 0.071 seconds
[2022-09-24T08:38:27.100+0000] {processor.py:156} INFO - Started process (PID=35106) to work on /home/airflow/.local/lib/python3.7/site-packages/airflow/example_dags/example_skip_dag.py
[2022-09-24T08:38:27.102+0000] {processor.py:758} INFO - Processing file /home/airflow/.local/lib/python3.7/site-packages/airflow/example_dags/example_skip_dag.py for tasks to queue
[2022-09-24T08:38:27.103+0000] {logging_mixin.py:117} INFO - [2022-09-24T08:38:27.103+0000] {dagbag.py:525} INFO - Filling up the DagBag from /home/airflow/.local/lib/python3.7/site-packages/airflow/example_dags/example_skip_dag.py
[2022-09-24T08:38:27.112+0000] {processor.py:768} INFO - DAG(s) dict_keys(['example_skip_dag']) retrieved from /home/airflow/.local/lib/python3.7/site-packages/airflow/example_dags/example_skip_dag.py
[2022-09-24T08:38:27.139+0000] {logging_mixin.py:117} INFO - [2022-09-24T08:38:27.139+0000] {dag.py:2573} INFO - Sync 1 DAGs
[2022-09-24T08:38:27.154+0000] {logging_mixin.py:117} INFO - [2022-09-24T08:38:27.154+0000] {dag.py:3328} INFO - Setting next_dagrun for example_skip_dag to 2022-09-23T08:38:27.154545+00:00, run_after=2022-09-24T08:38:27.154545+00:00
[2022-09-24T08:38:27.168+0000] {processor.py:178} INFO - Processing /home/airflow/.local/lib/python3.7/site-packages/airflow/example_dags/example_skip_dag.py took 0.070 seconds
[2022-09-24T08:38:57.374+0000] {processor.py:156} INFO - Started process (PID=35170) to work on /home/airflow/.local/lib/python3.7/site-packages/airflow/example_dags/example_skip_dag.py
[2022-09-24T08:38:57.375+0000] {processor.py:758} INFO - Processing file /home/airflow/.local/lib/python3.7/site-packages/airflow/example_dags/example_skip_dag.py for tasks to queue
[2022-09-24T08:38:57.377+0000] {logging_mixin.py:117} INFO - [2022-09-24T08:38:57.377+0000] {dagbag.py:525} INFO - Filling up the DagBag from /home/airflow/.local/lib/python3.7/site-packages/airflow/example_dags/example_skip_dag.py
[2022-09-24T08:38:57.387+0000] {processor.py:768} INFO - DAG(s) dict_keys(['example_skip_dag']) retrieved from /home/airflow/.local/lib/python3.7/site-packages/airflow/example_dags/example_skip_dag.py
[2022-09-24T08:38:57.414+0000] {logging_mixin.py:117} INFO - [2022-09-24T08:38:57.414+0000] {dag.py:2573} INFO - Sync 1 DAGs
[2022-09-24T08:38:57.429+0000] {logging_mixin.py:117} INFO - [2022-09-24T08:38:57.429+0000] {dag.py:3328} INFO - Setting next_dagrun for example_skip_dag to 2022-09-23T08:38:57.429194+00:00, run_after=2022-09-24T08:38:57.429194+00:00
[2022-09-24T08:38:57.447+0000] {processor.py:178} INFO - Processing /home/airflow/.local/lib/python3.7/site-packages/airflow/example_dags/example_skip_dag.py took 0.076 seconds
[2022-09-24T08:39:27.677+0000] {processor.py:156} INFO - Started process (PID=35233) to work on /home/airflow/.local/lib/python3.7/site-packages/airflow/example_dags/example_skip_dag.py
[2022-09-24T08:39:27.678+0000] {processor.py:758} INFO - Processing file /home/airflow/.local/lib/python3.7/site-packages/airflow/example_dags/example_skip_dag.py for tasks to queue
[2022-09-24T08:39:27.680+0000] {logging_mixin.py:117} INFO - [2022-09-24T08:39:27.679+0000] {dagbag.py:525} INFO - Filling up the DagBag from /home/airflow/.local/lib/python3.7/site-packages/airflow/example_dags/example_skip_dag.py
[2022-09-24T08:39:27.689+0000] {processor.py:768} INFO - DAG(s) dict_keys(['example_skip_dag']) retrieved from /home/airflow/.local/lib/python3.7/site-packages/airflow/example_dags/example_skip_dag.py
[2022-09-24T08:39:27.720+0000] {logging_mixin.py:117} INFO - [2022-09-24T08:39:27.720+0000] {dag.py:2573} INFO - Sync 1 DAGs
[2022-09-24T08:39:27.735+0000] {logging_mixin.py:117} INFO - [2022-09-24T08:39:27.735+0000] {dag.py:3328} INFO - Setting next_dagrun for example_skip_dag to 2022-09-23T08:39:27.735485+00:00, run_after=2022-09-24T08:39:27.735485+00:00
[2022-09-24T08:39:27.749+0000] {processor.py:178} INFO - Processing /home/airflow/.local/lib/python3.7/site-packages/airflow/example_dags/example_skip_dag.py took 0.074 seconds
[2022-09-24T08:39:58.265+0000] {processor.py:156} INFO - Started process (PID=35296) to work on /home/airflow/.local/lib/python3.7/site-packages/airflow/example_dags/example_skip_dag.py
[2022-09-24T08:39:58.267+0000] {processor.py:758} INFO - Processing file /home/airflow/.local/lib/python3.7/site-packages/airflow/example_dags/example_skip_dag.py for tasks to queue
[2022-09-24T08:39:58.268+0000] {logging_mixin.py:117} INFO - [2022-09-24T08:39:58.268+0000] {dagbag.py:525} INFO - Filling up the DagBag from /home/airflow/.local/lib/python3.7/site-packages/airflow/example_dags/example_skip_dag.py
[2022-09-24T08:39:58.277+0000] {processor.py:768} INFO - DAG(s) dict_keys(['example_skip_dag']) retrieved from /home/airflow/.local/lib/python3.7/site-packages/airflow/example_dags/example_skip_dag.py
[2022-09-24T08:39:58.303+0000] {logging_mixin.py:117} INFO - [2022-09-24T08:39:58.303+0000] {dag.py:2573} INFO - Sync 1 DAGs
[2022-09-24T08:39:58.317+0000] {logging_mixin.py:117} INFO - [2022-09-24T08:39:58.317+0000] {dag.py:3328} INFO - Setting next_dagrun for example_skip_dag to 2022-09-23T08:39:58.317469+00:00, run_after=2022-09-24T08:39:58.317469+00:00
[2022-09-24T08:39:58.329+0000] {processor.py:178} INFO - Processing /home/airflow/.local/lib/python3.7/site-packages/airflow/example_dags/example_skip_dag.py took 0.066 seconds
[2022-09-24T09:07:11.397+0000] {processor.py:156} INFO - Started process (PID=35351) to work on /home/airflow/.local/lib/python3.7/site-packages/airflow/example_dags/example_skip_dag.py
[2022-09-24T09:07:11.402+0000] {processor.py:758} INFO - Processing file /home/airflow/.local/lib/python3.7/site-packages/airflow/example_dags/example_skip_dag.py for tasks to queue
[2022-09-24T09:07:11.404+0000] {logging_mixin.py:117} INFO - [2022-09-24T09:07:11.404+0000] {dagbag.py:525} INFO - Filling up the DagBag from /home/airflow/.local/lib/python3.7/site-packages/airflow/example_dags/example_skip_dag.py
[2022-09-24T09:07:11.421+0000] {processor.py:768} INFO - DAG(s) dict_keys(['example_skip_dag']) retrieved from /home/airflow/.local/lib/python3.7/site-packages/airflow/example_dags/example_skip_dag.py
[2022-09-24T09:07:11.474+0000] {logging_mixin.py:117} INFO - [2022-09-24T09:07:11.474+0000] {dag.py:2573} INFO - Sync 1 DAGs
[2022-09-24T09:07:11.502+0000] {logging_mixin.py:117} INFO - [2022-09-24T09:07:11.502+0000] {dag.py:3328} INFO - Setting next_dagrun for example_skip_dag to 2022-09-23T09:07:11.502669+00:00, run_after=2022-09-24T09:07:11.502669+00:00
[2022-09-24T09:07:11.529+0000] {processor.py:178} INFO - Processing /home/airflow/.local/lib/python3.7/site-packages/airflow/example_dags/example_skip_dag.py took 0.140 seconds
