[2022-09-24T01:04:10.954+0000] {processor.py:156} INFO - Started process (PID=32115) to work on /home/airflow/.local/lib/python3.7/site-packages/airflow/example_dags/example_trigger_target_dag.py
[2022-09-24T01:04:10.956+0000] {processor.py:758} INFO - Processing file /home/airflow/.local/lib/python3.7/site-packages/airflow/example_dags/example_trigger_target_dag.py for tasks to queue
[2022-09-24T01:04:10.958+0000] {logging_mixin.py:117} INFO - [2022-09-24T01:04:10.958+0000] {dagbag.py:525} INFO - Filling up the DagBag from /home/airflow/.local/lib/python3.7/site-packages/airflow/example_dags/example_trigger_target_dag.py
[2022-09-24T01:04:10.997+0000] {processor.py:768} INFO - DAG(s) dict_keys(['example_trigger_target_dag']) retrieved from /home/airflow/.local/lib/python3.7/site-packages/airflow/example_dags/example_trigger_target_dag.py
[2022-09-24T01:04:11.074+0000] {logging_mixin.py:117} INFO - [2022-09-24T01:04:11.074+0000] {dag.py:2573} INFO - Sync 1 DAGs
[2022-09-24T01:04:11.128+0000] {logging_mixin.py:117} INFO - [2022-09-24T01:04:11.127+0000] {dag.py:3328} INFO - Setting next_dagrun for example_trigger_target_dag to None, run_after=None
[2022-09-24T01:04:11.146+0000] {processor.py:178} INFO - Processing /home/airflow/.local/lib/python3.7/site-packages/airflow/example_dags/example_trigger_target_dag.py took 0.194 seconds
[2022-09-24T02:27:01.859+0000] {processor.py:156} INFO - Started process (PID=32169) to work on /home/airflow/.local/lib/python3.7/site-packages/airflow/example_dags/example_trigger_target_dag.py
[2022-09-24T02:27:01.861+0000] {processor.py:758} INFO - Processing file /home/airflow/.local/lib/python3.7/site-packages/airflow/example_dags/example_trigger_target_dag.py for tasks to queue
[2022-09-24T02:27:01.863+0000] {logging_mixin.py:117} INFO - [2022-09-24T02:27:01.863+0000] {dagbag.py:525} INFO - Filling up the DagBag from /home/airflow/.local/lib/python3.7/site-packages/airflow/example_dags/example_trigger_target_dag.py
[2022-09-24T02:27:01.894+0000] {processor.py:768} INFO - DAG(s) dict_keys(['example_trigger_target_dag']) retrieved from /home/airflow/.local/lib/python3.7/site-packages/airflow/example_dags/example_trigger_target_dag.py
[2022-09-24T02:27:01.947+0000] {logging_mixin.py:117} INFO - [2022-09-24T02:27:01.947+0000] {dag.py:2573} INFO - Sync 1 DAGs
[2022-09-24T02:27:01.976+0000] {logging_mixin.py:117} INFO - [2022-09-24T02:27:01.976+0000] {dag.py:3328} INFO - Setting next_dagrun for example_trigger_target_dag to None, run_after=None
[2022-09-24T02:27:02.005+0000] {processor.py:178} INFO - Processing /home/airflow/.local/lib/python3.7/site-packages/airflow/example_dags/example_trigger_target_dag.py took 0.149 seconds
[2022-09-24T03:24:00.253+0000] {processor.py:156} INFO - Started process (PID=32232) to work on /home/airflow/.local/lib/python3.7/site-packages/airflow/example_dags/example_trigger_target_dag.py
[2022-09-24T03:24:00.255+0000] {processor.py:758} INFO - Processing file /home/airflow/.local/lib/python3.7/site-packages/airflow/example_dags/example_trigger_target_dag.py for tasks to queue
[2022-09-24T03:24:00.259+0000] {logging_mixin.py:117} INFO - [2022-09-24T03:24:00.259+0000] {dagbag.py:525} INFO - Filling up the DagBag from /home/airflow/.local/lib/python3.7/site-packages/airflow/example_dags/example_trigger_target_dag.py
[2022-09-24T03:24:00.276+0000] {processor.py:768} INFO - DAG(s) dict_keys(['example_trigger_target_dag']) retrieved from /home/airflow/.local/lib/python3.7/site-packages/airflow/example_dags/example_trigger_target_dag.py
[2022-09-24T03:24:00.312+0000] {logging_mixin.py:117} INFO - [2022-09-24T03:24:00.312+0000] {dag.py:2573} INFO - Sync 1 DAGs
[2022-09-24T03:24:00.332+0000] {logging_mixin.py:117} INFO - [2022-09-24T03:24:00.331+0000] {dag.py:3328} INFO - Setting next_dagrun for example_trigger_target_dag to None, run_after=None
[2022-09-24T03:24:00.352+0000] {processor.py:178} INFO - Processing /home/airflow/.local/lib/python3.7/site-packages/airflow/example_dags/example_trigger_target_dag.py took 0.101 seconds
[2022-09-24T04:29:27.554+0000] {processor.py:156} INFO - Started process (PID=32297) to work on /home/airflow/.local/lib/python3.7/site-packages/airflow/example_dags/example_trigger_target_dag.py
[2022-09-24T04:29:27.558+0000] {processor.py:758} INFO - Processing file /home/airflow/.local/lib/python3.7/site-packages/airflow/example_dags/example_trigger_target_dag.py for tasks to queue
[2022-09-24T04:29:27.561+0000] {logging_mixin.py:117} INFO - [2022-09-24T04:29:27.561+0000] {dagbag.py:525} INFO - Filling up the DagBag from /home/airflow/.local/lib/python3.7/site-packages/airflow/example_dags/example_trigger_target_dag.py
[2022-09-24T04:29:27.587+0000] {processor.py:768} INFO - DAG(s) dict_keys(['example_trigger_target_dag']) retrieved from /home/airflow/.local/lib/python3.7/site-packages/airflow/example_dags/example_trigger_target_dag.py
[2022-09-24T04:29:27.627+0000] {logging_mixin.py:117} INFO - [2022-09-24T04:29:27.627+0000] {dag.py:2573} INFO - Sync 1 DAGs
[2022-09-24T04:29:27.649+0000] {logging_mixin.py:117} INFO - [2022-09-24T04:29:27.649+0000] {dag.py:3328} INFO - Setting next_dagrun for example_trigger_target_dag to None, run_after=None
[2022-09-24T04:29:27.672+0000] {processor.py:178} INFO - Processing /home/airflow/.local/lib/python3.7/site-packages/airflow/example_dags/example_trigger_target_dag.py took 0.121 seconds
[2022-09-24T05:38:07.787+0000] {processor.py:156} INFO - Started process (PID=32360) to work on /home/airflow/.local/lib/python3.7/site-packages/airflow/example_dags/example_trigger_target_dag.py
[2022-09-24T05:38:07.791+0000] {processor.py:758} INFO - Processing file /home/airflow/.local/lib/python3.7/site-packages/airflow/example_dags/example_trigger_target_dag.py for tasks to queue
[2022-09-24T05:38:07.792+0000] {logging_mixin.py:117} INFO - [2022-09-24T05:38:07.792+0000] {dagbag.py:525} INFO - Filling up the DagBag from /home/airflow/.local/lib/python3.7/site-packages/airflow/example_dags/example_trigger_target_dag.py
[2022-09-24T05:38:07.816+0000] {processor.py:768} INFO - DAG(s) dict_keys(['example_trigger_target_dag']) retrieved from /home/airflow/.local/lib/python3.7/site-packages/airflow/example_dags/example_trigger_target_dag.py
[2022-09-24T05:38:07.863+0000] {logging_mixin.py:117} INFO - [2022-09-24T05:38:07.863+0000] {dag.py:2573} INFO - Sync 1 DAGs
[2022-09-24T05:38:07.884+0000] {logging_mixin.py:117} INFO - [2022-09-24T05:38:07.884+0000] {dag.py:3328} INFO - Setting next_dagrun for example_trigger_target_dag to None, run_after=None
[2022-09-24T05:38:07.908+0000] {processor.py:178} INFO - Processing /home/airflow/.local/lib/python3.7/site-packages/airflow/example_dags/example_trigger_target_dag.py took 0.124 seconds
[2022-09-24T06:55:22.317+0000] {processor.py:156} INFO - Started process (PID=32414) to work on /home/airflow/.local/lib/python3.7/site-packages/airflow/example_dags/example_trigger_target_dag.py
[2022-09-24T06:55:22.319+0000] {processor.py:758} INFO - Processing file /home/airflow/.local/lib/python3.7/site-packages/airflow/example_dags/example_trigger_target_dag.py for tasks to queue
[2022-09-24T06:55:22.320+0000] {logging_mixin.py:117} INFO - [2022-09-24T06:55:22.320+0000] {dagbag.py:525} INFO - Filling up the DagBag from /home/airflow/.local/lib/python3.7/site-packages/airflow/example_dags/example_trigger_target_dag.py
[2022-09-24T06:55:22.352+0000] {processor.py:768} INFO - DAG(s) dict_keys(['example_trigger_target_dag']) retrieved from /home/airflow/.local/lib/python3.7/site-packages/airflow/example_dags/example_trigger_target_dag.py
[2022-09-24T06:55:22.403+0000] {logging_mixin.py:117} INFO - [2022-09-24T06:55:22.400+0000] {dag.py:2573} INFO - Sync 1 DAGs
[2022-09-24T06:55:22.429+0000] {logging_mixin.py:117} INFO - [2022-09-24T06:55:22.429+0000] {dag.py:3328} INFO - Setting next_dagrun for example_trigger_target_dag to None, run_after=None
[2022-09-24T06:55:22.464+0000] {processor.py:178} INFO - Processing /home/airflow/.local/lib/python3.7/site-packages/airflow/example_dags/example_trigger_target_dag.py took 0.148 seconds
[2022-09-24T07:36:26.176+0000] {processor.py:156} INFO - Started process (PID=32477) to work on /home/airflow/.local/lib/python3.7/site-packages/airflow/example_dags/example_trigger_target_dag.py
[2022-09-24T07:36:26.184+0000] {processor.py:758} INFO - Processing file /home/airflow/.local/lib/python3.7/site-packages/airflow/example_dags/example_trigger_target_dag.py for tasks to queue
[2022-09-24T07:36:26.186+0000] {logging_mixin.py:117} INFO - [2022-09-24T07:36:26.186+0000] {dagbag.py:525} INFO - Filling up the DagBag from /home/airflow/.local/lib/python3.7/site-packages/airflow/example_dags/example_trigger_target_dag.py
[2022-09-24T07:36:26.226+0000] {processor.py:768} INFO - DAG(s) dict_keys(['example_trigger_target_dag']) retrieved from /home/airflow/.local/lib/python3.7/site-packages/airflow/example_dags/example_trigger_target_dag.py
[2022-09-24T07:36:26.310+0000] {logging_mixin.py:117} INFO - [2022-09-24T07:36:26.308+0000] {dag.py:2573} INFO - Sync 1 DAGs
[2022-09-24T07:36:26.348+0000] {logging_mixin.py:117} INFO - [2022-09-24T07:36:26.348+0000] {dag.py:3328} INFO - Setting next_dagrun for example_trigger_target_dag to None, run_after=None
[2022-09-24T07:36:26.364+0000] {processor.py:178} INFO - Processing /home/airflow/.local/lib/python3.7/site-packages/airflow/example_dags/example_trigger_target_dag.py took 0.191 seconds
[2022-09-24T07:39:18.595+0000] {processor.py:156} INFO - Started process (PID=32540) to work on /home/airflow/.local/lib/python3.7/site-packages/airflow/example_dags/example_trigger_target_dag.py
[2022-09-24T07:39:18.597+0000] {processor.py:758} INFO - Processing file /home/airflow/.local/lib/python3.7/site-packages/airflow/example_dags/example_trigger_target_dag.py for tasks to queue
[2022-09-24T07:39:18.599+0000] {logging_mixin.py:117} INFO - [2022-09-24T07:39:18.599+0000] {dagbag.py:525} INFO - Filling up the DagBag from /home/airflow/.local/lib/python3.7/site-packages/airflow/example_dags/example_trigger_target_dag.py
[2022-09-24T07:39:18.627+0000] {processor.py:768} INFO - DAG(s) dict_keys(['example_trigger_target_dag']) retrieved from /home/airflow/.local/lib/python3.7/site-packages/airflow/example_dags/example_trigger_target_dag.py
[2022-09-24T07:39:18.660+0000] {logging_mixin.py:117} INFO - [2022-09-24T07:39:18.660+0000] {dag.py:2573} INFO - Sync 1 DAGs
[2022-09-24T07:39:18.690+0000] {logging_mixin.py:117} INFO - [2022-09-24T07:39:18.690+0000] {dag.py:3328} INFO - Setting next_dagrun for example_trigger_target_dag to None, run_after=None
[2022-09-24T07:39:18.709+0000] {processor.py:178} INFO - Processing /home/airflow/.local/lib/python3.7/site-packages/airflow/example_dags/example_trigger_target_dag.py took 0.116 seconds
[2022-09-24T07:39:48.851+0000] {processor.py:156} INFO - Started process (PID=32603) to work on /home/airflow/.local/lib/python3.7/site-packages/airflow/example_dags/example_trigger_target_dag.py
[2022-09-24T07:39:48.853+0000] {processor.py:758} INFO - Processing file /home/airflow/.local/lib/python3.7/site-packages/airflow/example_dags/example_trigger_target_dag.py for tasks to queue
[2022-09-24T07:39:48.854+0000] {logging_mixin.py:117} INFO - [2022-09-24T07:39:48.854+0000] {dagbag.py:525} INFO - Filling up the DagBag from /home/airflow/.local/lib/python3.7/site-packages/airflow/example_dags/example_trigger_target_dag.py
[2022-09-24T07:39:48.868+0000] {processor.py:768} INFO - DAG(s) dict_keys(['example_trigger_target_dag']) retrieved from /home/airflow/.local/lib/python3.7/site-packages/airflow/example_dags/example_trigger_target_dag.py
[2022-09-24T07:39:48.894+0000] {logging_mixin.py:117} INFO - [2022-09-24T07:39:48.894+0000] {dag.py:2573} INFO - Sync 1 DAGs
[2022-09-24T07:39:48.907+0000] {logging_mixin.py:117} INFO - [2022-09-24T07:39:48.907+0000] {dag.py:3328} INFO - Setting next_dagrun for example_trigger_target_dag to None, run_after=None
[2022-09-24T07:39:48.917+0000] {processor.py:178} INFO - Processing /home/airflow/.local/lib/python3.7/site-packages/airflow/example_dags/example_trigger_target_dag.py took 0.068 seconds
[2022-09-24T07:40:19.120+0000] {processor.py:156} INFO - Started process (PID=32668) to work on /home/airflow/.local/lib/python3.7/site-packages/airflow/example_dags/example_trigger_target_dag.py
[2022-09-24T07:40:19.122+0000] {processor.py:758} INFO - Processing file /home/airflow/.local/lib/python3.7/site-packages/airflow/example_dags/example_trigger_target_dag.py for tasks to queue
[2022-09-24T07:40:19.123+0000] {logging_mixin.py:117} INFO - [2022-09-24T07:40:19.123+0000] {dagbag.py:525} INFO - Filling up the DagBag from /home/airflow/.local/lib/python3.7/site-packages/airflow/example_dags/example_trigger_target_dag.py
[2022-09-24T07:40:19.138+0000] {processor.py:768} INFO - DAG(s) dict_keys(['example_trigger_target_dag']) retrieved from /home/airflow/.local/lib/python3.7/site-packages/airflow/example_dags/example_trigger_target_dag.py
[2022-09-24T07:40:19.165+0000] {logging_mixin.py:117} INFO - [2022-09-24T07:40:19.165+0000] {dag.py:2573} INFO - Sync 1 DAGs
[2022-09-24T07:40:19.185+0000] {logging_mixin.py:117} INFO - [2022-09-24T07:40:19.185+0000] {dag.py:3328} INFO - Setting next_dagrun for example_trigger_target_dag to None, run_after=None
[2022-09-24T07:40:19.198+0000] {processor.py:178} INFO - Processing /home/airflow/.local/lib/python3.7/site-packages/airflow/example_dags/example_trigger_target_dag.py took 0.081 seconds
[2022-09-24T07:40:49.654+0000] {processor.py:156} INFO - Started process (PID=32731) to work on /home/airflow/.local/lib/python3.7/site-packages/airflow/example_dags/example_trigger_target_dag.py
[2022-09-24T07:40:49.655+0000] {processor.py:758} INFO - Processing file /home/airflow/.local/lib/python3.7/site-packages/airflow/example_dags/example_trigger_target_dag.py for tasks to queue
[2022-09-24T07:40:49.657+0000] {logging_mixin.py:117} INFO - [2022-09-24T07:40:49.657+0000] {dagbag.py:525} INFO - Filling up the DagBag from /home/airflow/.local/lib/python3.7/site-packages/airflow/example_dags/example_trigger_target_dag.py
[2022-09-24T07:40:49.670+0000] {processor.py:768} INFO - DAG(s) dict_keys(['example_trigger_target_dag']) retrieved from /home/airflow/.local/lib/python3.7/site-packages/airflow/example_dags/example_trigger_target_dag.py
[2022-09-24T07:40:49.695+0000] {logging_mixin.py:117} INFO - [2022-09-24T07:40:49.695+0000] {dag.py:2573} INFO - Sync 1 DAGs
[2022-09-24T07:40:49.709+0000] {logging_mixin.py:117} INFO - [2022-09-24T07:40:49.708+0000] {dag.py:3328} INFO - Setting next_dagrun for example_trigger_target_dag to None, run_after=None
[2022-09-24T07:40:49.719+0000] {processor.py:178} INFO - Processing /home/airflow/.local/lib/python3.7/site-packages/airflow/example_dags/example_trigger_target_dag.py took 0.068 seconds
[2022-09-24T07:41:19.966+0000] {processor.py:156} INFO - Started process (PID=32785) to work on /home/airflow/.local/lib/python3.7/site-packages/airflow/example_dags/example_trigger_target_dag.py
[2022-09-24T07:41:19.968+0000] {processor.py:758} INFO - Processing file /home/airflow/.local/lib/python3.7/site-packages/airflow/example_dags/example_trigger_target_dag.py for tasks to queue
[2022-09-24T07:41:19.969+0000] {logging_mixin.py:117} INFO - [2022-09-24T07:41:19.969+0000] {dagbag.py:525} INFO - Filling up the DagBag from /home/airflow/.local/lib/python3.7/site-packages/airflow/example_dags/example_trigger_target_dag.py
[2022-09-24T07:41:19.988+0000] {processor.py:768} INFO - DAG(s) dict_keys(['example_trigger_target_dag']) retrieved from /home/airflow/.local/lib/python3.7/site-packages/airflow/example_dags/example_trigger_target_dag.py
[2022-09-24T07:41:20.020+0000] {logging_mixin.py:117} INFO - [2022-09-24T07:41:20.020+0000] {dag.py:2573} INFO - Sync 1 DAGs
[2022-09-24T07:41:20.036+0000] {logging_mixin.py:117} INFO - [2022-09-24T07:41:20.036+0000] {dag.py:3328} INFO - Setting next_dagrun for example_trigger_target_dag to None, run_after=None
[2022-09-24T07:41:20.052+0000] {processor.py:178} INFO - Processing /home/airflow/.local/lib/python3.7/site-packages/airflow/example_dags/example_trigger_target_dag.py took 0.090 seconds
[2022-09-24T07:41:50.280+0000] {processor.py:156} INFO - Started process (PID=32848) to work on /home/airflow/.local/lib/python3.7/site-packages/airflow/example_dags/example_trigger_target_dag.py
[2022-09-24T07:41:50.282+0000] {processor.py:758} INFO - Processing file /home/airflow/.local/lib/python3.7/site-packages/airflow/example_dags/example_trigger_target_dag.py for tasks to queue
[2022-09-24T07:41:50.283+0000] {logging_mixin.py:117} INFO - [2022-09-24T07:41:50.283+0000] {dagbag.py:525} INFO - Filling up the DagBag from /home/airflow/.local/lib/python3.7/site-packages/airflow/example_dags/example_trigger_target_dag.py
[2022-09-24T07:41:50.298+0000] {processor.py:768} INFO - DAG(s) dict_keys(['example_trigger_target_dag']) retrieved from /home/airflow/.local/lib/python3.7/site-packages/airflow/example_dags/example_trigger_target_dag.py
[2022-09-24T07:41:50.325+0000] {logging_mixin.py:117} INFO - [2022-09-24T07:41:50.325+0000] {dag.py:2573} INFO - Sync 1 DAGs
[2022-09-24T07:41:50.341+0000] {logging_mixin.py:117} INFO - [2022-09-24T07:41:50.340+0000] {dag.py:3328} INFO - Setting next_dagrun for example_trigger_target_dag to None, run_after=None
[2022-09-24T07:41:50.354+0000] {processor.py:178} INFO - Processing /home/airflow/.local/lib/python3.7/site-packages/airflow/example_dags/example_trigger_target_dag.py took 0.077 seconds
[2022-09-24T07:42:20.578+0000] {processor.py:156} INFO - Started process (PID=32911) to work on /home/airflow/.local/lib/python3.7/site-packages/airflow/example_dags/example_trigger_target_dag.py
[2022-09-24T07:42:20.580+0000] {processor.py:758} INFO - Processing file /home/airflow/.local/lib/python3.7/site-packages/airflow/example_dags/example_trigger_target_dag.py for tasks to queue
[2022-09-24T07:42:20.580+0000] {logging_mixin.py:117} INFO - [2022-09-24T07:42:20.580+0000] {dagbag.py:525} INFO - Filling up the DagBag from /home/airflow/.local/lib/python3.7/site-packages/airflow/example_dags/example_trigger_target_dag.py
[2022-09-24T07:42:20.594+0000] {processor.py:768} INFO - DAG(s) dict_keys(['example_trigger_target_dag']) retrieved from /home/airflow/.local/lib/python3.7/site-packages/airflow/example_dags/example_trigger_target_dag.py
[2022-09-24T07:42:20.617+0000] {logging_mixin.py:117} INFO - [2022-09-24T07:42:20.617+0000] {dag.py:2573} INFO - Sync 1 DAGs
[2022-09-24T07:42:20.631+0000] {logging_mixin.py:117} INFO - [2022-09-24T07:42:20.631+0000] {dag.py:3328} INFO - Setting next_dagrun for example_trigger_target_dag to None, run_after=None
[2022-09-24T07:42:20.644+0000] {processor.py:178} INFO - Processing /home/airflow/.local/lib/python3.7/site-packages/airflow/example_dags/example_trigger_target_dag.py took 0.068 seconds
[2022-09-24T07:42:50.857+0000] {processor.py:156} INFO - Started process (PID=32974) to work on /home/airflow/.local/lib/python3.7/site-packages/airflow/example_dags/example_trigger_target_dag.py
[2022-09-24T07:42:50.858+0000] {processor.py:758} INFO - Processing file /home/airflow/.local/lib/python3.7/site-packages/airflow/example_dags/example_trigger_target_dag.py for tasks to queue
[2022-09-24T07:42:50.859+0000] {logging_mixin.py:117} INFO - [2022-09-24T07:42:50.859+0000] {dagbag.py:525} INFO - Filling up the DagBag from /home/airflow/.local/lib/python3.7/site-packages/airflow/example_dags/example_trigger_target_dag.py
[2022-09-24T07:42:50.872+0000] {processor.py:768} INFO - DAG(s) dict_keys(['example_trigger_target_dag']) retrieved from /home/airflow/.local/lib/python3.7/site-packages/airflow/example_dags/example_trigger_target_dag.py
[2022-09-24T07:42:50.897+0000] {logging_mixin.py:117} INFO - [2022-09-24T07:42:50.897+0000] {dag.py:2573} INFO - Sync 1 DAGs
[2022-09-24T07:42:50.911+0000] {logging_mixin.py:117} INFO - [2022-09-24T07:42:50.911+0000] {dag.py:3328} INFO - Setting next_dagrun for example_trigger_target_dag to None, run_after=None
[2022-09-24T07:42:50.922+0000] {processor.py:178} INFO - Processing /home/airflow/.local/lib/python3.7/site-packages/airflow/example_dags/example_trigger_target_dag.py took 0.068 seconds
[2022-09-24T07:43:21.100+0000] {processor.py:156} INFO - Started process (PID=33037) to work on /home/airflow/.local/lib/python3.7/site-packages/airflow/example_dags/example_trigger_target_dag.py
[2022-09-24T07:43:21.102+0000] {processor.py:758} INFO - Processing file /home/airflow/.local/lib/python3.7/site-packages/airflow/example_dags/example_trigger_target_dag.py for tasks to queue
[2022-09-24T07:43:21.104+0000] {logging_mixin.py:117} INFO - [2022-09-24T07:43:21.104+0000] {dagbag.py:525} INFO - Filling up the DagBag from /home/airflow/.local/lib/python3.7/site-packages/airflow/example_dags/example_trigger_target_dag.py
[2022-09-24T07:43:21.118+0000] {processor.py:768} INFO - DAG(s) dict_keys(['example_trigger_target_dag']) retrieved from /home/airflow/.local/lib/python3.7/site-packages/airflow/example_dags/example_trigger_target_dag.py
[2022-09-24T07:43:21.144+0000] {logging_mixin.py:117} INFO - [2022-09-24T07:43:21.144+0000] {dag.py:2573} INFO - Sync 1 DAGs
[2022-09-24T07:43:21.160+0000] {logging_mixin.py:117} INFO - [2022-09-24T07:43:21.160+0000] {dag.py:3328} INFO - Setting next_dagrun for example_trigger_target_dag to None, run_after=None
[2022-09-24T07:43:21.174+0000] {processor.py:178} INFO - Processing /home/airflow/.local/lib/python3.7/site-packages/airflow/example_dags/example_trigger_target_dag.py took 0.077 seconds
[2022-09-24T07:43:51.283+0000] {processor.py:156} INFO - Started process (PID=33097) to work on /home/airflow/.local/lib/python3.7/site-packages/airflow/example_dags/example_trigger_target_dag.py
[2022-09-24T07:43:51.285+0000] {processor.py:758} INFO - Processing file /home/airflow/.local/lib/python3.7/site-packages/airflow/example_dags/example_trigger_target_dag.py for tasks to queue
[2022-09-24T07:43:51.286+0000] {logging_mixin.py:117} INFO - [2022-09-24T07:43:51.286+0000] {dagbag.py:525} INFO - Filling up the DagBag from /home/airflow/.local/lib/python3.7/site-packages/airflow/example_dags/example_trigger_target_dag.py
[2022-09-24T07:43:51.301+0000] {processor.py:768} INFO - DAG(s) dict_keys(['example_trigger_target_dag']) retrieved from /home/airflow/.local/lib/python3.7/site-packages/airflow/example_dags/example_trigger_target_dag.py
[2022-09-24T07:43:51.329+0000] {logging_mixin.py:117} INFO - [2022-09-24T07:43:51.329+0000] {dag.py:2573} INFO - Sync 1 DAGs
[2022-09-24T07:43:51.346+0000] {logging_mixin.py:117} INFO - [2022-09-24T07:43:51.346+0000] {dag.py:3328} INFO - Setting next_dagrun for example_trigger_target_dag to None, run_after=None
[2022-09-24T07:43:51.360+0000] {processor.py:178} INFO - Processing /home/airflow/.local/lib/python3.7/site-packages/airflow/example_dags/example_trigger_target_dag.py took 0.080 seconds
[2022-09-24T07:44:21.609+0000] {processor.py:156} INFO - Started process (PID=33153) to work on /home/airflow/.local/lib/python3.7/site-packages/airflow/example_dags/example_trigger_target_dag.py
[2022-09-24T07:44:21.610+0000] {processor.py:758} INFO - Processing file /home/airflow/.local/lib/python3.7/site-packages/airflow/example_dags/example_trigger_target_dag.py for tasks to queue
[2022-09-24T07:44:21.611+0000] {logging_mixin.py:117} INFO - [2022-09-24T07:44:21.611+0000] {dagbag.py:525} INFO - Filling up the DagBag from /home/airflow/.local/lib/python3.7/site-packages/airflow/example_dags/example_trigger_target_dag.py
[2022-09-24T07:44:21.627+0000] {processor.py:768} INFO - DAG(s) dict_keys(['example_trigger_target_dag']) retrieved from /home/airflow/.local/lib/python3.7/site-packages/airflow/example_dags/example_trigger_target_dag.py
[2022-09-24T07:44:21.656+0000] {logging_mixin.py:117} INFO - [2022-09-24T07:44:21.655+0000] {dag.py:2573} INFO - Sync 1 DAGs
[2022-09-24T07:44:21.675+0000] {logging_mixin.py:117} INFO - [2022-09-24T07:44:21.675+0000] {dag.py:3328} INFO - Setting next_dagrun for example_trigger_target_dag to None, run_after=None
[2022-09-24T07:44:21.692+0000] {processor.py:178} INFO - Processing /home/airflow/.local/lib/python3.7/site-packages/airflow/example_dags/example_trigger_target_dag.py took 0.086 seconds
[2022-09-24T07:44:51.937+0000] {processor.py:156} INFO - Started process (PID=33217) to work on /home/airflow/.local/lib/python3.7/site-packages/airflow/example_dags/example_trigger_target_dag.py
[2022-09-24T07:44:51.939+0000] {processor.py:758} INFO - Processing file /home/airflow/.local/lib/python3.7/site-packages/airflow/example_dags/example_trigger_target_dag.py for tasks to queue
[2022-09-24T07:44:51.941+0000] {logging_mixin.py:117} INFO - [2022-09-24T07:44:51.941+0000] {dagbag.py:525} INFO - Filling up the DagBag from /home/airflow/.local/lib/python3.7/site-packages/airflow/example_dags/example_trigger_target_dag.py
[2022-09-24T07:44:51.954+0000] {processor.py:768} INFO - DAG(s) dict_keys(['example_trigger_target_dag']) retrieved from /home/airflow/.local/lib/python3.7/site-packages/airflow/example_dags/example_trigger_target_dag.py
[2022-09-24T07:44:51.978+0000] {logging_mixin.py:117} INFO - [2022-09-24T07:44:51.978+0000] {dag.py:2573} INFO - Sync 1 DAGs
[2022-09-24T07:44:51.992+0000] {logging_mixin.py:117} INFO - [2022-09-24T07:44:51.992+0000] {dag.py:3328} INFO - Setting next_dagrun for example_trigger_target_dag to None, run_after=None
[2022-09-24T07:44:52.004+0000] {processor.py:178} INFO - Processing /home/airflow/.local/lib/python3.7/site-packages/airflow/example_dags/example_trigger_target_dag.py took 0.070 seconds
[2022-09-24T07:45:22.279+0000] {processor.py:156} INFO - Started process (PID=33281) to work on /home/airflow/.local/lib/python3.7/site-packages/airflow/example_dags/example_trigger_target_dag.py
[2022-09-24T07:45:22.281+0000] {processor.py:758} INFO - Processing file /home/airflow/.local/lib/python3.7/site-packages/airflow/example_dags/example_trigger_target_dag.py for tasks to queue
[2022-09-24T07:45:22.282+0000] {logging_mixin.py:117} INFO - [2022-09-24T07:45:22.282+0000] {dagbag.py:525} INFO - Filling up the DagBag from /home/airflow/.local/lib/python3.7/site-packages/airflow/example_dags/example_trigger_target_dag.py
[2022-09-24T07:45:22.297+0000] {processor.py:768} INFO - DAG(s) dict_keys(['example_trigger_target_dag']) retrieved from /home/airflow/.local/lib/python3.7/site-packages/airflow/example_dags/example_trigger_target_dag.py
[2022-09-24T07:45:22.324+0000] {logging_mixin.py:117} INFO - [2022-09-24T07:45:22.324+0000] {dag.py:2573} INFO - Sync 1 DAGs
[2022-09-24T07:45:22.339+0000] {logging_mixin.py:117} INFO - [2022-09-24T07:45:22.339+0000] {dag.py:3328} INFO - Setting next_dagrun for example_trigger_target_dag to None, run_after=None
[2022-09-24T07:45:22.352+0000] {processor.py:178} INFO - Processing /home/airflow/.local/lib/python3.7/site-packages/airflow/example_dags/example_trigger_target_dag.py took 0.075 seconds
[2022-09-24T07:45:52.539+0000] {processor.py:156} INFO - Started process (PID=33344) to work on /home/airflow/.local/lib/python3.7/site-packages/airflow/example_dags/example_trigger_target_dag.py
[2022-09-24T07:45:52.541+0000] {processor.py:758} INFO - Processing file /home/airflow/.local/lib/python3.7/site-packages/airflow/example_dags/example_trigger_target_dag.py for tasks to queue
[2022-09-24T07:45:52.542+0000] {logging_mixin.py:117} INFO - [2022-09-24T07:45:52.542+0000] {dagbag.py:525} INFO - Filling up the DagBag from /home/airflow/.local/lib/python3.7/site-packages/airflow/example_dags/example_trigger_target_dag.py
[2022-09-24T07:45:52.557+0000] {processor.py:768} INFO - DAG(s) dict_keys(['example_trigger_target_dag']) retrieved from /home/airflow/.local/lib/python3.7/site-packages/airflow/example_dags/example_trigger_target_dag.py
[2022-09-24T07:45:52.584+0000] {logging_mixin.py:117} INFO - [2022-09-24T07:45:52.584+0000] {dag.py:2573} INFO - Sync 1 DAGs
[2022-09-24T07:45:52.599+0000] {logging_mixin.py:117} INFO - [2022-09-24T07:45:52.599+0000] {dag.py:3328} INFO - Setting next_dagrun for example_trigger_target_dag to None, run_after=None
[2022-09-24T07:45:52.612+0000] {processor.py:178} INFO - Processing /home/airflow/.local/lib/python3.7/site-packages/airflow/example_dags/example_trigger_target_dag.py took 0.076 seconds
[2022-09-24T07:46:22.802+0000] {processor.py:156} INFO - Started process (PID=33407) to work on /home/airflow/.local/lib/python3.7/site-packages/airflow/example_dags/example_trigger_target_dag.py
[2022-09-24T07:46:22.803+0000] {processor.py:758} INFO - Processing file /home/airflow/.local/lib/python3.7/site-packages/airflow/example_dags/example_trigger_target_dag.py for tasks to queue
[2022-09-24T07:46:22.805+0000] {logging_mixin.py:117} INFO - [2022-09-24T07:46:22.805+0000] {dagbag.py:525} INFO - Filling up the DagBag from /home/airflow/.local/lib/python3.7/site-packages/airflow/example_dags/example_trigger_target_dag.py
[2022-09-24T07:46:22.821+0000] {processor.py:768} INFO - DAG(s) dict_keys(['example_trigger_target_dag']) retrieved from /home/airflow/.local/lib/python3.7/site-packages/airflow/example_dags/example_trigger_target_dag.py
[2022-09-24T07:46:22.848+0000] {logging_mixin.py:117} INFO - [2022-09-24T07:46:22.848+0000] {dag.py:2573} INFO - Sync 1 DAGs
[2022-09-24T07:46:22.864+0000] {logging_mixin.py:117} INFO - [2022-09-24T07:46:22.864+0000] {dag.py:3328} INFO - Setting next_dagrun for example_trigger_target_dag to None, run_after=None
[2022-09-24T07:46:22.879+0000] {processor.py:178} INFO - Processing /home/airflow/.local/lib/python3.7/site-packages/airflow/example_dags/example_trigger_target_dag.py took 0.080 seconds
[2022-09-24T07:46:53.432+0000] {processor.py:156} INFO - Started process (PID=33471) to work on /home/airflow/.local/lib/python3.7/site-packages/airflow/example_dags/example_trigger_target_dag.py
[2022-09-24T07:46:53.433+0000] {processor.py:758} INFO - Processing file /home/airflow/.local/lib/python3.7/site-packages/airflow/example_dags/example_trigger_target_dag.py for tasks to queue
[2022-09-24T07:46:53.435+0000] {logging_mixin.py:117} INFO - [2022-09-24T07:46:53.435+0000] {dagbag.py:525} INFO - Filling up the DagBag from /home/airflow/.local/lib/python3.7/site-packages/airflow/example_dags/example_trigger_target_dag.py
[2022-09-24T07:46:53.450+0000] {processor.py:768} INFO - DAG(s) dict_keys(['example_trigger_target_dag']) retrieved from /home/airflow/.local/lib/python3.7/site-packages/airflow/example_dags/example_trigger_target_dag.py
[2022-09-24T07:46:53.481+0000] {logging_mixin.py:117} INFO - [2022-09-24T07:46:53.481+0000] {dag.py:2573} INFO - Sync 1 DAGs
[2022-09-24T07:46:53.499+0000] {logging_mixin.py:117} INFO - [2022-09-24T07:46:53.498+0000] {dag.py:3328} INFO - Setting next_dagrun for example_trigger_target_dag to None, run_after=None
[2022-09-24T07:46:53.516+0000] {processor.py:178} INFO - Processing /home/airflow/.local/lib/python3.7/site-packages/airflow/example_dags/example_trigger_target_dag.py took 0.087 seconds
[2022-09-24T08:22:52.923+0000] {processor.py:156} INFO - Started process (PID=33525) to work on /home/airflow/.local/lib/python3.7/site-packages/airflow/example_dags/example_trigger_target_dag.py
[2022-09-24T08:22:52.925+0000] {processor.py:758} INFO - Processing file /home/airflow/.local/lib/python3.7/site-packages/airflow/example_dags/example_trigger_target_dag.py for tasks to queue
[2022-09-24T08:22:52.927+0000] {logging_mixin.py:117} INFO - [2022-09-24T08:22:52.926+0000] {dagbag.py:525} INFO - Filling up the DagBag from /home/airflow/.local/lib/python3.7/site-packages/airflow/example_dags/example_trigger_target_dag.py
[2022-09-24T08:22:52.945+0000] {processor.py:768} INFO - DAG(s) dict_keys(['example_trigger_target_dag']) retrieved from /home/airflow/.local/lib/python3.7/site-packages/airflow/example_dags/example_trigger_target_dag.py
[2022-09-24T08:22:53.033+0000] {logging_mixin.py:117} INFO - [2022-09-24T08:22:53.033+0000] {dag.py:2573} INFO - Sync 1 DAGs
[2022-09-24T08:22:53.069+0000] {logging_mixin.py:117} INFO - [2022-09-24T08:22:53.069+0000] {dag.py:3328} INFO - Setting next_dagrun for example_trigger_target_dag to None, run_after=None
[2022-09-24T08:22:53.102+0000] {processor.py:178} INFO - Processing /home/airflow/.local/lib/python3.7/site-packages/airflow/example_dags/example_trigger_target_dag.py took 0.182 seconds
[2022-09-24T08:25:49.254+0000] {processor.py:156} INFO - Started process (PID=33588) to work on /home/airflow/.local/lib/python3.7/site-packages/airflow/example_dags/example_trigger_target_dag.py
[2022-09-24T08:25:49.256+0000] {processor.py:758} INFO - Processing file /home/airflow/.local/lib/python3.7/site-packages/airflow/example_dags/example_trigger_target_dag.py for tasks to queue
[2022-09-24T08:25:49.258+0000] {logging_mixin.py:117} INFO - [2022-09-24T08:25:49.258+0000] {dagbag.py:525} INFO - Filling up the DagBag from /home/airflow/.local/lib/python3.7/site-packages/airflow/example_dags/example_trigger_target_dag.py
[2022-09-24T08:25:49.288+0000] {processor.py:768} INFO - DAG(s) dict_keys(['example_trigger_target_dag']) retrieved from /home/airflow/.local/lib/python3.7/site-packages/airflow/example_dags/example_trigger_target_dag.py
[2022-09-24T08:25:49.365+0000] {logging_mixin.py:117} INFO - [2022-09-24T08:25:49.365+0000] {dag.py:2573} INFO - Sync 1 DAGs
[2022-09-24T08:25:49.395+0000] {logging_mixin.py:117} INFO - [2022-09-24T08:25:49.395+0000] {dag.py:3328} INFO - Setting next_dagrun for example_trigger_target_dag to None, run_after=None
[2022-09-24T08:25:49.422+0000] {processor.py:178} INFO - Processing /home/airflow/.local/lib/python3.7/site-packages/airflow/example_dags/example_trigger_target_dag.py took 0.171 seconds
[2022-09-24T08:26:19.596+0000] {processor.py:156} INFO - Started process (PID=33649) to work on /home/airflow/.local/lib/python3.7/site-packages/airflow/example_dags/example_trigger_target_dag.py
[2022-09-24T08:26:19.597+0000] {processor.py:758} INFO - Processing file /home/airflow/.local/lib/python3.7/site-packages/airflow/example_dags/example_trigger_target_dag.py for tasks to queue
[2022-09-24T08:26:19.598+0000] {logging_mixin.py:117} INFO - [2022-09-24T08:26:19.598+0000] {dagbag.py:525} INFO - Filling up the DagBag from /home/airflow/.local/lib/python3.7/site-packages/airflow/example_dags/example_trigger_target_dag.py
[2022-09-24T08:26:19.614+0000] {processor.py:768} INFO - DAG(s) dict_keys(['example_trigger_target_dag']) retrieved from /home/airflow/.local/lib/python3.7/site-packages/airflow/example_dags/example_trigger_target_dag.py
[2022-09-24T08:26:19.641+0000] {logging_mixin.py:117} INFO - [2022-09-24T08:26:19.641+0000] {dag.py:2573} INFO - Sync 1 DAGs
[2022-09-24T08:26:19.656+0000] {logging_mixin.py:117} INFO - [2022-09-24T08:26:19.656+0000] {dag.py:3328} INFO - Setting next_dagrun for example_trigger_target_dag to None, run_after=None
[2022-09-24T08:26:19.672+0000] {processor.py:178} INFO - Processing /home/airflow/.local/lib/python3.7/site-packages/airflow/example_dags/example_trigger_target_dag.py took 0.078 seconds
[2022-09-24T08:26:49.984+0000] {processor.py:156} INFO - Started process (PID=33705) to work on /home/airflow/.local/lib/python3.7/site-packages/airflow/example_dags/example_trigger_target_dag.py
[2022-09-24T08:26:49.985+0000] {processor.py:758} INFO - Processing file /home/airflow/.local/lib/python3.7/site-packages/airflow/example_dags/example_trigger_target_dag.py for tasks to queue
[2022-09-24T08:26:49.986+0000] {logging_mixin.py:117} INFO - [2022-09-24T08:26:49.986+0000] {dagbag.py:525} INFO - Filling up the DagBag from /home/airflow/.local/lib/python3.7/site-packages/airflow/example_dags/example_trigger_target_dag.py
[2022-09-24T08:26:50.002+0000] {processor.py:768} INFO - DAG(s) dict_keys(['example_trigger_target_dag']) retrieved from /home/airflow/.local/lib/python3.7/site-packages/airflow/example_dags/example_trigger_target_dag.py
[2022-09-24T08:26:50.030+0000] {logging_mixin.py:117} INFO - [2022-09-24T08:26:50.029+0000] {dag.py:2573} INFO - Sync 1 DAGs
[2022-09-24T08:26:50.046+0000] {logging_mixin.py:117} INFO - [2022-09-24T08:26:50.046+0000] {dag.py:3328} INFO - Setting next_dagrun for example_trigger_target_dag to None, run_after=None
[2022-09-24T08:26:50.059+0000] {processor.py:178} INFO - Processing /home/airflow/.local/lib/python3.7/site-packages/airflow/example_dags/example_trigger_target_dag.py took 0.077 seconds
[2022-09-24T08:27:20.356+0000] {processor.py:156} INFO - Started process (PID=33768) to work on /home/airflow/.local/lib/python3.7/site-packages/airflow/example_dags/example_trigger_target_dag.py
[2022-09-24T08:27:20.358+0000] {processor.py:758} INFO - Processing file /home/airflow/.local/lib/python3.7/site-packages/airflow/example_dags/example_trigger_target_dag.py for tasks to queue
[2022-09-24T08:27:20.360+0000] {logging_mixin.py:117} INFO - [2022-09-24T08:27:20.360+0000] {dagbag.py:525} INFO - Filling up the DagBag from /home/airflow/.local/lib/python3.7/site-packages/airflow/example_dags/example_trigger_target_dag.py
[2022-09-24T08:27:20.377+0000] {processor.py:768} INFO - DAG(s) dict_keys(['example_trigger_target_dag']) retrieved from /home/airflow/.local/lib/python3.7/site-packages/airflow/example_dags/example_trigger_target_dag.py
[2022-09-24T08:27:20.407+0000] {logging_mixin.py:117} INFO - [2022-09-24T08:27:20.407+0000] {dag.py:2573} INFO - Sync 1 DAGs
[2022-09-24T08:27:20.423+0000] {logging_mixin.py:117} INFO - [2022-09-24T08:27:20.423+0000] {dag.py:3328} INFO - Setting next_dagrun for example_trigger_target_dag to None, run_after=None
[2022-09-24T08:27:20.435+0000] {processor.py:178} INFO - Processing /home/airflow/.local/lib/python3.7/site-packages/airflow/example_dags/example_trigger_target_dag.py took 0.081 seconds
[2022-09-24T08:27:50.572+0000] {processor.py:156} INFO - Started process (PID=33830) to work on /home/airflow/.local/lib/python3.7/site-packages/airflow/example_dags/example_trigger_target_dag.py
[2022-09-24T08:27:50.574+0000] {processor.py:758} INFO - Processing file /home/airflow/.local/lib/python3.7/site-packages/airflow/example_dags/example_trigger_target_dag.py for tasks to queue
[2022-09-24T08:27:50.575+0000] {logging_mixin.py:117} INFO - [2022-09-24T08:27:50.575+0000] {dagbag.py:525} INFO - Filling up the DagBag from /home/airflow/.local/lib/python3.7/site-packages/airflow/example_dags/example_trigger_target_dag.py
[2022-09-24T08:27:50.588+0000] {processor.py:768} INFO - DAG(s) dict_keys(['example_trigger_target_dag']) retrieved from /home/airflow/.local/lib/python3.7/site-packages/airflow/example_dags/example_trigger_target_dag.py
[2022-09-24T08:27:50.613+0000] {logging_mixin.py:117} INFO - [2022-09-24T08:27:50.613+0000] {dag.py:2573} INFO - Sync 1 DAGs
[2022-09-24T08:27:50.625+0000] {logging_mixin.py:117} INFO - [2022-09-24T08:27:50.625+0000] {dag.py:3328} INFO - Setting next_dagrun for example_trigger_target_dag to None, run_after=None
[2022-09-24T08:27:50.636+0000] {processor.py:178} INFO - Processing /home/airflow/.local/lib/python3.7/site-packages/airflow/example_dags/example_trigger_target_dag.py took 0.066 seconds
[2022-09-24T08:28:20.858+0000] {processor.py:156} INFO - Started process (PID=33894) to work on /home/airflow/.local/lib/python3.7/site-packages/airflow/example_dags/example_trigger_target_dag.py
[2022-09-24T08:28:20.859+0000] {processor.py:758} INFO - Processing file /home/airflow/.local/lib/python3.7/site-packages/airflow/example_dags/example_trigger_target_dag.py for tasks to queue
[2022-09-24T08:28:20.860+0000] {logging_mixin.py:117} INFO - [2022-09-24T08:28:20.860+0000] {dagbag.py:525} INFO - Filling up the DagBag from /home/airflow/.local/lib/python3.7/site-packages/airflow/example_dags/example_trigger_target_dag.py
[2022-09-24T08:28:20.875+0000] {processor.py:768} INFO - DAG(s) dict_keys(['example_trigger_target_dag']) retrieved from /home/airflow/.local/lib/python3.7/site-packages/airflow/example_dags/example_trigger_target_dag.py
[2022-09-24T08:28:20.900+0000] {logging_mixin.py:117} INFO - [2022-09-24T08:28:20.900+0000] {dag.py:2573} INFO - Sync 1 DAGs
[2022-09-24T08:28:20.914+0000] {logging_mixin.py:117} INFO - [2022-09-24T08:28:20.914+0000] {dag.py:3328} INFO - Setting next_dagrun for example_trigger_target_dag to None, run_after=None
[2022-09-24T08:28:20.927+0000] {processor.py:178} INFO - Processing /home/airflow/.local/lib/python3.7/site-packages/airflow/example_dags/example_trigger_target_dag.py took 0.072 seconds
[2022-09-24T08:28:51.127+0000] {processor.py:156} INFO - Started process (PID=33957) to work on /home/airflow/.local/lib/python3.7/site-packages/airflow/example_dags/example_trigger_target_dag.py
[2022-09-24T08:28:51.128+0000] {processor.py:758} INFO - Processing file /home/airflow/.local/lib/python3.7/site-packages/airflow/example_dags/example_trigger_target_dag.py for tasks to queue
[2022-09-24T08:28:51.130+0000] {logging_mixin.py:117} INFO - [2022-09-24T08:28:51.129+0000] {dagbag.py:525} INFO - Filling up the DagBag from /home/airflow/.local/lib/python3.7/site-packages/airflow/example_dags/example_trigger_target_dag.py
[2022-09-24T08:28:51.143+0000] {processor.py:768} INFO - DAG(s) dict_keys(['example_trigger_target_dag']) retrieved from /home/airflow/.local/lib/python3.7/site-packages/airflow/example_dags/example_trigger_target_dag.py
[2022-09-24T08:28:51.167+0000] {logging_mixin.py:117} INFO - [2022-09-24T08:28:51.167+0000] {dag.py:2573} INFO - Sync 1 DAGs
[2022-09-24T08:28:51.180+0000] {logging_mixin.py:117} INFO - [2022-09-24T08:28:51.180+0000] {dag.py:3328} INFO - Setting next_dagrun for example_trigger_target_dag to None, run_after=None
[2022-09-24T08:28:51.190+0000] {processor.py:178} INFO - Processing /home/airflow/.local/lib/python3.7/site-packages/airflow/example_dags/example_trigger_target_dag.py took 0.065 seconds
[2022-09-24T08:29:21.699+0000] {processor.py:156} INFO - Started process (PID=34021) to work on /home/airflow/.local/lib/python3.7/site-packages/airflow/example_dags/example_trigger_target_dag.py
[2022-09-24T08:29:21.701+0000] {processor.py:758} INFO - Processing file /home/airflow/.local/lib/python3.7/site-packages/airflow/example_dags/example_trigger_target_dag.py for tasks to queue
[2022-09-24T08:29:21.702+0000] {logging_mixin.py:117} INFO - [2022-09-24T08:29:21.702+0000] {dagbag.py:525} INFO - Filling up the DagBag from /home/airflow/.local/lib/python3.7/site-packages/airflow/example_dags/example_trigger_target_dag.py
[2022-09-24T08:29:21.720+0000] {processor.py:768} INFO - DAG(s) dict_keys(['example_trigger_target_dag']) retrieved from /home/airflow/.local/lib/python3.7/site-packages/airflow/example_dags/example_trigger_target_dag.py
[2022-09-24T08:29:21.752+0000] {logging_mixin.py:117} INFO - [2022-09-24T08:29:21.752+0000] {dag.py:2573} INFO - Sync 1 DAGs
[2022-09-24T08:29:21.769+0000] {logging_mixin.py:117} INFO - [2022-09-24T08:29:21.769+0000] {dag.py:3328} INFO - Setting next_dagrun for example_trigger_target_dag to None, run_after=None
[2022-09-24T08:29:21.781+0000] {processor.py:178} INFO - Processing /home/airflow/.local/lib/python3.7/site-packages/airflow/example_dags/example_trigger_target_dag.py took 0.086 seconds
[2022-09-24T08:29:52.026+0000] {processor.py:156} INFO - Started process (PID=34076) to work on /home/airflow/.local/lib/python3.7/site-packages/airflow/example_dags/example_trigger_target_dag.py
[2022-09-24T08:29:52.027+0000] {processor.py:758} INFO - Processing file /home/airflow/.local/lib/python3.7/site-packages/airflow/example_dags/example_trigger_target_dag.py for tasks to queue
[2022-09-24T08:29:52.028+0000] {logging_mixin.py:117} INFO - [2022-09-24T08:29:52.028+0000] {dagbag.py:525} INFO - Filling up the DagBag from /home/airflow/.local/lib/python3.7/site-packages/airflow/example_dags/example_trigger_target_dag.py
[2022-09-24T08:29:52.044+0000] {processor.py:768} INFO - DAG(s) dict_keys(['example_trigger_target_dag']) retrieved from /home/airflow/.local/lib/python3.7/site-packages/airflow/example_dags/example_trigger_target_dag.py
[2022-09-24T08:29:52.071+0000] {logging_mixin.py:117} INFO - [2022-09-24T08:29:52.071+0000] {dag.py:2573} INFO - Sync 1 DAGs
[2022-09-24T08:29:52.087+0000] {logging_mixin.py:117} INFO - [2022-09-24T08:29:52.087+0000] {dag.py:3328} INFO - Setting next_dagrun for example_trigger_target_dag to None, run_after=None
[2022-09-24T08:29:52.099+0000] {processor.py:178} INFO - Processing /home/airflow/.local/lib/python3.7/site-packages/airflow/example_dags/example_trigger_target_dag.py took 0.076 seconds
[2022-09-24T08:30:22.299+0000] {processor.py:156} INFO - Started process (PID=34139) to work on /home/airflow/.local/lib/python3.7/site-packages/airflow/example_dags/example_trigger_target_dag.py
[2022-09-24T08:30:22.301+0000] {processor.py:758} INFO - Processing file /home/airflow/.local/lib/python3.7/site-packages/airflow/example_dags/example_trigger_target_dag.py for tasks to queue
[2022-09-24T08:30:22.302+0000] {logging_mixin.py:117} INFO - [2022-09-24T08:30:22.302+0000] {dagbag.py:525} INFO - Filling up the DagBag from /home/airflow/.local/lib/python3.7/site-packages/airflow/example_dags/example_trigger_target_dag.py
[2022-09-24T08:30:22.317+0000] {processor.py:768} INFO - DAG(s) dict_keys(['example_trigger_target_dag']) retrieved from /home/airflow/.local/lib/python3.7/site-packages/airflow/example_dags/example_trigger_target_dag.py
[2022-09-24T08:30:22.343+0000] {logging_mixin.py:117} INFO - [2022-09-24T08:30:22.343+0000] {dag.py:2573} INFO - Sync 1 DAGs
[2022-09-24T08:30:22.359+0000] {logging_mixin.py:117} INFO - [2022-09-24T08:30:22.359+0000] {dag.py:3328} INFO - Setting next_dagrun for example_trigger_target_dag to None, run_after=None
[2022-09-24T08:30:22.373+0000] {processor.py:178} INFO - Processing /home/airflow/.local/lib/python3.7/site-packages/airflow/example_dags/example_trigger_target_dag.py took 0.076 seconds
[2022-09-24T08:30:52.615+0000] {processor.py:156} INFO - Started process (PID=34203) to work on /home/airflow/.local/lib/python3.7/site-packages/airflow/example_dags/example_trigger_target_dag.py
[2022-09-24T08:30:52.617+0000] {processor.py:758} INFO - Processing file /home/airflow/.local/lib/python3.7/site-packages/airflow/example_dags/example_trigger_target_dag.py for tasks to queue
[2022-09-24T08:30:52.619+0000] {logging_mixin.py:117} INFO - [2022-09-24T08:30:52.619+0000] {dagbag.py:525} INFO - Filling up the DagBag from /home/airflow/.local/lib/python3.7/site-packages/airflow/example_dags/example_trigger_target_dag.py
[2022-09-24T08:30:52.633+0000] {processor.py:768} INFO - DAG(s) dict_keys(['example_trigger_target_dag']) retrieved from /home/airflow/.local/lib/python3.7/site-packages/airflow/example_dags/example_trigger_target_dag.py
[2022-09-24T08:30:52.658+0000] {logging_mixin.py:117} INFO - [2022-09-24T08:30:52.658+0000] {dag.py:2573} INFO - Sync 1 DAGs
[2022-09-24T08:30:52.673+0000] {logging_mixin.py:117} INFO - [2022-09-24T08:30:52.673+0000] {dag.py:3328} INFO - Setting next_dagrun for example_trigger_target_dag to None, run_after=None
[2022-09-24T08:30:52.685+0000] {processor.py:178} INFO - Processing /home/airflow/.local/lib/python3.7/site-packages/airflow/example_dags/example_trigger_target_dag.py took 0.072 seconds
[2022-09-24T08:31:22.887+0000] {processor.py:156} INFO - Started process (PID=34265) to work on /home/airflow/.local/lib/python3.7/site-packages/airflow/example_dags/example_trigger_target_dag.py
[2022-09-24T08:31:22.889+0000] {processor.py:758} INFO - Processing file /home/airflow/.local/lib/python3.7/site-packages/airflow/example_dags/example_trigger_target_dag.py for tasks to queue
[2022-09-24T08:31:22.890+0000] {logging_mixin.py:117} INFO - [2022-09-24T08:31:22.890+0000] {dagbag.py:525} INFO - Filling up the DagBag from /home/airflow/.local/lib/python3.7/site-packages/airflow/example_dags/example_trigger_target_dag.py
[2022-09-24T08:31:22.905+0000] {processor.py:768} INFO - DAG(s) dict_keys(['example_trigger_target_dag']) retrieved from /home/airflow/.local/lib/python3.7/site-packages/airflow/example_dags/example_trigger_target_dag.py
[2022-09-24T08:31:22.935+0000] {logging_mixin.py:117} INFO - [2022-09-24T08:31:22.935+0000] {dag.py:2573} INFO - Sync 1 DAGs
[2022-09-24T08:31:22.951+0000] {logging_mixin.py:117} INFO - [2022-09-24T08:31:22.950+0000] {dag.py:3328} INFO - Setting next_dagrun for example_trigger_target_dag to None, run_after=None
[2022-09-24T08:31:22.963+0000] {processor.py:178} INFO - Processing /home/airflow/.local/lib/python3.7/site-packages/airflow/example_dags/example_trigger_target_dag.py took 0.077 seconds
[2022-09-24T08:31:53.110+0000] {processor.py:156} INFO - Started process (PID=34327) to work on /home/airflow/.local/lib/python3.7/site-packages/airflow/example_dags/example_trigger_target_dag.py
[2022-09-24T08:31:53.112+0000] {processor.py:758} INFO - Processing file /home/airflow/.local/lib/python3.7/site-packages/airflow/example_dags/example_trigger_target_dag.py for tasks to queue
[2022-09-24T08:31:53.113+0000] {logging_mixin.py:117} INFO - [2022-09-24T08:31:53.113+0000] {dagbag.py:525} INFO - Filling up the DagBag from /home/airflow/.local/lib/python3.7/site-packages/airflow/example_dags/example_trigger_target_dag.py
[2022-09-24T08:31:53.128+0000] {processor.py:768} INFO - DAG(s) dict_keys(['example_trigger_target_dag']) retrieved from /home/airflow/.local/lib/python3.7/site-packages/airflow/example_dags/example_trigger_target_dag.py
[2022-09-24T08:31:53.156+0000] {logging_mixin.py:117} INFO - [2022-09-24T08:31:53.156+0000] {dag.py:2573} INFO - Sync 1 DAGs
[2022-09-24T08:31:53.172+0000] {logging_mixin.py:117} INFO - [2022-09-24T08:31:53.172+0000] {dag.py:3328} INFO - Setting next_dagrun for example_trigger_target_dag to None, run_after=None
[2022-09-24T08:31:53.185+0000] {processor.py:178} INFO - Processing /home/airflow/.local/lib/python3.7/site-packages/airflow/example_dags/example_trigger_target_dag.py took 0.077 seconds
[2022-09-24T08:32:23.380+0000] {processor.py:156} INFO - Started process (PID=34389) to work on /home/airflow/.local/lib/python3.7/site-packages/airflow/example_dags/example_trigger_target_dag.py
[2022-09-24T08:32:23.382+0000] {processor.py:758} INFO - Processing file /home/airflow/.local/lib/python3.7/site-packages/airflow/example_dags/example_trigger_target_dag.py for tasks to queue
[2022-09-24T08:32:23.383+0000] {logging_mixin.py:117} INFO - [2022-09-24T08:32:23.383+0000] {dagbag.py:525} INFO - Filling up the DagBag from /home/airflow/.local/lib/python3.7/site-packages/airflow/example_dags/example_trigger_target_dag.py
[2022-09-24T08:32:23.399+0000] {processor.py:768} INFO - DAG(s) dict_keys(['example_trigger_target_dag']) retrieved from /home/airflow/.local/lib/python3.7/site-packages/airflow/example_dags/example_trigger_target_dag.py
[2022-09-24T08:32:23.428+0000] {logging_mixin.py:117} INFO - [2022-09-24T08:32:23.427+0000] {dag.py:2573} INFO - Sync 1 DAGs
[2022-09-24T08:32:23.444+0000] {logging_mixin.py:117} INFO - [2022-09-24T08:32:23.443+0000] {dag.py:3328} INFO - Setting next_dagrun for example_trigger_target_dag to None, run_after=None
[2022-09-24T08:32:23.459+0000] {processor.py:178} INFO - Processing /home/airflow/.local/lib/python3.7/site-packages/airflow/example_dags/example_trigger_target_dag.py took 0.081 seconds
[2022-09-24T08:32:53.859+0000] {processor.py:156} INFO - Started process (PID=34443) to work on /home/airflow/.local/lib/python3.7/site-packages/airflow/example_dags/example_trigger_target_dag.py
[2022-09-24T08:32:53.861+0000] {processor.py:758} INFO - Processing file /home/airflow/.local/lib/python3.7/site-packages/airflow/example_dags/example_trigger_target_dag.py for tasks to queue
[2022-09-24T08:32:53.862+0000] {logging_mixin.py:117} INFO - [2022-09-24T08:32:53.862+0000] {dagbag.py:525} INFO - Filling up the DagBag from /home/airflow/.local/lib/python3.7/site-packages/airflow/example_dags/example_trigger_target_dag.py
[2022-09-24T08:32:53.879+0000] {processor.py:768} INFO - DAG(s) dict_keys(['example_trigger_target_dag']) retrieved from /home/airflow/.local/lib/python3.7/site-packages/airflow/example_dags/example_trigger_target_dag.py
[2022-09-24T08:32:53.910+0000] {logging_mixin.py:117} INFO - [2022-09-24T08:32:53.910+0000] {dag.py:2573} INFO - Sync 1 DAGs
[2022-09-24T08:32:53.931+0000] {logging_mixin.py:117} INFO - [2022-09-24T08:32:53.931+0000] {dag.py:3328} INFO - Setting next_dagrun for example_trigger_target_dag to None, run_after=None
[2022-09-24T08:32:53.944+0000] {processor.py:178} INFO - Processing /home/airflow/.local/lib/python3.7/site-packages/airflow/example_dags/example_trigger_target_dag.py took 0.088 seconds
[2022-09-24T08:33:24.201+0000] {processor.py:156} INFO - Started process (PID=34506) to work on /home/airflow/.local/lib/python3.7/site-packages/airflow/example_dags/example_trigger_target_dag.py
[2022-09-24T08:33:24.202+0000] {processor.py:758} INFO - Processing file /home/airflow/.local/lib/python3.7/site-packages/airflow/example_dags/example_trigger_target_dag.py for tasks to queue
[2022-09-24T08:33:24.204+0000] {logging_mixin.py:117} INFO - [2022-09-24T08:33:24.204+0000] {dagbag.py:525} INFO - Filling up the DagBag from /home/airflow/.local/lib/python3.7/site-packages/airflow/example_dags/example_trigger_target_dag.py
[2022-09-24T08:33:24.221+0000] {processor.py:768} INFO - DAG(s) dict_keys(['example_trigger_target_dag']) retrieved from /home/airflow/.local/lib/python3.7/site-packages/airflow/example_dags/example_trigger_target_dag.py
[2022-09-24T08:33:24.252+0000] {logging_mixin.py:117} INFO - [2022-09-24T08:33:24.252+0000] {dag.py:2573} INFO - Sync 1 DAGs
[2022-09-24T08:33:24.272+0000] {logging_mixin.py:117} INFO - [2022-09-24T08:33:24.271+0000] {dag.py:3328} INFO - Setting next_dagrun for example_trigger_target_dag to None, run_after=None
[2022-09-24T08:33:24.286+0000] {processor.py:178} INFO - Processing /home/airflow/.local/lib/python3.7/site-packages/airflow/example_dags/example_trigger_target_dag.py took 0.087 seconds
[2022-09-24T08:33:54.663+0000] {processor.py:156} INFO - Started process (PID=34569) to work on /home/airflow/.local/lib/python3.7/site-packages/airflow/example_dags/example_trigger_target_dag.py
[2022-09-24T08:33:54.664+0000] {processor.py:758} INFO - Processing file /home/airflow/.local/lib/python3.7/site-packages/airflow/example_dags/example_trigger_target_dag.py for tasks to queue
[2022-09-24T08:33:54.665+0000] {logging_mixin.py:117} INFO - [2022-09-24T08:33:54.665+0000] {dagbag.py:525} INFO - Filling up the DagBag from /home/airflow/.local/lib/python3.7/site-packages/airflow/example_dags/example_trigger_target_dag.py
[2022-09-24T08:33:54.679+0000] {processor.py:768} INFO - DAG(s) dict_keys(['example_trigger_target_dag']) retrieved from /home/airflow/.local/lib/python3.7/site-packages/airflow/example_dags/example_trigger_target_dag.py
[2022-09-24T08:33:54.703+0000] {logging_mixin.py:117} INFO - [2022-09-24T08:33:54.703+0000] {dag.py:2573} INFO - Sync 1 DAGs
[2022-09-24T08:33:54.716+0000] {logging_mixin.py:117} INFO - [2022-09-24T08:33:54.715+0000] {dag.py:3328} INFO - Setting next_dagrun for example_trigger_target_dag to None, run_after=None
[2022-09-24T08:33:54.726+0000] {processor.py:178} INFO - Processing /home/airflow/.local/lib/python3.7/site-packages/airflow/example_dags/example_trigger_target_dag.py took 0.066 seconds
[2022-09-24T08:34:24.942+0000] {processor.py:156} INFO - Started process (PID=34632) to work on /home/airflow/.local/lib/python3.7/site-packages/airflow/example_dags/example_trigger_target_dag.py
[2022-09-24T08:34:24.944+0000] {processor.py:758} INFO - Processing file /home/airflow/.local/lib/python3.7/site-packages/airflow/example_dags/example_trigger_target_dag.py for tasks to queue
[2022-09-24T08:34:24.945+0000] {logging_mixin.py:117} INFO - [2022-09-24T08:34:24.945+0000] {dagbag.py:525} INFO - Filling up the DagBag from /home/airflow/.local/lib/python3.7/site-packages/airflow/example_dags/example_trigger_target_dag.py
[2022-09-24T08:34:24.962+0000] {processor.py:768} INFO - DAG(s) dict_keys(['example_trigger_target_dag']) retrieved from /home/airflow/.local/lib/python3.7/site-packages/airflow/example_dags/example_trigger_target_dag.py
[2022-09-24T08:34:24.988+0000] {logging_mixin.py:117} INFO - [2022-09-24T08:34:24.988+0000] {dag.py:2573} INFO - Sync 1 DAGs
[2022-09-24T08:34:25.004+0000] {logging_mixin.py:117} INFO - [2022-09-24T08:34:25.004+0000] {dag.py:3328} INFO - Setting next_dagrun for example_trigger_target_dag to None, run_after=None
[2022-09-24T08:34:25.017+0000] {processor.py:178} INFO - Processing /home/airflow/.local/lib/python3.7/site-packages/airflow/example_dags/example_trigger_target_dag.py took 0.079 seconds
[2022-09-24T08:34:55.219+0000] {processor.py:156} INFO - Started process (PID=34694) to work on /home/airflow/.local/lib/python3.7/site-packages/airflow/example_dags/example_trigger_target_dag.py
[2022-09-24T08:34:55.220+0000] {processor.py:758} INFO - Processing file /home/airflow/.local/lib/python3.7/site-packages/airflow/example_dags/example_trigger_target_dag.py for tasks to queue
[2022-09-24T08:34:55.221+0000] {logging_mixin.py:117} INFO - [2022-09-24T08:34:55.221+0000] {dagbag.py:525} INFO - Filling up the DagBag from /home/airflow/.local/lib/python3.7/site-packages/airflow/example_dags/example_trigger_target_dag.py
[2022-09-24T08:34:55.234+0000] {processor.py:768} INFO - DAG(s) dict_keys(['example_trigger_target_dag']) retrieved from /home/airflow/.local/lib/python3.7/site-packages/airflow/example_dags/example_trigger_target_dag.py
[2022-09-24T08:34:55.259+0000] {logging_mixin.py:117} INFO - [2022-09-24T08:34:55.259+0000] {dag.py:2573} INFO - Sync 1 DAGs
[2022-09-24T08:34:55.274+0000] {logging_mixin.py:117} INFO - [2022-09-24T08:34:55.274+0000] {dag.py:3328} INFO - Setting next_dagrun for example_trigger_target_dag to None, run_after=None
[2022-09-24T08:34:55.287+0000] {processor.py:178} INFO - Processing /home/airflow/.local/lib/python3.7/site-packages/airflow/example_dags/example_trigger_target_dag.py took 0.070 seconds
[2022-09-24T08:35:25.805+0000] {processor.py:156} INFO - Started process (PID=34758) to work on /home/airflow/.local/lib/python3.7/site-packages/airflow/example_dags/example_trigger_target_dag.py
[2022-09-24T08:35:25.807+0000] {processor.py:758} INFO - Processing file /home/airflow/.local/lib/python3.7/site-packages/airflow/example_dags/example_trigger_target_dag.py for tasks to queue
[2022-09-24T08:35:25.808+0000] {logging_mixin.py:117} INFO - [2022-09-24T08:35:25.808+0000] {dagbag.py:525} INFO - Filling up the DagBag from /home/airflow/.local/lib/python3.7/site-packages/airflow/example_dags/example_trigger_target_dag.py
[2022-09-24T08:35:25.826+0000] {processor.py:768} INFO - DAG(s) dict_keys(['example_trigger_target_dag']) retrieved from /home/airflow/.local/lib/python3.7/site-packages/airflow/example_dags/example_trigger_target_dag.py
[2022-09-24T08:35:25.866+0000] {logging_mixin.py:117} INFO - [2022-09-24T08:35:25.866+0000] {dag.py:2573} INFO - Sync 1 DAGs
[2022-09-24T08:35:25.896+0000] {logging_mixin.py:117} INFO - [2022-09-24T08:35:25.896+0000] {dag.py:3328} INFO - Setting next_dagrun for example_trigger_target_dag to None, run_after=None
[2022-09-24T08:35:25.912+0000] {processor.py:178} INFO - Processing /home/airflow/.local/lib/python3.7/site-packages/airflow/example_dags/example_trigger_target_dag.py took 0.111 seconds
[2022-09-24T08:35:56.114+0000] {processor.py:156} INFO - Started process (PID=34812) to work on /home/airflow/.local/lib/python3.7/site-packages/airflow/example_dags/example_trigger_target_dag.py
[2022-09-24T08:35:56.115+0000] {processor.py:758} INFO - Processing file /home/airflow/.local/lib/python3.7/site-packages/airflow/example_dags/example_trigger_target_dag.py for tasks to queue
[2022-09-24T08:35:56.116+0000] {logging_mixin.py:117} INFO - [2022-09-24T08:35:56.116+0000] {dagbag.py:525} INFO - Filling up the DagBag from /home/airflow/.local/lib/python3.7/site-packages/airflow/example_dags/example_trigger_target_dag.py
[2022-09-24T08:35:56.132+0000] {processor.py:768} INFO - DAG(s) dict_keys(['example_trigger_target_dag']) retrieved from /home/airflow/.local/lib/python3.7/site-packages/airflow/example_dags/example_trigger_target_dag.py
[2022-09-24T08:35:56.165+0000] {logging_mixin.py:117} INFO - [2022-09-24T08:35:56.165+0000] {dag.py:2573} INFO - Sync 1 DAGs
[2022-09-24T08:35:56.181+0000] {logging_mixin.py:117} INFO - [2022-09-24T08:35:56.181+0000] {dag.py:3328} INFO - Setting next_dagrun for example_trigger_target_dag to None, run_after=None
[2022-09-24T08:35:56.196+0000] {processor.py:178} INFO - Processing /home/airflow/.local/lib/python3.7/site-packages/airflow/example_dags/example_trigger_target_dag.py took 0.085 seconds
[2022-09-24T08:36:26.330+0000] {processor.py:156} INFO - Started process (PID=34875) to work on /home/airflow/.local/lib/python3.7/site-packages/airflow/example_dags/example_trigger_target_dag.py
[2022-09-24T08:36:26.332+0000] {processor.py:758} INFO - Processing file /home/airflow/.local/lib/python3.7/site-packages/airflow/example_dags/example_trigger_target_dag.py for tasks to queue
[2022-09-24T08:36:26.333+0000] {logging_mixin.py:117} INFO - [2022-09-24T08:36:26.333+0000] {dagbag.py:525} INFO - Filling up the DagBag from /home/airflow/.local/lib/python3.7/site-packages/airflow/example_dags/example_trigger_target_dag.py
[2022-09-24T08:36:26.346+0000] {processor.py:768} INFO - DAG(s) dict_keys(['example_trigger_target_dag']) retrieved from /home/airflow/.local/lib/python3.7/site-packages/airflow/example_dags/example_trigger_target_dag.py
[2022-09-24T08:36:26.371+0000] {logging_mixin.py:117} INFO - [2022-09-24T08:36:26.371+0000] {dag.py:2573} INFO - Sync 1 DAGs
[2022-09-24T08:36:26.385+0000] {logging_mixin.py:117} INFO - [2022-09-24T08:36:26.385+0000] {dag.py:3328} INFO - Setting next_dagrun for example_trigger_target_dag to None, run_after=None
[2022-09-24T08:36:26.396+0000] {processor.py:178} INFO - Processing /home/airflow/.local/lib/python3.7/site-packages/airflow/example_dags/example_trigger_target_dag.py took 0.068 seconds
[2022-09-24T08:36:56.690+0000] {processor.py:156} INFO - Started process (PID=34938) to work on /home/airflow/.local/lib/python3.7/site-packages/airflow/example_dags/example_trigger_target_dag.py
[2022-09-24T08:36:56.691+0000] {processor.py:758} INFO - Processing file /home/airflow/.local/lib/python3.7/site-packages/airflow/example_dags/example_trigger_target_dag.py for tasks to queue
[2022-09-24T08:36:56.692+0000] {logging_mixin.py:117} INFO - [2022-09-24T08:36:56.692+0000] {dagbag.py:525} INFO - Filling up the DagBag from /home/airflow/.local/lib/python3.7/site-packages/airflow/example_dags/example_trigger_target_dag.py
[2022-09-24T08:36:56.711+0000] {processor.py:768} INFO - DAG(s) dict_keys(['example_trigger_target_dag']) retrieved from /home/airflow/.local/lib/python3.7/site-packages/airflow/example_dags/example_trigger_target_dag.py
[2022-09-24T08:36:56.740+0000] {logging_mixin.py:117} INFO - [2022-09-24T08:36:56.740+0000] {dag.py:2573} INFO - Sync 1 DAGs
[2022-09-24T08:36:56.756+0000] {logging_mixin.py:117} INFO - [2022-09-24T08:36:56.755+0000] {dag.py:3328} INFO - Setting next_dagrun for example_trigger_target_dag to None, run_after=None
[2022-09-24T08:36:56.769+0000] {processor.py:178} INFO - Processing /home/airflow/.local/lib/python3.7/site-packages/airflow/example_dags/example_trigger_target_dag.py took 0.081 seconds
[2022-09-24T08:37:27.064+0000] {processor.py:156} INFO - Started process (PID=35002) to work on /home/airflow/.local/lib/python3.7/site-packages/airflow/example_dags/example_trigger_target_dag.py
[2022-09-24T08:37:27.066+0000] {processor.py:758} INFO - Processing file /home/airflow/.local/lib/python3.7/site-packages/airflow/example_dags/example_trigger_target_dag.py for tasks to queue
[2022-09-24T08:37:27.067+0000] {logging_mixin.py:117} INFO - [2022-09-24T08:37:27.067+0000] {dagbag.py:525} INFO - Filling up the DagBag from /home/airflow/.local/lib/python3.7/site-packages/airflow/example_dags/example_trigger_target_dag.py
[2022-09-24T08:37:27.084+0000] {processor.py:768} INFO - DAG(s) dict_keys(['example_trigger_target_dag']) retrieved from /home/airflow/.local/lib/python3.7/site-packages/airflow/example_dags/example_trigger_target_dag.py
[2022-09-24T08:37:27.114+0000] {logging_mixin.py:117} INFO - [2022-09-24T08:37:27.114+0000] {dag.py:2573} INFO - Sync 1 DAGs
[2022-09-24T08:37:27.129+0000] {logging_mixin.py:117} INFO - [2022-09-24T08:37:27.129+0000] {dag.py:3328} INFO - Setting next_dagrun for example_trigger_target_dag to None, run_after=None
[2022-09-24T08:37:27.140+0000] {processor.py:178} INFO - Processing /home/airflow/.local/lib/python3.7/site-packages/airflow/example_dags/example_trigger_target_dag.py took 0.078 seconds
[2022-09-24T08:37:57.482+0000] {processor.py:156} INFO - Started process (PID=35063) to work on /home/airflow/.local/lib/python3.7/site-packages/airflow/example_dags/example_trigger_target_dag.py
[2022-09-24T08:37:57.483+0000] {processor.py:758} INFO - Processing file /home/airflow/.local/lib/python3.7/site-packages/airflow/example_dags/example_trigger_target_dag.py for tasks to queue
[2022-09-24T08:37:57.484+0000] {logging_mixin.py:117} INFO - [2022-09-24T08:37:57.484+0000] {dagbag.py:525} INFO - Filling up the DagBag from /home/airflow/.local/lib/python3.7/site-packages/airflow/example_dags/example_trigger_target_dag.py
[2022-09-24T08:37:57.498+0000] {processor.py:768} INFO - DAG(s) dict_keys(['example_trigger_target_dag']) retrieved from /home/airflow/.local/lib/python3.7/site-packages/airflow/example_dags/example_trigger_target_dag.py
[2022-09-24T08:37:57.523+0000] {logging_mixin.py:117} INFO - [2022-09-24T08:37:57.523+0000] {dag.py:2573} INFO - Sync 1 DAGs
[2022-09-24T08:37:57.536+0000] {logging_mixin.py:117} INFO - [2022-09-24T08:37:57.536+0000] {dag.py:3328} INFO - Setting next_dagrun for example_trigger_target_dag to None, run_after=None
[2022-09-24T08:37:57.547+0000] {processor.py:178} INFO - Processing /home/airflow/.local/lib/python3.7/site-packages/airflow/example_dags/example_trigger_target_dag.py took 0.068 seconds
[2022-09-24T08:38:27.777+0000] {processor.py:156} INFO - Started process (PID=35126) to work on /home/airflow/.local/lib/python3.7/site-packages/airflow/example_dags/example_trigger_target_dag.py
[2022-09-24T08:38:27.779+0000] {processor.py:758} INFO - Processing file /home/airflow/.local/lib/python3.7/site-packages/airflow/example_dags/example_trigger_target_dag.py for tasks to queue
[2022-09-24T08:38:27.780+0000] {logging_mixin.py:117} INFO - [2022-09-24T08:38:27.780+0000] {dagbag.py:525} INFO - Filling up the DagBag from /home/airflow/.local/lib/python3.7/site-packages/airflow/example_dags/example_trigger_target_dag.py
[2022-09-24T08:38:27.797+0000] {processor.py:768} INFO - DAG(s) dict_keys(['example_trigger_target_dag']) retrieved from /home/airflow/.local/lib/python3.7/site-packages/airflow/example_dags/example_trigger_target_dag.py
[2022-09-24T08:38:27.837+0000] {logging_mixin.py:117} INFO - [2022-09-24T08:38:27.837+0000] {dag.py:2573} INFO - Sync 1 DAGs
[2022-09-24T08:38:27.860+0000] {logging_mixin.py:117} INFO - [2022-09-24T08:38:27.860+0000] {dag.py:3328} INFO - Setting next_dagrun for example_trigger_target_dag to None, run_after=None
[2022-09-24T08:38:27.883+0000] {processor.py:178} INFO - Processing /home/airflow/.local/lib/python3.7/site-packages/airflow/example_dags/example_trigger_target_dag.py took 0.109 seconds
[2022-09-24T08:38:58.051+0000] {processor.py:156} INFO - Started process (PID=35182) to work on /home/airflow/.local/lib/python3.7/site-packages/airflow/example_dags/example_trigger_target_dag.py
[2022-09-24T08:38:58.053+0000] {processor.py:758} INFO - Processing file /home/airflow/.local/lib/python3.7/site-packages/airflow/example_dags/example_trigger_target_dag.py for tasks to queue
[2022-09-24T08:38:58.054+0000] {logging_mixin.py:117} INFO - [2022-09-24T08:38:58.054+0000] {dagbag.py:525} INFO - Filling up the DagBag from /home/airflow/.local/lib/python3.7/site-packages/airflow/example_dags/example_trigger_target_dag.py
[2022-09-24T08:38:58.071+0000] {processor.py:768} INFO - DAG(s) dict_keys(['example_trigger_target_dag']) retrieved from /home/airflow/.local/lib/python3.7/site-packages/airflow/example_dags/example_trigger_target_dag.py
[2022-09-24T08:38:58.097+0000] {logging_mixin.py:117} INFO - [2022-09-24T08:38:58.097+0000] {dag.py:2573} INFO - Sync 1 DAGs
[2022-09-24T08:38:58.115+0000] {logging_mixin.py:117} INFO - [2022-09-24T08:38:58.115+0000] {dag.py:3328} INFO - Setting next_dagrun for example_trigger_target_dag to None, run_after=None
[2022-09-24T08:38:58.129+0000] {processor.py:178} INFO - Processing /home/airflow/.local/lib/python3.7/site-packages/airflow/example_dags/example_trigger_target_dag.py took 0.080 seconds
[2022-09-24T08:39:28.304+0000] {processor.py:156} INFO - Started process (PID=35245) to work on /home/airflow/.local/lib/python3.7/site-packages/airflow/example_dags/example_trigger_target_dag.py
[2022-09-24T08:39:28.305+0000] {processor.py:758} INFO - Processing file /home/airflow/.local/lib/python3.7/site-packages/airflow/example_dags/example_trigger_target_dag.py for tasks to queue
[2022-09-24T08:39:28.307+0000] {logging_mixin.py:117} INFO - [2022-09-24T08:39:28.307+0000] {dagbag.py:525} INFO - Filling up the DagBag from /home/airflow/.local/lib/python3.7/site-packages/airflow/example_dags/example_trigger_target_dag.py
[2022-09-24T08:39:28.320+0000] {processor.py:768} INFO - DAG(s) dict_keys(['example_trigger_target_dag']) retrieved from /home/airflow/.local/lib/python3.7/site-packages/airflow/example_dags/example_trigger_target_dag.py
[2022-09-24T08:39:28.345+0000] {logging_mixin.py:117} INFO - [2022-09-24T08:39:28.345+0000] {dag.py:2573} INFO - Sync 1 DAGs
[2022-09-24T08:39:28.358+0000] {logging_mixin.py:117} INFO - [2022-09-24T08:39:28.358+0000] {dag.py:3328} INFO - Setting next_dagrun for example_trigger_target_dag to None, run_after=None
[2022-09-24T08:39:28.368+0000] {processor.py:178} INFO - Processing /home/airflow/.local/lib/python3.7/site-packages/airflow/example_dags/example_trigger_target_dag.py took 0.067 seconds
[2022-09-24T08:39:58.943+0000] {processor.py:156} INFO - Started process (PID=35307) to work on /home/airflow/.local/lib/python3.7/site-packages/airflow/example_dags/example_trigger_target_dag.py
[2022-09-24T08:39:58.945+0000] {processor.py:758} INFO - Processing file /home/airflow/.local/lib/python3.7/site-packages/airflow/example_dags/example_trigger_target_dag.py for tasks to queue
[2022-09-24T08:39:58.946+0000] {logging_mixin.py:117} INFO - [2022-09-24T08:39:58.946+0000] {dagbag.py:525} INFO - Filling up the DagBag from /home/airflow/.local/lib/python3.7/site-packages/airflow/example_dags/example_trigger_target_dag.py
[2022-09-24T08:39:58.963+0000] {processor.py:768} INFO - DAG(s) dict_keys(['example_trigger_target_dag']) retrieved from /home/airflow/.local/lib/python3.7/site-packages/airflow/example_dags/example_trigger_target_dag.py
[2022-09-24T08:39:58.994+0000] {logging_mixin.py:117} INFO - [2022-09-24T08:39:58.994+0000] {dag.py:2573} INFO - Sync 1 DAGs
[2022-09-24T08:39:59.012+0000] {logging_mixin.py:117} INFO - [2022-09-24T08:39:59.012+0000] {dag.py:3328} INFO - Setting next_dagrun for example_trigger_target_dag to None, run_after=None
[2022-09-24T08:39:59.024+0000] {processor.py:178} INFO - Processing /home/airflow/.local/lib/python3.7/site-packages/airflow/example_dags/example_trigger_target_dag.py took 0.083 seconds
[2022-09-24T09:07:12.411+0000] {processor.py:156} INFO - Started process (PID=35362) to work on /home/airflow/.local/lib/python3.7/site-packages/airflow/example_dags/example_trigger_target_dag.py
[2022-09-24T09:07:12.415+0000] {processor.py:758} INFO - Processing file /home/airflow/.local/lib/python3.7/site-packages/airflow/example_dags/example_trigger_target_dag.py for tasks to queue
[2022-09-24T09:07:12.417+0000] {logging_mixin.py:117} INFO - [2022-09-24T09:07:12.417+0000] {dagbag.py:525} INFO - Filling up the DagBag from /home/airflow/.local/lib/python3.7/site-packages/airflow/example_dags/example_trigger_target_dag.py
[2022-09-24T09:07:12.444+0000] {processor.py:768} INFO - DAG(s) dict_keys(['example_trigger_target_dag']) retrieved from /home/airflow/.local/lib/python3.7/site-packages/airflow/example_dags/example_trigger_target_dag.py
[2022-09-24T09:07:12.498+0000] {logging_mixin.py:117} INFO - [2022-09-24T09:07:12.498+0000] {dag.py:2573} INFO - Sync 1 DAGs
[2022-09-24T09:07:12.521+0000] {logging_mixin.py:117} INFO - [2022-09-24T09:07:12.521+0000] {dag.py:3328} INFO - Setting next_dagrun for example_trigger_target_dag to None, run_after=None
[2022-09-24T09:07:12.543+0000] {processor.py:178} INFO - Processing /home/airflow/.local/lib/python3.7/site-packages/airflow/example_dags/example_trigger_target_dag.py took 0.134 seconds
