[2022-09-24T01:04:08.796+0000] {processor.py:156} INFO - Started process (PID=32096) to work on /home/airflow/.local/lib/python3.7/site-packages/airflow/example_dags/example_latest_only_with_trigger.py
[2022-09-24T01:04:08.799+0000] {processor.py:758} INFO - Processing file /home/airflow/.local/lib/python3.7/site-packages/airflow/example_dags/example_latest_only_with_trigger.py for tasks to queue
[2022-09-24T01:04:08.800+0000] {logging_mixin.py:117} INFO - [2022-09-24T01:04:08.800+0000] {dagbag.py:525} INFO - Filling up the DagBag from /home/airflow/.local/lib/python3.7/site-packages/airflow/example_dags/example_latest_only_with_trigger.py
[2022-09-24T01:04:08.822+0000] {processor.py:768} INFO - DAG(s) dict_keys(['latest_only_with_trigger']) retrieved from /home/airflow/.local/lib/python3.7/site-packages/airflow/example_dags/example_latest_only_with_trigger.py
[2022-09-24T01:04:08.900+0000] {logging_mixin.py:117} INFO - [2022-09-24T01:04:08.900+0000] {dag.py:2573} INFO - Sync 1 DAGs
[2022-09-24T01:04:08.945+0000] {logging_mixin.py:117} INFO - [2022-09-24T01:04:08.945+0000] {dag.py:3328} INFO - Setting next_dagrun for latest_only_with_trigger to 2022-09-23T21:04:08.945379+00:00, run_after=2022-09-24T01:04:08.945379+00:00
[2022-09-24T01:04:08.973+0000] {processor.py:178} INFO - Processing /home/airflow/.local/lib/python3.7/site-packages/airflow/example_dags/example_latest_only_with_trigger.py took 0.182 seconds
[2022-09-24T02:26:59.570+0000] {processor.py:156} INFO - Started process (PID=32150) to work on /home/airflow/.local/lib/python3.7/site-packages/airflow/example_dags/example_latest_only_with_trigger.py
[2022-09-24T02:26:59.574+0000] {processor.py:758} INFO - Processing file /home/airflow/.local/lib/python3.7/site-packages/airflow/example_dags/example_latest_only_with_trigger.py for tasks to queue
[2022-09-24T02:26:59.591+0000] {logging_mixin.py:117} INFO - [2022-09-24T02:26:59.590+0000] {dagbag.py:525} INFO - Filling up the DagBag from /home/airflow/.local/lib/python3.7/site-packages/airflow/example_dags/example_latest_only_with_trigger.py
[2022-09-24T02:26:59.648+0000] {processor.py:768} INFO - DAG(s) dict_keys(['latest_only_with_trigger']) retrieved from /home/airflow/.local/lib/python3.7/site-packages/airflow/example_dags/example_latest_only_with_trigger.py
[2022-09-24T02:26:59.757+0000] {logging_mixin.py:117} INFO - [2022-09-24T02:26:59.757+0000] {dag.py:2573} INFO - Sync 1 DAGs
[2022-09-24T02:26:59.797+0000] {logging_mixin.py:117} INFO - [2022-09-24T02:26:59.797+0000] {dag.py:3328} INFO - Setting next_dagrun for latest_only_with_trigger to 2022-09-23T22:26:59.797470+00:00, run_after=2022-09-24T02:26:59.797470+00:00
[2022-09-24T02:26:59.823+0000] {processor.py:178} INFO - Processing /home/airflow/.local/lib/python3.7/site-packages/airflow/example_dags/example_latest_only_with_trigger.py took 0.257 seconds
[2022-09-24T03:23:58.977+0000] {processor.py:156} INFO - Started process (PID=32213) to work on /home/airflow/.local/lib/python3.7/site-packages/airflow/example_dags/example_latest_only_with_trigger.py
[2022-09-24T03:23:58.979+0000] {processor.py:758} INFO - Processing file /home/airflow/.local/lib/python3.7/site-packages/airflow/example_dags/example_latest_only_with_trigger.py for tasks to queue
[2022-09-24T03:23:58.981+0000] {logging_mixin.py:117} INFO - [2022-09-24T03:23:58.980+0000] {dagbag.py:525} INFO - Filling up the DagBag from /home/airflow/.local/lib/python3.7/site-packages/airflow/example_dags/example_latest_only_with_trigger.py
[2022-09-24T03:23:58.992+0000] {processor.py:768} INFO - DAG(s) dict_keys(['latest_only_with_trigger']) retrieved from /home/airflow/.local/lib/python3.7/site-packages/airflow/example_dags/example_latest_only_with_trigger.py
[2022-09-24T03:23:59.036+0000] {logging_mixin.py:117} INFO - [2022-09-24T03:23:59.035+0000] {dag.py:2573} INFO - Sync 1 DAGs
[2022-09-24T03:23:59.070+0000] {logging_mixin.py:117} INFO - [2022-09-24T03:23:59.070+0000] {dag.py:3328} INFO - Setting next_dagrun for latest_only_with_trigger to 2022-09-23T23:23:59.069878+00:00, run_after=2022-09-24T03:23:59.069878+00:00
[2022-09-24T03:23:59.097+0000] {processor.py:178} INFO - Processing /home/airflow/.local/lib/python3.7/site-packages/airflow/example_dags/example_latest_only_with_trigger.py took 0.122 seconds
[2022-09-24T04:29:25.362+0000] {processor.py:156} INFO - Started process (PID=32278) to work on /home/airflow/.local/lib/python3.7/site-packages/airflow/example_dags/example_latest_only_with_trigger.py
[2022-09-24T04:29:25.368+0000] {processor.py:758} INFO - Processing file /home/airflow/.local/lib/python3.7/site-packages/airflow/example_dags/example_latest_only_with_trigger.py for tasks to queue
[2022-09-24T04:29:25.369+0000] {logging_mixin.py:117} INFO - [2022-09-24T04:29:25.369+0000] {dagbag.py:525} INFO - Filling up the DagBag from /home/airflow/.local/lib/python3.7/site-packages/airflow/example_dags/example_latest_only_with_trigger.py
[2022-09-24T04:29:25.396+0000] {processor.py:768} INFO - DAG(s) dict_keys(['latest_only_with_trigger']) retrieved from /home/airflow/.local/lib/python3.7/site-packages/airflow/example_dags/example_latest_only_with_trigger.py
[2022-09-24T04:29:25.447+0000] {logging_mixin.py:117} INFO - [2022-09-24T04:29:25.447+0000] {dag.py:2573} INFO - Sync 1 DAGs
[2022-09-24T04:29:25.473+0000] {logging_mixin.py:117} INFO - [2022-09-24T04:29:25.473+0000] {dag.py:3328} INFO - Setting next_dagrun for latest_only_with_trigger to 2022-09-24T00:29:25.473247+00:00, run_after=2022-09-24T04:29:25.473247+00:00
[2022-09-24T04:29:25.499+0000] {processor.py:178} INFO - Processing /home/airflow/.local/lib/python3.7/site-packages/airflow/example_dags/example_latest_only_with_trigger.py took 0.140 seconds
[2022-09-24T05:38:06.022+0000] {processor.py:156} INFO - Started process (PID=32341) to work on /home/airflow/.local/lib/python3.7/site-packages/airflow/example_dags/example_latest_only_with_trigger.py
[2022-09-24T05:38:06.028+0000] {processor.py:758} INFO - Processing file /home/airflow/.local/lib/python3.7/site-packages/airflow/example_dags/example_latest_only_with_trigger.py for tasks to queue
[2022-09-24T05:38:06.031+0000] {logging_mixin.py:117} INFO - [2022-09-24T05:38:06.031+0000] {dagbag.py:525} INFO - Filling up the DagBag from /home/airflow/.local/lib/python3.7/site-packages/airflow/example_dags/example_latest_only_with_trigger.py
[2022-09-24T05:38:06.056+0000] {processor.py:768} INFO - DAG(s) dict_keys(['latest_only_with_trigger']) retrieved from /home/airflow/.local/lib/python3.7/site-packages/airflow/example_dags/example_latest_only_with_trigger.py
[2022-09-24T05:38:06.115+0000] {logging_mixin.py:117} INFO - [2022-09-24T05:38:06.115+0000] {dag.py:2573} INFO - Sync 1 DAGs
[2022-09-24T05:38:06.149+0000] {logging_mixin.py:117} INFO - [2022-09-24T05:38:06.149+0000] {dag.py:3328} INFO - Setting next_dagrun for latest_only_with_trigger to 2022-09-24T01:38:06.149355+00:00, run_after=2022-09-24T05:38:06.149355+00:00
[2022-09-24T05:38:06.189+0000] {processor.py:178} INFO - Processing /home/airflow/.local/lib/python3.7/site-packages/airflow/example_dags/example_latest_only_with_trigger.py took 0.170 seconds
[2022-09-24T06:55:20.679+0000] {processor.py:156} INFO - Started process (PID=32395) to work on /home/airflow/.local/lib/python3.7/site-packages/airflow/example_dags/example_latest_only_with_trigger.py
[2022-09-24T06:55:20.683+0000] {processor.py:758} INFO - Processing file /home/airflow/.local/lib/python3.7/site-packages/airflow/example_dags/example_latest_only_with_trigger.py for tasks to queue
[2022-09-24T06:55:20.685+0000] {logging_mixin.py:117} INFO - [2022-09-24T06:55:20.685+0000] {dagbag.py:525} INFO - Filling up the DagBag from /home/airflow/.local/lib/python3.7/site-packages/airflow/example_dags/example_latest_only_with_trigger.py
[2022-09-24T06:55:20.697+0000] {processor.py:768} INFO - DAG(s) dict_keys(['latest_only_with_trigger']) retrieved from /home/airflow/.local/lib/python3.7/site-packages/airflow/example_dags/example_latest_only_with_trigger.py
[2022-09-24T06:55:20.741+0000] {logging_mixin.py:117} INFO - [2022-09-24T06:55:20.741+0000] {dag.py:2573} INFO - Sync 1 DAGs
[2022-09-24T06:55:20.761+0000] {logging_mixin.py:117} INFO - [2022-09-24T06:55:20.761+0000] {dag.py:3328} INFO - Setting next_dagrun for latest_only_with_trigger to 2022-09-24T02:55:20.761277+00:00, run_after=2022-09-24T06:55:20.761277+00:00
[2022-09-24T06:55:20.787+0000] {processor.py:178} INFO - Processing /home/airflow/.local/lib/python3.7/site-packages/airflow/example_dags/example_latest_only_with_trigger.py took 0.112 seconds
[2022-09-24T07:36:23.422+0000] {processor.py:156} INFO - Started process (PID=32458) to work on /home/airflow/.local/lib/python3.7/site-packages/airflow/example_dags/example_latest_only_with_trigger.py
[2022-09-24T07:36:23.423+0000] {processor.py:758} INFO - Processing file /home/airflow/.local/lib/python3.7/site-packages/airflow/example_dags/example_latest_only_with_trigger.py for tasks to queue
[2022-09-24T07:36:23.424+0000] {logging_mixin.py:117} INFO - [2022-09-24T07:36:23.424+0000] {dagbag.py:525} INFO - Filling up the DagBag from /home/airflow/.local/lib/python3.7/site-packages/airflow/example_dags/example_latest_only_with_trigger.py
[2022-09-24T07:36:23.439+0000] {processor.py:768} INFO - DAG(s) dict_keys(['latest_only_with_trigger']) retrieved from /home/airflow/.local/lib/python3.7/site-packages/airflow/example_dags/example_latest_only_with_trigger.py
[2022-09-24T07:36:23.476+0000] {logging_mixin.py:117} INFO - [2022-09-24T07:36:23.475+0000] {dag.py:2573} INFO - Sync 1 DAGs
[2022-09-24T07:36:23.511+0000] {logging_mixin.py:117} INFO - [2022-09-24T07:36:23.511+0000] {dag.py:3328} INFO - Setting next_dagrun for latest_only_with_trigger to 2022-09-24T03:36:23.511281+00:00, run_after=2022-09-24T07:36:23.511281+00:00
[2022-09-24T07:36:23.540+0000] {processor.py:178} INFO - Processing /home/airflow/.local/lib/python3.7/site-packages/airflow/example_dags/example_latest_only_with_trigger.py took 0.121 seconds
[2022-09-24T07:39:16.773+0000] {processor.py:156} INFO - Started process (PID=32521) to work on /home/airflow/.local/lib/python3.7/site-packages/airflow/example_dags/example_latest_only_with_trigger.py
[2022-09-24T07:39:16.775+0000] {processor.py:758} INFO - Processing file /home/airflow/.local/lib/python3.7/site-packages/airflow/example_dags/example_latest_only_with_trigger.py for tasks to queue
[2022-09-24T07:39:16.776+0000] {logging_mixin.py:117} INFO - [2022-09-24T07:39:16.776+0000] {dagbag.py:525} INFO - Filling up the DagBag from /home/airflow/.local/lib/python3.7/site-packages/airflow/example_dags/example_latest_only_with_trigger.py
[2022-09-24T07:39:16.790+0000] {processor.py:768} INFO - DAG(s) dict_keys(['latest_only_with_trigger']) retrieved from /home/airflow/.local/lib/python3.7/site-packages/airflow/example_dags/example_latest_only_with_trigger.py
[2022-09-24T07:39:16.823+0000] {logging_mixin.py:117} INFO - [2022-09-24T07:39:16.823+0000] {dag.py:2573} INFO - Sync 1 DAGs
[2022-09-24T07:39:16.845+0000] {logging_mixin.py:117} INFO - [2022-09-24T07:39:16.845+0000] {dag.py:3328} INFO - Setting next_dagrun for latest_only_with_trigger to 2022-09-24T03:39:16.845527+00:00, run_after=2022-09-24T07:39:16.845527+00:00
[2022-09-24T07:39:16.882+0000] {processor.py:178} INFO - Processing /home/airflow/.local/lib/python3.7/site-packages/airflow/example_dags/example_latest_only_with_trigger.py took 0.111 seconds
[2022-09-24T07:39:47.778+0000] {processor.py:156} INFO - Started process (PID=32584) to work on /home/airflow/.local/lib/python3.7/site-packages/airflow/example_dags/example_latest_only_with_trigger.py
[2022-09-24T07:39:47.779+0000] {processor.py:758} INFO - Processing file /home/airflow/.local/lib/python3.7/site-packages/airflow/example_dags/example_latest_only_with_trigger.py for tasks to queue
[2022-09-24T07:39:47.780+0000] {logging_mixin.py:117} INFO - [2022-09-24T07:39:47.780+0000] {dagbag.py:525} INFO - Filling up the DagBag from /home/airflow/.local/lib/python3.7/site-packages/airflow/example_dags/example_latest_only_with_trigger.py
[2022-09-24T07:39:47.792+0000] {processor.py:768} INFO - DAG(s) dict_keys(['latest_only_with_trigger']) retrieved from /home/airflow/.local/lib/python3.7/site-packages/airflow/example_dags/example_latest_only_with_trigger.py
[2022-09-24T07:39:47.823+0000] {logging_mixin.py:117} INFO - [2022-09-24T07:39:47.823+0000] {dag.py:2573} INFO - Sync 1 DAGs
[2022-09-24T07:39:47.839+0000] {logging_mixin.py:117} INFO - [2022-09-24T07:39:47.839+0000] {dag.py:3328} INFO - Setting next_dagrun for latest_only_with_trigger to 2022-09-24T03:39:47.839070+00:00, run_after=2022-09-24T07:39:47.839070+00:00
[2022-09-24T07:39:47.851+0000] {processor.py:178} INFO - Processing /home/airflow/.local/lib/python3.7/site-packages/airflow/example_dags/example_latest_only_with_trigger.py took 0.076 seconds
[2022-09-24T07:40:18.028+0000] {processor.py:156} INFO - Started process (PID=32649) to work on /home/airflow/.local/lib/python3.7/site-packages/airflow/example_dags/example_latest_only_with_trigger.py
[2022-09-24T07:40:18.029+0000] {processor.py:758} INFO - Processing file /home/airflow/.local/lib/python3.7/site-packages/airflow/example_dags/example_latest_only_with_trigger.py for tasks to queue
[2022-09-24T07:40:18.030+0000] {logging_mixin.py:117} INFO - [2022-09-24T07:40:18.030+0000] {dagbag.py:525} INFO - Filling up the DagBag from /home/airflow/.local/lib/python3.7/site-packages/airflow/example_dags/example_latest_only_with_trigger.py
[2022-09-24T07:40:18.040+0000] {processor.py:768} INFO - DAG(s) dict_keys(['latest_only_with_trigger']) retrieved from /home/airflow/.local/lib/python3.7/site-packages/airflow/example_dags/example_latest_only_with_trigger.py
[2022-09-24T07:40:18.068+0000] {logging_mixin.py:117} INFO - [2022-09-24T07:40:18.068+0000] {dag.py:2573} INFO - Sync 1 DAGs
[2022-09-24T07:40:18.082+0000] {logging_mixin.py:117} INFO - [2022-09-24T07:40:18.082+0000] {dag.py:3328} INFO - Setting next_dagrun for latest_only_with_trigger to 2022-09-24T03:40:18.082294+00:00, run_after=2022-09-24T07:40:18.082294+00:00
[2022-09-24T07:40:18.094+0000] {processor.py:178} INFO - Processing /home/airflow/.local/lib/python3.7/site-packages/airflow/example_dags/example_latest_only_with_trigger.py took 0.069 seconds
[2022-09-24T07:40:48.349+0000] {processor.py:156} INFO - Started process (PID=32703) to work on /home/airflow/.local/lib/python3.7/site-packages/airflow/example_dags/example_latest_only_with_trigger.py
[2022-09-24T07:40:48.350+0000] {processor.py:758} INFO - Processing file /home/airflow/.local/lib/python3.7/site-packages/airflow/example_dags/example_latest_only_with_trigger.py for tasks to queue
[2022-09-24T07:40:48.351+0000] {logging_mixin.py:117} INFO - [2022-09-24T07:40:48.351+0000] {dagbag.py:525} INFO - Filling up the DagBag from /home/airflow/.local/lib/python3.7/site-packages/airflow/example_dags/example_latest_only_with_trigger.py
[2022-09-24T07:40:48.364+0000] {processor.py:768} INFO - DAG(s) dict_keys(['latest_only_with_trigger']) retrieved from /home/airflow/.local/lib/python3.7/site-packages/airflow/example_dags/example_latest_only_with_trigger.py
[2022-09-24T07:40:48.392+0000] {logging_mixin.py:117} INFO - [2022-09-24T07:40:48.391+0000] {dag.py:2573} INFO - Sync 1 DAGs
[2022-09-24T07:40:48.408+0000] {logging_mixin.py:117} INFO - [2022-09-24T07:40:48.408+0000] {dag.py:3328} INFO - Setting next_dagrun for latest_only_with_trigger to 2022-09-24T03:40:48.408099+00:00, run_after=2022-09-24T07:40:48.408099+00:00
[2022-09-24T07:40:48.428+0000] {processor.py:178} INFO - Processing /home/airflow/.local/lib/python3.7/site-packages/airflow/example_dags/example_latest_only_with_trigger.py took 0.082 seconds
[2022-09-24T07:41:18.901+0000] {processor.py:156} INFO - Started process (PID=32766) to work on /home/airflow/.local/lib/python3.7/site-packages/airflow/example_dags/example_latest_only_with_trigger.py
[2022-09-24T07:41:18.903+0000] {processor.py:758} INFO - Processing file /home/airflow/.local/lib/python3.7/site-packages/airflow/example_dags/example_latest_only_with_trigger.py for tasks to queue
[2022-09-24T07:41:18.904+0000] {logging_mixin.py:117} INFO - [2022-09-24T07:41:18.904+0000] {dagbag.py:525} INFO - Filling up the DagBag from /home/airflow/.local/lib/python3.7/site-packages/airflow/example_dags/example_latest_only_with_trigger.py
[2022-09-24T07:41:18.915+0000] {processor.py:768} INFO - DAG(s) dict_keys(['latest_only_with_trigger']) retrieved from /home/airflow/.local/lib/python3.7/site-packages/airflow/example_dags/example_latest_only_with_trigger.py
[2022-09-24T07:41:18.942+0000] {logging_mixin.py:117} INFO - [2022-09-24T07:41:18.942+0000] {dag.py:2573} INFO - Sync 1 DAGs
[2022-09-24T07:41:18.958+0000] {logging_mixin.py:117} INFO - [2022-09-24T07:41:18.958+0000] {dag.py:3328} INFO - Setting next_dagrun for latest_only_with_trigger to 2022-09-24T03:41:18.958387+00:00, run_after=2022-09-24T07:41:18.958387+00:00
[2022-09-24T07:41:18.970+0000] {processor.py:178} INFO - Processing /home/airflow/.local/lib/python3.7/site-packages/airflow/example_dags/example_latest_only_with_trigger.py took 0.072 seconds
[2022-09-24T07:41:49.292+0000] {processor.py:156} INFO - Started process (PID=32829) to work on /home/airflow/.local/lib/python3.7/site-packages/airflow/example_dags/example_latest_only_with_trigger.py
[2022-09-24T07:41:49.294+0000] {processor.py:758} INFO - Processing file /home/airflow/.local/lib/python3.7/site-packages/airflow/example_dags/example_latest_only_with_trigger.py for tasks to queue
[2022-09-24T07:41:49.294+0000] {logging_mixin.py:117} INFO - [2022-09-24T07:41:49.294+0000] {dagbag.py:525} INFO - Filling up the DagBag from /home/airflow/.local/lib/python3.7/site-packages/airflow/example_dags/example_latest_only_with_trigger.py
[2022-09-24T07:41:49.305+0000] {processor.py:768} INFO - DAG(s) dict_keys(['latest_only_with_trigger']) retrieved from /home/airflow/.local/lib/python3.7/site-packages/airflow/example_dags/example_latest_only_with_trigger.py
[2022-09-24T07:41:49.333+0000] {logging_mixin.py:117} INFO - [2022-09-24T07:41:49.333+0000] {dag.py:2573} INFO - Sync 1 DAGs
[2022-09-24T07:41:49.348+0000] {logging_mixin.py:117} INFO - [2022-09-24T07:41:49.348+0000] {dag.py:3328} INFO - Setting next_dagrun for latest_only_with_trigger to 2022-09-24T03:41:49.348032+00:00, run_after=2022-09-24T07:41:49.348032+00:00
[2022-09-24T07:41:49.360+0000] {processor.py:178} INFO - Processing /home/airflow/.local/lib/python3.7/site-packages/airflow/example_dags/example_latest_only_with_trigger.py took 0.070 seconds
[2022-09-24T07:42:19.571+0000] {processor.py:156} INFO - Started process (PID=32892) to work on /home/airflow/.local/lib/python3.7/site-packages/airflow/example_dags/example_latest_only_with_trigger.py
[2022-09-24T07:42:19.573+0000] {processor.py:758} INFO - Processing file /home/airflow/.local/lib/python3.7/site-packages/airflow/example_dags/example_latest_only_with_trigger.py for tasks to queue
[2022-09-24T07:42:19.575+0000] {logging_mixin.py:117} INFO - [2022-09-24T07:42:19.574+0000] {dagbag.py:525} INFO - Filling up the DagBag from /home/airflow/.local/lib/python3.7/site-packages/airflow/example_dags/example_latest_only_with_trigger.py
[2022-09-24T07:42:19.589+0000] {processor.py:768} INFO - DAG(s) dict_keys(['latest_only_with_trigger']) retrieved from /home/airflow/.local/lib/python3.7/site-packages/airflow/example_dags/example_latest_only_with_trigger.py
[2022-09-24T07:42:19.619+0000] {logging_mixin.py:117} INFO - [2022-09-24T07:42:19.619+0000] {dag.py:2573} INFO - Sync 1 DAGs
[2022-09-24T07:42:19.635+0000] {logging_mixin.py:117} INFO - [2022-09-24T07:42:19.635+0000] {dag.py:3328} INFO - Setting next_dagrun for latest_only_with_trigger to 2022-09-24T03:42:19.635156+00:00, run_after=2022-09-24T07:42:19.635156+00:00
[2022-09-24T07:42:19.648+0000] {processor.py:178} INFO - Processing /home/airflow/.local/lib/python3.7/site-packages/airflow/example_dags/example_latest_only_with_trigger.py took 0.079 seconds
[2022-09-24T07:42:49.798+0000] {processor.py:156} INFO - Started process (PID=32955) to work on /home/airflow/.local/lib/python3.7/site-packages/airflow/example_dags/example_latest_only_with_trigger.py
[2022-09-24T07:42:49.800+0000] {processor.py:758} INFO - Processing file /home/airflow/.local/lib/python3.7/site-packages/airflow/example_dags/example_latest_only_with_trigger.py for tasks to queue
[2022-09-24T07:42:49.801+0000] {logging_mixin.py:117} INFO - [2022-09-24T07:42:49.801+0000] {dagbag.py:525} INFO - Filling up the DagBag from /home/airflow/.local/lib/python3.7/site-packages/airflow/example_dags/example_latest_only_with_trigger.py
[2022-09-24T07:42:49.812+0000] {processor.py:768} INFO - DAG(s) dict_keys(['latest_only_with_trigger']) retrieved from /home/airflow/.local/lib/python3.7/site-packages/airflow/example_dags/example_latest_only_with_trigger.py
[2022-09-24T07:42:49.838+0000] {logging_mixin.py:117} INFO - [2022-09-24T07:42:49.838+0000] {dag.py:2573} INFO - Sync 1 DAGs
[2022-09-24T07:42:49.854+0000] {logging_mixin.py:117} INFO - [2022-09-24T07:42:49.853+0000] {dag.py:3328} INFO - Setting next_dagrun for latest_only_with_trigger to 2022-09-24T03:42:49.853808+00:00, run_after=2022-09-24T07:42:49.853808+00:00
[2022-09-24T07:42:49.870+0000] {processor.py:178} INFO - Processing /home/airflow/.local/lib/python3.7/site-packages/airflow/example_dags/example_latest_only_with_trigger.py took 0.073 seconds
[2022-09-24T07:43:20.039+0000] {processor.py:156} INFO - Started process (PID=33018) to work on /home/airflow/.local/lib/python3.7/site-packages/airflow/example_dags/example_latest_only_with_trigger.py
[2022-09-24T07:43:20.041+0000] {processor.py:758} INFO - Processing file /home/airflow/.local/lib/python3.7/site-packages/airflow/example_dags/example_latest_only_with_trigger.py for tasks to queue
[2022-09-24T07:43:20.042+0000] {logging_mixin.py:117} INFO - [2022-09-24T07:43:20.042+0000] {dagbag.py:525} INFO - Filling up the DagBag from /home/airflow/.local/lib/python3.7/site-packages/airflow/example_dags/example_latest_only_with_trigger.py
[2022-09-24T07:43:20.058+0000] {processor.py:768} INFO - DAG(s) dict_keys(['latest_only_with_trigger']) retrieved from /home/airflow/.local/lib/python3.7/site-packages/airflow/example_dags/example_latest_only_with_trigger.py
[2022-09-24T07:43:20.086+0000] {logging_mixin.py:117} INFO - [2022-09-24T07:43:20.085+0000] {dag.py:2573} INFO - Sync 1 DAGs
[2022-09-24T07:43:20.103+0000] {logging_mixin.py:117} INFO - [2022-09-24T07:43:20.103+0000] {dag.py:3328} INFO - Setting next_dagrun for latest_only_with_trigger to 2022-09-24T03:43:20.103256+00:00, run_after=2022-09-24T07:43:20.103256+00:00
[2022-09-24T07:43:20.116+0000] {processor.py:178} INFO - Processing /home/airflow/.local/lib/python3.7/site-packages/airflow/example_dags/example_latest_only_with_trigger.py took 0.080 seconds
[2022-09-24T07:43:50.289+0000] {processor.py:156} INFO - Started process (PID=33072) to work on /home/airflow/.local/lib/python3.7/site-packages/airflow/example_dags/example_latest_only_with_trigger.py
[2022-09-24T07:43:50.290+0000] {processor.py:758} INFO - Processing file /home/airflow/.local/lib/python3.7/site-packages/airflow/example_dags/example_latest_only_with_trigger.py for tasks to queue
[2022-09-24T07:43:50.291+0000] {logging_mixin.py:117} INFO - [2022-09-24T07:43:50.291+0000] {dagbag.py:525} INFO - Filling up the DagBag from /home/airflow/.local/lib/python3.7/site-packages/airflow/example_dags/example_latest_only_with_trigger.py
[2022-09-24T07:43:50.302+0000] {processor.py:768} INFO - DAG(s) dict_keys(['latest_only_with_trigger']) retrieved from /home/airflow/.local/lib/python3.7/site-packages/airflow/example_dags/example_latest_only_with_trigger.py
[2022-09-24T07:43:50.328+0000] {logging_mixin.py:117} INFO - [2022-09-24T07:43:50.328+0000] {dag.py:2573} INFO - Sync 1 DAGs
[2022-09-24T07:43:50.344+0000] {logging_mixin.py:117} INFO - [2022-09-24T07:43:50.344+0000] {dag.py:3328} INFO - Setting next_dagrun for latest_only_with_trigger to 2022-09-24T03:43:50.343904+00:00, run_after=2022-09-24T07:43:50.343904+00:00
[2022-09-24T07:43:50.356+0000] {processor.py:178} INFO - Processing /home/airflow/.local/lib/python3.7/site-packages/airflow/example_dags/example_latest_only_with_trigger.py took 0.070 seconds
[2022-09-24T07:44:20.546+0000] {processor.py:156} INFO - Started process (PID=33134) to work on /home/airflow/.local/lib/python3.7/site-packages/airflow/example_dags/example_latest_only_with_trigger.py
[2022-09-24T07:44:20.548+0000] {processor.py:758} INFO - Processing file /home/airflow/.local/lib/python3.7/site-packages/airflow/example_dags/example_latest_only_with_trigger.py for tasks to queue
[2022-09-24T07:44:20.550+0000] {logging_mixin.py:117} INFO - [2022-09-24T07:44:20.549+0000] {dagbag.py:525} INFO - Filling up the DagBag from /home/airflow/.local/lib/python3.7/site-packages/airflow/example_dags/example_latest_only_with_trigger.py
[2022-09-24T07:44:20.560+0000] {processor.py:768} INFO - DAG(s) dict_keys(['latest_only_with_trigger']) retrieved from /home/airflow/.local/lib/python3.7/site-packages/airflow/example_dags/example_latest_only_with_trigger.py
[2022-09-24T07:44:20.588+0000] {logging_mixin.py:117} INFO - [2022-09-24T07:44:20.588+0000] {dag.py:2573} INFO - Sync 1 DAGs
[2022-09-24T07:44:20.604+0000] {logging_mixin.py:117} INFO - [2022-09-24T07:44:20.604+0000] {dag.py:3328} INFO - Setting next_dagrun for latest_only_with_trigger to 2022-09-24T03:44:20.604617+00:00, run_after=2022-09-24T07:44:20.604617+00:00
[2022-09-24T07:44:20.616+0000] {processor.py:178} INFO - Processing /home/airflow/.local/lib/python3.7/site-packages/airflow/example_dags/example_latest_only_with_trigger.py took 0.073 seconds
[2022-09-24T07:44:50.817+0000] {processor.py:156} INFO - Started process (PID=33198) to work on /home/airflow/.local/lib/python3.7/site-packages/airflow/example_dags/example_latest_only_with_trigger.py
[2022-09-24T07:44:50.818+0000] {processor.py:758} INFO - Processing file /home/airflow/.local/lib/python3.7/site-packages/airflow/example_dags/example_latest_only_with_trigger.py for tasks to queue
[2022-09-24T07:44:50.820+0000] {logging_mixin.py:117} INFO - [2022-09-24T07:44:50.820+0000] {dagbag.py:525} INFO - Filling up the DagBag from /home/airflow/.local/lib/python3.7/site-packages/airflow/example_dags/example_latest_only_with_trigger.py
[2022-09-24T07:44:50.831+0000] {processor.py:768} INFO - DAG(s) dict_keys(['latest_only_with_trigger']) retrieved from /home/airflow/.local/lib/python3.7/site-packages/airflow/example_dags/example_latest_only_with_trigger.py
[2022-09-24T07:44:50.858+0000] {logging_mixin.py:117} INFO - [2022-09-24T07:44:50.858+0000] {dag.py:2573} INFO - Sync 1 DAGs
[2022-09-24T07:44:50.874+0000] {logging_mixin.py:117} INFO - [2022-09-24T07:44:50.874+0000] {dag.py:3328} INFO - Setting next_dagrun for latest_only_with_trigger to 2022-09-24T03:44:50.873981+00:00, run_after=2022-09-24T07:44:50.873981+00:00
[2022-09-24T07:44:50.888+0000] {processor.py:178} INFO - Processing /home/airflow/.local/lib/python3.7/site-packages/airflow/example_dags/example_latest_only_with_trigger.py took 0.073 seconds
[2022-09-24T07:45:21.121+0000] {processor.py:156} INFO - Started process (PID=33262) to work on /home/airflow/.local/lib/python3.7/site-packages/airflow/example_dags/example_latest_only_with_trigger.py
[2022-09-24T07:45:21.123+0000] {processor.py:758} INFO - Processing file /home/airflow/.local/lib/python3.7/site-packages/airflow/example_dags/example_latest_only_with_trigger.py for tasks to queue
[2022-09-24T07:45:21.124+0000] {logging_mixin.py:117} INFO - [2022-09-24T07:45:21.124+0000] {dagbag.py:525} INFO - Filling up the DagBag from /home/airflow/.local/lib/python3.7/site-packages/airflow/example_dags/example_latest_only_with_trigger.py
[2022-09-24T07:45:21.137+0000] {processor.py:768} INFO - DAG(s) dict_keys(['latest_only_with_trigger']) retrieved from /home/airflow/.local/lib/python3.7/site-packages/airflow/example_dags/example_latest_only_with_trigger.py
[2022-09-24T07:45:21.163+0000] {logging_mixin.py:117} INFO - [2022-09-24T07:45:21.163+0000] {dag.py:2573} INFO - Sync 1 DAGs
[2022-09-24T07:45:21.180+0000] {logging_mixin.py:117} INFO - [2022-09-24T07:45:21.179+0000] {dag.py:3328} INFO - Setting next_dagrun for latest_only_with_trigger to 2022-09-24T03:45:21.179823+00:00, run_after=2022-09-24T07:45:21.179823+00:00
[2022-09-24T07:45:21.192+0000] {processor.py:178} INFO - Processing /home/airflow/.local/lib/python3.7/site-packages/airflow/example_dags/example_latest_only_with_trigger.py took 0.073 seconds
[2022-09-24T07:45:51.487+0000] {processor.py:156} INFO - Started process (PID=33325) to work on /home/airflow/.local/lib/python3.7/site-packages/airflow/example_dags/example_latest_only_with_trigger.py
[2022-09-24T07:45:51.489+0000] {processor.py:758} INFO - Processing file /home/airflow/.local/lib/python3.7/site-packages/airflow/example_dags/example_latest_only_with_trigger.py for tasks to queue
[2022-09-24T07:45:51.490+0000] {logging_mixin.py:117} INFO - [2022-09-24T07:45:51.490+0000] {dagbag.py:525} INFO - Filling up the DagBag from /home/airflow/.local/lib/python3.7/site-packages/airflow/example_dags/example_latest_only_with_trigger.py
[2022-09-24T07:45:51.501+0000] {processor.py:768} INFO - DAG(s) dict_keys(['latest_only_with_trigger']) retrieved from /home/airflow/.local/lib/python3.7/site-packages/airflow/example_dags/example_latest_only_with_trigger.py
[2022-09-24T07:45:51.530+0000] {logging_mixin.py:117} INFO - [2022-09-24T07:45:51.529+0000] {dag.py:2573} INFO - Sync 1 DAGs
[2022-09-24T07:45:51.545+0000] {logging_mixin.py:117} INFO - [2022-09-24T07:45:51.545+0000] {dag.py:3328} INFO - Setting next_dagrun for latest_only_with_trigger to 2022-09-24T03:45:51.545179+00:00, run_after=2022-09-24T07:45:51.545179+00:00
[2022-09-24T07:45:51.557+0000] {processor.py:178} INFO - Processing /home/airflow/.local/lib/python3.7/site-packages/airflow/example_dags/example_latest_only_with_trigger.py took 0.073 seconds
[2022-09-24T07:46:21.734+0000] {processor.py:156} INFO - Started process (PID=33388) to work on /home/airflow/.local/lib/python3.7/site-packages/airflow/example_dags/example_latest_only_with_trigger.py
[2022-09-24T07:46:21.736+0000] {processor.py:758} INFO - Processing file /home/airflow/.local/lib/python3.7/site-packages/airflow/example_dags/example_latest_only_with_trigger.py for tasks to queue
[2022-09-24T07:46:21.737+0000] {logging_mixin.py:117} INFO - [2022-09-24T07:46:21.737+0000] {dagbag.py:525} INFO - Filling up the DagBag from /home/airflow/.local/lib/python3.7/site-packages/airflow/example_dags/example_latest_only_with_trigger.py
[2022-09-24T07:46:21.748+0000] {processor.py:768} INFO - DAG(s) dict_keys(['latest_only_with_trigger']) retrieved from /home/airflow/.local/lib/python3.7/site-packages/airflow/example_dags/example_latest_only_with_trigger.py
[2022-09-24T07:46:21.774+0000] {logging_mixin.py:117} INFO - [2022-09-24T07:46:21.774+0000] {dag.py:2573} INFO - Sync 1 DAGs
[2022-09-24T07:46:21.789+0000] {logging_mixin.py:117} INFO - [2022-09-24T07:46:21.789+0000] {dag.py:3328} INFO - Setting next_dagrun for latest_only_with_trigger to 2022-09-24T03:46:21.789678+00:00, run_after=2022-09-24T07:46:21.789678+00:00
[2022-09-24T07:46:21.802+0000] {processor.py:178} INFO - Processing /home/airflow/.local/lib/python3.7/site-packages/airflow/example_dags/example_latest_only_with_trigger.py took 0.071 seconds
[2022-09-24T07:46:52.154+0000] {processor.py:156} INFO - Started process (PID=33442) to work on /home/airflow/.local/lib/python3.7/site-packages/airflow/example_dags/example_latest_only_with_trigger.py
[2022-09-24T07:46:52.155+0000] {processor.py:758} INFO - Processing file /home/airflow/.local/lib/python3.7/site-packages/airflow/example_dags/example_latest_only_with_trigger.py for tasks to queue
[2022-09-24T07:46:52.156+0000] {logging_mixin.py:117} INFO - [2022-09-24T07:46:52.156+0000] {dagbag.py:525} INFO - Filling up the DagBag from /home/airflow/.local/lib/python3.7/site-packages/airflow/example_dags/example_latest_only_with_trigger.py
[2022-09-24T07:46:52.166+0000] {processor.py:768} INFO - DAG(s) dict_keys(['latest_only_with_trigger']) retrieved from /home/airflow/.local/lib/python3.7/site-packages/airflow/example_dags/example_latest_only_with_trigger.py
[2022-09-24T07:46:52.193+0000] {logging_mixin.py:117} INFO - [2022-09-24T07:46:52.193+0000] {dag.py:2573} INFO - Sync 1 DAGs
[2022-09-24T07:46:52.207+0000] {logging_mixin.py:117} INFO - [2022-09-24T07:46:52.207+0000] {dag.py:3328} INFO - Setting next_dagrun for latest_only_with_trigger to 2022-09-24T03:46:52.207492+00:00, run_after=2022-09-24T07:46:52.207492+00:00
[2022-09-24T07:46:52.219+0000] {processor.py:178} INFO - Processing /home/airflow/.local/lib/python3.7/site-packages/airflow/example_dags/example_latest_only_with_trigger.py took 0.067 seconds
[2022-09-24T08:22:50.749+0000] {processor.py:156} INFO - Started process (PID=33506) to work on /home/airflow/.local/lib/python3.7/site-packages/airflow/example_dags/example_latest_only_with_trigger.py
[2022-09-24T08:22:50.752+0000] {processor.py:758} INFO - Processing file /home/airflow/.local/lib/python3.7/site-packages/airflow/example_dags/example_latest_only_with_trigger.py for tasks to queue
[2022-09-24T08:22:50.753+0000] {logging_mixin.py:117} INFO - [2022-09-24T08:22:50.753+0000] {dagbag.py:525} INFO - Filling up the DagBag from /home/airflow/.local/lib/python3.7/site-packages/airflow/example_dags/example_latest_only_with_trigger.py
[2022-09-24T08:22:50.766+0000] {processor.py:768} INFO - DAG(s) dict_keys(['latest_only_with_trigger']) retrieved from /home/airflow/.local/lib/python3.7/site-packages/airflow/example_dags/example_latest_only_with_trigger.py
[2022-09-24T08:22:50.806+0000] {logging_mixin.py:117} INFO - [2022-09-24T08:22:50.806+0000] {dag.py:2573} INFO - Sync 1 DAGs
[2022-09-24T08:22:50.833+0000] {logging_mixin.py:117} INFO - [2022-09-24T08:22:50.832+0000] {dag.py:3328} INFO - Setting next_dagrun for latest_only_with_trigger to 2022-09-24T04:22:50.832820+00:00, run_after=2022-09-24T08:22:50.832820+00:00
[2022-09-24T08:22:50.859+0000] {processor.py:178} INFO - Processing /home/airflow/.local/lib/python3.7/site-packages/airflow/example_dags/example_latest_only_with_trigger.py took 0.112 seconds
[2022-09-24T08:25:47.112+0000] {processor.py:156} INFO - Started process (PID=33569) to work on /home/airflow/.local/lib/python3.7/site-packages/airflow/example_dags/example_latest_only_with_trigger.py
[2022-09-24T08:25:47.115+0000] {processor.py:758} INFO - Processing file /home/airflow/.local/lib/python3.7/site-packages/airflow/example_dags/example_latest_only_with_trigger.py for tasks to queue
[2022-09-24T08:25:47.116+0000] {logging_mixin.py:117} INFO - [2022-09-24T08:25:47.116+0000] {dagbag.py:525} INFO - Filling up the DagBag from /home/airflow/.local/lib/python3.7/site-packages/airflow/example_dags/example_latest_only_with_trigger.py
[2022-09-24T08:25:47.144+0000] {processor.py:768} INFO - DAG(s) dict_keys(['latest_only_with_trigger']) retrieved from /home/airflow/.local/lib/python3.7/site-packages/airflow/example_dags/example_latest_only_with_trigger.py
[2022-09-24T08:25:47.207+0000] {logging_mixin.py:117} INFO - [2022-09-24T08:25:47.207+0000] {dag.py:2573} INFO - Sync 1 DAGs
[2022-09-24T08:25:47.242+0000] {logging_mixin.py:117} INFO - [2022-09-24T08:25:47.242+0000] {dag.py:3328} INFO - Setting next_dagrun for latest_only_with_trigger to 2022-09-24T04:25:47.242327+00:00, run_after=2022-09-24T08:25:47.242327+00:00
[2022-09-24T08:25:47.272+0000] {processor.py:178} INFO - Processing /home/airflow/.local/lib/python3.7/site-packages/airflow/example_dags/example_latest_only_with_trigger.py took 0.164 seconds
[2022-09-24T08:26:17.583+0000] {processor.py:156} INFO - Started process (PID=33623) to work on /home/airflow/.local/lib/python3.7/site-packages/airflow/example_dags/example_latest_only_with_trigger.py
[2022-09-24T08:26:17.585+0000] {processor.py:758} INFO - Processing file /home/airflow/.local/lib/python3.7/site-packages/airflow/example_dags/example_latest_only_with_trigger.py for tasks to queue
[2022-09-24T08:26:17.587+0000] {logging_mixin.py:117} INFO - [2022-09-24T08:26:17.587+0000] {dagbag.py:525} INFO - Filling up the DagBag from /home/airflow/.local/lib/python3.7/site-packages/airflow/example_dags/example_latest_only_with_trigger.py
[2022-09-24T08:26:17.600+0000] {processor.py:768} INFO - DAG(s) dict_keys(['latest_only_with_trigger']) retrieved from /home/airflow/.local/lib/python3.7/site-packages/airflow/example_dags/example_latest_only_with_trigger.py
[2022-09-24T08:26:17.632+0000] {logging_mixin.py:117} INFO - [2022-09-24T08:26:17.632+0000] {dag.py:2573} INFO - Sync 1 DAGs
[2022-09-24T08:26:17.650+0000] {logging_mixin.py:117} INFO - [2022-09-24T08:26:17.650+0000] {dag.py:3328} INFO - Setting next_dagrun for latest_only_with_trigger to 2022-09-24T04:26:17.650422+00:00, run_after=2022-09-24T08:26:17.650422+00:00
[2022-09-24T08:26:17.665+0000] {processor.py:178} INFO - Processing /home/airflow/.local/lib/python3.7/site-packages/airflow/example_dags/example_latest_only_with_trigger.py took 0.084 seconds
[2022-09-24T08:26:47.803+0000] {processor.py:156} INFO - Started process (PID=33686) to work on /home/airflow/.local/lib/python3.7/site-packages/airflow/example_dags/example_latest_only_with_trigger.py
[2022-09-24T08:26:47.805+0000] {processor.py:758} INFO - Processing file /home/airflow/.local/lib/python3.7/site-packages/airflow/example_dags/example_latest_only_with_trigger.py for tasks to queue
[2022-09-24T08:26:47.806+0000] {logging_mixin.py:117} INFO - [2022-09-24T08:26:47.806+0000] {dagbag.py:525} INFO - Filling up the DagBag from /home/airflow/.local/lib/python3.7/site-packages/airflow/example_dags/example_latest_only_with_trigger.py
[2022-09-24T08:26:47.815+0000] {processor.py:768} INFO - DAG(s) dict_keys(['latest_only_with_trigger']) retrieved from /home/airflow/.local/lib/python3.7/site-packages/airflow/example_dags/example_latest_only_with_trigger.py
[2022-09-24T08:26:47.842+0000] {logging_mixin.py:117} INFO - [2022-09-24T08:26:47.842+0000] {dag.py:2573} INFO - Sync 1 DAGs
[2022-09-24T08:26:47.858+0000] {logging_mixin.py:117} INFO - [2022-09-24T08:26:47.858+0000] {dag.py:3328} INFO - Setting next_dagrun for latest_only_with_trigger to 2022-09-24T04:26:47.858579+00:00, run_after=2022-09-24T08:26:47.858579+00:00
[2022-09-24T08:26:47.871+0000] {processor.py:178} INFO - Processing /home/airflow/.local/lib/python3.7/site-packages/airflow/example_dags/example_latest_only_with_trigger.py took 0.069 seconds
[2022-09-24T08:27:18.247+0000] {processor.py:156} INFO - Started process (PID=33749) to work on /home/airflow/.local/lib/python3.7/site-packages/airflow/example_dags/example_latest_only_with_trigger.py
[2022-09-24T08:27:18.249+0000] {processor.py:758} INFO - Processing file /home/airflow/.local/lib/python3.7/site-packages/airflow/example_dags/example_latest_only_with_trigger.py for tasks to queue
[2022-09-24T08:27:18.250+0000] {logging_mixin.py:117} INFO - [2022-09-24T08:27:18.250+0000] {dagbag.py:525} INFO - Filling up the DagBag from /home/airflow/.local/lib/python3.7/site-packages/airflow/example_dags/example_latest_only_with_trigger.py
[2022-09-24T08:27:18.260+0000] {processor.py:768} INFO - DAG(s) dict_keys(['latest_only_with_trigger']) retrieved from /home/airflow/.local/lib/python3.7/site-packages/airflow/example_dags/example_latest_only_with_trigger.py
[2022-09-24T08:27:18.285+0000] {logging_mixin.py:117} INFO - [2022-09-24T08:27:18.285+0000] {dag.py:2573} INFO - Sync 1 DAGs
[2022-09-24T08:27:18.302+0000] {logging_mixin.py:117} INFO - [2022-09-24T08:27:18.302+0000] {dag.py:3328} INFO - Setting next_dagrun for latest_only_with_trigger to 2022-09-24T04:27:18.302522+00:00, run_after=2022-09-24T08:27:18.302522+00:00
[2022-09-24T08:27:18.315+0000] {processor.py:178} INFO - Processing /home/airflow/.local/lib/python3.7/site-packages/airflow/example_dags/example_latest_only_with_trigger.py took 0.070 seconds
[2022-09-24T08:27:48.500+0000] {processor.py:156} INFO - Started process (PID=33811) to work on /home/airflow/.local/lib/python3.7/site-packages/airflow/example_dags/example_latest_only_with_trigger.py
[2022-09-24T08:27:48.502+0000] {processor.py:758} INFO - Processing file /home/airflow/.local/lib/python3.7/site-packages/airflow/example_dags/example_latest_only_with_trigger.py for tasks to queue
[2022-09-24T08:27:48.503+0000] {logging_mixin.py:117} INFO - [2022-09-24T08:27:48.503+0000] {dagbag.py:525} INFO - Filling up the DagBag from /home/airflow/.local/lib/python3.7/site-packages/airflow/example_dags/example_latest_only_with_trigger.py
[2022-09-24T08:27:48.513+0000] {processor.py:768} INFO - DAG(s) dict_keys(['latest_only_with_trigger']) retrieved from /home/airflow/.local/lib/python3.7/site-packages/airflow/example_dags/example_latest_only_with_trigger.py
[2022-09-24T08:27:48.541+0000] {logging_mixin.py:117} INFO - [2022-09-24T08:27:48.541+0000] {dag.py:2573} INFO - Sync 1 DAGs
[2022-09-24T08:27:48.558+0000] {logging_mixin.py:117} INFO - [2022-09-24T08:27:48.557+0000] {dag.py:3328} INFO - Setting next_dagrun for latest_only_with_trigger to 2022-09-24T04:27:48.557788+00:00, run_after=2022-09-24T08:27:48.557788+00:00
[2022-09-24T08:27:48.572+0000] {processor.py:178} INFO - Processing /home/airflow/.local/lib/python3.7/site-packages/airflow/example_dags/example_latest_only_with_trigger.py took 0.074 seconds
[2022-09-24T08:28:18.789+0000] {processor.py:156} INFO - Started process (PID=33875) to work on /home/airflow/.local/lib/python3.7/site-packages/airflow/example_dags/example_latest_only_with_trigger.py
[2022-09-24T08:28:18.791+0000] {processor.py:758} INFO - Processing file /home/airflow/.local/lib/python3.7/site-packages/airflow/example_dags/example_latest_only_with_trigger.py for tasks to queue
[2022-09-24T08:28:18.792+0000] {logging_mixin.py:117} INFO - [2022-09-24T08:28:18.792+0000] {dagbag.py:525} INFO - Filling up the DagBag from /home/airflow/.local/lib/python3.7/site-packages/airflow/example_dags/example_latest_only_with_trigger.py
[2022-09-24T08:28:18.804+0000] {processor.py:768} INFO - DAG(s) dict_keys(['latest_only_with_trigger']) retrieved from /home/airflow/.local/lib/python3.7/site-packages/airflow/example_dags/example_latest_only_with_trigger.py
[2022-09-24T08:28:18.832+0000] {logging_mixin.py:117} INFO - [2022-09-24T08:28:18.832+0000] {dag.py:2573} INFO - Sync 1 DAGs
[2022-09-24T08:28:18.847+0000] {logging_mixin.py:117} INFO - [2022-09-24T08:28:18.847+0000] {dag.py:3328} INFO - Setting next_dagrun for latest_only_with_trigger to 2022-09-24T04:28:18.847159+00:00, run_after=2022-09-24T08:28:18.847159+00:00
[2022-09-24T08:28:18.860+0000] {processor.py:178} INFO - Processing /home/airflow/.local/lib/python3.7/site-packages/airflow/example_dags/example_latest_only_with_trigger.py took 0.073 seconds
[2022-09-24T08:28:49.025+0000] {processor.py:156} INFO - Started process (PID=33929) to work on /home/airflow/.local/lib/python3.7/site-packages/airflow/example_dags/example_latest_only_with_trigger.py
[2022-09-24T08:28:49.026+0000] {processor.py:758} INFO - Processing file /home/airflow/.local/lib/python3.7/site-packages/airflow/example_dags/example_latest_only_with_trigger.py for tasks to queue
[2022-09-24T08:28:49.027+0000] {logging_mixin.py:117} INFO - [2022-09-24T08:28:49.027+0000] {dagbag.py:525} INFO - Filling up the DagBag from /home/airflow/.local/lib/python3.7/site-packages/airflow/example_dags/example_latest_only_with_trigger.py
[2022-09-24T08:28:49.038+0000] {processor.py:768} INFO - DAG(s) dict_keys(['latest_only_with_trigger']) retrieved from /home/airflow/.local/lib/python3.7/site-packages/airflow/example_dags/example_latest_only_with_trigger.py
[2022-09-24T08:28:49.068+0000] {logging_mixin.py:117} INFO - [2022-09-24T08:28:49.068+0000] {dag.py:2573} INFO - Sync 1 DAGs
[2022-09-24T08:28:49.084+0000] {logging_mixin.py:117} INFO - [2022-09-24T08:28:49.084+0000] {dag.py:3328} INFO - Setting next_dagrun for latest_only_with_trigger to 2022-09-24T04:28:49.083932+00:00, run_after=2022-09-24T08:28:49.083932+00:00
[2022-09-24T08:28:49.100+0000] {processor.py:178} INFO - Processing /home/airflow/.local/lib/python3.7/site-packages/airflow/example_dags/example_latest_only_with_trigger.py took 0.078 seconds
[2022-09-24T08:29:19.507+0000] {processor.py:156} INFO - Started process (PID=33992) to work on /home/airflow/.local/lib/python3.7/site-packages/airflow/example_dags/example_latest_only_with_trigger.py
[2022-09-24T08:29:19.509+0000] {processor.py:758} INFO - Processing file /home/airflow/.local/lib/python3.7/site-packages/airflow/example_dags/example_latest_only_with_trigger.py for tasks to queue
[2022-09-24T08:29:19.510+0000] {logging_mixin.py:117} INFO - [2022-09-24T08:29:19.510+0000] {dagbag.py:525} INFO - Filling up the DagBag from /home/airflow/.local/lib/python3.7/site-packages/airflow/example_dags/example_latest_only_with_trigger.py
[2022-09-24T08:29:19.525+0000] {processor.py:768} INFO - DAG(s) dict_keys(['latest_only_with_trigger']) retrieved from /home/airflow/.local/lib/python3.7/site-packages/airflow/example_dags/example_latest_only_with_trigger.py
[2022-09-24T08:29:19.563+0000] {logging_mixin.py:117} INFO - [2022-09-24T08:29:19.563+0000] {dag.py:2573} INFO - Sync 1 DAGs
[2022-09-24T08:29:19.584+0000] {logging_mixin.py:117} INFO - [2022-09-24T08:29:19.584+0000] {dag.py:3328} INFO - Setting next_dagrun for latest_only_with_trigger to 2022-09-24T04:29:19.584626+00:00, run_after=2022-09-24T08:29:19.584626+00:00
[2022-09-24T08:29:19.602+0000] {processor.py:178} INFO - Processing /home/airflow/.local/lib/python3.7/site-packages/airflow/example_dags/example_latest_only_with_trigger.py took 0.098 seconds
[2022-09-24T08:29:49.887+0000] {processor.py:156} INFO - Started process (PID=34056) to work on /home/airflow/.local/lib/python3.7/site-packages/airflow/example_dags/example_latest_only_with_trigger.py
[2022-09-24T08:29:49.889+0000] {processor.py:758} INFO - Processing file /home/airflow/.local/lib/python3.7/site-packages/airflow/example_dags/example_latest_only_with_trigger.py for tasks to queue
[2022-09-24T08:29:49.890+0000] {logging_mixin.py:117} INFO - [2022-09-24T08:29:49.889+0000] {dagbag.py:525} INFO - Filling up the DagBag from /home/airflow/.local/lib/python3.7/site-packages/airflow/example_dags/example_latest_only_with_trigger.py
[2022-09-24T08:29:49.899+0000] {processor.py:768} INFO - DAG(s) dict_keys(['latest_only_with_trigger']) retrieved from /home/airflow/.local/lib/python3.7/site-packages/airflow/example_dags/example_latest_only_with_trigger.py
[2022-09-24T08:29:49.927+0000] {logging_mixin.py:117} INFO - [2022-09-24T08:29:49.927+0000] {dag.py:2573} INFO - Sync 1 DAGs
[2022-09-24T08:29:49.950+0000] {logging_mixin.py:117} INFO - [2022-09-24T08:29:49.950+0000] {dag.py:3328} INFO - Setting next_dagrun for latest_only_with_trigger to 2022-09-24T04:29:49.950289+00:00, run_after=2022-09-24T08:29:49.950289+00:00
[2022-09-24T08:29:49.964+0000] {processor.py:178} INFO - Processing /home/airflow/.local/lib/python3.7/site-packages/airflow/example_dags/example_latest_only_with_trigger.py took 0.079 seconds
[2022-09-24T08:30:20.209+0000] {processor.py:156} INFO - Started process (PID=34119) to work on /home/airflow/.local/lib/python3.7/site-packages/airflow/example_dags/example_latest_only_with_trigger.py
[2022-09-24T08:30:20.211+0000] {processor.py:758} INFO - Processing file /home/airflow/.local/lib/python3.7/site-packages/airflow/example_dags/example_latest_only_with_trigger.py for tasks to queue
[2022-09-24T08:30:20.212+0000] {logging_mixin.py:117} INFO - [2022-09-24T08:30:20.212+0000] {dagbag.py:525} INFO - Filling up the DagBag from /home/airflow/.local/lib/python3.7/site-packages/airflow/example_dags/example_latest_only_with_trigger.py
[2022-09-24T08:30:20.223+0000] {processor.py:768} INFO - DAG(s) dict_keys(['latest_only_with_trigger']) retrieved from /home/airflow/.local/lib/python3.7/site-packages/airflow/example_dags/example_latest_only_with_trigger.py
[2022-09-24T08:30:20.250+0000] {logging_mixin.py:117} INFO - [2022-09-24T08:30:20.250+0000] {dag.py:2573} INFO - Sync 1 DAGs
[2022-09-24T08:30:20.267+0000] {logging_mixin.py:117} INFO - [2022-09-24T08:30:20.266+0000] {dag.py:3328} INFO - Setting next_dagrun for latest_only_with_trigger to 2022-09-24T04:30:20.266817+00:00, run_after=2022-09-24T08:30:20.266817+00:00
[2022-09-24T08:30:20.280+0000] {processor.py:178} INFO - Processing /home/airflow/.local/lib/python3.7/site-packages/airflow/example_dags/example_latest_only_with_trigger.py took 0.075 seconds
[2022-09-24T08:30:50.460+0000] {processor.py:156} INFO - Started process (PID=34183) to work on /home/airflow/.local/lib/python3.7/site-packages/airflow/example_dags/example_latest_only_with_trigger.py
[2022-09-24T08:30:50.461+0000] {processor.py:758} INFO - Processing file /home/airflow/.local/lib/python3.7/site-packages/airflow/example_dags/example_latest_only_with_trigger.py for tasks to queue
[2022-09-24T08:30:50.463+0000] {logging_mixin.py:117} INFO - [2022-09-24T08:30:50.463+0000] {dagbag.py:525} INFO - Filling up the DagBag from /home/airflow/.local/lib/python3.7/site-packages/airflow/example_dags/example_latest_only_with_trigger.py
[2022-09-24T08:30:50.473+0000] {processor.py:768} INFO - DAG(s) dict_keys(['latest_only_with_trigger']) retrieved from /home/airflow/.local/lib/python3.7/site-packages/airflow/example_dags/example_latest_only_with_trigger.py
[2022-09-24T08:30:50.504+0000] {logging_mixin.py:117} INFO - [2022-09-24T08:30:50.504+0000] {dag.py:2573} INFO - Sync 1 DAGs
[2022-09-24T08:30:50.520+0000] {logging_mixin.py:117} INFO - [2022-09-24T08:30:50.520+0000] {dag.py:3328} INFO - Setting next_dagrun for latest_only_with_trigger to 2022-09-24T04:30:50.520634+00:00, run_after=2022-09-24T08:30:50.520634+00:00
[2022-09-24T08:30:50.534+0000] {processor.py:178} INFO - Processing /home/airflow/.local/lib/python3.7/site-packages/airflow/example_dags/example_latest_only_with_trigger.py took 0.076 seconds
[2022-09-24T08:31:20.916+0000] {processor.py:156} INFO - Started process (PID=34246) to work on /home/airflow/.local/lib/python3.7/site-packages/airflow/example_dags/example_latest_only_with_trigger.py
[2022-09-24T08:31:20.917+0000] {processor.py:758} INFO - Processing file /home/airflow/.local/lib/python3.7/site-packages/airflow/example_dags/example_latest_only_with_trigger.py for tasks to queue
[2022-09-24T08:31:20.918+0000] {logging_mixin.py:117} INFO - [2022-09-24T08:31:20.918+0000] {dagbag.py:525} INFO - Filling up the DagBag from /home/airflow/.local/lib/python3.7/site-packages/airflow/example_dags/example_latest_only_with_trigger.py
[2022-09-24T08:31:20.928+0000] {processor.py:768} INFO - DAG(s) dict_keys(['latest_only_with_trigger']) retrieved from /home/airflow/.local/lib/python3.7/site-packages/airflow/example_dags/example_latest_only_with_trigger.py
[2022-09-24T08:31:20.955+0000] {logging_mixin.py:117} INFO - [2022-09-24T08:31:20.955+0000] {dag.py:2573} INFO - Sync 1 DAGs
[2022-09-24T08:31:20.971+0000] {logging_mixin.py:117} INFO - [2022-09-24T08:31:20.970+0000] {dag.py:3328} INFO - Setting next_dagrun for latest_only_with_trigger to 2022-09-24T04:31:20.970816+00:00, run_after=2022-09-24T08:31:20.970816+00:00
[2022-09-24T08:31:20.984+0000] {processor.py:178} INFO - Processing /home/airflow/.local/lib/python3.7/site-packages/airflow/example_dags/example_latest_only_with_trigger.py took 0.071 seconds
[2022-09-24T08:31:51.066+0000] {processor.py:156} INFO - Started process (PID=34306) to work on /home/airflow/.local/lib/python3.7/site-packages/airflow/example_dags/example_latest_only_with_trigger.py
[2022-09-24T08:31:51.067+0000] {processor.py:758} INFO - Processing file /home/airflow/.local/lib/python3.7/site-packages/airflow/example_dags/example_latest_only_with_trigger.py for tasks to queue
[2022-09-24T08:31:51.068+0000] {logging_mixin.py:117} INFO - [2022-09-24T08:31:51.068+0000] {dagbag.py:525} INFO - Filling up the DagBag from /home/airflow/.local/lib/python3.7/site-packages/airflow/example_dags/example_latest_only_with_trigger.py
[2022-09-24T08:31:51.079+0000] {processor.py:768} INFO - DAG(s) dict_keys(['latest_only_with_trigger']) retrieved from /home/airflow/.local/lib/python3.7/site-packages/airflow/example_dags/example_latest_only_with_trigger.py
[2022-09-24T08:31:51.108+0000] {logging_mixin.py:117} INFO - [2022-09-24T08:31:51.107+0000] {dag.py:2573} INFO - Sync 1 DAGs
[2022-09-24T08:31:51.122+0000] {logging_mixin.py:117} INFO - [2022-09-24T08:31:51.122+0000] {dag.py:3328} INFO - Setting next_dagrun for latest_only_with_trigger to 2022-09-24T04:31:51.122431+00:00, run_after=2022-09-24T08:31:51.122431+00:00
[2022-09-24T08:31:51.140+0000] {processor.py:178} INFO - Processing /home/airflow/.local/lib/python3.7/site-packages/airflow/example_dags/example_latest_only_with_trigger.py took 0.077 seconds
[2022-09-24T08:32:21.315+0000] {processor.py:156} INFO - Started process (PID=34362) to work on /home/airflow/.local/lib/python3.7/site-packages/airflow/example_dags/example_latest_only_with_trigger.py
[2022-09-24T08:32:21.316+0000] {processor.py:758} INFO - Processing file /home/airflow/.local/lib/python3.7/site-packages/airflow/example_dags/example_latest_only_with_trigger.py for tasks to queue
[2022-09-24T08:32:21.318+0000] {logging_mixin.py:117} INFO - [2022-09-24T08:32:21.318+0000] {dagbag.py:525} INFO - Filling up the DagBag from /home/airflow/.local/lib/python3.7/site-packages/airflow/example_dags/example_latest_only_with_trigger.py
[2022-09-24T08:32:21.328+0000] {processor.py:768} INFO - DAG(s) dict_keys(['latest_only_with_trigger']) retrieved from /home/airflow/.local/lib/python3.7/site-packages/airflow/example_dags/example_latest_only_with_trigger.py
[2022-09-24T08:32:21.357+0000] {logging_mixin.py:117} INFO - [2022-09-24T08:32:21.357+0000] {dag.py:2573} INFO - Sync 1 DAGs
[2022-09-24T08:32:21.380+0000] {logging_mixin.py:117} INFO - [2022-09-24T08:32:21.380+0000] {dag.py:3328} INFO - Setting next_dagrun for latest_only_with_trigger to 2022-09-24T04:32:21.380070+00:00, run_after=2022-09-24T08:32:21.380070+00:00
[2022-09-24T08:32:21.393+0000] {processor.py:178} INFO - Processing /home/airflow/.local/lib/python3.7/site-packages/airflow/example_dags/example_latest_only_with_trigger.py took 0.081 seconds
[2022-09-24T08:32:51.659+0000] {processor.py:156} INFO - Started process (PID=34424) to work on /home/airflow/.local/lib/python3.7/site-packages/airflow/example_dags/example_latest_only_with_trigger.py
[2022-09-24T08:32:51.661+0000] {processor.py:758} INFO - Processing file /home/airflow/.local/lib/python3.7/site-packages/airflow/example_dags/example_latest_only_with_trigger.py for tasks to queue
[2022-09-24T08:32:51.662+0000] {logging_mixin.py:117} INFO - [2022-09-24T08:32:51.662+0000] {dagbag.py:525} INFO - Filling up the DagBag from /home/airflow/.local/lib/python3.7/site-packages/airflow/example_dags/example_latest_only_with_trigger.py
[2022-09-24T08:32:51.673+0000] {processor.py:768} INFO - DAG(s) dict_keys(['latest_only_with_trigger']) retrieved from /home/airflow/.local/lib/python3.7/site-packages/airflow/example_dags/example_latest_only_with_trigger.py
[2022-09-24T08:32:51.702+0000] {logging_mixin.py:117} INFO - [2022-09-24T08:32:51.702+0000] {dag.py:2573} INFO - Sync 1 DAGs
[2022-09-24T08:32:51.719+0000] {logging_mixin.py:117} INFO - [2022-09-24T08:32:51.719+0000] {dag.py:3328} INFO - Setting next_dagrun for latest_only_with_trigger to 2022-09-24T04:32:51.719484+00:00, run_after=2022-09-24T08:32:51.719484+00:00
[2022-09-24T08:32:51.735+0000] {processor.py:178} INFO - Processing /home/airflow/.local/lib/python3.7/site-packages/airflow/example_dags/example_latest_only_with_trigger.py took 0.078 seconds
[2022-09-24T08:33:22.126+0000] {processor.py:156} INFO - Started process (PID=34487) to work on /home/airflow/.local/lib/python3.7/site-packages/airflow/example_dags/example_latest_only_with_trigger.py
[2022-09-24T08:33:22.128+0000] {processor.py:758} INFO - Processing file /home/airflow/.local/lib/python3.7/site-packages/airflow/example_dags/example_latest_only_with_trigger.py for tasks to queue
[2022-09-24T08:33:22.129+0000] {logging_mixin.py:117} INFO - [2022-09-24T08:33:22.129+0000] {dagbag.py:525} INFO - Filling up the DagBag from /home/airflow/.local/lib/python3.7/site-packages/airflow/example_dags/example_latest_only_with_trigger.py
[2022-09-24T08:33:22.140+0000] {processor.py:768} INFO - DAG(s) dict_keys(['latest_only_with_trigger']) retrieved from /home/airflow/.local/lib/python3.7/site-packages/airflow/example_dags/example_latest_only_with_trigger.py
[2022-09-24T08:33:22.175+0000] {logging_mixin.py:117} INFO - [2022-09-24T08:33:22.175+0000] {dag.py:2573} INFO - Sync 1 DAGs
[2022-09-24T08:33:22.192+0000] {logging_mixin.py:117} INFO - [2022-09-24T08:33:22.192+0000] {dag.py:3328} INFO - Setting next_dagrun for latest_only_with_trigger to 2022-09-24T04:33:22.191979+00:00, run_after=2022-09-24T08:33:22.191979+00:00
[2022-09-24T08:33:22.204+0000] {processor.py:178} INFO - Processing /home/airflow/.local/lib/python3.7/site-packages/airflow/example_dags/example_latest_only_with_trigger.py took 0.080 seconds
[2022-09-24T08:33:52.559+0000] {processor.py:156} INFO - Started process (PID=34550) to work on /home/airflow/.local/lib/python3.7/site-packages/airflow/example_dags/example_latest_only_with_trigger.py
[2022-09-24T08:33:52.562+0000] {processor.py:758} INFO - Processing file /home/airflow/.local/lib/python3.7/site-packages/airflow/example_dags/example_latest_only_with_trigger.py for tasks to queue
[2022-09-24T08:33:52.563+0000] {logging_mixin.py:117} INFO - [2022-09-24T08:33:52.563+0000] {dagbag.py:525} INFO - Filling up the DagBag from /home/airflow/.local/lib/python3.7/site-packages/airflow/example_dags/example_latest_only_with_trigger.py
[2022-09-24T08:33:52.573+0000] {processor.py:768} INFO - DAG(s) dict_keys(['latest_only_with_trigger']) retrieved from /home/airflow/.local/lib/python3.7/site-packages/airflow/example_dags/example_latest_only_with_trigger.py
[2022-09-24T08:33:52.601+0000] {logging_mixin.py:117} INFO - [2022-09-24T08:33:52.601+0000] {dag.py:2573} INFO - Sync 1 DAGs
[2022-09-24T08:33:52.616+0000] {logging_mixin.py:117} INFO - [2022-09-24T08:33:52.616+0000] {dag.py:3328} INFO - Setting next_dagrun for latest_only_with_trigger to 2022-09-24T04:33:52.616098+00:00, run_after=2022-09-24T08:33:52.616098+00:00
[2022-09-24T08:33:52.628+0000] {processor.py:178} INFO - Processing /home/airflow/.local/lib/python3.7/site-packages/airflow/example_dags/example_latest_only_with_trigger.py took 0.071 seconds
[2022-09-24T08:34:22.836+0000] {processor.py:156} INFO - Started process (PID=34613) to work on /home/airflow/.local/lib/python3.7/site-packages/airflow/example_dags/example_latest_only_with_trigger.py
[2022-09-24T08:34:22.838+0000] {processor.py:758} INFO - Processing file /home/airflow/.local/lib/python3.7/site-packages/airflow/example_dags/example_latest_only_with_trigger.py for tasks to queue
[2022-09-24T08:34:22.839+0000] {logging_mixin.py:117} INFO - [2022-09-24T08:34:22.839+0000] {dagbag.py:525} INFO - Filling up the DagBag from /home/airflow/.local/lib/python3.7/site-packages/airflow/example_dags/example_latest_only_with_trigger.py
[2022-09-24T08:34:22.849+0000] {processor.py:768} INFO - DAG(s) dict_keys(['latest_only_with_trigger']) retrieved from /home/airflow/.local/lib/python3.7/site-packages/airflow/example_dags/example_latest_only_with_trigger.py
[2022-09-24T08:34:22.880+0000] {logging_mixin.py:117} INFO - [2022-09-24T08:34:22.880+0000] {dag.py:2573} INFO - Sync 1 DAGs
[2022-09-24T08:34:22.895+0000] {logging_mixin.py:117} INFO - [2022-09-24T08:34:22.895+0000] {dag.py:3328} INFO - Setting next_dagrun for latest_only_with_trigger to 2022-09-24T04:34:22.895685+00:00, run_after=2022-09-24T08:34:22.895685+00:00
[2022-09-24T08:34:22.908+0000] {processor.py:178} INFO - Processing /home/airflow/.local/lib/python3.7/site-packages/airflow/example_dags/example_latest_only_with_trigger.py took 0.074 seconds
[2022-09-24T08:34:53.096+0000] {processor.py:156} INFO - Started process (PID=34673) to work on /home/airflow/.local/lib/python3.7/site-packages/airflow/example_dags/example_latest_only_with_trigger.py
[2022-09-24T08:34:53.098+0000] {processor.py:758} INFO - Processing file /home/airflow/.local/lib/python3.7/site-packages/airflow/example_dags/example_latest_only_with_trigger.py for tasks to queue
[2022-09-24T08:34:53.100+0000] {logging_mixin.py:117} INFO - [2022-09-24T08:34:53.099+0000] {dagbag.py:525} INFO - Filling up the DagBag from /home/airflow/.local/lib/python3.7/site-packages/airflow/example_dags/example_latest_only_with_trigger.py
[2022-09-24T08:34:53.110+0000] {processor.py:768} INFO - DAG(s) dict_keys(['latest_only_with_trigger']) retrieved from /home/airflow/.local/lib/python3.7/site-packages/airflow/example_dags/example_latest_only_with_trigger.py
[2022-09-24T08:34:53.140+0000] {logging_mixin.py:117} INFO - [2022-09-24T08:34:53.140+0000] {dag.py:2573} INFO - Sync 1 DAGs
[2022-09-24T08:34:53.157+0000] {logging_mixin.py:117} INFO - [2022-09-24T08:34:53.157+0000] {dag.py:3328} INFO - Setting next_dagrun for latest_only_with_trigger to 2022-09-24T04:34:53.157751+00:00, run_after=2022-09-24T08:34:53.157751+00:00
[2022-09-24T08:34:53.173+0000] {processor.py:178} INFO - Processing /home/airflow/.local/lib/python3.7/site-packages/airflow/example_dags/example_latest_only_with_trigger.py took 0.078 seconds
[2022-09-24T08:35:23.638+0000] {processor.py:156} INFO - Started process (PID=34730) to work on /home/airflow/.local/lib/python3.7/site-packages/airflow/example_dags/example_latest_only_with_trigger.py
[2022-09-24T08:35:23.640+0000] {processor.py:758} INFO - Processing file /home/airflow/.local/lib/python3.7/site-packages/airflow/example_dags/example_latest_only_with_trigger.py for tasks to queue
[2022-09-24T08:35:23.641+0000] {logging_mixin.py:117} INFO - [2022-09-24T08:35:23.641+0000] {dagbag.py:525} INFO - Filling up the DagBag from /home/airflow/.local/lib/python3.7/site-packages/airflow/example_dags/example_latest_only_with_trigger.py
[2022-09-24T08:35:23.654+0000] {processor.py:768} INFO - DAG(s) dict_keys(['latest_only_with_trigger']) retrieved from /home/airflow/.local/lib/python3.7/site-packages/airflow/example_dags/example_latest_only_with_trigger.py
[2022-09-24T08:35:23.692+0000] {logging_mixin.py:117} INFO - [2022-09-24T08:35:23.691+0000] {dag.py:2573} INFO - Sync 1 DAGs
[2022-09-24T08:35:23.707+0000] {logging_mixin.py:117} INFO - [2022-09-24T08:35:23.707+0000] {dag.py:3328} INFO - Setting next_dagrun for latest_only_with_trigger to 2022-09-24T04:35:23.707588+00:00, run_after=2022-09-24T08:35:23.707588+00:00
[2022-09-24T08:35:23.720+0000] {processor.py:178} INFO - Processing /home/airflow/.local/lib/python3.7/site-packages/airflow/example_dags/example_latest_only_with_trigger.py took 0.087 seconds
[2022-09-24T08:35:53.900+0000] {processor.py:156} INFO - Started process (PID=34793) to work on /home/airflow/.local/lib/python3.7/site-packages/airflow/example_dags/example_latest_only_with_trigger.py
[2022-09-24T08:35:53.902+0000] {processor.py:758} INFO - Processing file /home/airflow/.local/lib/python3.7/site-packages/airflow/example_dags/example_latest_only_with_trigger.py for tasks to queue
[2022-09-24T08:35:53.903+0000] {logging_mixin.py:117} INFO - [2022-09-24T08:35:53.903+0000] {dagbag.py:525} INFO - Filling up the DagBag from /home/airflow/.local/lib/python3.7/site-packages/airflow/example_dags/example_latest_only_with_trigger.py
[2022-09-24T08:35:53.913+0000] {processor.py:768} INFO - DAG(s) dict_keys(['latest_only_with_trigger']) retrieved from /home/airflow/.local/lib/python3.7/site-packages/airflow/example_dags/example_latest_only_with_trigger.py
[2022-09-24T08:35:53.940+0000] {logging_mixin.py:117} INFO - [2022-09-24T08:35:53.940+0000] {dag.py:2573} INFO - Sync 1 DAGs
[2022-09-24T08:35:53.957+0000] {logging_mixin.py:117} INFO - [2022-09-24T08:35:53.957+0000] {dag.py:3328} INFO - Setting next_dagrun for latest_only_with_trigger to 2022-09-24T04:35:53.957039+00:00, run_after=2022-09-24T08:35:53.957039+00:00
[2022-09-24T08:35:53.968+0000] {processor.py:178} INFO - Processing /home/airflow/.local/lib/python3.7/site-packages/airflow/example_dags/example_latest_only_with_trigger.py took 0.070 seconds
[2022-09-24T08:36:24.227+0000] {processor.py:156} INFO - Started process (PID=34856) to work on /home/airflow/.local/lib/python3.7/site-packages/airflow/example_dags/example_latest_only_with_trigger.py
[2022-09-24T08:36:24.228+0000] {processor.py:758} INFO - Processing file /home/airflow/.local/lib/python3.7/site-packages/airflow/example_dags/example_latest_only_with_trigger.py for tasks to queue
[2022-09-24T08:36:24.229+0000] {logging_mixin.py:117} INFO - [2022-09-24T08:36:24.229+0000] {dagbag.py:525} INFO - Filling up the DagBag from /home/airflow/.local/lib/python3.7/site-packages/airflow/example_dags/example_latest_only_with_trigger.py
[2022-09-24T08:36:24.239+0000] {processor.py:768} INFO - DAG(s) dict_keys(['latest_only_with_trigger']) retrieved from /home/airflow/.local/lib/python3.7/site-packages/airflow/example_dags/example_latest_only_with_trigger.py
[2022-09-24T08:36:24.269+0000] {logging_mixin.py:117} INFO - [2022-09-24T08:36:24.268+0000] {dag.py:2573} INFO - Sync 1 DAGs
[2022-09-24T08:36:24.284+0000] {logging_mixin.py:117} INFO - [2022-09-24T08:36:24.284+0000] {dag.py:3328} INFO - Setting next_dagrun for latest_only_with_trigger to 2022-09-24T04:36:24.284037+00:00, run_after=2022-09-24T08:36:24.284037+00:00
[2022-09-24T08:36:24.297+0000] {processor.py:178} INFO - Processing /home/airflow/.local/lib/python3.7/site-packages/airflow/example_dags/example_latest_only_with_trigger.py took 0.073 seconds
[2022-09-24T08:36:54.587+0000] {processor.py:156} INFO - Started process (PID=34919) to work on /home/airflow/.local/lib/python3.7/site-packages/airflow/example_dags/example_latest_only_with_trigger.py
[2022-09-24T08:36:54.588+0000] {processor.py:758} INFO - Processing file /home/airflow/.local/lib/python3.7/site-packages/airflow/example_dags/example_latest_only_with_trigger.py for tasks to queue
[2022-09-24T08:36:54.589+0000] {logging_mixin.py:117} INFO - [2022-09-24T08:36:54.589+0000] {dagbag.py:525} INFO - Filling up the DagBag from /home/airflow/.local/lib/python3.7/site-packages/airflow/example_dags/example_latest_only_with_trigger.py
[2022-09-24T08:36:54.600+0000] {processor.py:768} INFO - DAG(s) dict_keys(['latest_only_with_trigger']) retrieved from /home/airflow/.local/lib/python3.7/site-packages/airflow/example_dags/example_latest_only_with_trigger.py
[2022-09-24T08:36:54.628+0000] {logging_mixin.py:117} INFO - [2022-09-24T08:36:54.628+0000] {dag.py:2573} INFO - Sync 1 DAGs
[2022-09-24T08:36:54.643+0000] {logging_mixin.py:117} INFO - [2022-09-24T08:36:54.643+0000] {dag.py:3328} INFO - Setting next_dagrun for latest_only_with_trigger to 2022-09-24T04:36:54.643586+00:00, run_after=2022-09-24T08:36:54.643586+00:00
[2022-09-24T08:36:54.657+0000] {processor.py:178} INFO - Processing /home/airflow/.local/lib/python3.7/site-packages/airflow/example_dags/example_latest_only_with_trigger.py took 0.073 seconds
[2022-09-24T08:37:24.934+0000] {processor.py:156} INFO - Started process (PID=34982) to work on /home/airflow/.local/lib/python3.7/site-packages/airflow/example_dags/example_latest_only_with_trigger.py
[2022-09-24T08:37:24.935+0000] {processor.py:758} INFO - Processing file /home/airflow/.local/lib/python3.7/site-packages/airflow/example_dags/example_latest_only_with_trigger.py for tasks to queue
[2022-09-24T08:37:24.936+0000] {logging_mixin.py:117} INFO - [2022-09-24T08:37:24.936+0000] {dagbag.py:525} INFO - Filling up the DagBag from /home/airflow/.local/lib/python3.7/site-packages/airflow/example_dags/example_latest_only_with_trigger.py
[2022-09-24T08:37:24.947+0000] {processor.py:768} INFO - DAG(s) dict_keys(['latest_only_with_trigger']) retrieved from /home/airflow/.local/lib/python3.7/site-packages/airflow/example_dags/example_latest_only_with_trigger.py
[2022-09-24T08:37:24.973+0000] {logging_mixin.py:117} INFO - [2022-09-24T08:37:24.973+0000] {dag.py:2573} INFO - Sync 1 DAGs
[2022-09-24T08:37:24.989+0000] {logging_mixin.py:117} INFO - [2022-09-24T08:37:24.989+0000] {dag.py:3328} INFO - Setting next_dagrun for latest_only_with_trigger to 2022-09-24T04:37:24.989707+00:00, run_after=2022-09-24T08:37:24.989707+00:00
[2022-09-24T08:37:25.004+0000] {processor.py:178} INFO - Processing /home/airflow/.local/lib/python3.7/site-packages/airflow/example_dags/example_latest_only_with_trigger.py took 0.073 seconds
[2022-09-24T08:37:55.380+0000] {processor.py:156} INFO - Started process (PID=35044) to work on /home/airflow/.local/lib/python3.7/site-packages/airflow/example_dags/example_latest_only_with_trigger.py
[2022-09-24T08:37:55.382+0000] {processor.py:758} INFO - Processing file /home/airflow/.local/lib/python3.7/site-packages/airflow/example_dags/example_latest_only_with_trigger.py for tasks to queue
[2022-09-24T08:37:55.385+0000] {logging_mixin.py:117} INFO - [2022-09-24T08:37:55.385+0000] {dagbag.py:525} INFO - Filling up the DagBag from /home/airflow/.local/lib/python3.7/site-packages/airflow/example_dags/example_latest_only_with_trigger.py
[2022-09-24T08:37:55.396+0000] {processor.py:768} INFO - DAG(s) dict_keys(['latest_only_with_trigger']) retrieved from /home/airflow/.local/lib/python3.7/site-packages/airflow/example_dags/example_latest_only_with_trigger.py
[2022-09-24T08:37:55.427+0000] {logging_mixin.py:117} INFO - [2022-09-24T08:37:55.427+0000] {dag.py:2573} INFO - Sync 1 DAGs
[2022-09-24T08:37:55.444+0000] {logging_mixin.py:117} INFO - [2022-09-24T08:37:55.444+0000] {dag.py:3328} INFO - Setting next_dagrun for latest_only_with_trigger to 2022-09-24T04:37:55.444455+00:00, run_after=2022-09-24T08:37:55.444455+00:00
[2022-09-24T08:37:55.463+0000] {processor.py:178} INFO - Processing /home/airflow/.local/lib/python3.7/site-packages/airflow/example_dags/example_latest_only_with_trigger.py took 0.086 seconds
[2022-09-24T08:38:25.680+0000] {processor.py:156} INFO - Started process (PID=35098) to work on /home/airflow/.local/lib/python3.7/site-packages/airflow/example_dags/example_latest_only_with_trigger.py
[2022-09-24T08:38:25.681+0000] {processor.py:758} INFO - Processing file /home/airflow/.local/lib/python3.7/site-packages/airflow/example_dags/example_latest_only_with_trigger.py for tasks to queue
[2022-09-24T08:38:25.682+0000] {logging_mixin.py:117} INFO - [2022-09-24T08:38:25.682+0000] {dagbag.py:525} INFO - Filling up the DagBag from /home/airflow/.local/lib/python3.7/site-packages/airflow/example_dags/example_latest_only_with_trigger.py
[2022-09-24T08:38:25.692+0000] {processor.py:768} INFO - DAG(s) dict_keys(['latest_only_with_trigger']) retrieved from /home/airflow/.local/lib/python3.7/site-packages/airflow/example_dags/example_latest_only_with_trigger.py
[2022-09-24T08:38:25.721+0000] {logging_mixin.py:117} INFO - [2022-09-24T08:38:25.721+0000] {dag.py:2573} INFO - Sync 1 DAGs
[2022-09-24T08:38:25.735+0000] {logging_mixin.py:117} INFO - [2022-09-24T08:38:25.735+0000] {dag.py:3328} INFO - Setting next_dagrun for latest_only_with_trigger to 2022-09-24T04:38:25.735706+00:00, run_after=2022-09-24T08:38:25.735706+00:00
[2022-09-24T08:38:25.748+0000] {processor.py:178} INFO - Processing /home/airflow/.local/lib/python3.7/site-packages/airflow/example_dags/example_latest_only_with_trigger.py took 0.070 seconds
[2022-09-24T08:38:55.954+0000] {processor.py:156} INFO - Started process (PID=35162) to work on /home/airflow/.local/lib/python3.7/site-packages/airflow/example_dags/example_latest_only_with_trigger.py
[2022-09-24T08:38:55.956+0000] {processor.py:758} INFO - Processing file /home/airflow/.local/lib/python3.7/site-packages/airflow/example_dags/example_latest_only_with_trigger.py for tasks to queue
[2022-09-24T08:38:55.958+0000] {logging_mixin.py:117} INFO - [2022-09-24T08:38:55.958+0000] {dagbag.py:525} INFO - Filling up the DagBag from /home/airflow/.local/lib/python3.7/site-packages/airflow/example_dags/example_latest_only_with_trigger.py
[2022-09-24T08:38:55.968+0000] {processor.py:768} INFO - DAG(s) dict_keys(['latest_only_with_trigger']) retrieved from /home/airflow/.local/lib/python3.7/site-packages/airflow/example_dags/example_latest_only_with_trigger.py
[2022-09-24T08:38:55.994+0000] {logging_mixin.py:117} INFO - [2022-09-24T08:38:55.994+0000] {dag.py:2573} INFO - Sync 1 DAGs
[2022-09-24T08:38:56.010+0000] {logging_mixin.py:117} INFO - [2022-09-24T08:38:56.010+0000] {dag.py:3328} INFO - Setting next_dagrun for latest_only_with_trigger to 2022-09-24T04:38:56.010086+00:00, run_after=2022-09-24T08:38:56.010086+00:00
[2022-09-24T08:38:56.024+0000] {processor.py:178} INFO - Processing /home/airflow/.local/lib/python3.7/site-packages/airflow/example_dags/example_latest_only_with_trigger.py took 0.072 seconds
[2022-09-24T08:39:26.243+0000] {processor.py:156} INFO - Started process (PID=35225) to work on /home/airflow/.local/lib/python3.7/site-packages/airflow/example_dags/example_latest_only_with_trigger.py
[2022-09-24T08:39:26.244+0000] {processor.py:758} INFO - Processing file /home/airflow/.local/lib/python3.7/site-packages/airflow/example_dags/example_latest_only_with_trigger.py for tasks to queue
[2022-09-24T08:39:26.246+0000] {logging_mixin.py:117} INFO - [2022-09-24T08:39:26.246+0000] {dagbag.py:525} INFO - Filling up the DagBag from /home/airflow/.local/lib/python3.7/site-packages/airflow/example_dags/example_latest_only_with_trigger.py
[2022-09-24T08:39:26.257+0000] {processor.py:768} INFO - DAG(s) dict_keys(['latest_only_with_trigger']) retrieved from /home/airflow/.local/lib/python3.7/site-packages/airflow/example_dags/example_latest_only_with_trigger.py
[2022-09-24T08:39:26.287+0000] {logging_mixin.py:117} INFO - [2022-09-24T08:39:26.287+0000] {dag.py:2573} INFO - Sync 1 DAGs
[2022-09-24T08:39:26.305+0000] {logging_mixin.py:117} INFO - [2022-09-24T08:39:26.305+0000] {dag.py:3328} INFO - Setting next_dagrun for latest_only_with_trigger to 2022-09-24T04:39:26.305127+00:00, run_after=2022-09-24T08:39:26.305127+00:00
[2022-09-24T08:39:26.318+0000] {processor.py:178} INFO - Processing /home/airflow/.local/lib/python3.7/site-packages/airflow/example_dags/example_latest_only_with_trigger.py took 0.078 seconds
[2022-09-24T08:39:56.724+0000] {processor.py:156} INFO - Started process (PID=35288) to work on /home/airflow/.local/lib/python3.7/site-packages/airflow/example_dags/example_latest_only_with_trigger.py
[2022-09-24T08:39:56.728+0000] {processor.py:758} INFO - Processing file /home/airflow/.local/lib/python3.7/site-packages/airflow/example_dags/example_latest_only_with_trigger.py for tasks to queue
[2022-09-24T08:39:56.755+0000] {logging_mixin.py:117} INFO - [2022-09-24T08:39:56.755+0000] {dagbag.py:525} INFO - Filling up the DagBag from /home/airflow/.local/lib/python3.7/site-packages/airflow/example_dags/example_latest_only_with_trigger.py
[2022-09-24T08:39:56.792+0000] {processor.py:768} INFO - DAG(s) dict_keys(['latest_only_with_trigger']) retrieved from /home/airflow/.local/lib/python3.7/site-packages/airflow/example_dags/example_latest_only_with_trigger.py
[2022-09-24T08:39:56.845+0000] {logging_mixin.py:117} INFO - [2022-09-24T08:39:56.845+0000] {dag.py:2573} INFO - Sync 1 DAGs
[2022-09-24T08:39:56.864+0000] {logging_mixin.py:117} INFO - [2022-09-24T08:39:56.864+0000] {dag.py:3328} INFO - Setting next_dagrun for latest_only_with_trigger to 2022-09-24T04:39:56.864694+00:00, run_after=2022-09-24T08:39:56.864694+00:00
[2022-09-24T08:39:56.883+0000] {processor.py:178} INFO - Processing /home/airflow/.local/lib/python3.7/site-packages/airflow/example_dags/example_latest_only_with_trigger.py took 0.162 seconds
[2022-09-24T09:07:10.519+0000] {processor.py:156} INFO - Started process (PID=35343) to work on /home/airflow/.local/lib/python3.7/site-packages/airflow/example_dags/example_latest_only_with_trigger.py
[2022-09-24T09:07:10.524+0000] {processor.py:758} INFO - Processing file /home/airflow/.local/lib/python3.7/site-packages/airflow/example_dags/example_latest_only_with_trigger.py for tasks to queue
[2022-09-24T09:07:10.526+0000] {logging_mixin.py:117} INFO - [2022-09-24T09:07:10.526+0000] {dagbag.py:525} INFO - Filling up the DagBag from /home/airflow/.local/lib/python3.7/site-packages/airflow/example_dags/example_latest_only_with_trigger.py
[2022-09-24T09:07:10.553+0000] {processor.py:768} INFO - DAG(s) dict_keys(['latest_only_with_trigger']) retrieved from /home/airflow/.local/lib/python3.7/site-packages/airflow/example_dags/example_latest_only_with_trigger.py
[2022-09-24T09:07:10.632+0000] {logging_mixin.py:117} INFO - [2022-09-24T09:07:10.632+0000] {dag.py:2573} INFO - Sync 1 DAGs
[2022-09-24T09:07:10.665+0000] {logging_mixin.py:117} INFO - [2022-09-24T09:07:10.664+0000] {dag.py:3328} INFO - Setting next_dagrun for latest_only_with_trigger to 2022-09-24T05:07:10.664686+00:00, run_after=2022-09-24T09:07:10.664686+00:00
[2022-09-24T09:07:10.691+0000] {processor.py:178} INFO - Processing /home/airflow/.local/lib/python3.7/site-packages/airflow/example_dags/example_latest_only_with_trigger.py took 0.175 seconds
