[2022-09-24T01:04:10.404+0000] {processor.py:156} INFO - Started process (PID=32110) to work on /home/airflow/.local/lib/python3.7/site-packages/airflow/example_dags/example_short_circuit_decorator.py
[2022-09-24T01:04:10.407+0000] {processor.py:758} INFO - Processing file /home/airflow/.local/lib/python3.7/site-packages/airflow/example_dags/example_short_circuit_decorator.py for tasks to queue
[2022-09-24T01:04:10.409+0000] {logging_mixin.py:117} INFO - [2022-09-24T01:04:10.409+0000] {dagbag.py:525} INFO - Filling up the DagBag from /home/airflow/.local/lib/python3.7/site-packages/airflow/example_dags/example_short_circuit_decorator.py
[2022-09-24T01:04:10.445+0000] {processor.py:768} INFO - DAG(s) dict_keys(['example_short_circuit_decorator']) retrieved from /home/airflow/.local/lib/python3.7/site-packages/airflow/example_dags/example_short_circuit_decorator.py
[2022-09-24T01:04:10.492+0000] {logging_mixin.py:117} INFO - [2022-09-24T01:04:10.492+0000] {dag.py:2573} INFO - Sync 1 DAGs
[2022-09-24T01:04:10.518+0000] {logging_mixin.py:117} INFO - [2022-09-24T01:04:10.518+0000] {dag.py:3328} INFO - Setting next_dagrun for example_short_circuit_decorator to 2022-09-23T01:04:10.518456+00:00, run_after=2022-09-24T01:04:10.518456+00:00
[2022-09-24T01:04:10.541+0000] {processor.py:178} INFO - Processing /home/airflow/.local/lib/python3.7/site-packages/airflow/example_dags/example_short_circuit_decorator.py took 0.145 seconds
[2022-09-24T02:27:01.240+0000] {processor.py:156} INFO - Started process (PID=32164) to work on /home/airflow/.local/lib/python3.7/site-packages/airflow/example_dags/example_short_circuit_decorator.py
[2022-09-24T02:27:01.243+0000] {processor.py:758} INFO - Processing file /home/airflow/.local/lib/python3.7/site-packages/airflow/example_dags/example_short_circuit_decorator.py for tasks to queue
[2022-09-24T02:27:01.244+0000] {logging_mixin.py:117} INFO - [2022-09-24T02:27:01.244+0000] {dagbag.py:525} INFO - Filling up the DagBag from /home/airflow/.local/lib/python3.7/site-packages/airflow/example_dags/example_short_circuit_decorator.py
[2022-09-24T02:27:01.274+0000] {processor.py:768} INFO - DAG(s) dict_keys(['example_short_circuit_decorator']) retrieved from /home/airflow/.local/lib/python3.7/site-packages/airflow/example_dags/example_short_circuit_decorator.py
[2022-09-24T02:27:01.333+0000] {logging_mixin.py:117} INFO - [2022-09-24T02:27:01.333+0000] {dag.py:2573} INFO - Sync 1 DAGs
[2022-09-24T02:27:01.357+0000] {logging_mixin.py:117} INFO - [2022-09-24T02:27:01.357+0000] {dag.py:3328} INFO - Setting next_dagrun for example_short_circuit_decorator to 2022-09-23T02:27:01.357058+00:00, run_after=2022-09-24T02:27:01.357058+00:00
[2022-09-24T02:27:01.396+0000] {processor.py:178} INFO - Processing /home/airflow/.local/lib/python3.7/site-packages/airflow/example_dags/example_short_circuit_decorator.py took 0.159 seconds
[2022-09-24T03:23:59.917+0000] {processor.py:156} INFO - Started process (PID=32227) to work on /home/airflow/.local/lib/python3.7/site-packages/airflow/example_dags/example_short_circuit_decorator.py
[2022-09-24T03:23:59.920+0000] {processor.py:758} INFO - Processing file /home/airflow/.local/lib/python3.7/site-packages/airflow/example_dags/example_short_circuit_decorator.py for tasks to queue
[2022-09-24T03:23:59.921+0000] {logging_mixin.py:117} INFO - [2022-09-24T03:23:59.921+0000] {dagbag.py:525} INFO - Filling up the DagBag from /home/airflow/.local/lib/python3.7/site-packages/airflow/example_dags/example_short_circuit_decorator.py
[2022-09-24T03:23:59.939+0000] {processor.py:768} INFO - DAG(s) dict_keys(['example_short_circuit_decorator']) retrieved from /home/airflow/.local/lib/python3.7/site-packages/airflow/example_dags/example_short_circuit_decorator.py
[2022-09-24T03:23:59.971+0000] {logging_mixin.py:117} INFO - [2022-09-24T03:23:59.971+0000] {dag.py:2573} INFO - Sync 1 DAGs
[2022-09-24T03:23:59.990+0000] {logging_mixin.py:117} INFO - [2022-09-24T03:23:59.990+0000] {dag.py:3328} INFO - Setting next_dagrun for example_short_circuit_decorator to 2022-09-23T03:23:59.990629+00:00, run_after=2022-09-24T03:23:59.990629+00:00
[2022-09-24T03:24:00.011+0000] {processor.py:178} INFO - Processing /home/airflow/.local/lib/python3.7/site-packages/airflow/example_dags/example_short_circuit_decorator.py took 0.096 seconds
[2022-09-24T04:29:27.072+0000] {processor.py:156} INFO - Started process (PID=32292) to work on /home/airflow/.local/lib/python3.7/site-packages/airflow/example_dags/example_short_circuit_decorator.py
[2022-09-24T04:29:27.074+0000] {processor.py:758} INFO - Processing file /home/airflow/.local/lib/python3.7/site-packages/airflow/example_dags/example_short_circuit_decorator.py for tasks to queue
[2022-09-24T04:29:27.076+0000] {logging_mixin.py:117} INFO - [2022-09-24T04:29:27.076+0000] {dagbag.py:525} INFO - Filling up the DagBag from /home/airflow/.local/lib/python3.7/site-packages/airflow/example_dags/example_short_circuit_decorator.py
[2022-09-24T04:29:27.112+0000] {processor.py:768} INFO - DAG(s) dict_keys(['example_short_circuit_decorator']) retrieved from /home/airflow/.local/lib/python3.7/site-packages/airflow/example_dags/example_short_circuit_decorator.py
[2022-09-24T04:29:27.162+0000] {logging_mixin.py:117} INFO - [2022-09-24T04:29:27.162+0000] {dag.py:2573} INFO - Sync 1 DAGs
[2022-09-24T04:29:27.185+0000] {logging_mixin.py:117} INFO - [2022-09-24T04:29:27.185+0000] {dag.py:3328} INFO - Setting next_dagrun for example_short_circuit_decorator to 2022-09-23T04:29:27.185325+00:00, run_after=2022-09-24T04:29:27.185325+00:00
[2022-09-24T04:29:27.213+0000] {processor.py:178} INFO - Processing /home/airflow/.local/lib/python3.7/site-packages/airflow/example_dags/example_short_circuit_decorator.py took 0.144 seconds
[2022-09-24T05:38:07.456+0000] {processor.py:156} INFO - Started process (PID=32355) to work on /home/airflow/.local/lib/python3.7/site-packages/airflow/example_dags/example_short_circuit_decorator.py
[2022-09-24T05:38:07.469+0000] {processor.py:758} INFO - Processing file /home/airflow/.local/lib/python3.7/site-packages/airflow/example_dags/example_short_circuit_decorator.py for tasks to queue
[2022-09-24T05:38:07.471+0000] {logging_mixin.py:117} INFO - [2022-09-24T05:38:07.471+0000] {dagbag.py:525} INFO - Filling up the DagBag from /home/airflow/.local/lib/python3.7/site-packages/airflow/example_dags/example_short_circuit_decorator.py
[2022-09-24T05:38:07.491+0000] {processor.py:768} INFO - DAG(s) dict_keys(['example_short_circuit_decorator']) retrieved from /home/airflow/.local/lib/python3.7/site-packages/airflow/example_dags/example_short_circuit_decorator.py
[2022-09-24T05:38:07.521+0000] {logging_mixin.py:117} INFO - [2022-09-24T05:38:07.521+0000] {dag.py:2573} INFO - Sync 1 DAGs
[2022-09-24T05:38:07.538+0000] {logging_mixin.py:117} INFO - [2022-09-24T05:38:07.538+0000] {dag.py:3328} INFO - Setting next_dagrun for example_short_circuit_decorator to 2022-09-23T05:38:07.538322+00:00, run_after=2022-09-24T05:38:07.538322+00:00
[2022-09-24T05:38:07.555+0000] {processor.py:178} INFO - Processing /home/airflow/.local/lib/python3.7/site-packages/airflow/example_dags/example_short_circuit_decorator.py took 0.101 seconds
[2022-09-24T06:55:21.892+0000] {processor.py:156} INFO - Started process (PID=32409) to work on /home/airflow/.local/lib/python3.7/site-packages/airflow/example_dags/example_short_circuit_decorator.py
[2022-09-24T06:55:21.896+0000] {processor.py:758} INFO - Processing file /home/airflow/.local/lib/python3.7/site-packages/airflow/example_dags/example_short_circuit_decorator.py for tasks to queue
[2022-09-24T06:55:21.898+0000] {logging_mixin.py:117} INFO - [2022-09-24T06:55:21.898+0000] {dagbag.py:525} INFO - Filling up the DagBag from /home/airflow/.local/lib/python3.7/site-packages/airflow/example_dags/example_short_circuit_decorator.py
[2022-09-24T06:55:21.935+0000] {processor.py:768} INFO - DAG(s) dict_keys(['example_short_circuit_decorator']) retrieved from /home/airflow/.local/lib/python3.7/site-packages/airflow/example_dags/example_short_circuit_decorator.py
[2022-09-24T06:55:21.993+0000] {logging_mixin.py:117} INFO - [2022-09-24T06:55:21.992+0000] {dag.py:2573} INFO - Sync 1 DAGs
[2022-09-24T06:55:22.023+0000] {logging_mixin.py:117} INFO - [2022-09-24T06:55:22.023+0000] {dag.py:3328} INFO - Setting next_dagrun for example_short_circuit_decorator to 2022-09-23T06:55:22.022945+00:00, run_after=2022-09-24T06:55:22.022945+00:00
[2022-09-24T06:55:22.039+0000] {processor.py:178} INFO - Processing /home/airflow/.local/lib/python3.7/site-packages/airflow/example_dags/example_short_circuit_decorator.py took 0.150 seconds
[2022-09-24T07:36:25.643+0000] {processor.py:156} INFO - Started process (PID=32472) to work on /home/airflow/.local/lib/python3.7/site-packages/airflow/example_dags/example_short_circuit_decorator.py
[2022-09-24T07:36:25.645+0000] {processor.py:758} INFO - Processing file /home/airflow/.local/lib/python3.7/site-packages/airflow/example_dags/example_short_circuit_decorator.py for tasks to queue
[2022-09-24T07:36:25.646+0000] {logging_mixin.py:117} INFO - [2022-09-24T07:36:25.646+0000] {dagbag.py:525} INFO - Filling up the DagBag from /home/airflow/.local/lib/python3.7/site-packages/airflow/example_dags/example_short_circuit_decorator.py
[2022-09-24T07:36:25.682+0000] {processor.py:768} INFO - DAG(s) dict_keys(['example_short_circuit_decorator']) retrieved from /home/airflow/.local/lib/python3.7/site-packages/airflow/example_dags/example_short_circuit_decorator.py
[2022-09-24T07:36:25.772+0000] {logging_mixin.py:117} INFO - [2022-09-24T07:36:25.772+0000] {dag.py:2573} INFO - Sync 1 DAGs
[2022-09-24T07:36:25.801+0000] {logging_mixin.py:117} INFO - [2022-09-24T07:36:25.801+0000] {dag.py:3328} INFO - Setting next_dagrun for example_short_circuit_decorator to 2022-09-23T07:36:25.801523+00:00, run_after=2022-09-24T07:36:25.801523+00:00
[2022-09-24T07:36:25.819+0000] {processor.py:178} INFO - Processing /home/airflow/.local/lib/python3.7/site-packages/airflow/example_dags/example_short_circuit_decorator.py took 0.178 seconds
[2022-09-24T07:39:18.149+0000] {processor.py:156} INFO - Started process (PID=32535) to work on /home/airflow/.local/lib/python3.7/site-packages/airflow/example_dags/example_short_circuit_decorator.py
[2022-09-24T07:39:18.150+0000] {processor.py:758} INFO - Processing file /home/airflow/.local/lib/python3.7/site-packages/airflow/example_dags/example_short_circuit_decorator.py for tasks to queue
[2022-09-24T07:39:18.152+0000] {logging_mixin.py:117} INFO - [2022-09-24T07:39:18.152+0000] {dagbag.py:525} INFO - Filling up the DagBag from /home/airflow/.local/lib/python3.7/site-packages/airflow/example_dags/example_short_circuit_decorator.py
[2022-09-24T07:39:18.167+0000] {processor.py:768} INFO - DAG(s) dict_keys(['example_short_circuit_decorator']) retrieved from /home/airflow/.local/lib/python3.7/site-packages/airflow/example_dags/example_short_circuit_decorator.py
[2022-09-24T07:39:18.207+0000] {logging_mixin.py:117} INFO - [2022-09-24T07:39:18.207+0000] {dag.py:2573} INFO - Sync 1 DAGs
[2022-09-24T07:39:18.223+0000] {logging_mixin.py:117} INFO - [2022-09-24T07:39:18.223+0000] {dag.py:3328} INFO - Setting next_dagrun for example_short_circuit_decorator to 2022-09-23T07:39:18.223122+00:00, run_after=2022-09-24T07:39:18.223122+00:00
[2022-09-24T07:39:18.241+0000] {processor.py:178} INFO - Processing /home/airflow/.local/lib/python3.7/site-packages/airflow/example_dags/example_short_circuit_decorator.py took 0.095 seconds
[2022-09-24T07:39:48.572+0000] {processor.py:156} INFO - Started process (PID=32598) to work on /home/airflow/.local/lib/python3.7/site-packages/airflow/example_dags/example_short_circuit_decorator.py
[2022-09-24T07:39:48.574+0000] {processor.py:758} INFO - Processing file /home/airflow/.local/lib/python3.7/site-packages/airflow/example_dags/example_short_circuit_decorator.py for tasks to queue
[2022-09-24T07:39:48.575+0000] {logging_mixin.py:117} INFO - [2022-09-24T07:39:48.575+0000] {dagbag.py:525} INFO - Filling up the DagBag from /home/airflow/.local/lib/python3.7/site-packages/airflow/example_dags/example_short_circuit_decorator.py
[2022-09-24T07:39:48.590+0000] {processor.py:768} INFO - DAG(s) dict_keys(['example_short_circuit_decorator']) retrieved from /home/airflow/.local/lib/python3.7/site-packages/airflow/example_dags/example_short_circuit_decorator.py
[2022-09-24T07:39:48.616+0000] {logging_mixin.py:117} INFO - [2022-09-24T07:39:48.616+0000] {dag.py:2573} INFO - Sync 1 DAGs
[2022-09-24T07:39:48.630+0000] {logging_mixin.py:117} INFO - [2022-09-24T07:39:48.630+0000] {dag.py:3328} INFO - Setting next_dagrun for example_short_circuit_decorator to 2022-09-23T07:39:48.630768+00:00, run_after=2022-09-24T07:39:48.630768+00:00
[2022-09-24T07:39:48.643+0000] {processor.py:178} INFO - Processing /home/airflow/.local/lib/python3.7/site-packages/airflow/example_dags/example_short_circuit_decorator.py took 0.073 seconds
[2022-09-24T07:40:18.839+0000] {processor.py:156} INFO - Started process (PID=32663) to work on /home/airflow/.local/lib/python3.7/site-packages/airflow/example_dags/example_short_circuit_decorator.py
[2022-09-24T07:40:18.841+0000] {processor.py:758} INFO - Processing file /home/airflow/.local/lib/python3.7/site-packages/airflow/example_dags/example_short_circuit_decorator.py for tasks to queue
[2022-09-24T07:40:18.843+0000] {logging_mixin.py:117} INFO - [2022-09-24T07:40:18.843+0000] {dagbag.py:525} INFO - Filling up the DagBag from /home/airflow/.local/lib/python3.7/site-packages/airflow/example_dags/example_short_circuit_decorator.py
[2022-09-24T07:40:18.857+0000] {processor.py:768} INFO - DAG(s) dict_keys(['example_short_circuit_decorator']) retrieved from /home/airflow/.local/lib/python3.7/site-packages/airflow/example_dags/example_short_circuit_decorator.py
[2022-09-24T07:40:18.883+0000] {logging_mixin.py:117} INFO - [2022-09-24T07:40:18.883+0000] {dag.py:2573} INFO - Sync 1 DAGs
[2022-09-24T07:40:18.896+0000] {logging_mixin.py:117} INFO - [2022-09-24T07:40:18.896+0000] {dag.py:3328} INFO - Setting next_dagrun for example_short_circuit_decorator to 2022-09-23T07:40:18.896326+00:00, run_after=2022-09-24T07:40:18.896326+00:00
[2022-09-24T07:40:18.907+0000] {processor.py:178} INFO - Processing /home/airflow/.local/lib/python3.7/site-packages/airflow/example_dags/example_short_circuit_decorator.py took 0.070 seconds
[2022-09-24T07:40:49.345+0000] {processor.py:156} INFO - Started process (PID=32726) to work on /home/airflow/.local/lib/python3.7/site-packages/airflow/example_dags/example_short_circuit_decorator.py
[2022-09-24T07:40:49.346+0000] {processor.py:758} INFO - Processing file /home/airflow/.local/lib/python3.7/site-packages/airflow/example_dags/example_short_circuit_decorator.py for tasks to queue
[2022-09-24T07:40:49.347+0000] {logging_mixin.py:117} INFO - [2022-09-24T07:40:49.347+0000] {dagbag.py:525} INFO - Filling up the DagBag from /home/airflow/.local/lib/python3.7/site-packages/airflow/example_dags/example_short_circuit_decorator.py
[2022-09-24T07:40:49.366+0000] {processor.py:768} INFO - DAG(s) dict_keys(['example_short_circuit_decorator']) retrieved from /home/airflow/.local/lib/python3.7/site-packages/airflow/example_dags/example_short_circuit_decorator.py
[2022-09-24T07:40:49.398+0000] {logging_mixin.py:117} INFO - [2022-09-24T07:40:49.398+0000] {dag.py:2573} INFO - Sync 1 DAGs
[2022-09-24T07:40:49.416+0000] {logging_mixin.py:117} INFO - [2022-09-24T07:40:49.416+0000] {dag.py:3328} INFO - Setting next_dagrun for example_short_circuit_decorator to 2022-09-23T07:40:49.416277+00:00, run_after=2022-09-24T07:40:49.416277+00:00
[2022-09-24T07:40:49.431+0000] {processor.py:178} INFO - Processing /home/airflow/.local/lib/python3.7/site-packages/airflow/example_dags/example_short_circuit_decorator.py took 0.089 seconds
[2022-09-24T07:41:19.707+0000] {processor.py:156} INFO - Started process (PID=32780) to work on /home/airflow/.local/lib/python3.7/site-packages/airflow/example_dags/example_short_circuit_decorator.py
[2022-09-24T07:41:19.709+0000] {processor.py:758} INFO - Processing file /home/airflow/.local/lib/python3.7/site-packages/airflow/example_dags/example_short_circuit_decorator.py for tasks to queue
[2022-09-24T07:41:19.711+0000] {logging_mixin.py:117} INFO - [2022-09-24T07:41:19.711+0000] {dagbag.py:525} INFO - Filling up the DagBag from /home/airflow/.local/lib/python3.7/site-packages/airflow/example_dags/example_short_circuit_decorator.py
[2022-09-24T07:41:19.728+0000] {processor.py:768} INFO - DAG(s) dict_keys(['example_short_circuit_decorator']) retrieved from /home/airflow/.local/lib/python3.7/site-packages/airflow/example_dags/example_short_circuit_decorator.py
[2022-09-24T07:41:19.757+0000] {logging_mixin.py:117} INFO - [2022-09-24T07:41:19.757+0000] {dag.py:2573} INFO - Sync 1 DAGs
[2022-09-24T07:41:19.774+0000] {logging_mixin.py:117} INFO - [2022-09-24T07:41:19.774+0000] {dag.py:3328} INFO - Setting next_dagrun for example_short_circuit_decorator to 2022-09-23T07:41:19.773922+00:00, run_after=2022-09-24T07:41:19.773922+00:00
[2022-09-24T07:41:19.788+0000] {processor.py:178} INFO - Processing /home/airflow/.local/lib/python3.7/site-packages/airflow/example_dags/example_short_circuit_decorator.py took 0.083 seconds
[2022-09-24T07:41:50.003+0000] {processor.py:156} INFO - Started process (PID=32843) to work on /home/airflow/.local/lib/python3.7/site-packages/airflow/example_dags/example_short_circuit_decorator.py
[2022-09-24T07:41:50.005+0000] {processor.py:758} INFO - Processing file /home/airflow/.local/lib/python3.7/site-packages/airflow/example_dags/example_short_circuit_decorator.py for tasks to queue
[2022-09-24T07:41:50.006+0000] {logging_mixin.py:117} INFO - [2022-09-24T07:41:50.006+0000] {dagbag.py:525} INFO - Filling up the DagBag from /home/airflow/.local/lib/python3.7/site-packages/airflow/example_dags/example_short_circuit_decorator.py
[2022-09-24T07:41:50.021+0000] {processor.py:768} INFO - DAG(s) dict_keys(['example_short_circuit_decorator']) retrieved from /home/airflow/.local/lib/python3.7/site-packages/airflow/example_dags/example_short_circuit_decorator.py
[2022-09-24T07:41:50.049+0000] {logging_mixin.py:117} INFO - [2022-09-24T07:41:50.049+0000] {dag.py:2573} INFO - Sync 1 DAGs
[2022-09-24T07:41:50.065+0000] {logging_mixin.py:117} INFO - [2022-09-24T07:41:50.065+0000] {dag.py:3328} INFO - Setting next_dagrun for example_short_circuit_decorator to 2022-09-23T07:41:50.065272+00:00, run_after=2022-09-24T07:41:50.065272+00:00
[2022-09-24T07:41:50.080+0000] {processor.py:178} INFO - Processing /home/airflow/.local/lib/python3.7/site-packages/airflow/example_dags/example_short_circuit_decorator.py took 0.079 seconds
[2022-09-24T07:42:20.368+0000] {processor.py:156} INFO - Started process (PID=32906) to work on /home/airflow/.local/lib/python3.7/site-packages/airflow/example_dags/example_short_circuit_decorator.py
[2022-09-24T07:42:20.369+0000] {processor.py:758} INFO - Processing file /home/airflow/.local/lib/python3.7/site-packages/airflow/example_dags/example_short_circuit_decorator.py for tasks to queue
[2022-09-24T07:42:20.371+0000] {logging_mixin.py:117} INFO - [2022-09-24T07:42:20.370+0000] {dagbag.py:525} INFO - Filling up the DagBag from /home/airflow/.local/lib/python3.7/site-packages/airflow/example_dags/example_short_circuit_decorator.py
[2022-09-24T07:42:20.388+0000] {processor.py:768} INFO - DAG(s) dict_keys(['example_short_circuit_decorator']) retrieved from /home/airflow/.local/lib/python3.7/site-packages/airflow/example_dags/example_short_circuit_decorator.py
[2022-09-24T07:42:20.416+0000] {logging_mixin.py:117} INFO - [2022-09-24T07:42:20.416+0000] {dag.py:2573} INFO - Sync 1 DAGs
[2022-09-24T07:42:20.432+0000] {logging_mixin.py:117} INFO - [2022-09-24T07:42:20.432+0000] {dag.py:3328} INFO - Setting next_dagrun for example_short_circuit_decorator to 2022-09-23T07:42:20.432199+00:00, run_after=2022-09-24T07:42:20.432199+00:00
[2022-09-24T07:42:20.445+0000] {processor.py:178} INFO - Processing /home/airflow/.local/lib/python3.7/site-packages/airflow/example_dags/example_short_circuit_decorator.py took 0.080 seconds
[2022-09-24T07:42:50.568+0000] {processor.py:156} INFO - Started process (PID=32969) to work on /home/airflow/.local/lib/python3.7/site-packages/airflow/example_dags/example_short_circuit_decorator.py
[2022-09-24T07:42:50.570+0000] {processor.py:758} INFO - Processing file /home/airflow/.local/lib/python3.7/site-packages/airflow/example_dags/example_short_circuit_decorator.py for tasks to queue
[2022-09-24T07:42:50.571+0000] {logging_mixin.py:117} INFO - [2022-09-24T07:42:50.571+0000] {dagbag.py:525} INFO - Filling up the DagBag from /home/airflow/.local/lib/python3.7/site-packages/airflow/example_dags/example_short_circuit_decorator.py
[2022-09-24T07:42:50.588+0000] {processor.py:768} INFO - DAG(s) dict_keys(['example_short_circuit_decorator']) retrieved from /home/airflow/.local/lib/python3.7/site-packages/airflow/example_dags/example_short_circuit_decorator.py
[2022-09-24T07:42:50.613+0000] {logging_mixin.py:117} INFO - [2022-09-24T07:42:50.613+0000] {dag.py:2573} INFO - Sync 1 DAGs
[2022-09-24T07:42:50.631+0000] {logging_mixin.py:117} INFO - [2022-09-24T07:42:50.631+0000] {dag.py:3328} INFO - Setting next_dagrun for example_short_circuit_decorator to 2022-09-23T07:42:50.631430+00:00, run_after=2022-09-24T07:42:50.631430+00:00
[2022-09-24T07:42:50.642+0000] {processor.py:178} INFO - Processing /home/airflow/.local/lib/python3.7/site-packages/airflow/example_dags/example_short_circuit_decorator.py took 0.076 seconds
[2022-09-24T07:43:20.876+0000] {processor.py:156} INFO - Started process (PID=33032) to work on /home/airflow/.local/lib/python3.7/site-packages/airflow/example_dags/example_short_circuit_decorator.py
[2022-09-24T07:43:20.878+0000] {processor.py:758} INFO - Processing file /home/airflow/.local/lib/python3.7/site-packages/airflow/example_dags/example_short_circuit_decorator.py for tasks to queue
[2022-09-24T07:43:20.879+0000] {logging_mixin.py:117} INFO - [2022-09-24T07:43:20.879+0000] {dagbag.py:525} INFO - Filling up the DagBag from /home/airflow/.local/lib/python3.7/site-packages/airflow/example_dags/example_short_circuit_decorator.py
[2022-09-24T07:43:20.897+0000] {processor.py:768} INFO - DAG(s) dict_keys(['example_short_circuit_decorator']) retrieved from /home/airflow/.local/lib/python3.7/site-packages/airflow/example_dags/example_short_circuit_decorator.py
[2022-09-24T07:43:20.929+0000] {logging_mixin.py:117} INFO - [2022-09-24T07:43:20.928+0000] {dag.py:2573} INFO - Sync 1 DAGs
[2022-09-24T07:43:20.944+0000] {logging_mixin.py:117} INFO - [2022-09-24T07:43:20.944+0000] {dag.py:3328} INFO - Setting next_dagrun for example_short_circuit_decorator to 2022-09-23T07:43:20.944329+00:00, run_after=2022-09-24T07:43:20.944329+00:00
[2022-09-24T07:43:20.957+0000] {processor.py:178} INFO - Processing /home/airflow/.local/lib/python3.7/site-packages/airflow/example_dags/example_short_circuit_decorator.py took 0.083 seconds
[2022-09-24T07:43:51.006+0000] {processor.py:156} INFO - Started process (PID=33086) to work on /home/airflow/.local/lib/python3.7/site-packages/airflow/example_dags/example_short_circuit_decorator.py
[2022-09-24T07:43:51.008+0000] {processor.py:758} INFO - Processing file /home/airflow/.local/lib/python3.7/site-packages/airflow/example_dags/example_short_circuit_decorator.py for tasks to queue
[2022-09-24T07:43:51.009+0000] {logging_mixin.py:117} INFO - [2022-09-24T07:43:51.009+0000] {dagbag.py:525} INFO - Filling up the DagBag from /home/airflow/.local/lib/python3.7/site-packages/airflow/example_dags/example_short_circuit_decorator.py
[2022-09-24T07:43:51.025+0000] {processor.py:768} INFO - DAG(s) dict_keys(['example_short_circuit_decorator']) retrieved from /home/airflow/.local/lib/python3.7/site-packages/airflow/example_dags/example_short_circuit_decorator.py
[2022-09-24T07:43:51.053+0000] {logging_mixin.py:117} INFO - [2022-09-24T07:43:51.053+0000] {dag.py:2573} INFO - Sync 1 DAGs
[2022-09-24T07:43:51.071+0000] {logging_mixin.py:117} INFO - [2022-09-24T07:43:51.070+0000] {dag.py:3328} INFO - Setting next_dagrun for example_short_circuit_decorator to 2022-09-23T07:43:51.070841+00:00, run_after=2022-09-24T07:43:51.070841+00:00
[2022-09-24T07:43:51.086+0000] {processor.py:178} INFO - Processing /home/airflow/.local/lib/python3.7/site-packages/airflow/example_dags/example_short_circuit_decorator.py took 0.082 seconds
[2022-09-24T07:44:21.364+0000] {processor.py:156} INFO - Started process (PID=33148) to work on /home/airflow/.local/lib/python3.7/site-packages/airflow/example_dags/example_short_circuit_decorator.py
[2022-09-24T07:44:21.366+0000] {processor.py:758} INFO - Processing file /home/airflow/.local/lib/python3.7/site-packages/airflow/example_dags/example_short_circuit_decorator.py for tasks to queue
[2022-09-24T07:44:21.367+0000] {logging_mixin.py:117} INFO - [2022-09-24T07:44:21.367+0000] {dagbag.py:525} INFO - Filling up the DagBag from /home/airflow/.local/lib/python3.7/site-packages/airflow/example_dags/example_short_circuit_decorator.py
[2022-09-24T07:44:21.384+0000] {processor.py:768} INFO - DAG(s) dict_keys(['example_short_circuit_decorator']) retrieved from /home/airflow/.local/lib/python3.7/site-packages/airflow/example_dags/example_short_circuit_decorator.py
[2022-09-24T07:44:21.419+0000] {logging_mixin.py:117} INFO - [2022-09-24T07:44:21.419+0000] {dag.py:2573} INFO - Sync 1 DAGs
[2022-09-24T07:44:21.435+0000] {logging_mixin.py:117} INFO - [2022-09-24T07:44:21.435+0000] {dag.py:3328} INFO - Setting next_dagrun for example_short_circuit_decorator to 2022-09-23T07:44:21.435368+00:00, run_after=2022-09-24T07:44:21.435368+00:00
[2022-09-24T07:44:21.449+0000] {processor.py:178} INFO - Processing /home/airflow/.local/lib/python3.7/site-packages/airflow/example_dags/example_short_circuit_decorator.py took 0.087 seconds
[2022-09-24T07:44:51.634+0000] {processor.py:156} INFO - Started process (PID=33212) to work on /home/airflow/.local/lib/python3.7/site-packages/airflow/example_dags/example_short_circuit_decorator.py
[2022-09-24T07:44:51.635+0000] {processor.py:758} INFO - Processing file /home/airflow/.local/lib/python3.7/site-packages/airflow/example_dags/example_short_circuit_decorator.py for tasks to queue
[2022-09-24T07:44:51.636+0000] {logging_mixin.py:117} INFO - [2022-09-24T07:44:51.636+0000] {dagbag.py:525} INFO - Filling up the DagBag from /home/airflow/.local/lib/python3.7/site-packages/airflow/example_dags/example_short_circuit_decorator.py
[2022-09-24T07:44:51.654+0000] {processor.py:768} INFO - DAG(s) dict_keys(['example_short_circuit_decorator']) retrieved from /home/airflow/.local/lib/python3.7/site-packages/airflow/example_dags/example_short_circuit_decorator.py
[2022-09-24T07:44:51.685+0000] {logging_mixin.py:117} INFO - [2022-09-24T07:44:51.685+0000] {dag.py:2573} INFO - Sync 1 DAGs
[2022-09-24T07:44:51.705+0000] {logging_mixin.py:117} INFO - [2022-09-24T07:44:51.705+0000] {dag.py:3328} INFO - Setting next_dagrun for example_short_circuit_decorator to 2022-09-23T07:44:51.705121+00:00, run_after=2022-09-24T07:44:51.705121+00:00
[2022-09-24T07:44:51.717+0000] {processor.py:178} INFO - Processing /home/airflow/.local/lib/python3.7/site-packages/airflow/example_dags/example_short_circuit_decorator.py took 0.086 seconds
[2022-09-24T07:45:21.989+0000] {processor.py:156} INFO - Started process (PID=33276) to work on /home/airflow/.local/lib/python3.7/site-packages/airflow/example_dags/example_short_circuit_decorator.py
[2022-09-24T07:45:21.991+0000] {processor.py:758} INFO - Processing file /home/airflow/.local/lib/python3.7/site-packages/airflow/example_dags/example_short_circuit_decorator.py for tasks to queue
[2022-09-24T07:45:21.992+0000] {logging_mixin.py:117} INFO - [2022-09-24T07:45:21.992+0000] {dagbag.py:525} INFO - Filling up the DagBag from /home/airflow/.local/lib/python3.7/site-packages/airflow/example_dags/example_short_circuit_decorator.py
[2022-09-24T07:45:22.008+0000] {processor.py:768} INFO - DAG(s) dict_keys(['example_short_circuit_decorator']) retrieved from /home/airflow/.local/lib/python3.7/site-packages/airflow/example_dags/example_short_circuit_decorator.py
[2022-09-24T07:45:22.034+0000] {logging_mixin.py:117} INFO - [2022-09-24T07:45:22.034+0000] {dag.py:2573} INFO - Sync 1 DAGs
[2022-09-24T07:45:22.048+0000] {logging_mixin.py:117} INFO - [2022-09-24T07:45:22.048+0000] {dag.py:3328} INFO - Setting next_dagrun for example_short_circuit_decorator to 2022-09-23T07:45:22.048408+00:00, run_after=2022-09-24T07:45:22.048408+00:00
[2022-09-24T07:45:22.059+0000] {processor.py:178} INFO - Processing /home/airflow/.local/lib/python3.7/site-packages/airflow/example_dags/example_short_circuit_decorator.py took 0.073 seconds
[2022-09-24T07:45:52.273+0000] {processor.py:156} INFO - Started process (PID=33339) to work on /home/airflow/.local/lib/python3.7/site-packages/airflow/example_dags/example_short_circuit_decorator.py
[2022-09-24T07:45:52.274+0000] {processor.py:758} INFO - Processing file /home/airflow/.local/lib/python3.7/site-packages/airflow/example_dags/example_short_circuit_decorator.py for tasks to queue
[2022-09-24T07:45:52.276+0000] {logging_mixin.py:117} INFO - [2022-09-24T07:45:52.276+0000] {dagbag.py:525} INFO - Filling up the DagBag from /home/airflow/.local/lib/python3.7/site-packages/airflow/example_dags/example_short_circuit_decorator.py
[2022-09-24T07:45:52.291+0000] {processor.py:768} INFO - DAG(s) dict_keys(['example_short_circuit_decorator']) retrieved from /home/airflow/.local/lib/python3.7/site-packages/airflow/example_dags/example_short_circuit_decorator.py
[2022-09-24T07:45:52.318+0000] {logging_mixin.py:117} INFO - [2022-09-24T07:45:52.318+0000] {dag.py:2573} INFO - Sync 1 DAGs
[2022-09-24T07:45:52.334+0000] {logging_mixin.py:117} INFO - [2022-09-24T07:45:52.334+0000] {dag.py:3328} INFO - Setting next_dagrun for example_short_circuit_decorator to 2022-09-23T07:45:52.334225+00:00, run_after=2022-09-24T07:45:52.334225+00:00
[2022-09-24T07:45:52.349+0000] {processor.py:178} INFO - Processing /home/airflow/.local/lib/python3.7/site-packages/airflow/example_dags/example_short_circuit_decorator.py took 0.078 seconds
[2022-09-24T07:46:22.535+0000] {processor.py:156} INFO - Started process (PID=33402) to work on /home/airflow/.local/lib/python3.7/site-packages/airflow/example_dags/example_short_circuit_decorator.py
[2022-09-24T07:46:22.537+0000] {processor.py:758} INFO - Processing file /home/airflow/.local/lib/python3.7/site-packages/airflow/example_dags/example_short_circuit_decorator.py for tasks to queue
[2022-09-24T07:46:22.538+0000] {logging_mixin.py:117} INFO - [2022-09-24T07:46:22.538+0000] {dagbag.py:525} INFO - Filling up the DagBag from /home/airflow/.local/lib/python3.7/site-packages/airflow/example_dags/example_short_circuit_decorator.py
[2022-09-24T07:46:22.553+0000] {processor.py:768} INFO - DAG(s) dict_keys(['example_short_circuit_decorator']) retrieved from /home/airflow/.local/lib/python3.7/site-packages/airflow/example_dags/example_short_circuit_decorator.py
[2022-09-24T07:46:22.580+0000] {logging_mixin.py:117} INFO - [2022-09-24T07:46:22.580+0000] {dag.py:2573} INFO - Sync 1 DAGs
[2022-09-24T07:46:22.594+0000] {logging_mixin.py:117} INFO - [2022-09-24T07:46:22.594+0000] {dag.py:3328} INFO - Setting next_dagrun for example_short_circuit_decorator to 2022-09-23T07:46:22.594053+00:00, run_after=2022-09-24T07:46:22.594053+00:00
[2022-09-24T07:46:22.608+0000] {processor.py:178} INFO - Processing /home/airflow/.local/lib/python3.7/site-packages/airflow/example_dags/example_short_circuit_decorator.py took 0.074 seconds
[2022-09-24T07:46:53.042+0000] {processor.py:156} INFO - Started process (PID=33466) to work on /home/airflow/.local/lib/python3.7/site-packages/airflow/example_dags/example_short_circuit_decorator.py
[2022-09-24T07:46:53.044+0000] {processor.py:758} INFO - Processing file /home/airflow/.local/lib/python3.7/site-packages/airflow/example_dags/example_short_circuit_decorator.py for tasks to queue
[2022-09-24T07:46:53.045+0000] {logging_mixin.py:117} INFO - [2022-09-24T07:46:53.045+0000] {dagbag.py:525} INFO - Filling up the DagBag from /home/airflow/.local/lib/python3.7/site-packages/airflow/example_dags/example_short_circuit_decorator.py
[2022-09-24T07:46:53.060+0000] {processor.py:768} INFO - DAG(s) dict_keys(['example_short_circuit_decorator']) retrieved from /home/airflow/.local/lib/python3.7/site-packages/airflow/example_dags/example_short_circuit_decorator.py
[2022-09-24T07:46:53.089+0000] {logging_mixin.py:117} INFO - [2022-09-24T07:46:53.089+0000] {dag.py:2573} INFO - Sync 1 DAGs
[2022-09-24T07:46:53.106+0000] {logging_mixin.py:117} INFO - [2022-09-24T07:46:53.106+0000] {dag.py:3328} INFO - Setting next_dagrun for example_short_circuit_decorator to 2022-09-23T07:46:53.106250+00:00, run_after=2022-09-24T07:46:53.106250+00:00
[2022-09-24T07:46:53.119+0000] {processor.py:178} INFO - Processing /home/airflow/.local/lib/python3.7/site-packages/airflow/example_dags/example_short_circuit_decorator.py took 0.079 seconds
[2022-09-24T08:22:52.499+0000] {processor.py:156} INFO - Started process (PID=33520) to work on /home/airflow/.local/lib/python3.7/site-packages/airflow/example_dags/example_short_circuit_decorator.py
[2022-09-24T08:22:52.502+0000] {processor.py:758} INFO - Processing file /home/airflow/.local/lib/python3.7/site-packages/airflow/example_dags/example_short_circuit_decorator.py for tasks to queue
[2022-09-24T08:22:52.504+0000] {logging_mixin.py:117} INFO - [2022-09-24T08:22:52.504+0000] {dagbag.py:525} INFO - Filling up the DagBag from /home/airflow/.local/lib/python3.7/site-packages/airflow/example_dags/example_short_circuit_decorator.py
[2022-09-24T08:22:52.533+0000] {processor.py:768} INFO - DAG(s) dict_keys(['example_short_circuit_decorator']) retrieved from /home/airflow/.local/lib/python3.7/site-packages/airflow/example_dags/example_short_circuit_decorator.py
[2022-09-24T08:22:52.590+0000] {logging_mixin.py:117} INFO - [2022-09-24T08:22:52.590+0000] {dag.py:2573} INFO - Sync 1 DAGs
[2022-09-24T08:22:52.621+0000] {logging_mixin.py:117} INFO - [2022-09-24T08:22:52.621+0000] {dag.py:3328} INFO - Setting next_dagrun for example_short_circuit_decorator to 2022-09-23T08:22:52.621638+00:00, run_after=2022-09-24T08:22:52.621638+00:00
[2022-09-24T08:22:52.646+0000] {processor.py:178} INFO - Processing /home/airflow/.local/lib/python3.7/site-packages/airflow/example_dags/example_short_circuit_decorator.py took 0.151 seconds
[2022-09-24T08:25:48.829+0000] {processor.py:156} INFO - Started process (PID=33583) to work on /home/airflow/.local/lib/python3.7/site-packages/airflow/example_dags/example_short_circuit_decorator.py
[2022-09-24T08:25:48.831+0000] {processor.py:758} INFO - Processing file /home/airflow/.local/lib/python3.7/site-packages/airflow/example_dags/example_short_circuit_decorator.py for tasks to queue
[2022-09-24T08:25:48.832+0000] {logging_mixin.py:117} INFO - [2022-09-24T08:25:48.832+0000] {dagbag.py:525} INFO - Filling up the DagBag from /home/airflow/.local/lib/python3.7/site-packages/airflow/example_dags/example_short_circuit_decorator.py
[2022-09-24T08:25:48.851+0000] {processor.py:768} INFO - DAG(s) dict_keys(['example_short_circuit_decorator']) retrieved from /home/airflow/.local/lib/python3.7/site-packages/airflow/example_dags/example_short_circuit_decorator.py
[2022-09-24T08:25:48.889+0000] {logging_mixin.py:117} INFO - [2022-09-24T08:25:48.889+0000] {dag.py:2573} INFO - Sync 1 DAGs
[2022-09-24T08:25:48.907+0000] {logging_mixin.py:117} INFO - [2022-09-24T08:25:48.907+0000] {dag.py:3328} INFO - Setting next_dagrun for example_short_circuit_decorator to 2022-09-23T08:25:48.907528+00:00, run_after=2022-09-24T08:25:48.907528+00:00
[2022-09-24T08:25:48.930+0000] {processor.py:178} INFO - Processing /home/airflow/.local/lib/python3.7/site-packages/airflow/example_dags/example_short_circuit_decorator.py took 0.104 seconds
[2022-09-24T08:26:19.369+0000] {processor.py:156} INFO - Started process (PID=33637) to work on /home/airflow/.local/lib/python3.7/site-packages/airflow/example_dags/example_short_circuit_decorator.py
[2022-09-24T08:26:19.370+0000] {processor.py:758} INFO - Processing file /home/airflow/.local/lib/python3.7/site-packages/airflow/example_dags/example_short_circuit_decorator.py for tasks to queue
[2022-09-24T08:26:19.371+0000] {logging_mixin.py:117} INFO - [2022-09-24T08:26:19.371+0000] {dagbag.py:525} INFO - Filling up the DagBag from /home/airflow/.local/lib/python3.7/site-packages/airflow/example_dags/example_short_circuit_decorator.py
[2022-09-24T08:26:19.388+0000] {processor.py:768} INFO - DAG(s) dict_keys(['example_short_circuit_decorator']) retrieved from /home/airflow/.local/lib/python3.7/site-packages/airflow/example_dags/example_short_circuit_decorator.py
[2022-09-24T08:26:19.415+0000] {logging_mixin.py:117} INFO - [2022-09-24T08:26:19.415+0000] {dag.py:2573} INFO - Sync 1 DAGs
[2022-09-24T08:26:19.430+0000] {logging_mixin.py:117} INFO - [2022-09-24T08:26:19.430+0000] {dag.py:3328} INFO - Setting next_dagrun for example_short_circuit_decorator to 2022-09-23T08:26:19.430363+00:00, run_after=2022-09-24T08:26:19.430363+00:00
[2022-09-24T08:26:19.442+0000] {processor.py:178} INFO - Processing /home/airflow/.local/lib/python3.7/site-packages/airflow/example_dags/example_short_circuit_decorator.py took 0.076 seconds
[2022-09-24T08:26:49.669+0000] {processor.py:156} INFO - Started process (PID=33700) to work on /home/airflow/.local/lib/python3.7/site-packages/airflow/example_dags/example_short_circuit_decorator.py
[2022-09-24T08:26:49.670+0000] {processor.py:758} INFO - Processing file /home/airflow/.local/lib/python3.7/site-packages/airflow/example_dags/example_short_circuit_decorator.py for tasks to queue
[2022-09-24T08:26:49.671+0000] {logging_mixin.py:117} INFO - [2022-09-24T08:26:49.671+0000] {dagbag.py:525} INFO - Filling up the DagBag from /home/airflow/.local/lib/python3.7/site-packages/airflow/example_dags/example_short_circuit_decorator.py
[2022-09-24T08:26:49.688+0000] {processor.py:768} INFO - DAG(s) dict_keys(['example_short_circuit_decorator']) retrieved from /home/airflow/.local/lib/python3.7/site-packages/airflow/example_dags/example_short_circuit_decorator.py
[2022-09-24T08:26:49.715+0000] {logging_mixin.py:117} INFO - [2022-09-24T08:26:49.715+0000] {dag.py:2573} INFO - Sync 1 DAGs
[2022-09-24T08:26:49.733+0000] {logging_mixin.py:117} INFO - [2022-09-24T08:26:49.733+0000] {dag.py:3328} INFO - Setting next_dagrun for example_short_circuit_decorator to 2022-09-23T08:26:49.733026+00:00, run_after=2022-09-24T08:26:49.733026+00:00
[2022-09-24T08:26:49.750+0000] {processor.py:178} INFO - Processing /home/airflow/.local/lib/python3.7/site-packages/airflow/example_dags/example_short_circuit_decorator.py took 0.083 seconds
[2022-09-24T08:27:19.996+0000] {processor.py:156} INFO - Started process (PID=33763) to work on /home/airflow/.local/lib/python3.7/site-packages/airflow/example_dags/example_short_circuit_decorator.py
[2022-09-24T08:27:19.998+0000] {processor.py:758} INFO - Processing file /home/airflow/.local/lib/python3.7/site-packages/airflow/example_dags/example_short_circuit_decorator.py for tasks to queue
[2022-09-24T08:27:19.999+0000] {logging_mixin.py:117} INFO - [2022-09-24T08:27:19.999+0000] {dagbag.py:525} INFO - Filling up the DagBag from /home/airflow/.local/lib/python3.7/site-packages/airflow/example_dags/example_short_circuit_decorator.py
[2022-09-24T08:27:20.014+0000] {processor.py:768} INFO - DAG(s) dict_keys(['example_short_circuit_decorator']) retrieved from /home/airflow/.local/lib/python3.7/site-packages/airflow/example_dags/example_short_circuit_decorator.py
[2022-09-24T08:27:20.042+0000] {logging_mixin.py:117} INFO - [2022-09-24T08:27:20.042+0000] {dag.py:2573} INFO - Sync 1 DAGs
[2022-09-24T08:27:20.056+0000] {logging_mixin.py:117} INFO - [2022-09-24T08:27:20.056+0000] {dag.py:3328} INFO - Setting next_dagrun for example_short_circuit_decorator to 2022-09-23T08:27:20.056723+00:00, run_after=2022-09-24T08:27:20.056723+00:00
[2022-09-24T08:27:20.068+0000] {processor.py:178} INFO - Processing /home/airflow/.local/lib/python3.7/site-packages/airflow/example_dags/example_short_circuit_decorator.py took 0.074 seconds
[2022-09-24T08:27:50.286+0000] {processor.py:156} INFO - Started process (PID=33825) to work on /home/airflow/.local/lib/python3.7/site-packages/airflow/example_dags/example_short_circuit_decorator.py
[2022-09-24T08:27:50.288+0000] {processor.py:758} INFO - Processing file /home/airflow/.local/lib/python3.7/site-packages/airflow/example_dags/example_short_circuit_decorator.py for tasks to queue
[2022-09-24T08:27:50.290+0000] {logging_mixin.py:117} INFO - [2022-09-24T08:27:50.289+0000] {dagbag.py:525} INFO - Filling up the DagBag from /home/airflow/.local/lib/python3.7/site-packages/airflow/example_dags/example_short_circuit_decorator.py
[2022-09-24T08:27:50.309+0000] {processor.py:768} INFO - DAG(s) dict_keys(['example_short_circuit_decorator']) retrieved from /home/airflow/.local/lib/python3.7/site-packages/airflow/example_dags/example_short_circuit_decorator.py
[2022-09-24T08:27:50.333+0000] {logging_mixin.py:117} INFO - [2022-09-24T08:27:50.333+0000] {dag.py:2573} INFO - Sync 1 DAGs
[2022-09-24T08:27:50.348+0000] {logging_mixin.py:117} INFO - [2022-09-24T08:27:50.348+0000] {dag.py:3328} INFO - Setting next_dagrun for example_short_circuit_decorator to 2022-09-23T08:27:50.347852+00:00, run_after=2022-09-24T08:27:50.347852+00:00
[2022-09-24T08:27:50.359+0000] {processor.py:178} INFO - Processing /home/airflow/.local/lib/python3.7/site-packages/airflow/example_dags/example_short_circuit_decorator.py took 0.075 seconds
[2022-09-24T08:28:20.582+0000] {processor.py:156} INFO - Started process (PID=33889) to work on /home/airflow/.local/lib/python3.7/site-packages/airflow/example_dags/example_short_circuit_decorator.py
[2022-09-24T08:28:20.583+0000] {processor.py:758} INFO - Processing file /home/airflow/.local/lib/python3.7/site-packages/airflow/example_dags/example_short_circuit_decorator.py for tasks to queue
[2022-09-24T08:28:20.584+0000] {logging_mixin.py:117} INFO - [2022-09-24T08:28:20.584+0000] {dagbag.py:525} INFO - Filling up the DagBag from /home/airflow/.local/lib/python3.7/site-packages/airflow/example_dags/example_short_circuit_decorator.py
[2022-09-24T08:28:20.598+0000] {processor.py:768} INFO - DAG(s) dict_keys(['example_short_circuit_decorator']) retrieved from /home/airflow/.local/lib/python3.7/site-packages/airflow/example_dags/example_short_circuit_decorator.py
[2022-09-24T08:28:20.623+0000] {logging_mixin.py:117} INFO - [2022-09-24T08:28:20.623+0000] {dag.py:2573} INFO - Sync 1 DAGs
[2022-09-24T08:28:20.637+0000] {logging_mixin.py:117} INFO - [2022-09-24T08:28:20.637+0000] {dag.py:3328} INFO - Setting next_dagrun for example_short_circuit_decorator to 2022-09-23T08:28:20.636957+00:00, run_after=2022-09-24T08:28:20.636957+00:00
[2022-09-24T08:28:20.648+0000] {processor.py:178} INFO - Processing /home/airflow/.local/lib/python3.7/site-packages/airflow/example_dags/example_short_circuit_decorator.py took 0.068 seconds
[2022-09-24T08:28:50.846+0000] {processor.py:156} INFO - Started process (PID=33952) to work on /home/airflow/.local/lib/python3.7/site-packages/airflow/example_dags/example_short_circuit_decorator.py
[2022-09-24T08:28:50.848+0000] {processor.py:758} INFO - Processing file /home/airflow/.local/lib/python3.7/site-packages/airflow/example_dags/example_short_circuit_decorator.py for tasks to queue
[2022-09-24T08:28:50.849+0000] {logging_mixin.py:117} INFO - [2022-09-24T08:28:50.848+0000] {dagbag.py:525} INFO - Filling up the DagBag from /home/airflow/.local/lib/python3.7/site-packages/airflow/example_dags/example_short_circuit_decorator.py
[2022-09-24T08:28:50.864+0000] {processor.py:768} INFO - DAG(s) dict_keys(['example_short_circuit_decorator']) retrieved from /home/airflow/.local/lib/python3.7/site-packages/airflow/example_dags/example_short_circuit_decorator.py
[2022-09-24T08:28:50.891+0000] {logging_mixin.py:117} INFO - [2022-09-24T08:28:50.891+0000] {dag.py:2573} INFO - Sync 1 DAGs
[2022-09-24T08:28:50.906+0000] {logging_mixin.py:117} INFO - [2022-09-24T08:28:50.906+0000] {dag.py:3328} INFO - Setting next_dagrun for example_short_circuit_decorator to 2022-09-23T08:28:50.906688+00:00, run_after=2022-09-24T08:28:50.906688+00:00
[2022-09-24T08:28:50.918+0000] {processor.py:178} INFO - Processing /home/airflow/.local/lib/python3.7/site-packages/airflow/example_dags/example_short_circuit_decorator.py took 0.075 seconds
[2022-09-24T08:29:21.381+0000] {processor.py:156} INFO - Started process (PID=34016) to work on /home/airflow/.local/lib/python3.7/site-packages/airflow/example_dags/example_short_circuit_decorator.py
[2022-09-24T08:29:21.382+0000] {processor.py:758} INFO - Processing file /home/airflow/.local/lib/python3.7/site-packages/airflow/example_dags/example_short_circuit_decorator.py for tasks to queue
[2022-09-24T08:29:21.384+0000] {logging_mixin.py:117} INFO - [2022-09-24T08:29:21.384+0000] {dagbag.py:525} INFO - Filling up the DagBag from /home/airflow/.local/lib/python3.7/site-packages/airflow/example_dags/example_short_circuit_decorator.py
[2022-09-24T08:29:21.401+0000] {processor.py:768} INFO - DAG(s) dict_keys(['example_short_circuit_decorator']) retrieved from /home/airflow/.local/lib/python3.7/site-packages/airflow/example_dags/example_short_circuit_decorator.py
[2022-09-24T08:29:21.429+0000] {logging_mixin.py:117} INFO - [2022-09-24T08:29:21.428+0000] {dag.py:2573} INFO - Sync 1 DAGs
[2022-09-24T08:29:21.445+0000] {logging_mixin.py:117} INFO - [2022-09-24T08:29:21.445+0000] {dag.py:3328} INFO - Setting next_dagrun for example_short_circuit_decorator to 2022-09-23T08:29:21.444888+00:00, run_after=2022-09-24T08:29:21.444888+00:00
[2022-09-24T08:29:21.458+0000] {processor.py:178} INFO - Processing /home/airflow/.local/lib/python3.7/site-packages/airflow/example_dags/example_short_circuit_decorator.py took 0.086 seconds
[2022-09-24T08:29:51.744+0000] {processor.py:156} INFO - Started process (PID=34070) to work on /home/airflow/.local/lib/python3.7/site-packages/airflow/example_dags/example_short_circuit_decorator.py
[2022-09-24T08:29:51.745+0000] {processor.py:758} INFO - Processing file /home/airflow/.local/lib/python3.7/site-packages/airflow/example_dags/example_short_circuit_decorator.py for tasks to queue
[2022-09-24T08:29:51.746+0000] {logging_mixin.py:117} INFO - [2022-09-24T08:29:51.746+0000] {dagbag.py:525} INFO - Filling up the DagBag from /home/airflow/.local/lib/python3.7/site-packages/airflow/example_dags/example_short_circuit_decorator.py
[2022-09-24T08:29:51.764+0000] {processor.py:768} INFO - DAG(s) dict_keys(['example_short_circuit_decorator']) retrieved from /home/airflow/.local/lib/python3.7/site-packages/airflow/example_dags/example_short_circuit_decorator.py
[2022-09-24T08:29:51.793+0000] {logging_mixin.py:117} INFO - [2022-09-24T08:29:51.793+0000] {dag.py:2573} INFO - Sync 1 DAGs
[2022-09-24T08:29:51.812+0000] {logging_mixin.py:117} INFO - [2022-09-24T08:29:51.812+0000] {dag.py:3328} INFO - Setting next_dagrun for example_short_circuit_decorator to 2022-09-23T08:29:51.812366+00:00, run_after=2022-09-24T08:29:51.812366+00:00
[2022-09-24T08:29:51.829+0000] {processor.py:178} INFO - Processing /home/airflow/.local/lib/python3.7/site-packages/airflow/example_dags/example_short_circuit_decorator.py took 0.088 seconds
[2022-09-24T08:30:22.023+0000] {processor.py:156} INFO - Started process (PID=34133) to work on /home/airflow/.local/lib/python3.7/site-packages/airflow/example_dags/example_short_circuit_decorator.py
[2022-09-24T08:30:22.025+0000] {processor.py:758} INFO - Processing file /home/airflow/.local/lib/python3.7/site-packages/airflow/example_dags/example_short_circuit_decorator.py for tasks to queue
[2022-09-24T08:30:22.026+0000] {logging_mixin.py:117} INFO - [2022-09-24T08:30:22.025+0000] {dagbag.py:525} INFO - Filling up the DagBag from /home/airflow/.local/lib/python3.7/site-packages/airflow/example_dags/example_short_circuit_decorator.py
[2022-09-24T08:30:22.040+0000] {processor.py:768} INFO - DAG(s) dict_keys(['example_short_circuit_decorator']) retrieved from /home/airflow/.local/lib/python3.7/site-packages/airflow/example_dags/example_short_circuit_decorator.py
[2022-09-24T08:30:22.065+0000] {logging_mixin.py:117} INFO - [2022-09-24T08:30:22.065+0000] {dag.py:2573} INFO - Sync 1 DAGs
[2022-09-24T08:30:22.078+0000] {logging_mixin.py:117} INFO - [2022-09-24T08:30:22.078+0000] {dag.py:3328} INFO - Setting next_dagrun for example_short_circuit_decorator to 2022-09-23T08:30:22.078308+00:00, run_after=2022-09-24T08:30:22.078308+00:00
[2022-09-24T08:30:22.089+0000] {processor.py:178} INFO - Processing /home/airflow/.local/lib/python3.7/site-packages/airflow/example_dags/example_short_circuit_decorator.py took 0.068 seconds
[2022-09-24T08:30:52.276+0000] {processor.py:156} INFO - Started process (PID=34197) to work on /home/airflow/.local/lib/python3.7/site-packages/airflow/example_dags/example_short_circuit_decorator.py
[2022-09-24T08:30:52.278+0000] {processor.py:758} INFO - Processing file /home/airflow/.local/lib/python3.7/site-packages/airflow/example_dags/example_short_circuit_decorator.py for tasks to queue
[2022-09-24T08:30:52.278+0000] {logging_mixin.py:117} INFO - [2022-09-24T08:30:52.278+0000] {dagbag.py:525} INFO - Filling up the DagBag from /home/airflow/.local/lib/python3.7/site-packages/airflow/example_dags/example_short_circuit_decorator.py
[2022-09-24T08:30:52.295+0000] {processor.py:768} INFO - DAG(s) dict_keys(['example_short_circuit_decorator']) retrieved from /home/airflow/.local/lib/python3.7/site-packages/airflow/example_dags/example_short_circuit_decorator.py
[2022-09-24T08:30:52.328+0000] {logging_mixin.py:117} INFO - [2022-09-24T08:30:52.328+0000] {dag.py:2573} INFO - Sync 1 DAGs
[2022-09-24T08:30:52.344+0000] {logging_mixin.py:117} INFO - [2022-09-24T08:30:52.344+0000] {dag.py:3328} INFO - Setting next_dagrun for example_short_circuit_decorator to 2022-09-23T08:30:52.344676+00:00, run_after=2022-09-24T08:30:52.344676+00:00
[2022-09-24T08:30:52.357+0000] {processor.py:178} INFO - Processing /home/airflow/.local/lib/python3.7/site-packages/airflow/example_dags/example_short_circuit_decorator.py took 0.083 seconds
[2022-09-24T08:31:22.615+0000] {processor.py:156} INFO - Started process (PID=34260) to work on /home/airflow/.local/lib/python3.7/site-packages/airflow/example_dags/example_short_circuit_decorator.py
[2022-09-24T08:31:22.617+0000] {processor.py:758} INFO - Processing file /home/airflow/.local/lib/python3.7/site-packages/airflow/example_dags/example_short_circuit_decorator.py for tasks to queue
[2022-09-24T08:31:22.618+0000] {logging_mixin.py:117} INFO - [2022-09-24T08:31:22.617+0000] {dagbag.py:525} INFO - Filling up the DagBag from /home/airflow/.local/lib/python3.7/site-packages/airflow/example_dags/example_short_circuit_decorator.py
[2022-09-24T08:31:22.632+0000] {processor.py:768} INFO - DAG(s) dict_keys(['example_short_circuit_decorator']) retrieved from /home/airflow/.local/lib/python3.7/site-packages/airflow/example_dags/example_short_circuit_decorator.py
[2022-09-24T08:31:22.660+0000] {logging_mixin.py:117} INFO - [2022-09-24T08:31:22.659+0000] {dag.py:2573} INFO - Sync 1 DAGs
[2022-09-24T08:31:22.674+0000] {logging_mixin.py:117} INFO - [2022-09-24T08:31:22.674+0000] {dag.py:3328} INFO - Setting next_dagrun for example_short_circuit_decorator to 2022-09-23T08:31:22.674311+00:00, run_after=2022-09-24T08:31:22.674311+00:00
[2022-09-24T08:31:22.686+0000] {processor.py:178} INFO - Processing /home/airflow/.local/lib/python3.7/site-packages/airflow/example_dags/example_short_circuit_decorator.py took 0.073 seconds
[2022-09-24T08:31:52.848+0000] {processor.py:156} INFO - Started process (PID=34322) to work on /home/airflow/.local/lib/python3.7/site-packages/airflow/example_dags/example_short_circuit_decorator.py
[2022-09-24T08:31:52.851+0000] {processor.py:758} INFO - Processing file /home/airflow/.local/lib/python3.7/site-packages/airflow/example_dags/example_short_circuit_decorator.py for tasks to queue
[2022-09-24T08:31:52.852+0000] {logging_mixin.py:117} INFO - [2022-09-24T08:31:52.852+0000] {dagbag.py:525} INFO - Filling up the DagBag from /home/airflow/.local/lib/python3.7/site-packages/airflow/example_dags/example_short_circuit_decorator.py
[2022-09-24T08:31:52.867+0000] {processor.py:768} INFO - DAG(s) dict_keys(['example_short_circuit_decorator']) retrieved from /home/airflow/.local/lib/python3.7/site-packages/airflow/example_dags/example_short_circuit_decorator.py
[2022-09-24T08:31:52.894+0000] {logging_mixin.py:117} INFO - [2022-09-24T08:31:52.894+0000] {dag.py:2573} INFO - Sync 1 DAGs
[2022-09-24T08:31:52.910+0000] {logging_mixin.py:117} INFO - [2022-09-24T08:31:52.910+0000] {dag.py:3328} INFO - Setting next_dagrun for example_short_circuit_decorator to 2022-09-23T08:31:52.910022+00:00, run_after=2022-09-24T08:31:52.910022+00:00
[2022-09-24T08:31:52.922+0000] {processor.py:178} INFO - Processing /home/airflow/.local/lib/python3.7/site-packages/airflow/example_dags/example_short_circuit_decorator.py took 0.076 seconds
[2022-09-24T08:32:23.080+0000] {processor.py:156} INFO - Started process (PID=34376) to work on /home/airflow/.local/lib/python3.7/site-packages/airflow/example_dags/example_short_circuit_decorator.py
[2022-09-24T08:32:23.082+0000] {processor.py:758} INFO - Processing file /home/airflow/.local/lib/python3.7/site-packages/airflow/example_dags/example_short_circuit_decorator.py for tasks to queue
[2022-09-24T08:32:23.083+0000] {logging_mixin.py:117} INFO - [2022-09-24T08:32:23.083+0000] {dagbag.py:525} INFO - Filling up the DagBag from /home/airflow/.local/lib/python3.7/site-packages/airflow/example_dags/example_short_circuit_decorator.py
[2022-09-24T08:32:23.101+0000] {processor.py:768} INFO - DAG(s) dict_keys(['example_short_circuit_decorator']) retrieved from /home/airflow/.local/lib/python3.7/site-packages/airflow/example_dags/example_short_circuit_decorator.py
[2022-09-24T08:32:23.130+0000] {logging_mixin.py:117} INFO - [2022-09-24T08:32:23.130+0000] {dag.py:2573} INFO - Sync 1 DAGs
[2022-09-24T08:32:23.147+0000] {logging_mixin.py:117} INFO - [2022-09-24T08:32:23.146+0000] {dag.py:3328} INFO - Setting next_dagrun for example_short_circuit_decorator to 2022-09-23T08:32:23.146829+00:00, run_after=2022-09-24T08:32:23.146829+00:00
[2022-09-24T08:32:23.164+0000] {processor.py:178} INFO - Processing /home/airflow/.local/lib/python3.7/site-packages/airflow/example_dags/example_short_circuit_decorator.py took 0.086 seconds
[2022-09-24T08:32:53.554+0000] {processor.py:156} INFO - Started process (PID=34438) to work on /home/airflow/.local/lib/python3.7/site-packages/airflow/example_dags/example_short_circuit_decorator.py
[2022-09-24T08:32:53.556+0000] {processor.py:758} INFO - Processing file /home/airflow/.local/lib/python3.7/site-packages/airflow/example_dags/example_short_circuit_decorator.py for tasks to queue
[2022-09-24T08:32:53.557+0000] {logging_mixin.py:117} INFO - [2022-09-24T08:32:53.557+0000] {dagbag.py:525} INFO - Filling up the DagBag from /home/airflow/.local/lib/python3.7/site-packages/airflow/example_dags/example_short_circuit_decorator.py
[2022-09-24T08:32:53.574+0000] {processor.py:768} INFO - DAG(s) dict_keys(['example_short_circuit_decorator']) retrieved from /home/airflow/.local/lib/python3.7/site-packages/airflow/example_dags/example_short_circuit_decorator.py
[2022-09-24T08:32:53.602+0000] {logging_mixin.py:117} INFO - [2022-09-24T08:32:53.602+0000] {dag.py:2573} INFO - Sync 1 DAGs
[2022-09-24T08:32:53.620+0000] {logging_mixin.py:117} INFO - [2022-09-24T08:32:53.620+0000] {dag.py:3328} INFO - Setting next_dagrun for example_short_circuit_decorator to 2022-09-23T08:32:53.619971+00:00, run_after=2022-09-24T08:32:53.619971+00:00
[2022-09-24T08:32:53.635+0000] {processor.py:178} INFO - Processing /home/airflow/.local/lib/python3.7/site-packages/airflow/example_dags/example_short_circuit_decorator.py took 0.083 seconds
[2022-09-24T08:33:23.908+0000] {processor.py:156} INFO - Started process (PID=34501) to work on /home/airflow/.local/lib/python3.7/site-packages/airflow/example_dags/example_short_circuit_decorator.py
[2022-09-24T08:33:23.909+0000] {processor.py:758} INFO - Processing file /home/airflow/.local/lib/python3.7/site-packages/airflow/example_dags/example_short_circuit_decorator.py for tasks to queue
[2022-09-24T08:33:23.911+0000] {logging_mixin.py:117} INFO - [2022-09-24T08:33:23.911+0000] {dagbag.py:525} INFO - Filling up the DagBag from /home/airflow/.local/lib/python3.7/site-packages/airflow/example_dags/example_short_circuit_decorator.py
[2022-09-24T08:33:23.927+0000] {processor.py:768} INFO - DAG(s) dict_keys(['example_short_circuit_decorator']) retrieved from /home/airflow/.local/lib/python3.7/site-packages/airflow/example_dags/example_short_circuit_decorator.py
[2022-09-24T08:33:23.955+0000] {logging_mixin.py:117} INFO - [2022-09-24T08:33:23.954+0000] {dag.py:2573} INFO - Sync 1 DAGs
[2022-09-24T08:33:23.971+0000] {logging_mixin.py:117} INFO - [2022-09-24T08:33:23.971+0000] {dag.py:3328} INFO - Setting next_dagrun for example_short_circuit_decorator to 2022-09-23T08:33:23.970807+00:00, run_after=2022-09-24T08:33:23.970807+00:00
[2022-09-24T08:33:23.989+0000] {processor.py:178} INFO - Processing /home/airflow/.local/lib/python3.7/site-packages/airflow/example_dags/example_short_circuit_decorator.py took 0.085 seconds
[2022-09-24T08:33:54.371+0000] {processor.py:156} INFO - Started process (PID=34564) to work on /home/airflow/.local/lib/python3.7/site-packages/airflow/example_dags/example_short_circuit_decorator.py
[2022-09-24T08:33:54.373+0000] {processor.py:758} INFO - Processing file /home/airflow/.local/lib/python3.7/site-packages/airflow/example_dags/example_short_circuit_decorator.py for tasks to queue
[2022-09-24T08:33:54.374+0000] {logging_mixin.py:117} INFO - [2022-09-24T08:33:54.374+0000] {dagbag.py:525} INFO - Filling up the DagBag from /home/airflow/.local/lib/python3.7/site-packages/airflow/example_dags/example_short_circuit_decorator.py
[2022-09-24T08:33:54.391+0000] {processor.py:768} INFO - DAG(s) dict_keys(['example_short_circuit_decorator']) retrieved from /home/airflow/.local/lib/python3.7/site-packages/airflow/example_dags/example_short_circuit_decorator.py
[2022-09-24T08:33:54.417+0000] {logging_mixin.py:117} INFO - [2022-09-24T08:33:54.417+0000] {dag.py:2573} INFO - Sync 1 DAGs
[2022-09-24T08:33:54.432+0000] {logging_mixin.py:117} INFO - [2022-09-24T08:33:54.432+0000] {dag.py:3328} INFO - Setting next_dagrun for example_short_circuit_decorator to 2022-09-23T08:33:54.432348+00:00, run_after=2022-09-24T08:33:54.432348+00:00
[2022-09-24T08:33:54.445+0000] {processor.py:178} INFO - Processing /home/airflow/.local/lib/python3.7/site-packages/airflow/example_dags/example_short_circuit_decorator.py took 0.076 seconds
[2022-09-24T08:34:24.655+0000] {processor.py:156} INFO - Started process (PID=34627) to work on /home/airflow/.local/lib/python3.7/site-packages/airflow/example_dags/example_short_circuit_decorator.py
[2022-09-24T08:34:24.656+0000] {processor.py:758} INFO - Processing file /home/airflow/.local/lib/python3.7/site-packages/airflow/example_dags/example_short_circuit_decorator.py for tasks to queue
[2022-09-24T08:34:24.658+0000] {logging_mixin.py:117} INFO - [2022-09-24T08:34:24.658+0000] {dagbag.py:525} INFO - Filling up the DagBag from /home/airflow/.local/lib/python3.7/site-packages/airflow/example_dags/example_short_circuit_decorator.py
[2022-09-24T08:34:24.672+0000] {processor.py:768} INFO - DAG(s) dict_keys(['example_short_circuit_decorator']) retrieved from /home/airflow/.local/lib/python3.7/site-packages/airflow/example_dags/example_short_circuit_decorator.py
[2022-09-24T08:34:24.697+0000] {logging_mixin.py:117} INFO - [2022-09-24T08:34:24.696+0000] {dag.py:2573} INFO - Sync 1 DAGs
[2022-09-24T08:34:24.710+0000] {logging_mixin.py:117} INFO - [2022-09-24T08:34:24.710+0000] {dag.py:3328} INFO - Setting next_dagrun for example_short_circuit_decorator to 2022-09-23T08:34:24.710232+00:00, run_after=2022-09-24T08:34:24.710232+00:00
[2022-09-24T08:34:24.722+0000] {processor.py:178} INFO - Processing /home/airflow/.local/lib/python3.7/site-packages/airflow/example_dags/example_short_circuit_decorator.py took 0.068 seconds
[2022-09-24T08:34:54.936+0000] {processor.py:156} INFO - Started process (PID=34689) to work on /home/airflow/.local/lib/python3.7/site-packages/airflow/example_dags/example_short_circuit_decorator.py
[2022-09-24T08:34:54.938+0000] {processor.py:758} INFO - Processing file /home/airflow/.local/lib/python3.7/site-packages/airflow/example_dags/example_short_circuit_decorator.py for tasks to queue
[2022-09-24T08:34:54.939+0000] {logging_mixin.py:117} INFO - [2022-09-24T08:34:54.939+0000] {dagbag.py:525} INFO - Filling up the DagBag from /home/airflow/.local/lib/python3.7/site-packages/airflow/example_dags/example_short_circuit_decorator.py
[2022-09-24T08:34:54.955+0000] {processor.py:768} INFO - DAG(s) dict_keys(['example_short_circuit_decorator']) retrieved from /home/airflow/.local/lib/python3.7/site-packages/airflow/example_dags/example_short_circuit_decorator.py
[2022-09-24T08:34:54.981+0000] {logging_mixin.py:117} INFO - [2022-09-24T08:34:54.981+0000] {dag.py:2573} INFO - Sync 1 DAGs
[2022-09-24T08:34:54.996+0000] {logging_mixin.py:117} INFO - [2022-09-24T08:34:54.996+0000] {dag.py:3328} INFO - Setting next_dagrun for example_short_circuit_decorator to 2022-09-23T08:34:54.996643+00:00, run_after=2022-09-24T08:34:54.996643+00:00
[2022-09-24T08:34:55.010+0000] {processor.py:178} INFO - Processing /home/airflow/.local/lib/python3.7/site-packages/airflow/example_dags/example_short_circuit_decorator.py took 0.075 seconds
[2022-09-24T08:35:25.491+0000] {processor.py:156} INFO - Started process (PID=34753) to work on /home/airflow/.local/lib/python3.7/site-packages/airflow/example_dags/example_short_circuit_decorator.py
[2022-09-24T08:35:25.492+0000] {processor.py:758} INFO - Processing file /home/airflow/.local/lib/python3.7/site-packages/airflow/example_dags/example_short_circuit_decorator.py for tasks to queue
[2022-09-24T08:35:25.494+0000] {logging_mixin.py:117} INFO - [2022-09-24T08:35:25.493+0000] {dagbag.py:525} INFO - Filling up the DagBag from /home/airflow/.local/lib/python3.7/site-packages/airflow/example_dags/example_short_circuit_decorator.py
[2022-09-24T08:35:25.511+0000] {processor.py:768} INFO - DAG(s) dict_keys(['example_short_circuit_decorator']) retrieved from /home/airflow/.local/lib/python3.7/site-packages/airflow/example_dags/example_short_circuit_decorator.py
[2022-09-24T08:35:25.544+0000] {logging_mixin.py:117} INFO - [2022-09-24T08:35:25.543+0000] {dag.py:2573} INFO - Sync 1 DAGs
[2022-09-24T08:35:25.560+0000] {logging_mixin.py:117} INFO - [2022-09-24T08:35:25.560+0000] {dag.py:3328} INFO - Setting next_dagrun for example_short_circuit_decorator to 2022-09-23T08:35:25.560226+00:00, run_after=2022-09-24T08:35:25.560226+00:00
[2022-09-24T08:35:25.574+0000] {processor.py:178} INFO - Processing /home/airflow/.local/lib/python3.7/site-packages/airflow/example_dags/example_short_circuit_decorator.py took 0.086 seconds
[2022-09-24T08:35:55.760+0000] {processor.py:156} INFO - Started process (PID=34807) to work on /home/airflow/.local/lib/python3.7/site-packages/airflow/example_dags/example_short_circuit_decorator.py
[2022-09-24T08:35:55.763+0000] {processor.py:758} INFO - Processing file /home/airflow/.local/lib/python3.7/site-packages/airflow/example_dags/example_short_circuit_decorator.py for tasks to queue
[2022-09-24T08:35:55.764+0000] {logging_mixin.py:117} INFO - [2022-09-24T08:35:55.764+0000] {dagbag.py:525} INFO - Filling up the DagBag from /home/airflow/.local/lib/python3.7/site-packages/airflow/example_dags/example_short_circuit_decorator.py
[2022-09-24T08:35:55.781+0000] {processor.py:768} INFO - DAG(s) dict_keys(['example_short_circuit_decorator']) retrieved from /home/airflow/.local/lib/python3.7/site-packages/airflow/example_dags/example_short_circuit_decorator.py
[2022-09-24T08:35:55.818+0000] {logging_mixin.py:117} INFO - [2022-09-24T08:35:55.817+0000] {dag.py:2573} INFO - Sync 1 DAGs
[2022-09-24T08:35:55.835+0000] {logging_mixin.py:117} INFO - [2022-09-24T08:35:55.835+0000] {dag.py:3328} INFO - Setting next_dagrun for example_short_circuit_decorator to 2022-09-23T08:35:55.835518+00:00, run_after=2022-09-24T08:35:55.835518+00:00
[2022-09-24T08:35:55.851+0000] {processor.py:178} INFO - Processing /home/airflow/.local/lib/python3.7/site-packages/airflow/example_dags/example_short_circuit_decorator.py took 0.093 seconds
[2022-09-24T08:36:26.047+0000] {processor.py:156} INFO - Started process (PID=34870) to work on /home/airflow/.local/lib/python3.7/site-packages/airflow/example_dags/example_short_circuit_decorator.py
[2022-09-24T08:36:26.049+0000] {processor.py:758} INFO - Processing file /home/airflow/.local/lib/python3.7/site-packages/airflow/example_dags/example_short_circuit_decorator.py for tasks to queue
[2022-09-24T08:36:26.050+0000] {logging_mixin.py:117} INFO - [2022-09-24T08:36:26.050+0000] {dagbag.py:525} INFO - Filling up the DagBag from /home/airflow/.local/lib/python3.7/site-packages/airflow/example_dags/example_short_circuit_decorator.py
[2022-09-24T08:36:26.069+0000] {processor.py:768} INFO - DAG(s) dict_keys(['example_short_circuit_decorator']) retrieved from /home/airflow/.local/lib/python3.7/site-packages/airflow/example_dags/example_short_circuit_decorator.py
[2022-09-24T08:36:26.094+0000] {logging_mixin.py:117} INFO - [2022-09-24T08:36:26.094+0000] {dag.py:2573} INFO - Sync 1 DAGs
[2022-09-24T08:36:26.108+0000] {logging_mixin.py:117} INFO - [2022-09-24T08:36:26.108+0000] {dag.py:3328} INFO - Setting next_dagrun for example_short_circuit_decorator to 2022-09-23T08:36:26.107943+00:00, run_after=2022-09-24T08:36:26.107943+00:00
[2022-09-24T08:36:26.119+0000] {processor.py:178} INFO - Processing /home/airflow/.local/lib/python3.7/site-packages/airflow/example_dags/example_short_circuit_decorator.py took 0.073 seconds
[2022-09-24T08:36:56.391+0000] {processor.py:156} INFO - Started process (PID=34933) to work on /home/airflow/.local/lib/python3.7/site-packages/airflow/example_dags/example_short_circuit_decorator.py
[2022-09-24T08:36:56.393+0000] {processor.py:758} INFO - Processing file /home/airflow/.local/lib/python3.7/site-packages/airflow/example_dags/example_short_circuit_decorator.py for tasks to queue
[2022-09-24T08:36:56.394+0000] {logging_mixin.py:117} INFO - [2022-09-24T08:36:56.394+0000] {dagbag.py:525} INFO - Filling up the DagBag from /home/airflow/.local/lib/python3.7/site-packages/airflow/example_dags/example_short_circuit_decorator.py
[2022-09-24T08:36:56.409+0000] {processor.py:768} INFO - DAG(s) dict_keys(['example_short_circuit_decorator']) retrieved from /home/airflow/.local/lib/python3.7/site-packages/airflow/example_dags/example_short_circuit_decorator.py
[2022-09-24T08:36:56.434+0000] {logging_mixin.py:117} INFO - [2022-09-24T08:36:56.434+0000] {dag.py:2573} INFO - Sync 1 DAGs
[2022-09-24T08:36:56.449+0000] {logging_mixin.py:117} INFO - [2022-09-24T08:36:56.448+0000] {dag.py:3328} INFO - Setting next_dagrun for example_short_circuit_decorator to 2022-09-23T08:36:56.448830+00:00, run_after=2022-09-24T08:36:56.448830+00:00
[2022-09-24T08:36:56.460+0000] {processor.py:178} INFO - Processing /home/airflow/.local/lib/python3.7/site-packages/airflow/example_dags/example_short_circuit_decorator.py took 0.071 seconds
[2022-09-24T08:37:26.765+0000] {processor.py:156} INFO - Started process (PID=34996) to work on /home/airflow/.local/lib/python3.7/site-packages/airflow/example_dags/example_short_circuit_decorator.py
[2022-09-24T08:37:26.767+0000] {processor.py:758} INFO - Processing file /home/airflow/.local/lib/python3.7/site-packages/airflow/example_dags/example_short_circuit_decorator.py for tasks to queue
[2022-09-24T08:37:26.768+0000] {logging_mixin.py:117} INFO - [2022-09-24T08:37:26.768+0000] {dagbag.py:525} INFO - Filling up the DagBag from /home/airflow/.local/lib/python3.7/site-packages/airflow/example_dags/example_short_circuit_decorator.py
[2022-09-24T08:37:26.784+0000] {processor.py:768} INFO - DAG(s) dict_keys(['example_short_circuit_decorator']) retrieved from /home/airflow/.local/lib/python3.7/site-packages/airflow/example_dags/example_short_circuit_decorator.py
[2022-09-24T08:37:26.812+0000] {logging_mixin.py:117} INFO - [2022-09-24T08:37:26.811+0000] {dag.py:2573} INFO - Sync 1 DAGs
[2022-09-24T08:37:26.825+0000] {logging_mixin.py:117} INFO - [2022-09-24T08:37:26.825+0000] {dag.py:3328} INFO - Setting next_dagrun for example_short_circuit_decorator to 2022-09-23T08:37:26.825454+00:00, run_after=2022-09-24T08:37:26.825454+00:00
[2022-09-24T08:37:26.836+0000] {processor.py:178} INFO - Processing /home/airflow/.local/lib/python3.7/site-packages/airflow/example_dags/example_short_circuit_decorator.py took 0.073 seconds
[2022-09-24T08:37:57.201+0000] {processor.py:156} INFO - Started process (PID=35058) to work on /home/airflow/.local/lib/python3.7/site-packages/airflow/example_dags/example_short_circuit_decorator.py
[2022-09-24T08:37:57.203+0000] {processor.py:758} INFO - Processing file /home/airflow/.local/lib/python3.7/site-packages/airflow/example_dags/example_short_circuit_decorator.py for tasks to queue
[2022-09-24T08:37:57.204+0000] {logging_mixin.py:117} INFO - [2022-09-24T08:37:57.204+0000] {dagbag.py:525} INFO - Filling up the DagBag from /home/airflow/.local/lib/python3.7/site-packages/airflow/example_dags/example_short_circuit_decorator.py
[2022-09-24T08:37:57.221+0000] {processor.py:768} INFO - DAG(s) dict_keys(['example_short_circuit_decorator']) retrieved from /home/airflow/.local/lib/python3.7/site-packages/airflow/example_dags/example_short_circuit_decorator.py
[2022-09-24T08:37:57.246+0000] {logging_mixin.py:117} INFO - [2022-09-24T08:37:57.246+0000] {dag.py:2573} INFO - Sync 1 DAGs
[2022-09-24T08:37:57.261+0000] {logging_mixin.py:117} INFO - [2022-09-24T08:37:57.261+0000] {dag.py:3328} INFO - Setting next_dagrun for example_short_circuit_decorator to 2022-09-23T08:37:57.261706+00:00, run_after=2022-09-24T08:37:57.261706+00:00
[2022-09-24T08:37:57.273+0000] {processor.py:178} INFO - Processing /home/airflow/.local/lib/python3.7/site-packages/airflow/example_dags/example_short_circuit_decorator.py took 0.074 seconds
[2022-09-24T08:38:27.428+0000] {processor.py:156} INFO - Started process (PID=35113) to work on /home/airflow/.local/lib/python3.7/site-packages/airflow/example_dags/example_short_circuit_decorator.py
[2022-09-24T08:38:27.430+0000] {processor.py:758} INFO - Processing file /home/airflow/.local/lib/python3.7/site-packages/airflow/example_dags/example_short_circuit_decorator.py for tasks to queue
[2022-09-24T08:38:27.432+0000] {logging_mixin.py:117} INFO - [2022-09-24T08:38:27.431+0000] {dagbag.py:525} INFO - Filling up the DagBag from /home/airflow/.local/lib/python3.7/site-packages/airflow/example_dags/example_short_circuit_decorator.py
[2022-09-24T08:38:27.450+0000] {processor.py:768} INFO - DAG(s) dict_keys(['example_short_circuit_decorator']) retrieved from /home/airflow/.local/lib/python3.7/site-packages/airflow/example_dags/example_short_circuit_decorator.py
[2022-09-24T08:38:27.478+0000] {logging_mixin.py:117} INFO - [2022-09-24T08:38:27.478+0000] {dag.py:2573} INFO - Sync 1 DAGs
[2022-09-24T08:38:27.498+0000] {logging_mixin.py:117} INFO - [2022-09-24T08:38:27.497+0000] {dag.py:3328} INFO - Setting next_dagrun for example_short_circuit_decorator to 2022-09-23T08:38:27.497721+00:00, run_after=2022-09-24T08:38:27.497721+00:00
[2022-09-24T08:38:27.513+0000] {processor.py:178} INFO - Processing /home/airflow/.local/lib/python3.7/site-packages/airflow/example_dags/example_short_circuit_decorator.py took 0.087 seconds
[2022-09-24T08:38:57.692+0000] {processor.py:156} INFO - Started process (PID=35176) to work on /home/airflow/.local/lib/python3.7/site-packages/airflow/example_dags/example_short_circuit_decorator.py
[2022-09-24T08:38:57.694+0000] {processor.py:758} INFO - Processing file /home/airflow/.local/lib/python3.7/site-packages/airflow/example_dags/example_short_circuit_decorator.py for tasks to queue
[2022-09-24T08:38:57.695+0000] {logging_mixin.py:117} INFO - [2022-09-24T08:38:57.695+0000] {dagbag.py:525} INFO - Filling up the DagBag from /home/airflow/.local/lib/python3.7/site-packages/airflow/example_dags/example_short_circuit_decorator.py
[2022-09-24T08:38:57.711+0000] {processor.py:768} INFO - DAG(s) dict_keys(['example_short_circuit_decorator']) retrieved from /home/airflow/.local/lib/python3.7/site-packages/airflow/example_dags/example_short_circuit_decorator.py
[2022-09-24T08:38:57.738+0000] {logging_mixin.py:117} INFO - [2022-09-24T08:38:57.738+0000] {dag.py:2573} INFO - Sync 1 DAGs
[2022-09-24T08:38:57.754+0000] {logging_mixin.py:117} INFO - [2022-09-24T08:38:57.754+0000] {dag.py:3328} INFO - Setting next_dagrun for example_short_circuit_decorator to 2022-09-23T08:38:57.754108+00:00, run_after=2022-09-24T08:38:57.754108+00:00
[2022-09-24T08:38:57.772+0000] {processor.py:178} INFO - Processing /home/airflow/.local/lib/python3.7/site-packages/airflow/example_dags/example_short_circuit_decorator.py took 0.082 seconds
[2022-09-24T08:39:27.994+0000] {processor.py:156} INFO - Started process (PID=35239) to work on /home/airflow/.local/lib/python3.7/site-packages/airflow/example_dags/example_short_circuit_decorator.py
[2022-09-24T08:39:27.996+0000] {processor.py:758} INFO - Processing file /home/airflow/.local/lib/python3.7/site-packages/airflow/example_dags/example_short_circuit_decorator.py for tasks to queue
[2022-09-24T08:39:27.997+0000] {logging_mixin.py:117} INFO - [2022-09-24T08:39:27.997+0000] {dagbag.py:525} INFO - Filling up the DagBag from /home/airflow/.local/lib/python3.7/site-packages/airflow/example_dags/example_short_circuit_decorator.py
[2022-09-24T08:39:28.014+0000] {processor.py:768} INFO - DAG(s) dict_keys(['example_short_circuit_decorator']) retrieved from /home/airflow/.local/lib/python3.7/site-packages/airflow/example_dags/example_short_circuit_decorator.py
[2022-09-24T08:39:28.041+0000] {logging_mixin.py:117} INFO - [2022-09-24T08:39:28.041+0000] {dag.py:2573} INFO - Sync 1 DAGs
[2022-09-24T08:39:28.059+0000] {logging_mixin.py:117} INFO - [2022-09-24T08:39:28.058+0000] {dag.py:3328} INFO - Setting next_dagrun for example_short_circuit_decorator to 2022-09-23T08:39:28.058690+00:00, run_after=2022-09-24T08:39:28.058690+00:00
[2022-09-24T08:39:28.074+0000] {processor.py:178} INFO - Processing /home/airflow/.local/lib/python3.7/site-packages/airflow/example_dags/example_short_circuit_decorator.py took 0.082 seconds
[2022-09-24T08:39:58.665+0000] {processor.py:156} INFO - Started process (PID=35302) to work on /home/airflow/.local/lib/python3.7/site-packages/airflow/example_dags/example_short_circuit_decorator.py
[2022-09-24T08:39:58.667+0000] {processor.py:758} INFO - Processing file /home/airflow/.local/lib/python3.7/site-packages/airflow/example_dags/example_short_circuit_decorator.py for tasks to queue
[2022-09-24T08:39:58.668+0000] {logging_mixin.py:117} INFO - [2022-09-24T08:39:58.668+0000] {dagbag.py:525} INFO - Filling up the DagBag from /home/airflow/.local/lib/python3.7/site-packages/airflow/example_dags/example_short_circuit_decorator.py
[2022-09-24T08:39:58.683+0000] {processor.py:768} INFO - DAG(s) dict_keys(['example_short_circuit_decorator']) retrieved from /home/airflow/.local/lib/python3.7/site-packages/airflow/example_dags/example_short_circuit_decorator.py
[2022-09-24T08:39:58.709+0000] {logging_mixin.py:117} INFO - [2022-09-24T08:39:58.709+0000] {dag.py:2573} INFO - Sync 1 DAGs
[2022-09-24T08:39:58.724+0000] {logging_mixin.py:117} INFO - [2022-09-24T08:39:58.724+0000] {dag.py:3328} INFO - Setting next_dagrun for example_short_circuit_decorator to 2022-09-23T08:39:58.724426+00:00, run_after=2022-09-24T08:39:58.724426+00:00
[2022-09-24T08:39:58.738+0000] {processor.py:178} INFO - Processing /home/airflow/.local/lib/python3.7/site-packages/airflow/example_dags/example_short_circuit_decorator.py took 0.075 seconds
[2022-09-24T09:07:11.947+0000] {processor.py:156} INFO - Started process (PID=35357) to work on /home/airflow/.local/lib/python3.7/site-packages/airflow/example_dags/example_short_circuit_decorator.py
[2022-09-24T09:07:11.950+0000] {processor.py:758} INFO - Processing file /home/airflow/.local/lib/python3.7/site-packages/airflow/example_dags/example_short_circuit_decorator.py for tasks to queue
[2022-09-24T09:07:11.952+0000] {logging_mixin.py:117} INFO - [2022-09-24T09:07:11.952+0000] {dagbag.py:525} INFO - Filling up the DagBag from /home/airflow/.local/lib/python3.7/site-packages/airflow/example_dags/example_short_circuit_decorator.py
[2022-09-24T09:07:11.976+0000] {processor.py:768} INFO - DAG(s) dict_keys(['example_short_circuit_decorator']) retrieved from /home/airflow/.local/lib/python3.7/site-packages/airflow/example_dags/example_short_circuit_decorator.py
[2022-09-24T09:07:12.026+0000] {logging_mixin.py:117} INFO - [2022-09-24T09:07:12.026+0000] {dag.py:2573} INFO - Sync 1 DAGs
[2022-09-24T09:07:12.053+0000] {logging_mixin.py:117} INFO - [2022-09-24T09:07:12.053+0000] {dag.py:3328} INFO - Setting next_dagrun for example_short_circuit_decorator to 2022-09-23T09:07:12.053674+00:00, run_after=2022-09-24T09:07:12.053674+00:00
[2022-09-24T09:07:12.079+0000] {processor.py:178} INFO - Processing /home/airflow/.local/lib/python3.7/site-packages/airflow/example_dags/example_short_circuit_decorator.py took 0.135 seconds
