[2022-09-24T01:04:06.207+0000] {processor.py:156} INFO - Started process (PID=32074) to work on /home/airflow/.local/lib/python3.7/site-packages/airflow/example_dags/example_complex.py
[2022-09-24T01:04:06.216+0000] {processor.py:758} INFO - Processing file /home/airflow/.local/lib/python3.7/site-packages/airflow/example_dags/example_complex.py for tasks to queue
[2022-09-24T01:04:06.220+0000] {logging_mixin.py:117} INFO - [2022-09-24T01:04:06.219+0000] {dagbag.py:525} INFO - Filling up the DagBag from /home/airflow/.local/lib/python3.7/site-packages/airflow/example_dags/example_complex.py
[2022-09-24T01:04:06.288+0000] {processor.py:768} INFO - DAG(s) dict_keys(['example_complex']) retrieved from /home/airflow/.local/lib/python3.7/site-packages/airflow/example_dags/example_complex.py
[2022-09-24T01:04:06.405+0000] {logging_mixin.py:117} INFO - [2022-09-24T01:04:06.405+0000] {dag.py:2573} INFO - Sync 1 DAGs
[2022-09-24T01:04:06.500+0000] {logging_mixin.py:117} INFO - [2022-09-24T01:04:06.500+0000] {dag.py:3328} INFO - Setting next_dagrun for example_complex to None, run_after=None
[2022-09-24T01:04:06.537+0000] {processor.py:178} INFO - Processing /home/airflow/.local/lib/python3.7/site-packages/airflow/example_dags/example_complex.py took 0.337 seconds
[2022-09-24T02:26:58.421+0000] {processor.py:156} INFO - Started process (PID=32137) to work on /home/airflow/.local/lib/python3.7/site-packages/airflow/example_dags/example_complex.py
[2022-09-24T02:26:58.423+0000] {processor.py:758} INFO - Processing file /home/airflow/.local/lib/python3.7/site-packages/airflow/example_dags/example_complex.py for tasks to queue
[2022-09-24T02:26:58.424+0000] {logging_mixin.py:117} INFO - [2022-09-24T02:26:58.424+0000] {dagbag.py:525} INFO - Filling up the DagBag from /home/airflow/.local/lib/python3.7/site-packages/airflow/example_dags/example_complex.py
[2022-09-24T02:26:58.438+0000] {processor.py:768} INFO - DAG(s) dict_keys(['example_complex']) retrieved from /home/airflow/.local/lib/python3.7/site-packages/airflow/example_dags/example_complex.py
[2022-09-24T02:26:58.469+0000] {logging_mixin.py:117} INFO - [2022-09-24T02:26:58.469+0000] {dag.py:2573} INFO - Sync 1 DAGs
[2022-09-24T02:26:58.483+0000] {logging_mixin.py:117} INFO - [2022-09-24T02:26:58.483+0000] {dag.py:3328} INFO - Setting next_dagrun for example_complex to None, run_after=None
[2022-09-24T02:26:58.497+0000] {processor.py:178} INFO - Processing /home/airflow/.local/lib/python3.7/site-packages/airflow/example_dags/example_complex.py took 0.078 seconds
[2022-09-24T03:23:57.917+0000] {processor.py:156} INFO - Started process (PID=32200) to work on /home/airflow/.local/lib/python3.7/site-packages/airflow/example_dags/example_complex.py
[2022-09-24T03:23:57.923+0000] {processor.py:758} INFO - Processing file /home/airflow/.local/lib/python3.7/site-packages/airflow/example_dags/example_complex.py for tasks to queue
[2022-09-24T03:23:57.926+0000] {logging_mixin.py:117} INFO - [2022-09-24T03:23:57.925+0000] {dagbag.py:525} INFO - Filling up the DagBag from /home/airflow/.local/lib/python3.7/site-packages/airflow/example_dags/example_complex.py
[2022-09-24T03:23:57.946+0000] {processor.py:768} INFO - DAG(s) dict_keys(['example_complex']) retrieved from /home/airflow/.local/lib/python3.7/site-packages/airflow/example_dags/example_complex.py
[2022-09-24T03:23:57.984+0000] {logging_mixin.py:117} INFO - [2022-09-24T03:23:57.984+0000] {dag.py:2573} INFO - Sync 1 DAGs
[2022-09-24T03:23:58.004+0000] {logging_mixin.py:117} INFO - [2022-09-24T03:23:58.004+0000] {dag.py:3328} INFO - Setting next_dagrun for example_complex to None, run_after=None
[2022-09-24T03:23:58.022+0000] {processor.py:178} INFO - Processing /home/airflow/.local/lib/python3.7/site-packages/airflow/example_dags/example_complex.py took 0.107 seconds
[2022-09-24T04:29:23.896+0000] {processor.py:156} INFO - Started process (PID=32265) to work on /home/airflow/.local/lib/python3.7/site-packages/airflow/example_dags/example_complex.py
[2022-09-24T04:29:23.898+0000] {processor.py:758} INFO - Processing file /home/airflow/.local/lib/python3.7/site-packages/airflow/example_dags/example_complex.py for tasks to queue
[2022-09-24T04:29:23.900+0000] {logging_mixin.py:117} INFO - [2022-09-24T04:29:23.900+0000] {dagbag.py:525} INFO - Filling up the DagBag from /home/airflow/.local/lib/python3.7/site-packages/airflow/example_dags/example_complex.py
[2022-09-24T04:29:23.932+0000] {processor.py:768} INFO - DAG(s) dict_keys(['example_complex']) retrieved from /home/airflow/.local/lib/python3.7/site-packages/airflow/example_dags/example_complex.py
[2022-09-24T04:29:23.995+0000] {logging_mixin.py:117} INFO - [2022-09-24T04:29:23.995+0000] {dag.py:2573} INFO - Sync 1 DAGs
[2022-09-24T04:29:24.031+0000] {logging_mixin.py:117} INFO - [2022-09-24T04:29:24.031+0000] {dag.py:3328} INFO - Setting next_dagrun for example_complex to None, run_after=None
[2022-09-24T04:29:24.061+0000] {processor.py:178} INFO - Processing /home/airflow/.local/lib/python3.7/site-packages/airflow/example_dags/example_complex.py took 0.173 seconds
[2022-09-24T05:38:04.036+0000] {processor.py:156} INFO - Started process (PID=32319) to work on /home/airflow/.local/lib/python3.7/site-packages/airflow/example_dags/example_complex.py
[2022-09-24T05:38:04.038+0000] {processor.py:758} INFO - Processing file /home/airflow/.local/lib/python3.7/site-packages/airflow/example_dags/example_complex.py for tasks to queue
[2022-09-24T05:38:04.039+0000] {logging_mixin.py:117} INFO - [2022-09-24T05:38:04.039+0000] {dagbag.py:525} INFO - Filling up the DagBag from /home/airflow/.local/lib/python3.7/site-packages/airflow/example_dags/example_complex.py
[2022-09-24T05:38:04.069+0000] {processor.py:768} INFO - DAG(s) dict_keys(['example_complex']) retrieved from /home/airflow/.local/lib/python3.7/site-packages/airflow/example_dags/example_complex.py
[2022-09-24T05:38:04.109+0000] {logging_mixin.py:117} INFO - [2022-09-24T05:38:04.109+0000] {dag.py:2573} INFO - Sync 1 DAGs
[2022-09-24T05:38:04.142+0000] {logging_mixin.py:117} INFO - [2022-09-24T05:38:04.142+0000] {dag.py:3328} INFO - Setting next_dagrun for example_complex to None, run_after=None
[2022-09-24T05:38:04.170+0000] {processor.py:178} INFO - Processing /home/airflow/.local/lib/python3.7/site-packages/airflow/example_dags/example_complex.py took 0.138 seconds
[2022-09-24T06:55:18.970+0000] {processor.py:156} INFO - Started process (PID=32382) to work on /home/airflow/.local/lib/python3.7/site-packages/airflow/example_dags/example_complex.py
[2022-09-24T06:55:18.971+0000] {processor.py:758} INFO - Processing file /home/airflow/.local/lib/python3.7/site-packages/airflow/example_dags/example_complex.py for tasks to queue
[2022-09-24T06:55:18.972+0000] {logging_mixin.py:117} INFO - [2022-09-24T06:55:18.972+0000] {dagbag.py:525} INFO - Filling up the DagBag from /home/airflow/.local/lib/python3.7/site-packages/airflow/example_dags/example_complex.py
[2022-09-24T06:55:18.985+0000] {processor.py:768} INFO - DAG(s) dict_keys(['example_complex']) retrieved from /home/airflow/.local/lib/python3.7/site-packages/airflow/example_dags/example_complex.py
[2022-09-24T06:55:19.022+0000] {logging_mixin.py:117} INFO - [2022-09-24T06:55:19.022+0000] {dag.py:2573} INFO - Sync 1 DAGs
[2022-09-24T06:55:19.037+0000] {logging_mixin.py:117} INFO - [2022-09-24T06:55:19.037+0000] {dag.py:3328} INFO - Setting next_dagrun for example_complex to None, run_after=None
[2022-09-24T06:55:19.082+0000] {processor.py:178} INFO - Processing /home/airflow/.local/lib/python3.7/site-packages/airflow/example_dags/example_complex.py took 0.114 seconds
[2022-09-24T07:36:21.934+0000] {processor.py:156} INFO - Started process (PID=32445) to work on /home/airflow/.local/lib/python3.7/site-packages/airflow/example_dags/example_complex.py
[2022-09-24T07:36:21.940+0000] {processor.py:758} INFO - Processing file /home/airflow/.local/lib/python3.7/site-packages/airflow/example_dags/example_complex.py for tasks to queue
[2022-09-24T07:36:21.942+0000] {logging_mixin.py:117} INFO - [2022-09-24T07:36:21.942+0000] {dagbag.py:525} INFO - Filling up the DagBag from /home/airflow/.local/lib/python3.7/site-packages/airflow/example_dags/example_complex.py
[2022-09-24T07:36:21.973+0000] {processor.py:768} INFO - DAG(s) dict_keys(['example_complex']) retrieved from /home/airflow/.local/lib/python3.7/site-packages/airflow/example_dags/example_complex.py
[2022-09-24T07:36:22.057+0000] {logging_mixin.py:117} INFO - [2022-09-24T07:36:22.057+0000] {dag.py:2573} INFO - Sync 1 DAGs
[2022-09-24T07:36:22.084+0000] {logging_mixin.py:117} INFO - [2022-09-24T07:36:22.084+0000] {dag.py:3328} INFO - Setting next_dagrun for example_complex to None, run_after=None
[2022-09-24T07:36:22.112+0000] {processor.py:178} INFO - Processing /home/airflow/.local/lib/python3.7/site-packages/airflow/example_dags/example_complex.py took 0.181 seconds
[2022-09-24T07:39:15.259+0000] {processor.py:156} INFO - Started process (PID=32508) to work on /home/airflow/.local/lib/python3.7/site-packages/airflow/example_dags/example_complex.py
[2022-09-24T07:39:15.264+0000] {processor.py:758} INFO - Processing file /home/airflow/.local/lib/python3.7/site-packages/airflow/example_dags/example_complex.py for tasks to queue
[2022-09-24T07:39:15.266+0000] {logging_mixin.py:117} INFO - [2022-09-24T07:39:15.266+0000] {dagbag.py:525} INFO - Filling up the DagBag from /home/airflow/.local/lib/python3.7/site-packages/airflow/example_dags/example_complex.py
[2022-09-24T07:39:15.295+0000] {processor.py:768} INFO - DAG(s) dict_keys(['example_complex']) retrieved from /home/airflow/.local/lib/python3.7/site-packages/airflow/example_dags/example_complex.py
[2022-09-24T07:39:15.355+0000] {logging_mixin.py:117} INFO - [2022-09-24T07:39:15.355+0000] {dag.py:2573} INFO - Sync 1 DAGs
[2022-09-24T07:39:15.387+0000] {logging_mixin.py:117} INFO - [2022-09-24T07:39:15.387+0000] {dag.py:3328} INFO - Setting next_dagrun for example_complex to None, run_after=None
[2022-09-24T07:39:15.411+0000] {processor.py:178} INFO - Processing /home/airflow/.local/lib/python3.7/site-packages/airflow/example_dags/example_complex.py took 0.162 seconds
[2022-09-24T07:39:45.985+0000] {processor.py:156} INFO - Started process (PID=32571) to work on /home/airflow/.local/lib/python3.7/site-packages/airflow/example_dags/example_complex.py
[2022-09-24T07:39:45.987+0000] {processor.py:758} INFO - Processing file /home/airflow/.local/lib/python3.7/site-packages/airflow/example_dags/example_complex.py for tasks to queue
[2022-09-24T07:39:45.989+0000] {logging_mixin.py:117} INFO - [2022-09-24T07:39:45.989+0000] {dagbag.py:525} INFO - Filling up the DagBag from /home/airflow/.local/lib/python3.7/site-packages/airflow/example_dags/example_complex.py
[2022-09-24T07:39:46.007+0000] {processor.py:768} INFO - DAG(s) dict_keys(['example_complex']) retrieved from /home/airflow/.local/lib/python3.7/site-packages/airflow/example_dags/example_complex.py
[2022-09-24T07:39:46.038+0000] {logging_mixin.py:117} INFO - [2022-09-24T07:39:46.038+0000] {dag.py:2573} INFO - Sync 1 DAGs
[2022-09-24T07:39:46.051+0000] {logging_mixin.py:117} INFO - [2022-09-24T07:39:46.051+0000] {dag.py:3328} INFO - Setting next_dagrun for example_complex to None, run_after=None
[2022-09-24T07:39:46.063+0000] {processor.py:178} INFO - Processing /home/airflow/.local/lib/python3.7/site-packages/airflow/example_dags/example_complex.py took 0.081 seconds
[2022-09-24T07:40:16.177+0000] {processor.py:156} INFO - Started process (PID=32626) to work on /home/airflow/.local/lib/python3.7/site-packages/airflow/example_dags/example_complex.py
[2022-09-24T07:40:16.178+0000] {processor.py:758} INFO - Processing file /home/airflow/.local/lib/python3.7/site-packages/airflow/example_dags/example_complex.py for tasks to queue
[2022-09-24T07:40:16.179+0000] {logging_mixin.py:117} INFO - [2022-09-24T07:40:16.179+0000] {dagbag.py:525} INFO - Filling up the DagBag from /home/airflow/.local/lib/python3.7/site-packages/airflow/example_dags/example_complex.py
[2022-09-24T07:40:16.193+0000] {processor.py:768} INFO - DAG(s) dict_keys(['example_complex']) retrieved from /home/airflow/.local/lib/python3.7/site-packages/airflow/example_dags/example_complex.py
[2022-09-24T07:40:16.229+0000] {logging_mixin.py:117} INFO - [2022-09-24T07:40:16.228+0000] {dag.py:2573} INFO - Sync 1 DAGs
[2022-09-24T07:40:16.249+0000] {logging_mixin.py:117} INFO - [2022-09-24T07:40:16.249+0000] {dag.py:3328} INFO - Setting next_dagrun for example_complex to None, run_after=None
[2022-09-24T07:40:16.262+0000] {processor.py:178} INFO - Processing /home/airflow/.local/lib/python3.7/site-packages/airflow/example_dags/example_complex.py took 0.088 seconds
[2022-09-24T07:40:46.510+0000] {processor.py:156} INFO - Started process (PID=32690) to work on /home/airflow/.local/lib/python3.7/site-packages/airflow/example_dags/example_complex.py
[2022-09-24T07:40:46.513+0000] {processor.py:758} INFO - Processing file /home/airflow/.local/lib/python3.7/site-packages/airflow/example_dags/example_complex.py for tasks to queue
[2022-09-24T07:40:46.516+0000] {logging_mixin.py:117} INFO - [2022-09-24T07:40:46.516+0000] {dagbag.py:525} INFO - Filling up the DagBag from /home/airflow/.local/lib/python3.7/site-packages/airflow/example_dags/example_complex.py
[2022-09-24T07:40:46.541+0000] {processor.py:768} INFO - DAG(s) dict_keys(['example_complex']) retrieved from /home/airflow/.local/lib/python3.7/site-packages/airflow/example_dags/example_complex.py
[2022-09-24T07:40:46.576+0000] {logging_mixin.py:117} INFO - [2022-09-24T07:40:46.575+0000] {dag.py:2573} INFO - Sync 1 DAGs
[2022-09-24T07:40:46.590+0000] {logging_mixin.py:117} INFO - [2022-09-24T07:40:46.590+0000] {dag.py:3328} INFO - Setting next_dagrun for example_complex to None, run_after=None
[2022-09-24T07:40:46.604+0000] {processor.py:178} INFO - Processing /home/airflow/.local/lib/python3.7/site-packages/airflow/example_dags/example_complex.py took 0.100 seconds
[2022-09-24T07:41:17.055+0000] {processor.py:156} INFO - Started process (PID=32753) to work on /home/airflow/.local/lib/python3.7/site-packages/airflow/example_dags/example_complex.py
[2022-09-24T07:41:17.058+0000] {processor.py:758} INFO - Processing file /home/airflow/.local/lib/python3.7/site-packages/airflow/example_dags/example_complex.py for tasks to queue
[2022-09-24T07:41:17.059+0000] {logging_mixin.py:117} INFO - [2022-09-24T07:41:17.059+0000] {dagbag.py:525} INFO - Filling up the DagBag from /home/airflow/.local/lib/python3.7/site-packages/airflow/example_dags/example_complex.py
[2022-09-24T07:41:17.080+0000] {processor.py:768} INFO - DAG(s) dict_keys(['example_complex']) retrieved from /home/airflow/.local/lib/python3.7/site-packages/airflow/example_dags/example_complex.py
[2022-09-24T07:41:17.115+0000] {logging_mixin.py:117} INFO - [2022-09-24T07:41:17.115+0000] {dag.py:2573} INFO - Sync 1 DAGs
[2022-09-24T07:41:17.130+0000] {logging_mixin.py:117} INFO - [2022-09-24T07:41:17.130+0000] {dag.py:3328} INFO - Setting next_dagrun for example_complex to None, run_after=None
[2022-09-24T07:41:17.142+0000] {processor.py:178} INFO - Processing /home/airflow/.local/lib/python3.7/site-packages/airflow/example_dags/example_complex.py took 0.092 seconds
[2022-09-24T07:41:47.496+0000] {processor.py:156} INFO - Started process (PID=32816) to work on /home/airflow/.local/lib/python3.7/site-packages/airflow/example_dags/example_complex.py
[2022-09-24T07:41:47.499+0000] {processor.py:758} INFO - Processing file /home/airflow/.local/lib/python3.7/site-packages/airflow/example_dags/example_complex.py for tasks to queue
[2022-09-24T07:41:47.500+0000] {logging_mixin.py:117} INFO - [2022-09-24T07:41:47.500+0000] {dagbag.py:525} INFO - Filling up the DagBag from /home/airflow/.local/lib/python3.7/site-packages/airflow/example_dags/example_complex.py
[2022-09-24T07:41:47.520+0000] {processor.py:768} INFO - DAG(s) dict_keys(['example_complex']) retrieved from /home/airflow/.local/lib/python3.7/site-packages/airflow/example_dags/example_complex.py
[2022-09-24T07:41:47.548+0000] {logging_mixin.py:117} INFO - [2022-09-24T07:41:47.548+0000] {dag.py:2573} INFO - Sync 1 DAGs
[2022-09-24T07:41:47.562+0000] {logging_mixin.py:117} INFO - [2022-09-24T07:41:47.562+0000] {dag.py:3328} INFO - Setting next_dagrun for example_complex to None, run_after=None
[2022-09-24T07:41:47.576+0000] {processor.py:178} INFO - Processing /home/airflow/.local/lib/python3.7/site-packages/airflow/example_dags/example_complex.py took 0.084 seconds
[2022-09-24T07:42:17.701+0000] {processor.py:156} INFO - Started process (PID=32879) to work on /home/airflow/.local/lib/python3.7/site-packages/airflow/example_dags/example_complex.py
[2022-09-24T07:42:17.704+0000] {processor.py:758} INFO - Processing file /home/airflow/.local/lib/python3.7/site-packages/airflow/example_dags/example_complex.py for tasks to queue
[2022-09-24T07:42:17.706+0000] {logging_mixin.py:117} INFO - [2022-09-24T07:42:17.706+0000] {dagbag.py:525} INFO - Filling up the DagBag from /home/airflow/.local/lib/python3.7/site-packages/airflow/example_dags/example_complex.py
[2022-09-24T07:42:17.723+0000] {processor.py:768} INFO - DAG(s) dict_keys(['example_complex']) retrieved from /home/airflow/.local/lib/python3.7/site-packages/airflow/example_dags/example_complex.py
[2022-09-24T07:42:17.750+0000] {logging_mixin.py:117} INFO - [2022-09-24T07:42:17.750+0000] {dag.py:2573} INFO - Sync 1 DAGs
[2022-09-24T07:42:17.764+0000] {logging_mixin.py:117} INFO - [2022-09-24T07:42:17.764+0000] {dag.py:3328} INFO - Setting next_dagrun for example_complex to None, run_after=None
[2022-09-24T07:42:17.776+0000] {processor.py:178} INFO - Processing /home/airflow/.local/lib/python3.7/site-packages/airflow/example_dags/example_complex.py took 0.081 seconds
[2022-09-24T07:42:47.978+0000] {processor.py:156} INFO - Started process (PID=32942) to work on /home/airflow/.local/lib/python3.7/site-packages/airflow/example_dags/example_complex.py
[2022-09-24T07:42:47.979+0000] {processor.py:758} INFO - Processing file /home/airflow/.local/lib/python3.7/site-packages/airflow/example_dags/example_complex.py for tasks to queue
[2022-09-24T07:42:47.981+0000] {logging_mixin.py:117} INFO - [2022-09-24T07:42:47.981+0000] {dagbag.py:525} INFO - Filling up the DagBag from /home/airflow/.local/lib/python3.7/site-packages/airflow/example_dags/example_complex.py
[2022-09-24T07:42:47.996+0000] {processor.py:768} INFO - DAG(s) dict_keys(['example_complex']) retrieved from /home/airflow/.local/lib/python3.7/site-packages/airflow/example_dags/example_complex.py
[2022-09-24T07:42:48.026+0000] {logging_mixin.py:117} INFO - [2022-09-24T07:42:48.026+0000] {dag.py:2573} INFO - Sync 1 DAGs
[2022-09-24T07:42:48.039+0000] {logging_mixin.py:117} INFO - [2022-09-24T07:42:48.039+0000] {dag.py:3328} INFO - Setting next_dagrun for example_complex to None, run_after=None
[2022-09-24T07:42:48.052+0000] {processor.py:178} INFO - Processing /home/airflow/.local/lib/python3.7/site-packages/airflow/example_dags/example_complex.py took 0.078 seconds
[2022-09-24T07:43:18.182+0000] {processor.py:156} INFO - Started process (PID=32996) to work on /home/airflow/.local/lib/python3.7/site-packages/airflow/example_dags/example_complex.py
[2022-09-24T07:43:18.185+0000] {processor.py:758} INFO - Processing file /home/airflow/.local/lib/python3.7/site-packages/airflow/example_dags/example_complex.py for tasks to queue
[2022-09-24T07:43:18.186+0000] {logging_mixin.py:117} INFO - [2022-09-24T07:43:18.186+0000] {dagbag.py:525} INFO - Filling up the DagBag from /home/airflow/.local/lib/python3.7/site-packages/airflow/example_dags/example_complex.py
[2022-09-24T07:43:18.207+0000] {processor.py:768} INFO - DAG(s) dict_keys(['example_complex']) retrieved from /home/airflow/.local/lib/python3.7/site-packages/airflow/example_dags/example_complex.py
[2022-09-24T07:43:18.239+0000] {logging_mixin.py:117} INFO - [2022-09-24T07:43:18.239+0000] {dag.py:2573} INFO - Sync 1 DAGs
[2022-09-24T07:43:18.254+0000] {logging_mixin.py:117} INFO - [2022-09-24T07:43:18.254+0000] {dag.py:3328} INFO - Setting next_dagrun for example_complex to None, run_after=None
[2022-09-24T07:43:18.267+0000] {processor.py:178} INFO - Processing /home/airflow/.local/lib/python3.7/site-packages/airflow/example_dags/example_complex.py took 0.089 seconds
[2022-09-24T07:43:48.479+0000] {processor.py:156} INFO - Started process (PID=33059) to work on /home/airflow/.local/lib/python3.7/site-packages/airflow/example_dags/example_complex.py
[2022-09-24T07:43:48.488+0000] {processor.py:758} INFO - Processing file /home/airflow/.local/lib/python3.7/site-packages/airflow/example_dags/example_complex.py for tasks to queue
[2022-09-24T07:43:48.490+0000] {logging_mixin.py:117} INFO - [2022-09-24T07:43:48.489+0000] {dagbag.py:525} INFO - Filling up the DagBag from /home/airflow/.local/lib/python3.7/site-packages/airflow/example_dags/example_complex.py
[2022-09-24T07:43:48.507+0000] {processor.py:768} INFO - DAG(s) dict_keys(['example_complex']) retrieved from /home/airflow/.local/lib/python3.7/site-packages/airflow/example_dags/example_complex.py
[2022-09-24T07:43:48.538+0000] {logging_mixin.py:117} INFO - [2022-09-24T07:43:48.537+0000] {dag.py:2573} INFO - Sync 1 DAGs
[2022-09-24T07:43:48.552+0000] {logging_mixin.py:117} INFO - [2022-09-24T07:43:48.551+0000] {dag.py:3328} INFO - Setting next_dagrun for example_complex to None, run_after=None
[2022-09-24T07:43:48.562+0000] {processor.py:178} INFO - Processing /home/airflow/.local/lib/python3.7/site-packages/airflow/example_dags/example_complex.py took 0.087 seconds
[2022-09-24T07:44:18.717+0000] {processor.py:156} INFO - Started process (PID=33121) to work on /home/airflow/.local/lib/python3.7/site-packages/airflow/example_dags/example_complex.py
[2022-09-24T07:44:18.719+0000] {processor.py:758} INFO - Processing file /home/airflow/.local/lib/python3.7/site-packages/airflow/example_dags/example_complex.py for tasks to queue
[2022-09-24T07:44:18.720+0000] {logging_mixin.py:117} INFO - [2022-09-24T07:44:18.720+0000] {dagbag.py:525} INFO - Filling up the DagBag from /home/airflow/.local/lib/python3.7/site-packages/airflow/example_dags/example_complex.py
[2022-09-24T07:44:18.737+0000] {processor.py:768} INFO - DAG(s) dict_keys(['example_complex']) retrieved from /home/airflow/.local/lib/python3.7/site-packages/airflow/example_dags/example_complex.py
[2022-09-24T07:44:18.767+0000] {logging_mixin.py:117} INFO - [2022-09-24T07:44:18.767+0000] {dag.py:2573} INFO - Sync 1 DAGs
[2022-09-24T07:44:18.780+0000] {logging_mixin.py:117} INFO - [2022-09-24T07:44:18.780+0000] {dag.py:3328} INFO - Setting next_dagrun for example_complex to None, run_after=None
[2022-09-24T07:44:18.792+0000] {processor.py:178} INFO - Processing /home/airflow/.local/lib/python3.7/site-packages/airflow/example_dags/example_complex.py took 0.079 seconds
[2022-09-24T07:44:49.017+0000] {processor.py:156} INFO - Started process (PID=33185) to work on /home/airflow/.local/lib/python3.7/site-packages/airflow/example_dags/example_complex.py
[2022-09-24T07:44:49.020+0000] {processor.py:758} INFO - Processing file /home/airflow/.local/lib/python3.7/site-packages/airflow/example_dags/example_complex.py for tasks to queue
[2022-09-24T07:44:49.022+0000] {logging_mixin.py:117} INFO - [2022-09-24T07:44:49.022+0000] {dagbag.py:525} INFO - Filling up the DagBag from /home/airflow/.local/lib/python3.7/site-packages/airflow/example_dags/example_complex.py
[2022-09-24T07:44:49.039+0000] {processor.py:768} INFO - DAG(s) dict_keys(['example_complex']) retrieved from /home/airflow/.local/lib/python3.7/site-packages/airflow/example_dags/example_complex.py
[2022-09-24T07:44:49.069+0000] {logging_mixin.py:117} INFO - [2022-09-24T07:44:49.069+0000] {dag.py:2573} INFO - Sync 1 DAGs
[2022-09-24T07:44:49.083+0000] {logging_mixin.py:117} INFO - [2022-09-24T07:44:49.083+0000] {dag.py:3328} INFO - Setting next_dagrun for example_complex to None, run_after=None
[2022-09-24T07:44:49.096+0000] {processor.py:178} INFO - Processing /home/airflow/.local/lib/python3.7/site-packages/airflow/example_dags/example_complex.py took 0.082 seconds
[2022-09-24T07:45:19.333+0000] {processor.py:156} INFO - Started process (PID=33249) to work on /home/airflow/.local/lib/python3.7/site-packages/airflow/example_dags/example_complex.py
[2022-09-24T07:45:19.336+0000] {processor.py:758} INFO - Processing file /home/airflow/.local/lib/python3.7/site-packages/airflow/example_dags/example_complex.py for tasks to queue
[2022-09-24T07:45:19.338+0000] {logging_mixin.py:117} INFO - [2022-09-24T07:45:19.338+0000] {dagbag.py:525} INFO - Filling up the DagBag from /home/airflow/.local/lib/python3.7/site-packages/airflow/example_dags/example_complex.py
[2022-09-24T07:45:19.357+0000] {processor.py:768} INFO - DAG(s) dict_keys(['example_complex']) retrieved from /home/airflow/.local/lib/python3.7/site-packages/airflow/example_dags/example_complex.py
[2022-09-24T07:45:19.386+0000] {logging_mixin.py:117} INFO - [2022-09-24T07:45:19.386+0000] {dag.py:2573} INFO - Sync 1 DAGs
[2022-09-24T07:45:19.400+0000] {logging_mixin.py:117} INFO - [2022-09-24T07:45:19.400+0000] {dag.py:3328} INFO - Setting next_dagrun for example_complex to None, run_after=None
[2022-09-24T07:45:19.413+0000] {processor.py:178} INFO - Processing /home/airflow/.local/lib/python3.7/site-packages/airflow/example_dags/example_complex.py took 0.082 seconds
[2022-09-24T07:45:49.677+0000] {processor.py:156} INFO - Started process (PID=33312) to work on /home/airflow/.local/lib/python3.7/site-packages/airflow/example_dags/example_complex.py
[2022-09-24T07:45:49.679+0000] {processor.py:758} INFO - Processing file /home/airflow/.local/lib/python3.7/site-packages/airflow/example_dags/example_complex.py for tasks to queue
[2022-09-24T07:45:49.681+0000] {logging_mixin.py:117} INFO - [2022-09-24T07:45:49.680+0000] {dagbag.py:525} INFO - Filling up the DagBag from /home/airflow/.local/lib/python3.7/site-packages/airflow/example_dags/example_complex.py
[2022-09-24T07:45:49.699+0000] {processor.py:768} INFO - DAG(s) dict_keys(['example_complex']) retrieved from /home/airflow/.local/lib/python3.7/site-packages/airflow/example_dags/example_complex.py
[2022-09-24T07:45:49.728+0000] {logging_mixin.py:117} INFO - [2022-09-24T07:45:49.728+0000] {dag.py:2573} INFO - Sync 1 DAGs
[2022-09-24T07:45:49.742+0000] {logging_mixin.py:117} INFO - [2022-09-24T07:45:49.742+0000] {dag.py:3328} INFO - Setting next_dagrun for example_complex to None, run_after=None
[2022-09-24T07:45:49.756+0000] {processor.py:178} INFO - Processing /home/airflow/.local/lib/python3.7/site-packages/airflow/example_dags/example_complex.py took 0.081 seconds
[2022-09-24T07:46:19.928+0000] {processor.py:156} INFO - Started process (PID=33366) to work on /home/airflow/.local/lib/python3.7/site-packages/airflow/example_dags/example_complex.py
[2022-09-24T07:46:19.930+0000] {processor.py:758} INFO - Processing file /home/airflow/.local/lib/python3.7/site-packages/airflow/example_dags/example_complex.py for tasks to queue
[2022-09-24T07:46:19.932+0000] {logging_mixin.py:117} INFO - [2022-09-24T07:46:19.932+0000] {dagbag.py:525} INFO - Filling up the DagBag from /home/airflow/.local/lib/python3.7/site-packages/airflow/example_dags/example_complex.py
[2022-09-24T07:46:19.949+0000] {processor.py:768} INFO - DAG(s) dict_keys(['example_complex']) retrieved from /home/airflow/.local/lib/python3.7/site-packages/airflow/example_dags/example_complex.py
[2022-09-24T07:46:19.978+0000] {logging_mixin.py:117} INFO - [2022-09-24T07:46:19.978+0000] {dag.py:2573} INFO - Sync 1 DAGs
[2022-09-24T07:46:19.992+0000] {logging_mixin.py:117} INFO - [2022-09-24T07:46:19.992+0000] {dag.py:3328} INFO - Setting next_dagrun for example_complex to None, run_after=None
[2022-09-24T07:46:20.003+0000] {processor.py:178} INFO - Processing /home/airflow/.local/lib/python3.7/site-packages/airflow/example_dags/example_complex.py took 0.079 seconds
[2022-09-24T07:46:50.338+0000] {processor.py:156} INFO - Started process (PID=33429) to work on /home/airflow/.local/lib/python3.7/site-packages/airflow/example_dags/example_complex.py
[2022-09-24T07:46:50.341+0000] {processor.py:758} INFO - Processing file /home/airflow/.local/lib/python3.7/site-packages/airflow/example_dags/example_complex.py for tasks to queue
[2022-09-24T07:46:50.343+0000] {logging_mixin.py:117} INFO - [2022-09-24T07:46:50.342+0000] {dagbag.py:525} INFO - Filling up the DagBag from /home/airflow/.local/lib/python3.7/site-packages/airflow/example_dags/example_complex.py
[2022-09-24T07:46:50.362+0000] {processor.py:768} INFO - DAG(s) dict_keys(['example_complex']) retrieved from /home/airflow/.local/lib/python3.7/site-packages/airflow/example_dags/example_complex.py
[2022-09-24T07:46:50.396+0000] {logging_mixin.py:117} INFO - [2022-09-24T07:46:50.396+0000] {dag.py:2573} INFO - Sync 1 DAGs
[2022-09-24T07:46:50.410+0000] {logging_mixin.py:117} INFO - [2022-09-24T07:46:50.410+0000] {dag.py:3328} INFO - Setting next_dagrun for example_complex to None, run_after=None
[2022-09-24T07:46:50.423+0000] {processor.py:178} INFO - Processing /home/airflow/.local/lib/python3.7/site-packages/airflow/example_dags/example_complex.py took 0.088 seconds
[2022-09-24T08:22:48.836+0000] {processor.py:156} INFO - Started process (PID=33493) to work on /home/airflow/.local/lib/python3.7/site-packages/airflow/example_dags/example_complex.py
[2022-09-24T08:22:48.838+0000] {processor.py:758} INFO - Processing file /home/airflow/.local/lib/python3.7/site-packages/airflow/example_dags/example_complex.py for tasks to queue
[2022-09-24T08:22:48.839+0000] {logging_mixin.py:117} INFO - [2022-09-24T08:22:48.839+0000] {dagbag.py:525} INFO - Filling up the DagBag from /home/airflow/.local/lib/python3.7/site-packages/airflow/example_dags/example_complex.py
[2022-09-24T08:22:48.854+0000] {processor.py:768} INFO - DAG(s) dict_keys(['example_complex']) retrieved from /home/airflow/.local/lib/python3.7/site-packages/airflow/example_dags/example_complex.py
[2022-09-24T08:22:48.888+0000] {logging_mixin.py:117} INFO - [2022-09-24T08:22:48.888+0000] {dag.py:2573} INFO - Sync 1 DAGs
[2022-09-24T08:22:48.905+0000] {logging_mixin.py:117} INFO - [2022-09-24T08:22:48.905+0000] {dag.py:3328} INFO - Setting next_dagrun for example_complex to None, run_after=None
[2022-09-24T08:22:48.921+0000] {processor.py:178} INFO - Processing /home/airflow/.local/lib/python3.7/site-packages/airflow/example_dags/example_complex.py took 0.088 seconds
[2022-09-24T08:25:45.643+0000] {processor.py:156} INFO - Started process (PID=33547) to work on /home/airflow/.local/lib/python3.7/site-packages/airflow/example_dags/example_complex.py
[2022-09-24T08:25:45.649+0000] {processor.py:758} INFO - Processing file /home/airflow/.local/lib/python3.7/site-packages/airflow/example_dags/example_complex.py for tasks to queue
[2022-09-24T08:25:45.651+0000] {logging_mixin.py:117} INFO - [2022-09-24T08:25:45.651+0000] {dagbag.py:525} INFO - Filling up the DagBag from /home/airflow/.local/lib/python3.7/site-packages/airflow/example_dags/example_complex.py
[2022-09-24T08:25:45.684+0000] {processor.py:768} INFO - DAG(s) dict_keys(['example_complex']) retrieved from /home/airflow/.local/lib/python3.7/site-packages/airflow/example_dags/example_complex.py
[2022-09-24T08:25:45.752+0000] {logging_mixin.py:117} INFO - [2022-09-24T08:25:45.752+0000] {dag.py:2573} INFO - Sync 1 DAGs
[2022-09-24T08:25:45.780+0000] {logging_mixin.py:117} INFO - [2022-09-24T08:25:45.780+0000] {dag.py:3328} INFO - Setting next_dagrun for example_complex to None, run_after=None
[2022-09-24T08:25:45.812+0000] {processor.py:178} INFO - Processing /home/airflow/.local/lib/python3.7/site-packages/airflow/example_dags/example_complex.py took 0.176 seconds
[2022-09-24T08:26:16.703+0000] {processor.py:156} INFO - Started process (PID=33610) to work on /home/airflow/.local/lib/python3.7/site-packages/airflow/example_dags/example_complex.py
[2022-09-24T08:26:16.705+0000] {processor.py:758} INFO - Processing file /home/airflow/.local/lib/python3.7/site-packages/airflow/example_dags/example_complex.py for tasks to queue
[2022-09-24T08:26:16.707+0000] {logging_mixin.py:117} INFO - [2022-09-24T08:26:16.707+0000] {dagbag.py:525} INFO - Filling up the DagBag from /home/airflow/.local/lib/python3.7/site-packages/airflow/example_dags/example_complex.py
[2022-09-24T08:26:16.729+0000] {processor.py:768} INFO - DAG(s) dict_keys(['example_complex']) retrieved from /home/airflow/.local/lib/python3.7/site-packages/airflow/example_dags/example_complex.py
[2022-09-24T08:26:16.764+0000] {logging_mixin.py:117} INFO - [2022-09-24T08:26:16.764+0000] {dag.py:2573} INFO - Sync 1 DAGs
[2022-09-24T08:26:16.784+0000] {logging_mixin.py:117} INFO - [2022-09-24T08:26:16.784+0000] {dag.py:3328} INFO - Setting next_dagrun for example_complex to None, run_after=None
[2022-09-24T08:26:16.801+0000] {processor.py:178} INFO - Processing /home/airflow/.local/lib/python3.7/site-packages/airflow/example_dags/example_complex.py took 0.102 seconds
[2022-09-24T08:26:47.003+0000] {processor.py:156} INFO - Started process (PID=33673) to work on /home/airflow/.local/lib/python3.7/site-packages/airflow/example_dags/example_complex.py
[2022-09-24T08:26:47.005+0000] {processor.py:758} INFO - Processing file /home/airflow/.local/lib/python3.7/site-packages/airflow/example_dags/example_complex.py for tasks to queue
[2022-09-24T08:26:47.007+0000] {logging_mixin.py:117} INFO - [2022-09-24T08:26:47.006+0000] {dagbag.py:525} INFO - Filling up the DagBag from /home/airflow/.local/lib/python3.7/site-packages/airflow/example_dags/example_complex.py
[2022-09-24T08:26:47.024+0000] {processor.py:768} INFO - DAG(s) dict_keys(['example_complex']) retrieved from /home/airflow/.local/lib/python3.7/site-packages/airflow/example_dags/example_complex.py
[2022-09-24T08:26:47.052+0000] {logging_mixin.py:117} INFO - [2022-09-24T08:26:47.052+0000] {dag.py:2573} INFO - Sync 1 DAGs
[2022-09-24T08:26:47.066+0000] {logging_mixin.py:117} INFO - [2022-09-24T08:26:47.066+0000] {dag.py:3328} INFO - Setting next_dagrun for example_complex to None, run_after=None
[2022-09-24T08:26:47.080+0000] {processor.py:178} INFO - Processing /home/airflow/.local/lib/python3.7/site-packages/airflow/example_dags/example_complex.py took 0.081 seconds
[2022-09-24T08:27:17.305+0000] {processor.py:156} INFO - Started process (PID=33736) to work on /home/airflow/.local/lib/python3.7/site-packages/airflow/example_dags/example_complex.py
[2022-09-24T08:27:17.307+0000] {processor.py:758} INFO - Processing file /home/airflow/.local/lib/python3.7/site-packages/airflow/example_dags/example_complex.py for tasks to queue
[2022-09-24T08:27:17.308+0000] {logging_mixin.py:117} INFO - [2022-09-24T08:27:17.308+0000] {dagbag.py:525} INFO - Filling up the DagBag from /home/airflow/.local/lib/python3.7/site-packages/airflow/example_dags/example_complex.py
[2022-09-24T08:27:17.326+0000] {processor.py:768} INFO - DAG(s) dict_keys(['example_complex']) retrieved from /home/airflow/.local/lib/python3.7/site-packages/airflow/example_dags/example_complex.py
[2022-09-24T08:27:17.358+0000] {logging_mixin.py:117} INFO - [2022-09-24T08:27:17.358+0000] {dag.py:2573} INFO - Sync 1 DAGs
[2022-09-24T08:27:17.373+0000] {logging_mixin.py:117} INFO - [2022-09-24T08:27:17.373+0000] {dag.py:3328} INFO - Setting next_dagrun for example_complex to None, run_after=None
[2022-09-24T08:27:17.388+0000] {processor.py:178} INFO - Processing /home/airflow/.local/lib/python3.7/site-packages/airflow/example_dags/example_complex.py took 0.086 seconds
[2022-09-24T08:27:47.706+0000] {processor.py:156} INFO - Started process (PID=33798) to work on /home/airflow/.local/lib/python3.7/site-packages/airflow/example_dags/example_complex.py
[2022-09-24T08:27:47.708+0000] {processor.py:758} INFO - Processing file /home/airflow/.local/lib/python3.7/site-packages/airflow/example_dags/example_complex.py for tasks to queue
[2022-09-24T08:27:47.710+0000] {logging_mixin.py:117} INFO - [2022-09-24T08:27:47.710+0000] {dagbag.py:525} INFO - Filling up the DagBag from /home/airflow/.local/lib/python3.7/site-packages/airflow/example_dags/example_complex.py
[2022-09-24T08:27:47.730+0000] {processor.py:768} INFO - DAG(s) dict_keys(['example_complex']) retrieved from /home/airflow/.local/lib/python3.7/site-packages/airflow/example_dags/example_complex.py
[2022-09-24T08:27:47.763+0000] {logging_mixin.py:117} INFO - [2022-09-24T08:27:47.763+0000] {dag.py:2573} INFO - Sync 1 DAGs
[2022-09-24T08:27:47.776+0000] {logging_mixin.py:117} INFO - [2022-09-24T08:27:47.776+0000] {dag.py:3328} INFO - Setting next_dagrun for example_complex to None, run_after=None
[2022-09-24T08:27:47.789+0000] {processor.py:178} INFO - Processing /home/airflow/.local/lib/python3.7/site-packages/airflow/example_dags/example_complex.py took 0.086 seconds
[2022-09-24T08:28:17.940+0000] {processor.py:156} INFO - Started process (PID=33862) to work on /home/airflow/.local/lib/python3.7/site-packages/airflow/example_dags/example_complex.py
[2022-09-24T08:28:17.941+0000] {processor.py:758} INFO - Processing file /home/airflow/.local/lib/python3.7/site-packages/airflow/example_dags/example_complex.py for tasks to queue
[2022-09-24T08:28:17.942+0000] {logging_mixin.py:117} INFO - [2022-09-24T08:28:17.942+0000] {dagbag.py:525} INFO - Filling up the DagBag from /home/airflow/.local/lib/python3.7/site-packages/airflow/example_dags/example_complex.py
[2022-09-24T08:28:17.955+0000] {processor.py:768} INFO - DAG(s) dict_keys(['example_complex']) retrieved from /home/airflow/.local/lib/python3.7/site-packages/airflow/example_dags/example_complex.py
[2022-09-24T08:28:17.982+0000] {logging_mixin.py:117} INFO - [2022-09-24T08:28:17.982+0000] {dag.py:2573} INFO - Sync 1 DAGs
[2022-09-24T08:28:17.996+0000] {logging_mixin.py:117} INFO - [2022-09-24T08:28:17.995+0000] {dag.py:3328} INFO - Setting next_dagrun for example_complex to None, run_after=None
[2022-09-24T08:28:18.008+0000] {processor.py:178} INFO - Processing /home/airflow/.local/lib/python3.7/site-packages/airflow/example_dags/example_complex.py took 0.071 seconds
[2022-09-24T08:28:48.215+0000] {processor.py:156} INFO - Started process (PID=33916) to work on /home/airflow/.local/lib/python3.7/site-packages/airflow/example_dags/example_complex.py
[2022-09-24T08:28:48.216+0000] {processor.py:758} INFO - Processing file /home/airflow/.local/lib/python3.7/site-packages/airflow/example_dags/example_complex.py for tasks to queue
[2022-09-24T08:28:48.218+0000] {logging_mixin.py:117} INFO - [2022-09-24T08:28:48.218+0000] {dagbag.py:525} INFO - Filling up the DagBag from /home/airflow/.local/lib/python3.7/site-packages/airflow/example_dags/example_complex.py
[2022-09-24T08:28:48.236+0000] {processor.py:768} INFO - DAG(s) dict_keys(['example_complex']) retrieved from /home/airflow/.local/lib/python3.7/site-packages/airflow/example_dags/example_complex.py
[2022-09-24T08:28:48.266+0000] {logging_mixin.py:117} INFO - [2022-09-24T08:28:48.266+0000] {dag.py:2573} INFO - Sync 1 DAGs
[2022-09-24T08:28:48.279+0000] {logging_mixin.py:117} INFO - [2022-09-24T08:28:48.279+0000] {dag.py:3328} INFO - Setting next_dagrun for example_complex to None, run_after=None
[2022-09-24T08:28:48.292+0000] {processor.py:178} INFO - Processing /home/airflow/.local/lib/python3.7/site-packages/airflow/example_dags/example_complex.py took 0.080 seconds
[2022-09-24T08:29:18.559+0000] {processor.py:156} INFO - Started process (PID=33979) to work on /home/airflow/.local/lib/python3.7/site-packages/airflow/example_dags/example_complex.py
[2022-09-24T08:29:18.561+0000] {processor.py:758} INFO - Processing file /home/airflow/.local/lib/python3.7/site-packages/airflow/example_dags/example_complex.py for tasks to queue
[2022-09-24T08:29:18.562+0000] {logging_mixin.py:117} INFO - [2022-09-24T08:29:18.562+0000] {dagbag.py:525} INFO - Filling up the DagBag from /home/airflow/.local/lib/python3.7/site-packages/airflow/example_dags/example_complex.py
[2022-09-24T08:29:18.580+0000] {processor.py:768} INFO - DAG(s) dict_keys(['example_complex']) retrieved from /home/airflow/.local/lib/python3.7/site-packages/airflow/example_dags/example_complex.py
[2022-09-24T08:29:18.610+0000] {logging_mixin.py:117} INFO - [2022-09-24T08:29:18.610+0000] {dag.py:2573} INFO - Sync 1 DAGs
[2022-09-24T08:29:18.624+0000] {logging_mixin.py:117} INFO - [2022-09-24T08:29:18.624+0000] {dag.py:3328} INFO - Setting next_dagrun for example_complex to None, run_after=None
[2022-09-24T08:29:18.636+0000] {processor.py:178} INFO - Processing /home/airflow/.local/lib/python3.7/site-packages/airflow/example_dags/example_complex.py took 0.082 seconds
[2022-09-24T08:29:49.078+0000] {processor.py:156} INFO - Started process (PID=34043) to work on /home/airflow/.local/lib/python3.7/site-packages/airflow/example_dags/example_complex.py
[2022-09-24T08:29:49.081+0000] {processor.py:758} INFO - Processing file /home/airflow/.local/lib/python3.7/site-packages/airflow/example_dags/example_complex.py for tasks to queue
[2022-09-24T08:29:49.083+0000] {logging_mixin.py:117} INFO - [2022-09-24T08:29:49.083+0000] {dagbag.py:525} INFO - Filling up the DagBag from /home/airflow/.local/lib/python3.7/site-packages/airflow/example_dags/example_complex.py
[2022-09-24T08:29:49.101+0000] {processor.py:768} INFO - DAG(s) dict_keys(['example_complex']) retrieved from /home/airflow/.local/lib/python3.7/site-packages/airflow/example_dags/example_complex.py
[2022-09-24T08:29:49.131+0000] {logging_mixin.py:117} INFO - [2022-09-24T08:29:49.131+0000] {dag.py:2573} INFO - Sync 1 DAGs
[2022-09-24T08:29:49.145+0000] {logging_mixin.py:117} INFO - [2022-09-24T08:29:49.145+0000] {dag.py:3328} INFO - Setting next_dagrun for example_complex to None, run_after=None
[2022-09-24T08:29:49.156+0000] {processor.py:178} INFO - Processing /home/airflow/.local/lib/python3.7/site-packages/airflow/example_dags/example_complex.py took 0.081 seconds
[2022-09-24T08:30:19.376+0000] {processor.py:156} INFO - Started process (PID=34106) to work on /home/airflow/.local/lib/python3.7/site-packages/airflow/example_dags/example_complex.py
[2022-09-24T08:30:19.379+0000] {processor.py:758} INFO - Processing file /home/airflow/.local/lib/python3.7/site-packages/airflow/example_dags/example_complex.py for tasks to queue
[2022-09-24T08:30:19.381+0000] {logging_mixin.py:117} INFO - [2022-09-24T08:30:19.381+0000] {dagbag.py:525} INFO - Filling up the DagBag from /home/airflow/.local/lib/python3.7/site-packages/airflow/example_dags/example_complex.py
[2022-09-24T08:30:19.401+0000] {processor.py:768} INFO - DAG(s) dict_keys(['example_complex']) retrieved from /home/airflow/.local/lib/python3.7/site-packages/airflow/example_dags/example_complex.py
[2022-09-24T08:30:19.432+0000] {logging_mixin.py:117} INFO - [2022-09-24T08:30:19.432+0000] {dag.py:2573} INFO - Sync 1 DAGs
[2022-09-24T08:30:19.445+0000] {logging_mixin.py:117} INFO - [2022-09-24T08:30:19.445+0000] {dag.py:3328} INFO - Setting next_dagrun for example_complex to None, run_after=None
[2022-09-24T08:30:19.457+0000] {processor.py:178} INFO - Processing /home/airflow/.local/lib/python3.7/site-packages/airflow/example_dags/example_complex.py took 0.084 seconds
[2022-09-24T08:30:49.671+0000] {processor.py:156} INFO - Started process (PID=34170) to work on /home/airflow/.local/lib/python3.7/site-packages/airflow/example_dags/example_complex.py
[2022-09-24T08:30:49.673+0000] {processor.py:758} INFO - Processing file /home/airflow/.local/lib/python3.7/site-packages/airflow/example_dags/example_complex.py for tasks to queue
[2022-09-24T08:30:49.674+0000] {logging_mixin.py:117} INFO - [2022-09-24T08:30:49.674+0000] {dagbag.py:525} INFO - Filling up the DagBag from /home/airflow/.local/lib/python3.7/site-packages/airflow/example_dags/example_complex.py
[2022-09-24T08:30:49.689+0000] {processor.py:768} INFO - DAG(s) dict_keys(['example_complex']) retrieved from /home/airflow/.local/lib/python3.7/site-packages/airflow/example_dags/example_complex.py
[2022-09-24T08:30:49.716+0000] {logging_mixin.py:117} INFO - [2022-09-24T08:30:49.716+0000] {dag.py:2573} INFO - Sync 1 DAGs
[2022-09-24T08:30:49.731+0000] {logging_mixin.py:117} INFO - [2022-09-24T08:30:49.731+0000] {dag.py:3328} INFO - Setting next_dagrun for example_complex to None, run_after=None
[2022-09-24T08:30:49.743+0000] {processor.py:178} INFO - Processing /home/airflow/.local/lib/python3.7/site-packages/airflow/example_dags/example_complex.py took 0.074 seconds
[2022-09-24T08:31:19.995+0000] {processor.py:156} INFO - Started process (PID=34233) to work on /home/airflow/.local/lib/python3.7/site-packages/airflow/example_dags/example_complex.py
[2022-09-24T08:31:19.997+0000] {processor.py:758} INFO - Processing file /home/airflow/.local/lib/python3.7/site-packages/airflow/example_dags/example_complex.py for tasks to queue
[2022-09-24T08:31:19.999+0000] {logging_mixin.py:117} INFO - [2022-09-24T08:31:19.998+0000] {dagbag.py:525} INFO - Filling up the DagBag from /home/airflow/.local/lib/python3.7/site-packages/airflow/example_dags/example_complex.py
[2022-09-24T08:31:20.016+0000] {processor.py:768} INFO - DAG(s) dict_keys(['example_complex']) retrieved from /home/airflow/.local/lib/python3.7/site-packages/airflow/example_dags/example_complex.py
[2022-09-24T08:31:20.044+0000] {logging_mixin.py:117} INFO - [2022-09-24T08:31:20.044+0000] {dag.py:2573} INFO - Sync 1 DAGs
[2022-09-24T08:31:20.059+0000] {logging_mixin.py:117} INFO - [2022-09-24T08:31:20.059+0000] {dag.py:3328} INFO - Setting next_dagrun for example_complex to None, run_after=None
[2022-09-24T08:31:20.071+0000] {processor.py:178} INFO - Processing /home/airflow/.local/lib/python3.7/site-packages/airflow/example_dags/example_complex.py took 0.079 seconds
[2022-09-24T08:31:50.200+0000] {processor.py:156} INFO - Started process (PID=34286) to work on /home/airflow/.local/lib/python3.7/site-packages/airflow/example_dags/example_complex.py
[2022-09-24T08:31:50.202+0000] {processor.py:758} INFO - Processing file /home/airflow/.local/lib/python3.7/site-packages/airflow/example_dags/example_complex.py for tasks to queue
[2022-09-24T08:31:50.204+0000] {logging_mixin.py:117} INFO - [2022-09-24T08:31:50.204+0000] {dagbag.py:525} INFO - Filling up the DagBag from /home/airflow/.local/lib/python3.7/site-packages/airflow/example_dags/example_complex.py
[2022-09-24T08:31:50.217+0000] {processor.py:768} INFO - DAG(s) dict_keys(['example_complex']) retrieved from /home/airflow/.local/lib/python3.7/site-packages/airflow/example_dags/example_complex.py
[2022-09-24T08:31:50.244+0000] {logging_mixin.py:117} INFO - [2022-09-24T08:31:50.244+0000] {dag.py:2573} INFO - Sync 1 DAGs
[2022-09-24T08:31:50.258+0000] {logging_mixin.py:117} INFO - [2022-09-24T08:31:50.258+0000] {dag.py:3328} INFO - Setting next_dagrun for example_complex to None, run_after=None
[2022-09-24T08:31:50.270+0000] {processor.py:178} INFO - Processing /home/airflow/.local/lib/python3.7/site-packages/airflow/example_dags/example_complex.py took 0.073 seconds
[2022-09-24T08:32:20.513+0000] {processor.py:156} INFO - Started process (PID=34349) to work on /home/airflow/.local/lib/python3.7/site-packages/airflow/example_dags/example_complex.py
[2022-09-24T08:32:20.514+0000] {processor.py:758} INFO - Processing file /home/airflow/.local/lib/python3.7/site-packages/airflow/example_dags/example_complex.py for tasks to queue
[2022-09-24T08:32:20.515+0000] {logging_mixin.py:117} INFO - [2022-09-24T08:32:20.515+0000] {dagbag.py:525} INFO - Filling up the DagBag from /home/airflow/.local/lib/python3.7/site-packages/airflow/example_dags/example_complex.py
[2022-09-24T08:32:20.527+0000] {processor.py:768} INFO - DAG(s) dict_keys(['example_complex']) retrieved from /home/airflow/.local/lib/python3.7/site-packages/airflow/example_dags/example_complex.py
[2022-09-24T08:32:20.555+0000] {logging_mixin.py:117} INFO - [2022-09-24T08:32:20.555+0000] {dag.py:2573} INFO - Sync 1 DAGs
[2022-09-24T08:32:20.569+0000] {logging_mixin.py:117} INFO - [2022-09-24T08:32:20.568+0000] {dag.py:3328} INFO - Setting next_dagrun for example_complex to None, run_after=None
[2022-09-24T08:32:20.580+0000] {processor.py:178} INFO - Processing /home/airflow/.local/lib/python3.7/site-packages/airflow/example_dags/example_complex.py took 0.069 seconds
[2022-09-24T08:32:50.821+0000] {processor.py:156} INFO - Started process (PID=34411) to work on /home/airflow/.local/lib/python3.7/site-packages/airflow/example_dags/example_complex.py
[2022-09-24T08:32:50.823+0000] {processor.py:758} INFO - Processing file /home/airflow/.local/lib/python3.7/site-packages/airflow/example_dags/example_complex.py for tasks to queue
[2022-09-24T08:32:50.824+0000] {logging_mixin.py:117} INFO - [2022-09-24T08:32:50.824+0000] {dagbag.py:525} INFO - Filling up the DagBag from /home/airflow/.local/lib/python3.7/site-packages/airflow/example_dags/example_complex.py
[2022-09-24T08:32:50.839+0000] {processor.py:768} INFO - DAG(s) dict_keys(['example_complex']) retrieved from /home/airflow/.local/lib/python3.7/site-packages/airflow/example_dags/example_complex.py
[2022-09-24T08:32:50.870+0000] {logging_mixin.py:117} INFO - [2022-09-24T08:32:50.870+0000] {dag.py:2573} INFO - Sync 1 DAGs
[2022-09-24T08:32:50.888+0000] {logging_mixin.py:117} INFO - [2022-09-24T08:32:50.888+0000] {dag.py:3328} INFO - Setting next_dagrun for example_complex to None, run_after=None
[2022-09-24T08:32:50.904+0000] {processor.py:178} INFO - Processing /home/airflow/.local/lib/python3.7/site-packages/airflow/example_dags/example_complex.py took 0.085 seconds
[2022-09-24T08:33:21.188+0000] {processor.py:156} INFO - Started process (PID=34474) to work on /home/airflow/.local/lib/python3.7/site-packages/airflow/example_dags/example_complex.py
[2022-09-24T08:33:21.190+0000] {processor.py:758} INFO - Processing file /home/airflow/.local/lib/python3.7/site-packages/airflow/example_dags/example_complex.py for tasks to queue
[2022-09-24T08:33:21.191+0000] {logging_mixin.py:117} INFO - [2022-09-24T08:33:21.191+0000] {dagbag.py:525} INFO - Filling up the DagBag from /home/airflow/.local/lib/python3.7/site-packages/airflow/example_dags/example_complex.py
[2022-09-24T08:33:21.203+0000] {processor.py:768} INFO - DAG(s) dict_keys(['example_complex']) retrieved from /home/airflow/.local/lib/python3.7/site-packages/airflow/example_dags/example_complex.py
[2022-09-24T08:33:21.231+0000] {logging_mixin.py:117} INFO - [2022-09-24T08:33:21.231+0000] {dag.py:2573} INFO - Sync 1 DAGs
[2022-09-24T08:33:21.246+0000] {logging_mixin.py:117} INFO - [2022-09-24T08:33:21.246+0000] {dag.py:3328} INFO - Setting next_dagrun for example_complex to None, run_after=None
[2022-09-24T08:33:21.256+0000] {processor.py:178} INFO - Processing /home/airflow/.local/lib/python3.7/site-packages/airflow/example_dags/example_complex.py took 0.070 seconds
[2022-09-24T08:33:51.567+0000] {processor.py:156} INFO - Started process (PID=34537) to work on /home/airflow/.local/lib/python3.7/site-packages/airflow/example_dags/example_complex.py
[2022-09-24T08:33:51.569+0000] {processor.py:758} INFO - Processing file /home/airflow/.local/lib/python3.7/site-packages/airflow/example_dags/example_complex.py for tasks to queue
[2022-09-24T08:33:51.571+0000] {logging_mixin.py:117} INFO - [2022-09-24T08:33:51.571+0000] {dagbag.py:525} INFO - Filling up the DagBag from /home/airflow/.local/lib/python3.7/site-packages/airflow/example_dags/example_complex.py
[2022-09-24T08:33:51.593+0000] {processor.py:768} INFO - DAG(s) dict_keys(['example_complex']) retrieved from /home/airflow/.local/lib/python3.7/site-packages/airflow/example_dags/example_complex.py
[2022-09-24T08:33:51.630+0000] {logging_mixin.py:117} INFO - [2022-09-24T08:33:51.630+0000] {dag.py:2573} INFO - Sync 1 DAGs
[2022-09-24T08:33:51.645+0000] {logging_mixin.py:117} INFO - [2022-09-24T08:33:51.645+0000] {dag.py:3328} INFO - Setting next_dagrun for example_complex to None, run_after=None
[2022-09-24T08:33:51.658+0000] {processor.py:178} INFO - Processing /home/airflow/.local/lib/python3.7/site-packages/airflow/example_dags/example_complex.py took 0.093 seconds
[2022-09-24T08:34:22.046+0000] {processor.py:156} INFO - Started process (PID=34600) to work on /home/airflow/.local/lib/python3.7/site-packages/airflow/example_dags/example_complex.py
[2022-09-24T08:34:22.047+0000] {processor.py:758} INFO - Processing file /home/airflow/.local/lib/python3.7/site-packages/airflow/example_dags/example_complex.py for tasks to queue
[2022-09-24T08:34:22.049+0000] {logging_mixin.py:117} INFO - [2022-09-24T08:34:22.049+0000] {dagbag.py:525} INFO - Filling up the DagBag from /home/airflow/.local/lib/python3.7/site-packages/airflow/example_dags/example_complex.py
[2022-09-24T08:34:22.061+0000] {processor.py:768} INFO - DAG(s) dict_keys(['example_complex']) retrieved from /home/airflow/.local/lib/python3.7/site-packages/airflow/example_dags/example_complex.py
[2022-09-24T08:34:22.089+0000] {logging_mixin.py:117} INFO - [2022-09-24T08:34:22.089+0000] {dag.py:2573} INFO - Sync 1 DAGs
[2022-09-24T08:34:22.102+0000] {logging_mixin.py:117} INFO - [2022-09-24T08:34:22.102+0000] {dag.py:3328} INFO - Setting next_dagrun for example_complex to None, run_after=None
[2022-09-24T08:34:22.116+0000] {processor.py:178} INFO - Processing /home/airflow/.local/lib/python3.7/site-packages/airflow/example_dags/example_complex.py took 0.071 seconds
[2022-09-24T08:34:52.260+0000] {processor.py:156} INFO - Started process (PID=34654) to work on /home/airflow/.local/lib/python3.7/site-packages/airflow/example_dags/example_complex.py
[2022-09-24T08:34:52.263+0000] {processor.py:758} INFO - Processing file /home/airflow/.local/lib/python3.7/site-packages/airflow/example_dags/example_complex.py for tasks to queue
[2022-09-24T08:34:52.264+0000] {logging_mixin.py:117} INFO - [2022-09-24T08:34:52.264+0000] {dagbag.py:525} INFO - Filling up the DagBag from /home/airflow/.local/lib/python3.7/site-packages/airflow/example_dags/example_complex.py
[2022-09-24T08:34:52.282+0000] {processor.py:768} INFO - DAG(s) dict_keys(['example_complex']) retrieved from /home/airflow/.local/lib/python3.7/site-packages/airflow/example_dags/example_complex.py
[2022-09-24T08:34:52.324+0000] {logging_mixin.py:117} INFO - [2022-09-24T08:34:52.324+0000] {dag.py:2573} INFO - Sync 1 DAGs
[2022-09-24T08:34:52.338+0000] {logging_mixin.py:117} INFO - [2022-09-24T08:34:52.338+0000] {dag.py:3328} INFO - Setting next_dagrun for example_complex to None, run_after=None
[2022-09-24T08:34:52.351+0000] {processor.py:178} INFO - Processing /home/airflow/.local/lib/python3.7/site-packages/airflow/example_dags/example_complex.py took 0.095 seconds
[2022-09-24T08:35:22.628+0000] {processor.py:156} INFO - Started process (PID=34717) to work on /home/airflow/.local/lib/python3.7/site-packages/airflow/example_dags/example_complex.py
[2022-09-24T08:35:22.629+0000] {processor.py:758} INFO - Processing file /home/airflow/.local/lib/python3.7/site-packages/airflow/example_dags/example_complex.py for tasks to queue
[2022-09-24T08:35:22.631+0000] {logging_mixin.py:117} INFO - [2022-09-24T08:35:22.631+0000] {dagbag.py:525} INFO - Filling up the DagBag from /home/airflow/.local/lib/python3.7/site-packages/airflow/example_dags/example_complex.py
[2022-09-24T08:35:22.646+0000] {processor.py:768} INFO - DAG(s) dict_keys(['example_complex']) retrieved from /home/airflow/.local/lib/python3.7/site-packages/airflow/example_dags/example_complex.py
[2022-09-24T08:35:22.705+0000] {logging_mixin.py:117} INFO - [2022-09-24T08:35:22.705+0000] {dag.py:2573} INFO - Sync 1 DAGs
[2022-09-24T08:35:22.732+0000] {logging_mixin.py:117} INFO - [2022-09-24T08:35:22.732+0000] {dag.py:3328} INFO - Setting next_dagrun for example_complex to None, run_after=None
[2022-09-24T08:35:22.746+0000] {processor.py:178} INFO - Processing /home/airflow/.local/lib/python3.7/site-packages/airflow/example_dags/example_complex.py took 0.120 seconds
[2022-09-24T08:35:53.117+0000] {processor.py:156} INFO - Started process (PID=34780) to work on /home/airflow/.local/lib/python3.7/site-packages/airflow/example_dags/example_complex.py
[2022-09-24T08:35:53.119+0000] {processor.py:758} INFO - Processing file /home/airflow/.local/lib/python3.7/site-packages/airflow/example_dags/example_complex.py for tasks to queue
[2022-09-24T08:35:53.120+0000] {logging_mixin.py:117} INFO - [2022-09-24T08:35:53.120+0000] {dagbag.py:525} INFO - Filling up the DagBag from /home/airflow/.local/lib/python3.7/site-packages/airflow/example_dags/example_complex.py
[2022-09-24T08:35:53.132+0000] {processor.py:768} INFO - DAG(s) dict_keys(['example_complex']) retrieved from /home/airflow/.local/lib/python3.7/site-packages/airflow/example_dags/example_complex.py
[2022-09-24T08:35:53.161+0000] {logging_mixin.py:117} INFO - [2022-09-24T08:35:53.161+0000] {dag.py:2573} INFO - Sync 1 DAGs
[2022-09-24T08:35:53.174+0000] {logging_mixin.py:117} INFO - [2022-09-24T08:35:53.174+0000] {dag.py:3328} INFO - Setting next_dagrun for example_complex to None, run_after=None
[2022-09-24T08:35:53.187+0000] {processor.py:178} INFO - Processing /home/airflow/.local/lib/python3.7/site-packages/airflow/example_dags/example_complex.py took 0.072 seconds
[2022-09-24T08:36:23.458+0000] {processor.py:156} INFO - Started process (PID=34843) to work on /home/airflow/.local/lib/python3.7/site-packages/airflow/example_dags/example_complex.py
[2022-09-24T08:36:23.460+0000] {processor.py:758} INFO - Processing file /home/airflow/.local/lib/python3.7/site-packages/airflow/example_dags/example_complex.py for tasks to queue
[2022-09-24T08:36:23.461+0000] {logging_mixin.py:117} INFO - [2022-09-24T08:36:23.461+0000] {dagbag.py:525} INFO - Filling up the DagBag from /home/airflow/.local/lib/python3.7/site-packages/airflow/example_dags/example_complex.py
[2022-09-24T08:36:23.475+0000] {processor.py:768} INFO - DAG(s) dict_keys(['example_complex']) retrieved from /home/airflow/.local/lib/python3.7/site-packages/airflow/example_dags/example_complex.py
[2022-09-24T08:36:23.504+0000] {logging_mixin.py:117} INFO - [2022-09-24T08:36:23.504+0000] {dag.py:2573} INFO - Sync 1 DAGs
[2022-09-24T08:36:23.517+0000] {logging_mixin.py:117} INFO - [2022-09-24T08:36:23.517+0000] {dag.py:3328} INFO - Setting next_dagrun for example_complex to None, run_after=None
[2022-09-24T08:36:23.530+0000] {processor.py:178} INFO - Processing /home/airflow/.local/lib/python3.7/site-packages/airflow/example_dags/example_complex.py took 0.074 seconds
[2022-09-24T08:36:53.771+0000] {processor.py:156} INFO - Started process (PID=34906) to work on /home/airflow/.local/lib/python3.7/site-packages/airflow/example_dags/example_complex.py
[2022-09-24T08:36:53.773+0000] {processor.py:758} INFO - Processing file /home/airflow/.local/lib/python3.7/site-packages/airflow/example_dags/example_complex.py for tasks to queue
[2022-09-24T08:36:53.774+0000] {logging_mixin.py:117} INFO - [2022-09-24T08:36:53.774+0000] {dagbag.py:525} INFO - Filling up the DagBag from /home/airflow/.local/lib/python3.7/site-packages/airflow/example_dags/example_complex.py
[2022-09-24T08:36:53.792+0000] {processor.py:768} INFO - DAG(s) dict_keys(['example_complex']) retrieved from /home/airflow/.local/lib/python3.7/site-packages/airflow/example_dags/example_complex.py
[2022-09-24T08:36:53.823+0000] {logging_mixin.py:117} INFO - [2022-09-24T08:36:53.823+0000] {dag.py:2573} INFO - Sync 1 DAGs
[2022-09-24T08:36:53.837+0000] {logging_mixin.py:117} INFO - [2022-09-24T08:36:53.837+0000] {dag.py:3328} INFO - Setting next_dagrun for example_complex to None, run_after=None
[2022-09-24T08:36:53.850+0000] {processor.py:178} INFO - Processing /home/airflow/.local/lib/python3.7/site-packages/airflow/example_dags/example_complex.py took 0.082 seconds
[2022-09-24T08:37:24.056+0000] {processor.py:156} INFO - Started process (PID=34969) to work on /home/airflow/.local/lib/python3.7/site-packages/airflow/example_dags/example_complex.py
[2022-09-24T08:37:24.057+0000] {processor.py:758} INFO - Processing file /home/airflow/.local/lib/python3.7/site-packages/airflow/example_dags/example_complex.py for tasks to queue
[2022-09-24T08:37:24.059+0000] {logging_mixin.py:117} INFO - [2022-09-24T08:37:24.058+0000] {dagbag.py:525} INFO - Filling up the DagBag from /home/airflow/.local/lib/python3.7/site-packages/airflow/example_dags/example_complex.py
[2022-09-24T08:37:24.081+0000] {processor.py:768} INFO - DAG(s) dict_keys(['example_complex']) retrieved from /home/airflow/.local/lib/python3.7/site-packages/airflow/example_dags/example_complex.py
[2022-09-24T08:37:24.126+0000] {logging_mixin.py:117} INFO - [2022-09-24T08:37:24.126+0000] {dag.py:2573} INFO - Sync 1 DAGs
[2022-09-24T08:37:24.145+0000] {logging_mixin.py:117} INFO - [2022-09-24T08:37:24.145+0000] {dag.py:3328} INFO - Setting next_dagrun for example_complex to None, run_after=None
[2022-09-24T08:37:24.161+0000] {processor.py:178} INFO - Processing /home/airflow/.local/lib/python3.7/site-packages/airflow/example_dags/example_complex.py took 0.108 seconds
[2022-09-24T08:37:54.452+0000] {processor.py:156} INFO - Started process (PID=35022) to work on /home/airflow/.local/lib/python3.7/site-packages/airflow/example_dags/example_complex.py
[2022-09-24T08:37:54.453+0000] {processor.py:758} INFO - Processing file /home/airflow/.local/lib/python3.7/site-packages/airflow/example_dags/example_complex.py for tasks to queue
[2022-09-24T08:37:54.455+0000] {logging_mixin.py:117} INFO - [2022-09-24T08:37:54.455+0000] {dagbag.py:525} INFO - Filling up the DagBag from /home/airflow/.local/lib/python3.7/site-packages/airflow/example_dags/example_complex.py
[2022-09-24T08:37:54.468+0000] {processor.py:768} INFO - DAG(s) dict_keys(['example_complex']) retrieved from /home/airflow/.local/lib/python3.7/site-packages/airflow/example_dags/example_complex.py
[2022-09-24T08:37:54.501+0000] {logging_mixin.py:117} INFO - [2022-09-24T08:37:54.501+0000] {dag.py:2573} INFO - Sync 1 DAGs
[2022-09-24T08:37:54.517+0000] {logging_mixin.py:117} INFO - [2022-09-24T08:37:54.517+0000] {dag.py:3328} INFO - Setting next_dagrun for example_complex to None, run_after=None
[2022-09-24T08:37:54.529+0000] {processor.py:178} INFO - Processing /home/airflow/.local/lib/python3.7/site-packages/airflow/example_dags/example_complex.py took 0.080 seconds
[2022-09-24T08:38:24.872+0000] {processor.py:156} INFO - Started process (PID=35085) to work on /home/airflow/.local/lib/python3.7/site-packages/airflow/example_dags/example_complex.py
[2022-09-24T08:38:24.874+0000] {processor.py:758} INFO - Processing file /home/airflow/.local/lib/python3.7/site-packages/airflow/example_dags/example_complex.py for tasks to queue
[2022-09-24T08:38:24.875+0000] {logging_mixin.py:117} INFO - [2022-09-24T08:38:24.875+0000] {dagbag.py:525} INFO - Filling up the DagBag from /home/airflow/.local/lib/python3.7/site-packages/airflow/example_dags/example_complex.py
[2022-09-24T08:38:24.890+0000] {processor.py:768} INFO - DAG(s) dict_keys(['example_complex']) retrieved from /home/airflow/.local/lib/python3.7/site-packages/airflow/example_dags/example_complex.py
[2022-09-24T08:38:24.928+0000] {logging_mixin.py:117} INFO - [2022-09-24T08:38:24.927+0000] {dag.py:2573} INFO - Sync 1 DAGs
[2022-09-24T08:38:24.942+0000] {logging_mixin.py:117} INFO - [2022-09-24T08:38:24.942+0000] {dag.py:3328} INFO - Setting next_dagrun for example_complex to None, run_after=None
[2022-09-24T08:38:24.954+0000] {processor.py:178} INFO - Processing /home/airflow/.local/lib/python3.7/site-packages/airflow/example_dags/example_complex.py took 0.084 seconds
[2022-09-24T08:38:55.152+0000] {processor.py:156} INFO - Started process (PID=35149) to work on /home/airflow/.local/lib/python3.7/site-packages/airflow/example_dags/example_complex.py
[2022-09-24T08:38:55.153+0000] {processor.py:758} INFO - Processing file /home/airflow/.local/lib/python3.7/site-packages/airflow/example_dags/example_complex.py for tasks to queue
[2022-09-24T08:38:55.155+0000] {logging_mixin.py:117} INFO - [2022-09-24T08:38:55.155+0000] {dagbag.py:525} INFO - Filling up the DagBag from /home/airflow/.local/lib/python3.7/site-packages/airflow/example_dags/example_complex.py
[2022-09-24T08:38:55.168+0000] {processor.py:768} INFO - DAG(s) dict_keys(['example_complex']) retrieved from /home/airflow/.local/lib/python3.7/site-packages/airflow/example_dags/example_complex.py
[2022-09-24T08:38:55.196+0000] {logging_mixin.py:117} INFO - [2022-09-24T08:38:55.196+0000] {dag.py:2573} INFO - Sync 1 DAGs
[2022-09-24T08:38:55.210+0000] {logging_mixin.py:117} INFO - [2022-09-24T08:38:55.210+0000] {dag.py:3328} INFO - Setting next_dagrun for example_complex to None, run_after=None
[2022-09-24T08:38:55.226+0000] {processor.py:178} INFO - Processing /home/airflow/.local/lib/python3.7/site-packages/airflow/example_dags/example_complex.py took 0.077 seconds
[2022-09-24T08:39:25.418+0000] {processor.py:156} INFO - Started process (PID=35212) to work on /home/airflow/.local/lib/python3.7/site-packages/airflow/example_dags/example_complex.py
[2022-09-24T08:39:25.420+0000] {processor.py:758} INFO - Processing file /home/airflow/.local/lib/python3.7/site-packages/airflow/example_dags/example_complex.py for tasks to queue
[2022-09-24T08:39:25.421+0000] {logging_mixin.py:117} INFO - [2022-09-24T08:39:25.421+0000] {dagbag.py:525} INFO - Filling up the DagBag from /home/airflow/.local/lib/python3.7/site-packages/airflow/example_dags/example_complex.py
[2022-09-24T08:39:25.441+0000] {processor.py:768} INFO - DAG(s) dict_keys(['example_complex']) retrieved from /home/airflow/.local/lib/python3.7/site-packages/airflow/example_dags/example_complex.py
[2022-09-24T08:39:25.476+0000] {logging_mixin.py:117} INFO - [2022-09-24T08:39:25.476+0000] {dag.py:2573} INFO - Sync 1 DAGs
[2022-09-24T08:39:25.493+0000] {logging_mixin.py:117} INFO - [2022-09-24T08:39:25.492+0000] {dag.py:3328} INFO - Setting next_dagrun for example_complex to None, run_after=None
[2022-09-24T08:39:25.507+0000] {processor.py:178} INFO - Processing /home/airflow/.local/lib/python3.7/site-packages/airflow/example_dags/example_complex.py took 0.092 seconds
[2022-09-24T08:39:55.860+0000] {processor.py:156} INFO - Started process (PID=35275) to work on /home/airflow/.local/lib/python3.7/site-packages/airflow/example_dags/example_complex.py
[2022-09-24T08:39:55.862+0000] {processor.py:758} INFO - Processing file /home/airflow/.local/lib/python3.7/site-packages/airflow/example_dags/example_complex.py for tasks to queue
[2022-09-24T08:39:55.863+0000] {logging_mixin.py:117} INFO - [2022-09-24T08:39:55.863+0000] {dagbag.py:525} INFO - Filling up the DagBag from /home/airflow/.local/lib/python3.7/site-packages/airflow/example_dags/example_complex.py
[2022-09-24T08:39:55.877+0000] {processor.py:768} INFO - DAG(s) dict_keys(['example_complex']) retrieved from /home/airflow/.local/lib/python3.7/site-packages/airflow/example_dags/example_complex.py
[2022-09-24T08:39:55.909+0000] {logging_mixin.py:117} INFO - [2022-09-24T08:39:55.909+0000] {dag.py:2573} INFO - Sync 1 DAGs
[2022-09-24T08:39:55.930+0000] {logging_mixin.py:117} INFO - [2022-09-24T08:39:55.930+0000] {dag.py:3328} INFO - Setting next_dagrun for example_complex to None, run_after=None
[2022-09-24T08:39:55.943+0000] {processor.py:178} INFO - Processing /home/airflow/.local/lib/python3.7/site-packages/airflow/example_dags/example_complex.py took 0.085 seconds
[2022-09-24T09:07:09.044+0000] {processor.py:156} INFO - Started process (PID=35330) to work on /home/airflow/.local/lib/python3.7/site-packages/airflow/example_dags/example_complex.py
[2022-09-24T09:07:09.045+0000] {processor.py:758} INFO - Processing file /home/airflow/.local/lib/python3.7/site-packages/airflow/example_dags/example_complex.py for tasks to queue
[2022-09-24T09:07:09.046+0000] {logging_mixin.py:117} INFO - [2022-09-24T09:07:09.046+0000] {dagbag.py:525} INFO - Filling up the DagBag from /home/airflow/.local/lib/python3.7/site-packages/airflow/example_dags/example_complex.py
[2022-09-24T09:07:09.065+0000] {processor.py:768} INFO - DAG(s) dict_keys(['example_complex']) retrieved from /home/airflow/.local/lib/python3.7/site-packages/airflow/example_dags/example_complex.py
[2022-09-24T09:07:09.104+0000] {logging_mixin.py:117} INFO - [2022-09-24T09:07:09.104+0000] {dag.py:2573} INFO - Sync 1 DAGs
[2022-09-24T09:07:09.123+0000] {logging_mixin.py:117} INFO - [2022-09-24T09:07:09.123+0000] {dag.py:3328} INFO - Setting next_dagrun for example_complex to None, run_after=None
[2022-09-24T09:07:09.138+0000] {processor.py:178} INFO - Processing /home/airflow/.local/lib/python3.7/site-packages/airflow/example_dags/example_complex.py took 0.097 seconds
