[2022-09-24T01:04:07.977+0000] {processor.py:156} INFO - Started process (PID=32091) to work on /home/airflow/.local/lib/python3.7/site-packages/airflow/example_dags/example_time_delta_sensor_async.py
[2022-09-24T01:04:07.981+0000] {processor.py:758} INFO - Processing file /home/airflow/.local/lib/python3.7/site-packages/airflow/example_dags/example_time_delta_sensor_async.py for tasks to queue
[2022-09-24T01:04:07.984+0000] {logging_mixin.py:117} INFO - [2022-09-24T01:04:07.984+0000] {dagbag.py:525} INFO - Filling up the DagBag from /home/airflow/.local/lib/python3.7/site-packages/airflow/example_dags/example_time_delta_sensor_async.py
[2022-09-24T01:04:08.012+0000] {processor.py:768} INFO - DAG(s) dict_keys(['example_time_delta_sensor_async']) retrieved from /home/airflow/.local/lib/python3.7/site-packages/airflow/example_dags/example_time_delta_sensor_async.py
[2022-09-24T01:04:08.332+0000] {logging_mixin.py:117} INFO - [2022-09-24T01:04:08.331+0000] {dag.py:2573} INFO - Sync 1 DAGs
[2022-09-24T01:04:08.366+0000] {logging_mixin.py:117} INFO - [2022-09-24T01:04:08.366+0000] {dag.py:3328} INFO - Setting next_dagrun for example_time_delta_sensor_async to None, run_after=None
[2022-09-24T01:04:08.394+0000] {processor.py:178} INFO - Processing /home/airflow/.local/lib/python3.7/site-packages/airflow/example_dags/example_time_delta_sensor_async.py took 0.422 seconds
[2022-09-24T02:26:58.923+0000] {processor.py:156} INFO - Started process (PID=32145) to work on /home/airflow/.local/lib/python3.7/site-packages/airflow/example_dags/example_time_delta_sensor_async.py
[2022-09-24T02:26:58.924+0000] {processor.py:758} INFO - Processing file /home/airflow/.local/lib/python3.7/site-packages/airflow/example_dags/example_time_delta_sensor_async.py for tasks to queue
[2022-09-24T02:26:58.925+0000] {logging_mixin.py:117} INFO - [2022-09-24T02:26:58.925+0000] {dagbag.py:525} INFO - Filling up the DagBag from /home/airflow/.local/lib/python3.7/site-packages/airflow/example_dags/example_time_delta_sensor_async.py
[2022-09-24T02:26:58.934+0000] {processor.py:768} INFO - DAG(s) dict_keys(['example_time_delta_sensor_async']) retrieved from /home/airflow/.local/lib/python3.7/site-packages/airflow/example_dags/example_time_delta_sensor_async.py
[2022-09-24T02:26:59.039+0000] {logging_mixin.py:117} INFO - [2022-09-24T02:26:59.039+0000] {dag.py:2573} INFO - Sync 1 DAGs
[2022-09-24T02:26:59.057+0000] {logging_mixin.py:117} INFO - [2022-09-24T02:26:59.056+0000] {dag.py:3328} INFO - Setting next_dagrun for example_time_delta_sensor_async to None, run_after=None
[2022-09-24T02:26:59.068+0000] {processor.py:178} INFO - Processing /home/airflow/.local/lib/python3.7/site-packages/airflow/example_dags/example_time_delta_sensor_async.py took 0.148 seconds
[2022-09-24T03:23:58.597+0000] {processor.py:156} INFO - Started process (PID=32208) to work on /home/airflow/.local/lib/python3.7/site-packages/airflow/example_dags/example_time_delta_sensor_async.py
[2022-09-24T03:23:58.599+0000] {processor.py:758} INFO - Processing file /home/airflow/.local/lib/python3.7/site-packages/airflow/example_dags/example_time_delta_sensor_async.py for tasks to queue
[2022-09-24T03:23:58.602+0000] {logging_mixin.py:117} INFO - [2022-09-24T03:23:58.602+0000] {dagbag.py:525} INFO - Filling up the DagBag from /home/airflow/.local/lib/python3.7/site-packages/airflow/example_dags/example_time_delta_sensor_async.py
[2022-09-24T03:23:58.614+0000] {processor.py:768} INFO - DAG(s) dict_keys(['example_time_delta_sensor_async']) retrieved from /home/airflow/.local/lib/python3.7/site-packages/airflow/example_dags/example_time_delta_sensor_async.py
[2022-09-24T03:23:58.725+0000] {logging_mixin.py:117} INFO - [2022-09-24T03:23:58.725+0000] {dag.py:2573} INFO - Sync 1 DAGs
[2022-09-24T03:23:58.745+0000] {logging_mixin.py:117} INFO - [2022-09-24T03:23:58.745+0000] {dag.py:3328} INFO - Setting next_dagrun for example_time_delta_sensor_async to None, run_after=None
[2022-09-24T03:23:58.763+0000] {processor.py:178} INFO - Processing /home/airflow/.local/lib/python3.7/site-packages/airflow/example_dags/example_time_delta_sensor_async.py took 0.169 seconds
[2022-09-24T04:29:24.818+0000] {processor.py:156} INFO - Started process (PID=32273) to work on /home/airflow/.local/lib/python3.7/site-packages/airflow/example_dags/example_time_delta_sensor_async.py
[2022-09-24T04:29:24.820+0000] {processor.py:758} INFO - Processing file /home/airflow/.local/lib/python3.7/site-packages/airflow/example_dags/example_time_delta_sensor_async.py for tasks to queue
[2022-09-24T04:29:24.821+0000] {logging_mixin.py:117} INFO - [2022-09-24T04:29:24.821+0000] {dagbag.py:525} INFO - Filling up the DagBag from /home/airflow/.local/lib/python3.7/site-packages/airflow/example_dags/example_time_delta_sensor_async.py
[2022-09-24T04:29:24.832+0000] {processor.py:768} INFO - DAG(s) dict_keys(['example_time_delta_sensor_async']) retrieved from /home/airflow/.local/lib/python3.7/site-packages/airflow/example_dags/example_time_delta_sensor_async.py
[2022-09-24T04:29:24.947+0000] {logging_mixin.py:117} INFO - [2022-09-24T04:29:24.947+0000] {dag.py:2573} INFO - Sync 1 DAGs
[2022-09-24T04:29:24.987+0000] {logging_mixin.py:117} INFO - [2022-09-24T04:29:24.987+0000] {dag.py:3328} INFO - Setting next_dagrun for example_time_delta_sensor_async to None, run_after=None
[2022-09-24T04:29:25.023+0000] {processor.py:178} INFO - Processing /home/airflow/.local/lib/python3.7/site-packages/airflow/example_dags/example_time_delta_sensor_async.py took 0.208 seconds
[2022-09-24T05:38:05.544+0000] {processor.py:156} INFO - Started process (PID=32336) to work on /home/airflow/.local/lib/python3.7/site-packages/airflow/example_dags/example_time_delta_sensor_async.py
[2022-09-24T05:38:05.546+0000] {processor.py:758} INFO - Processing file /home/airflow/.local/lib/python3.7/site-packages/airflow/example_dags/example_time_delta_sensor_async.py for tasks to queue
[2022-09-24T05:38:05.548+0000] {logging_mixin.py:117} INFO - [2022-09-24T05:38:05.548+0000] {dagbag.py:525} INFO - Filling up the DagBag from /home/airflow/.local/lib/python3.7/site-packages/airflow/example_dags/example_time_delta_sensor_async.py
[2022-09-24T05:38:05.570+0000] {processor.py:768} INFO - DAG(s) dict_keys(['example_time_delta_sensor_async']) retrieved from /home/airflow/.local/lib/python3.7/site-packages/airflow/example_dags/example_time_delta_sensor_async.py
[2022-09-24T05:38:05.741+0000] {logging_mixin.py:117} INFO - [2022-09-24T05:38:05.741+0000] {dag.py:2573} INFO - Sync 1 DAGs
[2022-09-24T05:38:05.766+0000] {logging_mixin.py:117} INFO - [2022-09-24T05:38:05.766+0000] {dag.py:3328} INFO - Setting next_dagrun for example_time_delta_sensor_async to None, run_after=None
[2022-09-24T05:38:05.796+0000] {processor.py:178} INFO - Processing /home/airflow/.local/lib/python3.7/site-packages/airflow/example_dags/example_time_delta_sensor_async.py took 0.255 seconds
[2022-09-24T06:55:20.159+0000] {processor.py:156} INFO - Started process (PID=32390) to work on /home/airflow/.local/lib/python3.7/site-packages/airflow/example_dags/example_time_delta_sensor_async.py
[2022-09-24T06:55:20.161+0000] {processor.py:758} INFO - Processing file /home/airflow/.local/lib/python3.7/site-packages/airflow/example_dags/example_time_delta_sensor_async.py for tasks to queue
[2022-09-24T06:55:20.162+0000] {logging_mixin.py:117} INFO - [2022-09-24T06:55:20.162+0000] {dagbag.py:525} INFO - Filling up the DagBag from /home/airflow/.local/lib/python3.7/site-packages/airflow/example_dags/example_time_delta_sensor_async.py
[2022-09-24T06:55:20.184+0000] {processor.py:768} INFO - DAG(s) dict_keys(['example_time_delta_sensor_async']) retrieved from /home/airflow/.local/lib/python3.7/site-packages/airflow/example_dags/example_time_delta_sensor_async.py
[2022-09-24T06:55:20.372+0000] {logging_mixin.py:117} INFO - [2022-09-24T06:55:20.372+0000] {dag.py:2573} INFO - Sync 1 DAGs
[2022-09-24T06:55:20.414+0000] {logging_mixin.py:117} INFO - [2022-09-24T06:55:20.414+0000] {dag.py:3328} INFO - Setting next_dagrun for example_time_delta_sensor_async to None, run_after=None
[2022-09-24T06:55:20.438+0000] {processor.py:178} INFO - Processing /home/airflow/.local/lib/python3.7/site-packages/airflow/example_dags/example_time_delta_sensor_async.py took 0.287 seconds
[2022-09-24T07:36:22.766+0000] {processor.py:156} INFO - Started process (PID=32453) to work on /home/airflow/.local/lib/python3.7/site-packages/airflow/example_dags/example_time_delta_sensor_async.py
[2022-09-24T07:36:22.767+0000] {processor.py:758} INFO - Processing file /home/airflow/.local/lib/python3.7/site-packages/airflow/example_dags/example_time_delta_sensor_async.py for tasks to queue
[2022-09-24T07:36:22.769+0000] {logging_mixin.py:117} INFO - [2022-09-24T07:36:22.768+0000] {dagbag.py:525} INFO - Filling up the DagBag from /home/airflow/.local/lib/python3.7/site-packages/airflow/example_dags/example_time_delta_sensor_async.py
[2022-09-24T07:36:22.785+0000] {processor.py:768} INFO - DAG(s) dict_keys(['example_time_delta_sensor_async']) retrieved from /home/airflow/.local/lib/python3.7/site-packages/airflow/example_dags/example_time_delta_sensor_async.py
[2022-09-24T07:36:22.942+0000] {logging_mixin.py:117} INFO - [2022-09-24T07:36:22.942+0000] {dag.py:2573} INFO - Sync 1 DAGs
[2022-09-24T07:36:22.968+0000] {logging_mixin.py:117} INFO - [2022-09-24T07:36:22.968+0000] {dag.py:3328} INFO - Setting next_dagrun for example_time_delta_sensor_async to None, run_after=None
[2022-09-24T07:36:22.989+0000] {processor.py:178} INFO - Processing /home/airflow/.local/lib/python3.7/site-packages/airflow/example_dags/example_time_delta_sensor_async.py took 0.225 seconds
[2022-09-24T07:39:16.262+0000] {processor.py:156} INFO - Started process (PID=32516) to work on /home/airflow/.local/lib/python3.7/site-packages/airflow/example_dags/example_time_delta_sensor_async.py
[2022-09-24T07:39:16.266+0000] {processor.py:758} INFO - Processing file /home/airflow/.local/lib/python3.7/site-packages/airflow/example_dags/example_time_delta_sensor_async.py for tasks to queue
[2022-09-24T07:39:16.267+0000] {logging_mixin.py:117} INFO - [2022-09-24T07:39:16.267+0000] {dagbag.py:525} INFO - Filling up the DagBag from /home/airflow/.local/lib/python3.7/site-packages/airflow/example_dags/example_time_delta_sensor_async.py
[2022-09-24T07:39:16.289+0000] {processor.py:768} INFO - DAG(s) dict_keys(['example_time_delta_sensor_async']) retrieved from /home/airflow/.local/lib/python3.7/site-packages/airflow/example_dags/example_time_delta_sensor_async.py
[2022-09-24T07:39:16.487+0000] {logging_mixin.py:117} INFO - [2022-09-24T07:39:16.487+0000] {dag.py:2573} INFO - Sync 1 DAGs
[2022-09-24T07:39:16.512+0000] {logging_mixin.py:117} INFO - [2022-09-24T07:39:16.512+0000] {dag.py:3328} INFO - Setting next_dagrun for example_time_delta_sensor_async to None, run_after=None
[2022-09-24T07:39:16.554+0000] {processor.py:178} INFO - Processing /home/airflow/.local/lib/python3.7/site-packages/airflow/example_dags/example_time_delta_sensor_async.py took 0.295 seconds
[2022-09-24T07:39:47.424+0000] {processor.py:156} INFO - Started process (PID=32579) to work on /home/airflow/.local/lib/python3.7/site-packages/airflow/example_dags/example_time_delta_sensor_async.py
[2022-09-24T07:39:47.426+0000] {processor.py:758} INFO - Processing file /home/airflow/.local/lib/python3.7/site-packages/airflow/example_dags/example_time_delta_sensor_async.py for tasks to queue
[2022-09-24T07:39:47.427+0000] {logging_mixin.py:117} INFO - [2022-09-24T07:39:47.427+0000] {dagbag.py:525} INFO - Filling up the DagBag from /home/airflow/.local/lib/python3.7/site-packages/airflow/example_dags/example_time_delta_sensor_async.py
[2022-09-24T07:39:47.438+0000] {processor.py:768} INFO - DAG(s) dict_keys(['example_time_delta_sensor_async']) retrieved from /home/airflow/.local/lib/python3.7/site-packages/airflow/example_dags/example_time_delta_sensor_async.py
[2022-09-24T07:39:47.535+0000] {logging_mixin.py:117} INFO - [2022-09-24T07:39:47.534+0000] {dag.py:2573} INFO - Sync 1 DAGs
[2022-09-24T07:39:47.549+0000] {logging_mixin.py:117} INFO - [2022-09-24T07:39:47.549+0000] {dag.py:3328} INFO - Setting next_dagrun for example_time_delta_sensor_async to None, run_after=None
[2022-09-24T07:39:47.561+0000] {processor.py:178} INFO - Processing /home/airflow/.local/lib/python3.7/site-packages/airflow/example_dags/example_time_delta_sensor_async.py took 0.141 seconds
[2022-09-24T07:40:17.662+0000] {processor.py:156} INFO - Started process (PID=32644) to work on /home/airflow/.local/lib/python3.7/site-packages/airflow/example_dags/example_time_delta_sensor_async.py
[2022-09-24T07:40:17.664+0000] {processor.py:758} INFO - Processing file /home/airflow/.local/lib/python3.7/site-packages/airflow/example_dags/example_time_delta_sensor_async.py for tasks to queue
[2022-09-24T07:40:17.665+0000] {logging_mixin.py:117} INFO - [2022-09-24T07:40:17.665+0000] {dagbag.py:525} INFO - Filling up the DagBag from /home/airflow/.local/lib/python3.7/site-packages/airflow/example_dags/example_time_delta_sensor_async.py
[2022-09-24T07:40:17.678+0000] {processor.py:768} INFO - DAG(s) dict_keys(['example_time_delta_sensor_async']) retrieved from /home/airflow/.local/lib/python3.7/site-packages/airflow/example_dags/example_time_delta_sensor_async.py
[2022-09-24T07:40:17.776+0000] {logging_mixin.py:117} INFO - [2022-09-24T07:40:17.776+0000] {dag.py:2573} INFO - Sync 1 DAGs
[2022-09-24T07:40:17.791+0000] {logging_mixin.py:117} INFO - [2022-09-24T07:40:17.791+0000] {dag.py:3328} INFO - Setting next_dagrun for example_time_delta_sensor_async to None, run_after=None
[2022-09-24T07:40:17.803+0000] {processor.py:178} INFO - Processing /home/airflow/.local/lib/python3.7/site-packages/airflow/example_dags/example_time_delta_sensor_async.py took 0.145 seconds
[2022-09-24T07:40:47.942+0000] {processor.py:156} INFO - Started process (PID=32698) to work on /home/airflow/.local/lib/python3.7/site-packages/airflow/example_dags/example_time_delta_sensor_async.py
[2022-09-24T07:40:47.944+0000] {processor.py:758} INFO - Processing file /home/airflow/.local/lib/python3.7/site-packages/airflow/example_dags/example_time_delta_sensor_async.py for tasks to queue
[2022-09-24T07:40:47.945+0000] {logging_mixin.py:117} INFO - [2022-09-24T07:40:47.945+0000] {dagbag.py:525} INFO - Filling up the DagBag from /home/airflow/.local/lib/python3.7/site-packages/airflow/example_dags/example_time_delta_sensor_async.py
[2022-09-24T07:40:47.954+0000] {processor.py:768} INFO - DAG(s) dict_keys(['example_time_delta_sensor_async']) retrieved from /home/airflow/.local/lib/python3.7/site-packages/airflow/example_dags/example_time_delta_sensor_async.py
[2022-09-24T07:40:48.059+0000] {logging_mixin.py:117} INFO - [2022-09-24T07:40:48.059+0000] {dag.py:2573} INFO - Sync 1 DAGs
[2022-09-24T07:40:48.077+0000] {logging_mixin.py:117} INFO - [2022-09-24T07:40:48.077+0000] {dag.py:3328} INFO - Setting next_dagrun for example_time_delta_sensor_async to None, run_after=None
[2022-09-24T07:40:48.092+0000] {processor.py:178} INFO - Processing /home/airflow/.local/lib/python3.7/site-packages/airflow/example_dags/example_time_delta_sensor_async.py took 0.152 seconds
[2022-09-24T07:41:18.525+0000] {processor.py:156} INFO - Started process (PID=32761) to work on /home/airflow/.local/lib/python3.7/site-packages/airflow/example_dags/example_time_delta_sensor_async.py
[2022-09-24T07:41:18.529+0000] {processor.py:758} INFO - Processing file /home/airflow/.local/lib/python3.7/site-packages/airflow/example_dags/example_time_delta_sensor_async.py for tasks to queue
[2022-09-24T07:41:18.531+0000] {logging_mixin.py:117} INFO - [2022-09-24T07:41:18.531+0000] {dagbag.py:525} INFO - Filling up the DagBag from /home/airflow/.local/lib/python3.7/site-packages/airflow/example_dags/example_time_delta_sensor_async.py
[2022-09-24T07:41:18.545+0000] {processor.py:768} INFO - DAG(s) dict_keys(['example_time_delta_sensor_async']) retrieved from /home/airflow/.local/lib/python3.7/site-packages/airflow/example_dags/example_time_delta_sensor_async.py
[2022-09-24T07:41:18.643+0000] {logging_mixin.py:117} INFO - [2022-09-24T07:41:18.643+0000] {dag.py:2573} INFO - Sync 1 DAGs
[2022-09-24T07:41:18.658+0000] {logging_mixin.py:117} INFO - [2022-09-24T07:41:18.658+0000] {dag.py:3328} INFO - Setting next_dagrun for example_time_delta_sensor_async to None, run_after=None
[2022-09-24T07:41:18.672+0000] {processor.py:178} INFO - Processing /home/airflow/.local/lib/python3.7/site-packages/airflow/example_dags/example_time_delta_sensor_async.py took 0.151 seconds
[2022-09-24T07:41:48.939+0000] {processor.py:156} INFO - Started process (PID=32824) to work on /home/airflow/.local/lib/python3.7/site-packages/airflow/example_dags/example_time_delta_sensor_async.py
[2022-09-24T07:41:48.940+0000] {processor.py:758} INFO - Processing file /home/airflow/.local/lib/python3.7/site-packages/airflow/example_dags/example_time_delta_sensor_async.py for tasks to queue
[2022-09-24T07:41:48.941+0000] {logging_mixin.py:117} INFO - [2022-09-24T07:41:48.941+0000] {dagbag.py:525} INFO - Filling up the DagBag from /home/airflow/.local/lib/python3.7/site-packages/airflow/example_dags/example_time_delta_sensor_async.py
[2022-09-24T07:41:48.949+0000] {processor.py:768} INFO - DAG(s) dict_keys(['example_time_delta_sensor_async']) retrieved from /home/airflow/.local/lib/python3.7/site-packages/airflow/example_dags/example_time_delta_sensor_async.py
[2022-09-24T07:41:49.046+0000] {logging_mixin.py:117} INFO - [2022-09-24T07:41:49.046+0000] {dag.py:2573} INFO - Sync 1 DAGs
[2022-09-24T07:41:49.061+0000] {logging_mixin.py:117} INFO - [2022-09-24T07:41:49.060+0000] {dag.py:3328} INFO - Setting next_dagrun for example_time_delta_sensor_async to None, run_after=None
[2022-09-24T07:41:49.074+0000] {processor.py:178} INFO - Processing /home/airflow/.local/lib/python3.7/site-packages/airflow/example_dags/example_time_delta_sensor_async.py took 0.138 seconds
[2022-09-24T07:42:19.177+0000] {processor.py:156} INFO - Started process (PID=32887) to work on /home/airflow/.local/lib/python3.7/site-packages/airflow/example_dags/example_time_delta_sensor_async.py
[2022-09-24T07:42:19.181+0000] {processor.py:758} INFO - Processing file /home/airflow/.local/lib/python3.7/site-packages/airflow/example_dags/example_time_delta_sensor_async.py for tasks to queue
[2022-09-24T07:42:19.183+0000] {logging_mixin.py:117} INFO - [2022-09-24T07:42:19.183+0000] {dagbag.py:525} INFO - Filling up the DagBag from /home/airflow/.local/lib/python3.7/site-packages/airflow/example_dags/example_time_delta_sensor_async.py
[2022-09-24T07:42:19.196+0000] {processor.py:768} INFO - DAG(s) dict_keys(['example_time_delta_sensor_async']) retrieved from /home/airflow/.local/lib/python3.7/site-packages/airflow/example_dags/example_time_delta_sensor_async.py
[2022-09-24T07:42:19.296+0000] {logging_mixin.py:117} INFO - [2022-09-24T07:42:19.296+0000] {dag.py:2573} INFO - Sync 1 DAGs
[2022-09-24T07:42:19.311+0000] {logging_mixin.py:117} INFO - [2022-09-24T07:42:19.311+0000] {dag.py:3328} INFO - Setting next_dagrun for example_time_delta_sensor_async to None, run_after=None
[2022-09-24T07:42:19.324+0000] {processor.py:178} INFO - Processing /home/airflow/.local/lib/python3.7/site-packages/airflow/example_dags/example_time_delta_sensor_async.py took 0.152 seconds
[2022-09-24T07:42:49.425+0000] {processor.py:156} INFO - Started process (PID=32950) to work on /home/airflow/.local/lib/python3.7/site-packages/airflow/example_dags/example_time_delta_sensor_async.py
[2022-09-24T07:42:49.427+0000] {processor.py:758} INFO - Processing file /home/airflow/.local/lib/python3.7/site-packages/airflow/example_dags/example_time_delta_sensor_async.py for tasks to queue
[2022-09-24T07:42:49.429+0000] {logging_mixin.py:117} INFO - [2022-09-24T07:42:49.428+0000] {dagbag.py:525} INFO - Filling up the DagBag from /home/airflow/.local/lib/python3.7/site-packages/airflow/example_dags/example_time_delta_sensor_async.py
[2022-09-24T07:42:49.441+0000] {processor.py:768} INFO - DAG(s) dict_keys(['example_time_delta_sensor_async']) retrieved from /home/airflow/.local/lib/python3.7/site-packages/airflow/example_dags/example_time_delta_sensor_async.py
[2022-09-24T07:42:49.536+0000] {logging_mixin.py:117} INFO - [2022-09-24T07:42:49.536+0000] {dag.py:2573} INFO - Sync 1 DAGs
[2022-09-24T07:42:49.551+0000] {logging_mixin.py:117} INFO - [2022-09-24T07:42:49.551+0000] {dag.py:3328} INFO - Setting next_dagrun for example_time_delta_sensor_async to None, run_after=None
[2022-09-24T07:42:49.565+0000] {processor.py:178} INFO - Processing /home/airflow/.local/lib/python3.7/site-packages/airflow/example_dags/example_time_delta_sensor_async.py took 0.145 seconds
[2022-09-24T07:43:19.620+0000] {processor.py:156} INFO - Started process (PID=33013) to work on /home/airflow/.local/lib/python3.7/site-packages/airflow/example_dags/example_time_delta_sensor_async.py
[2022-09-24T07:43:19.623+0000] {processor.py:758} INFO - Processing file /home/airflow/.local/lib/python3.7/site-packages/airflow/example_dags/example_time_delta_sensor_async.py for tasks to queue
[2022-09-24T07:43:19.624+0000] {logging_mixin.py:117} INFO - [2022-09-24T07:43:19.624+0000] {dagbag.py:525} INFO - Filling up the DagBag from /home/airflow/.local/lib/python3.7/site-packages/airflow/example_dags/example_time_delta_sensor_async.py
[2022-09-24T07:43:19.643+0000] {processor.py:768} INFO - DAG(s) dict_keys(['example_time_delta_sensor_async']) retrieved from /home/airflow/.local/lib/python3.7/site-packages/airflow/example_dags/example_time_delta_sensor_async.py
[2022-09-24T07:43:19.760+0000] {logging_mixin.py:117} INFO - [2022-09-24T07:43:19.760+0000] {dag.py:2573} INFO - Sync 1 DAGs
[2022-09-24T07:43:19.776+0000] {logging_mixin.py:117} INFO - [2022-09-24T07:43:19.776+0000] {dag.py:3328} INFO - Setting next_dagrun for example_time_delta_sensor_async to None, run_after=None
[2022-09-24T07:43:19.794+0000] {processor.py:178} INFO - Processing /home/airflow/.local/lib/python3.7/site-packages/airflow/example_dags/example_time_delta_sensor_async.py took 0.177 seconds
[2022-09-24T07:43:49.925+0000] {processor.py:156} INFO - Started process (PID=33067) to work on /home/airflow/.local/lib/python3.7/site-packages/airflow/example_dags/example_time_delta_sensor_async.py
[2022-09-24T07:43:49.927+0000] {processor.py:758} INFO - Processing file /home/airflow/.local/lib/python3.7/site-packages/airflow/example_dags/example_time_delta_sensor_async.py for tasks to queue
[2022-09-24T07:43:49.928+0000] {logging_mixin.py:117} INFO - [2022-09-24T07:43:49.928+0000] {dagbag.py:525} INFO - Filling up the DagBag from /home/airflow/.local/lib/python3.7/site-packages/airflow/example_dags/example_time_delta_sensor_async.py
[2022-09-24T07:43:49.938+0000] {processor.py:768} INFO - DAG(s) dict_keys(['example_time_delta_sensor_async']) retrieved from /home/airflow/.local/lib/python3.7/site-packages/airflow/example_dags/example_time_delta_sensor_async.py
[2022-09-24T07:43:50.035+0000] {logging_mixin.py:117} INFO - [2022-09-24T07:43:50.035+0000] {dag.py:2573} INFO - Sync 1 DAGs
[2022-09-24T07:43:50.049+0000] {logging_mixin.py:117} INFO - [2022-09-24T07:43:50.049+0000] {dag.py:3328} INFO - Setting next_dagrun for example_time_delta_sensor_async to None, run_after=None
[2022-09-24T07:43:50.062+0000] {processor.py:178} INFO - Processing /home/airflow/.local/lib/python3.7/site-packages/airflow/example_dags/example_time_delta_sensor_async.py took 0.142 seconds
[2022-09-24T07:44:20.186+0000] {processor.py:156} INFO - Started process (PID=33129) to work on /home/airflow/.local/lib/python3.7/site-packages/airflow/example_dags/example_time_delta_sensor_async.py
[2022-09-24T07:44:20.188+0000] {processor.py:758} INFO - Processing file /home/airflow/.local/lib/python3.7/site-packages/airflow/example_dags/example_time_delta_sensor_async.py for tasks to queue
[2022-09-24T07:44:20.190+0000] {logging_mixin.py:117} INFO - [2022-09-24T07:44:20.189+0000] {dagbag.py:525} INFO - Filling up the DagBag from /home/airflow/.local/lib/python3.7/site-packages/airflow/example_dags/example_time_delta_sensor_async.py
[2022-09-24T07:44:20.202+0000] {processor.py:768} INFO - DAG(s) dict_keys(['example_time_delta_sensor_async']) retrieved from /home/airflow/.local/lib/python3.7/site-packages/airflow/example_dags/example_time_delta_sensor_async.py
[2022-09-24T07:44:20.298+0000] {logging_mixin.py:117} INFO - [2022-09-24T07:44:20.298+0000] {dag.py:2573} INFO - Sync 1 DAGs
[2022-09-24T07:44:20.313+0000] {logging_mixin.py:117} INFO - [2022-09-24T07:44:20.313+0000] {dag.py:3328} INFO - Setting next_dagrun for example_time_delta_sensor_async to None, run_after=None
[2022-09-24T07:44:20.327+0000] {processor.py:178} INFO - Processing /home/airflow/.local/lib/python3.7/site-packages/airflow/example_dags/example_time_delta_sensor_async.py took 0.146 seconds
[2022-09-24T07:44:50.455+0000] {processor.py:156} INFO - Started process (PID=33193) to work on /home/airflow/.local/lib/python3.7/site-packages/airflow/example_dags/example_time_delta_sensor_async.py
[2022-09-24T07:44:50.456+0000] {processor.py:758} INFO - Processing file /home/airflow/.local/lib/python3.7/site-packages/airflow/example_dags/example_time_delta_sensor_async.py for tasks to queue
[2022-09-24T07:44:50.458+0000] {logging_mixin.py:117} INFO - [2022-09-24T07:44:50.458+0000] {dagbag.py:525} INFO - Filling up the DagBag from /home/airflow/.local/lib/python3.7/site-packages/airflow/example_dags/example_time_delta_sensor_async.py
[2022-09-24T07:44:50.469+0000] {processor.py:768} INFO - DAG(s) dict_keys(['example_time_delta_sensor_async']) retrieved from /home/airflow/.local/lib/python3.7/site-packages/airflow/example_dags/example_time_delta_sensor_async.py
[2022-09-24T07:44:50.566+0000] {logging_mixin.py:117} INFO - [2022-09-24T07:44:50.566+0000] {dag.py:2573} INFO - Sync 1 DAGs
[2022-09-24T07:44:50.582+0000] {logging_mixin.py:117} INFO - [2022-09-24T07:44:50.582+0000] {dag.py:3328} INFO - Setting next_dagrun for example_time_delta_sensor_async to None, run_after=None
[2022-09-24T07:44:50.594+0000] {processor.py:178} INFO - Processing /home/airflow/.local/lib/python3.7/site-packages/airflow/example_dags/example_time_delta_sensor_async.py took 0.142 seconds
[2022-09-24T07:45:20.760+0000] {processor.py:156} INFO - Started process (PID=33257) to work on /home/airflow/.local/lib/python3.7/site-packages/airflow/example_dags/example_time_delta_sensor_async.py
[2022-09-24T07:45:20.762+0000] {processor.py:758} INFO - Processing file /home/airflow/.local/lib/python3.7/site-packages/airflow/example_dags/example_time_delta_sensor_async.py for tasks to queue
[2022-09-24T07:45:20.763+0000] {logging_mixin.py:117} INFO - [2022-09-24T07:45:20.763+0000] {dagbag.py:525} INFO - Filling up the DagBag from /home/airflow/.local/lib/python3.7/site-packages/airflow/example_dags/example_time_delta_sensor_async.py
[2022-09-24T07:45:20.773+0000] {processor.py:768} INFO - DAG(s) dict_keys(['example_time_delta_sensor_async']) retrieved from /home/airflow/.local/lib/python3.7/site-packages/airflow/example_dags/example_time_delta_sensor_async.py
[2022-09-24T07:45:20.870+0000] {logging_mixin.py:117} INFO - [2022-09-24T07:45:20.870+0000] {dag.py:2573} INFO - Sync 1 DAGs
[2022-09-24T07:45:20.886+0000] {logging_mixin.py:117} INFO - [2022-09-24T07:45:20.886+0000] {dag.py:3328} INFO - Setting next_dagrun for example_time_delta_sensor_async to None, run_after=None
[2022-09-24T07:45:20.900+0000] {processor.py:178} INFO - Processing /home/airflow/.local/lib/python3.7/site-packages/airflow/example_dags/example_time_delta_sensor_async.py took 0.142 seconds
[2022-09-24T07:45:51.082+0000] {processor.py:156} INFO - Started process (PID=33320) to work on /home/airflow/.local/lib/python3.7/site-packages/airflow/example_dags/example_time_delta_sensor_async.py
[2022-09-24T07:45:51.084+0000] {processor.py:758} INFO - Processing file /home/airflow/.local/lib/python3.7/site-packages/airflow/example_dags/example_time_delta_sensor_async.py for tasks to queue
[2022-09-24T07:45:51.086+0000] {logging_mixin.py:117} INFO - [2022-09-24T07:45:51.086+0000] {dagbag.py:525} INFO - Filling up the DagBag from /home/airflow/.local/lib/python3.7/site-packages/airflow/example_dags/example_time_delta_sensor_async.py
[2022-09-24T07:45:51.096+0000] {processor.py:768} INFO - DAG(s) dict_keys(['example_time_delta_sensor_async']) retrieved from /home/airflow/.local/lib/python3.7/site-packages/airflow/example_dags/example_time_delta_sensor_async.py
[2022-09-24T07:45:51.198+0000] {logging_mixin.py:117} INFO - [2022-09-24T07:45:51.198+0000] {dag.py:2573} INFO - Sync 1 DAGs
[2022-09-24T07:45:51.215+0000] {logging_mixin.py:117} INFO - [2022-09-24T07:45:51.215+0000] {dag.py:3328} INFO - Setting next_dagrun for example_time_delta_sensor_async to None, run_after=None
[2022-09-24T07:45:51.234+0000] {processor.py:178} INFO - Processing /home/airflow/.local/lib/python3.7/site-packages/airflow/example_dags/example_time_delta_sensor_async.py took 0.156 seconds
[2022-09-24T07:46:21.357+0000] {processor.py:156} INFO - Started process (PID=33383) to work on /home/airflow/.local/lib/python3.7/site-packages/airflow/example_dags/example_time_delta_sensor_async.py
[2022-09-24T07:46:21.359+0000] {processor.py:758} INFO - Processing file /home/airflow/.local/lib/python3.7/site-packages/airflow/example_dags/example_time_delta_sensor_async.py for tasks to queue
[2022-09-24T07:46:21.360+0000] {logging_mixin.py:117} INFO - [2022-09-24T07:46:21.360+0000] {dagbag.py:525} INFO - Filling up the DagBag from /home/airflow/.local/lib/python3.7/site-packages/airflow/example_dags/example_time_delta_sensor_async.py
[2022-09-24T07:46:21.371+0000] {processor.py:768} INFO - DAG(s) dict_keys(['example_time_delta_sensor_async']) retrieved from /home/airflow/.local/lib/python3.7/site-packages/airflow/example_dags/example_time_delta_sensor_async.py
[2022-09-24T07:46:21.482+0000] {logging_mixin.py:117} INFO - [2022-09-24T07:46:21.482+0000] {dag.py:2573} INFO - Sync 1 DAGs
[2022-09-24T07:46:21.497+0000] {logging_mixin.py:117} INFO - [2022-09-24T07:46:21.497+0000] {dag.py:3328} INFO - Setting next_dagrun for example_time_delta_sensor_async to None, run_after=None
[2022-09-24T07:46:21.510+0000] {processor.py:178} INFO - Processing /home/airflow/.local/lib/python3.7/site-packages/airflow/example_dags/example_time_delta_sensor_async.py took 0.156 seconds
[2022-09-24T07:46:51.781+0000] {processor.py:156} INFO - Started process (PID=33437) to work on /home/airflow/.local/lib/python3.7/site-packages/airflow/example_dags/example_time_delta_sensor_async.py
[2022-09-24T07:46:51.784+0000] {processor.py:758} INFO - Processing file /home/airflow/.local/lib/python3.7/site-packages/airflow/example_dags/example_time_delta_sensor_async.py for tasks to queue
[2022-09-24T07:46:51.785+0000] {logging_mixin.py:117} INFO - [2022-09-24T07:46:51.785+0000] {dagbag.py:525} INFO - Filling up the DagBag from /home/airflow/.local/lib/python3.7/site-packages/airflow/example_dags/example_time_delta_sensor_async.py
[2022-09-24T07:46:51.796+0000] {processor.py:768} INFO - DAG(s) dict_keys(['example_time_delta_sensor_async']) retrieved from /home/airflow/.local/lib/python3.7/site-packages/airflow/example_dags/example_time_delta_sensor_async.py
[2022-09-24T07:46:51.900+0000] {logging_mixin.py:117} INFO - [2022-09-24T07:46:51.900+0000] {dag.py:2573} INFO - Sync 1 DAGs
[2022-09-24T07:46:51.915+0000] {logging_mixin.py:117} INFO - [2022-09-24T07:46:51.915+0000] {dag.py:3328} INFO - Setting next_dagrun for example_time_delta_sensor_async to None, run_after=None
[2022-09-24T07:46:51.928+0000] {processor.py:178} INFO - Processing /home/airflow/.local/lib/python3.7/site-packages/airflow/example_dags/example_time_delta_sensor_async.py took 0.150 seconds
[2022-09-24T08:22:49.727+0000] {processor.py:156} INFO - Started process (PID=33501) to work on /home/airflow/.local/lib/python3.7/site-packages/airflow/example_dags/example_time_delta_sensor_async.py
[2022-09-24T08:22:49.731+0000] {processor.py:758} INFO - Processing file /home/airflow/.local/lib/python3.7/site-packages/airflow/example_dags/example_time_delta_sensor_async.py for tasks to queue
[2022-09-24T08:22:49.733+0000] {logging_mixin.py:117} INFO - [2022-09-24T08:22:49.733+0000] {dagbag.py:525} INFO - Filling up the DagBag from /home/airflow/.local/lib/python3.7/site-packages/airflow/example_dags/example_time_delta_sensor_async.py
[2022-09-24T08:22:49.772+0000] {processor.py:768} INFO - DAG(s) dict_keys(['example_time_delta_sensor_async']) retrieved from /home/airflow/.local/lib/python3.7/site-packages/airflow/example_dags/example_time_delta_sensor_async.py
[2022-09-24T08:22:50.277+0000] {logging_mixin.py:117} INFO - [2022-09-24T08:22:50.277+0000] {dag.py:2573} INFO - Sync 1 DAGs
[2022-09-24T08:22:50.317+0000] {logging_mixin.py:117} INFO - [2022-09-24T08:22:50.317+0000] {dag.py:3328} INFO - Setting next_dagrun for example_time_delta_sensor_async to None, run_after=None
[2022-09-24T08:22:50.349+0000] {processor.py:178} INFO - Processing /home/airflow/.local/lib/python3.7/site-packages/airflow/example_dags/example_time_delta_sensor_async.py took 0.642 seconds
[2022-09-24T08:25:46.547+0000] {processor.py:156} INFO - Started process (PID=33555) to work on /home/airflow/.local/lib/python3.7/site-packages/airflow/example_dags/example_time_delta_sensor_async.py
[2022-09-24T08:25:46.548+0000] {processor.py:758} INFO - Processing file /home/airflow/.local/lib/python3.7/site-packages/airflow/example_dags/example_time_delta_sensor_async.py for tasks to queue
[2022-09-24T08:25:46.550+0000] {logging_mixin.py:117} INFO - [2022-09-24T08:25:46.549+0000] {dagbag.py:525} INFO - Filling up the DagBag from /home/airflow/.local/lib/python3.7/site-packages/airflow/example_dags/example_time_delta_sensor_async.py
[2022-09-24T08:25:46.566+0000] {processor.py:768} INFO - DAG(s) dict_keys(['example_time_delta_sensor_async']) retrieved from /home/airflow/.local/lib/python3.7/site-packages/airflow/example_dags/example_time_delta_sensor_async.py
[2022-09-24T08:25:46.767+0000] {logging_mixin.py:117} INFO - [2022-09-24T08:25:46.767+0000] {dag.py:2573} INFO - Sync 1 DAGs
[2022-09-24T08:25:46.799+0000] {logging_mixin.py:117} INFO - [2022-09-24T08:25:46.799+0000] {dag.py:3328} INFO - Setting next_dagrun for example_time_delta_sensor_async to None, run_after=None
[2022-09-24T08:25:46.823+0000] {processor.py:178} INFO - Processing /home/airflow/.local/lib/python3.7/site-packages/airflow/example_dags/example_time_delta_sensor_async.py took 0.279 seconds
[2022-09-24T08:26:17.239+0000] {processor.py:156} INFO - Started process (PID=33618) to work on /home/airflow/.local/lib/python3.7/site-packages/airflow/example_dags/example_time_delta_sensor_async.py
[2022-09-24T08:26:17.240+0000] {processor.py:758} INFO - Processing file /home/airflow/.local/lib/python3.7/site-packages/airflow/example_dags/example_time_delta_sensor_async.py for tasks to queue
[2022-09-24T08:26:17.241+0000] {logging_mixin.py:117} INFO - [2022-09-24T08:26:17.241+0000] {dagbag.py:525} INFO - Filling up the DagBag from /home/airflow/.local/lib/python3.7/site-packages/airflow/example_dags/example_time_delta_sensor_async.py
[2022-09-24T08:26:17.251+0000] {processor.py:768} INFO - DAG(s) dict_keys(['example_time_delta_sensor_async']) retrieved from /home/airflow/.local/lib/python3.7/site-packages/airflow/example_dags/example_time_delta_sensor_async.py
[2022-09-24T08:26:17.356+0000] {logging_mixin.py:117} INFO - [2022-09-24T08:26:17.356+0000] {dag.py:2573} INFO - Sync 1 DAGs
[2022-09-24T08:26:17.371+0000] {logging_mixin.py:117} INFO - [2022-09-24T08:26:17.371+0000] {dag.py:3328} INFO - Setting next_dagrun for example_time_delta_sensor_async to None, run_after=None
[2022-09-24T08:26:17.390+0000] {processor.py:178} INFO - Processing /home/airflow/.local/lib/python3.7/site-packages/airflow/example_dags/example_time_delta_sensor_async.py took 0.153 seconds
[2022-09-24T08:26:47.489+0000] {processor.py:156} INFO - Started process (PID=33681) to work on /home/airflow/.local/lib/python3.7/site-packages/airflow/example_dags/example_time_delta_sensor_async.py
[2022-09-24T08:26:47.491+0000] {processor.py:758} INFO - Processing file /home/airflow/.local/lib/python3.7/site-packages/airflow/example_dags/example_time_delta_sensor_async.py for tasks to queue
[2022-09-24T08:26:47.492+0000] {logging_mixin.py:117} INFO - [2022-09-24T08:26:47.492+0000] {dagbag.py:525} INFO - Filling up the DagBag from /home/airflow/.local/lib/python3.7/site-packages/airflow/example_dags/example_time_delta_sensor_async.py
[2022-09-24T08:26:47.500+0000] {processor.py:768} INFO - DAG(s) dict_keys(['example_time_delta_sensor_async']) retrieved from /home/airflow/.local/lib/python3.7/site-packages/airflow/example_dags/example_time_delta_sensor_async.py
[2022-09-24T08:26:47.600+0000] {logging_mixin.py:117} INFO - [2022-09-24T08:26:47.600+0000] {dag.py:2573} INFO - Sync 1 DAGs
[2022-09-24T08:26:47.616+0000] {logging_mixin.py:117} INFO - [2022-09-24T08:26:47.616+0000] {dag.py:3328} INFO - Setting next_dagrun for example_time_delta_sensor_async to None, run_after=None
[2022-09-24T08:26:47.630+0000] {processor.py:178} INFO - Processing /home/airflow/.local/lib/python3.7/site-packages/airflow/example_dags/example_time_delta_sensor_async.py took 0.143 seconds
[2022-09-24T08:27:17.807+0000] {processor.py:156} INFO - Started process (PID=33744) to work on /home/airflow/.local/lib/python3.7/site-packages/airflow/example_dags/example_time_delta_sensor_async.py
[2022-09-24T08:27:17.809+0000] {processor.py:758} INFO - Processing file /home/airflow/.local/lib/python3.7/site-packages/airflow/example_dags/example_time_delta_sensor_async.py for tasks to queue
[2022-09-24T08:27:17.810+0000] {logging_mixin.py:117} INFO - [2022-09-24T08:27:17.810+0000] {dagbag.py:525} INFO - Filling up the DagBag from /home/airflow/.local/lib/python3.7/site-packages/airflow/example_dags/example_time_delta_sensor_async.py
[2022-09-24T08:27:17.819+0000] {processor.py:768} INFO - DAG(s) dict_keys(['example_time_delta_sensor_async']) retrieved from /home/airflow/.local/lib/python3.7/site-packages/airflow/example_dags/example_time_delta_sensor_async.py
[2022-09-24T08:27:17.918+0000] {logging_mixin.py:117} INFO - [2022-09-24T08:27:17.918+0000] {dag.py:2573} INFO - Sync 1 DAGs
[2022-09-24T08:27:17.934+0000] {logging_mixin.py:117} INFO - [2022-09-24T08:27:17.934+0000] {dag.py:3328} INFO - Setting next_dagrun for example_time_delta_sensor_async to None, run_after=None
[2022-09-24T08:27:17.947+0000] {processor.py:178} INFO - Processing /home/airflow/.local/lib/python3.7/site-packages/airflow/example_dags/example_time_delta_sensor_async.py took 0.142 seconds
[2022-09-24T08:27:48.201+0000] {processor.py:156} INFO - Started process (PID=33806) to work on /home/airflow/.local/lib/python3.7/site-packages/airflow/example_dags/example_time_delta_sensor_async.py
[2022-09-24T08:27:48.203+0000] {processor.py:758} INFO - Processing file /home/airflow/.local/lib/python3.7/site-packages/airflow/example_dags/example_time_delta_sensor_async.py for tasks to queue
[2022-09-24T08:27:48.204+0000] {logging_mixin.py:117} INFO - [2022-09-24T08:27:48.204+0000] {dagbag.py:525} INFO - Filling up the DagBag from /home/airflow/.local/lib/python3.7/site-packages/airflow/example_dags/example_time_delta_sensor_async.py
[2022-09-24T08:27:48.212+0000] {processor.py:768} INFO - DAG(s) dict_keys(['example_time_delta_sensor_async']) retrieved from /home/airflow/.local/lib/python3.7/site-packages/airflow/example_dags/example_time_delta_sensor_async.py
[2022-09-24T08:27:48.319+0000] {logging_mixin.py:117} INFO - [2022-09-24T08:27:48.319+0000] {dag.py:2573} INFO - Sync 1 DAGs
[2022-09-24T08:27:48.334+0000] {logging_mixin.py:117} INFO - [2022-09-24T08:27:48.334+0000] {dag.py:3328} INFO - Setting next_dagrun for example_time_delta_sensor_async to None, run_after=None
[2022-09-24T08:27:48.346+0000] {processor.py:178} INFO - Processing /home/airflow/.local/lib/python3.7/site-packages/airflow/example_dags/example_time_delta_sensor_async.py took 0.147 seconds
[2022-09-24T08:28:18.426+0000] {processor.py:156} INFO - Started process (PID=33870) to work on /home/airflow/.local/lib/python3.7/site-packages/airflow/example_dags/example_time_delta_sensor_async.py
[2022-09-24T08:28:18.428+0000] {processor.py:758} INFO - Processing file /home/airflow/.local/lib/python3.7/site-packages/airflow/example_dags/example_time_delta_sensor_async.py for tasks to queue
[2022-09-24T08:28:18.429+0000] {logging_mixin.py:117} INFO - [2022-09-24T08:28:18.429+0000] {dagbag.py:525} INFO - Filling up the DagBag from /home/airflow/.local/lib/python3.7/site-packages/airflow/example_dags/example_time_delta_sensor_async.py
[2022-09-24T08:28:18.440+0000] {processor.py:768} INFO - DAG(s) dict_keys(['example_time_delta_sensor_async']) retrieved from /home/airflow/.local/lib/python3.7/site-packages/airflow/example_dags/example_time_delta_sensor_async.py
[2022-09-24T08:28:18.534+0000] {logging_mixin.py:117} INFO - [2022-09-24T08:28:18.534+0000] {dag.py:2573} INFO - Sync 1 DAGs
[2022-09-24T08:28:18.548+0000] {logging_mixin.py:117} INFO - [2022-09-24T08:28:18.548+0000] {dag.py:3328} INFO - Setting next_dagrun for example_time_delta_sensor_async to None, run_after=None
[2022-09-24T08:28:18.561+0000] {processor.py:178} INFO - Processing /home/airflow/.local/lib/python3.7/site-packages/airflow/example_dags/example_time_delta_sensor_async.py took 0.137 seconds
[2022-09-24T08:28:48.696+0000] {processor.py:156} INFO - Started process (PID=33924) to work on /home/airflow/.local/lib/python3.7/site-packages/airflow/example_dags/example_time_delta_sensor_async.py
[2022-09-24T08:28:48.698+0000] {processor.py:758} INFO - Processing file /home/airflow/.local/lib/python3.7/site-packages/airflow/example_dags/example_time_delta_sensor_async.py for tasks to queue
[2022-09-24T08:28:48.699+0000] {logging_mixin.py:117} INFO - [2022-09-24T08:28:48.699+0000] {dagbag.py:525} INFO - Filling up the DagBag from /home/airflow/.local/lib/python3.7/site-packages/airflow/example_dags/example_time_delta_sensor_async.py
[2022-09-24T08:28:48.709+0000] {processor.py:768} INFO - DAG(s) dict_keys(['example_time_delta_sensor_async']) retrieved from /home/airflow/.local/lib/python3.7/site-packages/airflow/example_dags/example_time_delta_sensor_async.py
[2022-09-24T08:28:48.803+0000] {logging_mixin.py:117} INFO - [2022-09-24T08:28:48.803+0000] {dag.py:2573} INFO - Sync 1 DAGs
[2022-09-24T08:28:48.820+0000] {logging_mixin.py:117} INFO - [2022-09-24T08:28:48.820+0000] {dag.py:3328} INFO - Setting next_dagrun for example_time_delta_sensor_async to None, run_after=None
[2022-09-24T08:28:48.831+0000] {processor.py:178} INFO - Processing /home/airflow/.local/lib/python3.7/site-packages/airflow/example_dags/example_time_delta_sensor_async.py took 0.137 seconds
[2022-09-24T08:29:19.096+0000] {processor.py:156} INFO - Started process (PID=33987) to work on /home/airflow/.local/lib/python3.7/site-packages/airflow/example_dags/example_time_delta_sensor_async.py
[2022-09-24T08:29:19.098+0000] {processor.py:758} INFO - Processing file /home/airflow/.local/lib/python3.7/site-packages/airflow/example_dags/example_time_delta_sensor_async.py for tasks to queue
[2022-09-24T08:29:19.099+0000] {logging_mixin.py:117} INFO - [2022-09-24T08:29:19.099+0000] {dagbag.py:525} INFO - Filling up the DagBag from /home/airflow/.local/lib/python3.7/site-packages/airflow/example_dags/example_time_delta_sensor_async.py
[2022-09-24T08:29:19.110+0000] {processor.py:768} INFO - DAG(s) dict_keys(['example_time_delta_sensor_async']) retrieved from /home/airflow/.local/lib/python3.7/site-packages/airflow/example_dags/example_time_delta_sensor_async.py
[2022-09-24T08:29:19.209+0000] {logging_mixin.py:117} INFO - [2022-09-24T08:29:19.209+0000] {dag.py:2573} INFO - Sync 1 DAGs
[2022-09-24T08:29:19.226+0000] {logging_mixin.py:117} INFO - [2022-09-24T08:29:19.226+0000] {dag.py:3328} INFO - Setting next_dagrun for example_time_delta_sensor_async to None, run_after=None
[2022-09-24T08:29:19.241+0000] {processor.py:178} INFO - Processing /home/airflow/.local/lib/python3.7/site-packages/airflow/example_dags/example_time_delta_sensor_async.py took 0.147 seconds
[2022-09-24T08:29:49.567+0000] {processor.py:156} INFO - Started process (PID=34051) to work on /home/airflow/.local/lib/python3.7/site-packages/airflow/example_dags/example_time_delta_sensor_async.py
[2022-09-24T08:29:49.569+0000] {processor.py:758} INFO - Processing file /home/airflow/.local/lib/python3.7/site-packages/airflow/example_dags/example_time_delta_sensor_async.py for tasks to queue
[2022-09-24T08:29:49.570+0000] {logging_mixin.py:117} INFO - [2022-09-24T08:29:49.570+0000] {dagbag.py:525} INFO - Filling up the DagBag from /home/airflow/.local/lib/python3.7/site-packages/airflow/example_dags/example_time_delta_sensor_async.py
[2022-09-24T08:29:49.579+0000] {processor.py:768} INFO - DAG(s) dict_keys(['example_time_delta_sensor_async']) retrieved from /home/airflow/.local/lib/python3.7/site-packages/airflow/example_dags/example_time_delta_sensor_async.py
[2022-09-24T08:29:49.678+0000] {logging_mixin.py:117} INFO - [2022-09-24T08:29:49.678+0000] {dag.py:2573} INFO - Sync 1 DAGs
[2022-09-24T08:29:49.692+0000] {logging_mixin.py:117} INFO - [2022-09-24T08:29:49.692+0000] {dag.py:3328} INFO - Setting next_dagrun for example_time_delta_sensor_async to None, run_after=None
[2022-09-24T08:29:49.705+0000] {processor.py:178} INFO - Processing /home/airflow/.local/lib/python3.7/site-packages/airflow/example_dags/example_time_delta_sensor_async.py took 0.139 seconds
[2022-09-24T08:30:19.871+0000] {processor.py:156} INFO - Started process (PID=34114) to work on /home/airflow/.local/lib/python3.7/site-packages/airflow/example_dags/example_time_delta_sensor_async.py
[2022-09-24T08:30:19.873+0000] {processor.py:758} INFO - Processing file /home/airflow/.local/lib/python3.7/site-packages/airflow/example_dags/example_time_delta_sensor_async.py for tasks to queue
[2022-09-24T08:30:19.880+0000] {logging_mixin.py:117} INFO - [2022-09-24T08:30:19.879+0000] {dagbag.py:525} INFO - Filling up the DagBag from /home/airflow/.local/lib/python3.7/site-packages/airflow/example_dags/example_time_delta_sensor_async.py
[2022-09-24T08:30:19.890+0000] {processor.py:768} INFO - DAG(s) dict_keys(['example_time_delta_sensor_async']) retrieved from /home/airflow/.local/lib/python3.7/site-packages/airflow/example_dags/example_time_delta_sensor_async.py
[2022-09-24T08:30:20.004+0000] {logging_mixin.py:117} INFO - [2022-09-24T08:30:20.004+0000] {dag.py:2573} INFO - Sync 1 DAGs
[2022-09-24T08:30:20.021+0000] {logging_mixin.py:117} INFO - [2022-09-24T08:30:20.021+0000] {dag.py:3328} INFO - Setting next_dagrun for example_time_delta_sensor_async to None, run_after=None
[2022-09-24T08:30:20.035+0000] {processor.py:178} INFO - Processing /home/airflow/.local/lib/python3.7/site-packages/airflow/example_dags/example_time_delta_sensor_async.py took 0.166 seconds
[2022-09-24T08:30:50.137+0000] {processor.py:156} INFO - Started process (PID=34178) to work on /home/airflow/.local/lib/python3.7/site-packages/airflow/example_dags/example_time_delta_sensor_async.py
[2022-09-24T08:30:50.139+0000] {processor.py:758} INFO - Processing file /home/airflow/.local/lib/python3.7/site-packages/airflow/example_dags/example_time_delta_sensor_async.py for tasks to queue
[2022-09-24T08:30:50.140+0000] {logging_mixin.py:117} INFO - [2022-09-24T08:30:50.140+0000] {dagbag.py:525} INFO - Filling up the DagBag from /home/airflow/.local/lib/python3.7/site-packages/airflow/example_dags/example_time_delta_sensor_async.py
[2022-09-24T08:30:50.149+0000] {processor.py:768} INFO - DAG(s) dict_keys(['example_time_delta_sensor_async']) retrieved from /home/airflow/.local/lib/python3.7/site-packages/airflow/example_dags/example_time_delta_sensor_async.py
[2022-09-24T08:30:50.251+0000] {logging_mixin.py:117} INFO - [2022-09-24T08:30:50.251+0000] {dag.py:2573} INFO - Sync 1 DAGs
[2022-09-24T08:30:50.271+0000] {logging_mixin.py:117} INFO - [2022-09-24T08:30:50.271+0000] {dag.py:3328} INFO - Setting next_dagrun for example_time_delta_sensor_async to None, run_after=None
[2022-09-24T08:30:50.282+0000] {processor.py:178} INFO - Processing /home/airflow/.local/lib/python3.7/site-packages/airflow/example_dags/example_time_delta_sensor_async.py took 0.147 seconds
[2022-09-24T08:31:20.493+0000] {processor.py:156} INFO - Started process (PID=34241) to work on /home/airflow/.local/lib/python3.7/site-packages/airflow/example_dags/example_time_delta_sensor_async.py
[2022-09-24T08:31:20.494+0000] {processor.py:758} INFO - Processing file /home/airflow/.local/lib/python3.7/site-packages/airflow/example_dags/example_time_delta_sensor_async.py for tasks to queue
[2022-09-24T08:31:20.495+0000] {logging_mixin.py:117} INFO - [2022-09-24T08:31:20.495+0000] {dagbag.py:525} INFO - Filling up the DagBag from /home/airflow/.local/lib/python3.7/site-packages/airflow/example_dags/example_time_delta_sensor_async.py
[2022-09-24T08:31:20.505+0000] {processor.py:768} INFO - DAG(s) dict_keys(['example_time_delta_sensor_async']) retrieved from /home/airflow/.local/lib/python3.7/site-packages/airflow/example_dags/example_time_delta_sensor_async.py
[2022-09-24T08:31:20.601+0000] {logging_mixin.py:117} INFO - [2022-09-24T08:31:20.600+0000] {dag.py:2573} INFO - Sync 1 DAGs
[2022-09-24T08:31:20.616+0000] {logging_mixin.py:117} INFO - [2022-09-24T08:31:20.616+0000] {dag.py:3328} INFO - Setting next_dagrun for example_time_delta_sensor_async to None, run_after=None
[2022-09-24T08:31:20.631+0000] {processor.py:178} INFO - Processing /home/airflow/.local/lib/python3.7/site-packages/airflow/example_dags/example_time_delta_sensor_async.py took 0.140 seconds
[2022-09-24T08:31:50.771+0000] {processor.py:156} INFO - Started process (PID=34294) to work on /home/airflow/.local/lib/python3.7/site-packages/airflow/example_dags/example_time_delta_sensor_async.py
[2022-09-24T08:31:50.773+0000] {processor.py:758} INFO - Processing file /home/airflow/.local/lib/python3.7/site-packages/airflow/example_dags/example_time_delta_sensor_async.py for tasks to queue
[2022-09-24T08:31:50.774+0000] {logging_mixin.py:117} INFO - [2022-09-24T08:31:50.774+0000] {dagbag.py:525} INFO - Filling up the DagBag from /home/airflow/.local/lib/python3.7/site-packages/airflow/example_dags/example_time_delta_sensor_async.py
[2022-09-24T08:31:50.783+0000] {processor.py:768} INFO - DAG(s) dict_keys(['example_time_delta_sensor_async']) retrieved from /home/airflow/.local/lib/python3.7/site-packages/airflow/example_dags/example_time_delta_sensor_async.py
[2022-09-24T08:31:50.882+0000] {logging_mixin.py:117} INFO - [2022-09-24T08:31:50.882+0000] {dag.py:2573} INFO - Sync 1 DAGs
[2022-09-24T08:31:50.897+0000] {logging_mixin.py:117} INFO - [2022-09-24T08:31:50.897+0000] {dag.py:3328} INFO - Setting next_dagrun for example_time_delta_sensor_async to None, run_after=None
[2022-09-24T08:31:50.910+0000] {processor.py:178} INFO - Processing /home/airflow/.local/lib/python3.7/site-packages/airflow/example_dags/example_time_delta_sensor_async.py took 0.141 seconds
[2022-09-24T08:32:20.987+0000] {processor.py:156} INFO - Started process (PID=34357) to work on /home/airflow/.local/lib/python3.7/site-packages/airflow/example_dags/example_time_delta_sensor_async.py
[2022-09-24T08:32:20.989+0000] {processor.py:758} INFO - Processing file /home/airflow/.local/lib/python3.7/site-packages/airflow/example_dags/example_time_delta_sensor_async.py for tasks to queue
[2022-09-24T08:32:20.990+0000] {logging_mixin.py:117} INFO - [2022-09-24T08:32:20.990+0000] {dagbag.py:525} INFO - Filling up the DagBag from /home/airflow/.local/lib/python3.7/site-packages/airflow/example_dags/example_time_delta_sensor_async.py
[2022-09-24T08:32:21.000+0000] {processor.py:768} INFO - DAG(s) dict_keys(['example_time_delta_sensor_async']) retrieved from /home/airflow/.local/lib/python3.7/site-packages/airflow/example_dags/example_time_delta_sensor_async.py
[2022-09-24T08:32:21.105+0000] {logging_mixin.py:117} INFO - [2022-09-24T08:32:21.105+0000] {dag.py:2573} INFO - Sync 1 DAGs
[2022-09-24T08:32:21.122+0000] {logging_mixin.py:117} INFO - [2022-09-24T08:32:21.122+0000] {dag.py:3328} INFO - Setting next_dagrun for example_time_delta_sensor_async to None, run_after=None
[2022-09-24T08:32:21.136+0000] {processor.py:178} INFO - Processing /home/airflow/.local/lib/python3.7/site-packages/airflow/example_dags/example_time_delta_sensor_async.py took 0.151 seconds
[2022-09-24T08:32:51.318+0000] {processor.py:156} INFO - Started process (PID=34419) to work on /home/airflow/.local/lib/python3.7/site-packages/airflow/example_dags/example_time_delta_sensor_async.py
[2022-09-24T08:32:51.319+0000] {processor.py:758} INFO - Processing file /home/airflow/.local/lib/python3.7/site-packages/airflow/example_dags/example_time_delta_sensor_async.py for tasks to queue
[2022-09-24T08:32:51.320+0000] {logging_mixin.py:117} INFO - [2022-09-24T08:32:51.320+0000] {dagbag.py:525} INFO - Filling up the DagBag from /home/airflow/.local/lib/python3.7/site-packages/airflow/example_dags/example_time_delta_sensor_async.py
[2022-09-24T08:32:51.331+0000] {processor.py:768} INFO - DAG(s) dict_keys(['example_time_delta_sensor_async']) retrieved from /home/airflow/.local/lib/python3.7/site-packages/airflow/example_dags/example_time_delta_sensor_async.py
[2022-09-24T08:32:51.434+0000] {logging_mixin.py:117} INFO - [2022-09-24T08:32:51.434+0000] {dag.py:2573} INFO - Sync 1 DAGs
[2022-09-24T08:32:51.451+0000] {logging_mixin.py:117} INFO - [2022-09-24T08:32:51.451+0000] {dag.py:3328} INFO - Setting next_dagrun for example_time_delta_sensor_async to None, run_after=None
[2022-09-24T08:32:51.466+0000] {processor.py:178} INFO - Processing /home/airflow/.local/lib/python3.7/site-packages/airflow/example_dags/example_time_delta_sensor_async.py took 0.150 seconds
[2022-09-24T08:33:21.846+0000] {processor.py:156} INFO - Started process (PID=34482) to work on /home/airflow/.local/lib/python3.7/site-packages/airflow/example_dags/example_time_delta_sensor_async.py
[2022-09-24T08:33:21.848+0000] {processor.py:758} INFO - Processing file /home/airflow/.local/lib/python3.7/site-packages/airflow/example_dags/example_time_delta_sensor_async.py for tasks to queue
[2022-09-24T08:33:21.849+0000] {logging_mixin.py:117} INFO - [2022-09-24T08:33:21.849+0000] {dagbag.py:525} INFO - Filling up the DagBag from /home/airflow/.local/lib/python3.7/site-packages/airflow/example_dags/example_time_delta_sensor_async.py
[2022-09-24T08:33:21.859+0000] {processor.py:768} INFO - DAG(s) dict_keys(['example_time_delta_sensor_async']) retrieved from /home/airflow/.local/lib/python3.7/site-packages/airflow/example_dags/example_time_delta_sensor_async.py
[2022-09-24T08:33:21.960+0000] {logging_mixin.py:117} INFO - [2022-09-24T08:33:21.960+0000] {dag.py:2573} INFO - Sync 1 DAGs
[2022-09-24T08:33:21.975+0000] {logging_mixin.py:117} INFO - [2022-09-24T08:33:21.975+0000] {dag.py:3328} INFO - Setting next_dagrun for example_time_delta_sensor_async to None, run_after=None
[2022-09-24T08:33:21.988+0000] {processor.py:178} INFO - Processing /home/airflow/.local/lib/python3.7/site-packages/airflow/example_dags/example_time_delta_sensor_async.py took 0.144 seconds
[2022-09-24T08:33:52.302+0000] {processor.py:156} INFO - Started process (PID=34545) to work on /home/airflow/.local/lib/python3.7/site-packages/airflow/example_dags/example_time_delta_sensor_async.py
[2022-09-24T08:33:52.304+0000] {processor.py:758} INFO - Processing file /home/airflow/.local/lib/python3.7/site-packages/airflow/example_dags/example_time_delta_sensor_async.py for tasks to queue
[2022-09-24T08:33:52.305+0000] {logging_mixin.py:117} INFO - [2022-09-24T08:33:52.305+0000] {dagbag.py:525} INFO - Filling up the DagBag from /home/airflow/.local/lib/python3.7/site-packages/airflow/example_dags/example_time_delta_sensor_async.py
[2022-09-24T08:33:52.314+0000] {processor.py:768} INFO - DAG(s) dict_keys(['example_time_delta_sensor_async']) retrieved from /home/airflow/.local/lib/python3.7/site-packages/airflow/example_dags/example_time_delta_sensor_async.py
[2022-09-24T08:33:52.413+0000] {logging_mixin.py:117} INFO - [2022-09-24T08:33:52.413+0000] {dag.py:2573} INFO - Sync 1 DAGs
[2022-09-24T08:33:52.428+0000] {logging_mixin.py:117} INFO - [2022-09-24T08:33:52.428+0000] {dag.py:3328} INFO - Setting next_dagrun for example_time_delta_sensor_async to None, run_after=None
[2022-09-24T08:33:52.441+0000] {processor.py:178} INFO - Processing /home/airflow/.local/lib/python3.7/site-packages/airflow/example_dags/example_time_delta_sensor_async.py took 0.141 seconds
[2022-09-24T08:34:22.574+0000] {processor.py:156} INFO - Started process (PID=34609) to work on /home/airflow/.local/lib/python3.7/site-packages/airflow/example_dags/example_time_delta_sensor_async.py
[2022-09-24T08:34:22.575+0000] {processor.py:758} INFO - Processing file /home/airflow/.local/lib/python3.7/site-packages/airflow/example_dags/example_time_delta_sensor_async.py for tasks to queue
[2022-09-24T08:34:22.577+0000] {logging_mixin.py:117} INFO - [2022-09-24T08:34:22.577+0000] {dagbag.py:525} INFO - Filling up the DagBag from /home/airflow/.local/lib/python3.7/site-packages/airflow/example_dags/example_time_delta_sensor_async.py
[2022-09-24T08:34:22.587+0000] {processor.py:768} INFO - DAG(s) dict_keys(['example_time_delta_sensor_async']) retrieved from /home/airflow/.local/lib/python3.7/site-packages/airflow/example_dags/example_time_delta_sensor_async.py
[2022-09-24T08:34:22.685+0000] {logging_mixin.py:117} INFO - [2022-09-24T08:34:22.685+0000] {dag.py:2573} INFO - Sync 1 DAGs
[2022-09-24T08:34:22.700+0000] {logging_mixin.py:117} INFO - [2022-09-24T08:34:22.700+0000] {dag.py:3328} INFO - Setting next_dagrun for example_time_delta_sensor_async to None, run_after=None
[2022-09-24T08:34:22.713+0000] {processor.py:178} INFO - Processing /home/airflow/.local/lib/python3.7/site-packages/airflow/example_dags/example_time_delta_sensor_async.py took 0.142 seconds
[2022-09-24T08:34:52.852+0000] {processor.py:156} INFO - Started process (PID=34663) to work on /home/airflow/.local/lib/python3.7/site-packages/airflow/example_dags/example_time_delta_sensor_async.py
[2022-09-24T08:34:52.854+0000] {processor.py:758} INFO - Processing file /home/airflow/.local/lib/python3.7/site-packages/airflow/example_dags/example_time_delta_sensor_async.py for tasks to queue
[2022-09-24T08:34:52.855+0000] {logging_mixin.py:117} INFO - [2022-09-24T08:34:52.855+0000] {dagbag.py:525} INFO - Filling up the DagBag from /home/airflow/.local/lib/python3.7/site-packages/airflow/example_dags/example_time_delta_sensor_async.py
[2022-09-24T08:34:52.865+0000] {processor.py:768} INFO - DAG(s) dict_keys(['example_time_delta_sensor_async']) retrieved from /home/airflow/.local/lib/python3.7/site-packages/airflow/example_dags/example_time_delta_sensor_async.py
[2022-09-24T08:34:52.974+0000] {logging_mixin.py:117} INFO - [2022-09-24T08:34:52.974+0000] {dag.py:2573} INFO - Sync 1 DAGs
[2022-09-24T08:34:52.996+0000] {logging_mixin.py:117} INFO - [2022-09-24T08:34:52.996+0000] {dag.py:3328} INFO - Setting next_dagrun for example_time_delta_sensor_async to None, run_after=None
[2022-09-24T08:34:53.012+0000] {processor.py:178} INFO - Processing /home/airflow/.local/lib/python3.7/site-packages/airflow/example_dags/example_time_delta_sensor_async.py took 0.162 seconds
[2022-09-24T08:35:23.274+0000] {processor.py:156} INFO - Started process (PID=34726) to work on /home/airflow/.local/lib/python3.7/site-packages/airflow/example_dags/example_time_delta_sensor_async.py
[2022-09-24T08:35:23.275+0000] {processor.py:758} INFO - Processing file /home/airflow/.local/lib/python3.7/site-packages/airflow/example_dags/example_time_delta_sensor_async.py for tasks to queue
[2022-09-24T08:35:23.277+0000] {logging_mixin.py:117} INFO - [2022-09-24T08:35:23.276+0000] {dagbag.py:525} INFO - Filling up the DagBag from /home/airflow/.local/lib/python3.7/site-packages/airflow/example_dags/example_time_delta_sensor_async.py
[2022-09-24T08:35:23.288+0000] {processor.py:768} INFO - DAG(s) dict_keys(['example_time_delta_sensor_async']) retrieved from /home/airflow/.local/lib/python3.7/site-packages/airflow/example_dags/example_time_delta_sensor_async.py
[2022-09-24T08:35:23.414+0000] {logging_mixin.py:117} INFO - [2022-09-24T08:35:23.413+0000] {dag.py:2573} INFO - Sync 1 DAGs
[2022-09-24T08:35:23.434+0000] {logging_mixin.py:117} INFO - [2022-09-24T08:35:23.434+0000] {dag.py:3328} INFO - Setting next_dagrun for example_time_delta_sensor_async to None, run_after=None
[2022-09-24T08:35:23.450+0000] {processor.py:178} INFO - Processing /home/airflow/.local/lib/python3.7/site-packages/airflow/example_dags/example_time_delta_sensor_async.py took 0.178 seconds
[2022-09-24T08:35:53.677+0000] {processor.py:156} INFO - Started process (PID=34789) to work on /home/airflow/.local/lib/python3.7/site-packages/airflow/example_dags/example_time_delta_sensor_async.py
[2022-09-24T08:35:53.679+0000] {processor.py:758} INFO - Processing file /home/airflow/.local/lib/python3.7/site-packages/airflow/example_dags/example_time_delta_sensor_async.py for tasks to queue
[2022-09-24T08:35:53.680+0000] {logging_mixin.py:117} INFO - [2022-09-24T08:35:53.680+0000] {dagbag.py:525} INFO - Filling up the DagBag from /home/airflow/.local/lib/python3.7/site-packages/airflow/example_dags/example_time_delta_sensor_async.py
[2022-09-24T08:35:53.692+0000] {processor.py:768} INFO - DAG(s) dict_keys(['example_time_delta_sensor_async']) retrieved from /home/airflow/.local/lib/python3.7/site-packages/airflow/example_dags/example_time_delta_sensor_async.py
[2022-09-24T08:35:53.802+0000] {logging_mixin.py:117} INFO - [2022-09-24T08:35:53.802+0000] {dag.py:2573} INFO - Sync 1 DAGs
[2022-09-24T08:35:53.817+0000] {logging_mixin.py:117} INFO - [2022-09-24T08:35:53.817+0000] {dag.py:3328} INFO - Setting next_dagrun for example_time_delta_sensor_async to None, run_after=None
[2022-09-24T08:35:53.829+0000] {processor.py:178} INFO - Processing /home/airflow/.local/lib/python3.7/site-packages/airflow/example_dags/example_time_delta_sensor_async.py took 0.154 seconds
[2022-09-24T08:36:23.957+0000] {processor.py:156} INFO - Started process (PID=34852) to work on /home/airflow/.local/lib/python3.7/site-packages/airflow/example_dags/example_time_delta_sensor_async.py
[2022-09-24T08:36:23.958+0000] {processor.py:758} INFO - Processing file /home/airflow/.local/lib/python3.7/site-packages/airflow/example_dags/example_time_delta_sensor_async.py for tasks to queue
[2022-09-24T08:36:23.959+0000] {logging_mixin.py:117} INFO - [2022-09-24T08:36:23.959+0000] {dagbag.py:525} INFO - Filling up the DagBag from /home/airflow/.local/lib/python3.7/site-packages/airflow/example_dags/example_time_delta_sensor_async.py
[2022-09-24T08:36:23.968+0000] {processor.py:768} INFO - DAG(s) dict_keys(['example_time_delta_sensor_async']) retrieved from /home/airflow/.local/lib/python3.7/site-packages/airflow/example_dags/example_time_delta_sensor_async.py
[2022-09-24T08:36:24.076+0000] {logging_mixin.py:117} INFO - [2022-09-24T08:36:24.075+0000] {dag.py:2573} INFO - Sync 1 DAGs
[2022-09-24T08:36:24.091+0000] {logging_mixin.py:117} INFO - [2022-09-24T08:36:24.091+0000] {dag.py:3328} INFO - Setting next_dagrun for example_time_delta_sensor_async to None, run_after=None
[2022-09-24T08:36:24.104+0000] {processor.py:178} INFO - Processing /home/airflow/.local/lib/python3.7/site-packages/airflow/example_dags/example_time_delta_sensor_async.py took 0.149 seconds
[2022-09-24T08:36:54.352+0000] {processor.py:156} INFO - Started process (PID=34915) to work on /home/airflow/.local/lib/python3.7/site-packages/airflow/example_dags/example_time_delta_sensor_async.py
[2022-09-24T08:36:54.354+0000] {processor.py:758} INFO - Processing file /home/airflow/.local/lib/python3.7/site-packages/airflow/example_dags/example_time_delta_sensor_async.py for tasks to queue
[2022-09-24T08:36:54.356+0000] {logging_mixin.py:117} INFO - [2022-09-24T08:36:54.355+0000] {dagbag.py:525} INFO - Filling up the DagBag from /home/airflow/.local/lib/python3.7/site-packages/airflow/example_dags/example_time_delta_sensor_async.py
[2022-09-24T08:36:54.366+0000] {processor.py:768} INFO - DAG(s) dict_keys(['example_time_delta_sensor_async']) retrieved from /home/airflow/.local/lib/python3.7/site-packages/airflow/example_dags/example_time_delta_sensor_async.py
[2022-09-24T08:36:54.464+0000] {logging_mixin.py:117} INFO - [2022-09-24T08:36:54.464+0000] {dag.py:2573} INFO - Sync 1 DAGs
[2022-09-24T08:36:54.480+0000] {logging_mixin.py:117} INFO - [2022-09-24T08:36:54.480+0000] {dag.py:3328} INFO - Setting next_dagrun for example_time_delta_sensor_async to None, run_after=None
[2022-09-24T08:36:54.494+0000] {processor.py:178} INFO - Processing /home/airflow/.local/lib/python3.7/site-packages/airflow/example_dags/example_time_delta_sensor_async.py took 0.144 seconds
[2022-09-24T08:37:24.652+0000] {processor.py:156} INFO - Started process (PID=34978) to work on /home/airflow/.local/lib/python3.7/site-packages/airflow/example_dags/example_time_delta_sensor_async.py
[2022-09-24T08:37:24.653+0000] {processor.py:758} INFO - Processing file /home/airflow/.local/lib/python3.7/site-packages/airflow/example_dags/example_time_delta_sensor_async.py for tasks to queue
[2022-09-24T08:37:24.655+0000] {logging_mixin.py:117} INFO - [2022-09-24T08:37:24.655+0000] {dagbag.py:525} INFO - Filling up the DagBag from /home/airflow/.local/lib/python3.7/site-packages/airflow/example_dags/example_time_delta_sensor_async.py
[2022-09-24T08:37:24.665+0000] {processor.py:768} INFO - DAG(s) dict_keys(['example_time_delta_sensor_async']) retrieved from /home/airflow/.local/lib/python3.7/site-packages/airflow/example_dags/example_time_delta_sensor_async.py
[2022-09-24T08:37:24.767+0000] {logging_mixin.py:117} INFO - [2022-09-24T08:37:24.767+0000] {dag.py:2573} INFO - Sync 1 DAGs
[2022-09-24T08:37:24.785+0000] {logging_mixin.py:117} INFO - [2022-09-24T08:37:24.785+0000] {dag.py:3328} INFO - Setting next_dagrun for example_time_delta_sensor_async to None, run_after=None
[2022-09-24T08:37:24.797+0000] {processor.py:178} INFO - Processing /home/airflow/.local/lib/python3.7/site-packages/airflow/example_dags/example_time_delta_sensor_async.py took 0.148 seconds
[2022-09-24T08:37:55.077+0000] {processor.py:156} INFO - Started process (PID=35038) to work on /home/airflow/.local/lib/python3.7/site-packages/airflow/example_dags/example_time_delta_sensor_async.py
[2022-09-24T08:37:55.079+0000] {processor.py:758} INFO - Processing file /home/airflow/.local/lib/python3.7/site-packages/airflow/example_dags/example_time_delta_sensor_async.py for tasks to queue
[2022-09-24T08:37:55.080+0000] {logging_mixin.py:117} INFO - [2022-09-24T08:37:55.080+0000] {dagbag.py:525} INFO - Filling up the DagBag from /home/airflow/.local/lib/python3.7/site-packages/airflow/example_dags/example_time_delta_sensor_async.py
[2022-09-24T08:37:55.091+0000] {processor.py:768} INFO - DAG(s) dict_keys(['example_time_delta_sensor_async']) retrieved from /home/airflow/.local/lib/python3.7/site-packages/airflow/example_dags/example_time_delta_sensor_async.py
[2022-09-24T08:37:55.209+0000] {logging_mixin.py:117} INFO - [2022-09-24T08:37:55.209+0000] {dag.py:2573} INFO - Sync 1 DAGs
[2022-09-24T08:37:55.227+0000] {logging_mixin.py:117} INFO - [2022-09-24T08:37:55.227+0000] {dag.py:3328} INFO - Setting next_dagrun for example_time_delta_sensor_async to None, run_after=None
[2022-09-24T08:37:55.243+0000] {processor.py:178} INFO - Processing /home/airflow/.local/lib/python3.7/site-packages/airflow/example_dags/example_time_delta_sensor_async.py took 0.169 seconds
[2022-09-24T08:38:25.460+0000] {processor.py:156} INFO - Started process (PID=35094) to work on /home/airflow/.local/lib/python3.7/site-packages/airflow/example_dags/example_time_delta_sensor_async.py
[2022-09-24T08:38:25.461+0000] {processor.py:758} INFO - Processing file /home/airflow/.local/lib/python3.7/site-packages/airflow/example_dags/example_time_delta_sensor_async.py for tasks to queue
[2022-09-24T08:38:25.462+0000] {logging_mixin.py:117} INFO - [2022-09-24T08:38:25.462+0000] {dagbag.py:525} INFO - Filling up the DagBag from /home/airflow/.local/lib/python3.7/site-packages/airflow/example_dags/example_time_delta_sensor_async.py
[2022-09-24T08:38:25.472+0000] {processor.py:768} INFO - DAG(s) dict_keys(['example_time_delta_sensor_async']) retrieved from /home/airflow/.local/lib/python3.7/site-packages/airflow/example_dags/example_time_delta_sensor_async.py
[2022-09-24T08:38:25.576+0000] {logging_mixin.py:117} INFO - [2022-09-24T08:38:25.575+0000] {dag.py:2573} INFO - Sync 1 DAGs
[2022-09-24T08:38:25.594+0000] {logging_mixin.py:117} INFO - [2022-09-24T08:38:25.594+0000] {dag.py:3328} INFO - Setting next_dagrun for example_time_delta_sensor_async to None, run_after=None
[2022-09-24T08:38:25.607+0000] {processor.py:178} INFO - Processing /home/airflow/.local/lib/python3.7/site-packages/airflow/example_dags/example_time_delta_sensor_async.py took 0.150 seconds
[2022-09-24T08:38:55.692+0000] {processor.py:156} INFO - Started process (PID=35158) to work on /home/airflow/.local/lib/python3.7/site-packages/airflow/example_dags/example_time_delta_sensor_async.py
[2022-09-24T08:38:55.694+0000] {processor.py:758} INFO - Processing file /home/airflow/.local/lib/python3.7/site-packages/airflow/example_dags/example_time_delta_sensor_async.py for tasks to queue
[2022-09-24T08:38:55.695+0000] {logging_mixin.py:117} INFO - [2022-09-24T08:38:55.695+0000] {dagbag.py:525} INFO - Filling up the DagBag from /home/airflow/.local/lib/python3.7/site-packages/airflow/example_dags/example_time_delta_sensor_async.py
[2022-09-24T08:38:55.707+0000] {processor.py:768} INFO - DAG(s) dict_keys(['example_time_delta_sensor_async']) retrieved from /home/airflow/.local/lib/python3.7/site-packages/airflow/example_dags/example_time_delta_sensor_async.py
[2022-09-24T08:38:55.816+0000] {logging_mixin.py:117} INFO - [2022-09-24T08:38:55.815+0000] {dag.py:2573} INFO - Sync 1 DAGs
[2022-09-24T08:38:55.833+0000] {logging_mixin.py:117} INFO - [2022-09-24T08:38:55.833+0000] {dag.py:3328} INFO - Setting next_dagrun for example_time_delta_sensor_async to None, run_after=None
[2022-09-24T08:38:55.846+0000] {processor.py:178} INFO - Processing /home/airflow/.local/lib/python3.7/site-packages/airflow/example_dags/example_time_delta_sensor_async.py took 0.156 seconds
[2022-09-24T08:39:26.065+0000] {processor.py:156} INFO - Started process (PID=35222) to work on /home/airflow/.local/lib/python3.7/site-packages/airflow/example_dags/example_time_delta_sensor_async.py
[2022-09-24T08:39:26.067+0000] {processor.py:758} INFO - Processing file /home/airflow/.local/lib/python3.7/site-packages/airflow/example_dags/example_time_delta_sensor_async.py for tasks to queue
[2022-09-24T08:39:26.068+0000] {logging_mixin.py:117} INFO - [2022-09-24T08:39:26.068+0000] {dagbag.py:525} INFO - Filling up the DagBag from /home/airflow/.local/lib/python3.7/site-packages/airflow/example_dags/example_time_delta_sensor_async.py
[2022-09-24T08:39:26.078+0000] {processor.py:768} INFO - DAG(s) dict_keys(['example_time_delta_sensor_async']) retrieved from /home/airflow/.local/lib/python3.7/site-packages/airflow/example_dags/example_time_delta_sensor_async.py
[2022-09-24T08:39:26.185+0000] {logging_mixin.py:117} INFO - [2022-09-24T08:39:26.185+0000] {dag.py:2573} INFO - Sync 1 DAGs
[2022-09-24T08:39:26.200+0000] {logging_mixin.py:117} INFO - [2022-09-24T08:39:26.200+0000] {dag.py:3328} INFO - Setting next_dagrun for example_time_delta_sensor_async to None, run_after=None
[2022-09-24T08:39:26.213+0000] {processor.py:178} INFO - Processing /home/airflow/.local/lib/python3.7/site-packages/airflow/example_dags/example_time_delta_sensor_async.py took 0.150 seconds
[2022-09-24T08:39:56.397+0000] {processor.py:156} INFO - Started process (PID=35283) to work on /home/airflow/.local/lib/python3.7/site-packages/airflow/example_dags/example_time_delta_sensor_async.py
[2022-09-24T08:39:56.398+0000] {processor.py:758} INFO - Processing file /home/airflow/.local/lib/python3.7/site-packages/airflow/example_dags/example_time_delta_sensor_async.py for tasks to queue
[2022-09-24T08:39:56.399+0000] {logging_mixin.py:117} INFO - [2022-09-24T08:39:56.399+0000] {dagbag.py:525} INFO - Filling up the DagBag from /home/airflow/.local/lib/python3.7/site-packages/airflow/example_dags/example_time_delta_sensor_async.py
[2022-09-24T08:39:56.409+0000] {processor.py:768} INFO - DAG(s) dict_keys(['example_time_delta_sensor_async']) retrieved from /home/airflow/.local/lib/python3.7/site-packages/airflow/example_dags/example_time_delta_sensor_async.py
[2022-09-24T08:39:56.507+0000] {logging_mixin.py:117} INFO - [2022-09-24T08:39:56.507+0000] {dag.py:2573} INFO - Sync 1 DAGs
[2022-09-24T08:39:56.523+0000] {logging_mixin.py:117} INFO - [2022-09-24T08:39:56.523+0000] {dag.py:3328} INFO - Setting next_dagrun for example_time_delta_sensor_async to None, run_after=None
[2022-09-24T08:39:56.535+0000] {processor.py:178} INFO - Processing /home/airflow/.local/lib/python3.7/site-packages/airflow/example_dags/example_time_delta_sensor_async.py took 0.140 seconds
[2022-09-24T09:07:09.617+0000] {processor.py:156} INFO - Started process (PID=35338) to work on /home/airflow/.local/lib/python3.7/site-packages/airflow/example_dags/example_time_delta_sensor_async.py
[2022-09-24T09:07:09.620+0000] {processor.py:758} INFO - Processing file /home/airflow/.local/lib/python3.7/site-packages/airflow/example_dags/example_time_delta_sensor_async.py for tasks to queue
[2022-09-24T09:07:09.624+0000] {logging_mixin.py:117} INFO - [2022-09-24T09:07:09.623+0000] {dagbag.py:525} INFO - Filling up the DagBag from /home/airflow/.local/lib/python3.7/site-packages/airflow/example_dags/example_time_delta_sensor_async.py
[2022-09-24T09:07:09.660+0000] {processor.py:768} INFO - DAG(s) dict_keys(['example_time_delta_sensor_async']) retrieved from /home/airflow/.local/lib/python3.7/site-packages/airflow/example_dags/example_time_delta_sensor_async.py
[2022-09-24T09:07:10.019+0000] {logging_mixin.py:117} INFO - [2022-09-24T09:07:10.018+0000] {dag.py:2573} INFO - Sync 1 DAGs
[2022-09-24T09:07:10.053+0000] {logging_mixin.py:117} INFO - [2022-09-24T09:07:10.053+0000] {dag.py:3328} INFO - Setting next_dagrun for example_time_delta_sensor_async to None, run_after=None
[2022-09-24T09:07:10.074+0000] {processor.py:178} INFO - Processing /home/airflow/.local/lib/python3.7/site-packages/airflow/example_dags/example_time_delta_sensor_async.py took 0.460 seconds
