[2022-09-24T01:04:10.574+0000] {processor.py:156} INFO - Started process (PID=32111) to work on /home/airflow/.local/lib/python3.7/site-packages/airflow/example_dags/example_trigger_controller_dag.py
[2022-09-24T01:04:10.576+0000] {processor.py:758} INFO - Processing file /home/airflow/.local/lib/python3.7/site-packages/airflow/example_dags/example_trigger_controller_dag.py for tasks to queue
[2022-09-24T01:04:10.577+0000] {logging_mixin.py:117} INFO - [2022-09-24T01:04:10.577+0000] {dagbag.py:525} INFO - Filling up the DagBag from /home/airflow/.local/lib/python3.7/site-packages/airflow/example_dags/example_trigger_controller_dag.py
[2022-09-24T01:04:10.596+0000] {processor.py:768} INFO - DAG(s) dict_keys(['example_trigger_controller_dag']) retrieved from /home/airflow/.local/lib/python3.7/site-packages/airflow/example_dags/example_trigger_controller_dag.py
[2022-09-24T01:04:10.645+0000] {logging_mixin.py:117} INFO - [2022-09-24T01:04:10.645+0000] {dag.py:2573} INFO - Sync 1 DAGs
[2022-09-24T01:04:10.666+0000] {logging_mixin.py:117} INFO - [2022-09-24T01:04:10.666+0000] {dag.py:3328} INFO - Setting next_dagrun for example_trigger_controller_dag to 2021-01-01T00:00:00+00:00, run_after=2021-01-01T00:00:00+00:00
[2022-09-24T01:04:10.710+0000] {processor.py:178} INFO - Processing /home/airflow/.local/lib/python3.7/site-packages/airflow/example_dags/example_trigger_controller_dag.py took 0.139 seconds
[2022-09-24T02:27:01.377+0000] {processor.py:156} INFO - Started process (PID=32165) to work on /home/airflow/.local/lib/python3.7/site-packages/airflow/example_dags/example_trigger_controller_dag.py
[2022-09-24T02:27:01.385+0000] {processor.py:758} INFO - Processing file /home/airflow/.local/lib/python3.7/site-packages/airflow/example_dags/example_trigger_controller_dag.py for tasks to queue
[2022-09-24T02:27:01.387+0000] {logging_mixin.py:117} INFO - [2022-09-24T02:27:01.387+0000] {dagbag.py:525} INFO - Filling up the DagBag from /home/airflow/.local/lib/python3.7/site-packages/airflow/example_dags/example_trigger_controller_dag.py
[2022-09-24T02:27:01.404+0000] {processor.py:768} INFO - DAG(s) dict_keys(['example_trigger_controller_dag']) retrieved from /home/airflow/.local/lib/python3.7/site-packages/airflow/example_dags/example_trigger_controller_dag.py
[2022-09-24T02:27:01.480+0000] {logging_mixin.py:117} INFO - [2022-09-24T02:27:01.480+0000] {dag.py:2573} INFO - Sync 1 DAGs
[2022-09-24T02:27:01.514+0000] {logging_mixin.py:117} INFO - [2022-09-24T02:27:01.514+0000] {dag.py:3328} INFO - Setting next_dagrun for example_trigger_controller_dag to 2021-01-01T00:00:00+00:00, run_after=2021-01-01T00:00:00+00:00
[2022-09-24T02:27:01.546+0000] {processor.py:178} INFO - Processing /home/airflow/.local/lib/python3.7/site-packages/airflow/example_dags/example_trigger_controller_dag.py took 0.174 seconds
[2022-09-24T03:24:00.010+0000] {processor.py:156} INFO - Started process (PID=32228) to work on /home/airflow/.local/lib/python3.7/site-packages/airflow/example_dags/example_trigger_controller_dag.py
[2022-09-24T03:24:00.012+0000] {processor.py:758} INFO - Processing file /home/airflow/.local/lib/python3.7/site-packages/airflow/example_dags/example_trigger_controller_dag.py for tasks to queue
[2022-09-24T03:24:00.014+0000] {logging_mixin.py:117} INFO - [2022-09-24T03:24:00.014+0000] {dagbag.py:525} INFO - Filling up the DagBag from /home/airflow/.local/lib/python3.7/site-packages/airflow/example_dags/example_trigger_controller_dag.py
[2022-09-24T03:24:00.025+0000] {processor.py:768} INFO - DAG(s) dict_keys(['example_trigger_controller_dag']) retrieved from /home/airflow/.local/lib/python3.7/site-packages/airflow/example_dags/example_trigger_controller_dag.py
[2022-09-24T03:24:00.060+0000] {logging_mixin.py:117} INFO - [2022-09-24T03:24:00.060+0000] {dag.py:2573} INFO - Sync 1 DAGs
[2022-09-24T03:24:00.080+0000] {logging_mixin.py:117} INFO - [2022-09-24T03:24:00.080+0000] {dag.py:3328} INFO - Setting next_dagrun for example_trigger_controller_dag to 2021-01-01T00:00:00+00:00, run_after=2021-01-01T00:00:00+00:00
[2022-09-24T03:24:00.095+0000] {processor.py:178} INFO - Processing /home/airflow/.local/lib/python3.7/site-packages/airflow/example_dags/example_trigger_controller_dag.py took 0.088 seconds
[2022-09-24T04:29:27.191+0000] {processor.py:156} INFO - Started process (PID=32293) to work on /home/airflow/.local/lib/python3.7/site-packages/airflow/example_dags/example_trigger_controller_dag.py
[2022-09-24T04:29:27.194+0000] {processor.py:758} INFO - Processing file /home/airflow/.local/lib/python3.7/site-packages/airflow/example_dags/example_trigger_controller_dag.py for tasks to queue
[2022-09-24T04:29:27.195+0000] {logging_mixin.py:117} INFO - [2022-09-24T04:29:27.195+0000] {dagbag.py:525} INFO - Filling up the DagBag from /home/airflow/.local/lib/python3.7/site-packages/airflow/example_dags/example_trigger_controller_dag.py
[2022-09-24T04:29:27.205+0000] {processor.py:768} INFO - DAG(s) dict_keys(['example_trigger_controller_dag']) retrieved from /home/airflow/.local/lib/python3.7/site-packages/airflow/example_dags/example_trigger_controller_dag.py
[2022-09-24T04:29:27.250+0000] {logging_mixin.py:117} INFO - [2022-09-24T04:29:27.249+0000] {dag.py:2573} INFO - Sync 1 DAGs
[2022-09-24T04:29:27.284+0000] {logging_mixin.py:117} INFO - [2022-09-24T04:29:27.284+0000] {dag.py:3328} INFO - Setting next_dagrun for example_trigger_controller_dag to 2021-01-01T00:00:00+00:00, run_after=2021-01-01T00:00:00+00:00
[2022-09-24T04:29:27.310+0000] {processor.py:178} INFO - Processing /home/airflow/.local/lib/python3.7/site-packages/airflow/example_dags/example_trigger_controller_dag.py took 0.121 seconds
[2022-09-24T05:38:07.553+0000] {processor.py:156} INFO - Started process (PID=32356) to work on /home/airflow/.local/lib/python3.7/site-packages/airflow/example_dags/example_trigger_controller_dag.py
[2022-09-24T05:38:07.556+0000] {processor.py:758} INFO - Processing file /home/airflow/.local/lib/python3.7/site-packages/airflow/example_dags/example_trigger_controller_dag.py for tasks to queue
[2022-09-24T05:38:07.557+0000] {logging_mixin.py:117} INFO - [2022-09-24T05:38:07.557+0000] {dagbag.py:525} INFO - Filling up the DagBag from /home/airflow/.local/lib/python3.7/site-packages/airflow/example_dags/example_trigger_controller_dag.py
[2022-09-24T05:38:07.568+0000] {processor.py:768} INFO - DAG(s) dict_keys(['example_trigger_controller_dag']) retrieved from /home/airflow/.local/lib/python3.7/site-packages/airflow/example_dags/example_trigger_controller_dag.py
[2022-09-24T05:38:07.604+0000] {logging_mixin.py:117} INFO - [2022-09-24T05:38:07.604+0000] {dag.py:2573} INFO - Sync 1 DAGs
[2022-09-24T05:38:07.621+0000] {logging_mixin.py:117} INFO - [2022-09-24T05:38:07.621+0000] {dag.py:3328} INFO - Setting next_dagrun for example_trigger_controller_dag to 2021-01-01T00:00:00+00:00, run_after=2021-01-01T00:00:00+00:00
[2022-09-24T05:38:07.641+0000] {processor.py:178} INFO - Processing /home/airflow/.local/lib/python3.7/site-packages/airflow/example_dags/example_trigger_controller_dag.py took 0.090 seconds
[2022-09-24T06:55:21.985+0000] {processor.py:156} INFO - Started process (PID=32410) to work on /home/airflow/.local/lib/python3.7/site-packages/airflow/example_dags/example_trigger_controller_dag.py
[2022-09-24T06:55:21.987+0000] {processor.py:758} INFO - Processing file /home/airflow/.local/lib/python3.7/site-packages/airflow/example_dags/example_trigger_controller_dag.py for tasks to queue
[2022-09-24T06:55:21.995+0000] {logging_mixin.py:117} INFO - [2022-09-24T06:55:21.995+0000] {dagbag.py:525} INFO - Filling up the DagBag from /home/airflow/.local/lib/python3.7/site-packages/airflow/example_dags/example_trigger_controller_dag.py
[2022-09-24T06:55:22.017+0000] {processor.py:768} INFO - DAG(s) dict_keys(['example_trigger_controller_dag']) retrieved from /home/airflow/.local/lib/python3.7/site-packages/airflow/example_dags/example_trigger_controller_dag.py
[2022-09-24T06:55:22.075+0000] {logging_mixin.py:117} INFO - [2022-09-24T06:55:22.074+0000] {dag.py:2573} INFO - Sync 1 DAGs
[2022-09-24T06:55:22.102+0000] {logging_mixin.py:117} INFO - [2022-09-24T06:55:22.101+0000] {dag.py:3328} INFO - Setting next_dagrun for example_trigger_controller_dag to 2021-01-01T00:00:00+00:00, run_after=2021-01-01T00:00:00+00:00
[2022-09-24T06:55:22.120+0000] {processor.py:178} INFO - Processing /home/airflow/.local/lib/python3.7/site-packages/airflow/example_dags/example_trigger_controller_dag.py took 0.139 seconds
[2022-09-24T07:36:25.691+0000] {processor.py:156} INFO - Started process (PID=32473) to work on /home/airflow/.local/lib/python3.7/site-packages/airflow/example_dags/example_trigger_controller_dag.py
[2022-09-24T07:36:25.693+0000] {processor.py:758} INFO - Processing file /home/airflow/.local/lib/python3.7/site-packages/airflow/example_dags/example_trigger_controller_dag.py for tasks to queue
[2022-09-24T07:36:25.695+0000] {logging_mixin.py:117} INFO - [2022-09-24T07:36:25.695+0000] {dagbag.py:525} INFO - Filling up the DagBag from /home/airflow/.local/lib/python3.7/site-packages/airflow/example_dags/example_trigger_controller_dag.py
[2022-09-24T07:36:25.710+0000] {processor.py:768} INFO - DAG(s) dict_keys(['example_trigger_controller_dag']) retrieved from /home/airflow/.local/lib/python3.7/site-packages/airflow/example_dags/example_trigger_controller_dag.py
[2022-09-24T07:36:25.784+0000] {logging_mixin.py:117} INFO - [2022-09-24T07:36:25.784+0000] {dag.py:2573} INFO - Sync 1 DAGs
[2022-09-24T07:36:25.813+0000] {logging_mixin.py:117} INFO - [2022-09-24T07:36:25.813+0000] {dag.py:3328} INFO - Setting next_dagrun for example_trigger_controller_dag to 2021-01-01T00:00:00+00:00, run_after=2021-01-01T00:00:00+00:00
[2022-09-24T07:36:25.841+0000] {processor.py:178} INFO - Processing /home/airflow/.local/lib/python3.7/site-packages/airflow/example_dags/example_trigger_controller_dag.py took 0.153 seconds
[2022-09-24T07:39:18.268+0000] {processor.py:156} INFO - Started process (PID=32536) to work on /home/airflow/.local/lib/python3.7/site-packages/airflow/example_dags/example_trigger_controller_dag.py
[2022-09-24T07:39:18.271+0000] {processor.py:758} INFO - Processing file /home/airflow/.local/lib/python3.7/site-packages/airflow/example_dags/example_trigger_controller_dag.py for tasks to queue
[2022-09-24T07:39:18.274+0000] {logging_mixin.py:117} INFO - [2022-09-24T07:39:18.274+0000] {dagbag.py:525} INFO - Filling up the DagBag from /home/airflow/.local/lib/python3.7/site-packages/airflow/example_dags/example_trigger_controller_dag.py
[2022-09-24T07:39:18.285+0000] {processor.py:768} INFO - DAG(s) dict_keys(['example_trigger_controller_dag']) retrieved from /home/airflow/.local/lib/python3.7/site-packages/airflow/example_dags/example_trigger_controller_dag.py
[2022-09-24T07:39:18.329+0000] {logging_mixin.py:117} INFO - [2022-09-24T07:39:18.329+0000] {dag.py:2573} INFO - Sync 1 DAGs
[2022-09-24T07:39:18.351+0000] {logging_mixin.py:117} INFO - [2022-09-24T07:39:18.351+0000] {dag.py:3328} INFO - Setting next_dagrun for example_trigger_controller_dag to 2021-01-01T00:00:00+00:00, run_after=2021-01-01T00:00:00+00:00
[2022-09-24T07:39:18.368+0000] {processor.py:178} INFO - Processing /home/airflow/.local/lib/python3.7/site-packages/airflow/example_dags/example_trigger_controller_dag.py took 0.103 seconds
[2022-09-24T07:39:48.582+0000] {processor.py:156} INFO - Started process (PID=32599) to work on /home/airflow/.local/lib/python3.7/site-packages/airflow/example_dags/example_trigger_controller_dag.py
[2022-09-24T07:39:48.583+0000] {processor.py:758} INFO - Processing file /home/airflow/.local/lib/python3.7/site-packages/airflow/example_dags/example_trigger_controller_dag.py for tasks to queue
[2022-09-24T07:39:48.584+0000] {logging_mixin.py:117} INFO - [2022-09-24T07:39:48.584+0000] {dagbag.py:525} INFO - Filling up the DagBag from /home/airflow/.local/lib/python3.7/site-packages/airflow/example_dags/example_trigger_controller_dag.py
[2022-09-24T07:39:48.591+0000] {processor.py:768} INFO - DAG(s) dict_keys(['example_trigger_controller_dag']) retrieved from /home/airflow/.local/lib/python3.7/site-packages/airflow/example_dags/example_trigger_controller_dag.py
[2022-09-24T07:39:48.616+0000] {logging_mixin.py:117} INFO - [2022-09-24T07:39:48.616+0000] {dag.py:2573} INFO - Sync 1 DAGs
[2022-09-24T07:39:48.630+0000] {logging_mixin.py:117} INFO - [2022-09-24T07:39:48.630+0000] {dag.py:3328} INFO - Setting next_dagrun for example_trigger_controller_dag to 2021-01-01T00:00:00+00:00, run_after=2021-01-01T00:00:00+00:00
[2022-09-24T07:39:48.643+0000] {processor.py:178} INFO - Processing /home/airflow/.local/lib/python3.7/site-packages/airflow/example_dags/example_trigger_controller_dag.py took 0.064 seconds
[2022-09-24T07:40:18.930+0000] {processor.py:156} INFO - Started process (PID=32664) to work on /home/airflow/.local/lib/python3.7/site-packages/airflow/example_dags/example_trigger_controller_dag.py
[2022-09-24T07:40:18.932+0000] {processor.py:758} INFO - Processing file /home/airflow/.local/lib/python3.7/site-packages/airflow/example_dags/example_trigger_controller_dag.py for tasks to queue
[2022-09-24T07:40:18.934+0000] {logging_mixin.py:117} INFO - [2022-09-24T07:40:18.934+0000] {dagbag.py:525} INFO - Filling up the DagBag from /home/airflow/.local/lib/python3.7/site-packages/airflow/example_dags/example_trigger_controller_dag.py
[2022-09-24T07:40:18.941+0000] {processor.py:768} INFO - DAG(s) dict_keys(['example_trigger_controller_dag']) retrieved from /home/airflow/.local/lib/python3.7/site-packages/airflow/example_dags/example_trigger_controller_dag.py
[2022-09-24T07:40:18.968+0000] {logging_mixin.py:117} INFO - [2022-09-24T07:40:18.968+0000] {dag.py:2573} INFO - Sync 1 DAGs
[2022-09-24T07:40:18.983+0000] {logging_mixin.py:117} INFO - [2022-09-24T07:40:18.983+0000] {dag.py:3328} INFO - Setting next_dagrun for example_trigger_controller_dag to 2021-01-01T00:00:00+00:00, run_after=2021-01-01T00:00:00+00:00
[2022-09-24T07:40:18.995+0000] {processor.py:178} INFO - Processing /home/airflow/.local/lib/python3.7/site-packages/airflow/example_dags/example_trigger_controller_dag.py took 0.067 seconds
[2022-09-24T07:40:49.357+0000] {processor.py:156} INFO - Started process (PID=32727) to work on /home/airflow/.local/lib/python3.7/site-packages/airflow/example_dags/example_trigger_controller_dag.py
[2022-09-24T07:40:49.359+0000] {processor.py:758} INFO - Processing file /home/airflow/.local/lib/python3.7/site-packages/airflow/example_dags/example_trigger_controller_dag.py for tasks to queue
[2022-09-24T07:40:49.361+0000] {logging_mixin.py:117} INFO - [2022-09-24T07:40:49.361+0000] {dagbag.py:525} INFO - Filling up the DagBag from /home/airflow/.local/lib/python3.7/site-packages/airflow/example_dags/example_trigger_controller_dag.py
[2022-09-24T07:40:49.371+0000] {processor.py:768} INFO - DAG(s) dict_keys(['example_trigger_controller_dag']) retrieved from /home/airflow/.local/lib/python3.7/site-packages/airflow/example_dags/example_trigger_controller_dag.py
[2022-09-24T07:40:49.407+0000] {logging_mixin.py:117} INFO - [2022-09-24T07:40:49.407+0000] {dag.py:2573} INFO - Sync 1 DAGs
[2022-09-24T07:40:49.425+0000] {logging_mixin.py:117} INFO - [2022-09-24T07:40:49.425+0000] {dag.py:3328} INFO - Setting next_dagrun for example_trigger_controller_dag to 2021-01-01T00:00:00+00:00, run_after=2021-01-01T00:00:00+00:00
[2022-09-24T07:40:49.440+0000] {processor.py:178} INFO - Processing /home/airflow/.local/lib/python3.7/site-packages/airflow/example_dags/example_trigger_controller_dag.py took 0.086 seconds
[2022-09-24T07:41:19.742+0000] {processor.py:156} INFO - Started process (PID=32781) to work on /home/airflow/.local/lib/python3.7/site-packages/airflow/example_dags/example_trigger_controller_dag.py
[2022-09-24T07:41:19.743+0000] {processor.py:758} INFO - Processing file /home/airflow/.local/lib/python3.7/site-packages/airflow/example_dags/example_trigger_controller_dag.py for tasks to queue
[2022-09-24T07:41:19.745+0000] {logging_mixin.py:117} INFO - [2022-09-24T07:41:19.745+0000] {dagbag.py:525} INFO - Filling up the DagBag from /home/airflow/.local/lib/python3.7/site-packages/airflow/example_dags/example_trigger_controller_dag.py
[2022-09-24T07:41:19.753+0000] {processor.py:768} INFO - DAG(s) dict_keys(['example_trigger_controller_dag']) retrieved from /home/airflow/.local/lib/python3.7/site-packages/airflow/example_dags/example_trigger_controller_dag.py
[2022-09-24T07:41:19.780+0000] {logging_mixin.py:117} INFO - [2022-09-24T07:41:19.780+0000] {dag.py:2573} INFO - Sync 1 DAGs
[2022-09-24T07:41:19.800+0000] {logging_mixin.py:117} INFO - [2022-09-24T07:41:19.800+0000] {dag.py:3328} INFO - Setting next_dagrun for example_trigger_controller_dag to 2021-01-01T00:00:00+00:00, run_after=2021-01-01T00:00:00+00:00
[2022-09-24T07:41:19.813+0000] {processor.py:178} INFO - Processing /home/airflow/.local/lib/python3.7/site-packages/airflow/example_dags/example_trigger_controller_dag.py took 0.075 seconds
[2022-09-24T07:41:50.084+0000] {processor.py:156} INFO - Started process (PID=32844) to work on /home/airflow/.local/lib/python3.7/site-packages/airflow/example_dags/example_trigger_controller_dag.py
[2022-09-24T07:41:50.085+0000] {processor.py:758} INFO - Processing file /home/airflow/.local/lib/python3.7/site-packages/airflow/example_dags/example_trigger_controller_dag.py for tasks to queue
[2022-09-24T07:41:50.087+0000] {logging_mixin.py:117} INFO - [2022-09-24T07:41:50.086+0000] {dagbag.py:525} INFO - Filling up the DagBag from /home/airflow/.local/lib/python3.7/site-packages/airflow/example_dags/example_trigger_controller_dag.py
[2022-09-24T07:41:50.098+0000] {processor.py:768} INFO - DAG(s) dict_keys(['example_trigger_controller_dag']) retrieved from /home/airflow/.local/lib/python3.7/site-packages/airflow/example_dags/example_trigger_controller_dag.py
[2022-09-24T07:41:50.129+0000] {logging_mixin.py:117} INFO - [2022-09-24T07:41:50.129+0000] {dag.py:2573} INFO - Sync 1 DAGs
[2022-09-24T07:41:50.144+0000] {logging_mixin.py:117} INFO - [2022-09-24T07:41:50.144+0000] {dag.py:3328} INFO - Setting next_dagrun for example_trigger_controller_dag to 2021-01-01T00:00:00+00:00, run_after=2021-01-01T00:00:00+00:00
[2022-09-24T07:41:50.157+0000] {processor.py:178} INFO - Processing /home/airflow/.local/lib/python3.7/site-packages/airflow/example_dags/example_trigger_controller_dag.py took 0.076 seconds
[2022-09-24T07:42:20.388+0000] {processor.py:156} INFO - Started process (PID=32907) to work on /home/airflow/.local/lib/python3.7/site-packages/airflow/example_dags/example_trigger_controller_dag.py
[2022-09-24T07:42:20.390+0000] {processor.py:758} INFO - Processing file /home/airflow/.local/lib/python3.7/site-packages/airflow/example_dags/example_trigger_controller_dag.py for tasks to queue
[2022-09-24T07:42:20.391+0000] {logging_mixin.py:117} INFO - [2022-09-24T07:42:20.391+0000] {dagbag.py:525} INFO - Filling up the DagBag from /home/airflow/.local/lib/python3.7/site-packages/airflow/example_dags/example_trigger_controller_dag.py
[2022-09-24T07:42:20.399+0000] {processor.py:768} INFO - DAG(s) dict_keys(['example_trigger_controller_dag']) retrieved from /home/airflow/.local/lib/python3.7/site-packages/airflow/example_dags/example_trigger_controller_dag.py
[2022-09-24T07:42:20.426+0000] {logging_mixin.py:117} INFO - [2022-09-24T07:42:20.426+0000] {dag.py:2573} INFO - Sync 1 DAGs
[2022-09-24T07:42:20.441+0000] {logging_mixin.py:117} INFO - [2022-09-24T07:42:20.441+0000] {dag.py:3328} INFO - Setting next_dagrun for example_trigger_controller_dag to 2021-01-01T00:00:00+00:00, run_after=2021-01-01T00:00:00+00:00
[2022-09-24T07:42:20.454+0000] {processor.py:178} INFO - Processing /home/airflow/.local/lib/python3.7/site-packages/airflow/example_dags/example_trigger_controller_dag.py took 0.068 seconds
[2022-09-24T07:42:50.584+0000] {processor.py:156} INFO - Started process (PID=32970) to work on /home/airflow/.local/lib/python3.7/site-packages/airflow/example_dags/example_trigger_controller_dag.py
[2022-09-24T07:42:50.586+0000] {processor.py:758} INFO - Processing file /home/airflow/.local/lib/python3.7/site-packages/airflow/example_dags/example_trigger_controller_dag.py for tasks to queue
[2022-09-24T07:42:50.587+0000] {logging_mixin.py:117} INFO - [2022-09-24T07:42:50.587+0000] {dagbag.py:525} INFO - Filling up the DagBag from /home/airflow/.local/lib/python3.7/site-packages/airflow/example_dags/example_trigger_controller_dag.py
[2022-09-24T07:42:50.596+0000] {processor.py:768} INFO - DAG(s) dict_keys(['example_trigger_controller_dag']) retrieved from /home/airflow/.local/lib/python3.7/site-packages/airflow/example_dags/example_trigger_controller_dag.py
[2022-09-24T07:42:50.622+0000] {logging_mixin.py:117} INFO - [2022-09-24T07:42:50.622+0000] {dag.py:2573} INFO - Sync 1 DAGs
[2022-09-24T07:42:50.636+0000] {logging_mixin.py:117} INFO - [2022-09-24T07:42:50.636+0000] {dag.py:3328} INFO - Setting next_dagrun for example_trigger_controller_dag to 2021-01-01T00:00:00+00:00, run_after=2021-01-01T00:00:00+00:00
[2022-09-24T07:42:50.648+0000] {processor.py:178} INFO - Processing /home/airflow/.local/lib/python3.7/site-packages/airflow/example_dags/example_trigger_controller_dag.py took 0.065 seconds
[2022-09-24T07:43:20.908+0000] {processor.py:156} INFO - Started process (PID=33033) to work on /home/airflow/.local/lib/python3.7/site-packages/airflow/example_dags/example_trigger_controller_dag.py
[2022-09-24T07:43:20.909+0000] {processor.py:758} INFO - Processing file /home/airflow/.local/lib/python3.7/site-packages/airflow/example_dags/example_trigger_controller_dag.py for tasks to queue
[2022-09-24T07:43:20.910+0000] {logging_mixin.py:117} INFO - [2022-09-24T07:43:20.910+0000] {dagbag.py:525} INFO - Filling up the DagBag from /home/airflow/.local/lib/python3.7/site-packages/airflow/example_dags/example_trigger_controller_dag.py
[2022-09-24T07:43:20.919+0000] {processor.py:768} INFO - DAG(s) dict_keys(['example_trigger_controller_dag']) retrieved from /home/airflow/.local/lib/python3.7/site-packages/airflow/example_dags/example_trigger_controller_dag.py
[2022-09-24T07:43:20.945+0000] {logging_mixin.py:117} INFO - [2022-09-24T07:43:20.944+0000] {dag.py:2573} INFO - Sync 1 DAGs
[2022-09-24T07:43:20.961+0000] {logging_mixin.py:117} INFO - [2022-09-24T07:43:20.961+0000] {dag.py:3328} INFO - Setting next_dagrun for example_trigger_controller_dag to 2021-01-01T00:00:00+00:00, run_after=2021-01-01T00:00:00+00:00
[2022-09-24T07:43:20.974+0000] {processor.py:178} INFO - Processing /home/airflow/.local/lib/python3.7/site-packages/airflow/example_dags/example_trigger_controller_dag.py took 0.068 seconds
[2022-09-24T07:43:51.079+0000] {processor.py:156} INFO - Started process (PID=33087) to work on /home/airflow/.local/lib/python3.7/site-packages/airflow/example_dags/example_trigger_controller_dag.py
[2022-09-24T07:43:51.080+0000] {processor.py:758} INFO - Processing file /home/airflow/.local/lib/python3.7/site-packages/airflow/example_dags/example_trigger_controller_dag.py for tasks to queue
[2022-09-24T07:43:51.081+0000] {logging_mixin.py:117} INFO - [2022-09-24T07:43:51.081+0000] {dagbag.py:525} INFO - Filling up the DagBag from /home/airflow/.local/lib/python3.7/site-packages/airflow/example_dags/example_trigger_controller_dag.py
[2022-09-24T07:43:51.090+0000] {processor.py:768} INFO - DAG(s) dict_keys(['example_trigger_controller_dag']) retrieved from /home/airflow/.local/lib/python3.7/site-packages/airflow/example_dags/example_trigger_controller_dag.py
[2022-09-24T07:43:51.122+0000] {logging_mixin.py:117} INFO - [2022-09-24T07:43:51.122+0000] {dag.py:2573} INFO - Sync 1 DAGs
[2022-09-24T07:43:51.140+0000] {logging_mixin.py:117} INFO - [2022-09-24T07:43:51.140+0000] {dag.py:3328} INFO - Setting next_dagrun for example_trigger_controller_dag to 2021-01-01T00:00:00+00:00, run_after=2021-01-01T00:00:00+00:00
[2022-09-24T07:43:51.153+0000] {processor.py:178} INFO - Processing /home/airflow/.local/lib/python3.7/site-packages/airflow/example_dags/example_trigger_controller_dag.py took 0.076 seconds
[2022-09-24T07:44:21.408+0000] {processor.py:156} INFO - Started process (PID=33149) to work on /home/airflow/.local/lib/python3.7/site-packages/airflow/example_dags/example_trigger_controller_dag.py
[2022-09-24T07:44:21.410+0000] {processor.py:758} INFO - Processing file /home/airflow/.local/lib/python3.7/site-packages/airflow/example_dags/example_trigger_controller_dag.py for tasks to queue
[2022-09-24T07:44:21.411+0000] {logging_mixin.py:117} INFO - [2022-09-24T07:44:21.411+0000] {dagbag.py:525} INFO - Filling up the DagBag from /home/airflow/.local/lib/python3.7/site-packages/airflow/example_dags/example_trigger_controller_dag.py
[2022-09-24T07:44:21.421+0000] {processor.py:768} INFO - DAG(s) dict_keys(['example_trigger_controller_dag']) retrieved from /home/airflow/.local/lib/python3.7/site-packages/airflow/example_dags/example_trigger_controller_dag.py
[2022-09-24T07:44:21.448+0000] {logging_mixin.py:117} INFO - [2022-09-24T07:44:21.448+0000] {dag.py:2573} INFO - Sync 1 DAGs
[2022-09-24T07:44:21.464+0000] {logging_mixin.py:117} INFO - [2022-09-24T07:44:21.464+0000] {dag.py:3328} INFO - Setting next_dagrun for example_trigger_controller_dag to 2021-01-01T00:00:00+00:00, run_after=2021-01-01T00:00:00+00:00
[2022-09-24T07:44:21.479+0000] {processor.py:178} INFO - Processing /home/airflow/.local/lib/python3.7/site-packages/airflow/example_dags/example_trigger_controller_dag.py took 0.073 seconds
[2022-09-24T07:44:51.649+0000] {processor.py:156} INFO - Started process (PID=33213) to work on /home/airflow/.local/lib/python3.7/site-packages/airflow/example_dags/example_trigger_controller_dag.py
[2022-09-24T07:44:51.651+0000] {processor.py:758} INFO - Processing file /home/airflow/.local/lib/python3.7/site-packages/airflow/example_dags/example_trigger_controller_dag.py for tasks to queue
[2022-09-24T07:44:51.652+0000] {logging_mixin.py:117} INFO - [2022-09-24T07:44:51.652+0000] {dagbag.py:525} INFO - Filling up the DagBag from /home/airflow/.local/lib/python3.7/site-packages/airflow/example_dags/example_trigger_controller_dag.py
[2022-09-24T07:44:51.660+0000] {processor.py:768} INFO - DAG(s) dict_keys(['example_trigger_controller_dag']) retrieved from /home/airflow/.local/lib/python3.7/site-packages/airflow/example_dags/example_trigger_controller_dag.py
[2022-09-24T07:44:51.691+0000] {logging_mixin.py:117} INFO - [2022-09-24T07:44:51.691+0000] {dag.py:2573} INFO - Sync 1 DAGs
[2022-09-24T07:44:51.707+0000] {logging_mixin.py:117} INFO - [2022-09-24T07:44:51.707+0000] {dag.py:3328} INFO - Setting next_dagrun for example_trigger_controller_dag to 2021-01-01T00:00:00+00:00, run_after=2021-01-01T00:00:00+00:00
[2022-09-24T07:44:51.721+0000] {processor.py:178} INFO - Processing /home/airflow/.local/lib/python3.7/site-packages/airflow/example_dags/example_trigger_controller_dag.py took 0.074 seconds
[2022-09-24T07:45:21.993+0000] {processor.py:156} INFO - Started process (PID=33277) to work on /home/airflow/.local/lib/python3.7/site-packages/airflow/example_dags/example_trigger_controller_dag.py
[2022-09-24T07:45:21.995+0000] {processor.py:758} INFO - Processing file /home/airflow/.local/lib/python3.7/site-packages/airflow/example_dags/example_trigger_controller_dag.py for tasks to queue
[2022-09-24T07:45:21.996+0000] {logging_mixin.py:117} INFO - [2022-09-24T07:45:21.996+0000] {dagbag.py:525} INFO - Filling up the DagBag from /home/airflow/.local/lib/python3.7/site-packages/airflow/example_dags/example_trigger_controller_dag.py
[2022-09-24T07:45:22.004+0000] {processor.py:768} INFO - DAG(s) dict_keys(['example_trigger_controller_dag']) retrieved from /home/airflow/.local/lib/python3.7/site-packages/airflow/example_dags/example_trigger_controller_dag.py
[2022-09-24T07:45:22.031+0000] {logging_mixin.py:117} INFO - [2022-09-24T07:45:22.031+0000] {dag.py:2573} INFO - Sync 1 DAGs
[2022-09-24T07:45:22.046+0000] {logging_mixin.py:117} INFO - [2022-09-24T07:45:22.046+0000] {dag.py:3328} INFO - Setting next_dagrun for example_trigger_controller_dag to 2021-01-01T00:00:00+00:00, run_after=2021-01-01T00:00:00+00:00
[2022-09-24T07:45:22.058+0000] {processor.py:178} INFO - Processing /home/airflow/.local/lib/python3.7/site-packages/airflow/example_dags/example_trigger_controller_dag.py took 0.067 seconds
[2022-09-24T07:45:52.345+0000] {processor.py:156} INFO - Started process (PID=33340) to work on /home/airflow/.local/lib/python3.7/site-packages/airflow/example_dags/example_trigger_controller_dag.py
[2022-09-24T07:45:52.346+0000] {processor.py:758} INFO - Processing file /home/airflow/.local/lib/python3.7/site-packages/airflow/example_dags/example_trigger_controller_dag.py for tasks to queue
[2022-09-24T07:45:52.347+0000] {logging_mixin.py:117} INFO - [2022-09-24T07:45:52.347+0000] {dagbag.py:525} INFO - Filling up the DagBag from /home/airflow/.local/lib/python3.7/site-packages/airflow/example_dags/example_trigger_controller_dag.py
[2022-09-24T07:45:52.356+0000] {processor.py:768} INFO - DAG(s) dict_keys(['example_trigger_controller_dag']) retrieved from /home/airflow/.local/lib/python3.7/site-packages/airflow/example_dags/example_trigger_controller_dag.py
[2022-09-24T07:45:52.386+0000] {logging_mixin.py:117} INFO - [2022-09-24T07:45:52.386+0000] {dag.py:2573} INFO - Sync 1 DAGs
[2022-09-24T07:45:52.401+0000] {logging_mixin.py:117} INFO - [2022-09-24T07:45:52.401+0000] {dag.py:3328} INFO - Setting next_dagrun for example_trigger_controller_dag to 2021-01-01T00:00:00+00:00, run_after=2021-01-01T00:00:00+00:00
[2022-09-24T07:45:52.413+0000] {processor.py:178} INFO - Processing /home/airflow/.local/lib/python3.7/site-packages/airflow/example_dags/example_trigger_controller_dag.py took 0.070 seconds
[2022-09-24T07:46:22.617+0000] {processor.py:156} INFO - Started process (PID=33403) to work on /home/airflow/.local/lib/python3.7/site-packages/airflow/example_dags/example_trigger_controller_dag.py
[2022-09-24T07:46:22.619+0000] {processor.py:758} INFO - Processing file /home/airflow/.local/lib/python3.7/site-packages/airflow/example_dags/example_trigger_controller_dag.py for tasks to queue
[2022-09-24T07:46:22.620+0000] {logging_mixin.py:117} INFO - [2022-09-24T07:46:22.620+0000] {dagbag.py:525} INFO - Filling up the DagBag from /home/airflow/.local/lib/python3.7/site-packages/airflow/example_dags/example_trigger_controller_dag.py
[2022-09-24T07:46:22.629+0000] {processor.py:768} INFO - DAG(s) dict_keys(['example_trigger_controller_dag']) retrieved from /home/airflow/.local/lib/python3.7/site-packages/airflow/example_dags/example_trigger_controller_dag.py
[2022-09-24T07:46:22.655+0000] {logging_mixin.py:117} INFO - [2022-09-24T07:46:22.655+0000] {dag.py:2573} INFO - Sync 1 DAGs
[2022-09-24T07:46:22.670+0000] {logging_mixin.py:117} INFO - [2022-09-24T07:46:22.670+0000] {dag.py:3328} INFO - Setting next_dagrun for example_trigger_controller_dag to 2021-01-01T00:00:00+00:00, run_after=2021-01-01T00:00:00+00:00
[2022-09-24T07:46:22.682+0000] {processor.py:178} INFO - Processing /home/airflow/.local/lib/python3.7/site-packages/airflow/example_dags/example_trigger_controller_dag.py took 0.068 seconds
[2022-09-24T07:46:53.141+0000] {processor.py:156} INFO - Started process (PID=33467) to work on /home/airflow/.local/lib/python3.7/site-packages/airflow/example_dags/example_trigger_controller_dag.py
[2022-09-24T07:46:53.143+0000] {processor.py:758} INFO - Processing file /home/airflow/.local/lib/python3.7/site-packages/airflow/example_dags/example_trigger_controller_dag.py for tasks to queue
[2022-09-24T07:46:53.144+0000] {logging_mixin.py:117} INFO - [2022-09-24T07:46:53.144+0000] {dagbag.py:525} INFO - Filling up the DagBag from /home/airflow/.local/lib/python3.7/site-packages/airflow/example_dags/example_trigger_controller_dag.py
[2022-09-24T07:46:53.152+0000] {processor.py:768} INFO - DAG(s) dict_keys(['example_trigger_controller_dag']) retrieved from /home/airflow/.local/lib/python3.7/site-packages/airflow/example_dags/example_trigger_controller_dag.py
[2022-09-24T07:46:53.180+0000] {logging_mixin.py:117} INFO - [2022-09-24T07:46:53.180+0000] {dag.py:2573} INFO - Sync 1 DAGs
[2022-09-24T07:46:53.194+0000] {logging_mixin.py:117} INFO - [2022-09-24T07:46:53.194+0000] {dag.py:3328} INFO - Setting next_dagrun for example_trigger_controller_dag to 2021-01-01T00:00:00+00:00, run_after=2021-01-01T00:00:00+00:00
[2022-09-24T07:46:53.208+0000] {processor.py:178} INFO - Processing /home/airflow/.local/lib/python3.7/site-packages/airflow/example_dags/example_trigger_controller_dag.py took 0.069 seconds
[2022-09-24T08:22:52.601+0000] {processor.py:156} INFO - Started process (PID=33521) to work on /home/airflow/.local/lib/python3.7/site-packages/airflow/example_dags/example_trigger_controller_dag.py
[2022-09-24T08:22:52.607+0000] {processor.py:758} INFO - Processing file /home/airflow/.local/lib/python3.7/site-packages/airflow/example_dags/example_trigger_controller_dag.py for tasks to queue
[2022-09-24T08:22:52.609+0000] {logging_mixin.py:117} INFO - [2022-09-24T08:22:52.608+0000] {dagbag.py:525} INFO - Filling up the DagBag from /home/airflow/.local/lib/python3.7/site-packages/airflow/example_dags/example_trigger_controller_dag.py
[2022-09-24T08:22:52.625+0000] {processor.py:768} INFO - DAG(s) dict_keys(['example_trigger_controller_dag']) retrieved from /home/airflow/.local/lib/python3.7/site-packages/airflow/example_dags/example_trigger_controller_dag.py
[2022-09-24T08:22:52.673+0000] {logging_mixin.py:117} INFO - [2022-09-24T08:22:52.673+0000] {dag.py:2573} INFO - Sync 1 DAGs
[2022-09-24T08:22:52.714+0000] {logging_mixin.py:117} INFO - [2022-09-24T08:22:52.714+0000] {dag.py:3328} INFO - Setting next_dagrun for example_trigger_controller_dag to 2021-01-01T00:00:00+00:00, run_after=2021-01-01T00:00:00+00:00
[2022-09-24T08:22:52.731+0000] {processor.py:178} INFO - Processing /home/airflow/.local/lib/python3.7/site-packages/airflow/example_dags/example_trigger_controller_dag.py took 0.132 seconds
[2022-09-24T08:25:48.960+0000] {processor.py:156} INFO - Started process (PID=33584) to work on /home/airflow/.local/lib/python3.7/site-packages/airflow/example_dags/example_trigger_controller_dag.py
[2022-09-24T08:25:48.962+0000] {processor.py:758} INFO - Processing file /home/airflow/.local/lib/python3.7/site-packages/airflow/example_dags/example_trigger_controller_dag.py for tasks to queue
[2022-09-24T08:25:48.964+0000] {logging_mixin.py:117} INFO - [2022-09-24T08:25:48.964+0000] {dagbag.py:525} INFO - Filling up the DagBag from /home/airflow/.local/lib/python3.7/site-packages/airflow/example_dags/example_trigger_controller_dag.py
[2022-09-24T08:25:48.981+0000] {processor.py:768} INFO - DAG(s) dict_keys(['example_trigger_controller_dag']) retrieved from /home/airflow/.local/lib/python3.7/site-packages/airflow/example_dags/example_trigger_controller_dag.py
[2022-09-24T08:25:49.030+0000] {logging_mixin.py:117} INFO - [2022-09-24T08:25:49.030+0000] {dag.py:2573} INFO - Sync 1 DAGs
[2022-09-24T08:25:49.056+0000] {logging_mixin.py:117} INFO - [2022-09-24T08:25:49.056+0000] {dag.py:3328} INFO - Setting next_dagrun for example_trigger_controller_dag to 2021-01-01T00:00:00+00:00, run_after=2021-01-01T00:00:00+00:00
[2022-09-24T08:25:49.076+0000] {processor.py:178} INFO - Processing /home/airflow/.local/lib/python3.7/site-packages/airflow/example_dags/example_trigger_controller_dag.py took 0.119 seconds
[2022-09-24T08:26:19.391+0000] {processor.py:156} INFO - Started process (PID=33638) to work on /home/airflow/.local/lib/python3.7/site-packages/airflow/example_dags/example_trigger_controller_dag.py
[2022-09-24T08:26:19.393+0000] {processor.py:758} INFO - Processing file /home/airflow/.local/lib/python3.7/site-packages/airflow/example_dags/example_trigger_controller_dag.py for tasks to queue
[2022-09-24T08:26:19.394+0000] {logging_mixin.py:117} INFO - [2022-09-24T08:26:19.394+0000] {dagbag.py:525} INFO - Filling up the DagBag from /home/airflow/.local/lib/python3.7/site-packages/airflow/example_dags/example_trigger_controller_dag.py
[2022-09-24T08:26:19.402+0000] {processor.py:768} INFO - DAG(s) dict_keys(['example_trigger_controller_dag']) retrieved from /home/airflow/.local/lib/python3.7/site-packages/airflow/example_dags/example_trigger_controller_dag.py
[2022-09-24T08:26:19.429+0000] {logging_mixin.py:117} INFO - [2022-09-24T08:26:19.429+0000] {dag.py:2573} INFO - Sync 1 DAGs
[2022-09-24T08:26:19.443+0000] {logging_mixin.py:117} INFO - [2022-09-24T08:26:19.443+0000] {dag.py:3328} INFO - Setting next_dagrun for example_trigger_controller_dag to 2021-01-01T00:00:00+00:00, run_after=2021-01-01T00:00:00+00:00
[2022-09-24T08:26:19.455+0000] {processor.py:178} INFO - Processing /home/airflow/.local/lib/python3.7/site-packages/airflow/example_dags/example_trigger_controller_dag.py took 0.066 seconds
[2022-09-24T08:26:49.685+0000] {processor.py:156} INFO - Started process (PID=33701) to work on /home/airflow/.local/lib/python3.7/site-packages/airflow/example_dags/example_trigger_controller_dag.py
[2022-09-24T08:26:49.687+0000] {processor.py:758} INFO - Processing file /home/airflow/.local/lib/python3.7/site-packages/airflow/example_dags/example_trigger_controller_dag.py for tasks to queue
[2022-09-24T08:26:49.688+0000] {logging_mixin.py:117} INFO - [2022-09-24T08:26:49.688+0000] {dagbag.py:525} INFO - Filling up the DagBag from /home/airflow/.local/lib/python3.7/site-packages/airflow/example_dags/example_trigger_controller_dag.py
[2022-09-24T08:26:49.697+0000] {processor.py:768} INFO - DAG(s) dict_keys(['example_trigger_controller_dag']) retrieved from /home/airflow/.local/lib/python3.7/site-packages/airflow/example_dags/example_trigger_controller_dag.py
[2022-09-24T08:26:49.724+0000] {logging_mixin.py:117} INFO - [2022-09-24T08:26:49.724+0000] {dag.py:2573} INFO - Sync 1 DAGs
[2022-09-24T08:26:49.741+0000] {logging_mixin.py:117} INFO - [2022-09-24T08:26:49.741+0000] {dag.py:3328} INFO - Setting next_dagrun for example_trigger_controller_dag to 2021-01-01T00:00:00+00:00, run_after=2021-01-01T00:00:00+00:00
[2022-09-24T08:26:49.761+0000] {processor.py:178} INFO - Processing /home/airflow/.local/lib/python3.7/site-packages/airflow/example_dags/example_trigger_controller_dag.py took 0.078 seconds
[2022-09-24T08:27:20.090+0000] {processor.py:156} INFO - Started process (PID=33764) to work on /home/airflow/.local/lib/python3.7/site-packages/airflow/example_dags/example_trigger_controller_dag.py
[2022-09-24T08:27:20.091+0000] {processor.py:758} INFO - Processing file /home/airflow/.local/lib/python3.7/site-packages/airflow/example_dags/example_trigger_controller_dag.py for tasks to queue
[2022-09-24T08:27:20.092+0000] {logging_mixin.py:117} INFO - [2022-09-24T08:27:20.092+0000] {dagbag.py:525} INFO - Filling up the DagBag from /home/airflow/.local/lib/python3.7/site-packages/airflow/example_dags/example_trigger_controller_dag.py
[2022-09-24T08:27:20.099+0000] {processor.py:768} INFO - DAG(s) dict_keys(['example_trigger_controller_dag']) retrieved from /home/airflow/.local/lib/python3.7/site-packages/airflow/example_dags/example_trigger_controller_dag.py
[2022-09-24T08:27:20.124+0000] {logging_mixin.py:117} INFO - [2022-09-24T08:27:20.123+0000] {dag.py:2573} INFO - Sync 1 DAGs
[2022-09-24T08:27:20.137+0000] {logging_mixin.py:117} INFO - [2022-09-24T08:27:20.137+0000] {dag.py:3328} INFO - Setting next_dagrun for example_trigger_controller_dag to 2021-01-01T00:00:00+00:00, run_after=2021-01-01T00:00:00+00:00
[2022-09-24T08:27:20.149+0000] {processor.py:178} INFO - Processing /home/airflow/.local/lib/python3.7/site-packages/airflow/example_dags/example_trigger_controller_dag.py took 0.062 seconds
[2022-09-24T08:27:50.296+0000] {processor.py:156} INFO - Started process (PID=33826) to work on /home/airflow/.local/lib/python3.7/site-packages/airflow/example_dags/example_trigger_controller_dag.py
[2022-09-24T08:27:50.298+0000] {processor.py:758} INFO - Processing file /home/airflow/.local/lib/python3.7/site-packages/airflow/example_dags/example_trigger_controller_dag.py for tasks to queue
[2022-09-24T08:27:50.299+0000] {logging_mixin.py:117} INFO - [2022-09-24T08:27:50.299+0000] {dagbag.py:525} INFO - Filling up the DagBag from /home/airflow/.local/lib/python3.7/site-packages/airflow/example_dags/example_trigger_controller_dag.py
[2022-09-24T08:27:50.307+0000] {processor.py:768} INFO - DAG(s) dict_keys(['example_trigger_controller_dag']) retrieved from /home/airflow/.local/lib/python3.7/site-packages/airflow/example_dags/example_trigger_controller_dag.py
[2022-09-24T08:27:50.333+0000] {logging_mixin.py:117} INFO - [2022-09-24T08:27:50.333+0000] {dag.py:2573} INFO - Sync 1 DAGs
[2022-09-24T08:27:50.347+0000] {logging_mixin.py:117} INFO - [2022-09-24T08:27:50.347+0000] {dag.py:3328} INFO - Setting next_dagrun for example_trigger_controller_dag to 2021-01-01T00:00:00+00:00, run_after=2021-01-01T00:00:00+00:00
[2022-09-24T08:27:50.359+0000] {processor.py:178} INFO - Processing /home/airflow/.local/lib/python3.7/site-packages/airflow/example_dags/example_trigger_controller_dag.py took 0.065 seconds
[2022-09-24T08:28:20.673+0000] {processor.py:156} INFO - Started process (PID=33890) to work on /home/airflow/.local/lib/python3.7/site-packages/airflow/example_dags/example_trigger_controller_dag.py
[2022-09-24T08:28:20.675+0000] {processor.py:758} INFO - Processing file /home/airflow/.local/lib/python3.7/site-packages/airflow/example_dags/example_trigger_controller_dag.py for tasks to queue
[2022-09-24T08:28:20.676+0000] {logging_mixin.py:117} INFO - [2022-09-24T08:28:20.676+0000] {dagbag.py:525} INFO - Filling up the DagBag from /home/airflow/.local/lib/python3.7/site-packages/airflow/example_dags/example_trigger_controller_dag.py
[2022-09-24T08:28:20.685+0000] {processor.py:768} INFO - DAG(s) dict_keys(['example_trigger_controller_dag']) retrieved from /home/airflow/.local/lib/python3.7/site-packages/airflow/example_dags/example_trigger_controller_dag.py
[2022-09-24T08:28:20.712+0000] {logging_mixin.py:117} INFO - [2022-09-24T08:28:20.712+0000] {dag.py:2573} INFO - Sync 1 DAGs
[2022-09-24T08:28:20.728+0000] {logging_mixin.py:117} INFO - [2022-09-24T08:28:20.727+0000] {dag.py:3328} INFO - Setting next_dagrun for example_trigger_controller_dag to 2021-01-01T00:00:00+00:00, run_after=2021-01-01T00:00:00+00:00
[2022-09-24T08:28:20.741+0000] {processor.py:178} INFO - Processing /home/airflow/.local/lib/python3.7/site-packages/airflow/example_dags/example_trigger_controller_dag.py took 0.071 seconds
[2022-09-24T08:28:50.849+0000] {processor.py:156} INFO - Started process (PID=33953) to work on /home/airflow/.local/lib/python3.7/site-packages/airflow/example_dags/example_trigger_controller_dag.py
[2022-09-24T08:28:50.851+0000] {processor.py:758} INFO - Processing file /home/airflow/.local/lib/python3.7/site-packages/airflow/example_dags/example_trigger_controller_dag.py for tasks to queue
[2022-09-24T08:28:50.852+0000] {logging_mixin.py:117} INFO - [2022-09-24T08:28:50.852+0000] {dagbag.py:525} INFO - Filling up the DagBag from /home/airflow/.local/lib/python3.7/site-packages/airflow/example_dags/example_trigger_controller_dag.py
[2022-09-24T08:28:50.860+0000] {processor.py:768} INFO - DAG(s) dict_keys(['example_trigger_controller_dag']) retrieved from /home/airflow/.local/lib/python3.7/site-packages/airflow/example_dags/example_trigger_controller_dag.py
[2022-09-24T08:28:50.886+0000] {logging_mixin.py:117} INFO - [2022-09-24T08:28:50.886+0000] {dag.py:2573} INFO - Sync 1 DAGs
[2022-09-24T08:28:50.901+0000] {logging_mixin.py:117} INFO - [2022-09-24T08:28:50.901+0000] {dag.py:3328} INFO - Setting next_dagrun for example_trigger_controller_dag to 2021-01-01T00:00:00+00:00, run_after=2021-01-01T00:00:00+00:00
[2022-09-24T08:28:50.914+0000] {processor.py:178} INFO - Processing /home/airflow/.local/lib/python3.7/site-packages/airflow/example_dags/example_trigger_controller_dag.py took 0.066 seconds
[2022-09-24T08:29:21.392+0000] {processor.py:156} INFO - Started process (PID=34017) to work on /home/airflow/.local/lib/python3.7/site-packages/airflow/example_dags/example_trigger_controller_dag.py
[2022-09-24T08:29:21.394+0000] {processor.py:758} INFO - Processing file /home/airflow/.local/lib/python3.7/site-packages/airflow/example_dags/example_trigger_controller_dag.py for tasks to queue
[2022-09-24T08:29:21.395+0000] {logging_mixin.py:117} INFO - [2022-09-24T08:29:21.395+0000] {dagbag.py:525} INFO - Filling up the DagBag from /home/airflow/.local/lib/python3.7/site-packages/airflow/example_dags/example_trigger_controller_dag.py
[2022-09-24T08:29:21.404+0000] {processor.py:768} INFO - DAG(s) dict_keys(['example_trigger_controller_dag']) retrieved from /home/airflow/.local/lib/python3.7/site-packages/airflow/example_dags/example_trigger_controller_dag.py
[2022-09-24T08:29:21.429+0000] {logging_mixin.py:117} INFO - [2022-09-24T08:29:21.429+0000] {dag.py:2573} INFO - Sync 1 DAGs
[2022-09-24T08:29:21.445+0000] {logging_mixin.py:117} INFO - [2022-09-24T08:29:21.444+0000] {dag.py:3328} INFO - Setting next_dagrun for example_trigger_controller_dag to 2021-01-01T00:00:00+00:00, run_after=2021-01-01T00:00:00+00:00
[2022-09-24T08:29:21.459+0000] {processor.py:178} INFO - Processing /home/airflow/.local/lib/python3.7/site-packages/airflow/example_dags/example_trigger_controller_dag.py took 0.069 seconds
[2022-09-24T08:29:51.761+0000] {processor.py:156} INFO - Started process (PID=34071) to work on /home/airflow/.local/lib/python3.7/site-packages/airflow/example_dags/example_trigger_controller_dag.py
[2022-09-24T08:29:51.763+0000] {processor.py:758} INFO - Processing file /home/airflow/.local/lib/python3.7/site-packages/airflow/example_dags/example_trigger_controller_dag.py for tasks to queue
[2022-09-24T08:29:51.765+0000] {logging_mixin.py:117} INFO - [2022-09-24T08:29:51.765+0000] {dagbag.py:525} INFO - Filling up the DagBag from /home/airflow/.local/lib/python3.7/site-packages/airflow/example_dags/example_trigger_controller_dag.py
[2022-09-24T08:29:51.775+0000] {processor.py:768} INFO - DAG(s) dict_keys(['example_trigger_controller_dag']) retrieved from /home/airflow/.local/lib/python3.7/site-packages/airflow/example_dags/example_trigger_controller_dag.py
[2022-09-24T08:29:51.806+0000] {logging_mixin.py:117} INFO - [2022-09-24T08:29:51.805+0000] {dag.py:2573} INFO - Sync 1 DAGs
[2022-09-24T08:29:51.824+0000] {logging_mixin.py:117} INFO - [2022-09-24T08:29:51.824+0000] {dag.py:3328} INFO - Setting next_dagrun for example_trigger_controller_dag to 2021-01-01T00:00:00+00:00, run_after=2021-01-01T00:00:00+00:00
[2022-09-24T08:29:51.848+0000] {processor.py:178} INFO - Processing /home/airflow/.local/lib/python3.7/site-packages/airflow/example_dags/example_trigger_controller_dag.py took 0.090 seconds
[2022-09-24T08:30:22.112+0000] {processor.py:156} INFO - Started process (PID=34134) to work on /home/airflow/.local/lib/python3.7/site-packages/airflow/example_dags/example_trigger_controller_dag.py
[2022-09-24T08:30:22.114+0000] {processor.py:758} INFO - Processing file /home/airflow/.local/lib/python3.7/site-packages/airflow/example_dags/example_trigger_controller_dag.py for tasks to queue
[2022-09-24T08:30:22.115+0000] {logging_mixin.py:117} INFO - [2022-09-24T08:30:22.115+0000] {dagbag.py:525} INFO - Filling up the DagBag from /home/airflow/.local/lib/python3.7/site-packages/airflow/example_dags/example_trigger_controller_dag.py
[2022-09-24T08:30:22.123+0000] {processor.py:768} INFO - DAG(s) dict_keys(['example_trigger_controller_dag']) retrieved from /home/airflow/.local/lib/python3.7/site-packages/airflow/example_dags/example_trigger_controller_dag.py
[2022-09-24T08:30:22.149+0000] {logging_mixin.py:117} INFO - [2022-09-24T08:30:22.149+0000] {dag.py:2573} INFO - Sync 1 DAGs
[2022-09-24T08:30:22.165+0000] {logging_mixin.py:117} INFO - [2022-09-24T08:30:22.164+0000] {dag.py:3328} INFO - Setting next_dagrun for example_trigger_controller_dag to 2021-01-01T00:00:00+00:00, run_after=2021-01-01T00:00:00+00:00
[2022-09-24T08:30:22.177+0000] {processor.py:178} INFO - Processing /home/airflow/.local/lib/python3.7/site-packages/airflow/example_dags/example_trigger_controller_dag.py took 0.067 seconds
[2022-09-24T08:30:52.279+0000] {processor.py:156} INFO - Started process (PID=34198) to work on /home/airflow/.local/lib/python3.7/site-packages/airflow/example_dags/example_trigger_controller_dag.py
[2022-09-24T08:30:52.281+0000] {processor.py:758} INFO - Processing file /home/airflow/.local/lib/python3.7/site-packages/airflow/example_dags/example_trigger_controller_dag.py for tasks to queue
[2022-09-24T08:30:52.281+0000] {logging_mixin.py:117} INFO - [2022-09-24T08:30:52.281+0000] {dagbag.py:525} INFO - Filling up the DagBag from /home/airflow/.local/lib/python3.7/site-packages/airflow/example_dags/example_trigger_controller_dag.py
[2022-09-24T08:30:52.290+0000] {processor.py:768} INFO - DAG(s) dict_keys(['example_trigger_controller_dag']) retrieved from /home/airflow/.local/lib/python3.7/site-packages/airflow/example_dags/example_trigger_controller_dag.py
[2022-09-24T08:30:52.328+0000] {logging_mixin.py:117} INFO - [2022-09-24T08:30:52.327+0000] {dag.py:2573} INFO - Sync 1 DAGs
[2022-09-24T08:30:52.343+0000] {logging_mixin.py:117} INFO - [2022-09-24T08:30:52.343+0000] {dag.py:3328} INFO - Setting next_dagrun for example_trigger_controller_dag to 2021-01-01T00:00:00+00:00, run_after=2021-01-01T00:00:00+00:00
[2022-09-24T08:30:52.357+0000] {processor.py:178} INFO - Processing /home/airflow/.local/lib/python3.7/site-packages/airflow/example_dags/example_trigger_controller_dag.py took 0.080 seconds
[2022-09-24T08:31:22.700+0000] {processor.py:156} INFO - Started process (PID=34261) to work on /home/airflow/.local/lib/python3.7/site-packages/airflow/example_dags/example_trigger_controller_dag.py
[2022-09-24T08:31:22.701+0000] {processor.py:758} INFO - Processing file /home/airflow/.local/lib/python3.7/site-packages/airflow/example_dags/example_trigger_controller_dag.py for tasks to queue
[2022-09-24T08:31:22.702+0000] {logging_mixin.py:117} INFO - [2022-09-24T08:31:22.702+0000] {dagbag.py:525} INFO - Filling up the DagBag from /home/airflow/.local/lib/python3.7/site-packages/airflow/example_dags/example_trigger_controller_dag.py
[2022-09-24T08:31:22.711+0000] {processor.py:768} INFO - DAG(s) dict_keys(['example_trigger_controller_dag']) retrieved from /home/airflow/.local/lib/python3.7/site-packages/airflow/example_dags/example_trigger_controller_dag.py
[2022-09-24T08:31:22.737+0000] {logging_mixin.py:117} INFO - [2022-09-24T08:31:22.736+0000] {dag.py:2573} INFO - Sync 1 DAGs
[2022-09-24T08:31:22.752+0000] {logging_mixin.py:117} INFO - [2022-09-24T08:31:22.752+0000] {dag.py:3328} INFO - Setting next_dagrun for example_trigger_controller_dag to 2021-01-01T00:00:00+00:00, run_after=2021-01-01T00:00:00+00:00
[2022-09-24T08:31:22.764+0000] {processor.py:178} INFO - Processing /home/airflow/.local/lib/python3.7/site-packages/airflow/example_dags/example_trigger_controller_dag.py took 0.066 seconds
[2022-09-24T08:31:52.914+0000] {processor.py:156} INFO - Started process (PID=34323) to work on /home/airflow/.local/lib/python3.7/site-packages/airflow/example_dags/example_trigger_controller_dag.py
[2022-09-24T08:31:52.916+0000] {processor.py:758} INFO - Processing file /home/airflow/.local/lib/python3.7/site-packages/airflow/example_dags/example_trigger_controller_dag.py for tasks to queue
[2022-09-24T08:31:52.917+0000] {logging_mixin.py:117} INFO - [2022-09-24T08:31:52.917+0000] {dagbag.py:525} INFO - Filling up the DagBag from /home/airflow/.local/lib/python3.7/site-packages/airflow/example_dags/example_trigger_controller_dag.py
[2022-09-24T08:31:52.926+0000] {processor.py:768} INFO - DAG(s) dict_keys(['example_trigger_controller_dag']) retrieved from /home/airflow/.local/lib/python3.7/site-packages/airflow/example_dags/example_trigger_controller_dag.py
[2022-09-24T08:31:52.954+0000] {logging_mixin.py:117} INFO - [2022-09-24T08:31:52.954+0000] {dag.py:2573} INFO - Sync 1 DAGs
[2022-09-24T08:31:52.969+0000] {logging_mixin.py:117} INFO - [2022-09-24T08:31:52.969+0000] {dag.py:3328} INFO - Setting next_dagrun for example_trigger_controller_dag to 2021-01-01T00:00:00+00:00, run_after=2021-01-01T00:00:00+00:00
[2022-09-24T08:31:52.980+0000] {processor.py:178} INFO - Processing /home/airflow/.local/lib/python3.7/site-packages/airflow/example_dags/example_trigger_controller_dag.py took 0.069 seconds
[2022-09-24T08:32:23.167+0000] {processor.py:156} INFO - Started process (PID=34383) to work on /home/airflow/.local/lib/python3.7/site-packages/airflow/example_dags/example_trigger_controller_dag.py
[2022-09-24T08:32:23.171+0000] {processor.py:758} INFO - Processing file /home/airflow/.local/lib/python3.7/site-packages/airflow/example_dags/example_trigger_controller_dag.py for tasks to queue
[2022-09-24T08:32:23.172+0000] {logging_mixin.py:117} INFO - [2022-09-24T08:32:23.172+0000] {dagbag.py:525} INFO - Filling up the DagBag from /home/airflow/.local/lib/python3.7/site-packages/airflow/example_dags/example_trigger_controller_dag.py
[2022-09-24T08:32:23.181+0000] {processor.py:768} INFO - DAG(s) dict_keys(['example_trigger_controller_dag']) retrieved from /home/airflow/.local/lib/python3.7/site-packages/airflow/example_dags/example_trigger_controller_dag.py
[2022-09-24T08:32:23.211+0000] {logging_mixin.py:117} INFO - [2022-09-24T08:32:23.211+0000] {dag.py:2573} INFO - Sync 1 DAGs
[2022-09-24T08:32:23.228+0000] {logging_mixin.py:117} INFO - [2022-09-24T08:32:23.228+0000] {dag.py:3328} INFO - Setting next_dagrun for example_trigger_controller_dag to 2021-01-01T00:00:00+00:00, run_after=2021-01-01T00:00:00+00:00
[2022-09-24T08:32:23.240+0000] {processor.py:178} INFO - Processing /home/airflow/.local/lib/python3.7/site-packages/airflow/example_dags/example_trigger_controller_dag.py took 0.076 seconds
[2022-09-24T08:32:53.638+0000] {processor.py:156} INFO - Started process (PID=34439) to work on /home/airflow/.local/lib/python3.7/site-packages/airflow/example_dags/example_trigger_controller_dag.py
[2022-09-24T08:32:53.639+0000] {processor.py:758} INFO - Processing file /home/airflow/.local/lib/python3.7/site-packages/airflow/example_dags/example_trigger_controller_dag.py for tasks to queue
[2022-09-24T08:32:53.641+0000] {logging_mixin.py:117} INFO - [2022-09-24T08:32:53.641+0000] {dagbag.py:525} INFO - Filling up the DagBag from /home/airflow/.local/lib/python3.7/site-packages/airflow/example_dags/example_trigger_controller_dag.py
[2022-09-24T08:32:53.651+0000] {processor.py:768} INFO - DAG(s) dict_keys(['example_trigger_controller_dag']) retrieved from /home/airflow/.local/lib/python3.7/site-packages/airflow/example_dags/example_trigger_controller_dag.py
[2022-09-24T08:32:53.677+0000] {logging_mixin.py:117} INFO - [2022-09-24T08:32:53.677+0000] {dag.py:2573} INFO - Sync 1 DAGs
[2022-09-24T08:32:53.695+0000] {logging_mixin.py:117} INFO - [2022-09-24T08:32:53.695+0000] {dag.py:3328} INFO - Setting next_dagrun for example_trigger_controller_dag to 2021-01-01T00:00:00+00:00, run_after=2021-01-01T00:00:00+00:00
[2022-09-24T08:32:53.710+0000] {processor.py:178} INFO - Processing /home/airflow/.local/lib/python3.7/site-packages/airflow/example_dags/example_trigger_controller_dag.py took 0.076 seconds
[2022-09-24T08:33:23.988+0000] {processor.py:156} INFO - Started process (PID=34502) to work on /home/airflow/.local/lib/python3.7/site-packages/airflow/example_dags/example_trigger_controller_dag.py
[2022-09-24T08:33:23.990+0000] {processor.py:758} INFO - Processing file /home/airflow/.local/lib/python3.7/site-packages/airflow/example_dags/example_trigger_controller_dag.py for tasks to queue
[2022-09-24T08:33:23.991+0000] {logging_mixin.py:117} INFO - [2022-09-24T08:33:23.991+0000] {dagbag.py:525} INFO - Filling up the DagBag from /home/airflow/.local/lib/python3.7/site-packages/airflow/example_dags/example_trigger_controller_dag.py
[2022-09-24T08:33:24.001+0000] {processor.py:768} INFO - DAG(s) dict_keys(['example_trigger_controller_dag']) retrieved from /home/airflow/.local/lib/python3.7/site-packages/airflow/example_dags/example_trigger_controller_dag.py
[2022-09-24T08:33:24.032+0000] {logging_mixin.py:117} INFO - [2022-09-24T08:33:24.032+0000] {dag.py:2573} INFO - Sync 1 DAGs
[2022-09-24T08:33:24.050+0000] {logging_mixin.py:117} INFO - [2022-09-24T08:33:24.049+0000] {dag.py:3328} INFO - Setting next_dagrun for example_trigger_controller_dag to 2021-01-01T00:00:00+00:00, run_after=2021-01-01T00:00:00+00:00
[2022-09-24T08:33:24.062+0000] {processor.py:178} INFO - Processing /home/airflow/.local/lib/python3.7/site-packages/airflow/example_dags/example_trigger_controller_dag.py took 0.077 seconds
[2022-09-24T08:33:54.380+0000] {processor.py:156} INFO - Started process (PID=34565) to work on /home/airflow/.local/lib/python3.7/site-packages/airflow/example_dags/example_trigger_controller_dag.py
[2022-09-24T08:33:54.381+0000] {processor.py:758} INFO - Processing file /home/airflow/.local/lib/python3.7/site-packages/airflow/example_dags/example_trigger_controller_dag.py for tasks to queue
[2022-09-24T08:33:54.382+0000] {logging_mixin.py:117} INFO - [2022-09-24T08:33:54.382+0000] {dagbag.py:525} INFO - Filling up the DagBag from /home/airflow/.local/lib/python3.7/site-packages/airflow/example_dags/example_trigger_controller_dag.py
[2022-09-24T08:33:54.391+0000] {processor.py:768} INFO - DAG(s) dict_keys(['example_trigger_controller_dag']) retrieved from /home/airflow/.local/lib/python3.7/site-packages/airflow/example_dags/example_trigger_controller_dag.py
[2022-09-24T08:33:54.417+0000] {logging_mixin.py:117} INFO - [2022-09-24T08:33:54.417+0000] {dag.py:2573} INFO - Sync 1 DAGs
[2022-09-24T08:33:54.432+0000] {logging_mixin.py:117} INFO - [2022-09-24T08:33:54.432+0000] {dag.py:3328} INFO - Setting next_dagrun for example_trigger_controller_dag to 2021-01-01T00:00:00+00:00, run_after=2021-01-01T00:00:00+00:00
[2022-09-24T08:33:54.446+0000] {processor.py:178} INFO - Processing /home/airflow/.local/lib/python3.7/site-packages/airflow/example_dags/example_trigger_controller_dag.py took 0.068 seconds
[2022-09-24T08:34:24.749+0000] {processor.py:156} INFO - Started process (PID=34628) to work on /home/airflow/.local/lib/python3.7/site-packages/airflow/example_dags/example_trigger_controller_dag.py
[2022-09-24T08:34:24.750+0000] {processor.py:758} INFO - Processing file /home/airflow/.local/lib/python3.7/site-packages/airflow/example_dags/example_trigger_controller_dag.py for tasks to queue
[2022-09-24T08:34:24.752+0000] {logging_mixin.py:117} INFO - [2022-09-24T08:34:24.752+0000] {dagbag.py:525} INFO - Filling up the DagBag from /home/airflow/.local/lib/python3.7/site-packages/airflow/example_dags/example_trigger_controller_dag.py
[2022-09-24T08:34:24.760+0000] {processor.py:768} INFO - DAG(s) dict_keys(['example_trigger_controller_dag']) retrieved from /home/airflow/.local/lib/python3.7/site-packages/airflow/example_dags/example_trigger_controller_dag.py
[2022-09-24T08:34:24.786+0000] {logging_mixin.py:117} INFO - [2022-09-24T08:34:24.786+0000] {dag.py:2573} INFO - Sync 1 DAGs
[2022-09-24T08:34:24.801+0000] {logging_mixin.py:117} INFO - [2022-09-24T08:34:24.801+0000] {dag.py:3328} INFO - Setting next_dagrun for example_trigger_controller_dag to 2021-01-01T00:00:00+00:00, run_after=2021-01-01T00:00:00+00:00
[2022-09-24T08:34:24.814+0000] {processor.py:178} INFO - Processing /home/airflow/.local/lib/python3.7/site-packages/airflow/example_dags/example_trigger_controller_dag.py took 0.067 seconds
[2022-09-24T08:34:54.947+0000] {processor.py:156} INFO - Started process (PID=34690) to work on /home/airflow/.local/lib/python3.7/site-packages/airflow/example_dags/example_trigger_controller_dag.py
[2022-09-24T08:34:54.948+0000] {processor.py:758} INFO - Processing file /home/airflow/.local/lib/python3.7/site-packages/airflow/example_dags/example_trigger_controller_dag.py for tasks to queue
[2022-09-24T08:34:54.950+0000] {logging_mixin.py:117} INFO - [2022-09-24T08:34:54.949+0000] {dagbag.py:525} INFO - Filling up the DagBag from /home/airflow/.local/lib/python3.7/site-packages/airflow/example_dags/example_trigger_controller_dag.py
[2022-09-24T08:34:54.958+0000] {processor.py:768} INFO - DAG(s) dict_keys(['example_trigger_controller_dag']) retrieved from /home/airflow/.local/lib/python3.7/site-packages/airflow/example_dags/example_trigger_controller_dag.py
[2022-09-24T08:34:54.982+0000] {logging_mixin.py:117} INFO - [2022-09-24T08:34:54.982+0000] {dag.py:2573} INFO - Sync 1 DAGs
[2022-09-24T08:34:55.001+0000] {logging_mixin.py:117} INFO - [2022-09-24T08:34:55.001+0000] {dag.py:3328} INFO - Setting next_dagrun for example_trigger_controller_dag to 2021-01-01T00:00:00+00:00, run_after=2021-01-01T00:00:00+00:00
[2022-09-24T08:34:55.014+0000] {processor.py:178} INFO - Processing /home/airflow/.local/lib/python3.7/site-packages/airflow/example_dags/example_trigger_controller_dag.py took 0.069 seconds
[2022-09-24T08:35:25.506+0000] {processor.py:156} INFO - Started process (PID=34754) to work on /home/airflow/.local/lib/python3.7/site-packages/airflow/example_dags/example_trigger_controller_dag.py
[2022-09-24T08:35:25.508+0000] {processor.py:758} INFO - Processing file /home/airflow/.local/lib/python3.7/site-packages/airflow/example_dags/example_trigger_controller_dag.py for tasks to queue
[2022-09-24T08:35:25.510+0000] {logging_mixin.py:117} INFO - [2022-09-24T08:35:25.510+0000] {dagbag.py:525} INFO - Filling up the DagBag from /home/airflow/.local/lib/python3.7/site-packages/airflow/example_dags/example_trigger_controller_dag.py
[2022-09-24T08:35:25.518+0000] {processor.py:768} INFO - DAG(s) dict_keys(['example_trigger_controller_dag']) retrieved from /home/airflow/.local/lib/python3.7/site-packages/airflow/example_dags/example_trigger_controller_dag.py
[2022-09-24T08:35:25.547+0000] {logging_mixin.py:117} INFO - [2022-09-24T08:35:25.547+0000] {dag.py:2573} INFO - Sync 1 DAGs
[2022-09-24T08:35:25.565+0000] {logging_mixin.py:117} INFO - [2022-09-24T08:35:25.565+0000] {dag.py:3328} INFO - Setting next_dagrun for example_trigger_controller_dag to 2021-01-01T00:00:00+00:00, run_after=2021-01-01T00:00:00+00:00
[2022-09-24T08:35:25.580+0000] {processor.py:178} INFO - Processing /home/airflow/.local/lib/python3.7/site-packages/airflow/example_dags/example_trigger_controller_dag.py took 0.076 seconds
[2022-09-24T08:35:55.858+0000] {processor.py:156} INFO - Started process (PID=34808) to work on /home/airflow/.local/lib/python3.7/site-packages/airflow/example_dags/example_trigger_controller_dag.py
[2022-09-24T08:35:55.860+0000] {processor.py:758} INFO - Processing file /home/airflow/.local/lib/python3.7/site-packages/airflow/example_dags/example_trigger_controller_dag.py for tasks to queue
[2022-09-24T08:35:55.862+0000] {logging_mixin.py:117} INFO - [2022-09-24T08:35:55.862+0000] {dagbag.py:525} INFO - Filling up the DagBag from /home/airflow/.local/lib/python3.7/site-packages/airflow/example_dags/example_trigger_controller_dag.py
[2022-09-24T08:35:55.872+0000] {processor.py:768} INFO - DAG(s) dict_keys(['example_trigger_controller_dag']) retrieved from /home/airflow/.local/lib/python3.7/site-packages/airflow/example_dags/example_trigger_controller_dag.py
[2022-09-24T08:35:55.907+0000] {logging_mixin.py:117} INFO - [2022-09-24T08:35:55.907+0000] {dag.py:2573} INFO - Sync 1 DAGs
[2022-09-24T08:35:55.925+0000] {logging_mixin.py:117} INFO - [2022-09-24T08:35:55.925+0000] {dag.py:3328} INFO - Setting next_dagrun for example_trigger_controller_dag to 2021-01-01T00:00:00+00:00, run_after=2021-01-01T00:00:00+00:00
[2022-09-24T08:35:55.944+0000] {processor.py:178} INFO - Processing /home/airflow/.local/lib/python3.7/site-packages/airflow/example_dags/example_trigger_controller_dag.py took 0.088 seconds
[2022-09-24T08:36:26.056+0000] {processor.py:156} INFO - Started process (PID=34871) to work on /home/airflow/.local/lib/python3.7/site-packages/airflow/example_dags/example_trigger_controller_dag.py
[2022-09-24T08:36:26.057+0000] {processor.py:758} INFO - Processing file /home/airflow/.local/lib/python3.7/site-packages/airflow/example_dags/example_trigger_controller_dag.py for tasks to queue
[2022-09-24T08:36:26.058+0000] {logging_mixin.py:117} INFO - [2022-09-24T08:36:26.058+0000] {dagbag.py:525} INFO - Filling up the DagBag from /home/airflow/.local/lib/python3.7/site-packages/airflow/example_dags/example_trigger_controller_dag.py
[2022-09-24T08:36:26.066+0000] {processor.py:768} INFO - DAG(s) dict_keys(['example_trigger_controller_dag']) retrieved from /home/airflow/.local/lib/python3.7/site-packages/airflow/example_dags/example_trigger_controller_dag.py
[2022-09-24T08:36:26.092+0000] {logging_mixin.py:117} INFO - [2022-09-24T08:36:26.092+0000] {dag.py:2573} INFO - Sync 1 DAGs
[2022-09-24T08:36:26.106+0000] {logging_mixin.py:117} INFO - [2022-09-24T08:36:26.106+0000] {dag.py:3328} INFO - Setting next_dagrun for example_trigger_controller_dag to 2021-01-01T00:00:00+00:00, run_after=2021-01-01T00:00:00+00:00
[2022-09-24T08:36:26.118+0000] {processor.py:178} INFO - Processing /home/airflow/.local/lib/python3.7/site-packages/airflow/example_dags/example_trigger_controller_dag.py took 0.064 seconds
[2022-09-24T08:36:56.484+0000] {processor.py:156} INFO - Started process (PID=34934) to work on /home/airflow/.local/lib/python3.7/site-packages/airflow/example_dags/example_trigger_controller_dag.py
[2022-09-24T08:36:56.486+0000] {processor.py:758} INFO - Processing file /home/airflow/.local/lib/python3.7/site-packages/airflow/example_dags/example_trigger_controller_dag.py for tasks to queue
[2022-09-24T08:36:56.487+0000] {logging_mixin.py:117} INFO - [2022-09-24T08:36:56.487+0000] {dagbag.py:525} INFO - Filling up the DagBag from /home/airflow/.local/lib/python3.7/site-packages/airflow/example_dags/example_trigger_controller_dag.py
[2022-09-24T08:36:56.496+0000] {processor.py:768} INFO - DAG(s) dict_keys(['example_trigger_controller_dag']) retrieved from /home/airflow/.local/lib/python3.7/site-packages/airflow/example_dags/example_trigger_controller_dag.py
[2022-09-24T08:36:56.523+0000] {logging_mixin.py:117} INFO - [2022-09-24T08:36:56.523+0000] {dag.py:2573} INFO - Sync 1 DAGs
[2022-09-24T08:36:56.539+0000] {logging_mixin.py:117} INFO - [2022-09-24T08:36:56.539+0000] {dag.py:3328} INFO - Setting next_dagrun for example_trigger_controller_dag to 2021-01-01T00:00:00+00:00, run_after=2021-01-01T00:00:00+00:00
[2022-09-24T08:36:56.552+0000] {processor.py:178} INFO - Processing /home/airflow/.local/lib/python3.7/site-packages/airflow/example_dags/example_trigger_controller_dag.py took 0.071 seconds
[2022-09-24T08:37:26.775+0000] {processor.py:156} INFO - Started process (PID=34997) to work on /home/airflow/.local/lib/python3.7/site-packages/airflow/example_dags/example_trigger_controller_dag.py
[2022-09-24T08:37:26.777+0000] {processor.py:758} INFO - Processing file /home/airflow/.local/lib/python3.7/site-packages/airflow/example_dags/example_trigger_controller_dag.py for tasks to queue
[2022-09-24T08:37:26.778+0000] {logging_mixin.py:117} INFO - [2022-09-24T08:37:26.778+0000] {dagbag.py:525} INFO - Filling up the DagBag from /home/airflow/.local/lib/python3.7/site-packages/airflow/example_dags/example_trigger_controller_dag.py
[2022-09-24T08:37:26.786+0000] {processor.py:768} INFO - DAG(s) dict_keys(['example_trigger_controller_dag']) retrieved from /home/airflow/.local/lib/python3.7/site-packages/airflow/example_dags/example_trigger_controller_dag.py
[2022-09-24T08:37:26.810+0000] {logging_mixin.py:117} INFO - [2022-09-24T08:37:26.810+0000] {dag.py:2573} INFO - Sync 1 DAGs
[2022-09-24T08:37:26.825+0000] {logging_mixin.py:117} INFO - [2022-09-24T08:37:26.825+0000] {dag.py:3328} INFO - Setting next_dagrun for example_trigger_controller_dag to 2021-01-01T00:00:00+00:00, run_after=2021-01-01T00:00:00+00:00
[2022-09-24T08:37:26.836+0000] {processor.py:178} INFO - Processing /home/airflow/.local/lib/python3.7/site-packages/airflow/example_dags/example_trigger_controller_dag.py took 0.063 seconds
[2022-09-24T08:37:57.211+0000] {processor.py:156} INFO - Started process (PID=35059) to work on /home/airflow/.local/lib/python3.7/site-packages/airflow/example_dags/example_trigger_controller_dag.py
[2022-09-24T08:37:57.213+0000] {processor.py:758} INFO - Processing file /home/airflow/.local/lib/python3.7/site-packages/airflow/example_dags/example_trigger_controller_dag.py for tasks to queue
[2022-09-24T08:37:57.214+0000] {logging_mixin.py:117} INFO - [2022-09-24T08:37:57.214+0000] {dagbag.py:525} INFO - Filling up the DagBag from /home/airflow/.local/lib/python3.7/site-packages/airflow/example_dags/example_trigger_controller_dag.py
[2022-09-24T08:37:57.223+0000] {processor.py:768} INFO - DAG(s) dict_keys(['example_trigger_controller_dag']) retrieved from /home/airflow/.local/lib/python3.7/site-packages/airflow/example_dags/example_trigger_controller_dag.py
[2022-09-24T08:37:57.246+0000] {logging_mixin.py:117} INFO - [2022-09-24T08:37:57.246+0000] {dag.py:2573} INFO - Sync 1 DAGs
[2022-09-24T08:37:57.261+0000] {logging_mixin.py:117} INFO - [2022-09-24T08:37:57.261+0000] {dag.py:3328} INFO - Setting next_dagrun for example_trigger_controller_dag to 2021-01-01T00:00:00+00:00, run_after=2021-01-01T00:00:00+00:00
[2022-09-24T08:37:57.273+0000] {processor.py:178} INFO - Processing /home/airflow/.local/lib/python3.7/site-packages/airflow/example_dags/example_trigger_controller_dag.py took 0.064 seconds
[2022-09-24T08:38:27.534+0000] {processor.py:156} INFO - Started process (PID=35120) to work on /home/airflow/.local/lib/python3.7/site-packages/airflow/example_dags/example_trigger_controller_dag.py
[2022-09-24T08:38:27.537+0000] {processor.py:758} INFO - Processing file /home/airflow/.local/lib/python3.7/site-packages/airflow/example_dags/example_trigger_controller_dag.py for tasks to queue
[2022-09-24T08:38:27.538+0000] {logging_mixin.py:117} INFO - [2022-09-24T08:38:27.538+0000] {dagbag.py:525} INFO - Filling up the DagBag from /home/airflow/.local/lib/python3.7/site-packages/airflow/example_dags/example_trigger_controller_dag.py
[2022-09-24T08:38:27.547+0000] {processor.py:768} INFO - DAG(s) dict_keys(['example_trigger_controller_dag']) retrieved from /home/airflow/.local/lib/python3.7/site-packages/airflow/example_dags/example_trigger_controller_dag.py
[2022-09-24T08:38:27.580+0000] {logging_mixin.py:117} INFO - [2022-09-24T08:38:27.580+0000] {dag.py:2573} INFO - Sync 1 DAGs
[2022-09-24T08:38:27.598+0000] {logging_mixin.py:117} INFO - [2022-09-24T08:38:27.598+0000] {dag.py:3328} INFO - Setting next_dagrun for example_trigger_controller_dag to 2021-01-01T00:00:00+00:00, run_after=2021-01-01T00:00:00+00:00
[2022-09-24T08:38:27.616+0000] {processor.py:178} INFO - Processing /home/airflow/.local/lib/python3.7/site-packages/airflow/example_dags/example_trigger_controller_dag.py took 0.084 seconds
[2022-09-24T08:38:57.776+0000] {processor.py:156} INFO - Started process (PID=35177) to work on /home/airflow/.local/lib/python3.7/site-packages/airflow/example_dags/example_trigger_controller_dag.py
[2022-09-24T08:38:57.778+0000] {processor.py:758} INFO - Processing file /home/airflow/.local/lib/python3.7/site-packages/airflow/example_dags/example_trigger_controller_dag.py for tasks to queue
[2022-09-24T08:38:57.779+0000] {logging_mixin.py:117} INFO - [2022-09-24T08:38:57.779+0000] {dagbag.py:525} INFO - Filling up the DagBag from /home/airflow/.local/lib/python3.7/site-packages/airflow/example_dags/example_trigger_controller_dag.py
[2022-09-24T08:38:57.788+0000] {processor.py:768} INFO - DAG(s) dict_keys(['example_trigger_controller_dag']) retrieved from /home/airflow/.local/lib/python3.7/site-packages/airflow/example_dags/example_trigger_controller_dag.py
[2022-09-24T08:38:57.815+0000] {logging_mixin.py:117} INFO - [2022-09-24T08:38:57.815+0000] {dag.py:2573} INFO - Sync 1 DAGs
[2022-09-24T08:38:57.832+0000] {logging_mixin.py:117} INFO - [2022-09-24T08:38:57.831+0000] {dag.py:3328} INFO - Setting next_dagrun for example_trigger_controller_dag to 2021-01-01T00:00:00+00:00, run_after=2021-01-01T00:00:00+00:00
[2022-09-24T08:38:57.844+0000] {processor.py:178} INFO - Processing /home/airflow/.local/lib/python3.7/site-packages/airflow/example_dags/example_trigger_controller_dag.py took 0.071 seconds
[2022-09-24T08:39:28.068+0000] {processor.py:156} INFO - Started process (PID=35240) to work on /home/airflow/.local/lib/python3.7/site-packages/airflow/example_dags/example_trigger_controller_dag.py
[2022-09-24T08:39:28.070+0000] {processor.py:758} INFO - Processing file /home/airflow/.local/lib/python3.7/site-packages/airflow/example_dags/example_trigger_controller_dag.py for tasks to queue
[2022-09-24T08:39:28.071+0000] {logging_mixin.py:117} INFO - [2022-09-24T08:39:28.071+0000] {dagbag.py:525} INFO - Filling up the DagBag from /home/airflow/.local/lib/python3.7/site-packages/airflow/example_dags/example_trigger_controller_dag.py
[2022-09-24T08:39:28.080+0000] {processor.py:768} INFO - DAG(s) dict_keys(['example_trigger_controller_dag']) retrieved from /home/airflow/.local/lib/python3.7/site-packages/airflow/example_dags/example_trigger_controller_dag.py
[2022-09-24T08:39:28.112+0000] {logging_mixin.py:117} INFO - [2022-09-24T08:39:28.112+0000] {dag.py:2573} INFO - Sync 1 DAGs
[2022-09-24T08:39:28.129+0000] {logging_mixin.py:117} INFO - [2022-09-24T08:39:28.129+0000] {dag.py:3328} INFO - Setting next_dagrun for example_trigger_controller_dag to 2021-01-01T00:00:00+00:00, run_after=2021-01-01T00:00:00+00:00
[2022-09-24T08:39:28.141+0000] {processor.py:178} INFO - Processing /home/airflow/.local/lib/python3.7/site-packages/airflow/example_dags/example_trigger_controller_dag.py took 0.075 seconds
[2022-09-24T08:39:58.756+0000] {processor.py:156} INFO - Started process (PID=35303) to work on /home/airflow/.local/lib/python3.7/site-packages/airflow/example_dags/example_trigger_controller_dag.py
[2022-09-24T08:39:58.757+0000] {processor.py:758} INFO - Processing file /home/airflow/.local/lib/python3.7/site-packages/airflow/example_dags/example_trigger_controller_dag.py for tasks to queue
[2022-09-24T08:39:58.758+0000] {logging_mixin.py:117} INFO - [2022-09-24T08:39:58.758+0000] {dagbag.py:525} INFO - Filling up the DagBag from /home/airflow/.local/lib/python3.7/site-packages/airflow/example_dags/example_trigger_controller_dag.py
[2022-09-24T08:39:58.768+0000] {processor.py:768} INFO - DAG(s) dict_keys(['example_trigger_controller_dag']) retrieved from /home/airflow/.local/lib/python3.7/site-packages/airflow/example_dags/example_trigger_controller_dag.py
[2022-09-24T08:39:58.796+0000] {logging_mixin.py:117} INFO - [2022-09-24T08:39:58.796+0000] {dag.py:2573} INFO - Sync 1 DAGs
[2022-09-24T08:39:58.811+0000] {logging_mixin.py:117} INFO - [2022-09-24T08:39:58.811+0000] {dag.py:3328} INFO - Setting next_dagrun for example_trigger_controller_dag to 2021-01-01T00:00:00+00:00, run_after=2021-01-01T00:00:00+00:00
[2022-09-24T08:39:58.823+0000] {processor.py:178} INFO - Processing /home/airflow/.local/lib/python3.7/site-packages/airflow/example_dags/example_trigger_controller_dag.py took 0.070 seconds
[2022-09-24T09:07:12.041+0000] {processor.py:156} INFO - Started process (PID=35358) to work on /home/airflow/.local/lib/python3.7/site-packages/airflow/example_dags/example_trigger_controller_dag.py
[2022-09-24T09:07:12.046+0000] {processor.py:758} INFO - Processing file /home/airflow/.local/lib/python3.7/site-packages/airflow/example_dags/example_trigger_controller_dag.py for tasks to queue
[2022-09-24T09:07:12.048+0000] {logging_mixin.py:117} INFO - [2022-09-24T09:07:12.048+0000] {dagbag.py:525} INFO - Filling up the DagBag from /home/airflow/.local/lib/python3.7/site-packages/airflow/example_dags/example_trigger_controller_dag.py
[2022-09-24T09:07:12.066+0000] {processor.py:768} INFO - DAG(s) dict_keys(['example_trigger_controller_dag']) retrieved from /home/airflow/.local/lib/python3.7/site-packages/airflow/example_dags/example_trigger_controller_dag.py
[2022-09-24T09:07:12.109+0000] {logging_mixin.py:117} INFO - [2022-09-24T09:07:12.109+0000] {dag.py:2573} INFO - Sync 1 DAGs
[2022-09-24T09:07:12.140+0000] {logging_mixin.py:117} INFO - [2022-09-24T09:07:12.140+0000] {dag.py:3328} INFO - Setting next_dagrun for example_trigger_controller_dag to 2021-01-01T00:00:00+00:00, run_after=2021-01-01T00:00:00+00:00
[2022-09-24T09:07:12.167+0000] {processor.py:178} INFO - Processing /home/airflow/.local/lib/python3.7/site-packages/airflow/example_dags/example_trigger_controller_dag.py took 0.129 seconds
