[2022-09-24T01:04:10.014+0000] {processor.py:156} INFO - Started process (PID=32106) to work on /home/airflow/.local/lib/python3.7/site-packages/airflow/example_dags/example_task_group_decorator.py
[2022-09-24T01:04:10.018+0000] {processor.py:758} INFO - Processing file /home/airflow/.local/lib/python3.7/site-packages/airflow/example_dags/example_task_group_decorator.py for tasks to queue
[2022-09-24T01:04:10.020+0000] {logging_mixin.py:117} INFO - [2022-09-24T01:04:10.020+0000] {dagbag.py:525} INFO - Filling up the DagBag from /home/airflow/.local/lib/python3.7/site-packages/airflow/example_dags/example_task_group_decorator.py
[2022-09-24T01:04:10.061+0000] {processor.py:768} INFO - DAG(s) dict_keys(['example_task_group_decorator']) retrieved from /home/airflow/.local/lib/python3.7/site-packages/airflow/example_dags/example_task_group_decorator.py
[2022-09-24T01:04:10.115+0000] {logging_mixin.py:117} INFO - [2022-09-24T01:04:10.114+0000] {dag.py:2573} INFO - Sync 1 DAGs
[2022-09-24T01:04:10.134+0000] {logging_mixin.py:117} INFO - [2022-09-24T01:04:10.134+0000] {dag.py:3328} INFO - Setting next_dagrun for example_task_group_decorator to 2022-09-23T01:04:10.134353+00:00, run_after=2022-09-24T01:04:10.134353+00:00
[2022-09-24T01:04:10.158+0000] {processor.py:178} INFO - Processing /home/airflow/.local/lib/python3.7/site-packages/airflow/example_dags/example_task_group_decorator.py took 0.147 seconds
[2022-09-24T02:27:00.817+0000] {processor.py:156} INFO - Started process (PID=32160) to work on /home/airflow/.local/lib/python3.7/site-packages/airflow/example_dags/example_task_group_decorator.py
[2022-09-24T02:27:00.820+0000] {processor.py:758} INFO - Processing file /home/airflow/.local/lib/python3.7/site-packages/airflow/example_dags/example_task_group_decorator.py for tasks to queue
[2022-09-24T02:27:00.821+0000] {logging_mixin.py:117} INFO - [2022-09-24T02:27:00.821+0000] {dagbag.py:525} INFO - Filling up the DagBag from /home/airflow/.local/lib/python3.7/site-packages/airflow/example_dags/example_task_group_decorator.py
[2022-09-24T02:27:00.857+0000] {processor.py:768} INFO - DAG(s) dict_keys(['example_task_group_decorator']) retrieved from /home/airflow/.local/lib/python3.7/site-packages/airflow/example_dags/example_task_group_decorator.py
[2022-09-24T02:27:00.921+0000] {logging_mixin.py:117} INFO - [2022-09-24T02:27:00.921+0000] {dag.py:2573} INFO - Sync 1 DAGs
[2022-09-24T02:27:00.960+0000] {logging_mixin.py:117} INFO - [2022-09-24T02:27:00.960+0000] {dag.py:3328} INFO - Setting next_dagrun for example_task_group_decorator to 2022-09-23T02:27:00.960634+00:00, run_after=2022-09-24T02:27:00.960634+00:00
[2022-09-24T02:27:01.002+0000] {processor.py:178} INFO - Processing /home/airflow/.local/lib/python3.7/site-packages/airflow/example_dags/example_task_group_decorator.py took 0.187 seconds
[2022-09-24T03:23:59.622+0000] {processor.py:156} INFO - Started process (PID=32223) to work on /home/airflow/.local/lib/python3.7/site-packages/airflow/example_dags/example_task_group_decorator.py
[2022-09-24T03:23:59.625+0000] {processor.py:758} INFO - Processing file /home/airflow/.local/lib/python3.7/site-packages/airflow/example_dags/example_task_group_decorator.py for tasks to queue
[2022-09-24T03:23:59.627+0000] {logging_mixin.py:117} INFO - [2022-09-24T03:23:59.627+0000] {dagbag.py:525} INFO - Filling up the DagBag from /home/airflow/.local/lib/python3.7/site-packages/airflow/example_dags/example_task_group_decorator.py
[2022-09-24T03:23:59.649+0000] {processor.py:768} INFO - DAG(s) dict_keys(['example_task_group_decorator']) retrieved from /home/airflow/.local/lib/python3.7/site-packages/airflow/example_dags/example_task_group_decorator.py
[2022-09-24T03:23:59.689+0000] {logging_mixin.py:117} INFO - [2022-09-24T03:23:59.689+0000] {dag.py:2573} INFO - Sync 1 DAGs
[2022-09-24T03:23:59.707+0000] {logging_mixin.py:117} INFO - [2022-09-24T03:23:59.707+0000] {dag.py:3328} INFO - Setting next_dagrun for example_task_group_decorator to 2022-09-23T03:23:59.707578+00:00, run_after=2022-09-24T03:23:59.707578+00:00
[2022-09-24T03:23:59.732+0000] {processor.py:178} INFO - Processing /home/airflow/.local/lib/python3.7/site-packages/airflow/example_dags/example_task_group_decorator.py took 0.113 seconds
[2022-09-24T04:29:26.312+0000] {processor.py:156} INFO - Started process (PID=32288) to work on /home/airflow/.local/lib/python3.7/site-packages/airflow/example_dags/example_task_group_decorator.py
[2022-09-24T04:29:26.314+0000] {processor.py:758} INFO - Processing file /home/airflow/.local/lib/python3.7/site-packages/airflow/example_dags/example_task_group_decorator.py for tasks to queue
[2022-09-24T04:29:26.315+0000] {logging_mixin.py:117} INFO - [2022-09-24T04:29:26.315+0000] {dagbag.py:525} INFO - Filling up the DagBag from /home/airflow/.local/lib/python3.7/site-packages/airflow/example_dags/example_task_group_decorator.py
[2022-09-24T04:29:26.348+0000] {processor.py:768} INFO - DAG(s) dict_keys(['example_task_group_decorator']) retrieved from /home/airflow/.local/lib/python3.7/site-packages/airflow/example_dags/example_task_group_decorator.py
[2022-09-24T04:29:26.392+0000] {logging_mixin.py:117} INFO - [2022-09-24T04:29:26.392+0000] {dag.py:2573} INFO - Sync 1 DAGs
[2022-09-24T04:29:26.416+0000] {logging_mixin.py:117} INFO - [2022-09-24T04:29:26.416+0000] {dag.py:3328} INFO - Setting next_dagrun for example_task_group_decorator to 2022-09-23T04:29:26.415905+00:00, run_after=2022-09-24T04:29:26.415905+00:00
[2022-09-24T04:29:26.431+0000] {processor.py:178} INFO - Processing /home/airflow/.local/lib/python3.7/site-packages/airflow/example_dags/example_task_group_decorator.py took 0.121 seconds
[2022-09-24T05:38:07.058+0000] {processor.py:156} INFO - Started process (PID=32351) to work on /home/airflow/.local/lib/python3.7/site-packages/airflow/example_dags/example_task_group_decorator.py
[2022-09-24T05:38:07.060+0000] {processor.py:758} INFO - Processing file /home/airflow/.local/lib/python3.7/site-packages/airflow/example_dags/example_task_group_decorator.py for tasks to queue
[2022-09-24T05:38:07.062+0000] {logging_mixin.py:117} INFO - [2022-09-24T05:38:07.062+0000] {dagbag.py:525} INFO - Filling up the DagBag from /home/airflow/.local/lib/python3.7/site-packages/airflow/example_dags/example_task_group_decorator.py
[2022-09-24T05:38:07.098+0000] {processor.py:768} INFO - DAG(s) dict_keys(['example_task_group_decorator']) retrieved from /home/airflow/.local/lib/python3.7/site-packages/airflow/example_dags/example_task_group_decorator.py
[2022-09-24T05:38:07.161+0000] {logging_mixin.py:117} INFO - [2022-09-24T05:38:07.161+0000] {dag.py:2573} INFO - Sync 1 DAGs
[2022-09-24T05:38:07.193+0000] {logging_mixin.py:117} INFO - [2022-09-24T05:38:07.193+0000] {dag.py:3328} INFO - Setting next_dagrun for example_task_group_decorator to 2022-09-23T05:38:07.193240+00:00, run_after=2022-09-24T05:38:07.193240+00:00
[2022-09-24T05:38:07.217+0000] {processor.py:178} INFO - Processing /home/airflow/.local/lib/python3.7/site-packages/airflow/example_dags/example_task_group_decorator.py took 0.162 seconds
[2022-09-24T06:55:21.545+0000] {processor.py:156} INFO - Started process (PID=32405) to work on /home/airflow/.local/lib/python3.7/site-packages/airflow/example_dags/example_task_group_decorator.py
[2022-09-24T06:55:21.548+0000] {processor.py:758} INFO - Processing file /home/airflow/.local/lib/python3.7/site-packages/airflow/example_dags/example_task_group_decorator.py for tasks to queue
[2022-09-24T06:55:21.550+0000] {logging_mixin.py:117} INFO - [2022-09-24T06:55:21.549+0000] {dagbag.py:525} INFO - Filling up the DagBag from /home/airflow/.local/lib/python3.7/site-packages/airflow/example_dags/example_task_group_decorator.py
[2022-09-24T06:55:21.573+0000] {processor.py:768} INFO - DAG(s) dict_keys(['example_task_group_decorator']) retrieved from /home/airflow/.local/lib/python3.7/site-packages/airflow/example_dags/example_task_group_decorator.py
[2022-09-24T06:55:21.605+0000] {logging_mixin.py:117} INFO - [2022-09-24T06:55:21.605+0000] {dag.py:2573} INFO - Sync 1 DAGs
[2022-09-24T06:55:21.623+0000] {logging_mixin.py:117} INFO - [2022-09-24T06:55:21.623+0000] {dag.py:3328} INFO - Setting next_dagrun for example_task_group_decorator to 2022-09-23T06:55:21.622875+00:00, run_after=2022-09-24T06:55:21.622875+00:00
[2022-09-24T06:55:21.658+0000] {processor.py:178} INFO - Processing /home/airflow/.local/lib/python3.7/site-packages/airflow/example_dags/example_task_group_decorator.py took 0.116 seconds
[2022-09-24T07:36:25.183+0000] {processor.py:156} INFO - Started process (PID=32468) to work on /home/airflow/.local/lib/python3.7/site-packages/airflow/example_dags/example_task_group_decorator.py
[2022-09-24T07:36:25.187+0000] {processor.py:758} INFO - Processing file /home/airflow/.local/lib/python3.7/site-packages/airflow/example_dags/example_task_group_decorator.py for tasks to queue
[2022-09-24T07:36:25.190+0000] {logging_mixin.py:117} INFO - [2022-09-24T07:36:25.190+0000] {dagbag.py:525} INFO - Filling up the DagBag from /home/airflow/.local/lib/python3.7/site-packages/airflow/example_dags/example_task_group_decorator.py
[2022-09-24T07:36:25.269+0000] {processor.py:768} INFO - DAG(s) dict_keys(['example_task_group_decorator']) retrieved from /home/airflow/.local/lib/python3.7/site-packages/airflow/example_dags/example_task_group_decorator.py
[2022-09-24T07:36:25.348+0000] {logging_mixin.py:117} INFO - [2022-09-24T07:36:25.348+0000] {dag.py:2573} INFO - Sync 1 DAGs
[2022-09-24T07:36:25.379+0000] {logging_mixin.py:117} INFO - [2022-09-24T07:36:25.379+0000] {dag.py:3328} INFO - Setting next_dagrun for example_task_group_decorator to 2022-09-23T07:36:25.379485+00:00, run_after=2022-09-24T07:36:25.379485+00:00
[2022-09-24T07:36:25.403+0000] {processor.py:178} INFO - Processing /home/airflow/.local/lib/python3.7/site-packages/airflow/example_dags/example_task_group_decorator.py took 0.223 seconds
[2022-09-24T07:39:17.689+0000] {processor.py:156} INFO - Started process (PID=32531) to work on /home/airflow/.local/lib/python3.7/site-packages/airflow/example_dags/example_task_group_decorator.py
[2022-09-24T07:39:17.691+0000] {processor.py:758} INFO - Processing file /home/airflow/.local/lib/python3.7/site-packages/airflow/example_dags/example_task_group_decorator.py for tasks to queue
[2022-09-24T07:39:17.694+0000] {logging_mixin.py:117} INFO - [2022-09-24T07:39:17.693+0000] {dagbag.py:525} INFO - Filling up the DagBag from /home/airflow/.local/lib/python3.7/site-packages/airflow/example_dags/example_task_group_decorator.py
[2022-09-24T07:39:17.721+0000] {processor.py:768} INFO - DAG(s) dict_keys(['example_task_group_decorator']) retrieved from /home/airflow/.local/lib/python3.7/site-packages/airflow/example_dags/example_task_group_decorator.py
[2022-09-24T07:39:17.762+0000] {logging_mixin.py:117} INFO - [2022-09-24T07:39:17.761+0000] {dag.py:2573} INFO - Sync 1 DAGs
[2022-09-24T07:39:17.780+0000] {logging_mixin.py:117} INFO - [2022-09-24T07:39:17.780+0000] {dag.py:3328} INFO - Setting next_dagrun for example_task_group_decorator to 2022-09-23T07:39:17.780181+00:00, run_after=2022-09-24T07:39:17.780181+00:00
[2022-09-24T07:39:17.797+0000] {processor.py:178} INFO - Processing /home/airflow/.local/lib/python3.7/site-packages/airflow/example_dags/example_task_group_decorator.py took 0.110 seconds
[2022-09-24T07:39:48.277+0000] {processor.py:156} INFO - Started process (PID=32594) to work on /home/airflow/.local/lib/python3.7/site-packages/airflow/example_dags/example_task_group_decorator.py
[2022-09-24T07:39:48.279+0000] {processor.py:758} INFO - Processing file /home/airflow/.local/lib/python3.7/site-packages/airflow/example_dags/example_task_group_decorator.py for tasks to queue
[2022-09-24T07:39:48.280+0000] {logging_mixin.py:117} INFO - [2022-09-24T07:39:48.280+0000] {dagbag.py:525} INFO - Filling up the DagBag from /home/airflow/.local/lib/python3.7/site-packages/airflow/example_dags/example_task_group_decorator.py
[2022-09-24T07:39:48.299+0000] {processor.py:768} INFO - DAG(s) dict_keys(['example_task_group_decorator']) retrieved from /home/airflow/.local/lib/python3.7/site-packages/airflow/example_dags/example_task_group_decorator.py
[2022-09-24T07:39:48.326+0000] {logging_mixin.py:117} INFO - [2022-09-24T07:39:48.326+0000] {dag.py:2573} INFO - Sync 1 DAGs
[2022-09-24T07:39:48.344+0000] {logging_mixin.py:117} INFO - [2022-09-24T07:39:48.344+0000] {dag.py:3328} INFO - Setting next_dagrun for example_task_group_decorator to 2022-09-23T07:39:48.344011+00:00, run_after=2022-09-24T07:39:48.344011+00:00
[2022-09-24T07:39:48.358+0000] {processor.py:178} INFO - Processing /home/airflow/.local/lib/python3.7/site-packages/airflow/example_dags/example_task_group_decorator.py took 0.083 seconds
[2022-09-24T07:40:18.538+0000] {processor.py:156} INFO - Started process (PID=32659) to work on /home/airflow/.local/lib/python3.7/site-packages/airflow/example_dags/example_task_group_decorator.py
[2022-09-24T07:40:18.540+0000] {processor.py:758} INFO - Processing file /home/airflow/.local/lib/python3.7/site-packages/airflow/example_dags/example_task_group_decorator.py for tasks to queue
[2022-09-24T07:40:18.541+0000] {logging_mixin.py:117} INFO - [2022-09-24T07:40:18.541+0000] {dagbag.py:525} INFO - Filling up the DagBag from /home/airflow/.local/lib/python3.7/site-packages/airflow/example_dags/example_task_group_decorator.py
[2022-09-24T07:40:18.560+0000] {processor.py:768} INFO - DAG(s) dict_keys(['example_task_group_decorator']) retrieved from /home/airflow/.local/lib/python3.7/site-packages/airflow/example_dags/example_task_group_decorator.py
[2022-09-24T07:40:18.587+0000] {logging_mixin.py:117} INFO - [2022-09-24T07:40:18.587+0000] {dag.py:2573} INFO - Sync 1 DAGs
[2022-09-24T07:40:18.602+0000] {logging_mixin.py:117} INFO - [2022-09-24T07:40:18.602+0000] {dag.py:3328} INFO - Setting next_dagrun for example_task_group_decorator to 2022-09-23T07:40:18.602357+00:00, run_after=2022-09-24T07:40:18.602357+00:00
[2022-09-24T07:40:18.613+0000] {processor.py:178} INFO - Processing /home/airflow/.local/lib/python3.7/site-packages/airflow/example_dags/example_task_group_decorator.py took 0.077 seconds
[2022-09-24T07:40:49.018+0000] {processor.py:156} INFO - Started process (PID=32722) to work on /home/airflow/.local/lib/python3.7/site-packages/airflow/example_dags/example_task_group_decorator.py
[2022-09-24T07:40:49.020+0000] {processor.py:758} INFO - Processing file /home/airflow/.local/lib/python3.7/site-packages/airflow/example_dags/example_task_group_decorator.py for tasks to queue
[2022-09-24T07:40:49.022+0000] {logging_mixin.py:117} INFO - [2022-09-24T07:40:49.021+0000] {dagbag.py:525} INFO - Filling up the DagBag from /home/airflow/.local/lib/python3.7/site-packages/airflow/example_dags/example_task_group_decorator.py
[2022-09-24T07:40:49.043+0000] {processor.py:768} INFO - DAG(s) dict_keys(['example_task_group_decorator']) retrieved from /home/airflow/.local/lib/python3.7/site-packages/airflow/example_dags/example_task_group_decorator.py
[2022-09-24T07:40:49.071+0000] {logging_mixin.py:117} INFO - [2022-09-24T07:40:49.071+0000] {dag.py:2573} INFO - Sync 1 DAGs
[2022-09-24T07:40:49.088+0000] {logging_mixin.py:117} INFO - [2022-09-24T07:40:49.088+0000] {dag.py:3328} INFO - Setting next_dagrun for example_task_group_decorator to 2022-09-23T07:40:49.088584+00:00, run_after=2022-09-24T07:40:49.088584+00:00
[2022-09-24T07:40:49.101+0000] {processor.py:178} INFO - Processing /home/airflow/.local/lib/python3.7/site-packages/airflow/example_dags/example_task_group_decorator.py took 0.086 seconds
[2022-09-24T07:41:19.489+0000] {processor.py:156} INFO - Started process (PID=32776) to work on /home/airflow/.local/lib/python3.7/site-packages/airflow/example_dags/example_task_group_decorator.py
[2022-09-24T07:41:19.491+0000] {processor.py:758} INFO - Processing file /home/airflow/.local/lib/python3.7/site-packages/airflow/example_dags/example_task_group_decorator.py for tasks to queue
[2022-09-24T07:41:19.492+0000] {logging_mixin.py:117} INFO - [2022-09-24T07:41:19.492+0000] {dagbag.py:525} INFO - Filling up the DagBag from /home/airflow/.local/lib/python3.7/site-packages/airflow/example_dags/example_task_group_decorator.py
[2022-09-24T07:41:19.513+0000] {processor.py:768} INFO - DAG(s) dict_keys(['example_task_group_decorator']) retrieved from /home/airflow/.local/lib/python3.7/site-packages/airflow/example_dags/example_task_group_decorator.py
[2022-09-24T07:41:19.543+0000] {logging_mixin.py:117} INFO - [2022-09-24T07:41:19.543+0000] {dag.py:2573} INFO - Sync 1 DAGs
[2022-09-24T07:41:19.560+0000] {logging_mixin.py:117} INFO - [2022-09-24T07:41:19.560+0000] {dag.py:3328} INFO - Setting next_dagrun for example_task_group_decorator to 2022-09-23T07:41:19.560152+00:00, run_after=2022-09-24T07:41:19.560152+00:00
[2022-09-24T07:41:19.572+0000] {processor.py:178} INFO - Processing /home/airflow/.local/lib/python3.7/site-packages/airflow/example_dags/example_task_group_decorator.py took 0.086 seconds
[2022-09-24T07:41:49.794+0000] {processor.py:156} INFO - Started process (PID=32839) to work on /home/airflow/.local/lib/python3.7/site-packages/airflow/example_dags/example_task_group_decorator.py
[2022-09-24T07:41:49.795+0000] {processor.py:758} INFO - Processing file /home/airflow/.local/lib/python3.7/site-packages/airflow/example_dags/example_task_group_decorator.py for tasks to queue
[2022-09-24T07:41:49.796+0000] {logging_mixin.py:117} INFO - [2022-09-24T07:41:49.796+0000] {dagbag.py:525} INFO - Filling up the DagBag from /home/airflow/.local/lib/python3.7/site-packages/airflow/example_dags/example_task_group_decorator.py
[2022-09-24T07:41:49.815+0000] {processor.py:768} INFO - DAG(s) dict_keys(['example_task_group_decorator']) retrieved from /home/airflow/.local/lib/python3.7/site-packages/airflow/example_dags/example_task_group_decorator.py
[2022-09-24T07:41:49.843+0000] {logging_mixin.py:117} INFO - [2022-09-24T07:41:49.843+0000] {dag.py:2573} INFO - Sync 1 DAGs
[2022-09-24T07:41:49.858+0000] {logging_mixin.py:117} INFO - [2022-09-24T07:41:49.858+0000] {dag.py:3328} INFO - Setting next_dagrun for example_task_group_decorator to 2022-09-23T07:41:49.858679+00:00, run_after=2022-09-24T07:41:49.858679+00:00
[2022-09-24T07:41:49.871+0000] {processor.py:178} INFO - Processing /home/airflow/.local/lib/python3.7/site-packages/airflow/example_dags/example_task_group_decorator.py took 0.080 seconds
[2022-09-24T07:42:20.151+0000] {processor.py:156} INFO - Started process (PID=32902) to work on /home/airflow/.local/lib/python3.7/site-packages/airflow/example_dags/example_task_group_decorator.py
[2022-09-24T07:42:20.152+0000] {processor.py:758} INFO - Processing file /home/airflow/.local/lib/python3.7/site-packages/airflow/example_dags/example_task_group_decorator.py for tasks to queue
[2022-09-24T07:42:20.153+0000] {logging_mixin.py:117} INFO - [2022-09-24T07:42:20.153+0000] {dagbag.py:525} INFO - Filling up the DagBag from /home/airflow/.local/lib/python3.7/site-packages/airflow/example_dags/example_task_group_decorator.py
[2022-09-24T07:42:20.178+0000] {processor.py:768} INFO - DAG(s) dict_keys(['example_task_group_decorator']) retrieved from /home/airflow/.local/lib/python3.7/site-packages/airflow/example_dags/example_task_group_decorator.py
[2022-09-24T07:42:20.207+0000] {logging_mixin.py:117} INFO - [2022-09-24T07:42:20.206+0000] {dag.py:2573} INFO - Sync 1 DAGs
[2022-09-24T07:42:20.221+0000] {logging_mixin.py:117} INFO - [2022-09-24T07:42:20.221+0000] {dag.py:3328} INFO - Setting next_dagrun for example_task_group_decorator to 2022-09-23T07:42:20.221581+00:00, run_after=2022-09-24T07:42:20.221581+00:00
[2022-09-24T07:42:20.234+0000] {processor.py:178} INFO - Processing /home/airflow/.local/lib/python3.7/site-packages/airflow/example_dags/example_task_group_decorator.py took 0.086 seconds
[2022-09-24T07:42:50.360+0000] {processor.py:156} INFO - Started process (PID=32965) to work on /home/airflow/.local/lib/python3.7/site-packages/airflow/example_dags/example_task_group_decorator.py
[2022-09-24T07:42:50.361+0000] {processor.py:758} INFO - Processing file /home/airflow/.local/lib/python3.7/site-packages/airflow/example_dags/example_task_group_decorator.py for tasks to queue
[2022-09-24T07:42:50.362+0000] {logging_mixin.py:117} INFO - [2022-09-24T07:42:50.362+0000] {dagbag.py:525} INFO - Filling up the DagBag from /home/airflow/.local/lib/python3.7/site-packages/airflow/example_dags/example_task_group_decorator.py
[2022-09-24T07:42:50.384+0000] {processor.py:768} INFO - DAG(s) dict_keys(['example_task_group_decorator']) retrieved from /home/airflow/.local/lib/python3.7/site-packages/airflow/example_dags/example_task_group_decorator.py
[2022-09-24T07:42:50.410+0000] {logging_mixin.py:117} INFO - [2022-09-24T07:42:50.410+0000] {dag.py:2573} INFO - Sync 1 DAGs
[2022-09-24T07:42:50.427+0000] {logging_mixin.py:117} INFO - [2022-09-24T07:42:50.427+0000] {dag.py:3328} INFO - Setting next_dagrun for example_task_group_decorator to 2022-09-23T07:42:50.427047+00:00, run_after=2022-09-24T07:42:50.427047+00:00
[2022-09-24T07:42:50.439+0000] {processor.py:178} INFO - Processing /home/airflow/.local/lib/python3.7/site-packages/airflow/example_dags/example_task_group_decorator.py took 0.081 seconds
[2022-09-24T07:43:20.671+0000] {processor.py:156} INFO - Started process (PID=33028) to work on /home/airflow/.local/lib/python3.7/site-packages/airflow/example_dags/example_task_group_decorator.py
[2022-09-24T07:43:20.672+0000] {processor.py:758} INFO - Processing file /home/airflow/.local/lib/python3.7/site-packages/airflow/example_dags/example_task_group_decorator.py for tasks to queue
[2022-09-24T07:43:20.673+0000] {logging_mixin.py:117} INFO - [2022-09-24T07:43:20.673+0000] {dagbag.py:525} INFO - Filling up the DagBag from /home/airflow/.local/lib/python3.7/site-packages/airflow/example_dags/example_task_group_decorator.py
[2022-09-24T07:43:20.693+0000] {processor.py:768} INFO - DAG(s) dict_keys(['example_task_group_decorator']) retrieved from /home/airflow/.local/lib/python3.7/site-packages/airflow/example_dags/example_task_group_decorator.py
[2022-09-24T07:43:20.721+0000] {logging_mixin.py:117} INFO - [2022-09-24T07:43:20.721+0000] {dag.py:2573} INFO - Sync 1 DAGs
[2022-09-24T07:43:20.736+0000] {logging_mixin.py:117} INFO - [2022-09-24T07:43:20.736+0000] {dag.py:3328} INFO - Setting next_dagrun for example_task_group_decorator to 2022-09-23T07:43:20.736222+00:00, run_after=2022-09-24T07:43:20.736222+00:00
[2022-09-24T07:43:20.749+0000] {processor.py:178} INFO - Processing /home/airflow/.local/lib/python3.7/site-packages/airflow/example_dags/example_task_group_decorator.py took 0.081 seconds
[2022-09-24T07:43:50.799+0000] {processor.py:156} INFO - Started process (PID=33082) to work on /home/airflow/.local/lib/python3.7/site-packages/airflow/example_dags/example_task_group_decorator.py
[2022-09-24T07:43:50.801+0000] {processor.py:758} INFO - Processing file /home/airflow/.local/lib/python3.7/site-packages/airflow/example_dags/example_task_group_decorator.py for tasks to queue
[2022-09-24T07:43:50.802+0000] {logging_mixin.py:117} INFO - [2022-09-24T07:43:50.802+0000] {dagbag.py:525} INFO - Filling up the DagBag from /home/airflow/.local/lib/python3.7/site-packages/airflow/example_dags/example_task_group_decorator.py
[2022-09-24T07:43:50.821+0000] {processor.py:768} INFO - DAG(s) dict_keys(['example_task_group_decorator']) retrieved from /home/airflow/.local/lib/python3.7/site-packages/airflow/example_dags/example_task_group_decorator.py
[2022-09-24T07:43:50.849+0000] {logging_mixin.py:117} INFO - [2022-09-24T07:43:50.849+0000] {dag.py:2573} INFO - Sync 1 DAGs
[2022-09-24T07:43:50.864+0000] {logging_mixin.py:117} INFO - [2022-09-24T07:43:50.863+0000] {dag.py:3328} INFO - Setting next_dagrun for example_task_group_decorator to 2022-09-23T07:43:50.863868+00:00, run_after=2022-09-24T07:43:50.863868+00:00
[2022-09-24T07:43:50.876+0000] {processor.py:178} INFO - Processing /home/airflow/.local/lib/python3.7/site-packages/airflow/example_dags/example_task_group_decorator.py took 0.079 seconds
[2022-09-24T07:44:21.133+0000] {processor.py:156} INFO - Started process (PID=33144) to work on /home/airflow/.local/lib/python3.7/site-packages/airflow/example_dags/example_task_group_decorator.py
[2022-09-24T07:44:21.135+0000] {processor.py:758} INFO - Processing file /home/airflow/.local/lib/python3.7/site-packages/airflow/example_dags/example_task_group_decorator.py for tasks to queue
[2022-09-24T07:44:21.136+0000] {logging_mixin.py:117} INFO - [2022-09-24T07:44:21.136+0000] {dagbag.py:525} INFO - Filling up the DagBag from /home/airflow/.local/lib/python3.7/site-packages/airflow/example_dags/example_task_group_decorator.py
[2022-09-24T07:44:21.160+0000] {processor.py:768} INFO - DAG(s) dict_keys(['example_task_group_decorator']) retrieved from /home/airflow/.local/lib/python3.7/site-packages/airflow/example_dags/example_task_group_decorator.py
[2022-09-24T07:44:21.200+0000] {logging_mixin.py:117} INFO - [2022-09-24T07:44:21.200+0000] {dag.py:2573} INFO - Sync 1 DAGs
[2022-09-24T07:44:21.216+0000] {logging_mixin.py:117} INFO - [2022-09-24T07:44:21.216+0000] {dag.py:3328} INFO - Setting next_dagrun for example_task_group_decorator to 2022-09-23T07:44:21.216547+00:00, run_after=2022-09-24T07:44:21.216547+00:00
[2022-09-24T07:44:21.230+0000] {processor.py:178} INFO - Processing /home/airflow/.local/lib/python3.7/site-packages/airflow/example_dags/example_task_group_decorator.py took 0.100 seconds
[2022-09-24T07:44:51.415+0000] {processor.py:156} INFO - Started process (PID=33208) to work on /home/airflow/.local/lib/python3.7/site-packages/airflow/example_dags/example_task_group_decorator.py
[2022-09-24T07:44:51.416+0000] {processor.py:758} INFO - Processing file /home/airflow/.local/lib/python3.7/site-packages/airflow/example_dags/example_task_group_decorator.py for tasks to queue
[2022-09-24T07:44:51.417+0000] {logging_mixin.py:117} INFO - [2022-09-24T07:44:51.417+0000] {dagbag.py:525} INFO - Filling up the DagBag from /home/airflow/.local/lib/python3.7/site-packages/airflow/example_dags/example_task_group_decorator.py
[2022-09-24T07:44:51.438+0000] {processor.py:768} INFO - DAG(s) dict_keys(['example_task_group_decorator']) retrieved from /home/airflow/.local/lib/python3.7/site-packages/airflow/example_dags/example_task_group_decorator.py
[2022-09-24T07:44:51.465+0000] {logging_mixin.py:117} INFO - [2022-09-24T07:44:51.465+0000] {dag.py:2573} INFO - Sync 1 DAGs
[2022-09-24T07:44:51.483+0000] {logging_mixin.py:117} INFO - [2022-09-24T07:44:51.483+0000] {dag.py:3328} INFO - Setting next_dagrun for example_task_group_decorator to 2022-09-23T07:44:51.483362+00:00, run_after=2022-09-24T07:44:51.483362+00:00
[2022-09-24T07:44:51.498+0000] {processor.py:178} INFO - Processing /home/airflow/.local/lib/python3.7/site-packages/airflow/example_dags/example_task_group_decorator.py took 0.085 seconds
[2022-09-24T07:45:21.706+0000] {processor.py:156} INFO - Started process (PID=33272) to work on /home/airflow/.local/lib/python3.7/site-packages/airflow/example_dags/example_task_group_decorator.py
[2022-09-24T07:45:21.708+0000] {processor.py:758} INFO - Processing file /home/airflow/.local/lib/python3.7/site-packages/airflow/example_dags/example_task_group_decorator.py for tasks to queue
[2022-09-24T07:45:21.709+0000] {logging_mixin.py:117} INFO - [2022-09-24T07:45:21.709+0000] {dagbag.py:525} INFO - Filling up the DagBag from /home/airflow/.local/lib/python3.7/site-packages/airflow/example_dags/example_task_group_decorator.py
[2022-09-24T07:45:21.729+0000] {processor.py:768} INFO - DAG(s) dict_keys(['example_task_group_decorator']) retrieved from /home/airflow/.local/lib/python3.7/site-packages/airflow/example_dags/example_task_group_decorator.py
[2022-09-24T07:45:21.754+0000] {logging_mixin.py:117} INFO - [2022-09-24T07:45:21.754+0000] {dag.py:2573} INFO - Sync 1 DAGs
[2022-09-24T07:45:21.769+0000] {logging_mixin.py:117} INFO - [2022-09-24T07:45:21.769+0000] {dag.py:3328} INFO - Setting next_dagrun for example_task_group_decorator to 2022-09-23T07:45:21.769294+00:00, run_after=2022-09-24T07:45:21.769294+00:00
[2022-09-24T07:45:21.781+0000] {processor.py:178} INFO - Processing /home/airflow/.local/lib/python3.7/site-packages/airflow/example_dags/example_task_group_decorator.py took 0.077 seconds
[2022-09-24T07:45:52.050+0000] {processor.py:156} INFO - Started process (PID=33335) to work on /home/airflow/.local/lib/python3.7/site-packages/airflow/example_dags/example_task_group_decorator.py
[2022-09-24T07:45:52.051+0000] {processor.py:758} INFO - Processing file /home/airflow/.local/lib/python3.7/site-packages/airflow/example_dags/example_task_group_decorator.py for tasks to queue
[2022-09-24T07:45:52.053+0000] {logging_mixin.py:117} INFO - [2022-09-24T07:45:52.052+0000] {dagbag.py:525} INFO - Filling up the DagBag from /home/airflow/.local/lib/python3.7/site-packages/airflow/example_dags/example_task_group_decorator.py
[2022-09-24T07:45:52.072+0000] {processor.py:768} INFO - DAG(s) dict_keys(['example_task_group_decorator']) retrieved from /home/airflow/.local/lib/python3.7/site-packages/airflow/example_dags/example_task_group_decorator.py
[2022-09-24T07:45:52.099+0000] {logging_mixin.py:117} INFO - [2022-09-24T07:45:52.099+0000] {dag.py:2573} INFO - Sync 1 DAGs
[2022-09-24T07:45:52.114+0000] {logging_mixin.py:117} INFO - [2022-09-24T07:45:52.113+0000] {dag.py:3328} INFO - Setting next_dagrun for example_task_group_decorator to 2022-09-23T07:45:52.113786+00:00, run_after=2022-09-24T07:45:52.113786+00:00
[2022-09-24T07:45:52.128+0000] {processor.py:178} INFO - Processing /home/airflow/.local/lib/python3.7/site-packages/airflow/example_dags/example_task_group_decorator.py took 0.080 seconds
[2022-09-24T07:46:22.306+0000] {processor.py:156} INFO - Started process (PID=33398) to work on /home/airflow/.local/lib/python3.7/site-packages/airflow/example_dags/example_task_group_decorator.py
[2022-09-24T07:46:22.308+0000] {processor.py:758} INFO - Processing file /home/airflow/.local/lib/python3.7/site-packages/airflow/example_dags/example_task_group_decorator.py for tasks to queue
[2022-09-24T07:46:22.308+0000] {logging_mixin.py:117} INFO - [2022-09-24T07:46:22.308+0000] {dagbag.py:525} INFO - Filling up the DagBag from /home/airflow/.local/lib/python3.7/site-packages/airflow/example_dags/example_task_group_decorator.py
[2022-09-24T07:46:22.326+0000] {processor.py:768} INFO - DAG(s) dict_keys(['example_task_group_decorator']) retrieved from /home/airflow/.local/lib/python3.7/site-packages/airflow/example_dags/example_task_group_decorator.py
[2022-09-24T07:46:22.352+0000] {logging_mixin.py:117} INFO - [2022-09-24T07:46:22.352+0000] {dag.py:2573} INFO - Sync 1 DAGs
[2022-09-24T07:46:22.368+0000] {logging_mixin.py:117} INFO - [2022-09-24T07:46:22.368+0000] {dag.py:3328} INFO - Setting next_dagrun for example_task_group_decorator to 2022-09-23T07:46:22.368397+00:00, run_after=2022-09-24T07:46:22.368397+00:00
[2022-09-24T07:46:22.383+0000] {processor.py:178} INFO - Processing /home/airflow/.local/lib/python3.7/site-packages/airflow/example_dags/example_task_group_decorator.py took 0.078 seconds
[2022-09-24T07:46:52.714+0000] {processor.py:156} INFO - Started process (PID=33452) to work on /home/airflow/.local/lib/python3.7/site-packages/airflow/example_dags/example_task_group_decorator.py
[2022-09-24T07:46:52.716+0000] {processor.py:758} INFO - Processing file /home/airflow/.local/lib/python3.7/site-packages/airflow/example_dags/example_task_group_decorator.py for tasks to queue
[2022-09-24T07:46:52.717+0000] {logging_mixin.py:117} INFO - [2022-09-24T07:46:52.717+0000] {dagbag.py:525} INFO - Filling up the DagBag from /home/airflow/.local/lib/python3.7/site-packages/airflow/example_dags/example_task_group_decorator.py
[2022-09-24T07:46:52.735+0000] {processor.py:768} INFO - DAG(s) dict_keys(['example_task_group_decorator']) retrieved from /home/airflow/.local/lib/python3.7/site-packages/airflow/example_dags/example_task_group_decorator.py
[2022-09-24T07:46:52.762+0000] {logging_mixin.py:117} INFO - [2022-09-24T07:46:52.762+0000] {dag.py:2573} INFO - Sync 1 DAGs
[2022-09-24T07:46:52.779+0000] {logging_mixin.py:117} INFO - [2022-09-24T07:46:52.779+0000] {dag.py:3328} INFO - Setting next_dagrun for example_task_group_decorator to 2022-09-23T07:46:52.778947+00:00, run_after=2022-09-24T07:46:52.778947+00:00
[2022-09-24T07:46:52.793+0000] {processor.py:178} INFO - Processing /home/airflow/.local/lib/python3.7/site-packages/airflow/example_dags/example_task_group_decorator.py took 0.081 seconds
[2022-09-24T08:22:51.935+0000] {processor.py:156} INFO - Started process (PID=33516) to work on /home/airflow/.local/lib/python3.7/site-packages/airflow/example_dags/example_task_group_decorator.py
[2022-09-24T08:22:51.967+0000] {processor.py:758} INFO - Processing file /home/airflow/.local/lib/python3.7/site-packages/airflow/example_dags/example_task_group_decorator.py for tasks to queue
[2022-09-24T08:22:51.975+0000] {logging_mixin.py:117} INFO - [2022-09-24T08:22:51.975+0000] {dagbag.py:525} INFO - Filling up the DagBag from /home/airflow/.local/lib/python3.7/site-packages/airflow/example_dags/example_task_group_decorator.py
[2022-09-24T08:22:52.041+0000] {processor.py:768} INFO - DAG(s) dict_keys(['example_task_group_decorator']) retrieved from /home/airflow/.local/lib/python3.7/site-packages/airflow/example_dags/example_task_group_decorator.py
[2022-09-24T08:22:52.141+0000] {logging_mixin.py:117} INFO - [2022-09-24T08:22:52.141+0000] {dag.py:2573} INFO - Sync 1 DAGs
[2022-09-24T08:22:52.166+0000] {logging_mixin.py:117} INFO - [2022-09-24T08:22:52.166+0000] {dag.py:3328} INFO - Setting next_dagrun for example_task_group_decorator to 2022-09-23T08:22:52.166429+00:00, run_after=2022-09-24T08:22:52.166429+00:00
[2022-09-24T08:22:52.212+0000] {processor.py:178} INFO - Processing /home/airflow/.local/lib/python3.7/site-packages/airflow/example_dags/example_task_group_decorator.py took 0.331 seconds
[2022-09-24T08:25:48.320+0000] {processor.py:156} INFO - Started process (PID=33579) to work on /home/airflow/.local/lib/python3.7/site-packages/airflow/example_dags/example_task_group_decorator.py
[2022-09-24T08:25:48.322+0000] {processor.py:758} INFO - Processing file /home/airflow/.local/lib/python3.7/site-packages/airflow/example_dags/example_task_group_decorator.py for tasks to queue
[2022-09-24T08:25:48.324+0000] {logging_mixin.py:117} INFO - [2022-09-24T08:25:48.324+0000] {dagbag.py:525} INFO - Filling up the DagBag from /home/airflow/.local/lib/python3.7/site-packages/airflow/example_dags/example_task_group_decorator.py
[2022-09-24T08:25:48.355+0000] {processor.py:768} INFO - DAG(s) dict_keys(['example_task_group_decorator']) retrieved from /home/airflow/.local/lib/python3.7/site-packages/airflow/example_dags/example_task_group_decorator.py
[2022-09-24T08:25:48.403+0000] {logging_mixin.py:117} INFO - [2022-09-24T08:25:48.403+0000] {dag.py:2573} INFO - Sync 1 DAGs
[2022-09-24T08:25:48.427+0000] {logging_mixin.py:117} INFO - [2022-09-24T08:25:48.427+0000] {dag.py:3328} INFO - Setting next_dagrun for example_task_group_decorator to 2022-09-23T08:25:48.426805+00:00, run_after=2022-09-24T08:25:48.426805+00:00
[2022-09-24T08:25:48.447+0000] {processor.py:178} INFO - Processing /home/airflow/.local/lib/python3.7/site-packages/airflow/example_dags/example_task_group_decorator.py took 0.130 seconds
[2022-09-24T08:26:19.156+0000] {processor.py:156} INFO - Started process (PID=33633) to work on /home/airflow/.local/lib/python3.7/site-packages/airflow/example_dags/example_task_group_decorator.py
[2022-09-24T08:26:19.158+0000] {processor.py:758} INFO - Processing file /home/airflow/.local/lib/python3.7/site-packages/airflow/example_dags/example_task_group_decorator.py for tasks to queue
[2022-09-24T08:26:19.159+0000] {logging_mixin.py:117} INFO - [2022-09-24T08:26:19.159+0000] {dagbag.py:525} INFO - Filling up the DagBag from /home/airflow/.local/lib/python3.7/site-packages/airflow/example_dags/example_task_group_decorator.py
[2022-09-24T08:26:19.184+0000] {processor.py:768} INFO - DAG(s) dict_keys(['example_task_group_decorator']) retrieved from /home/airflow/.local/lib/python3.7/site-packages/airflow/example_dags/example_task_group_decorator.py
[2022-09-24T08:26:19.211+0000] {logging_mixin.py:117} INFO - [2022-09-24T08:26:19.211+0000] {dag.py:2573} INFO - Sync 1 DAGs
[2022-09-24T08:26:19.226+0000] {logging_mixin.py:117} INFO - [2022-09-24T08:26:19.226+0000] {dag.py:3328} INFO - Setting next_dagrun for example_task_group_decorator to 2022-09-23T08:26:19.226460+00:00, run_after=2022-09-24T08:26:19.226460+00:00
[2022-09-24T08:26:19.239+0000] {processor.py:178} INFO - Processing /home/airflow/.local/lib/python3.7/site-packages/airflow/example_dags/example_task_group_decorator.py took 0.086 seconds
[2022-09-24T08:26:49.429+0000] {processor.py:156} INFO - Started process (PID=33696) to work on /home/airflow/.local/lib/python3.7/site-packages/airflow/example_dags/example_task_group_decorator.py
[2022-09-24T08:26:49.431+0000] {processor.py:758} INFO - Processing file /home/airflow/.local/lib/python3.7/site-packages/airflow/example_dags/example_task_group_decorator.py for tasks to queue
[2022-09-24T08:26:49.432+0000] {logging_mixin.py:117} INFO - [2022-09-24T08:26:49.432+0000] {dagbag.py:525} INFO - Filling up the DagBag from /home/airflow/.local/lib/python3.7/site-packages/airflow/example_dags/example_task_group_decorator.py
[2022-09-24T08:26:49.458+0000] {processor.py:768} INFO - DAG(s) dict_keys(['example_task_group_decorator']) retrieved from /home/airflow/.local/lib/python3.7/site-packages/airflow/example_dags/example_task_group_decorator.py
[2022-09-24T08:26:49.490+0000] {logging_mixin.py:117} INFO - [2022-09-24T08:26:49.490+0000] {dag.py:2573} INFO - Sync 1 DAGs
[2022-09-24T08:26:49.508+0000] {logging_mixin.py:117} INFO - [2022-09-24T08:26:49.508+0000] {dag.py:3328} INFO - Setting next_dagrun for example_task_group_decorator to 2022-09-23T08:26:49.507889+00:00, run_after=2022-09-24T08:26:49.507889+00:00
[2022-09-24T08:26:49.522+0000] {processor.py:178} INFO - Processing /home/airflow/.local/lib/python3.7/site-packages/airflow/example_dags/example_task_group_decorator.py took 0.096 seconds
[2022-09-24T08:27:19.789+0000] {processor.py:156} INFO - Started process (PID=33759) to work on /home/airflow/.local/lib/python3.7/site-packages/airflow/example_dags/example_task_group_decorator.py
[2022-09-24T08:27:19.791+0000] {processor.py:758} INFO - Processing file /home/airflow/.local/lib/python3.7/site-packages/airflow/example_dags/example_task_group_decorator.py for tasks to queue
[2022-09-24T08:27:19.793+0000] {logging_mixin.py:117} INFO - [2022-09-24T08:27:19.793+0000] {dagbag.py:525} INFO - Filling up the DagBag from /home/airflow/.local/lib/python3.7/site-packages/airflow/example_dags/example_task_group_decorator.py
[2022-09-24T08:27:19.812+0000] {processor.py:768} INFO - DAG(s) dict_keys(['example_task_group_decorator']) retrieved from /home/airflow/.local/lib/python3.7/site-packages/airflow/example_dags/example_task_group_decorator.py
[2022-09-24T08:27:19.837+0000] {logging_mixin.py:117} INFO - [2022-09-24T08:27:19.837+0000] {dag.py:2573} INFO - Sync 1 DAGs
[2022-09-24T08:27:19.857+0000] {logging_mixin.py:117} INFO - [2022-09-24T08:27:19.856+0000] {dag.py:3328} INFO - Setting next_dagrun for example_task_group_decorator to 2022-09-23T08:27:19.856843+00:00, run_after=2022-09-24T08:27:19.856843+00:00
[2022-09-24T08:27:19.868+0000] {processor.py:178} INFO - Processing /home/airflow/.local/lib/python3.7/site-packages/airflow/example_dags/example_task_group_decorator.py took 0.082 seconds
[2022-09-24T08:27:50.001+0000] {processor.py:156} INFO - Started process (PID=33821) to work on /home/airflow/.local/lib/python3.7/site-packages/airflow/example_dags/example_task_group_decorator.py
[2022-09-24T08:27:50.003+0000] {processor.py:758} INFO - Processing file /home/airflow/.local/lib/python3.7/site-packages/airflow/example_dags/example_task_group_decorator.py for tasks to queue
[2022-09-24T08:27:50.004+0000] {logging_mixin.py:117} INFO - [2022-09-24T08:27:50.004+0000] {dagbag.py:525} INFO - Filling up the DagBag from /home/airflow/.local/lib/python3.7/site-packages/airflow/example_dags/example_task_group_decorator.py
[2022-09-24T08:27:50.023+0000] {processor.py:768} INFO - DAG(s) dict_keys(['example_task_group_decorator']) retrieved from /home/airflow/.local/lib/python3.7/site-packages/airflow/example_dags/example_task_group_decorator.py
[2022-09-24T08:27:50.051+0000] {logging_mixin.py:117} INFO - [2022-09-24T08:27:50.051+0000] {dag.py:2573} INFO - Sync 1 DAGs
[2022-09-24T08:27:50.066+0000] {logging_mixin.py:117} INFO - [2022-09-24T08:27:50.066+0000] {dag.py:3328} INFO - Setting next_dagrun for example_task_group_decorator to 2022-09-23T08:27:50.066263+00:00, run_after=2022-09-24T08:27:50.066263+00:00
[2022-09-24T08:27:50.078+0000] {processor.py:178} INFO - Processing /home/airflow/.local/lib/python3.7/site-packages/airflow/example_dags/example_task_group_decorator.py took 0.080 seconds
[2022-09-24T08:28:20.292+0000] {processor.py:156} INFO - Started process (PID=33885) to work on /home/airflow/.local/lib/python3.7/site-packages/airflow/example_dags/example_task_group_decorator.py
[2022-09-24T08:28:20.294+0000] {processor.py:758} INFO - Processing file /home/airflow/.local/lib/python3.7/site-packages/airflow/example_dags/example_task_group_decorator.py for tasks to queue
[2022-09-24T08:28:20.295+0000] {logging_mixin.py:117} INFO - [2022-09-24T08:28:20.295+0000] {dagbag.py:525} INFO - Filling up the DagBag from /home/airflow/.local/lib/python3.7/site-packages/airflow/example_dags/example_task_group_decorator.py
[2022-09-24T08:28:20.314+0000] {processor.py:768} INFO - DAG(s) dict_keys(['example_task_group_decorator']) retrieved from /home/airflow/.local/lib/python3.7/site-packages/airflow/example_dags/example_task_group_decorator.py
[2022-09-24T08:28:20.342+0000] {logging_mixin.py:117} INFO - [2022-09-24T08:28:20.342+0000] {dag.py:2573} INFO - Sync 1 DAGs
[2022-09-24T08:28:20.356+0000] {logging_mixin.py:117} INFO - [2022-09-24T08:28:20.356+0000] {dag.py:3328} INFO - Setting next_dagrun for example_task_group_decorator to 2022-09-23T08:28:20.356390+00:00, run_after=2022-09-24T08:28:20.356390+00:00
[2022-09-24T08:28:20.368+0000] {processor.py:178} INFO - Processing /home/airflow/.local/lib/python3.7/site-packages/airflow/example_dags/example_task_group_decorator.py took 0.078 seconds
[2022-09-24T08:28:50.563+0000] {processor.py:156} INFO - Started process (PID=33948) to work on /home/airflow/.local/lib/python3.7/site-packages/airflow/example_dags/example_task_group_decorator.py
[2022-09-24T08:28:50.564+0000] {processor.py:758} INFO - Processing file /home/airflow/.local/lib/python3.7/site-packages/airflow/example_dags/example_task_group_decorator.py for tasks to queue
[2022-09-24T08:28:50.565+0000] {logging_mixin.py:117} INFO - [2022-09-24T08:28:50.565+0000] {dagbag.py:525} INFO - Filling up the DagBag from /home/airflow/.local/lib/python3.7/site-packages/airflow/example_dags/example_task_group_decorator.py
[2022-09-24T08:28:50.585+0000] {processor.py:768} INFO - DAG(s) dict_keys(['example_task_group_decorator']) retrieved from /home/airflow/.local/lib/python3.7/site-packages/airflow/example_dags/example_task_group_decorator.py
[2022-09-24T08:28:50.612+0000] {logging_mixin.py:117} INFO - [2022-09-24T08:28:50.612+0000] {dag.py:2573} INFO - Sync 1 DAGs
[2022-09-24T08:28:50.627+0000] {logging_mixin.py:117} INFO - [2022-09-24T08:28:50.627+0000] {dag.py:3328} INFO - Setting next_dagrun for example_task_group_decorator to 2022-09-23T08:28:50.627177+00:00, run_after=2022-09-24T08:28:50.627177+00:00
[2022-09-24T08:28:50.641+0000] {processor.py:178} INFO - Processing /home/airflow/.local/lib/python3.7/site-packages/airflow/example_dags/example_task_group_decorator.py took 0.080 seconds
[2022-09-24T08:29:21.145+0000] {processor.py:156} INFO - Started process (PID=34002) to work on /home/airflow/.local/lib/python3.7/site-packages/airflow/example_dags/example_task_group_decorator.py
[2022-09-24T08:29:21.146+0000] {processor.py:758} INFO - Processing file /home/airflow/.local/lib/python3.7/site-packages/airflow/example_dags/example_task_group_decorator.py for tasks to queue
[2022-09-24T08:29:21.147+0000] {logging_mixin.py:117} INFO - [2022-09-24T08:29:21.147+0000] {dagbag.py:525} INFO - Filling up the DagBag from /home/airflow/.local/lib/python3.7/site-packages/airflow/example_dags/example_task_group_decorator.py
[2022-09-24T08:29:21.168+0000] {processor.py:768} INFO - DAG(s) dict_keys(['example_task_group_decorator']) retrieved from /home/airflow/.local/lib/python3.7/site-packages/airflow/example_dags/example_task_group_decorator.py
[2022-09-24T08:29:21.200+0000] {logging_mixin.py:117} INFO - [2022-09-24T08:29:21.199+0000] {dag.py:2573} INFO - Sync 1 DAGs
[2022-09-24T08:29:21.216+0000] {logging_mixin.py:117} INFO - [2022-09-24T08:29:21.215+0000] {dag.py:3328} INFO - Setting next_dagrun for example_task_group_decorator to 2022-09-23T08:29:21.215841+00:00, run_after=2022-09-24T08:29:21.215841+00:00
[2022-09-24T08:29:21.231+0000] {processor.py:178} INFO - Processing /home/airflow/.local/lib/python3.7/site-packages/airflow/example_dags/example_task_group_decorator.py took 0.089 seconds
[2022-09-24T08:29:51.513+0000] {processor.py:156} INFO - Started process (PID=34066) to work on /home/airflow/.local/lib/python3.7/site-packages/airflow/example_dags/example_task_group_decorator.py
[2022-09-24T08:29:51.515+0000] {processor.py:758} INFO - Processing file /home/airflow/.local/lib/python3.7/site-packages/airflow/example_dags/example_task_group_decorator.py for tasks to queue
[2022-09-24T08:29:51.516+0000] {logging_mixin.py:117} INFO - [2022-09-24T08:29:51.516+0000] {dagbag.py:525} INFO - Filling up the DagBag from /home/airflow/.local/lib/python3.7/site-packages/airflow/example_dags/example_task_group_decorator.py
[2022-09-24T08:29:51.547+0000] {processor.py:768} INFO - DAG(s) dict_keys(['example_task_group_decorator']) retrieved from /home/airflow/.local/lib/python3.7/site-packages/airflow/example_dags/example_task_group_decorator.py
[2022-09-24T08:29:51.577+0000] {logging_mixin.py:117} INFO - [2022-09-24T08:29:51.577+0000] {dag.py:2573} INFO - Sync 1 DAGs
[2022-09-24T08:29:51.593+0000] {logging_mixin.py:117} INFO - [2022-09-24T08:29:51.593+0000] {dag.py:3328} INFO - Setting next_dagrun for example_task_group_decorator to 2022-09-23T08:29:51.593428+00:00, run_after=2022-09-24T08:29:51.593428+00:00
[2022-09-24T08:29:51.605+0000] {processor.py:178} INFO - Processing /home/airflow/.local/lib/python3.7/site-packages/airflow/example_dags/example_task_group_decorator.py took 0.095 seconds
[2022-09-24T08:30:21.726+0000] {processor.py:156} INFO - Started process (PID=34129) to work on /home/airflow/.local/lib/python3.7/site-packages/airflow/example_dags/example_task_group_decorator.py
[2022-09-24T08:30:21.728+0000] {processor.py:758} INFO - Processing file /home/airflow/.local/lib/python3.7/site-packages/airflow/example_dags/example_task_group_decorator.py for tasks to queue
[2022-09-24T08:30:21.729+0000] {logging_mixin.py:117} INFO - [2022-09-24T08:30:21.729+0000] {dagbag.py:525} INFO - Filling up the DagBag from /home/airflow/.local/lib/python3.7/site-packages/airflow/example_dags/example_task_group_decorator.py
[2022-09-24T08:30:21.749+0000] {processor.py:768} INFO - DAG(s) dict_keys(['example_task_group_decorator']) retrieved from /home/airflow/.local/lib/python3.7/site-packages/airflow/example_dags/example_task_group_decorator.py
[2022-09-24T08:30:21.775+0000] {logging_mixin.py:117} INFO - [2022-09-24T08:30:21.775+0000] {dag.py:2573} INFO - Sync 1 DAGs
[2022-09-24T08:30:21.790+0000] {logging_mixin.py:117} INFO - [2022-09-24T08:30:21.790+0000] {dag.py:3328} INFO - Setting next_dagrun for example_task_group_decorator to 2022-09-23T08:30:21.789945+00:00, run_after=2022-09-24T08:30:21.789945+00:00
[2022-09-24T08:30:21.804+0000] {processor.py:178} INFO - Processing /home/airflow/.local/lib/python3.7/site-packages/airflow/example_dags/example_task_group_decorator.py took 0.081 seconds
[2022-09-24T08:30:51.979+0000] {processor.py:156} INFO - Started process (PID=34193) to work on /home/airflow/.local/lib/python3.7/site-packages/airflow/example_dags/example_task_group_decorator.py
[2022-09-24T08:30:51.981+0000] {processor.py:758} INFO - Processing file /home/airflow/.local/lib/python3.7/site-packages/airflow/example_dags/example_task_group_decorator.py for tasks to queue
[2022-09-24T08:30:51.982+0000] {logging_mixin.py:117} INFO - [2022-09-24T08:30:51.982+0000] {dagbag.py:525} INFO - Filling up the DagBag from /home/airflow/.local/lib/python3.7/site-packages/airflow/example_dags/example_task_group_decorator.py
[2022-09-24T08:30:52.001+0000] {processor.py:768} INFO - DAG(s) dict_keys(['example_task_group_decorator']) retrieved from /home/airflow/.local/lib/python3.7/site-packages/airflow/example_dags/example_task_group_decorator.py
[2022-09-24T08:30:52.029+0000] {logging_mixin.py:117} INFO - [2022-09-24T08:30:52.029+0000] {dag.py:2573} INFO - Sync 1 DAGs
[2022-09-24T08:30:52.045+0000] {logging_mixin.py:117} INFO - [2022-09-24T08:30:52.045+0000] {dag.py:3328} INFO - Setting next_dagrun for example_task_group_decorator to 2022-09-23T08:30:52.045522+00:00, run_after=2022-09-24T08:30:52.045522+00:00
[2022-09-24T08:30:52.057+0000] {processor.py:178} INFO - Processing /home/airflow/.local/lib/python3.7/site-packages/airflow/example_dags/example_task_group_decorator.py took 0.080 seconds
[2022-09-24T08:31:22.405+0000] {processor.py:156} INFO - Started process (PID=34256) to work on /home/airflow/.local/lib/python3.7/site-packages/airflow/example_dags/example_task_group_decorator.py
[2022-09-24T08:31:22.406+0000] {processor.py:758} INFO - Processing file /home/airflow/.local/lib/python3.7/site-packages/airflow/example_dags/example_task_group_decorator.py for tasks to queue
[2022-09-24T08:31:22.407+0000] {logging_mixin.py:117} INFO - [2022-09-24T08:31:22.407+0000] {dagbag.py:525} INFO - Filling up the DagBag from /home/airflow/.local/lib/python3.7/site-packages/airflow/example_dags/example_task_group_decorator.py
[2022-09-24T08:31:22.425+0000] {processor.py:768} INFO - DAG(s) dict_keys(['example_task_group_decorator']) retrieved from /home/airflow/.local/lib/python3.7/site-packages/airflow/example_dags/example_task_group_decorator.py
[2022-09-24T08:31:22.452+0000] {logging_mixin.py:117} INFO - [2022-09-24T08:31:22.452+0000] {dag.py:2573} INFO - Sync 1 DAGs
[2022-09-24T08:31:22.467+0000] {logging_mixin.py:117} INFO - [2022-09-24T08:31:22.467+0000] {dag.py:3328} INFO - Setting next_dagrun for example_task_group_decorator to 2022-09-23T08:31:22.467217+00:00, run_after=2022-09-24T08:31:22.467217+00:00
[2022-09-24T08:31:22.478+0000] {processor.py:178} INFO - Processing /home/airflow/.local/lib/python3.7/site-packages/airflow/example_dags/example_task_group_decorator.py took 0.076 seconds
[2022-09-24T08:31:52.608+0000] {processor.py:156} INFO - Started process (PID=34317) to work on /home/airflow/.local/lib/python3.7/site-packages/airflow/example_dags/example_task_group_decorator.py
[2022-09-24T08:31:52.609+0000] {processor.py:758} INFO - Processing file /home/airflow/.local/lib/python3.7/site-packages/airflow/example_dags/example_task_group_decorator.py for tasks to queue
[2022-09-24T08:31:52.611+0000] {logging_mixin.py:117} INFO - [2022-09-24T08:31:52.610+0000] {dagbag.py:525} INFO - Filling up the DagBag from /home/airflow/.local/lib/python3.7/site-packages/airflow/example_dags/example_task_group_decorator.py
[2022-09-24T08:31:52.630+0000] {processor.py:768} INFO - DAG(s) dict_keys(['example_task_group_decorator']) retrieved from /home/airflow/.local/lib/python3.7/site-packages/airflow/example_dags/example_task_group_decorator.py
[2022-09-24T08:31:52.657+0000] {logging_mixin.py:117} INFO - [2022-09-24T08:31:52.657+0000] {dag.py:2573} INFO - Sync 1 DAGs
[2022-09-24T08:31:52.671+0000] {logging_mixin.py:117} INFO - [2022-09-24T08:31:52.671+0000] {dag.py:3328} INFO - Setting next_dagrun for example_task_group_decorator to 2022-09-23T08:31:52.671445+00:00, run_after=2022-09-24T08:31:52.671445+00:00
[2022-09-24T08:31:52.683+0000] {processor.py:178} INFO - Processing /home/airflow/.local/lib/python3.7/site-packages/airflow/example_dags/example_task_group_decorator.py took 0.079 seconds
[2022-09-24T08:32:22.847+0000] {processor.py:156} INFO - Started process (PID=34371) to work on /home/airflow/.local/lib/python3.7/site-packages/airflow/example_dags/example_task_group_decorator.py
[2022-09-24T08:32:22.849+0000] {processor.py:758} INFO - Processing file /home/airflow/.local/lib/python3.7/site-packages/airflow/example_dags/example_task_group_decorator.py for tasks to queue
[2022-09-24T08:32:22.850+0000] {logging_mixin.py:117} INFO - [2022-09-24T08:32:22.850+0000] {dagbag.py:525} INFO - Filling up the DagBag from /home/airflow/.local/lib/python3.7/site-packages/airflow/example_dags/example_task_group_decorator.py
[2022-09-24T08:32:22.869+0000] {processor.py:768} INFO - DAG(s) dict_keys(['example_task_group_decorator']) retrieved from /home/airflow/.local/lib/python3.7/site-packages/airflow/example_dags/example_task_group_decorator.py
[2022-09-24T08:32:22.895+0000] {logging_mixin.py:117} INFO - [2022-09-24T08:32:22.895+0000] {dag.py:2573} INFO - Sync 1 DAGs
[2022-09-24T08:32:22.911+0000] {logging_mixin.py:117} INFO - [2022-09-24T08:32:22.910+0000] {dag.py:3328} INFO - Setting next_dagrun for example_task_group_decorator to 2022-09-23T08:32:22.910784+00:00, run_after=2022-09-24T08:32:22.910784+00:00
[2022-09-24T08:32:22.925+0000] {processor.py:178} INFO - Processing /home/airflow/.local/lib/python3.7/site-packages/airflow/example_dags/example_task_group_decorator.py took 0.081 seconds
[2022-09-24T08:32:53.307+0000] {processor.py:156} INFO - Started process (PID=34434) to work on /home/airflow/.local/lib/python3.7/site-packages/airflow/example_dags/example_task_group_decorator.py
[2022-09-24T08:32:53.308+0000] {processor.py:758} INFO - Processing file /home/airflow/.local/lib/python3.7/site-packages/airflow/example_dags/example_task_group_decorator.py for tasks to queue
[2022-09-24T08:32:53.309+0000] {logging_mixin.py:117} INFO - [2022-09-24T08:32:53.309+0000] {dagbag.py:525} INFO - Filling up the DagBag from /home/airflow/.local/lib/python3.7/site-packages/airflow/example_dags/example_task_group_decorator.py
[2022-09-24T08:32:53.329+0000] {processor.py:768} INFO - DAG(s) dict_keys(['example_task_group_decorator']) retrieved from /home/airflow/.local/lib/python3.7/site-packages/airflow/example_dags/example_task_group_decorator.py
[2022-09-24T08:32:53.356+0000] {logging_mixin.py:117} INFO - [2022-09-24T08:32:53.356+0000] {dag.py:2573} INFO - Sync 1 DAGs
[2022-09-24T08:32:53.372+0000] {logging_mixin.py:117} INFO - [2022-09-24T08:32:53.372+0000] {dag.py:3328} INFO - Setting next_dagrun for example_task_group_decorator to 2022-09-23T08:32:53.372606+00:00, run_after=2022-09-24T08:32:53.372606+00:00
[2022-09-24T08:32:53.389+0000] {processor.py:178} INFO - Processing /home/airflow/.local/lib/python3.7/site-packages/airflow/example_dags/example_task_group_decorator.py took 0.084 seconds
[2022-09-24T08:33:23.660+0000] {processor.py:156} INFO - Started process (PID=34497) to work on /home/airflow/.local/lib/python3.7/site-packages/airflow/example_dags/example_task_group_decorator.py
[2022-09-24T08:33:23.662+0000] {processor.py:758} INFO - Processing file /home/airflow/.local/lib/python3.7/site-packages/airflow/example_dags/example_task_group_decorator.py for tasks to queue
[2022-09-24T08:33:23.668+0000] {logging_mixin.py:117} INFO - [2022-09-24T08:33:23.668+0000] {dagbag.py:525} INFO - Filling up the DagBag from /home/airflow/.local/lib/python3.7/site-packages/airflow/example_dags/example_task_group_decorator.py
[2022-09-24T08:33:23.688+0000] {processor.py:768} INFO - DAG(s) dict_keys(['example_task_group_decorator']) retrieved from /home/airflow/.local/lib/python3.7/site-packages/airflow/example_dags/example_task_group_decorator.py
[2022-09-24T08:33:23.717+0000] {logging_mixin.py:117} INFO - [2022-09-24T08:33:23.717+0000] {dag.py:2573} INFO - Sync 1 DAGs
[2022-09-24T08:33:23.735+0000] {logging_mixin.py:117} INFO - [2022-09-24T08:33:23.735+0000] {dag.py:3328} INFO - Setting next_dagrun for example_task_group_decorator to 2022-09-23T08:33:23.734798+00:00, run_after=2022-09-24T08:33:23.734798+00:00
[2022-09-24T08:33:23.749+0000] {processor.py:178} INFO - Processing /home/airflow/.local/lib/python3.7/site-packages/airflow/example_dags/example_task_group_decorator.py took 0.092 seconds
[2022-09-24T08:33:54.081+0000] {processor.py:156} INFO - Started process (PID=34560) to work on /home/airflow/.local/lib/python3.7/site-packages/airflow/example_dags/example_task_group_decorator.py
[2022-09-24T08:33:54.083+0000] {processor.py:758} INFO - Processing file /home/airflow/.local/lib/python3.7/site-packages/airflow/example_dags/example_task_group_decorator.py for tasks to queue
[2022-09-24T08:33:54.084+0000] {logging_mixin.py:117} INFO - [2022-09-24T08:33:54.083+0000] {dagbag.py:525} INFO - Filling up the DagBag from /home/airflow/.local/lib/python3.7/site-packages/airflow/example_dags/example_task_group_decorator.py
[2022-09-24T08:33:54.104+0000] {processor.py:768} INFO - DAG(s) dict_keys(['example_task_group_decorator']) retrieved from /home/airflow/.local/lib/python3.7/site-packages/airflow/example_dags/example_task_group_decorator.py
[2022-09-24T08:33:54.130+0000] {logging_mixin.py:117} INFO - [2022-09-24T08:33:54.130+0000] {dag.py:2573} INFO - Sync 1 DAGs
[2022-09-24T08:33:54.145+0000] {logging_mixin.py:117} INFO - [2022-09-24T08:33:54.145+0000] {dag.py:3328} INFO - Setting next_dagrun for example_task_group_decorator to 2022-09-23T08:33:54.145009+00:00, run_after=2022-09-24T08:33:54.145009+00:00
[2022-09-24T08:33:54.157+0000] {processor.py:178} INFO - Processing /home/airflow/.local/lib/python3.7/site-packages/airflow/example_dags/example_task_group_decorator.py took 0.078 seconds
[2022-09-24T08:34:24.356+0000] {processor.py:156} INFO - Started process (PID=34623) to work on /home/airflow/.local/lib/python3.7/site-packages/airflow/example_dags/example_task_group_decorator.py
[2022-09-24T08:34:24.357+0000] {processor.py:758} INFO - Processing file /home/airflow/.local/lib/python3.7/site-packages/airflow/example_dags/example_task_group_decorator.py for tasks to queue
[2022-09-24T08:34:24.358+0000] {logging_mixin.py:117} INFO - [2022-09-24T08:34:24.358+0000] {dagbag.py:525} INFO - Filling up the DagBag from /home/airflow/.local/lib/python3.7/site-packages/airflow/example_dags/example_task_group_decorator.py
[2022-09-24T08:34:24.378+0000] {processor.py:768} INFO - DAG(s) dict_keys(['example_task_group_decorator']) retrieved from /home/airflow/.local/lib/python3.7/site-packages/airflow/example_dags/example_task_group_decorator.py
[2022-09-24T08:34:24.407+0000] {logging_mixin.py:117} INFO - [2022-09-24T08:34:24.407+0000] {dag.py:2573} INFO - Sync 1 DAGs
[2022-09-24T08:34:24.425+0000] {logging_mixin.py:117} INFO - [2022-09-24T08:34:24.425+0000] {dag.py:3328} INFO - Setting next_dagrun for example_task_group_decorator to 2022-09-23T08:34:24.424949+00:00, run_after=2022-09-24T08:34:24.424949+00:00
[2022-09-24T08:34:24.440+0000] {processor.py:178} INFO - Processing /home/airflow/.local/lib/python3.7/site-packages/airflow/example_dags/example_task_group_decorator.py took 0.086 seconds
[2022-09-24T08:34:54.647+0000] {processor.py:156} INFO - Started process (PID=34685) to work on /home/airflow/.local/lib/python3.7/site-packages/airflow/example_dags/example_task_group_decorator.py
[2022-09-24T08:34:54.649+0000] {processor.py:758} INFO - Processing file /home/airflow/.local/lib/python3.7/site-packages/airflow/example_dags/example_task_group_decorator.py for tasks to queue
[2022-09-24T08:34:54.649+0000] {logging_mixin.py:117} INFO - [2022-09-24T08:34:54.649+0000] {dagbag.py:525} INFO - Filling up the DagBag from /home/airflow/.local/lib/python3.7/site-packages/airflow/example_dags/example_task_group_decorator.py
[2022-09-24T08:34:54.668+0000] {processor.py:768} INFO - DAG(s) dict_keys(['example_task_group_decorator']) retrieved from /home/airflow/.local/lib/python3.7/site-packages/airflow/example_dags/example_task_group_decorator.py
[2022-09-24T08:34:54.695+0000] {logging_mixin.py:117} INFO - [2022-09-24T08:34:54.695+0000] {dag.py:2573} INFO - Sync 1 DAGs
[2022-09-24T08:34:54.711+0000] {logging_mixin.py:117} INFO - [2022-09-24T08:34:54.711+0000] {dag.py:3328} INFO - Setting next_dagrun for example_task_group_decorator to 2022-09-23T08:34:54.711148+00:00, run_after=2022-09-24T08:34:54.711148+00:00
[2022-09-24T08:34:54.723+0000] {processor.py:178} INFO - Processing /home/airflow/.local/lib/python3.7/site-packages/airflow/example_dags/example_task_group_decorator.py took 0.078 seconds
[2022-09-24T08:35:25.171+0000] {processor.py:156} INFO - Started process (PID=34747) to work on /home/airflow/.local/lib/python3.7/site-packages/airflow/example_dags/example_task_group_decorator.py
[2022-09-24T08:35:25.173+0000] {processor.py:758} INFO - Processing file /home/airflow/.local/lib/python3.7/site-packages/airflow/example_dags/example_task_group_decorator.py for tasks to queue
[2022-09-24T08:35:25.175+0000] {logging_mixin.py:117} INFO - [2022-09-24T08:35:25.175+0000] {dagbag.py:525} INFO - Filling up the DagBag from /home/airflow/.local/lib/python3.7/site-packages/airflow/example_dags/example_task_group_decorator.py
[2022-09-24T08:35:25.194+0000] {processor.py:768} INFO - DAG(s) dict_keys(['example_task_group_decorator']) retrieved from /home/airflow/.local/lib/python3.7/site-packages/airflow/example_dags/example_task_group_decorator.py
[2022-09-24T08:35:25.224+0000] {logging_mixin.py:117} INFO - [2022-09-24T08:35:25.224+0000] {dag.py:2573} INFO - Sync 1 DAGs
[2022-09-24T08:35:25.242+0000] {logging_mixin.py:117} INFO - [2022-09-24T08:35:25.242+0000] {dag.py:3328} INFO - Setting next_dagrun for example_task_group_decorator to 2022-09-23T08:35:25.242184+00:00, run_after=2022-09-24T08:35:25.242184+00:00
[2022-09-24T08:35:25.256+0000] {processor.py:178} INFO - Processing /home/airflow/.local/lib/python3.7/site-packages/airflow/example_dags/example_task_group_decorator.py took 0.088 seconds
[2022-09-24T08:35:55.470+0000] {processor.py:156} INFO - Started process (PID=34803) to work on /home/airflow/.local/lib/python3.7/site-packages/airflow/example_dags/example_task_group_decorator.py
[2022-09-24T08:35:55.473+0000] {processor.py:758} INFO - Processing file /home/airflow/.local/lib/python3.7/site-packages/airflow/example_dags/example_task_group_decorator.py for tasks to queue
[2022-09-24T08:35:55.474+0000] {logging_mixin.py:117} INFO - [2022-09-24T08:35:55.474+0000] {dagbag.py:525} INFO - Filling up the DagBag from /home/airflow/.local/lib/python3.7/site-packages/airflow/example_dags/example_task_group_decorator.py
[2022-09-24T08:35:55.498+0000] {processor.py:768} INFO - DAG(s) dict_keys(['example_task_group_decorator']) retrieved from /home/airflow/.local/lib/python3.7/site-packages/airflow/example_dags/example_task_group_decorator.py
[2022-09-24T08:35:55.528+0000] {logging_mixin.py:117} INFO - [2022-09-24T08:35:55.528+0000] {dag.py:2573} INFO - Sync 1 DAGs
[2022-09-24T08:35:55.548+0000] {logging_mixin.py:117} INFO - [2022-09-24T08:35:55.548+0000] {dag.py:3328} INFO - Setting next_dagrun for example_task_group_decorator to 2022-09-23T08:35:55.547986+00:00, run_after=2022-09-24T08:35:55.547986+00:00
[2022-09-24T08:35:55.563+0000] {processor.py:178} INFO - Processing /home/airflow/.local/lib/python3.7/site-packages/airflow/example_dags/example_task_group_decorator.py took 0.098 seconds
[2022-09-24T08:36:25.761+0000] {processor.py:156} INFO - Started process (PID=34866) to work on /home/airflow/.local/lib/python3.7/site-packages/airflow/example_dags/example_task_group_decorator.py
[2022-09-24T08:36:25.763+0000] {processor.py:758} INFO - Processing file /home/airflow/.local/lib/python3.7/site-packages/airflow/example_dags/example_task_group_decorator.py for tasks to queue
[2022-09-24T08:36:25.764+0000] {logging_mixin.py:117} INFO - [2022-09-24T08:36:25.764+0000] {dagbag.py:525} INFO - Filling up the DagBag from /home/airflow/.local/lib/python3.7/site-packages/airflow/example_dags/example_task_group_decorator.py
[2022-09-24T08:36:25.782+0000] {processor.py:768} INFO - DAG(s) dict_keys(['example_task_group_decorator']) retrieved from /home/airflow/.local/lib/python3.7/site-packages/airflow/example_dags/example_task_group_decorator.py
[2022-09-24T08:36:25.808+0000] {logging_mixin.py:117} INFO - [2022-09-24T08:36:25.808+0000] {dag.py:2573} INFO - Sync 1 DAGs
[2022-09-24T08:36:25.823+0000] {logging_mixin.py:117} INFO - [2022-09-24T08:36:25.823+0000] {dag.py:3328} INFO - Setting next_dagrun for example_task_group_decorator to 2022-09-23T08:36:25.823021+00:00, run_after=2022-09-24T08:36:25.823021+00:00
[2022-09-24T08:36:25.834+0000] {processor.py:178} INFO - Processing /home/airflow/.local/lib/python3.7/site-packages/airflow/example_dags/example_task_group_decorator.py took 0.075 seconds
[2022-09-24T08:36:56.095+0000] {processor.py:156} INFO - Started process (PID=34929) to work on /home/airflow/.local/lib/python3.7/site-packages/airflow/example_dags/example_task_group_decorator.py
[2022-09-24T08:36:56.099+0000] {processor.py:758} INFO - Processing file /home/airflow/.local/lib/python3.7/site-packages/airflow/example_dags/example_task_group_decorator.py for tasks to queue
[2022-09-24T08:36:56.099+0000] {logging_mixin.py:117} INFO - [2022-09-24T08:36:56.099+0000] {dagbag.py:525} INFO - Filling up the DagBag from /home/airflow/.local/lib/python3.7/site-packages/airflow/example_dags/example_task_group_decorator.py
[2022-09-24T08:36:56.118+0000] {processor.py:768} INFO - DAG(s) dict_keys(['example_task_group_decorator']) retrieved from /home/airflow/.local/lib/python3.7/site-packages/airflow/example_dags/example_task_group_decorator.py
[2022-09-24T08:36:56.145+0000] {logging_mixin.py:117} INFO - [2022-09-24T08:36:56.145+0000] {dag.py:2573} INFO - Sync 1 DAGs
[2022-09-24T08:36:56.163+0000] {logging_mixin.py:117} INFO - [2022-09-24T08:36:56.163+0000] {dag.py:3328} INFO - Setting next_dagrun for example_task_group_decorator to 2022-09-23T08:36:56.163704+00:00, run_after=2022-09-24T08:36:56.163704+00:00
[2022-09-24T08:36:56.175+0000] {processor.py:178} INFO - Processing /home/airflow/.local/lib/python3.7/site-packages/airflow/example_dags/example_task_group_decorator.py took 0.082 seconds
[2022-09-24T08:37:26.470+0000] {processor.py:156} INFO - Started process (PID=34992) to work on /home/airflow/.local/lib/python3.7/site-packages/airflow/example_dags/example_task_group_decorator.py
[2022-09-24T08:37:26.472+0000] {processor.py:758} INFO - Processing file /home/airflow/.local/lib/python3.7/site-packages/airflow/example_dags/example_task_group_decorator.py for tasks to queue
[2022-09-24T08:37:26.473+0000] {logging_mixin.py:117} INFO - [2022-09-24T08:37:26.473+0000] {dagbag.py:525} INFO - Filling up the DagBag from /home/airflow/.local/lib/python3.7/site-packages/airflow/example_dags/example_task_group_decorator.py
[2022-09-24T08:37:26.491+0000] {processor.py:768} INFO - DAG(s) dict_keys(['example_task_group_decorator']) retrieved from /home/airflow/.local/lib/python3.7/site-packages/airflow/example_dags/example_task_group_decorator.py
[2022-09-24T08:37:26.520+0000] {logging_mixin.py:117} INFO - [2022-09-24T08:37:26.519+0000] {dag.py:2573} INFO - Sync 1 DAGs
[2022-09-24T08:37:26.535+0000] {logging_mixin.py:117} INFO - [2022-09-24T08:37:26.535+0000] {dag.py:3328} INFO - Setting next_dagrun for example_task_group_decorator to 2022-09-23T08:37:26.535264+00:00, run_after=2022-09-24T08:37:26.535264+00:00
[2022-09-24T08:37:26.547+0000] {processor.py:178} INFO - Processing /home/airflow/.local/lib/python3.7/site-packages/airflow/example_dags/example_task_group_decorator.py took 0.080 seconds
[2022-09-24T08:37:56.912+0000] {processor.py:156} INFO - Started process (PID=35054) to work on /home/airflow/.local/lib/python3.7/site-packages/airflow/example_dags/example_task_group_decorator.py
[2022-09-24T08:37:56.914+0000] {processor.py:758} INFO - Processing file /home/airflow/.local/lib/python3.7/site-packages/airflow/example_dags/example_task_group_decorator.py for tasks to queue
[2022-09-24T08:37:56.915+0000] {logging_mixin.py:117} INFO - [2022-09-24T08:37:56.914+0000] {dagbag.py:525} INFO - Filling up the DagBag from /home/airflow/.local/lib/python3.7/site-packages/airflow/example_dags/example_task_group_decorator.py
[2022-09-24T08:37:56.933+0000] {processor.py:768} INFO - DAG(s) dict_keys(['example_task_group_decorator']) retrieved from /home/airflow/.local/lib/python3.7/site-packages/airflow/example_dags/example_task_group_decorator.py
[2022-09-24T08:37:56.960+0000] {logging_mixin.py:117} INFO - [2022-09-24T08:37:56.960+0000] {dag.py:2573} INFO - Sync 1 DAGs
[2022-09-24T08:37:56.975+0000] {logging_mixin.py:117} INFO - [2022-09-24T08:37:56.975+0000] {dag.py:3328} INFO - Setting next_dagrun for example_task_group_decorator to 2022-09-23T08:37:56.975177+00:00, run_after=2022-09-24T08:37:56.975177+00:00
[2022-09-24T08:37:56.986+0000] {processor.py:178} INFO - Processing /home/airflow/.local/lib/python3.7/site-packages/airflow/example_dags/example_task_group_decorator.py took 0.076 seconds
[2022-09-24T08:38:27.194+0000] {processor.py:156} INFO - Started process (PID=35108) to work on /home/airflow/.local/lib/python3.7/site-packages/airflow/example_dags/example_task_group_decorator.py
[2022-09-24T08:38:27.197+0000] {processor.py:758} INFO - Processing file /home/airflow/.local/lib/python3.7/site-packages/airflow/example_dags/example_task_group_decorator.py for tasks to queue
[2022-09-24T08:38:27.198+0000] {logging_mixin.py:117} INFO - [2022-09-24T08:38:27.198+0000] {dagbag.py:525} INFO - Filling up the DagBag from /home/airflow/.local/lib/python3.7/site-packages/airflow/example_dags/example_task_group_decorator.py
[2022-09-24T08:38:27.217+0000] {processor.py:768} INFO - DAG(s) dict_keys(['example_task_group_decorator']) retrieved from /home/airflow/.local/lib/python3.7/site-packages/airflow/example_dags/example_task_group_decorator.py
[2022-09-24T08:38:27.244+0000] {logging_mixin.py:117} INFO - [2022-09-24T08:38:27.244+0000] {dag.py:2573} INFO - Sync 1 DAGs
[2022-09-24T08:38:27.262+0000] {logging_mixin.py:117} INFO - [2022-09-24T08:38:27.262+0000] {dag.py:3328} INFO - Setting next_dagrun for example_task_group_decorator to 2022-09-23T08:38:27.262582+00:00, run_after=2022-09-24T08:38:27.262582+00:00
[2022-09-24T08:38:27.278+0000] {processor.py:178} INFO - Processing /home/airflow/.local/lib/python3.7/site-packages/airflow/example_dags/example_task_group_decorator.py took 0.087 seconds
[2022-09-24T08:38:57.476+0000] {processor.py:156} INFO - Started process (PID=35172) to work on /home/airflow/.local/lib/python3.7/site-packages/airflow/example_dags/example_task_group_decorator.py
[2022-09-24T08:38:57.478+0000] {processor.py:758} INFO - Processing file /home/airflow/.local/lib/python3.7/site-packages/airflow/example_dags/example_task_group_decorator.py for tasks to queue
[2022-09-24T08:38:57.479+0000] {logging_mixin.py:117} INFO - [2022-09-24T08:38:57.479+0000] {dagbag.py:525} INFO - Filling up the DagBag from /home/airflow/.local/lib/python3.7/site-packages/airflow/example_dags/example_task_group_decorator.py
[2022-09-24T08:38:57.498+0000] {processor.py:768} INFO - DAG(s) dict_keys(['example_task_group_decorator']) retrieved from /home/airflow/.local/lib/python3.7/site-packages/airflow/example_dags/example_task_group_decorator.py
[2022-09-24T08:38:57.526+0000] {logging_mixin.py:117} INFO - [2022-09-24T08:38:57.526+0000] {dag.py:2573} INFO - Sync 1 DAGs
[2022-09-24T08:38:57.541+0000] {logging_mixin.py:117} INFO - [2022-09-24T08:38:57.541+0000] {dag.py:3328} INFO - Setting next_dagrun for example_task_group_decorator to 2022-09-23T08:38:57.541666+00:00, run_after=2022-09-24T08:38:57.541666+00:00
[2022-09-24T08:38:57.556+0000] {processor.py:178} INFO - Processing /home/airflow/.local/lib/python3.7/site-packages/airflow/example_dags/example_task_group_decorator.py took 0.082 seconds
[2022-09-24T08:39:27.773+0000] {processor.py:156} INFO - Started process (PID=35235) to work on /home/airflow/.local/lib/python3.7/site-packages/airflow/example_dags/example_task_group_decorator.py
[2022-09-24T08:39:27.775+0000] {processor.py:758} INFO - Processing file /home/airflow/.local/lib/python3.7/site-packages/airflow/example_dags/example_task_group_decorator.py for tasks to queue
[2022-09-24T08:39:27.776+0000] {logging_mixin.py:117} INFO - [2022-09-24T08:39:27.776+0000] {dagbag.py:525} INFO - Filling up the DagBag from /home/airflow/.local/lib/python3.7/site-packages/airflow/example_dags/example_task_group_decorator.py
[2022-09-24T08:39:27.794+0000] {processor.py:768} INFO - DAG(s) dict_keys(['example_task_group_decorator']) retrieved from /home/airflow/.local/lib/python3.7/site-packages/airflow/example_dags/example_task_group_decorator.py
[2022-09-24T08:39:27.821+0000] {logging_mixin.py:117} INFO - [2022-09-24T08:39:27.821+0000] {dag.py:2573} INFO - Sync 1 DAGs
[2022-09-24T08:39:27.836+0000] {logging_mixin.py:117} INFO - [2022-09-24T08:39:27.836+0000] {dag.py:3328} INFO - Setting next_dagrun for example_task_group_decorator to 2022-09-23T08:39:27.835934+00:00, run_after=2022-09-24T08:39:27.835934+00:00
[2022-09-24T08:39:27.848+0000] {processor.py:178} INFO - Processing /home/airflow/.local/lib/python3.7/site-packages/airflow/example_dags/example_task_group_decorator.py took 0.077 seconds
[2022-09-24T08:39:58.459+0000] {processor.py:156} INFO - Started process (PID=35298) to work on /home/airflow/.local/lib/python3.7/site-packages/airflow/example_dags/example_task_group_decorator.py
[2022-09-24T08:39:58.461+0000] {processor.py:758} INFO - Processing file /home/airflow/.local/lib/python3.7/site-packages/airflow/example_dags/example_task_group_decorator.py for tasks to queue
[2022-09-24T08:39:58.462+0000] {logging_mixin.py:117} INFO - [2022-09-24T08:39:58.462+0000] {dagbag.py:525} INFO - Filling up the DagBag from /home/airflow/.local/lib/python3.7/site-packages/airflow/example_dags/example_task_group_decorator.py
[2022-09-24T08:39:58.481+0000] {processor.py:768} INFO - DAG(s) dict_keys(['example_task_group_decorator']) retrieved from /home/airflow/.local/lib/python3.7/site-packages/airflow/example_dags/example_task_group_decorator.py
[2022-09-24T08:39:58.511+0000] {logging_mixin.py:117} INFO - [2022-09-24T08:39:58.511+0000] {dag.py:2573} INFO - Sync 1 DAGs
[2022-09-24T08:39:58.525+0000] {logging_mixin.py:117} INFO - [2022-09-24T08:39:58.525+0000] {dag.py:3328} INFO - Setting next_dagrun for example_task_group_decorator to 2022-09-23T08:39:58.525705+00:00, run_after=2022-09-24T08:39:58.525705+00:00
[2022-09-24T08:39:58.539+0000] {processor.py:178} INFO - Processing /home/airflow/.local/lib/python3.7/site-packages/airflow/example_dags/example_task_group_decorator.py took 0.082 seconds
[2022-09-24T09:07:11.564+0000] {processor.py:156} INFO - Started process (PID=35353) to work on /home/airflow/.local/lib/python3.7/site-packages/airflow/example_dags/example_task_group_decorator.py
[2022-09-24T09:07:11.566+0000] {processor.py:758} INFO - Processing file /home/airflow/.local/lib/python3.7/site-packages/airflow/example_dags/example_task_group_decorator.py for tasks to queue
[2022-09-24T09:07:11.567+0000] {logging_mixin.py:117} INFO - [2022-09-24T09:07:11.567+0000] {dagbag.py:525} INFO - Filling up the DagBag from /home/airflow/.local/lib/python3.7/site-packages/airflow/example_dags/example_task_group_decorator.py
[2022-09-24T09:07:11.595+0000] {processor.py:768} INFO - DAG(s) dict_keys(['example_task_group_decorator']) retrieved from /home/airflow/.local/lib/python3.7/site-packages/airflow/example_dags/example_task_group_decorator.py
[2022-09-24T09:07:11.627+0000] {logging_mixin.py:117} INFO - [2022-09-24T09:07:11.627+0000] {dag.py:2573} INFO - Sync 1 DAGs
[2022-09-24T09:07:11.647+0000] {logging_mixin.py:117} INFO - [2022-09-24T09:07:11.647+0000] {dag.py:3328} INFO - Setting next_dagrun for example_task_group_decorator to 2022-09-23T09:07:11.647363+00:00, run_after=2022-09-24T09:07:11.647363+00:00
[2022-09-24T09:07:11.672+0000] {processor.py:178} INFO - Processing /home/airflow/.local/lib/python3.7/site-packages/airflow/example_dags/example_task_group_decorator.py took 0.112 seconds
