[2022-09-24T01:04:10.798+0000] {processor.py:156} INFO - Started process (PID=32114) to work on /home/airflow/.local/lib/python3.7/site-packages/airflow/example_dags/example_xcom.py
[2022-09-24T01:04:10.801+0000] {processor.py:758} INFO - Processing file /home/airflow/.local/lib/python3.7/site-packages/airflow/example_dags/example_xcom.py for tasks to queue
[2022-09-24T01:04:10.803+0000] {logging_mixin.py:117} INFO - [2022-09-24T01:04:10.803+0000] {dagbag.py:525} INFO - Filling up the DagBag from /home/airflow/.local/lib/python3.7/site-packages/airflow/example_dags/example_xcom.py
[2022-09-24T01:04:10.830+0000] {processor.py:768} INFO - DAG(s) dict_keys(['example_xcom']) retrieved from /home/airflow/.local/lib/python3.7/site-packages/airflow/example_dags/example_xcom.py
[2022-09-24T01:04:10.880+0000] {logging_mixin.py:117} INFO - [2022-09-24T01:04:10.879+0000] {dag.py:2573} INFO - Sync 1 DAGs
[2022-09-24T01:04:10.908+0000] {logging_mixin.py:117} INFO - [2022-09-24T01:04:10.907+0000] {dag.py:3328} INFO - Setting next_dagrun for example_xcom to 2021-01-01T00:00:00+00:00, run_after=2021-01-01T00:00:00+00:00
[2022-09-24T01:04:10.929+0000] {processor.py:178} INFO - Processing /home/airflow/.local/lib/python3.7/site-packages/airflow/example_dags/example_xcom.py took 0.134 seconds
[2022-09-24T02:27:01.693+0000] {processor.py:156} INFO - Started process (PID=32168) to work on /home/airflow/.local/lib/python3.7/site-packages/airflow/example_dags/example_xcom.py
[2022-09-24T02:27:01.696+0000] {processor.py:758} INFO - Processing file /home/airflow/.local/lib/python3.7/site-packages/airflow/example_dags/example_xcom.py for tasks to queue
[2022-09-24T02:27:01.701+0000] {logging_mixin.py:117} INFO - [2022-09-24T02:27:01.699+0000] {dagbag.py:525} INFO - Filling up the DagBag from /home/airflow/.local/lib/python3.7/site-packages/airflow/example_dags/example_xcom.py
[2022-09-24T02:27:01.738+0000] {processor.py:768} INFO - DAG(s) dict_keys(['example_xcom']) retrieved from /home/airflow/.local/lib/python3.7/site-packages/airflow/example_dags/example_xcom.py
[2022-09-24T02:27:01.804+0000] {logging_mixin.py:117} INFO - [2022-09-24T02:27:01.804+0000] {dag.py:2573} INFO - Sync 1 DAGs
[2022-09-24T02:27:01.867+0000] {logging_mixin.py:117} INFO - [2022-09-24T02:27:01.867+0000] {dag.py:3328} INFO - Setting next_dagrun for example_xcom to 2021-01-01T00:00:00+00:00, run_after=2021-01-01T00:00:00+00:00
[2022-09-24T02:27:01.904+0000] {processor.py:178} INFO - Processing /home/airflow/.local/lib/python3.7/site-packages/airflow/example_dags/example_xcom.py took 0.215 seconds
[2022-09-24T03:24:00.174+0000] {processor.py:156} INFO - Started process (PID=32231) to work on /home/airflow/.local/lib/python3.7/site-packages/airflow/example_dags/example_xcom.py
[2022-09-24T03:24:00.176+0000] {processor.py:758} INFO - Processing file /home/airflow/.local/lib/python3.7/site-packages/airflow/example_dags/example_xcom.py for tasks to queue
[2022-09-24T03:24:00.177+0000] {logging_mixin.py:117} INFO - [2022-09-24T03:24:00.177+0000] {dagbag.py:525} INFO - Filling up the DagBag from /home/airflow/.local/lib/python3.7/site-packages/airflow/example_dags/example_xcom.py
[2022-09-24T03:24:00.195+0000] {processor.py:768} INFO - DAG(s) dict_keys(['example_xcom']) retrieved from /home/airflow/.local/lib/python3.7/site-packages/airflow/example_dags/example_xcom.py
[2022-09-24T03:24:00.228+0000] {logging_mixin.py:117} INFO - [2022-09-24T03:24:00.228+0000] {dag.py:2573} INFO - Sync 1 DAGs
[2022-09-24T03:24:00.251+0000] {logging_mixin.py:117} INFO - [2022-09-24T03:24:00.251+0000] {dag.py:3328} INFO - Setting next_dagrun for example_xcom to 2021-01-01T00:00:00+00:00, run_after=2021-01-01T00:00:00+00:00
[2022-09-24T03:24:00.269+0000] {processor.py:178} INFO - Processing /home/airflow/.local/lib/python3.7/site-packages/airflow/example_dags/example_xcom.py took 0.097 seconds
[2022-09-24T04:29:27.445+0000] {processor.py:156} INFO - Started process (PID=32296) to work on /home/airflow/.local/lib/python3.7/site-packages/airflow/example_dags/example_xcom.py
[2022-09-24T04:29:27.448+0000] {processor.py:758} INFO - Processing file /home/airflow/.local/lib/python3.7/site-packages/airflow/example_dags/example_xcom.py for tasks to queue
[2022-09-24T04:29:27.453+0000] {logging_mixin.py:117} INFO - [2022-09-24T04:29:27.453+0000] {dagbag.py:525} INFO - Filling up the DagBag from /home/airflow/.local/lib/python3.7/site-packages/airflow/example_dags/example_xcom.py
[2022-09-24T04:29:27.476+0000] {processor.py:768} INFO - DAG(s) dict_keys(['example_xcom']) retrieved from /home/airflow/.local/lib/python3.7/site-packages/airflow/example_dags/example_xcom.py
[2022-09-24T04:29:27.523+0000] {logging_mixin.py:117} INFO - [2022-09-24T04:29:27.523+0000] {dag.py:2573} INFO - Sync 1 DAGs
[2022-09-24T04:29:27.550+0000] {logging_mixin.py:117} INFO - [2022-09-24T04:29:27.550+0000] {dag.py:3328} INFO - Setting next_dagrun for example_xcom to 2021-01-01T00:00:00+00:00, run_after=2021-01-01T00:00:00+00:00
[2022-09-24T04:29:27.567+0000] {processor.py:178} INFO - Processing /home/airflow/.local/lib/python3.7/site-packages/airflow/example_dags/example_xcom.py took 0.125 seconds
[2022-09-24T05:38:07.729+0000] {processor.py:156} INFO - Started process (PID=32359) to work on /home/airflow/.local/lib/python3.7/site-packages/airflow/example_dags/example_xcom.py
[2022-09-24T05:38:07.731+0000] {processor.py:758} INFO - Processing file /home/airflow/.local/lib/python3.7/site-packages/airflow/example_dags/example_xcom.py for tasks to queue
[2022-09-24T05:38:07.734+0000] {logging_mixin.py:117} INFO - [2022-09-24T05:38:07.733+0000] {dagbag.py:525} INFO - Filling up the DagBag from /home/airflow/.local/lib/python3.7/site-packages/airflow/example_dags/example_xcom.py
[2022-09-24T05:38:07.753+0000] {processor.py:768} INFO - DAG(s) dict_keys(['example_xcom']) retrieved from /home/airflow/.local/lib/python3.7/site-packages/airflow/example_dags/example_xcom.py
[2022-09-24T05:38:07.799+0000] {logging_mixin.py:117} INFO - [2022-09-24T05:38:07.799+0000] {dag.py:2573} INFO - Sync 1 DAGs
[2022-09-24T05:38:07.825+0000] {logging_mixin.py:117} INFO - [2022-09-24T05:38:07.824+0000] {dag.py:3328} INFO - Setting next_dagrun for example_xcom to 2021-01-01T00:00:00+00:00, run_after=2021-01-01T00:00:00+00:00
[2022-09-24T05:38:07.846+0000] {processor.py:178} INFO - Processing /home/airflow/.local/lib/python3.7/site-packages/airflow/example_dags/example_xcom.py took 0.119 seconds
[2022-09-24T06:55:22.214+0000] {processor.py:156} INFO - Started process (PID=32413) to work on /home/airflow/.local/lib/python3.7/site-packages/airflow/example_dags/example_xcom.py
[2022-09-24T06:55:22.216+0000] {processor.py:758} INFO - Processing file /home/airflow/.local/lib/python3.7/site-packages/airflow/example_dags/example_xcom.py for tasks to queue
[2022-09-24T06:55:22.217+0000] {logging_mixin.py:117} INFO - [2022-09-24T06:55:22.217+0000] {dagbag.py:525} INFO - Filling up the DagBag from /home/airflow/.local/lib/python3.7/site-packages/airflow/example_dags/example_xcom.py
[2022-09-24T06:55:22.237+0000] {processor.py:768} INFO - DAG(s) dict_keys(['example_xcom']) retrieved from /home/airflow/.local/lib/python3.7/site-packages/airflow/example_dags/example_xcom.py
[2022-09-24T06:55:22.266+0000] {logging_mixin.py:117} INFO - [2022-09-24T06:55:22.266+0000] {dag.py:2573} INFO - Sync 1 DAGs
[2022-09-24T06:55:22.282+0000] {logging_mixin.py:117} INFO - [2022-09-24T06:55:22.282+0000] {dag.py:3328} INFO - Setting next_dagrun for example_xcom to 2021-01-01T00:00:00+00:00, run_after=2021-01-01T00:00:00+00:00
[2022-09-24T06:55:22.298+0000] {processor.py:178} INFO - Processing /home/airflow/.local/lib/python3.7/site-packages/airflow/example_dags/example_xcom.py took 0.087 seconds
[2022-09-24T07:36:26.084+0000] {processor.py:156} INFO - Started process (PID=32476) to work on /home/airflow/.local/lib/python3.7/site-packages/airflow/example_dags/example_xcom.py
[2022-09-24T07:36:26.088+0000] {processor.py:758} INFO - Processing file /home/airflow/.local/lib/python3.7/site-packages/airflow/example_dags/example_xcom.py for tasks to queue
[2022-09-24T07:36:26.090+0000] {logging_mixin.py:117} INFO - [2022-09-24T07:36:26.090+0000] {dagbag.py:525} INFO - Filling up the DagBag from /home/airflow/.local/lib/python3.7/site-packages/airflow/example_dags/example_xcom.py
[2022-09-24T07:36:26.141+0000] {processor.py:768} INFO - DAG(s) dict_keys(['example_xcom']) retrieved from /home/airflow/.local/lib/python3.7/site-packages/airflow/example_dags/example_xcom.py
[2022-09-24T07:36:26.200+0000] {logging_mixin.py:117} INFO - [2022-09-24T07:36:26.200+0000] {dag.py:2573} INFO - Sync 1 DAGs
[2022-09-24T07:36:26.232+0000] {logging_mixin.py:117} INFO - [2022-09-24T07:36:26.232+0000] {dag.py:3328} INFO - Setting next_dagrun for example_xcom to 2021-01-01T00:00:00+00:00, run_after=2021-01-01T00:00:00+00:00
[2022-09-24T07:36:26.264+0000] {processor.py:178} INFO - Processing /home/airflow/.local/lib/python3.7/site-packages/airflow/example_dags/example_xcom.py took 0.191 seconds
[2022-09-24T07:39:18.432+0000] {processor.py:156} INFO - Started process (PID=32539) to work on /home/airflow/.local/lib/python3.7/site-packages/airflow/example_dags/example_xcom.py
[2022-09-24T07:39:18.434+0000] {processor.py:758} INFO - Processing file /home/airflow/.local/lib/python3.7/site-packages/airflow/example_dags/example_xcom.py for tasks to queue
[2022-09-24T07:39:18.435+0000] {logging_mixin.py:117} INFO - [2022-09-24T07:39:18.435+0000] {dagbag.py:525} INFO - Filling up the DagBag from /home/airflow/.local/lib/python3.7/site-packages/airflow/example_dags/example_xcom.py
[2022-09-24T07:39:18.461+0000] {processor.py:768} INFO - DAG(s) dict_keys(['example_xcom']) retrieved from /home/airflow/.local/lib/python3.7/site-packages/airflow/example_dags/example_xcom.py
[2022-09-24T07:39:18.532+0000] {logging_mixin.py:117} INFO - [2022-09-24T07:39:18.532+0000] {dag.py:2573} INFO - Sync 1 DAGs
[2022-09-24T07:39:18.552+0000] {logging_mixin.py:117} INFO - [2022-09-24T07:39:18.552+0000] {dag.py:3328} INFO - Setting next_dagrun for example_xcom to 2021-01-01T00:00:00+00:00, run_after=2021-01-01T00:00:00+00:00
[2022-09-24T07:39:18.572+0000] {processor.py:178} INFO - Processing /home/airflow/.local/lib/python3.7/site-packages/airflow/example_dags/example_xcom.py took 0.142 seconds
[2022-09-24T07:39:48.759+0000] {processor.py:156} INFO - Started process (PID=32602) to work on /home/airflow/.local/lib/python3.7/site-packages/airflow/example_dags/example_xcom.py
[2022-09-24T07:39:48.761+0000] {processor.py:758} INFO - Processing file /home/airflow/.local/lib/python3.7/site-packages/airflow/example_dags/example_xcom.py for tasks to queue
[2022-09-24T07:39:48.762+0000] {logging_mixin.py:117} INFO - [2022-09-24T07:39:48.762+0000] {dagbag.py:525} INFO - Filling up the DagBag from /home/airflow/.local/lib/python3.7/site-packages/airflow/example_dags/example_xcom.py
[2022-09-24T07:39:48.776+0000] {processor.py:768} INFO - DAG(s) dict_keys(['example_xcom']) retrieved from /home/airflow/.local/lib/python3.7/site-packages/airflow/example_dags/example_xcom.py
[2022-09-24T07:39:48.802+0000] {logging_mixin.py:117} INFO - [2022-09-24T07:39:48.801+0000] {dag.py:2573} INFO - Sync 1 DAGs
[2022-09-24T07:39:48.816+0000] {logging_mixin.py:117} INFO - [2022-09-24T07:39:48.816+0000] {dag.py:3328} INFO - Setting next_dagrun for example_xcom to 2021-01-01T00:00:00+00:00, run_after=2021-01-01T00:00:00+00:00
[2022-09-24T07:39:48.827+0000] {processor.py:178} INFO - Processing /home/airflow/.local/lib/python3.7/site-packages/airflow/example_dags/example_xcom.py took 0.070 seconds
[2022-09-24T07:40:19.032+0000] {processor.py:156} INFO - Started process (PID=32667) to work on /home/airflow/.local/lib/python3.7/site-packages/airflow/example_dags/example_xcom.py
[2022-09-24T07:40:19.034+0000] {processor.py:758} INFO - Processing file /home/airflow/.local/lib/python3.7/site-packages/airflow/example_dags/example_xcom.py for tasks to queue
[2022-09-24T07:40:19.035+0000] {logging_mixin.py:117} INFO - [2022-09-24T07:40:19.035+0000] {dagbag.py:525} INFO - Filling up the DagBag from /home/airflow/.local/lib/python3.7/site-packages/airflow/example_dags/example_xcom.py
[2022-09-24T07:40:19.049+0000] {processor.py:768} INFO - DAG(s) dict_keys(['example_xcom']) retrieved from /home/airflow/.local/lib/python3.7/site-packages/airflow/example_dags/example_xcom.py
[2022-09-24T07:40:19.083+0000] {logging_mixin.py:117} INFO - [2022-09-24T07:40:19.083+0000] {dag.py:2573} INFO - Sync 1 DAGs
[2022-09-24T07:40:19.099+0000] {logging_mixin.py:117} INFO - [2022-09-24T07:40:19.099+0000] {dag.py:3328} INFO - Setting next_dagrun for example_xcom to 2021-01-01T00:00:00+00:00, run_after=2021-01-01T00:00:00+00:00
[2022-09-24T07:40:19.113+0000] {processor.py:178} INFO - Processing /home/airflow/.local/lib/python3.7/site-packages/airflow/example_dags/example_xcom.py took 0.083 seconds
[2022-09-24T07:40:49.562+0000] {processor.py:156} INFO - Started process (PID=32730) to work on /home/airflow/.local/lib/python3.7/site-packages/airflow/example_dags/example_xcom.py
[2022-09-24T07:40:49.564+0000] {processor.py:758} INFO - Processing file /home/airflow/.local/lib/python3.7/site-packages/airflow/example_dags/example_xcom.py for tasks to queue
[2022-09-24T07:40:49.565+0000] {logging_mixin.py:117} INFO - [2022-09-24T07:40:49.565+0000] {dagbag.py:525} INFO - Filling up the DagBag from /home/airflow/.local/lib/python3.7/site-packages/airflow/example_dags/example_xcom.py
[2022-09-24T07:40:49.578+0000] {processor.py:768} INFO - DAG(s) dict_keys(['example_xcom']) retrieved from /home/airflow/.local/lib/python3.7/site-packages/airflow/example_dags/example_xcom.py
[2022-09-24T07:40:49.602+0000] {logging_mixin.py:117} INFO - [2022-09-24T07:40:49.602+0000] {dag.py:2573} INFO - Sync 1 DAGs
[2022-09-24T07:40:49.618+0000] {logging_mixin.py:117} INFO - [2022-09-24T07:40:49.618+0000] {dag.py:3328} INFO - Setting next_dagrun for example_xcom to 2021-01-01T00:00:00+00:00, run_after=2021-01-01T00:00:00+00:00
[2022-09-24T07:40:49.630+0000] {processor.py:178} INFO - Processing /home/airflow/.local/lib/python3.7/site-packages/airflow/example_dags/example_xcom.py took 0.071 seconds
[2022-09-24T07:41:19.926+0000] {processor.py:156} INFO - Started process (PID=32784) to work on /home/airflow/.local/lib/python3.7/site-packages/airflow/example_dags/example_xcom.py
[2022-09-24T07:41:19.928+0000] {processor.py:758} INFO - Processing file /home/airflow/.local/lib/python3.7/site-packages/airflow/example_dags/example_xcom.py for tasks to queue
[2022-09-24T07:41:19.929+0000] {logging_mixin.py:117} INFO - [2022-09-24T07:41:19.929+0000] {dagbag.py:525} INFO - Filling up the DagBag from /home/airflow/.local/lib/python3.7/site-packages/airflow/example_dags/example_xcom.py
[2022-09-24T07:41:19.949+0000] {processor.py:768} INFO - DAG(s) dict_keys(['example_xcom']) retrieved from /home/airflow/.local/lib/python3.7/site-packages/airflow/example_dags/example_xcom.py
[2022-09-24T07:41:19.985+0000] {logging_mixin.py:117} INFO - [2022-09-24T07:41:19.985+0000] {dag.py:2573} INFO - Sync 1 DAGs
[2022-09-24T07:41:20.005+0000] {logging_mixin.py:117} INFO - [2022-09-24T07:41:20.005+0000] {dag.py:3328} INFO - Setting next_dagrun for example_xcom to 2021-01-01T00:00:00+00:00, run_after=2021-01-01T00:00:00+00:00
[2022-09-24T07:41:20.021+0000] {processor.py:178} INFO - Processing /home/airflow/.local/lib/python3.7/site-packages/airflow/example_dags/example_xcom.py took 0.099 seconds
[2022-09-24T07:41:50.210+0000] {processor.py:156} INFO - Started process (PID=32847) to work on /home/airflow/.local/lib/python3.7/site-packages/airflow/example_dags/example_xcom.py
[2022-09-24T07:41:50.212+0000] {processor.py:758} INFO - Processing file /home/airflow/.local/lib/python3.7/site-packages/airflow/example_dags/example_xcom.py for tasks to queue
[2022-09-24T07:41:50.213+0000] {logging_mixin.py:117} INFO - [2022-09-24T07:41:50.213+0000] {dagbag.py:525} INFO - Filling up the DagBag from /home/airflow/.local/lib/python3.7/site-packages/airflow/example_dags/example_xcom.py
[2022-09-24T07:41:50.229+0000] {processor.py:768} INFO - DAG(s) dict_keys(['example_xcom']) retrieved from /home/airflow/.local/lib/python3.7/site-packages/airflow/example_dags/example_xcom.py
[2022-09-24T07:41:50.256+0000] {logging_mixin.py:117} INFO - [2022-09-24T07:41:50.255+0000] {dag.py:2573} INFO - Sync 1 DAGs
[2022-09-24T07:41:50.272+0000] {logging_mixin.py:117} INFO - [2022-09-24T07:41:50.272+0000] {dag.py:3328} INFO - Setting next_dagrun for example_xcom to 2021-01-01T00:00:00+00:00, run_after=2021-01-01T00:00:00+00:00
[2022-09-24T07:41:50.287+0000] {processor.py:178} INFO - Processing /home/airflow/.local/lib/python3.7/site-packages/airflow/example_dags/example_xcom.py took 0.079 seconds
[2022-09-24T07:42:20.571+0000] {processor.py:156} INFO - Started process (PID=32910) to work on /home/airflow/.local/lib/python3.7/site-packages/airflow/example_dags/example_xcom.py
[2022-09-24T07:42:20.573+0000] {processor.py:758} INFO - Processing file /home/airflow/.local/lib/python3.7/site-packages/airflow/example_dags/example_xcom.py for tasks to queue
[2022-09-24T07:42:20.575+0000] {logging_mixin.py:117} INFO - [2022-09-24T07:42:20.574+0000] {dagbag.py:525} INFO - Filling up the DagBag from /home/airflow/.local/lib/python3.7/site-packages/airflow/example_dags/example_xcom.py
[2022-09-24T07:42:20.591+0000] {processor.py:768} INFO - DAG(s) dict_keys(['example_xcom']) retrieved from /home/airflow/.local/lib/python3.7/site-packages/airflow/example_dags/example_xcom.py
[2022-09-24T07:42:20.617+0000] {logging_mixin.py:117} INFO - [2022-09-24T07:42:20.617+0000] {dag.py:2573} INFO - Sync 1 DAGs
[2022-09-24T07:42:20.631+0000] {logging_mixin.py:117} INFO - [2022-09-24T07:42:20.631+0000] {dag.py:3328} INFO - Setting next_dagrun for example_xcom to 2021-01-01T00:00:00+00:00, run_after=2021-01-01T00:00:00+00:00
[2022-09-24T07:42:20.644+0000] {processor.py:178} INFO - Processing /home/airflow/.local/lib/python3.7/site-packages/airflow/example_dags/example_xcom.py took 0.076 seconds
[2022-09-24T07:42:50.764+0000] {processor.py:156} INFO - Started process (PID=32973) to work on /home/airflow/.local/lib/python3.7/site-packages/airflow/example_dags/example_xcom.py
[2022-09-24T07:42:50.766+0000] {processor.py:758} INFO - Processing file /home/airflow/.local/lib/python3.7/site-packages/airflow/example_dags/example_xcom.py for tasks to queue
[2022-09-24T07:42:50.767+0000] {logging_mixin.py:117} INFO - [2022-09-24T07:42:50.767+0000] {dagbag.py:525} INFO - Filling up the DagBag from /home/airflow/.local/lib/python3.7/site-packages/airflow/example_dags/example_xcom.py
[2022-09-24T07:42:50.781+0000] {processor.py:768} INFO - DAG(s) dict_keys(['example_xcom']) retrieved from /home/airflow/.local/lib/python3.7/site-packages/airflow/example_dags/example_xcom.py
[2022-09-24T07:42:50.809+0000] {logging_mixin.py:117} INFO - [2022-09-24T07:42:50.809+0000] {dag.py:2573} INFO - Sync 1 DAGs
[2022-09-24T07:42:50.824+0000] {logging_mixin.py:117} INFO - [2022-09-24T07:42:50.824+0000] {dag.py:3328} INFO - Setting next_dagrun for example_xcom to 2021-01-01T00:00:00+00:00, run_after=2021-01-01T00:00:00+00:00
[2022-09-24T07:42:50.837+0000] {processor.py:178} INFO - Processing /home/airflow/.local/lib/python3.7/site-packages/airflow/example_dags/example_xcom.py took 0.075 seconds
[2022-09-24T07:43:21.083+0000] {processor.py:156} INFO - Started process (PID=33036) to work on /home/airflow/.local/lib/python3.7/site-packages/airflow/example_dags/example_xcom.py
[2022-09-24T07:43:21.084+0000] {processor.py:758} INFO - Processing file /home/airflow/.local/lib/python3.7/site-packages/airflow/example_dags/example_xcom.py for tasks to queue
[2022-09-24T07:43:21.085+0000] {logging_mixin.py:117} INFO - [2022-09-24T07:43:21.085+0000] {dagbag.py:525} INFO - Filling up the DagBag from /home/airflow/.local/lib/python3.7/site-packages/airflow/example_dags/example_xcom.py
[2022-09-24T07:43:21.101+0000] {processor.py:768} INFO - DAG(s) dict_keys(['example_xcom']) retrieved from /home/airflow/.local/lib/python3.7/site-packages/airflow/example_dags/example_xcom.py
[2022-09-24T07:43:21.128+0000] {logging_mixin.py:117} INFO - [2022-09-24T07:43:21.128+0000] {dag.py:2573} INFO - Sync 1 DAGs
[2022-09-24T07:43:21.144+0000] {logging_mixin.py:117} INFO - [2022-09-24T07:43:21.143+0000] {dag.py:3328} INFO - Setting next_dagrun for example_xcom to 2021-01-01T00:00:00+00:00, run_after=2021-01-01T00:00:00+00:00
[2022-09-24T07:43:21.157+0000] {processor.py:178} INFO - Processing /home/airflow/.local/lib/python3.7/site-packages/airflow/example_dags/example_xcom.py took 0.077 seconds
[2022-09-24T07:43:51.223+0000] {processor.py:156} INFO - Started process (PID=33096) to work on /home/airflow/.local/lib/python3.7/site-packages/airflow/example_dags/example_xcom.py
[2022-09-24T07:43:51.225+0000] {processor.py:758} INFO - Processing file /home/airflow/.local/lib/python3.7/site-packages/airflow/example_dags/example_xcom.py for tasks to queue
[2022-09-24T07:43:51.226+0000] {logging_mixin.py:117} INFO - [2022-09-24T07:43:51.226+0000] {dagbag.py:525} INFO - Filling up the DagBag from /home/airflow/.local/lib/python3.7/site-packages/airflow/example_dags/example_xcom.py
[2022-09-24T07:43:51.242+0000] {processor.py:768} INFO - DAG(s) dict_keys(['example_xcom']) retrieved from /home/airflow/.local/lib/python3.7/site-packages/airflow/example_dags/example_xcom.py
[2022-09-24T07:43:51.273+0000] {logging_mixin.py:117} INFO - [2022-09-24T07:43:51.273+0000] {dag.py:2573} INFO - Sync 1 DAGs
[2022-09-24T07:43:51.290+0000] {logging_mixin.py:117} INFO - [2022-09-24T07:43:51.290+0000] {dag.py:3328} INFO - Setting next_dagrun for example_xcom to 2021-01-01T00:00:00+00:00, run_after=2021-01-01T00:00:00+00:00
[2022-09-24T07:43:51.303+0000] {processor.py:178} INFO - Processing /home/airflow/.local/lib/python3.7/site-packages/airflow/example_dags/example_xcom.py took 0.082 seconds
[2022-09-24T07:44:21.582+0000] {processor.py:156} INFO - Started process (PID=33152) to work on /home/airflow/.local/lib/python3.7/site-packages/airflow/example_dags/example_xcom.py
[2022-09-24T07:44:21.584+0000] {processor.py:758} INFO - Processing file /home/airflow/.local/lib/python3.7/site-packages/airflow/example_dags/example_xcom.py for tasks to queue
[2022-09-24T07:44:21.585+0000] {logging_mixin.py:117} INFO - [2022-09-24T07:44:21.585+0000] {dagbag.py:525} INFO - Filling up the DagBag from /home/airflow/.local/lib/python3.7/site-packages/airflow/example_dags/example_xcom.py
[2022-09-24T07:44:21.602+0000] {processor.py:768} INFO - DAG(s) dict_keys(['example_xcom']) retrieved from /home/airflow/.local/lib/python3.7/site-packages/airflow/example_dags/example_xcom.py
[2022-09-24T07:44:21.629+0000] {logging_mixin.py:117} INFO - [2022-09-24T07:44:21.629+0000] {dag.py:2573} INFO - Sync 1 DAGs
[2022-09-24T07:44:21.646+0000] {logging_mixin.py:117} INFO - [2022-09-24T07:44:21.646+0000] {dag.py:3328} INFO - Setting next_dagrun for example_xcom to 2021-01-01T00:00:00+00:00, run_after=2021-01-01T00:00:00+00:00
[2022-09-24T07:44:21.670+0000] {processor.py:178} INFO - Processing /home/airflow/.local/lib/python3.7/site-packages/airflow/example_dags/example_xcom.py took 0.091 seconds
[2022-09-24T07:44:51.845+0000] {processor.py:156} INFO - Started process (PID=33216) to work on /home/airflow/.local/lib/python3.7/site-packages/airflow/example_dags/example_xcom.py
[2022-09-24T07:44:51.846+0000] {processor.py:758} INFO - Processing file /home/airflow/.local/lib/python3.7/site-packages/airflow/example_dags/example_xcom.py for tasks to queue
[2022-09-24T07:44:51.847+0000] {logging_mixin.py:117} INFO - [2022-09-24T07:44:51.847+0000] {dagbag.py:525} INFO - Filling up the DagBag from /home/airflow/.local/lib/python3.7/site-packages/airflow/example_dags/example_xcom.py
[2022-09-24T07:44:51.860+0000] {processor.py:768} INFO - DAG(s) dict_keys(['example_xcom']) retrieved from /home/airflow/.local/lib/python3.7/site-packages/airflow/example_dags/example_xcom.py
[2022-09-24T07:44:51.884+0000] {logging_mixin.py:117} INFO - [2022-09-24T07:44:51.884+0000] {dag.py:2573} INFO - Sync 1 DAGs
[2022-09-24T07:44:51.899+0000] {logging_mixin.py:117} INFO - [2022-09-24T07:44:51.899+0000] {dag.py:3328} INFO - Setting next_dagrun for example_xcom to 2021-01-01T00:00:00+00:00, run_after=2021-01-01T00:00:00+00:00
[2022-09-24T07:44:51.911+0000] {processor.py:178} INFO - Processing /home/airflow/.local/lib/python3.7/site-packages/airflow/example_dags/example_xcom.py took 0.069 seconds
[2022-09-24T07:45:22.183+0000] {processor.py:156} INFO - Started process (PID=33280) to work on /home/airflow/.local/lib/python3.7/site-packages/airflow/example_dags/example_xcom.py
[2022-09-24T07:45:22.185+0000] {processor.py:758} INFO - Processing file /home/airflow/.local/lib/python3.7/site-packages/airflow/example_dags/example_xcom.py for tasks to queue
[2022-09-24T07:45:22.186+0000] {logging_mixin.py:117} INFO - [2022-09-24T07:45:22.186+0000] {dagbag.py:525} INFO - Filling up the DagBag from /home/airflow/.local/lib/python3.7/site-packages/airflow/example_dags/example_xcom.py
[2022-09-24T07:45:22.204+0000] {processor.py:768} INFO - DAG(s) dict_keys(['example_xcom']) retrieved from /home/airflow/.local/lib/python3.7/site-packages/airflow/example_dags/example_xcom.py
[2022-09-24T07:45:22.228+0000] {logging_mixin.py:117} INFO - [2022-09-24T07:45:22.228+0000] {dag.py:2573} INFO - Sync 1 DAGs
[2022-09-24T07:45:22.242+0000] {logging_mixin.py:117} INFO - [2022-09-24T07:45:22.242+0000] {dag.py:3328} INFO - Setting next_dagrun for example_xcom to 2021-01-01T00:00:00+00:00, run_after=2021-01-01T00:00:00+00:00
[2022-09-24T07:45:22.254+0000] {processor.py:178} INFO - Processing /home/airflow/.local/lib/python3.7/site-packages/airflow/example_dags/example_xcom.py took 0.073 seconds
[2022-09-24T07:45:52.473+0000] {processor.py:156} INFO - Started process (PID=33343) to work on /home/airflow/.local/lib/python3.7/site-packages/airflow/example_dags/example_xcom.py
[2022-09-24T07:45:52.475+0000] {processor.py:758} INFO - Processing file /home/airflow/.local/lib/python3.7/site-packages/airflow/example_dags/example_xcom.py for tasks to queue
[2022-09-24T07:45:52.476+0000] {logging_mixin.py:117} INFO - [2022-09-24T07:45:52.476+0000] {dagbag.py:525} INFO - Filling up the DagBag from /home/airflow/.local/lib/python3.7/site-packages/airflow/example_dags/example_xcom.py
[2022-09-24T07:45:52.490+0000] {processor.py:768} INFO - DAG(s) dict_keys(['example_xcom']) retrieved from /home/airflow/.local/lib/python3.7/site-packages/airflow/example_dags/example_xcom.py
[2022-09-24T07:45:52.518+0000] {logging_mixin.py:117} INFO - [2022-09-24T07:45:52.518+0000] {dag.py:2573} INFO - Sync 1 DAGs
[2022-09-24T07:45:52.534+0000] {logging_mixin.py:117} INFO - [2022-09-24T07:45:52.534+0000] {dag.py:3328} INFO - Setting next_dagrun for example_xcom to 2021-01-01T00:00:00+00:00, run_after=2021-01-01T00:00:00+00:00
[2022-09-24T07:45:52.546+0000] {processor.py:178} INFO - Processing /home/airflow/.local/lib/python3.7/site-packages/airflow/example_dags/example_xcom.py took 0.075 seconds
[2022-09-24T07:46:22.735+0000] {processor.py:156} INFO - Started process (PID=33406) to work on /home/airflow/.local/lib/python3.7/site-packages/airflow/example_dags/example_xcom.py
[2022-09-24T07:46:22.737+0000] {processor.py:758} INFO - Processing file /home/airflow/.local/lib/python3.7/site-packages/airflow/example_dags/example_xcom.py for tasks to queue
[2022-09-24T07:46:22.738+0000] {logging_mixin.py:117} INFO - [2022-09-24T07:46:22.738+0000] {dagbag.py:525} INFO - Filling up the DagBag from /home/airflow/.local/lib/python3.7/site-packages/airflow/example_dags/example_xcom.py
[2022-09-24T07:46:22.753+0000] {processor.py:768} INFO - DAG(s) dict_keys(['example_xcom']) retrieved from /home/airflow/.local/lib/python3.7/site-packages/airflow/example_dags/example_xcom.py
[2022-09-24T07:46:22.779+0000] {logging_mixin.py:117} INFO - [2022-09-24T07:46:22.779+0000] {dag.py:2573} INFO - Sync 1 DAGs
[2022-09-24T07:46:22.795+0000] {logging_mixin.py:117} INFO - [2022-09-24T07:46:22.795+0000] {dag.py:3328} INFO - Setting next_dagrun for example_xcom to 2021-01-01T00:00:00+00:00, run_after=2021-01-01T00:00:00+00:00
[2022-09-24T07:46:22.810+0000] {processor.py:178} INFO - Processing /home/airflow/.local/lib/python3.7/site-packages/airflow/example_dags/example_xcom.py took 0.077 seconds
[2022-09-24T07:46:53.337+0000] {processor.py:156} INFO - Started process (PID=33470) to work on /home/airflow/.local/lib/python3.7/site-packages/airflow/example_dags/example_xcom.py
[2022-09-24T07:46:53.339+0000] {processor.py:758} INFO - Processing file /home/airflow/.local/lib/python3.7/site-packages/airflow/example_dags/example_xcom.py for tasks to queue
[2022-09-24T07:46:53.340+0000] {logging_mixin.py:117} INFO - [2022-09-24T07:46:53.340+0000] {dagbag.py:525} INFO - Filling up the DagBag from /home/airflow/.local/lib/python3.7/site-packages/airflow/example_dags/example_xcom.py
[2022-09-24T07:46:53.354+0000] {processor.py:768} INFO - DAG(s) dict_keys(['example_xcom']) retrieved from /home/airflow/.local/lib/python3.7/site-packages/airflow/example_dags/example_xcom.py
[2022-09-24T07:46:53.381+0000] {logging_mixin.py:117} INFO - [2022-09-24T07:46:53.381+0000] {dag.py:2573} INFO - Sync 1 DAGs
[2022-09-24T07:46:53.396+0000] {logging_mixin.py:117} INFO - [2022-09-24T07:46:53.396+0000] {dag.py:3328} INFO - Setting next_dagrun for example_xcom to 2021-01-01T00:00:00+00:00, run_after=2021-01-01T00:00:00+00:00
[2022-09-24T07:46:53.408+0000] {processor.py:178} INFO - Processing /home/airflow/.local/lib/python3.7/site-packages/airflow/example_dags/example_xcom.py took 0.073 seconds
[2022-09-24T08:22:52.844+0000] {processor.py:156} INFO - Started process (PID=33524) to work on /home/airflow/.local/lib/python3.7/site-packages/airflow/example_dags/example_xcom.py
[2022-09-24T08:22:52.846+0000] {processor.py:758} INFO - Processing file /home/airflow/.local/lib/python3.7/site-packages/airflow/example_dags/example_xcom.py for tasks to queue
[2022-09-24T08:22:52.848+0000] {logging_mixin.py:117} INFO - [2022-09-24T08:22:52.848+0000] {dagbag.py:525} INFO - Filling up the DagBag from /home/airflow/.local/lib/python3.7/site-packages/airflow/example_dags/example_xcom.py
[2022-09-24T08:22:52.874+0000] {processor.py:768} INFO - DAG(s) dict_keys(['example_xcom']) retrieved from /home/airflow/.local/lib/python3.7/site-packages/airflow/example_dags/example_xcom.py
[2022-09-24T08:22:52.917+0000] {logging_mixin.py:117} INFO - [2022-09-24T08:22:52.917+0000] {dag.py:2573} INFO - Sync 1 DAGs
[2022-09-24T08:22:52.937+0000] {logging_mixin.py:117} INFO - [2022-09-24T08:22:52.936+0000] {dag.py:3328} INFO - Setting next_dagrun for example_xcom to 2021-01-01T00:00:00+00:00, run_after=2021-01-01T00:00:00+00:00
[2022-09-24T08:22:52.957+0000] {processor.py:178} INFO - Processing /home/airflow/.local/lib/python3.7/site-packages/airflow/example_dags/example_xcom.py took 0.116 seconds
[2022-09-24T08:25:49.127+0000] {processor.py:156} INFO - Started process (PID=33587) to work on /home/airflow/.local/lib/python3.7/site-packages/airflow/example_dags/example_xcom.py
[2022-09-24T08:25:49.129+0000] {processor.py:758} INFO - Processing file /home/airflow/.local/lib/python3.7/site-packages/airflow/example_dags/example_xcom.py for tasks to queue
[2022-09-24T08:25:49.131+0000] {logging_mixin.py:117} INFO - [2022-09-24T08:25:49.131+0000] {dagbag.py:525} INFO - Filling up the DagBag from /home/airflow/.local/lib/python3.7/site-packages/airflow/example_dags/example_xcom.py
[2022-09-24T08:25:49.159+0000] {processor.py:768} INFO - DAG(s) dict_keys(['example_xcom']) retrieved from /home/airflow/.local/lib/python3.7/site-packages/airflow/example_dags/example_xcom.py
[2022-09-24T08:25:49.194+0000] {logging_mixin.py:117} INFO - [2022-09-24T08:25:49.194+0000] {dag.py:2573} INFO - Sync 1 DAGs
[2022-09-24T08:25:49.223+0000] {logging_mixin.py:117} INFO - [2022-09-24T08:25:49.223+0000] {dag.py:3328} INFO - Setting next_dagrun for example_xcom to 2021-01-01T00:00:00+00:00, run_after=2021-01-01T00:00:00+00:00
[2022-09-24T08:25:49.254+0000] {processor.py:178} INFO - Processing /home/airflow/.local/lib/python3.7/site-packages/airflow/example_dags/example_xcom.py took 0.129 seconds
[2022-09-24T08:26:19.582+0000] {processor.py:156} INFO - Started process (PID=33648) to work on /home/airflow/.local/lib/python3.7/site-packages/airflow/example_dags/example_xcom.py
[2022-09-24T08:26:19.584+0000] {processor.py:758} INFO - Processing file /home/airflow/.local/lib/python3.7/site-packages/airflow/example_dags/example_xcom.py for tasks to queue
[2022-09-24T08:26:19.585+0000] {logging_mixin.py:117} INFO - [2022-09-24T08:26:19.585+0000] {dagbag.py:525} INFO - Filling up the DagBag from /home/airflow/.local/lib/python3.7/site-packages/airflow/example_dags/example_xcom.py
[2022-09-24T08:26:19.602+0000] {processor.py:768} INFO - DAG(s) dict_keys(['example_xcom']) retrieved from /home/airflow/.local/lib/python3.7/site-packages/airflow/example_dags/example_xcom.py
[2022-09-24T08:26:19.631+0000] {logging_mixin.py:117} INFO - [2022-09-24T08:26:19.631+0000] {dag.py:2573} INFO - Sync 1 DAGs
[2022-09-24T08:26:19.648+0000] {logging_mixin.py:117} INFO - [2022-09-24T08:26:19.648+0000] {dag.py:3328} INFO - Setting next_dagrun for example_xcom to 2021-01-01T00:00:00+00:00, run_after=2021-01-01T00:00:00+00:00
[2022-09-24T08:26:19.662+0000] {processor.py:178} INFO - Processing /home/airflow/.local/lib/python3.7/site-packages/airflow/example_dags/example_xcom.py took 0.082 seconds
[2022-09-24T08:26:49.896+0000] {processor.py:156} INFO - Started process (PID=33704) to work on /home/airflow/.local/lib/python3.7/site-packages/airflow/example_dags/example_xcom.py
[2022-09-24T08:26:49.898+0000] {processor.py:758} INFO - Processing file /home/airflow/.local/lib/python3.7/site-packages/airflow/example_dags/example_xcom.py for tasks to queue
[2022-09-24T08:26:49.899+0000] {logging_mixin.py:117} INFO - [2022-09-24T08:26:49.899+0000] {dagbag.py:525} INFO - Filling up the DagBag from /home/airflow/.local/lib/python3.7/site-packages/airflow/example_dags/example_xcom.py
[2022-09-24T08:26:49.912+0000] {processor.py:768} INFO - DAG(s) dict_keys(['example_xcom']) retrieved from /home/airflow/.local/lib/python3.7/site-packages/airflow/example_dags/example_xcom.py
[2022-09-24T08:26:49.936+0000] {logging_mixin.py:117} INFO - [2022-09-24T08:26:49.936+0000] {dag.py:2573} INFO - Sync 1 DAGs
[2022-09-24T08:26:49.950+0000] {logging_mixin.py:117} INFO - [2022-09-24T08:26:49.950+0000] {dag.py:3328} INFO - Setting next_dagrun for example_xcom to 2021-01-01T00:00:00+00:00, run_after=2021-01-01T00:00:00+00:00
[2022-09-24T08:26:49.960+0000] {processor.py:178} INFO - Processing /home/airflow/.local/lib/python3.7/site-packages/airflow/example_dags/example_xcom.py took 0.066 seconds
[2022-09-24T08:27:20.269+0000] {processor.py:156} INFO - Started process (PID=33767) to work on /home/airflow/.local/lib/python3.7/site-packages/airflow/example_dags/example_xcom.py
[2022-09-24T08:27:20.270+0000] {processor.py:758} INFO - Processing file /home/airflow/.local/lib/python3.7/site-packages/airflow/example_dags/example_xcom.py for tasks to queue
[2022-09-24T08:27:20.271+0000] {logging_mixin.py:117} INFO - [2022-09-24T08:27:20.271+0000] {dagbag.py:525} INFO - Filling up the DagBag from /home/airflow/.local/lib/python3.7/site-packages/airflow/example_dags/example_xcom.py
[2022-09-24T08:27:20.285+0000] {processor.py:768} INFO - DAG(s) dict_keys(['example_xcom']) retrieved from /home/airflow/.local/lib/python3.7/site-packages/airflow/example_dags/example_xcom.py
[2022-09-24T08:27:20.310+0000] {logging_mixin.py:117} INFO - [2022-09-24T08:27:20.310+0000] {dag.py:2573} INFO - Sync 1 DAGs
[2022-09-24T08:27:20.323+0000] {logging_mixin.py:117} INFO - [2022-09-24T08:27:20.323+0000] {dag.py:3328} INFO - Setting next_dagrun for example_xcom to 2021-01-01T00:00:00+00:00, run_after=2021-01-01T00:00:00+00:00
[2022-09-24T08:27:20.333+0000] {processor.py:178} INFO - Processing /home/airflow/.local/lib/python3.7/site-packages/airflow/example_dags/example_xcom.py took 0.067 seconds
[2022-09-24T08:27:50.478+0000] {processor.py:156} INFO - Started process (PID=33829) to work on /home/airflow/.local/lib/python3.7/site-packages/airflow/example_dags/example_xcom.py
[2022-09-24T08:27:50.480+0000] {processor.py:758} INFO - Processing file /home/airflow/.local/lib/python3.7/site-packages/airflow/example_dags/example_xcom.py for tasks to queue
[2022-09-24T08:27:50.481+0000] {logging_mixin.py:117} INFO - [2022-09-24T08:27:50.481+0000] {dagbag.py:525} INFO - Filling up the DagBag from /home/airflow/.local/lib/python3.7/site-packages/airflow/example_dags/example_xcom.py
[2022-09-24T08:27:50.494+0000] {processor.py:768} INFO - DAG(s) dict_keys(['example_xcom']) retrieved from /home/airflow/.local/lib/python3.7/site-packages/airflow/example_dags/example_xcom.py
[2022-09-24T08:27:50.521+0000] {logging_mixin.py:117} INFO - [2022-09-24T08:27:50.520+0000] {dag.py:2573} INFO - Sync 1 DAGs
[2022-09-24T08:27:50.535+0000] {logging_mixin.py:117} INFO - [2022-09-24T08:27:50.535+0000] {dag.py:3328} INFO - Setting next_dagrun for example_xcom to 2021-01-01T00:00:00+00:00, run_after=2021-01-01T00:00:00+00:00
[2022-09-24T08:27:50.547+0000] {processor.py:178} INFO - Processing /home/airflow/.local/lib/python3.7/site-packages/airflow/example_dags/example_xcom.py took 0.071 seconds
[2022-09-24T08:28:20.854+0000] {processor.py:156} INFO - Started process (PID=33893) to work on /home/airflow/.local/lib/python3.7/site-packages/airflow/example_dags/example_xcom.py
[2022-09-24T08:28:20.856+0000] {processor.py:758} INFO - Processing file /home/airflow/.local/lib/python3.7/site-packages/airflow/example_dags/example_xcom.py for tasks to queue
[2022-09-24T08:28:20.856+0000] {logging_mixin.py:117} INFO - [2022-09-24T08:28:20.856+0000] {dagbag.py:525} INFO - Filling up the DagBag from /home/airflow/.local/lib/python3.7/site-packages/airflow/example_dags/example_xcom.py
[2022-09-24T08:28:20.873+0000] {processor.py:768} INFO - DAG(s) dict_keys(['example_xcom']) retrieved from /home/airflow/.local/lib/python3.7/site-packages/airflow/example_dags/example_xcom.py
[2022-09-24T08:28:20.900+0000] {logging_mixin.py:117} INFO - [2022-09-24T08:28:20.900+0000] {dag.py:2573} INFO - Sync 1 DAGs
[2022-09-24T08:28:20.914+0000] {logging_mixin.py:117} INFO - [2022-09-24T08:28:20.914+0000] {dag.py:3328} INFO - Setting next_dagrun for example_xcom to 2021-01-01T00:00:00+00:00, run_after=2021-01-01T00:00:00+00:00
[2022-09-24T08:28:20.927+0000] {processor.py:178} INFO - Processing /home/airflow/.local/lib/python3.7/site-packages/airflow/example_dags/example_xcom.py took 0.075 seconds
[2022-09-24T08:28:51.036+0000] {processor.py:156} INFO - Started process (PID=33956) to work on /home/airflow/.local/lib/python3.7/site-packages/airflow/example_dags/example_xcom.py
[2022-09-24T08:28:51.038+0000] {processor.py:758} INFO - Processing file /home/airflow/.local/lib/python3.7/site-packages/airflow/example_dags/example_xcom.py for tasks to queue
[2022-09-24T08:28:51.039+0000] {logging_mixin.py:117} INFO - [2022-09-24T08:28:51.039+0000] {dagbag.py:525} INFO - Filling up the DagBag from /home/airflow/.local/lib/python3.7/site-packages/airflow/example_dags/example_xcom.py
[2022-09-24T08:28:51.053+0000] {processor.py:768} INFO - DAG(s) dict_keys(['example_xcom']) retrieved from /home/airflow/.local/lib/python3.7/site-packages/airflow/example_dags/example_xcom.py
[2022-09-24T08:28:51.077+0000] {logging_mixin.py:117} INFO - [2022-09-24T08:28:51.077+0000] {dag.py:2573} INFO - Sync 1 DAGs
[2022-09-24T08:28:51.092+0000] {logging_mixin.py:117} INFO - [2022-09-24T08:28:51.092+0000] {dag.py:3328} INFO - Setting next_dagrun for example_xcom to 2021-01-01T00:00:00+00:00, run_after=2021-01-01T00:00:00+00:00
[2022-09-24T08:28:51.103+0000] {processor.py:178} INFO - Processing /home/airflow/.local/lib/python3.7/site-packages/airflow/example_dags/example_xcom.py took 0.070 seconds
[2022-09-24T08:29:21.597+0000] {processor.py:156} INFO - Started process (PID=34020) to work on /home/airflow/.local/lib/python3.7/site-packages/airflow/example_dags/example_xcom.py
[2022-09-24T08:29:21.598+0000] {processor.py:758} INFO - Processing file /home/airflow/.local/lib/python3.7/site-packages/airflow/example_dags/example_xcom.py for tasks to queue
[2022-09-24T08:29:21.599+0000] {logging_mixin.py:117} INFO - [2022-09-24T08:29:21.599+0000] {dagbag.py:525} INFO - Filling up the DagBag from /home/airflow/.local/lib/python3.7/site-packages/airflow/example_dags/example_xcom.py
[2022-09-24T08:29:21.615+0000] {processor.py:768} INFO - DAG(s) dict_keys(['example_xcom']) retrieved from /home/airflow/.local/lib/python3.7/site-packages/airflow/example_dags/example_xcom.py
[2022-09-24T08:29:21.643+0000] {logging_mixin.py:117} INFO - [2022-09-24T08:29:21.643+0000] {dag.py:2573} INFO - Sync 1 DAGs
[2022-09-24T08:29:21.659+0000] {logging_mixin.py:117} INFO - [2022-09-24T08:29:21.659+0000] {dag.py:3328} INFO - Setting next_dagrun for example_xcom to 2021-01-01T00:00:00+00:00, run_after=2021-01-01T00:00:00+00:00
[2022-09-24T08:29:21.671+0000] {processor.py:178} INFO - Processing /home/airflow/.local/lib/python3.7/site-packages/airflow/example_dags/example_xcom.py took 0.076 seconds
[2022-09-24T08:29:51.979+0000] {processor.py:156} INFO - Started process (PID=34074) to work on /home/airflow/.local/lib/python3.7/site-packages/airflow/example_dags/example_xcom.py
[2022-09-24T08:29:51.980+0000] {processor.py:758} INFO - Processing file /home/airflow/.local/lib/python3.7/site-packages/airflow/example_dags/example_xcom.py for tasks to queue
[2022-09-24T08:29:51.981+0000] {logging_mixin.py:117} INFO - [2022-09-24T08:29:51.981+0000] {dagbag.py:525} INFO - Filling up the DagBag from /home/airflow/.local/lib/python3.7/site-packages/airflow/example_dags/example_xcom.py
[2022-09-24T08:29:51.998+0000] {processor.py:768} INFO - DAG(s) dict_keys(['example_xcom']) retrieved from /home/airflow/.local/lib/python3.7/site-packages/airflow/example_dags/example_xcom.py
[2022-09-24T08:29:52.030+0000] {logging_mixin.py:117} INFO - [2022-09-24T08:29:52.030+0000] {dag.py:2573} INFO - Sync 1 DAGs
[2022-09-24T08:29:52.046+0000] {logging_mixin.py:117} INFO - [2022-09-24T08:29:52.045+0000] {dag.py:3328} INFO - Setting next_dagrun for example_xcom to 2021-01-01T00:00:00+00:00, run_after=2021-01-01T00:00:00+00:00
[2022-09-24T08:29:52.058+0000] {processor.py:178} INFO - Processing /home/airflow/.local/lib/python3.7/site-packages/airflow/example_dags/example_xcom.py took 0.082 seconds
[2022-09-24T08:30:22.256+0000] {processor.py:156} INFO - Started process (PID=34138) to work on /home/airflow/.local/lib/python3.7/site-packages/airflow/example_dags/example_xcom.py
[2022-09-24T08:30:22.258+0000] {processor.py:758} INFO - Processing file /home/airflow/.local/lib/python3.7/site-packages/airflow/example_dags/example_xcom.py for tasks to queue
[2022-09-24T08:30:22.259+0000] {logging_mixin.py:117} INFO - [2022-09-24T08:30:22.259+0000] {dagbag.py:525} INFO - Filling up the DagBag from /home/airflow/.local/lib/python3.7/site-packages/airflow/example_dags/example_xcom.py
[2022-09-24T08:30:22.275+0000] {processor.py:768} INFO - DAG(s) dict_keys(['example_xcom']) retrieved from /home/airflow/.local/lib/python3.7/site-packages/airflow/example_dags/example_xcom.py
[2022-09-24T08:30:22.307+0000] {logging_mixin.py:117} INFO - [2022-09-24T08:30:22.307+0000] {dag.py:2573} INFO - Sync 1 DAGs
[2022-09-24T08:30:22.322+0000] {logging_mixin.py:117} INFO - [2022-09-24T08:30:22.322+0000] {dag.py:3328} INFO - Setting next_dagrun for example_xcom to 2021-01-01T00:00:00+00:00, run_after=2021-01-01T00:00:00+00:00
[2022-09-24T08:30:22.335+0000] {processor.py:178} INFO - Processing /home/airflow/.local/lib/python3.7/site-packages/airflow/example_dags/example_xcom.py took 0.081 seconds
[2022-09-24T08:30:52.519+0000] {processor.py:156} INFO - Started process (PID=34202) to work on /home/airflow/.local/lib/python3.7/site-packages/airflow/example_dags/example_xcom.py
[2022-09-24T08:30:52.520+0000] {processor.py:758} INFO - Processing file /home/airflow/.local/lib/python3.7/site-packages/airflow/example_dags/example_xcom.py for tasks to queue
[2022-09-24T08:30:52.521+0000] {logging_mixin.py:117} INFO - [2022-09-24T08:30:52.521+0000] {dagbag.py:525} INFO - Filling up the DagBag from /home/airflow/.local/lib/python3.7/site-packages/airflow/example_dags/example_xcom.py
[2022-09-24T08:30:52.537+0000] {processor.py:768} INFO - DAG(s) dict_keys(['example_xcom']) retrieved from /home/airflow/.local/lib/python3.7/site-packages/airflow/example_dags/example_xcom.py
[2022-09-24T08:30:52.564+0000] {logging_mixin.py:117} INFO - [2022-09-24T08:30:52.564+0000] {dag.py:2573} INFO - Sync 1 DAGs
[2022-09-24T08:30:52.579+0000] {logging_mixin.py:117} INFO - [2022-09-24T08:30:52.579+0000] {dag.py:3328} INFO - Setting next_dagrun for example_xcom to 2021-01-01T00:00:00+00:00, run_after=2021-01-01T00:00:00+00:00
[2022-09-24T08:30:52.591+0000] {processor.py:178} INFO - Processing /home/airflow/.local/lib/python3.7/site-packages/airflow/example_dags/example_xcom.py took 0.075 seconds
[2022-09-24T08:31:22.813+0000] {processor.py:156} INFO - Started process (PID=34264) to work on /home/airflow/.local/lib/python3.7/site-packages/airflow/example_dags/example_xcom.py
[2022-09-24T08:31:22.814+0000] {processor.py:758} INFO - Processing file /home/airflow/.local/lib/python3.7/site-packages/airflow/example_dags/example_xcom.py for tasks to queue
[2022-09-24T08:31:22.815+0000] {logging_mixin.py:117} INFO - [2022-09-24T08:31:22.815+0000] {dagbag.py:525} INFO - Filling up the DagBag from /home/airflow/.local/lib/python3.7/site-packages/airflow/example_dags/example_xcom.py
[2022-09-24T08:31:22.830+0000] {processor.py:768} INFO - DAG(s) dict_keys(['example_xcom']) retrieved from /home/airflow/.local/lib/python3.7/site-packages/airflow/example_dags/example_xcom.py
[2022-09-24T08:31:22.858+0000] {logging_mixin.py:117} INFO - [2022-09-24T08:31:22.858+0000] {dag.py:2573} INFO - Sync 1 DAGs
[2022-09-24T08:31:22.874+0000] {logging_mixin.py:117} INFO - [2022-09-24T08:31:22.874+0000] {dag.py:3328} INFO - Setting next_dagrun for example_xcom to 2021-01-01T00:00:00+00:00, run_after=2021-01-01T00:00:00+00:00
[2022-09-24T08:31:22.887+0000] {processor.py:178} INFO - Processing /home/airflow/.local/lib/python3.7/site-packages/airflow/example_dags/example_xcom.py took 0.076 seconds
[2022-09-24T08:31:53.054+0000] {processor.py:156} INFO - Started process (PID=34326) to work on /home/airflow/.local/lib/python3.7/site-packages/airflow/example_dags/example_xcom.py
[2022-09-24T08:31:53.056+0000] {processor.py:758} INFO - Processing file /home/airflow/.local/lib/python3.7/site-packages/airflow/example_dags/example_xcom.py for tasks to queue
[2022-09-24T08:31:53.057+0000] {logging_mixin.py:117} INFO - [2022-09-24T08:31:53.057+0000] {dagbag.py:525} INFO - Filling up the DagBag from /home/airflow/.local/lib/python3.7/site-packages/airflow/example_dags/example_xcom.py
[2022-09-24T08:31:53.074+0000] {processor.py:768} INFO - DAG(s) dict_keys(['example_xcom']) retrieved from /home/airflow/.local/lib/python3.7/site-packages/airflow/example_dags/example_xcom.py
[2022-09-24T08:31:53.103+0000] {logging_mixin.py:117} INFO - [2022-09-24T08:31:53.103+0000] {dag.py:2573} INFO - Sync 1 DAGs
[2022-09-24T08:31:53.119+0000] {logging_mixin.py:117} INFO - [2022-09-24T08:31:53.118+0000] {dag.py:3328} INFO - Setting next_dagrun for example_xcom to 2021-01-01T00:00:00+00:00, run_after=2021-01-01T00:00:00+00:00
[2022-09-24T08:31:53.130+0000] {processor.py:178} INFO - Processing /home/airflow/.local/lib/python3.7/site-packages/airflow/example_dags/example_xcom.py took 0.079 seconds
[2022-09-24T08:32:23.300+0000] {processor.py:156} INFO - Started process (PID=34388) to work on /home/airflow/.local/lib/python3.7/site-packages/airflow/example_dags/example_xcom.py
[2022-09-24T08:32:23.302+0000] {processor.py:758} INFO - Processing file /home/airflow/.local/lib/python3.7/site-packages/airflow/example_dags/example_xcom.py for tasks to queue
[2022-09-24T08:32:23.303+0000] {logging_mixin.py:117} INFO - [2022-09-24T08:32:23.303+0000] {dagbag.py:525} INFO - Filling up the DagBag from /home/airflow/.local/lib/python3.7/site-packages/airflow/example_dags/example_xcom.py
[2022-09-24T08:32:23.320+0000] {processor.py:768} INFO - DAG(s) dict_keys(['example_xcom']) retrieved from /home/airflow/.local/lib/python3.7/site-packages/airflow/example_dags/example_xcom.py
[2022-09-24T08:32:23.347+0000] {logging_mixin.py:117} INFO - [2022-09-24T08:32:23.347+0000] {dag.py:2573} INFO - Sync 1 DAGs
[2022-09-24T08:32:23.364+0000] {logging_mixin.py:117} INFO - [2022-09-24T08:32:23.364+0000] {dag.py:3328} INFO - Setting next_dagrun for example_xcom to 2021-01-01T00:00:00+00:00, run_after=2021-01-01T00:00:00+00:00
[2022-09-24T08:32:23.380+0000] {processor.py:178} INFO - Processing /home/airflow/.local/lib/python3.7/site-packages/airflow/example_dags/example_xcom.py took 0.082 seconds
[2022-09-24T08:32:53.781+0000] {processor.py:156} INFO - Started process (PID=34442) to work on /home/airflow/.local/lib/python3.7/site-packages/airflow/example_dags/example_xcom.py
[2022-09-24T08:32:53.783+0000] {processor.py:758} INFO - Processing file /home/airflow/.local/lib/python3.7/site-packages/airflow/example_dags/example_xcom.py for tasks to queue
[2022-09-24T08:32:53.785+0000] {logging_mixin.py:117} INFO - [2022-09-24T08:32:53.784+0000] {dagbag.py:525} INFO - Filling up the DagBag from /home/airflow/.local/lib/python3.7/site-packages/airflow/example_dags/example_xcom.py
[2022-09-24T08:32:53.803+0000] {processor.py:768} INFO - DAG(s) dict_keys(['example_xcom']) retrieved from /home/airflow/.local/lib/python3.7/site-packages/airflow/example_dags/example_xcom.py
[2022-09-24T08:32:53.835+0000] {logging_mixin.py:117} INFO - [2022-09-24T08:32:53.835+0000] {dag.py:2573} INFO - Sync 1 DAGs
[2022-09-24T08:32:53.852+0000] {logging_mixin.py:117} INFO - [2022-09-24T08:32:53.852+0000] {dag.py:3328} INFO - Setting next_dagrun for example_xcom to 2021-01-01T00:00:00+00:00, run_after=2021-01-01T00:00:00+00:00
[2022-09-24T08:32:53.866+0000] {processor.py:178} INFO - Processing /home/airflow/.local/lib/python3.7/site-packages/airflow/example_dags/example_xcom.py took 0.087 seconds
[2022-09-24T08:33:24.126+0000] {processor.py:156} INFO - Started process (PID=34505) to work on /home/airflow/.local/lib/python3.7/site-packages/airflow/example_dags/example_xcom.py
[2022-09-24T08:33:24.128+0000] {processor.py:758} INFO - Processing file /home/airflow/.local/lib/python3.7/site-packages/airflow/example_dags/example_xcom.py for tasks to queue
[2022-09-24T08:33:24.129+0000] {logging_mixin.py:117} INFO - [2022-09-24T08:33:24.129+0000] {dagbag.py:525} INFO - Filling up the DagBag from /home/airflow/.local/lib/python3.7/site-packages/airflow/example_dags/example_xcom.py
[2022-09-24T08:33:24.145+0000] {processor.py:768} INFO - DAG(s) dict_keys(['example_xcom']) retrieved from /home/airflow/.local/lib/python3.7/site-packages/airflow/example_dags/example_xcom.py
[2022-09-24T08:33:24.174+0000] {logging_mixin.py:117} INFO - [2022-09-24T08:33:24.174+0000] {dag.py:2573} INFO - Sync 1 DAGs
[2022-09-24T08:33:24.191+0000] {logging_mixin.py:117} INFO - [2022-09-24T08:33:24.191+0000] {dag.py:3328} INFO - Setting next_dagrun for example_xcom to 2021-01-01T00:00:00+00:00, run_after=2021-01-01T00:00:00+00:00
[2022-09-24T08:33:24.209+0000] {processor.py:178} INFO - Processing /home/airflow/.local/lib/python3.7/site-packages/airflow/example_dags/example_xcom.py took 0.085 seconds
[2022-09-24T08:33:54.571+0000] {processor.py:156} INFO - Started process (PID=34568) to work on /home/airflow/.local/lib/python3.7/site-packages/airflow/example_dags/example_xcom.py
[2022-09-24T08:33:54.573+0000] {processor.py:758} INFO - Processing file /home/airflow/.local/lib/python3.7/site-packages/airflow/example_dags/example_xcom.py for tasks to queue
[2022-09-24T08:33:54.574+0000] {logging_mixin.py:117} INFO - [2022-09-24T08:33:54.573+0000] {dagbag.py:525} INFO - Filling up the DagBag from /home/airflow/.local/lib/python3.7/site-packages/airflow/example_dags/example_xcom.py
[2022-09-24T08:33:54.588+0000] {processor.py:768} INFO - DAG(s) dict_keys(['example_xcom']) retrieved from /home/airflow/.local/lib/python3.7/site-packages/airflow/example_dags/example_xcom.py
[2022-09-24T08:33:54.612+0000] {logging_mixin.py:117} INFO - [2022-09-24T08:33:54.612+0000] {dag.py:2573} INFO - Sync 1 DAGs
[2022-09-24T08:33:54.627+0000] {logging_mixin.py:117} INFO - [2022-09-24T08:33:54.626+0000] {dag.py:3328} INFO - Setting next_dagrun for example_xcom to 2021-01-01T00:00:00+00:00, run_after=2021-01-01T00:00:00+00:00
[2022-09-24T08:33:54.638+0000] {processor.py:178} INFO - Processing /home/airflow/.local/lib/python3.7/site-packages/airflow/example_dags/example_xcom.py took 0.070 seconds
[2022-09-24T08:34:24.857+0000] {processor.py:156} INFO - Started process (PID=34631) to work on /home/airflow/.local/lib/python3.7/site-packages/airflow/example_dags/example_xcom.py
[2022-09-24T08:34:24.859+0000] {processor.py:758} INFO - Processing file /home/airflow/.local/lib/python3.7/site-packages/airflow/example_dags/example_xcom.py for tasks to queue
[2022-09-24T08:34:24.861+0000] {logging_mixin.py:117} INFO - [2022-09-24T08:34:24.861+0000] {dagbag.py:525} INFO - Filling up the DagBag from /home/airflow/.local/lib/python3.7/site-packages/airflow/example_dags/example_xcom.py
[2022-09-24T08:34:24.876+0000] {processor.py:768} INFO - DAG(s) dict_keys(['example_xcom']) retrieved from /home/airflow/.local/lib/python3.7/site-packages/airflow/example_dags/example_xcom.py
[2022-09-24T08:34:24.904+0000] {logging_mixin.py:117} INFO - [2022-09-24T08:34:24.904+0000] {dag.py:2573} INFO - Sync 1 DAGs
[2022-09-24T08:34:24.919+0000] {logging_mixin.py:117} INFO - [2022-09-24T08:34:24.919+0000] {dag.py:3328} INFO - Setting next_dagrun for example_xcom to 2021-01-01T00:00:00+00:00, run_after=2021-01-01T00:00:00+00:00
[2022-09-24T08:34:24.934+0000] {processor.py:178} INFO - Processing /home/airflow/.local/lib/python3.7/site-packages/airflow/example_dags/example_xcom.py took 0.079 seconds
[2022-09-24T08:34:55.213+0000] {processor.py:156} INFO - Started process (PID=34693) to work on /home/airflow/.local/lib/python3.7/site-packages/airflow/example_dags/example_xcom.py
[2022-09-24T08:34:55.214+0000] {processor.py:758} INFO - Processing file /home/airflow/.local/lib/python3.7/site-packages/airflow/example_dags/example_xcom.py for tasks to queue
[2022-09-24T08:34:55.216+0000] {logging_mixin.py:117} INFO - [2022-09-24T08:34:55.216+0000] {dagbag.py:525} INFO - Filling up the DagBag from /home/airflow/.local/lib/python3.7/site-packages/airflow/example_dags/example_xcom.py
[2022-09-24T08:34:55.233+0000] {processor.py:768} INFO - DAG(s) dict_keys(['example_xcom']) retrieved from /home/airflow/.local/lib/python3.7/site-packages/airflow/example_dags/example_xcom.py
[2022-09-24T08:34:55.259+0000] {logging_mixin.py:117} INFO - [2022-09-24T08:34:55.259+0000] {dag.py:2573} INFO - Sync 1 DAGs
[2022-09-24T08:34:55.274+0000] {logging_mixin.py:117} INFO - [2022-09-24T08:34:55.274+0000] {dag.py:3328} INFO - Setting next_dagrun for example_xcom to 2021-01-01T00:00:00+00:00, run_after=2021-01-01T00:00:00+00:00
[2022-09-24T08:34:55.287+0000] {processor.py:178} INFO - Processing /home/airflow/.local/lib/python3.7/site-packages/airflow/example_dags/example_xcom.py took 0.076 seconds
[2022-09-24T08:35:25.698+0000] {processor.py:156} INFO - Started process (PID=34757) to work on /home/airflow/.local/lib/python3.7/site-packages/airflow/example_dags/example_xcom.py
[2022-09-24T08:35:25.699+0000] {processor.py:758} INFO - Processing file /home/airflow/.local/lib/python3.7/site-packages/airflow/example_dags/example_xcom.py for tasks to queue
[2022-09-24T08:35:25.701+0000] {logging_mixin.py:117} INFO - [2022-09-24T08:35:25.701+0000] {dagbag.py:525} INFO - Filling up the DagBag from /home/airflow/.local/lib/python3.7/site-packages/airflow/example_dags/example_xcom.py
[2022-09-24T08:35:25.715+0000] {processor.py:768} INFO - DAG(s) dict_keys(['example_xcom']) retrieved from /home/airflow/.local/lib/python3.7/site-packages/airflow/example_dags/example_xcom.py
[2022-09-24T08:35:25.744+0000] {logging_mixin.py:117} INFO - [2022-09-24T08:35:25.744+0000] {dag.py:2573} INFO - Sync 1 DAGs
[2022-09-24T08:35:25.759+0000] {logging_mixin.py:117} INFO - [2022-09-24T08:35:25.759+0000] {dag.py:3328} INFO - Setting next_dagrun for example_xcom to 2021-01-01T00:00:00+00:00, run_after=2021-01-01T00:00:00+00:00
[2022-09-24T08:35:25.774+0000] {processor.py:178} INFO - Processing /home/airflow/.local/lib/python3.7/site-packages/airflow/example_dags/example_xcom.py took 0.078 seconds
[2022-09-24T08:35:56.035+0000] {processor.py:156} INFO - Started process (PID=34811) to work on /home/airflow/.local/lib/python3.7/site-packages/airflow/example_dags/example_xcom.py
[2022-09-24T08:35:56.037+0000] {processor.py:758} INFO - Processing file /home/airflow/.local/lib/python3.7/site-packages/airflow/example_dags/example_xcom.py for tasks to queue
[2022-09-24T08:35:56.039+0000] {logging_mixin.py:117} INFO - [2022-09-24T08:35:56.039+0000] {dagbag.py:525} INFO - Filling up the DagBag from /home/airflow/.local/lib/python3.7/site-packages/airflow/example_dags/example_xcom.py
[2022-09-24T08:35:56.064+0000] {processor.py:768} INFO - DAG(s) dict_keys(['example_xcom']) retrieved from /home/airflow/.local/lib/python3.7/site-packages/airflow/example_dags/example_xcom.py
[2022-09-24T08:35:56.095+0000] {logging_mixin.py:117} INFO - [2022-09-24T08:35:56.095+0000] {dag.py:2573} INFO - Sync 1 DAGs
[2022-09-24T08:35:56.113+0000] {logging_mixin.py:117} INFO - [2022-09-24T08:35:56.112+0000] {dag.py:3328} INFO - Setting next_dagrun for example_xcom to 2021-01-01T00:00:00+00:00, run_after=2021-01-01T00:00:00+00:00
[2022-09-24T08:35:56.125+0000] {processor.py:178} INFO - Processing /home/airflow/.local/lib/python3.7/site-packages/airflow/example_dags/example_xcom.py took 0.093 seconds
[2022-09-24T08:36:26.240+0000] {processor.py:156} INFO - Started process (PID=34874) to work on /home/airflow/.local/lib/python3.7/site-packages/airflow/example_dags/example_xcom.py
[2022-09-24T08:36:26.241+0000] {processor.py:758} INFO - Processing file /home/airflow/.local/lib/python3.7/site-packages/airflow/example_dags/example_xcom.py for tasks to queue
[2022-09-24T08:36:26.242+0000] {logging_mixin.py:117} INFO - [2022-09-24T08:36:26.242+0000] {dagbag.py:525} INFO - Filling up the DagBag from /home/airflow/.local/lib/python3.7/site-packages/airflow/example_dags/example_xcom.py
[2022-09-24T08:36:26.257+0000] {processor.py:768} INFO - DAG(s) dict_keys(['example_xcom']) retrieved from /home/airflow/.local/lib/python3.7/site-packages/airflow/example_dags/example_xcom.py
[2022-09-24T08:36:26.279+0000] {logging_mixin.py:117} INFO - [2022-09-24T08:36:26.279+0000] {dag.py:2573} INFO - Sync 1 DAGs
[2022-09-24T08:36:26.294+0000] {logging_mixin.py:117} INFO - [2022-09-24T08:36:26.294+0000] {dag.py:3328} INFO - Setting next_dagrun for example_xcom to 2021-01-01T00:00:00+00:00, run_after=2021-01-01T00:00:00+00:00
[2022-09-24T08:36:26.306+0000] {processor.py:178} INFO - Processing /home/airflow/.local/lib/python3.7/site-packages/airflow/example_dags/example_xcom.py took 0.069 seconds
[2022-09-24T08:36:56.588+0000] {processor.py:156} INFO - Started process (PID=34937) to work on /home/airflow/.local/lib/python3.7/site-packages/airflow/example_dags/example_xcom.py
[2022-09-24T08:36:56.590+0000] {processor.py:758} INFO - Processing file /home/airflow/.local/lib/python3.7/site-packages/airflow/example_dags/example_xcom.py for tasks to queue
[2022-09-24T08:36:56.591+0000] {logging_mixin.py:117} INFO - [2022-09-24T08:36:56.591+0000] {dagbag.py:525} INFO - Filling up the DagBag from /home/airflow/.local/lib/python3.7/site-packages/airflow/example_dags/example_xcom.py
[2022-09-24T08:36:56.610+0000] {processor.py:768} INFO - DAG(s) dict_keys(['example_xcom']) retrieved from /home/airflow/.local/lib/python3.7/site-packages/airflow/example_dags/example_xcom.py
[2022-09-24T08:36:56.647+0000] {logging_mixin.py:117} INFO - [2022-09-24T08:36:56.647+0000] {dag.py:2573} INFO - Sync 1 DAGs
[2022-09-24T08:36:56.663+0000] {logging_mixin.py:117} INFO - [2022-09-24T08:36:56.663+0000] {dag.py:3328} INFO - Setting next_dagrun for example_xcom to 2021-01-01T00:00:00+00:00, run_after=2021-01-01T00:00:00+00:00
[2022-09-24T08:36:56.676+0000] {processor.py:178} INFO - Processing /home/airflow/.local/lib/python3.7/site-packages/airflow/example_dags/example_xcom.py took 0.090 seconds
[2022-09-24T08:37:26.962+0000] {processor.py:156} INFO - Started process (PID=35000) to work on /home/airflow/.local/lib/python3.7/site-packages/airflow/example_dags/example_xcom.py
[2022-09-24T08:37:26.964+0000] {processor.py:758} INFO - Processing file /home/airflow/.local/lib/python3.7/site-packages/airflow/example_dags/example_xcom.py for tasks to queue
[2022-09-24T08:37:26.965+0000] {logging_mixin.py:117} INFO - [2022-09-24T08:37:26.965+0000] {dagbag.py:525} INFO - Filling up the DagBag from /home/airflow/.local/lib/python3.7/site-packages/airflow/example_dags/example_xcom.py
[2022-09-24T08:37:26.980+0000] {processor.py:768} INFO - DAG(s) dict_keys(['example_xcom']) retrieved from /home/airflow/.local/lib/python3.7/site-packages/airflow/example_dags/example_xcom.py
[2022-09-24T08:37:27.009+0000] {logging_mixin.py:117} INFO - [2022-09-24T08:37:27.009+0000] {dag.py:2573} INFO - Sync 1 DAGs
[2022-09-24T08:37:27.023+0000] {logging_mixin.py:117} INFO - [2022-09-24T08:37:27.023+0000] {dag.py:3328} INFO - Setting next_dagrun for example_xcom to 2021-01-01T00:00:00+00:00, run_after=2021-01-01T00:00:00+00:00
[2022-09-24T08:37:27.035+0000] {processor.py:178} INFO - Processing /home/airflow/.local/lib/python3.7/site-packages/airflow/example_dags/example_xcom.py took 0.076 seconds
[2022-09-24T08:37:57.391+0000] {processor.py:156} INFO - Started process (PID=35062) to work on /home/airflow/.local/lib/python3.7/site-packages/airflow/example_dags/example_xcom.py
[2022-09-24T08:37:57.392+0000] {processor.py:758} INFO - Processing file /home/airflow/.local/lib/python3.7/site-packages/airflow/example_dags/example_xcom.py for tasks to queue
[2022-09-24T08:37:57.393+0000] {logging_mixin.py:117} INFO - [2022-09-24T08:37:57.393+0000] {dagbag.py:525} INFO - Filling up the DagBag from /home/airflow/.local/lib/python3.7/site-packages/airflow/example_dags/example_xcom.py
[2022-09-24T08:37:57.406+0000] {processor.py:768} INFO - DAG(s) dict_keys(['example_xcom']) retrieved from /home/airflow/.local/lib/python3.7/site-packages/airflow/example_dags/example_xcom.py
[2022-09-24T08:37:57.431+0000] {logging_mixin.py:117} INFO - [2022-09-24T08:37:57.431+0000] {dag.py:2573} INFO - Sync 1 DAGs
[2022-09-24T08:37:57.446+0000] {logging_mixin.py:117} INFO - [2022-09-24T08:37:57.446+0000] {dag.py:3328} INFO - Setting next_dagrun for example_xcom to 2021-01-01T00:00:00+00:00, run_after=2021-01-01T00:00:00+00:00
[2022-09-24T08:37:57.458+0000] {processor.py:178} INFO - Processing /home/airflow/.local/lib/python3.7/site-packages/airflow/example_dags/example_xcom.py took 0.069 seconds
[2022-09-24T08:38:27.689+0000] {processor.py:156} INFO - Started process (PID=35125) to work on /home/airflow/.local/lib/python3.7/site-packages/airflow/example_dags/example_xcom.py
[2022-09-24T08:38:27.693+0000] {processor.py:758} INFO - Processing file /home/airflow/.local/lib/python3.7/site-packages/airflow/example_dags/example_xcom.py for tasks to queue
[2022-09-24T08:38:27.694+0000] {logging_mixin.py:117} INFO - [2022-09-24T08:38:27.694+0000] {dagbag.py:525} INFO - Filling up the DagBag from /home/airflow/.local/lib/python3.7/site-packages/airflow/example_dags/example_xcom.py
[2022-09-24T08:38:27.712+0000] {processor.py:768} INFO - DAG(s) dict_keys(['example_xcom']) retrieved from /home/airflow/.local/lib/python3.7/site-packages/airflow/example_dags/example_xcom.py
[2022-09-24T08:38:27.747+0000] {logging_mixin.py:117} INFO - [2022-09-24T08:38:27.746+0000] {dag.py:2573} INFO - Sync 1 DAGs
[2022-09-24T08:38:27.765+0000] {logging_mixin.py:117} INFO - [2022-09-24T08:38:27.765+0000] {dag.py:3328} INFO - Setting next_dagrun for example_xcom to 2021-01-01T00:00:00+00:00, run_after=2021-01-01T00:00:00+00:00
[2022-09-24T08:38:27.790+0000] {processor.py:178} INFO - Processing /home/airflow/.local/lib/python3.7/site-packages/airflow/example_dags/example_xcom.py took 0.103 seconds
[2022-09-24T08:38:57.909+0000] {processor.py:156} INFO - Started process (PID=35180) to work on /home/airflow/.local/lib/python3.7/site-packages/airflow/example_dags/example_xcom.py
[2022-09-24T08:38:57.911+0000] {processor.py:758} INFO - Processing file /home/airflow/.local/lib/python3.7/site-packages/airflow/example_dags/example_xcom.py for tasks to queue
[2022-09-24T08:38:57.913+0000] {logging_mixin.py:117} INFO - [2022-09-24T08:38:57.912+0000] {dagbag.py:525} INFO - Filling up the DagBag from /home/airflow/.local/lib/python3.7/site-packages/airflow/example_dags/example_xcom.py
[2022-09-24T08:38:57.938+0000] {processor.py:768} INFO - DAG(s) dict_keys(['example_xcom']) retrieved from /home/airflow/.local/lib/python3.7/site-packages/airflow/example_dags/example_xcom.py
[2022-09-24T08:38:57.989+0000] {logging_mixin.py:117} INFO - [2022-09-24T08:38:57.989+0000] {dag.py:2573} INFO - Sync 1 DAGs
[2022-09-24T08:38:58.014+0000] {logging_mixin.py:117} INFO - [2022-09-24T08:38:58.013+0000] {dag.py:3328} INFO - Setting next_dagrun for example_xcom to 2021-01-01T00:00:00+00:00, run_after=2021-01-01T00:00:00+00:00
[2022-09-24T08:38:58.028+0000] {processor.py:178} INFO - Processing /home/airflow/.local/lib/python3.7/site-packages/airflow/example_dags/example_xcom.py took 0.121 seconds
[2022-09-24T08:39:28.204+0000] {processor.py:156} INFO - Started process (PID=35243) to work on /home/airflow/.local/lib/python3.7/site-packages/airflow/example_dags/example_xcom.py
[2022-09-24T08:39:28.205+0000] {processor.py:758} INFO - Processing file /home/airflow/.local/lib/python3.7/site-packages/airflow/example_dags/example_xcom.py for tasks to queue
[2022-09-24T08:39:28.206+0000] {logging_mixin.py:117} INFO - [2022-09-24T08:39:28.206+0000] {dagbag.py:525} INFO - Filling up the DagBag from /home/airflow/.local/lib/python3.7/site-packages/airflow/example_dags/example_xcom.py
[2022-09-24T08:39:28.221+0000] {processor.py:768} INFO - DAG(s) dict_keys(['example_xcom']) retrieved from /home/airflow/.local/lib/python3.7/site-packages/airflow/example_dags/example_xcom.py
[2022-09-24T08:39:28.250+0000] {logging_mixin.py:117} INFO - [2022-09-24T08:39:28.250+0000] {dag.py:2573} INFO - Sync 1 DAGs
[2022-09-24T08:39:28.267+0000] {logging_mixin.py:117} INFO - [2022-09-24T08:39:28.266+0000] {dag.py:3328} INFO - Setting next_dagrun for example_xcom to 2021-01-01T00:00:00+00:00, run_after=2021-01-01T00:00:00+00:00
[2022-09-24T08:39:28.279+0000] {processor.py:178} INFO - Processing /home/airflow/.local/lib/python3.7/site-packages/airflow/example_dags/example_xcom.py took 0.078 seconds
[2022-09-24T08:39:58.870+0000] {processor.py:156} INFO - Started process (PID=35306) to work on /home/airflow/.local/lib/python3.7/site-packages/airflow/example_dags/example_xcom.py
[2022-09-24T08:39:58.871+0000] {processor.py:758} INFO - Processing file /home/airflow/.local/lib/python3.7/site-packages/airflow/example_dags/example_xcom.py for tasks to queue
[2022-09-24T08:39:58.873+0000] {logging_mixin.py:117} INFO - [2022-09-24T08:39:58.873+0000] {dagbag.py:525} INFO - Filling up the DagBag from /home/airflow/.local/lib/python3.7/site-packages/airflow/example_dags/example_xcom.py
[2022-09-24T08:39:58.888+0000] {processor.py:768} INFO - DAG(s) dict_keys(['example_xcom']) retrieved from /home/airflow/.local/lib/python3.7/site-packages/airflow/example_dags/example_xcom.py
[2022-09-24T08:39:58.915+0000] {logging_mixin.py:117} INFO - [2022-09-24T08:39:58.915+0000] {dag.py:2573} INFO - Sync 1 DAGs
[2022-09-24T08:39:58.932+0000] {logging_mixin.py:117} INFO - [2022-09-24T08:39:58.932+0000] {dag.py:3328} INFO - Setting next_dagrun for example_xcom to 2021-01-01T00:00:00+00:00, run_after=2021-01-01T00:00:00+00:00
[2022-09-24T08:39:58.947+0000] {processor.py:178} INFO - Processing /home/airflow/.local/lib/python3.7/site-packages/airflow/example_dags/example_xcom.py took 0.079 seconds
[2022-09-24T09:07:12.298+0000] {processor.py:156} INFO - Started process (PID=35361) to work on /home/airflow/.local/lib/python3.7/site-packages/airflow/example_dags/example_xcom.py
[2022-09-24T09:07:12.305+0000] {processor.py:758} INFO - Processing file /home/airflow/.local/lib/python3.7/site-packages/airflow/example_dags/example_xcom.py for tasks to queue
[2022-09-24T09:07:12.308+0000] {logging_mixin.py:117} INFO - [2022-09-24T09:07:12.307+0000] {dagbag.py:525} INFO - Filling up the DagBag from /home/airflow/.local/lib/python3.7/site-packages/airflow/example_dags/example_xcom.py
[2022-09-24T09:07:12.341+0000] {processor.py:768} INFO - DAG(s) dict_keys(['example_xcom']) retrieved from /home/airflow/.local/lib/python3.7/site-packages/airflow/example_dags/example_xcom.py
[2022-09-24T09:07:12.395+0000] {logging_mixin.py:117} INFO - [2022-09-24T09:07:12.395+0000] {dag.py:2573} INFO - Sync 1 DAGs
[2022-09-24T09:07:12.427+0000] {logging_mixin.py:117} INFO - [2022-09-24T09:07:12.426+0000] {dag.py:3328} INFO - Setting next_dagrun for example_xcom to 2021-01-01T00:00:00+00:00, run_after=2021-01-01T00:00:00+00:00
[2022-09-24T09:07:12.454+0000] {processor.py:178} INFO - Processing /home/airflow/.local/lib/python3.7/site-packages/airflow/example_dags/example_xcom.py took 0.160 seconds
