[2022-09-24T01:04:09.486+0000] {processor.py:156} INFO - Started process (PID=32101) to work on /home/airflow/.local/lib/python3.7/site-packages/airflow/example_dags/example_external_task_marker_dag.py
[2022-09-24T01:04:09.488+0000] {processor.py:758} INFO - Processing file /home/airflow/.local/lib/python3.7/site-packages/airflow/example_dags/example_external_task_marker_dag.py for tasks to queue
[2022-09-24T01:04:09.490+0000] {logging_mixin.py:117} INFO - [2022-09-24T01:04:09.490+0000] {dagbag.py:525} INFO - Filling up the DagBag from /home/airflow/.local/lib/python3.7/site-packages/airflow/example_dags/example_external_task_marker_dag.py
[2022-09-24T01:04:09.525+0000] {processor.py:768} INFO - DAG(s) dict_keys(['example_external_task_marker_child', 'example_external_task_marker_parent']) retrieved from /home/airflow/.local/lib/python3.7/site-packages/airflow/example_dags/example_external_task_marker_dag.py
[2022-09-24T01:04:09.695+0000] {logging_mixin.py:117} INFO - [2022-09-24T01:04:09.691+0000] {dag.py:2573} INFO - Sync 2 DAGs
[2022-09-24T01:04:09.750+0000] {logging_mixin.py:117} INFO - [2022-09-24T01:04:09.750+0000] {dag.py:3328} INFO - Setting next_dagrun for example_external_task_marker_child to None, run_after=None
[2022-09-24T01:04:09.760+0000] {logging_mixin.py:117} INFO - [2022-09-24T01:04:09.759+0000] {dag.py:3328} INFO - Setting next_dagrun for example_external_task_marker_parent to None, run_after=None
[2022-09-24T01:04:09.786+0000] {processor.py:178} INFO - Processing /home/airflow/.local/lib/python3.7/site-packages/airflow/example_dags/example_external_task_marker_dag.py took 0.306 seconds
[2022-09-24T02:27:00.215+0000] {processor.py:156} INFO - Started process (PID=32155) to work on /home/airflow/.local/lib/python3.7/site-packages/airflow/example_dags/example_external_task_marker_dag.py
[2022-09-24T02:27:00.218+0000] {processor.py:758} INFO - Processing file /home/airflow/.local/lib/python3.7/site-packages/airflow/example_dags/example_external_task_marker_dag.py for tasks to queue
[2022-09-24T02:27:00.221+0000] {logging_mixin.py:117} INFO - [2022-09-24T02:27:00.221+0000] {dagbag.py:525} INFO - Filling up the DagBag from /home/airflow/.local/lib/python3.7/site-packages/airflow/example_dags/example_external_task_marker_dag.py
[2022-09-24T02:27:00.241+0000] {processor.py:768} INFO - DAG(s) dict_keys(['example_external_task_marker_parent', 'example_external_task_marker_child']) retrieved from /home/airflow/.local/lib/python3.7/site-packages/airflow/example_dags/example_external_task_marker_dag.py
[2022-09-24T02:27:00.480+0000] {logging_mixin.py:117} INFO - [2022-09-24T02:27:00.480+0000] {dag.py:2573} INFO - Sync 2 DAGs
[2022-09-24T02:27:00.512+0000] {logging_mixin.py:117} INFO - [2022-09-24T02:27:00.512+0000] {dag.py:3328} INFO - Setting next_dagrun for example_external_task_marker_child to None, run_after=None
[2022-09-24T02:27:00.516+0000] {logging_mixin.py:117} INFO - [2022-09-24T02:27:00.516+0000] {dag.py:3328} INFO - Setting next_dagrun for example_external_task_marker_parent to None, run_after=None
[2022-09-24T02:27:00.541+0000] {processor.py:178} INFO - Processing /home/airflow/.local/lib/python3.7/site-packages/airflow/example_dags/example_external_task_marker_dag.py took 0.328 seconds
[2022-09-24T03:23:59.298+0000] {processor.py:156} INFO - Started process (PID=32218) to work on /home/airflow/.local/lib/python3.7/site-packages/airflow/example_dags/example_external_task_marker_dag.py
[2022-09-24T03:23:59.300+0000] {processor.py:758} INFO - Processing file /home/airflow/.local/lib/python3.7/site-packages/airflow/example_dags/example_external_task_marker_dag.py for tasks to queue
[2022-09-24T03:23:59.301+0000] {logging_mixin.py:117} INFO - [2022-09-24T03:23:59.301+0000] {dagbag.py:525} INFO - Filling up the DagBag from /home/airflow/.local/lib/python3.7/site-packages/airflow/example_dags/example_external_task_marker_dag.py
[2022-09-24T03:23:59.313+0000] {processor.py:768} INFO - DAG(s) dict_keys(['example_external_task_marker_child', 'example_external_task_marker_parent']) retrieved from /home/airflow/.local/lib/python3.7/site-packages/airflow/example_dags/example_external_task_marker_dag.py
[2022-09-24T03:23:59.429+0000] {logging_mixin.py:117} INFO - [2022-09-24T03:23:59.429+0000] {dag.py:2573} INFO - Sync 2 DAGs
[2022-09-24T03:23:59.448+0000] {logging_mixin.py:117} INFO - [2022-09-24T03:23:59.448+0000] {dag.py:3328} INFO - Setting next_dagrun for example_external_task_marker_child to None, run_after=None
[2022-09-24T03:23:59.452+0000] {logging_mixin.py:117} INFO - [2022-09-24T03:23:59.452+0000] {dag.py:3328} INFO - Setting next_dagrun for example_external_task_marker_parent to None, run_after=None
[2022-09-24T03:23:59.470+0000] {processor.py:178} INFO - Processing /home/airflow/.local/lib/python3.7/site-packages/airflow/example_dags/example_external_task_marker_dag.py took 0.174 seconds
[2022-09-24T04:29:25.844+0000] {processor.py:156} INFO - Started process (PID=32283) to work on /home/airflow/.local/lib/python3.7/site-packages/airflow/example_dags/example_external_task_marker_dag.py
[2022-09-24T04:29:25.846+0000] {processor.py:758} INFO - Processing file /home/airflow/.local/lib/python3.7/site-packages/airflow/example_dags/example_external_task_marker_dag.py for tasks to queue
[2022-09-24T04:29:25.847+0000] {logging_mixin.py:117} INFO - [2022-09-24T04:29:25.847+0000] {dagbag.py:525} INFO - Filling up the DagBag from /home/airflow/.local/lib/python3.7/site-packages/airflow/example_dags/example_external_task_marker_dag.py
[2022-09-24T04:29:25.858+0000] {processor.py:768} INFO - DAG(s) dict_keys(['example_external_task_marker_child', 'example_external_task_marker_parent']) retrieved from /home/airflow/.local/lib/python3.7/site-packages/airflow/example_dags/example_external_task_marker_dag.py
[2022-09-24T04:29:25.969+0000] {logging_mixin.py:117} INFO - [2022-09-24T04:29:25.969+0000] {dag.py:2573} INFO - Sync 2 DAGs
[2022-09-24T04:29:25.986+0000] {logging_mixin.py:117} INFO - [2022-09-24T04:29:25.986+0000] {dag.py:3328} INFO - Setting next_dagrun for example_external_task_marker_child to None, run_after=None
[2022-09-24T04:29:25.991+0000] {logging_mixin.py:117} INFO - [2022-09-24T04:29:25.991+0000] {dag.py:3328} INFO - Setting next_dagrun for example_external_task_marker_parent to None, run_after=None
[2022-09-24T04:29:26.014+0000] {processor.py:178} INFO - Processing /home/airflow/.local/lib/python3.7/site-packages/airflow/example_dags/example_external_task_marker_dag.py took 0.173 seconds
[2022-09-24T05:38:06.586+0000] {processor.py:156} INFO - Started process (PID=32346) to work on /home/airflow/.local/lib/python3.7/site-packages/airflow/example_dags/example_external_task_marker_dag.py
[2022-09-24T05:38:06.589+0000] {processor.py:758} INFO - Processing file /home/airflow/.local/lib/python3.7/site-packages/airflow/example_dags/example_external_task_marker_dag.py for tasks to queue
[2022-09-24T05:38:06.594+0000] {logging_mixin.py:117} INFO - [2022-09-24T05:38:06.594+0000] {dagbag.py:525} INFO - Filling up the DagBag from /home/airflow/.local/lib/python3.7/site-packages/airflow/example_dags/example_external_task_marker_dag.py
[2022-09-24T05:38:06.616+0000] {processor.py:768} INFO - DAG(s) dict_keys(['example_external_task_marker_parent', 'example_external_task_marker_child']) retrieved from /home/airflow/.local/lib/python3.7/site-packages/airflow/example_dags/example_external_task_marker_dag.py
[2022-09-24T05:38:06.789+0000] {logging_mixin.py:117} INFO - [2022-09-24T05:38:06.789+0000] {dag.py:2573} INFO - Sync 2 DAGs
[2022-09-24T05:38:06.813+0000] {logging_mixin.py:117} INFO - [2022-09-24T05:38:06.813+0000] {dag.py:3328} INFO - Setting next_dagrun for example_external_task_marker_child to None, run_after=None
[2022-09-24T05:38:06.818+0000] {logging_mixin.py:117} INFO - [2022-09-24T05:38:06.818+0000] {dag.py:3328} INFO - Setting next_dagrun for example_external_task_marker_parent to None, run_after=None
[2022-09-24T05:38:06.836+0000] {processor.py:178} INFO - Processing /home/airflow/.local/lib/python3.7/site-packages/airflow/example_dags/example_external_task_marker_dag.py took 0.253 seconds
[2022-09-24T06:55:21.119+0000] {processor.py:156} INFO - Started process (PID=32400) to work on /home/airflow/.local/lib/python3.7/site-packages/airflow/example_dags/example_external_task_marker_dag.py
[2022-09-24T06:55:21.123+0000] {processor.py:758} INFO - Processing file /home/airflow/.local/lib/python3.7/site-packages/airflow/example_dags/example_external_task_marker_dag.py for tasks to queue
[2022-09-24T06:55:21.124+0000] {logging_mixin.py:117} INFO - [2022-09-24T06:55:21.124+0000] {dagbag.py:525} INFO - Filling up the DagBag from /home/airflow/.local/lib/python3.7/site-packages/airflow/example_dags/example_external_task_marker_dag.py
[2022-09-24T06:55:21.141+0000] {processor.py:768} INFO - DAG(s) dict_keys(['example_external_task_marker_child', 'example_external_task_marker_parent']) retrieved from /home/airflow/.local/lib/python3.7/site-packages/airflow/example_dags/example_external_task_marker_dag.py
[2022-09-24T06:55:21.321+0000] {logging_mixin.py:117} INFO - [2022-09-24T06:55:21.321+0000] {dag.py:2573} INFO - Sync 2 DAGs
[2022-09-24T06:55:21.348+0000] {logging_mixin.py:117} INFO - [2022-09-24T06:55:21.348+0000] {dag.py:3328} INFO - Setting next_dagrun for example_external_task_marker_child to None, run_after=None
[2022-09-24T06:55:21.355+0000] {logging_mixin.py:117} INFO - [2022-09-24T06:55:21.355+0000] {dag.py:3328} INFO - Setting next_dagrun for example_external_task_marker_parent to None, run_after=None
[2022-09-24T06:55:21.376+0000] {processor.py:178} INFO - Processing /home/airflow/.local/lib/python3.7/site-packages/airflow/example_dags/example_external_task_marker_dag.py took 0.259 seconds
[2022-09-24T07:36:23.790+0000] {processor.py:156} INFO - Started process (PID=32463) to work on /home/airflow/.local/lib/python3.7/site-packages/airflow/example_dags/example_external_task_marker_dag.py
[2022-09-24T07:36:23.804+0000] {processor.py:758} INFO - Processing file /home/airflow/.local/lib/python3.7/site-packages/airflow/example_dags/example_external_task_marker_dag.py for tasks to queue
[2022-09-24T07:36:23.806+0000] {logging_mixin.py:117} INFO - [2022-09-24T07:36:23.806+0000] {dagbag.py:525} INFO - Filling up the DagBag from /home/airflow/.local/lib/python3.7/site-packages/airflow/example_dags/example_external_task_marker_dag.py
[2022-09-24T07:36:23.818+0000] {processor.py:768} INFO - DAG(s) dict_keys(['example_external_task_marker_child', 'example_external_task_marker_parent']) retrieved from /home/airflow/.local/lib/python3.7/site-packages/airflow/example_dags/example_external_task_marker_dag.py
[2022-09-24T07:36:24.566+0000] {logging_mixin.py:117} INFO - [2022-09-24T07:36:24.563+0000] {dag.py:2573} INFO - Sync 2 DAGs
[2022-09-24T07:36:24.628+0000] {logging_mixin.py:117} INFO - [2022-09-24T07:36:24.628+0000] {dag.py:3328} INFO - Setting next_dagrun for example_external_task_marker_child to None, run_after=None
[2022-09-24T07:36:24.640+0000] {logging_mixin.py:117} INFO - [2022-09-24T07:36:24.640+0000] {dag.py:3328} INFO - Setting next_dagrun for example_external_task_marker_parent to None, run_after=None
[2022-09-24T07:36:24.670+0000] {processor.py:178} INFO - Processing /home/airflow/.local/lib/python3.7/site-packages/airflow/example_dags/example_external_task_marker_dag.py took 0.883 seconds
[2022-09-24T07:39:17.239+0000] {processor.py:156} INFO - Started process (PID=32526) to work on /home/airflow/.local/lib/python3.7/site-packages/airflow/example_dags/example_external_task_marker_dag.py
[2022-09-24T07:39:17.244+0000] {processor.py:758} INFO - Processing file /home/airflow/.local/lib/python3.7/site-packages/airflow/example_dags/example_external_task_marker_dag.py for tasks to queue
[2022-09-24T07:39:17.246+0000] {logging_mixin.py:117} INFO - [2022-09-24T07:39:17.246+0000] {dagbag.py:525} INFO - Filling up the DagBag from /home/airflow/.local/lib/python3.7/site-packages/airflow/example_dags/example_external_task_marker_dag.py
[2022-09-24T07:39:17.272+0000] {processor.py:768} INFO - DAG(s) dict_keys(['example_external_task_marker_child', 'example_external_task_marker_parent']) retrieved from /home/airflow/.local/lib/python3.7/site-packages/airflow/example_dags/example_external_task_marker_dag.py
[2022-09-24T07:39:17.397+0000] {logging_mixin.py:117} INFO - [2022-09-24T07:39:17.397+0000] {dag.py:2573} INFO - Sync 2 DAGs
[2022-09-24T07:39:17.421+0000] {logging_mixin.py:117} INFO - [2022-09-24T07:39:17.421+0000] {dag.py:3328} INFO - Setting next_dagrun for example_external_task_marker_child to None, run_after=None
[2022-09-24T07:39:17.434+0000] {logging_mixin.py:117} INFO - [2022-09-24T07:39:17.434+0000] {dag.py:3328} INFO - Setting next_dagrun for example_external_task_marker_parent to None, run_after=None
[2022-09-24T07:39:17.459+0000] {processor.py:178} INFO - Processing /home/airflow/.local/lib/python3.7/site-packages/airflow/example_dags/example_external_task_marker_dag.py took 0.224 seconds
[2022-09-24T07:39:48.010+0000] {processor.py:156} INFO - Started process (PID=32589) to work on /home/airflow/.local/lib/python3.7/site-packages/airflow/example_dags/example_external_task_marker_dag.py
[2022-09-24T07:39:48.012+0000] {processor.py:758} INFO - Processing file /home/airflow/.local/lib/python3.7/site-packages/airflow/example_dags/example_external_task_marker_dag.py for tasks to queue
[2022-09-24T07:39:48.013+0000] {logging_mixin.py:117} INFO - [2022-09-24T07:39:48.013+0000] {dagbag.py:525} INFO - Filling up the DagBag from /home/airflow/.local/lib/python3.7/site-packages/airflow/example_dags/example_external_task_marker_dag.py
[2022-09-24T07:39:48.024+0000] {processor.py:768} INFO - DAG(s) dict_keys(['example_external_task_marker_child', 'example_external_task_marker_parent']) retrieved from /home/airflow/.local/lib/python3.7/site-packages/airflow/example_dags/example_external_task_marker_dag.py
[2022-09-24T07:39:48.124+0000] {logging_mixin.py:117} INFO - [2022-09-24T07:39:48.124+0000] {dag.py:2573} INFO - Sync 2 DAGs
[2022-09-24T07:39:48.139+0000] {logging_mixin.py:117} INFO - [2022-09-24T07:39:48.139+0000] {dag.py:3328} INFO - Setting next_dagrun for example_external_task_marker_child to None, run_after=None
[2022-09-24T07:39:48.142+0000] {logging_mixin.py:117} INFO - [2022-09-24T07:39:48.142+0000] {dag.py:3328} INFO - Setting next_dagrun for example_external_task_marker_parent to None, run_after=None
[2022-09-24T07:39:48.154+0000] {processor.py:178} INFO - Processing /home/airflow/.local/lib/python3.7/site-packages/airflow/example_dags/example_external_task_marker_dag.py took 0.146 seconds
[2022-09-24T07:40:18.264+0000] {processor.py:156} INFO - Started process (PID=32654) to work on /home/airflow/.local/lib/python3.7/site-packages/airflow/example_dags/example_external_task_marker_dag.py
[2022-09-24T07:40:18.266+0000] {processor.py:758} INFO - Processing file /home/airflow/.local/lib/python3.7/site-packages/airflow/example_dags/example_external_task_marker_dag.py for tasks to queue
[2022-09-24T07:40:18.268+0000] {logging_mixin.py:117} INFO - [2022-09-24T07:40:18.268+0000] {dagbag.py:525} INFO - Filling up the DagBag from /home/airflow/.local/lib/python3.7/site-packages/airflow/example_dags/example_external_task_marker_dag.py
[2022-09-24T07:40:18.278+0000] {processor.py:768} INFO - DAG(s) dict_keys(['example_external_task_marker_child', 'example_external_task_marker_parent']) retrieved from /home/airflow/.local/lib/python3.7/site-packages/airflow/example_dags/example_external_task_marker_dag.py
[2022-09-24T07:40:18.378+0000] {logging_mixin.py:117} INFO - [2022-09-24T07:40:18.378+0000] {dag.py:2573} INFO - Sync 2 DAGs
[2022-09-24T07:40:18.393+0000] {logging_mixin.py:117} INFO - [2022-09-24T07:40:18.393+0000] {dag.py:3328} INFO - Setting next_dagrun for example_external_task_marker_child to None, run_after=None
[2022-09-24T07:40:18.396+0000] {logging_mixin.py:117} INFO - [2022-09-24T07:40:18.396+0000] {dag.py:3328} INFO - Setting next_dagrun for example_external_task_marker_parent to None, run_after=None
[2022-09-24T07:40:18.413+0000] {processor.py:178} INFO - Processing /home/airflow/.local/lib/python3.7/site-packages/airflow/example_dags/example_external_task_marker_dag.py took 0.151 seconds
[2022-09-24T07:40:48.613+0000] {processor.py:156} INFO - Started process (PID=32715) to work on /home/airflow/.local/lib/python3.7/site-packages/airflow/example_dags/example_external_task_marker_dag.py
[2022-09-24T07:40:48.616+0000] {processor.py:758} INFO - Processing file /home/airflow/.local/lib/python3.7/site-packages/airflow/example_dags/example_external_task_marker_dag.py for tasks to queue
[2022-09-24T07:40:48.618+0000] {logging_mixin.py:117} INFO - [2022-09-24T07:40:48.617+0000] {dagbag.py:525} INFO - Filling up the DagBag from /home/airflow/.local/lib/python3.7/site-packages/airflow/example_dags/example_external_task_marker_dag.py
[2022-09-24T07:40:48.635+0000] {processor.py:768} INFO - DAG(s) dict_keys(['example_external_task_marker_child', 'example_external_task_marker_parent']) retrieved from /home/airflow/.local/lib/python3.7/site-packages/airflow/example_dags/example_external_task_marker_dag.py
[2022-09-24T07:40:48.769+0000] {logging_mixin.py:117} INFO - [2022-09-24T07:40:48.769+0000] {dag.py:2573} INFO - Sync 2 DAGs
[2022-09-24T07:40:48.787+0000] {logging_mixin.py:117} INFO - [2022-09-24T07:40:48.787+0000] {dag.py:3328} INFO - Setting next_dagrun for example_external_task_marker_child to None, run_after=None
[2022-09-24T07:40:48.791+0000] {logging_mixin.py:117} INFO - [2022-09-24T07:40:48.791+0000] {dag.py:3328} INFO - Setting next_dagrun for example_external_task_marker_parent to None, run_after=None
[2022-09-24T07:40:48.813+0000] {processor.py:178} INFO - Processing /home/airflow/.local/lib/python3.7/site-packages/airflow/example_dags/example_external_task_marker_dag.py took 0.202 seconds
[2022-09-24T07:41:19.111+0000] {processor.py:156} INFO - Started process (PID=32771) to work on /home/airflow/.local/lib/python3.7/site-packages/airflow/example_dags/example_external_task_marker_dag.py
[2022-09-24T07:41:19.113+0000] {processor.py:758} INFO - Processing file /home/airflow/.local/lib/python3.7/site-packages/airflow/example_dags/example_external_task_marker_dag.py for tasks to queue
[2022-09-24T07:41:19.116+0000] {logging_mixin.py:117} INFO - [2022-09-24T07:41:19.116+0000] {dagbag.py:525} INFO - Filling up the DagBag from /home/airflow/.local/lib/python3.7/site-packages/airflow/example_dags/example_external_task_marker_dag.py
[2022-09-24T07:41:19.128+0000] {processor.py:768} INFO - DAG(s) dict_keys(['example_external_task_marker_parent', 'example_external_task_marker_child']) retrieved from /home/airflow/.local/lib/python3.7/site-packages/airflow/example_dags/example_external_task_marker_dag.py
[2022-09-24T07:41:19.236+0000] {logging_mixin.py:117} INFO - [2022-09-24T07:41:19.236+0000] {dag.py:2573} INFO - Sync 2 DAGs
[2022-09-24T07:41:19.251+0000] {logging_mixin.py:117} INFO - [2022-09-24T07:41:19.251+0000] {dag.py:3328} INFO - Setting next_dagrun for example_external_task_marker_child to None, run_after=None
[2022-09-24T07:41:19.256+0000] {logging_mixin.py:117} INFO - [2022-09-24T07:41:19.256+0000] {dag.py:3328} INFO - Setting next_dagrun for example_external_task_marker_parent to None, run_after=None
[2022-09-24T07:41:19.268+0000] {processor.py:178} INFO - Processing /home/airflow/.local/lib/python3.7/site-packages/airflow/example_dags/example_external_task_marker_dag.py took 0.159 seconds
[2022-09-24T07:41:49.580+0000] {processor.py:156} INFO - Started process (PID=32835) to work on /home/airflow/.local/lib/python3.7/site-packages/airflow/example_dags/example_external_task_marker_dag.py
[2022-09-24T07:41:49.582+0000] {processor.py:758} INFO - Processing file /home/airflow/.local/lib/python3.7/site-packages/airflow/example_dags/example_external_task_marker_dag.py for tasks to queue
[2022-09-24T07:41:49.583+0000] {logging_mixin.py:117} INFO - [2022-09-24T07:41:49.583+0000] {dagbag.py:525} INFO - Filling up the DagBag from /home/airflow/.local/lib/python3.7/site-packages/airflow/example_dags/example_external_task_marker_dag.py
[2022-09-24T07:41:49.594+0000] {processor.py:768} INFO - DAG(s) dict_keys(['example_external_task_marker_parent', 'example_external_task_marker_child']) retrieved from /home/airflow/.local/lib/python3.7/site-packages/airflow/example_dags/example_external_task_marker_dag.py
[2022-09-24T07:41:49.698+0000] {logging_mixin.py:117} INFO - [2022-09-24T07:41:49.697+0000] {dag.py:2573} INFO - Sync 2 DAGs
[2022-09-24T07:41:49.715+0000] {logging_mixin.py:117} INFO - [2022-09-24T07:41:49.715+0000] {dag.py:3328} INFO - Setting next_dagrun for example_external_task_marker_child to None, run_after=None
[2022-09-24T07:41:49.718+0000] {logging_mixin.py:117} INFO - [2022-09-24T07:41:49.718+0000] {dag.py:3328} INFO - Setting next_dagrun for example_external_task_marker_parent to None, run_after=None
[2022-09-24T07:41:49.729+0000] {processor.py:178} INFO - Processing /home/airflow/.local/lib/python3.7/site-packages/airflow/example_dags/example_external_task_marker_dag.py took 0.151 seconds
[2022-09-24T07:42:19.801+0000] {processor.py:156} INFO - Started process (PID=32897) to work on /home/airflow/.local/lib/python3.7/site-packages/airflow/example_dags/example_external_task_marker_dag.py
[2022-09-24T07:42:19.802+0000] {processor.py:758} INFO - Processing file /home/airflow/.local/lib/python3.7/site-packages/airflow/example_dags/example_external_task_marker_dag.py for tasks to queue
[2022-09-24T07:42:19.803+0000] {logging_mixin.py:117} INFO - [2022-09-24T07:42:19.803+0000] {dagbag.py:525} INFO - Filling up the DagBag from /home/airflow/.local/lib/python3.7/site-packages/airflow/example_dags/example_external_task_marker_dag.py
[2022-09-24T07:42:19.814+0000] {processor.py:768} INFO - DAG(s) dict_keys(['example_external_task_marker_child', 'example_external_task_marker_parent']) retrieved from /home/airflow/.local/lib/python3.7/site-packages/airflow/example_dags/example_external_task_marker_dag.py
[2022-09-24T07:42:19.922+0000] {logging_mixin.py:117} INFO - [2022-09-24T07:42:19.922+0000] {dag.py:2573} INFO - Sync 2 DAGs
[2022-09-24T07:42:19.936+0000] {logging_mixin.py:117} INFO - [2022-09-24T07:42:19.935+0000] {dag.py:3328} INFO - Setting next_dagrun for example_external_task_marker_child to None, run_after=None
[2022-09-24T07:42:19.938+0000] {logging_mixin.py:117} INFO - [2022-09-24T07:42:19.938+0000] {dag.py:3328} INFO - Setting next_dagrun for example_external_task_marker_parent to None, run_after=None
[2022-09-24T07:42:19.951+0000] {processor.py:178} INFO - Processing /home/airflow/.local/lib/python3.7/site-packages/airflow/example_dags/example_external_task_marker_dag.py took 0.152 seconds
[2022-09-24T07:42:50.012+0000] {processor.py:156} INFO - Started process (PID=32960) to work on /home/airflow/.local/lib/python3.7/site-packages/airflow/example_dags/example_external_task_marker_dag.py
[2022-09-24T07:42:50.013+0000] {processor.py:758} INFO - Processing file /home/airflow/.local/lib/python3.7/site-packages/airflow/example_dags/example_external_task_marker_dag.py for tasks to queue
[2022-09-24T07:42:50.014+0000] {logging_mixin.py:117} INFO - [2022-09-24T07:42:50.014+0000] {dagbag.py:525} INFO - Filling up the DagBag from /home/airflow/.local/lib/python3.7/site-packages/airflow/example_dags/example_external_task_marker_dag.py
[2022-09-24T07:42:50.025+0000] {processor.py:768} INFO - DAG(s) dict_keys(['example_external_task_marker_parent', 'example_external_task_marker_child']) retrieved from /home/airflow/.local/lib/python3.7/site-packages/airflow/example_dags/example_external_task_marker_dag.py
[2022-09-24T07:42:50.131+0000] {logging_mixin.py:117} INFO - [2022-09-24T07:42:50.131+0000] {dag.py:2573} INFO - Sync 2 DAGs
[2022-09-24T07:42:50.145+0000] {logging_mixin.py:117} INFO - [2022-09-24T07:42:50.145+0000] {dag.py:3328} INFO - Setting next_dagrun for example_external_task_marker_child to None, run_after=None
[2022-09-24T07:42:50.148+0000] {logging_mixin.py:117} INFO - [2022-09-24T07:42:50.148+0000] {dag.py:3328} INFO - Setting next_dagrun for example_external_task_marker_parent to None, run_after=None
[2022-09-24T07:42:50.158+0000] {processor.py:178} INFO - Processing /home/airflow/.local/lib/python3.7/site-packages/airflow/example_dags/example_external_task_marker_dag.py took 0.149 seconds
[2022-09-24T07:43:20.289+0000] {processor.py:156} INFO - Started process (PID=33023) to work on /home/airflow/.local/lib/python3.7/site-packages/airflow/example_dags/example_external_task_marker_dag.py
[2022-09-24T07:43:20.292+0000] {processor.py:758} INFO - Processing file /home/airflow/.local/lib/python3.7/site-packages/airflow/example_dags/example_external_task_marker_dag.py for tasks to queue
[2022-09-24T07:43:20.293+0000] {logging_mixin.py:117} INFO - [2022-09-24T07:43:20.293+0000] {dagbag.py:525} INFO - Filling up the DagBag from /home/airflow/.local/lib/python3.7/site-packages/airflow/example_dags/example_external_task_marker_dag.py
[2022-09-24T07:43:20.303+0000] {processor.py:768} INFO - DAG(s) dict_keys(['example_external_task_marker_parent', 'example_external_task_marker_child']) retrieved from /home/airflow/.local/lib/python3.7/site-packages/airflow/example_dags/example_external_task_marker_dag.py
[2022-09-24T07:43:20.411+0000] {logging_mixin.py:117} INFO - [2022-09-24T07:43:20.411+0000] {dag.py:2573} INFO - Sync 2 DAGs
[2022-09-24T07:43:20.432+0000] {logging_mixin.py:117} INFO - [2022-09-24T07:43:20.432+0000] {dag.py:3328} INFO - Setting next_dagrun for example_external_task_marker_child to None, run_after=None
[2022-09-24T07:43:20.435+0000] {logging_mixin.py:117} INFO - [2022-09-24T07:43:20.435+0000] {dag.py:3328} INFO - Setting next_dagrun for example_external_task_marker_parent to None, run_after=None
[2022-09-24T07:43:20.449+0000] {processor.py:178} INFO - Processing /home/airflow/.local/lib/python3.7/site-packages/airflow/example_dags/example_external_task_marker_dag.py took 0.162 seconds
[2022-09-24T07:43:50.513+0000] {processor.py:156} INFO - Started process (PID=33077) to work on /home/airflow/.local/lib/python3.7/site-packages/airflow/example_dags/example_external_task_marker_dag.py
[2022-09-24T07:43:50.515+0000] {processor.py:758} INFO - Processing file /home/airflow/.local/lib/python3.7/site-packages/airflow/example_dags/example_external_task_marker_dag.py for tasks to queue
[2022-09-24T07:43:50.516+0000] {logging_mixin.py:117} INFO - [2022-09-24T07:43:50.516+0000] {dagbag.py:525} INFO - Filling up the DagBag from /home/airflow/.local/lib/python3.7/site-packages/airflow/example_dags/example_external_task_marker_dag.py
[2022-09-24T07:43:50.528+0000] {processor.py:768} INFO - DAG(s) dict_keys(['example_external_task_marker_child', 'example_external_task_marker_parent']) retrieved from /home/airflow/.local/lib/python3.7/site-packages/airflow/example_dags/example_external_task_marker_dag.py
[2022-09-24T07:43:50.638+0000] {logging_mixin.py:117} INFO - [2022-09-24T07:43:50.638+0000] {dag.py:2573} INFO - Sync 2 DAGs
[2022-09-24T07:43:50.658+0000] {logging_mixin.py:117} INFO - [2022-09-24T07:43:50.658+0000] {dag.py:3328} INFO - Setting next_dagrun for example_external_task_marker_child to None, run_after=None
[2022-09-24T07:43:50.662+0000] {logging_mixin.py:117} INFO - [2022-09-24T07:43:50.661+0000] {dag.py:3328} INFO - Setting next_dagrun for example_external_task_marker_parent to None, run_after=None
[2022-09-24T07:43:50.675+0000] {processor.py:178} INFO - Processing /home/airflow/.local/lib/python3.7/site-packages/airflow/example_dags/example_external_task_marker_dag.py took 0.164 seconds
[2022-09-24T07:44:20.767+0000] {processor.py:156} INFO - Started process (PID=33139) to work on /home/airflow/.local/lib/python3.7/site-packages/airflow/example_dags/example_external_task_marker_dag.py
[2022-09-24T07:44:20.769+0000] {processor.py:758} INFO - Processing file /home/airflow/.local/lib/python3.7/site-packages/airflow/example_dags/example_external_task_marker_dag.py for tasks to queue
[2022-09-24T07:44:20.770+0000] {logging_mixin.py:117} INFO - [2022-09-24T07:44:20.770+0000] {dagbag.py:525} INFO - Filling up the DagBag from /home/airflow/.local/lib/python3.7/site-packages/airflow/example_dags/example_external_task_marker_dag.py
[2022-09-24T07:44:20.781+0000] {processor.py:768} INFO - DAG(s) dict_keys(['example_external_task_marker_parent', 'example_external_task_marker_child']) retrieved from /home/airflow/.local/lib/python3.7/site-packages/airflow/example_dags/example_external_task_marker_dag.py
[2022-09-24T07:44:20.881+0000] {logging_mixin.py:117} INFO - [2022-09-24T07:44:20.881+0000] {dag.py:2573} INFO - Sync 2 DAGs
[2022-09-24T07:44:20.897+0000] {logging_mixin.py:117} INFO - [2022-09-24T07:44:20.897+0000] {dag.py:3328} INFO - Setting next_dagrun for example_external_task_marker_child to None, run_after=None
[2022-09-24T07:44:20.900+0000] {logging_mixin.py:117} INFO - [2022-09-24T07:44:20.900+0000] {dag.py:3328} INFO - Setting next_dagrun for example_external_task_marker_parent to None, run_after=None
[2022-09-24T07:44:20.912+0000] {processor.py:178} INFO - Processing /home/airflow/.local/lib/python3.7/site-packages/airflow/example_dags/example_external_task_marker_dag.py took 0.147 seconds
[2022-09-24T07:44:51.049+0000] {processor.py:156} INFO - Started process (PID=33203) to work on /home/airflow/.local/lib/python3.7/site-packages/airflow/example_dags/example_external_task_marker_dag.py
[2022-09-24T07:44:51.051+0000] {processor.py:758} INFO - Processing file /home/airflow/.local/lib/python3.7/site-packages/airflow/example_dags/example_external_task_marker_dag.py for tasks to queue
[2022-09-24T07:44:51.052+0000] {logging_mixin.py:117} INFO - [2022-09-24T07:44:51.052+0000] {dagbag.py:525} INFO - Filling up the DagBag from /home/airflow/.local/lib/python3.7/site-packages/airflow/example_dags/example_external_task_marker_dag.py
[2022-09-24T07:44:51.063+0000] {processor.py:768} INFO - DAG(s) dict_keys(['example_external_task_marker_parent', 'example_external_task_marker_child']) retrieved from /home/airflow/.local/lib/python3.7/site-packages/airflow/example_dags/example_external_task_marker_dag.py
[2022-09-24T07:44:51.169+0000] {logging_mixin.py:117} INFO - [2022-09-24T07:44:51.168+0000] {dag.py:2573} INFO - Sync 2 DAGs
[2022-09-24T07:44:51.184+0000] {logging_mixin.py:117} INFO - [2022-09-24T07:44:51.184+0000] {dag.py:3328} INFO - Setting next_dagrun for example_external_task_marker_child to None, run_after=None
[2022-09-24T07:44:51.187+0000] {logging_mixin.py:117} INFO - [2022-09-24T07:44:51.187+0000] {dag.py:3328} INFO - Setting next_dagrun for example_external_task_marker_parent to None, run_after=None
[2022-09-24T07:44:51.197+0000] {processor.py:178} INFO - Processing /home/airflow/.local/lib/python3.7/site-packages/airflow/example_dags/example_external_task_marker_dag.py took 0.150 seconds
[2022-09-24T07:45:21.334+0000] {processor.py:156} INFO - Started process (PID=33267) to work on /home/airflow/.local/lib/python3.7/site-packages/airflow/example_dags/example_external_task_marker_dag.py
[2022-09-24T07:45:21.335+0000] {processor.py:758} INFO - Processing file /home/airflow/.local/lib/python3.7/site-packages/airflow/example_dags/example_external_task_marker_dag.py for tasks to queue
[2022-09-24T07:45:21.337+0000] {logging_mixin.py:117} INFO - [2022-09-24T07:45:21.337+0000] {dagbag.py:525} INFO - Filling up the DagBag from /home/airflow/.local/lib/python3.7/site-packages/airflow/example_dags/example_external_task_marker_dag.py
[2022-09-24T07:45:21.347+0000] {processor.py:768} INFO - DAG(s) dict_keys(['example_external_task_marker_parent', 'example_external_task_marker_child']) retrieved from /home/airflow/.local/lib/python3.7/site-packages/airflow/example_dags/example_external_task_marker_dag.py
[2022-09-24T07:45:21.455+0000] {logging_mixin.py:117} INFO - [2022-09-24T07:45:21.455+0000] {dag.py:2573} INFO - Sync 2 DAGs
[2022-09-24T07:45:21.469+0000] {logging_mixin.py:117} INFO - [2022-09-24T07:45:21.469+0000] {dag.py:3328} INFO - Setting next_dagrun for example_external_task_marker_child to None, run_after=None
[2022-09-24T07:45:21.472+0000] {logging_mixin.py:117} INFO - [2022-09-24T07:45:21.472+0000] {dag.py:3328} INFO - Setting next_dagrun for example_external_task_marker_parent to None, run_after=None
[2022-09-24T07:45:21.481+0000] {processor.py:178} INFO - Processing /home/airflow/.local/lib/python3.7/site-packages/airflow/example_dags/example_external_task_marker_dag.py took 0.150 seconds
[2022-09-24T07:45:51.712+0000] {processor.py:156} INFO - Started process (PID=33330) to work on /home/airflow/.local/lib/python3.7/site-packages/airflow/example_dags/example_external_task_marker_dag.py
[2022-09-24T07:45:51.713+0000] {processor.py:758} INFO - Processing file /home/airflow/.local/lib/python3.7/site-packages/airflow/example_dags/example_external_task_marker_dag.py for tasks to queue
[2022-09-24T07:45:51.714+0000] {logging_mixin.py:117} INFO - [2022-09-24T07:45:51.714+0000] {dagbag.py:525} INFO - Filling up the DagBag from /home/airflow/.local/lib/python3.7/site-packages/airflow/example_dags/example_external_task_marker_dag.py
[2022-09-24T07:45:51.725+0000] {processor.py:768} INFO - DAG(s) dict_keys(['example_external_task_marker_parent', 'example_external_task_marker_child']) retrieved from /home/airflow/.local/lib/python3.7/site-packages/airflow/example_dags/example_external_task_marker_dag.py
[2022-09-24T07:45:51.824+0000] {logging_mixin.py:117} INFO - [2022-09-24T07:45:51.824+0000] {dag.py:2573} INFO - Sync 2 DAGs
[2022-09-24T07:45:51.838+0000] {logging_mixin.py:117} INFO - [2022-09-24T07:45:51.838+0000] {dag.py:3328} INFO - Setting next_dagrun for example_external_task_marker_child to None, run_after=None
[2022-09-24T07:45:51.840+0000] {logging_mixin.py:117} INFO - [2022-09-24T07:45:51.840+0000] {dag.py:3328} INFO - Setting next_dagrun for example_external_task_marker_parent to None, run_after=None
[2022-09-24T07:45:51.850+0000] {processor.py:178} INFO - Processing /home/airflow/.local/lib/python3.7/site-packages/airflow/example_dags/example_external_task_marker_dag.py took 0.140 seconds
[2022-09-24T07:46:21.955+0000] {processor.py:156} INFO - Started process (PID=33393) to work on /home/airflow/.local/lib/python3.7/site-packages/airflow/example_dags/example_external_task_marker_dag.py
[2022-09-24T07:46:21.956+0000] {processor.py:758} INFO - Processing file /home/airflow/.local/lib/python3.7/site-packages/airflow/example_dags/example_external_task_marker_dag.py for tasks to queue
[2022-09-24T07:46:21.957+0000] {logging_mixin.py:117} INFO - [2022-09-24T07:46:21.957+0000] {dagbag.py:525} INFO - Filling up the DagBag from /home/airflow/.local/lib/python3.7/site-packages/airflow/example_dags/example_external_task_marker_dag.py
[2022-09-24T07:46:21.968+0000] {processor.py:768} INFO - DAG(s) dict_keys(['example_external_task_marker_child', 'example_external_task_marker_parent']) retrieved from /home/airflow/.local/lib/python3.7/site-packages/airflow/example_dags/example_external_task_marker_dag.py
[2022-09-24T07:46:22.067+0000] {logging_mixin.py:117} INFO - [2022-09-24T07:46:22.067+0000] {dag.py:2573} INFO - Sync 2 DAGs
[2022-09-24T07:46:22.082+0000] {logging_mixin.py:117} INFO - [2022-09-24T07:46:22.082+0000] {dag.py:3328} INFO - Setting next_dagrun for example_external_task_marker_child to None, run_after=None
[2022-09-24T07:46:22.085+0000] {logging_mixin.py:117} INFO - [2022-09-24T07:46:22.085+0000] {dag.py:3328} INFO - Setting next_dagrun for example_external_task_marker_parent to None, run_after=None
[2022-09-24T07:46:22.094+0000] {processor.py:178} INFO - Processing /home/airflow/.local/lib/python3.7/site-packages/airflow/example_dags/example_external_task_marker_dag.py took 0.142 seconds
[2022-09-24T07:46:52.434+0000] {processor.py:156} INFO - Started process (PID=33447) to work on /home/airflow/.local/lib/python3.7/site-packages/airflow/example_dags/example_external_task_marker_dag.py
[2022-09-24T07:46:52.435+0000] {processor.py:758} INFO - Processing file /home/airflow/.local/lib/python3.7/site-packages/airflow/example_dags/example_external_task_marker_dag.py for tasks to queue
[2022-09-24T07:46:52.436+0000] {logging_mixin.py:117} INFO - [2022-09-24T07:46:52.436+0000] {dagbag.py:525} INFO - Filling up the DagBag from /home/airflow/.local/lib/python3.7/site-packages/airflow/example_dags/example_external_task_marker_dag.py
[2022-09-24T07:46:52.444+0000] {processor.py:768} INFO - DAG(s) dict_keys(['example_external_task_marker_parent', 'example_external_task_marker_child']) retrieved from /home/airflow/.local/lib/python3.7/site-packages/airflow/example_dags/example_external_task_marker_dag.py
[2022-09-24T07:46:52.544+0000] {logging_mixin.py:117} INFO - [2022-09-24T07:46:52.544+0000] {dag.py:2573} INFO - Sync 2 DAGs
[2022-09-24T07:46:52.561+0000] {logging_mixin.py:117} INFO - [2022-09-24T07:46:52.560+0000] {dag.py:3328} INFO - Setting next_dagrun for example_external_task_marker_child to None, run_after=None
[2022-09-24T07:46:52.564+0000] {logging_mixin.py:117} INFO - [2022-09-24T07:46:52.564+0000] {dag.py:3328} INFO - Setting next_dagrun for example_external_task_marker_parent to None, run_after=None
[2022-09-24T07:46:52.575+0000] {processor.py:178} INFO - Processing /home/airflow/.local/lib/python3.7/site-packages/airflow/example_dags/example_external_task_marker_dag.py took 0.143 seconds
[2022-09-24T08:22:51.275+0000] {processor.py:156} INFO - Started process (PID=33511) to work on /home/airflow/.local/lib/python3.7/site-packages/airflow/example_dags/example_external_task_marker_dag.py
[2022-09-24T08:22:51.277+0000] {processor.py:758} INFO - Processing file /home/airflow/.local/lib/python3.7/site-packages/airflow/example_dags/example_external_task_marker_dag.py for tasks to queue
[2022-09-24T08:22:51.278+0000] {logging_mixin.py:117} INFO - [2022-09-24T08:22:51.278+0000] {dagbag.py:525} INFO - Filling up the DagBag from /home/airflow/.local/lib/python3.7/site-packages/airflow/example_dags/example_external_task_marker_dag.py
[2022-09-24T08:22:51.296+0000] {processor.py:768} INFO - DAG(s) dict_keys(['example_external_task_marker_parent', 'example_external_task_marker_child']) retrieved from /home/airflow/.local/lib/python3.7/site-packages/airflow/example_dags/example_external_task_marker_dag.py
[2022-09-24T08:22:51.535+0000] {logging_mixin.py:117} INFO - [2022-09-24T08:22:51.534+0000] {dag.py:2573} INFO - Sync 2 DAGs
[2022-09-24T08:22:51.577+0000] {logging_mixin.py:117} INFO - [2022-09-24T08:22:51.577+0000] {dag.py:3328} INFO - Setting next_dagrun for example_external_task_marker_child to None, run_after=None
[2022-09-24T08:22:51.585+0000] {logging_mixin.py:117} INFO - [2022-09-24T08:22:51.585+0000] {dag.py:3328} INFO - Setting next_dagrun for example_external_task_marker_parent to None, run_after=None
[2022-09-24T08:22:51.606+0000] {processor.py:178} INFO - Processing /home/airflow/.local/lib/python3.7/site-packages/airflow/example_dags/example_external_task_marker_dag.py took 0.334 seconds
[2022-09-24T08:25:47.747+0000] {processor.py:156} INFO - Started process (PID=33574) to work on /home/airflow/.local/lib/python3.7/site-packages/airflow/example_dags/example_external_task_marker_dag.py
[2022-09-24T08:25:47.750+0000] {processor.py:758} INFO - Processing file /home/airflow/.local/lib/python3.7/site-packages/airflow/example_dags/example_external_task_marker_dag.py for tasks to queue
[2022-09-24T08:25:47.753+0000] {logging_mixin.py:117} INFO - [2022-09-24T08:25:47.752+0000] {dagbag.py:525} INFO - Filling up the DagBag from /home/airflow/.local/lib/python3.7/site-packages/airflow/example_dags/example_external_task_marker_dag.py
[2022-09-24T08:25:47.775+0000] {processor.py:768} INFO - DAG(s) dict_keys(['example_external_task_marker_child', 'example_external_task_marker_parent']) retrieved from /home/airflow/.local/lib/python3.7/site-packages/airflow/example_dags/example_external_task_marker_dag.py
[2022-09-24T08:25:48.005+0000] {logging_mixin.py:117} INFO - [2022-09-24T08:25:48.005+0000] {dag.py:2573} INFO - Sync 2 DAGs
[2022-09-24T08:25:48.038+0000] {logging_mixin.py:117} INFO - [2022-09-24T08:25:48.038+0000] {dag.py:3328} INFO - Setting next_dagrun for example_external_task_marker_child to None, run_after=None
[2022-09-24T08:25:48.043+0000] {logging_mixin.py:117} INFO - [2022-09-24T08:25:48.043+0000] {dag.py:3328} INFO - Setting next_dagrun for example_external_task_marker_parent to None, run_after=None
[2022-09-24T08:25:48.080+0000] {processor.py:178} INFO - Processing /home/airflow/.local/lib/python3.7/site-packages/airflow/example_dags/example_external_task_marker_dag.py took 0.335 seconds
[2022-09-24T08:26:18.793+0000] {processor.py:156} INFO - Started process (PID=33628) to work on /home/airflow/.local/lib/python3.7/site-packages/airflow/example_dags/example_external_task_marker_dag.py
[2022-09-24T08:26:18.797+0000] {processor.py:758} INFO - Processing file /home/airflow/.local/lib/python3.7/site-packages/airflow/example_dags/example_external_task_marker_dag.py for tasks to queue
[2022-09-24T08:26:18.799+0000] {logging_mixin.py:117} INFO - [2022-09-24T08:26:18.799+0000] {dagbag.py:525} INFO - Filling up the DagBag from /home/airflow/.local/lib/python3.7/site-packages/airflow/example_dags/example_external_task_marker_dag.py
[2022-09-24T08:26:18.813+0000] {processor.py:768} INFO - DAG(s) dict_keys(['example_external_task_marker_parent', 'example_external_task_marker_child']) retrieved from /home/airflow/.local/lib/python3.7/site-packages/airflow/example_dags/example_external_task_marker_dag.py
[2022-09-24T08:26:18.922+0000] {logging_mixin.py:117} INFO - [2022-09-24T08:26:18.922+0000] {dag.py:2573} INFO - Sync 2 DAGs
[2022-09-24T08:26:18.938+0000] {logging_mixin.py:117} INFO - [2022-09-24T08:26:18.938+0000] {dag.py:3328} INFO - Setting next_dagrun for example_external_task_marker_child to None, run_after=None
[2022-09-24T08:26:18.941+0000] {logging_mixin.py:117} INFO - [2022-09-24T08:26:18.941+0000] {dag.py:3328} INFO - Setting next_dagrun for example_external_task_marker_parent to None, run_after=None
[2022-09-24T08:26:18.952+0000] {processor.py:178} INFO - Processing /home/airflow/.local/lib/python3.7/site-packages/airflow/example_dags/example_external_task_marker_dag.py took 0.163 seconds
[2022-09-24T08:26:49.034+0000] {processor.py:156} INFO - Started process (PID=33691) to work on /home/airflow/.local/lib/python3.7/site-packages/airflow/example_dags/example_external_task_marker_dag.py
[2022-09-24T08:26:49.037+0000] {processor.py:758} INFO - Processing file /home/airflow/.local/lib/python3.7/site-packages/airflow/example_dags/example_external_task_marker_dag.py for tasks to queue
[2022-09-24T08:26:49.038+0000] {logging_mixin.py:117} INFO - [2022-09-24T08:26:49.038+0000] {dagbag.py:525} INFO - Filling up the DagBag from /home/airflow/.local/lib/python3.7/site-packages/airflow/example_dags/example_external_task_marker_dag.py
[2022-09-24T08:26:49.054+0000] {processor.py:768} INFO - DAG(s) dict_keys(['example_external_task_marker_child', 'example_external_task_marker_parent']) retrieved from /home/airflow/.local/lib/python3.7/site-packages/airflow/example_dags/example_external_task_marker_dag.py
[2022-09-24T08:26:49.178+0000] {logging_mixin.py:117} INFO - [2022-09-24T08:26:49.178+0000] {dag.py:2573} INFO - Sync 2 DAGs
[2022-09-24T08:26:49.195+0000] {logging_mixin.py:117} INFO - [2022-09-24T08:26:49.194+0000] {dag.py:3328} INFO - Setting next_dagrun for example_external_task_marker_child to None, run_after=None
[2022-09-24T08:26:49.198+0000] {logging_mixin.py:117} INFO - [2022-09-24T08:26:49.198+0000] {dag.py:3328} INFO - Setting next_dagrun for example_external_task_marker_parent to None, run_after=None
[2022-09-24T08:26:49.210+0000] {processor.py:178} INFO - Processing /home/airflow/.local/lib/python3.7/site-packages/airflow/example_dags/example_external_task_marker_dag.py took 0.180 seconds
[2022-09-24T08:27:19.402+0000] {processor.py:156} INFO - Started process (PID=33754) to work on /home/airflow/.local/lib/python3.7/site-packages/airflow/example_dags/example_external_task_marker_dag.py
[2022-09-24T08:27:19.405+0000] {processor.py:758} INFO - Processing file /home/airflow/.local/lib/python3.7/site-packages/airflow/example_dags/example_external_task_marker_dag.py for tasks to queue
[2022-09-24T08:27:19.407+0000] {logging_mixin.py:117} INFO - [2022-09-24T08:27:19.407+0000] {dagbag.py:525} INFO - Filling up the DagBag from /home/airflow/.local/lib/python3.7/site-packages/airflow/example_dags/example_external_task_marker_dag.py
[2022-09-24T08:27:19.421+0000] {processor.py:768} INFO - DAG(s) dict_keys(['example_external_task_marker_child', 'example_external_task_marker_parent']) retrieved from /home/airflow/.local/lib/python3.7/site-packages/airflow/example_dags/example_external_task_marker_dag.py
[2022-09-24T08:27:19.523+0000] {logging_mixin.py:117} INFO - [2022-09-24T08:27:19.523+0000] {dag.py:2573} INFO - Sync 2 DAGs
[2022-09-24T08:27:19.541+0000] {logging_mixin.py:117} INFO - [2022-09-24T08:27:19.541+0000] {dag.py:3328} INFO - Setting next_dagrun for example_external_task_marker_child to None, run_after=None
[2022-09-24T08:27:19.544+0000] {logging_mixin.py:117} INFO - [2022-09-24T08:27:19.544+0000] {dag.py:3328} INFO - Setting next_dagrun for example_external_task_marker_parent to None, run_after=None
[2022-09-24T08:27:19.558+0000] {processor.py:178} INFO - Processing /home/airflow/.local/lib/python3.7/site-packages/airflow/example_dags/example_external_task_marker_dag.py took 0.159 seconds
[2022-09-24T08:27:49.727+0000] {processor.py:156} INFO - Started process (PID=33816) to work on /home/airflow/.local/lib/python3.7/site-packages/airflow/example_dags/example_external_task_marker_dag.py
[2022-09-24T08:27:49.729+0000] {processor.py:758} INFO - Processing file /home/airflow/.local/lib/python3.7/site-packages/airflow/example_dags/example_external_task_marker_dag.py for tasks to queue
[2022-09-24T08:27:49.730+0000] {logging_mixin.py:117} INFO - [2022-09-24T08:27:49.730+0000] {dagbag.py:525} INFO - Filling up the DagBag from /home/airflow/.local/lib/python3.7/site-packages/airflow/example_dags/example_external_task_marker_dag.py
[2022-09-24T08:27:49.739+0000] {processor.py:768} INFO - DAG(s) dict_keys(['example_external_task_marker_parent', 'example_external_task_marker_child']) retrieved from /home/airflow/.local/lib/python3.7/site-packages/airflow/example_dags/example_external_task_marker_dag.py
[2022-09-24T08:27:49.837+0000] {logging_mixin.py:117} INFO - [2022-09-24T08:27:49.837+0000] {dag.py:2573} INFO - Sync 2 DAGs
[2022-09-24T08:27:49.853+0000] {logging_mixin.py:117} INFO - [2022-09-24T08:27:49.852+0000] {dag.py:3328} INFO - Setting next_dagrun for example_external_task_marker_child to None, run_after=None
[2022-09-24T08:27:49.856+0000] {logging_mixin.py:117} INFO - [2022-09-24T08:27:49.856+0000] {dag.py:3328} INFO - Setting next_dagrun for example_external_task_marker_parent to None, run_after=None
[2022-09-24T08:27:49.866+0000] {processor.py:178} INFO - Processing /home/airflow/.local/lib/python3.7/site-packages/airflow/example_dags/example_external_task_marker_dag.py took 0.141 seconds
[2022-09-24T08:28:20.013+0000] {processor.py:156} INFO - Started process (PID=33880) to work on /home/airflow/.local/lib/python3.7/site-packages/airflow/example_dags/example_external_task_marker_dag.py
[2022-09-24T08:28:20.015+0000] {processor.py:758} INFO - Processing file /home/airflow/.local/lib/python3.7/site-packages/airflow/example_dags/example_external_task_marker_dag.py for tasks to queue
[2022-09-24T08:28:20.017+0000] {logging_mixin.py:117} INFO - [2022-09-24T08:28:20.017+0000] {dagbag.py:525} INFO - Filling up the DagBag from /home/airflow/.local/lib/python3.7/site-packages/airflow/example_dags/example_external_task_marker_dag.py
[2022-09-24T08:28:20.031+0000] {processor.py:768} INFO - DAG(s) dict_keys(['example_external_task_marker_parent', 'example_external_task_marker_child']) retrieved from /home/airflow/.local/lib/python3.7/site-packages/airflow/example_dags/example_external_task_marker_dag.py
[2022-09-24T08:28:20.132+0000] {logging_mixin.py:117} INFO - [2022-09-24T08:28:20.132+0000] {dag.py:2573} INFO - Sync 2 DAGs
[2022-09-24T08:28:20.148+0000] {logging_mixin.py:117} INFO - [2022-09-24T08:28:20.147+0000] {dag.py:3328} INFO - Setting next_dagrun for example_external_task_marker_child to None, run_after=None
[2022-09-24T08:28:20.150+0000] {logging_mixin.py:117} INFO - [2022-09-24T08:28:20.150+0000] {dag.py:3328} INFO - Setting next_dagrun for example_external_task_marker_parent to None, run_after=None
[2022-09-24T08:28:20.161+0000] {processor.py:178} INFO - Processing /home/airflow/.local/lib/python3.7/site-packages/airflow/example_dags/example_external_task_marker_dag.py took 0.154 seconds
[2022-09-24T08:28:50.278+0000] {processor.py:156} INFO - Started process (PID=33943) to work on /home/airflow/.local/lib/python3.7/site-packages/airflow/example_dags/example_external_task_marker_dag.py
[2022-09-24T08:28:50.281+0000] {processor.py:758} INFO - Processing file /home/airflow/.local/lib/python3.7/site-packages/airflow/example_dags/example_external_task_marker_dag.py for tasks to queue
[2022-09-24T08:28:50.282+0000] {logging_mixin.py:117} INFO - [2022-09-24T08:28:50.282+0000] {dagbag.py:525} INFO - Filling up the DagBag from /home/airflow/.local/lib/python3.7/site-packages/airflow/example_dags/example_external_task_marker_dag.py
[2022-09-24T08:28:50.296+0000] {processor.py:768} INFO - DAG(s) dict_keys(['example_external_task_marker_parent', 'example_external_task_marker_child']) retrieved from /home/airflow/.local/lib/python3.7/site-packages/airflow/example_dags/example_external_task_marker_dag.py
[2022-09-24T08:28:50.396+0000] {logging_mixin.py:117} INFO - [2022-09-24T08:28:50.396+0000] {dag.py:2573} INFO - Sync 2 DAGs
[2022-09-24T08:28:50.412+0000] {logging_mixin.py:117} INFO - [2022-09-24T08:28:50.411+0000] {dag.py:3328} INFO - Setting next_dagrun for example_external_task_marker_child to None, run_after=None
[2022-09-24T08:28:50.414+0000] {logging_mixin.py:117} INFO - [2022-09-24T08:28:50.414+0000] {dag.py:3328} INFO - Setting next_dagrun for example_external_task_marker_parent to None, run_after=None
[2022-09-24T08:28:50.425+0000] {processor.py:178} INFO - Processing /home/airflow/.local/lib/python3.7/site-packages/airflow/example_dags/example_external_task_marker_dag.py took 0.152 seconds
[2022-09-24T08:29:20.778+0000] {processor.py:156} INFO - Started process (PID=33997) to work on /home/airflow/.local/lib/python3.7/site-packages/airflow/example_dags/example_external_task_marker_dag.py
[2022-09-24T08:29:20.779+0000] {processor.py:758} INFO - Processing file /home/airflow/.local/lib/python3.7/site-packages/airflow/example_dags/example_external_task_marker_dag.py for tasks to queue
[2022-09-24T08:29:20.781+0000] {logging_mixin.py:117} INFO - [2022-09-24T08:29:20.781+0000] {dagbag.py:525} INFO - Filling up the DagBag from /home/airflow/.local/lib/python3.7/site-packages/airflow/example_dags/example_external_task_marker_dag.py
[2022-09-24T08:29:20.795+0000] {processor.py:768} INFO - DAG(s) dict_keys(['example_external_task_marker_parent', 'example_external_task_marker_child']) retrieved from /home/airflow/.local/lib/python3.7/site-packages/airflow/example_dags/example_external_task_marker_dag.py
[2022-09-24T08:29:20.906+0000] {logging_mixin.py:117} INFO - [2022-09-24T08:29:20.906+0000] {dag.py:2573} INFO - Sync 2 DAGs
[2022-09-24T08:29:20.921+0000] {logging_mixin.py:117} INFO - [2022-09-24T08:29:20.920+0000] {dag.py:3328} INFO - Setting next_dagrun for example_external_task_marker_child to None, run_after=None
[2022-09-24T08:29:20.924+0000] {logging_mixin.py:117} INFO - [2022-09-24T08:29:20.923+0000] {dag.py:3328} INFO - Setting next_dagrun for example_external_task_marker_parent to None, run_after=None
[2022-09-24T08:29:20.936+0000] {processor.py:178} INFO - Processing /home/airflow/.local/lib/python3.7/site-packages/airflow/example_dags/example_external_task_marker_dag.py took 0.164 seconds
[2022-09-24T08:29:51.115+0000] {processor.py:156} INFO - Started process (PID=34061) to work on /home/airflow/.local/lib/python3.7/site-packages/airflow/example_dags/example_external_task_marker_dag.py
[2022-09-24T08:29:51.116+0000] {processor.py:758} INFO - Processing file /home/airflow/.local/lib/python3.7/site-packages/airflow/example_dags/example_external_task_marker_dag.py for tasks to queue
[2022-09-24T08:29:51.118+0000] {logging_mixin.py:117} INFO - [2022-09-24T08:29:51.118+0000] {dagbag.py:525} INFO - Filling up the DagBag from /home/airflow/.local/lib/python3.7/site-packages/airflow/example_dags/example_external_task_marker_dag.py
[2022-09-24T08:29:51.130+0000] {processor.py:768} INFO - DAG(s) dict_keys(['example_external_task_marker_child', 'example_external_task_marker_parent']) retrieved from /home/airflow/.local/lib/python3.7/site-packages/airflow/example_dags/example_external_task_marker_dag.py
[2022-09-24T08:29:51.246+0000] {logging_mixin.py:117} INFO - [2022-09-24T08:29:51.246+0000] {dag.py:2573} INFO - Sync 2 DAGs
[2022-09-24T08:29:51.265+0000] {logging_mixin.py:117} INFO - [2022-09-24T08:29:51.265+0000] {dag.py:3328} INFO - Setting next_dagrun for example_external_task_marker_child to None, run_after=None
[2022-09-24T08:29:51.268+0000] {logging_mixin.py:117} INFO - [2022-09-24T08:29:51.268+0000] {dag.py:3328} INFO - Setting next_dagrun for example_external_task_marker_parent to None, run_after=None
[2022-09-24T08:29:51.281+0000] {processor.py:178} INFO - Processing /home/airflow/.local/lib/python3.7/site-packages/airflow/example_dags/example_external_task_marker_dag.py took 0.170 seconds
[2022-09-24T08:30:21.442+0000] {processor.py:156} INFO - Started process (PID=34124) to work on /home/airflow/.local/lib/python3.7/site-packages/airflow/example_dags/example_external_task_marker_dag.py
[2022-09-24T08:30:21.444+0000] {processor.py:758} INFO - Processing file /home/airflow/.local/lib/python3.7/site-packages/airflow/example_dags/example_external_task_marker_dag.py for tasks to queue
[2022-09-24T08:30:21.446+0000] {logging_mixin.py:117} INFO - [2022-09-24T08:30:21.446+0000] {dagbag.py:525} INFO - Filling up the DagBag from /home/airflow/.local/lib/python3.7/site-packages/airflow/example_dags/example_external_task_marker_dag.py
[2022-09-24T08:30:21.458+0000] {processor.py:768} INFO - DAG(s) dict_keys(['example_external_task_marker_parent', 'example_external_task_marker_child']) retrieved from /home/airflow/.local/lib/python3.7/site-packages/airflow/example_dags/example_external_task_marker_dag.py
[2022-09-24T08:30:21.557+0000] {logging_mixin.py:117} INFO - [2022-09-24T08:30:21.557+0000] {dag.py:2573} INFO - Sync 2 DAGs
[2022-09-24T08:30:21.573+0000] {logging_mixin.py:117} INFO - [2022-09-24T08:30:21.573+0000] {dag.py:3328} INFO - Setting next_dagrun for example_external_task_marker_child to None, run_after=None
[2022-09-24T08:30:21.576+0000] {logging_mixin.py:117} INFO - [2022-09-24T08:30:21.576+0000] {dag.py:3328} INFO - Setting next_dagrun for example_external_task_marker_parent to None, run_after=None
[2022-09-24T08:30:21.587+0000] {processor.py:178} INFO - Processing /home/airflow/.local/lib/python3.7/site-packages/airflow/example_dags/example_external_task_marker_dag.py took 0.149 seconds
[2022-09-24T08:30:51.696+0000] {processor.py:156} INFO - Started process (PID=34188) to work on /home/airflow/.local/lib/python3.7/site-packages/airflow/example_dags/example_external_task_marker_dag.py
[2022-09-24T08:30:51.698+0000] {processor.py:758} INFO - Processing file /home/airflow/.local/lib/python3.7/site-packages/airflow/example_dags/example_external_task_marker_dag.py for tasks to queue
[2022-09-24T08:30:51.700+0000] {logging_mixin.py:117} INFO - [2022-09-24T08:30:51.700+0000] {dagbag.py:525} INFO - Filling up the DagBag from /home/airflow/.local/lib/python3.7/site-packages/airflow/example_dags/example_external_task_marker_dag.py
[2022-09-24T08:30:51.713+0000] {processor.py:768} INFO - DAG(s) dict_keys(['example_external_task_marker_child', 'example_external_task_marker_parent']) retrieved from /home/airflow/.local/lib/python3.7/site-packages/airflow/example_dags/example_external_task_marker_dag.py
[2022-09-24T08:30:51.819+0000] {logging_mixin.py:117} INFO - [2022-09-24T08:30:51.819+0000] {dag.py:2573} INFO - Sync 2 DAGs
[2022-09-24T08:30:51.835+0000] {logging_mixin.py:117} INFO - [2022-09-24T08:30:51.834+0000] {dag.py:3328} INFO - Setting next_dagrun for example_external_task_marker_child to None, run_after=None
[2022-09-24T08:30:51.838+0000] {logging_mixin.py:117} INFO - [2022-09-24T08:30:51.838+0000] {dag.py:3328} INFO - Setting next_dagrun for example_external_task_marker_parent to None, run_after=None
[2022-09-24T08:30:51.848+0000] {processor.py:178} INFO - Processing /home/airflow/.local/lib/python3.7/site-packages/airflow/example_dags/example_external_task_marker_dag.py took 0.157 seconds
[2022-09-24T08:31:22.125+0000] {processor.py:156} INFO - Started process (PID=34251) to work on /home/airflow/.local/lib/python3.7/site-packages/airflow/example_dags/example_external_task_marker_dag.py
[2022-09-24T08:31:22.128+0000] {processor.py:758} INFO - Processing file /home/airflow/.local/lib/python3.7/site-packages/airflow/example_dags/example_external_task_marker_dag.py for tasks to queue
[2022-09-24T08:31:22.129+0000] {logging_mixin.py:117} INFO - [2022-09-24T08:31:22.129+0000] {dagbag.py:525} INFO - Filling up the DagBag from /home/airflow/.local/lib/python3.7/site-packages/airflow/example_dags/example_external_task_marker_dag.py
[2022-09-24T08:31:22.142+0000] {processor.py:768} INFO - DAG(s) dict_keys(['example_external_task_marker_parent', 'example_external_task_marker_child']) retrieved from /home/airflow/.local/lib/python3.7/site-packages/airflow/example_dags/example_external_task_marker_dag.py
[2022-09-24T08:31:22.245+0000] {logging_mixin.py:117} INFO - [2022-09-24T08:31:22.245+0000] {dag.py:2573} INFO - Sync 2 DAGs
[2022-09-24T08:31:22.260+0000] {logging_mixin.py:117} INFO - [2022-09-24T08:31:22.260+0000] {dag.py:3328} INFO - Setting next_dagrun for example_external_task_marker_child to None, run_after=None
[2022-09-24T08:31:22.263+0000] {logging_mixin.py:117} INFO - [2022-09-24T08:31:22.263+0000] {dag.py:3328} INFO - Setting next_dagrun for example_external_task_marker_parent to None, run_after=None
[2022-09-24T08:31:22.274+0000] {processor.py:178} INFO - Processing /home/airflow/.local/lib/python3.7/site-packages/airflow/example_dags/example_external_task_marker_dag.py took 0.153 seconds
[2022-09-24T08:31:52.358+0000] {processor.py:156} INFO - Started process (PID=34313) to work on /home/airflow/.local/lib/python3.7/site-packages/airflow/example_dags/example_external_task_marker_dag.py
[2022-09-24T08:31:52.359+0000] {processor.py:758} INFO - Processing file /home/airflow/.local/lib/python3.7/site-packages/airflow/example_dags/example_external_task_marker_dag.py for tasks to queue
[2022-09-24T08:31:52.360+0000] {logging_mixin.py:117} INFO - [2022-09-24T08:31:52.360+0000] {dagbag.py:525} INFO - Filling up the DagBag from /home/airflow/.local/lib/python3.7/site-packages/airflow/example_dags/example_external_task_marker_dag.py
[2022-09-24T08:31:52.371+0000] {processor.py:768} INFO - DAG(s) dict_keys(['example_external_task_marker_child', 'example_external_task_marker_parent']) retrieved from /home/airflow/.local/lib/python3.7/site-packages/airflow/example_dags/example_external_task_marker_dag.py
[2022-09-24T08:31:52.471+0000] {logging_mixin.py:117} INFO - [2022-09-24T08:31:52.471+0000] {dag.py:2573} INFO - Sync 2 DAGs
[2022-09-24T08:31:52.486+0000] {logging_mixin.py:117} INFO - [2022-09-24T08:31:52.486+0000] {dag.py:3328} INFO - Setting next_dagrun for example_external_task_marker_child to None, run_after=None
[2022-09-24T08:31:52.489+0000] {logging_mixin.py:117} INFO - [2022-09-24T08:31:52.489+0000] {dag.py:3328} INFO - Setting next_dagrun for example_external_task_marker_parent to None, run_after=None
[2022-09-24T08:31:52.500+0000] {processor.py:178} INFO - Processing /home/airflow/.local/lib/python3.7/site-packages/airflow/example_dags/example_external_task_marker_dag.py took 0.144 seconds
[2022-09-24T08:32:22.556+0000] {processor.py:156} INFO - Started process (PID=34367) to work on /home/airflow/.local/lib/python3.7/site-packages/airflow/example_dags/example_external_task_marker_dag.py
[2022-09-24T08:32:22.558+0000] {processor.py:758} INFO - Processing file /home/airflow/.local/lib/python3.7/site-packages/airflow/example_dags/example_external_task_marker_dag.py for tasks to queue
[2022-09-24T08:32:22.561+0000] {logging_mixin.py:117} INFO - [2022-09-24T08:32:22.560+0000] {dagbag.py:525} INFO - Filling up the DagBag from /home/airflow/.local/lib/python3.7/site-packages/airflow/example_dags/example_external_task_marker_dag.py
[2022-09-24T08:32:22.575+0000] {processor.py:768} INFO - DAG(s) dict_keys(['example_external_task_marker_child', 'example_external_task_marker_parent']) retrieved from /home/airflow/.local/lib/python3.7/site-packages/airflow/example_dags/example_external_task_marker_dag.py
[2022-09-24T08:32:22.680+0000] {logging_mixin.py:117} INFO - [2022-09-24T08:32:22.680+0000] {dag.py:2573} INFO - Sync 2 DAGs
[2022-09-24T08:32:22.696+0000] {logging_mixin.py:117} INFO - [2022-09-24T08:32:22.696+0000] {dag.py:3328} INFO - Setting next_dagrun for example_external_task_marker_child to None, run_after=None
[2022-09-24T08:32:22.700+0000] {logging_mixin.py:117} INFO - [2022-09-24T08:32:22.699+0000] {dag.py:3328} INFO - Setting next_dagrun for example_external_task_marker_parent to None, run_after=None
[2022-09-24T08:32:22.710+0000] {processor.py:178} INFO - Processing /home/airflow/.local/lib/python3.7/site-packages/airflow/example_dags/example_external_task_marker_dag.py took 0.159 seconds
[2022-09-24T08:32:52.930+0000] {processor.py:156} INFO - Started process (PID=34429) to work on /home/airflow/.local/lib/python3.7/site-packages/airflow/example_dags/example_external_task_marker_dag.py
[2022-09-24T08:32:52.933+0000] {processor.py:758} INFO - Processing file /home/airflow/.local/lib/python3.7/site-packages/airflow/example_dags/example_external_task_marker_dag.py for tasks to queue
[2022-09-24T08:32:52.935+0000] {logging_mixin.py:117} INFO - [2022-09-24T08:32:52.935+0000] {dagbag.py:525} INFO - Filling up the DagBag from /home/airflow/.local/lib/python3.7/site-packages/airflow/example_dags/example_external_task_marker_dag.py
[2022-09-24T08:32:52.948+0000] {processor.py:768} INFO - DAG(s) dict_keys(['example_external_task_marker_parent', 'example_external_task_marker_child']) retrieved from /home/airflow/.local/lib/python3.7/site-packages/airflow/example_dags/example_external_task_marker_dag.py
[2022-09-24T08:32:53.062+0000] {logging_mixin.py:117} INFO - [2022-09-24T08:32:53.062+0000] {dag.py:2573} INFO - Sync 2 DAGs
[2022-09-24T08:32:53.079+0000] {logging_mixin.py:117} INFO - [2022-09-24T08:32:53.079+0000] {dag.py:3328} INFO - Setting next_dagrun for example_external_task_marker_child to None, run_after=None
[2022-09-24T08:32:53.082+0000] {logging_mixin.py:117} INFO - [2022-09-24T08:32:53.082+0000] {dag.py:3328} INFO - Setting next_dagrun for example_external_task_marker_parent to None, run_after=None
[2022-09-24T08:32:53.094+0000] {processor.py:178} INFO - Processing /home/airflow/.local/lib/python3.7/site-packages/airflow/example_dags/example_external_task_marker_dag.py took 0.168 seconds
[2022-09-24T08:33:23.375+0000] {processor.py:156} INFO - Started process (PID=34492) to work on /home/airflow/.local/lib/python3.7/site-packages/airflow/example_dags/example_external_task_marker_dag.py
[2022-09-24T08:33:23.378+0000] {processor.py:758} INFO - Processing file /home/airflow/.local/lib/python3.7/site-packages/airflow/example_dags/example_external_task_marker_dag.py for tasks to queue
[2022-09-24T08:33:23.379+0000] {logging_mixin.py:117} INFO - [2022-09-24T08:33:23.379+0000] {dagbag.py:525} INFO - Filling up the DagBag from /home/airflow/.local/lib/python3.7/site-packages/airflow/example_dags/example_external_task_marker_dag.py
[2022-09-24T08:33:23.393+0000] {processor.py:768} INFO - DAG(s) dict_keys(['example_external_task_marker_child', 'example_external_task_marker_parent']) retrieved from /home/airflow/.local/lib/python3.7/site-packages/airflow/example_dags/example_external_task_marker_dag.py
[2022-09-24T08:33:23.493+0000] {logging_mixin.py:117} INFO - [2022-09-24T08:33:23.493+0000] {dag.py:2573} INFO - Sync 2 DAGs
[2022-09-24T08:33:23.508+0000] {logging_mixin.py:117} INFO - [2022-09-24T08:33:23.508+0000] {dag.py:3328} INFO - Setting next_dagrun for example_external_task_marker_child to None, run_after=None
[2022-09-24T08:33:23.510+0000] {logging_mixin.py:117} INFO - [2022-09-24T08:33:23.510+0000] {dag.py:3328} INFO - Setting next_dagrun for example_external_task_marker_parent to None, run_after=None
[2022-09-24T08:33:23.521+0000] {processor.py:178} INFO - Processing /home/airflow/.local/lib/python3.7/site-packages/airflow/example_dags/example_external_task_marker_dag.py took 0.150 seconds
[2022-09-24T08:33:53.801+0000] {processor.py:156} INFO - Started process (PID=34555) to work on /home/airflow/.local/lib/python3.7/site-packages/airflow/example_dags/example_external_task_marker_dag.py
[2022-09-24T08:33:53.803+0000] {processor.py:758} INFO - Processing file /home/airflow/.local/lib/python3.7/site-packages/airflow/example_dags/example_external_task_marker_dag.py for tasks to queue
[2022-09-24T08:33:53.806+0000] {logging_mixin.py:117} INFO - [2022-09-24T08:33:53.806+0000] {dagbag.py:525} INFO - Filling up the DagBag from /home/airflow/.local/lib/python3.7/site-packages/airflow/example_dags/example_external_task_marker_dag.py
[2022-09-24T08:33:53.819+0000] {processor.py:768} INFO - DAG(s) dict_keys(['example_external_task_marker_parent', 'example_external_task_marker_child']) retrieved from /home/airflow/.local/lib/python3.7/site-packages/airflow/example_dags/example_external_task_marker_dag.py
[2022-09-24T08:33:53.921+0000] {logging_mixin.py:117} INFO - [2022-09-24T08:33:53.921+0000] {dag.py:2573} INFO - Sync 2 DAGs
[2022-09-24T08:33:53.936+0000] {logging_mixin.py:117} INFO - [2022-09-24T08:33:53.935+0000] {dag.py:3328} INFO - Setting next_dagrun for example_external_task_marker_child to None, run_after=None
[2022-09-24T08:33:53.939+0000] {logging_mixin.py:117} INFO - [2022-09-24T08:33:53.939+0000] {dag.py:3328} INFO - Setting next_dagrun for example_external_task_marker_parent to None, run_after=None
[2022-09-24T08:33:53.949+0000] {processor.py:178} INFO - Processing /home/airflow/.local/lib/python3.7/site-packages/airflow/example_dags/example_external_task_marker_dag.py took 0.153 seconds
[2022-09-24T08:34:24.062+0000] {processor.py:156} INFO - Started process (PID=34618) to work on /home/airflow/.local/lib/python3.7/site-packages/airflow/example_dags/example_external_task_marker_dag.py
[2022-09-24T08:34:24.065+0000] {processor.py:758} INFO - Processing file /home/airflow/.local/lib/python3.7/site-packages/airflow/example_dags/example_external_task_marker_dag.py for tasks to queue
[2022-09-24T08:34:24.066+0000] {logging_mixin.py:117} INFO - [2022-09-24T08:34:24.066+0000] {dagbag.py:525} INFO - Filling up the DagBag from /home/airflow/.local/lib/python3.7/site-packages/airflow/example_dags/example_external_task_marker_dag.py
[2022-09-24T08:34:24.079+0000] {processor.py:768} INFO - DAG(s) dict_keys(['example_external_task_marker_child', 'example_external_task_marker_parent']) retrieved from /home/airflow/.local/lib/python3.7/site-packages/airflow/example_dags/example_external_task_marker_dag.py
[2022-09-24T08:34:24.184+0000] {logging_mixin.py:117} INFO - [2022-09-24T08:34:24.184+0000] {dag.py:2573} INFO - Sync 2 DAGs
[2022-09-24T08:34:24.200+0000] {logging_mixin.py:117} INFO - [2022-09-24T08:34:24.200+0000] {dag.py:3328} INFO - Setting next_dagrun for example_external_task_marker_child to None, run_after=None
[2022-09-24T08:34:24.204+0000] {logging_mixin.py:117} INFO - [2022-09-24T08:34:24.204+0000] {dag.py:3328} INFO - Setting next_dagrun for example_external_task_marker_parent to None, run_after=None
[2022-09-24T08:34:24.215+0000] {processor.py:178} INFO - Processing /home/airflow/.local/lib/python3.7/site-packages/airflow/example_dags/example_external_task_marker_dag.py took 0.158 seconds
[2022-09-24T08:34:54.361+0000] {processor.py:156} INFO - Started process (PID=34680) to work on /home/airflow/.local/lib/python3.7/site-packages/airflow/example_dags/example_external_task_marker_dag.py
[2022-09-24T08:34:54.363+0000] {processor.py:758} INFO - Processing file /home/airflow/.local/lib/python3.7/site-packages/airflow/example_dags/example_external_task_marker_dag.py for tasks to queue
[2022-09-24T08:34:54.365+0000] {logging_mixin.py:117} INFO - [2022-09-24T08:34:54.365+0000] {dagbag.py:525} INFO - Filling up the DagBag from /home/airflow/.local/lib/python3.7/site-packages/airflow/example_dags/example_external_task_marker_dag.py
[2022-09-24T08:34:54.379+0000] {processor.py:768} INFO - DAG(s) dict_keys(['example_external_task_marker_parent', 'example_external_task_marker_child']) retrieved from /home/airflow/.local/lib/python3.7/site-packages/airflow/example_dags/example_external_task_marker_dag.py
[2022-09-24T08:34:54.481+0000] {logging_mixin.py:117} INFO - [2022-09-24T08:34:54.481+0000] {dag.py:2573} INFO - Sync 2 DAGs
[2022-09-24T08:34:54.497+0000] {logging_mixin.py:117} INFO - [2022-09-24T08:34:54.497+0000] {dag.py:3328} INFO - Setting next_dagrun for example_external_task_marker_child to None, run_after=None
[2022-09-24T08:34:54.500+0000] {logging_mixin.py:117} INFO - [2022-09-24T08:34:54.500+0000] {dag.py:3328} INFO - Setting next_dagrun for example_external_task_marker_parent to None, run_after=None
[2022-09-24T08:34:54.510+0000] {processor.py:178} INFO - Processing /home/airflow/.local/lib/python3.7/site-packages/airflow/example_dags/example_external_task_marker_dag.py took 0.153 seconds
[2022-09-24T08:35:24.875+0000] {processor.py:156} INFO - Started process (PID=34735) to work on /home/airflow/.local/lib/python3.7/site-packages/airflow/example_dags/example_external_task_marker_dag.py
[2022-09-24T08:35:24.877+0000] {processor.py:758} INFO - Processing file /home/airflow/.local/lib/python3.7/site-packages/airflow/example_dags/example_external_task_marker_dag.py for tasks to queue
[2022-09-24T08:35:24.878+0000] {logging_mixin.py:117} INFO - [2022-09-24T08:35:24.878+0000] {dagbag.py:525} INFO - Filling up the DagBag from /home/airflow/.local/lib/python3.7/site-packages/airflow/example_dags/example_external_task_marker_dag.py
[2022-09-24T08:35:24.890+0000] {processor.py:768} INFO - DAG(s) dict_keys(['example_external_task_marker_parent', 'example_external_task_marker_child']) retrieved from /home/airflow/.local/lib/python3.7/site-packages/airflow/example_dags/example_external_task_marker_dag.py
[2022-09-24T08:35:24.996+0000] {logging_mixin.py:117} INFO - [2022-09-24T08:35:24.996+0000] {dag.py:2573} INFO - Sync 2 DAGs
[2022-09-24T08:35:25.013+0000] {logging_mixin.py:117} INFO - [2022-09-24T08:35:25.012+0000] {dag.py:3328} INFO - Setting next_dagrun for example_external_task_marker_child to None, run_after=None
[2022-09-24T08:35:25.015+0000] {logging_mixin.py:117} INFO - [2022-09-24T08:35:25.015+0000] {dag.py:3328} INFO - Setting next_dagrun for example_external_task_marker_parent to None, run_after=None
[2022-09-24T08:35:25.026+0000] {processor.py:178} INFO - Processing /home/airflow/.local/lib/python3.7/site-packages/airflow/example_dags/example_external_task_marker_dag.py took 0.154 seconds
[2022-09-24T08:35:55.134+0000] {processor.py:156} INFO - Started process (PID=34798) to work on /home/airflow/.local/lib/python3.7/site-packages/airflow/example_dags/example_external_task_marker_dag.py
[2022-09-24T08:35:55.137+0000] {processor.py:758} INFO - Processing file /home/airflow/.local/lib/python3.7/site-packages/airflow/example_dags/example_external_task_marker_dag.py for tasks to queue
[2022-09-24T08:35:55.138+0000] {logging_mixin.py:117} INFO - [2022-09-24T08:35:55.138+0000] {dagbag.py:525} INFO - Filling up the DagBag from /home/airflow/.local/lib/python3.7/site-packages/airflow/example_dags/example_external_task_marker_dag.py
[2022-09-24T08:35:55.152+0000] {processor.py:768} INFO - DAG(s) dict_keys(['example_external_task_marker_parent', 'example_external_task_marker_child']) retrieved from /home/airflow/.local/lib/python3.7/site-packages/airflow/example_dags/example_external_task_marker_dag.py
[2022-09-24T08:35:55.259+0000] {logging_mixin.py:117} INFO - [2022-09-24T08:35:55.259+0000] {dag.py:2573} INFO - Sync 2 DAGs
[2022-09-24T08:35:55.275+0000] {logging_mixin.py:117} INFO - [2022-09-24T08:35:55.275+0000] {dag.py:3328} INFO - Setting next_dagrun for example_external_task_marker_child to None, run_after=None
[2022-09-24T08:35:55.279+0000] {logging_mixin.py:117} INFO - [2022-09-24T08:35:55.279+0000] {dag.py:3328} INFO - Setting next_dagrun for example_external_task_marker_parent to None, run_after=None
[2022-09-24T08:35:55.291+0000] {processor.py:178} INFO - Processing /home/airflow/.local/lib/python3.7/site-packages/airflow/example_dags/example_external_task_marker_dag.py took 0.162 seconds
[2022-09-24T08:36:25.475+0000] {processor.py:156} INFO - Started process (PID=34861) to work on /home/airflow/.local/lib/python3.7/site-packages/airflow/example_dags/example_external_task_marker_dag.py
[2022-09-24T08:36:25.478+0000] {processor.py:758} INFO - Processing file /home/airflow/.local/lib/python3.7/site-packages/airflow/example_dags/example_external_task_marker_dag.py for tasks to queue
[2022-09-24T08:36:25.480+0000] {logging_mixin.py:117} INFO - [2022-09-24T08:36:25.480+0000] {dagbag.py:525} INFO - Filling up the DagBag from /home/airflow/.local/lib/python3.7/site-packages/airflow/example_dags/example_external_task_marker_dag.py
[2022-09-24T08:36:25.493+0000] {processor.py:768} INFO - DAG(s) dict_keys(['example_external_task_marker_child', 'example_external_task_marker_parent']) retrieved from /home/airflow/.local/lib/python3.7/site-packages/airflow/example_dags/example_external_task_marker_dag.py
[2022-09-24T08:36:25.593+0000] {logging_mixin.py:117} INFO - [2022-09-24T08:36:25.593+0000] {dag.py:2573} INFO - Sync 2 DAGs
[2022-09-24T08:36:25.608+0000] {logging_mixin.py:117} INFO - [2022-09-24T08:36:25.608+0000] {dag.py:3328} INFO - Setting next_dagrun for example_external_task_marker_child to None, run_after=None
[2022-09-24T08:36:25.612+0000] {logging_mixin.py:117} INFO - [2022-09-24T08:36:25.612+0000] {dag.py:3328} INFO - Setting next_dagrun for example_external_task_marker_parent to None, run_after=None
[2022-09-24T08:36:25.623+0000] {processor.py:178} INFO - Processing /home/airflow/.local/lib/python3.7/site-packages/airflow/example_dags/example_external_task_marker_dag.py took 0.152 seconds
[2022-09-24T08:36:55.809+0000] {processor.py:156} INFO - Started process (PID=34924) to work on /home/airflow/.local/lib/python3.7/site-packages/airflow/example_dags/example_external_task_marker_dag.py
[2022-09-24T08:36:55.811+0000] {processor.py:758} INFO - Processing file /home/airflow/.local/lib/python3.7/site-packages/airflow/example_dags/example_external_task_marker_dag.py for tasks to queue
[2022-09-24T08:36:55.812+0000] {logging_mixin.py:117} INFO - [2022-09-24T08:36:55.812+0000] {dagbag.py:525} INFO - Filling up the DagBag from /home/airflow/.local/lib/python3.7/site-packages/airflow/example_dags/example_external_task_marker_dag.py
[2022-09-24T08:36:55.825+0000] {processor.py:768} INFO - DAG(s) dict_keys(['example_external_task_marker_child', 'example_external_task_marker_parent']) retrieved from /home/airflow/.local/lib/python3.7/site-packages/airflow/example_dags/example_external_task_marker_dag.py
[2022-09-24T08:36:55.925+0000] {logging_mixin.py:117} INFO - [2022-09-24T08:36:55.925+0000] {dag.py:2573} INFO - Sync 2 DAGs
[2022-09-24T08:36:55.941+0000] {logging_mixin.py:117} INFO - [2022-09-24T08:36:55.941+0000] {dag.py:3328} INFO - Setting next_dagrun for example_external_task_marker_child to None, run_after=None
[2022-09-24T08:36:55.944+0000] {logging_mixin.py:117} INFO - [2022-09-24T08:36:55.944+0000] {dag.py:3328} INFO - Setting next_dagrun for example_external_task_marker_parent to None, run_after=None
[2022-09-24T08:36:55.955+0000] {processor.py:178} INFO - Processing /home/airflow/.local/lib/python3.7/site-packages/airflow/example_dags/example_external_task_marker_dag.py took 0.149 seconds
[2022-09-24T08:37:26.179+0000] {processor.py:156} INFO - Started process (PID=34987) to work on /home/airflow/.local/lib/python3.7/site-packages/airflow/example_dags/example_external_task_marker_dag.py
[2022-09-24T08:37:26.181+0000] {processor.py:758} INFO - Processing file /home/airflow/.local/lib/python3.7/site-packages/airflow/example_dags/example_external_task_marker_dag.py for tasks to queue
[2022-09-24T08:37:26.182+0000] {logging_mixin.py:117} INFO - [2022-09-24T08:37:26.182+0000] {dagbag.py:525} INFO - Filling up the DagBag from /home/airflow/.local/lib/python3.7/site-packages/airflow/example_dags/example_external_task_marker_dag.py
[2022-09-24T08:37:26.193+0000] {processor.py:768} INFO - DAG(s) dict_keys(['example_external_task_marker_child', 'example_external_task_marker_parent']) retrieved from /home/airflow/.local/lib/python3.7/site-packages/airflow/example_dags/example_external_task_marker_dag.py
[2022-09-24T08:37:26.301+0000] {logging_mixin.py:117} INFO - [2022-09-24T08:37:26.301+0000] {dag.py:2573} INFO - Sync 2 DAGs
[2022-09-24T08:37:26.317+0000] {logging_mixin.py:117} INFO - [2022-09-24T08:37:26.317+0000] {dag.py:3328} INFO - Setting next_dagrun for example_external_task_marker_child to None, run_after=None
[2022-09-24T08:37:26.322+0000] {logging_mixin.py:117} INFO - [2022-09-24T08:37:26.322+0000] {dag.py:3328} INFO - Setting next_dagrun for example_external_task_marker_parent to None, run_after=None
[2022-09-24T08:37:26.334+0000] {processor.py:178} INFO - Processing /home/airflow/.local/lib/python3.7/site-packages/airflow/example_dags/example_external_task_marker_dag.py took 0.157 seconds
[2022-09-24T08:37:56.623+0000] {processor.py:156} INFO - Started process (PID=35049) to work on /home/airflow/.local/lib/python3.7/site-packages/airflow/example_dags/example_external_task_marker_dag.py
[2022-09-24T08:37:56.626+0000] {processor.py:758} INFO - Processing file /home/airflow/.local/lib/python3.7/site-packages/airflow/example_dags/example_external_task_marker_dag.py for tasks to queue
[2022-09-24T08:37:56.627+0000] {logging_mixin.py:117} INFO - [2022-09-24T08:37:56.627+0000] {dagbag.py:525} INFO - Filling up the DagBag from /home/airflow/.local/lib/python3.7/site-packages/airflow/example_dags/example_external_task_marker_dag.py
[2022-09-24T08:37:56.642+0000] {processor.py:768} INFO - DAG(s) dict_keys(['example_external_task_marker_child', 'example_external_task_marker_parent']) retrieved from /home/airflow/.local/lib/python3.7/site-packages/airflow/example_dags/example_external_task_marker_dag.py
[2022-09-24T08:37:56.746+0000] {logging_mixin.py:117} INFO - [2022-09-24T08:37:56.746+0000] {dag.py:2573} INFO - Sync 2 DAGs
[2022-09-24T08:37:56.761+0000] {logging_mixin.py:117} INFO - [2022-09-24T08:37:56.761+0000] {dag.py:3328} INFO - Setting next_dagrun for example_external_task_marker_child to None, run_after=None
[2022-09-24T08:37:56.764+0000] {logging_mixin.py:117} INFO - [2022-09-24T08:37:56.764+0000] {dag.py:3328} INFO - Setting next_dagrun for example_external_task_marker_parent to None, run_after=None
[2022-09-24T08:37:56.774+0000] {processor.py:178} INFO - Processing /home/airflow/.local/lib/python3.7/site-packages/airflow/example_dags/example_external_task_marker_dag.py took 0.155 seconds
[2022-09-24T08:38:26.915+0000] {processor.py:156} INFO - Started process (PID=35103) to work on /home/airflow/.local/lib/python3.7/site-packages/airflow/example_dags/example_external_task_marker_dag.py
[2022-09-24T08:38:26.917+0000] {processor.py:758} INFO - Processing file /home/airflow/.local/lib/python3.7/site-packages/airflow/example_dags/example_external_task_marker_dag.py for tasks to queue
[2022-09-24T08:38:26.919+0000] {logging_mixin.py:117} INFO - [2022-09-24T08:38:26.919+0000] {dagbag.py:525} INFO - Filling up the DagBag from /home/airflow/.local/lib/python3.7/site-packages/airflow/example_dags/example_external_task_marker_dag.py
[2022-09-24T08:38:26.932+0000] {processor.py:768} INFO - DAG(s) dict_keys(['example_external_task_marker_parent', 'example_external_task_marker_child']) retrieved from /home/airflow/.local/lib/python3.7/site-packages/airflow/example_dags/example_external_task_marker_dag.py
[2022-09-24T08:38:27.030+0000] {logging_mixin.py:117} INFO - [2022-09-24T08:38:27.030+0000] {dag.py:2573} INFO - Sync 2 DAGs
[2022-09-24T08:38:27.045+0000] {logging_mixin.py:117} INFO - [2022-09-24T08:38:27.045+0000] {dag.py:3328} INFO - Setting next_dagrun for example_external_task_marker_child to None, run_after=None
[2022-09-24T08:38:27.048+0000] {logging_mixin.py:117} INFO - [2022-09-24T08:38:27.048+0000] {dag.py:3328} INFO - Setting next_dagrun for example_external_task_marker_parent to None, run_after=None
[2022-09-24T08:38:27.060+0000] {processor.py:178} INFO - Processing /home/airflow/.local/lib/python3.7/site-packages/airflow/example_dags/example_external_task_marker_dag.py took 0.149 seconds
[2022-09-24T08:38:57.176+0000] {processor.py:156} INFO - Started process (PID=35167) to work on /home/airflow/.local/lib/python3.7/site-packages/airflow/example_dags/example_external_task_marker_dag.py
[2022-09-24T08:38:57.177+0000] {processor.py:758} INFO - Processing file /home/airflow/.local/lib/python3.7/site-packages/airflow/example_dags/example_external_task_marker_dag.py for tasks to queue
[2022-09-24T08:38:57.180+0000] {logging_mixin.py:117} INFO - [2022-09-24T08:38:57.180+0000] {dagbag.py:525} INFO - Filling up the DagBag from /home/airflow/.local/lib/python3.7/site-packages/airflow/example_dags/example_external_task_marker_dag.py
[2022-09-24T08:38:57.193+0000] {processor.py:768} INFO - DAG(s) dict_keys(['example_external_task_marker_parent', 'example_external_task_marker_child']) retrieved from /home/airflow/.local/lib/python3.7/site-packages/airflow/example_dags/example_external_task_marker_dag.py
[2022-09-24T08:38:57.297+0000] {logging_mixin.py:117} INFO - [2022-09-24T08:38:57.297+0000] {dag.py:2573} INFO - Sync 2 DAGs
[2022-09-24T08:38:57.312+0000] {logging_mixin.py:117} INFO - [2022-09-24T08:38:57.312+0000] {dag.py:3328} INFO - Setting next_dagrun for example_external_task_marker_child to None, run_after=None
[2022-09-24T08:38:57.315+0000] {logging_mixin.py:117} INFO - [2022-09-24T08:38:57.315+0000] {dag.py:3328} INFO - Setting next_dagrun for example_external_task_marker_parent to None, run_after=None
[2022-09-24T08:38:57.325+0000] {processor.py:178} INFO - Processing /home/airflow/.local/lib/python3.7/site-packages/airflow/example_dags/example_external_task_marker_dag.py took 0.153 seconds
[2022-09-24T08:39:27.478+0000] {processor.py:156} INFO - Started process (PID=35230) to work on /home/airflow/.local/lib/python3.7/site-packages/airflow/example_dags/example_external_task_marker_dag.py
[2022-09-24T08:39:27.480+0000] {processor.py:758} INFO - Processing file /home/airflow/.local/lib/python3.7/site-packages/airflow/example_dags/example_external_task_marker_dag.py for tasks to queue
[2022-09-24T08:39:27.482+0000] {logging_mixin.py:117} INFO - [2022-09-24T08:39:27.482+0000] {dagbag.py:525} INFO - Filling up the DagBag from /home/airflow/.local/lib/python3.7/site-packages/airflow/example_dags/example_external_task_marker_dag.py
[2022-09-24T08:39:27.500+0000] {processor.py:768} INFO - DAG(s) dict_keys(['example_external_task_marker_parent', 'example_external_task_marker_child']) retrieved from /home/airflow/.local/lib/python3.7/site-packages/airflow/example_dags/example_external_task_marker_dag.py
[2022-09-24T08:39:27.603+0000] {logging_mixin.py:117} INFO - [2022-09-24T08:39:27.603+0000] {dag.py:2573} INFO - Sync 2 DAGs
[2022-09-24T08:39:27.619+0000] {logging_mixin.py:117} INFO - [2022-09-24T08:39:27.619+0000] {dag.py:3328} INFO - Setting next_dagrun for example_external_task_marker_child to None, run_after=None
[2022-09-24T08:39:27.622+0000] {logging_mixin.py:117} INFO - [2022-09-24T08:39:27.622+0000] {dag.py:3328} INFO - Setting next_dagrun for example_external_task_marker_parent to None, run_after=None
[2022-09-24T08:39:27.632+0000] {processor.py:178} INFO - Processing /home/airflow/.local/lib/python3.7/site-packages/airflow/example_dags/example_external_task_marker_dag.py took 0.158 seconds
[2022-09-24T08:39:58.066+0000] {processor.py:156} INFO - Started process (PID=35293) to work on /home/airflow/.local/lib/python3.7/site-packages/airflow/example_dags/example_external_task_marker_dag.py
[2022-09-24T08:39:58.069+0000] {processor.py:758} INFO - Processing file /home/airflow/.local/lib/python3.7/site-packages/airflow/example_dags/example_external_task_marker_dag.py for tasks to queue
[2022-09-24T08:39:58.071+0000] {logging_mixin.py:117} INFO - [2022-09-24T08:39:58.071+0000] {dagbag.py:525} INFO - Filling up the DagBag from /home/airflow/.local/lib/python3.7/site-packages/airflow/example_dags/example_external_task_marker_dag.py
[2022-09-24T08:39:58.087+0000] {processor.py:768} INFO - DAG(s) dict_keys(['example_external_task_marker_child', 'example_external_task_marker_parent']) retrieved from /home/airflow/.local/lib/python3.7/site-packages/airflow/example_dags/example_external_task_marker_dag.py
[2022-09-24T08:39:58.202+0000] {logging_mixin.py:117} INFO - [2022-09-24T08:39:58.202+0000] {dag.py:2573} INFO - Sync 2 DAGs
[2022-09-24T08:39:58.216+0000] {logging_mixin.py:117} INFO - [2022-09-24T08:39:58.216+0000] {dag.py:3328} INFO - Setting next_dagrun for example_external_task_marker_child to None, run_after=None
[2022-09-24T08:39:58.220+0000] {logging_mixin.py:117} INFO - [2022-09-24T08:39:58.220+0000] {dag.py:3328} INFO - Setting next_dagrun for example_external_task_marker_parent to None, run_after=None
[2022-09-24T08:39:58.231+0000] {processor.py:178} INFO - Processing /home/airflow/.local/lib/python3.7/site-packages/airflow/example_dags/example_external_task_marker_dag.py took 0.173 seconds
[2022-09-24T09:07:10.916+0000] {processor.py:156} INFO - Started process (PID=35348) to work on /home/airflow/.local/lib/python3.7/site-packages/airflow/example_dags/example_external_task_marker_dag.py
[2022-09-24T09:07:10.927+0000] {processor.py:758} INFO - Processing file /home/airflow/.local/lib/python3.7/site-packages/airflow/example_dags/example_external_task_marker_dag.py for tasks to queue
[2022-09-24T09:07:10.929+0000] {logging_mixin.py:117} INFO - [2022-09-24T09:07:10.929+0000] {dagbag.py:525} INFO - Filling up the DagBag from /home/airflow/.local/lib/python3.7/site-packages/airflow/example_dags/example_external_task_marker_dag.py
[2022-09-24T09:07:10.946+0000] {processor.py:768} INFO - DAG(s) dict_keys(['example_external_task_marker_child', 'example_external_task_marker_parent']) retrieved from /home/airflow/.local/lib/python3.7/site-packages/airflow/example_dags/example_external_task_marker_dag.py
[2022-09-24T09:07:11.157+0000] {logging_mixin.py:117} INFO - [2022-09-24T09:07:11.157+0000] {dag.py:2573} INFO - Sync 2 DAGs
[2022-09-24T09:07:11.179+0000] {logging_mixin.py:117} INFO - [2022-09-24T09:07:11.179+0000] {dag.py:3328} INFO - Setting next_dagrun for example_external_task_marker_child to None, run_after=None
[2022-09-24T09:07:11.186+0000] {logging_mixin.py:117} INFO - [2022-09-24T09:07:11.186+0000] {dag.py:3328} INFO - Setting next_dagrun for example_external_task_marker_parent to None, run_after=None
[2022-09-24T09:07:11.205+0000] {processor.py:178} INFO - Processing /home/airflow/.local/lib/python3.7/site-packages/airflow/example_dags/example_external_task_marker_dag.py took 0.291 seconds
