[2022-09-24T01:04:06.604+0000] {processor.py:156} INFO - Started process (PID=32075) to work on /home/airflow/.local/lib/python3.7/site-packages/airflow/example_dags/example_kubernetes_executor.py
[2022-09-24T01:04:06.608+0000] {processor.py:758} INFO - Processing file /home/airflow/.local/lib/python3.7/site-packages/airflow/example_dags/example_kubernetes_executor.py for tasks to queue
[2022-09-24T01:04:06.611+0000] {logging_mixin.py:117} INFO - [2022-09-24T01:04:06.610+0000] {dagbag.py:525} INFO - Filling up the DagBag from /home/airflow/.local/lib/python3.7/site-packages/airflow/example_dags/example_kubernetes_executor.py
[2022-09-24T01:04:06.921+0000] {processor.py:768} INFO - DAG(s) dict_keys(['example_kubernetes_executor']) retrieved from /home/airflow/.local/lib/python3.7/site-packages/airflow/example_dags/example_kubernetes_executor.py
[2022-09-24T01:04:07.029+0000] {logging_mixin.py:117} INFO - [2022-09-24T01:04:07.029+0000] {dag.py:2573} INFO - Sync 1 DAGs
[2022-09-24T01:04:07.066+0000] {logging_mixin.py:117} INFO - [2022-09-24T01:04:07.066+0000] {dag.py:3328} INFO - Setting next_dagrun for example_kubernetes_executor to None, run_after=None
[2022-09-24T01:04:07.122+0000] {processor.py:178} INFO - Processing /home/airflow/.local/lib/python3.7/site-packages/airflow/example_dags/example_kubernetes_executor.py took 0.520 seconds
[2022-09-24T02:26:58.522+0000] {processor.py:156} INFO - Started process (PID=32138) to work on /home/airflow/.local/lib/python3.7/site-packages/airflow/example_dags/example_kubernetes_executor.py
[2022-09-24T02:26:58.523+0000] {processor.py:758} INFO - Processing file /home/airflow/.local/lib/python3.7/site-packages/airflow/example_dags/example_kubernetes_executor.py for tasks to queue
[2022-09-24T02:26:58.525+0000] {logging_mixin.py:117} INFO - [2022-09-24T02:26:58.525+0000] {dagbag.py:525} INFO - Filling up the DagBag from /home/airflow/.local/lib/python3.7/site-packages/airflow/example_dags/example_kubernetes_executor.py
[2022-09-24T02:26:58.541+0000] {processor.py:768} INFO - DAG(s) dict_keys(['example_kubernetes_executor']) retrieved from /home/airflow/.local/lib/python3.7/site-packages/airflow/example_dags/example_kubernetes_executor.py
[2022-09-24T02:26:58.568+0000] {logging_mixin.py:117} INFO - [2022-09-24T02:26:58.568+0000] {dag.py:2573} INFO - Sync 1 DAGs
[2022-09-24T02:26:58.582+0000] {logging_mixin.py:117} INFO - [2022-09-24T02:26:58.582+0000] {dag.py:3328} INFO - Setting next_dagrun for example_kubernetes_executor to None, run_after=None
[2022-09-24T02:26:58.593+0000] {processor.py:178} INFO - Processing /home/airflow/.local/lib/python3.7/site-packages/airflow/example_dags/example_kubernetes_executor.py took 0.073 seconds
[2022-09-24T03:23:58.056+0000] {processor.py:156} INFO - Started process (PID=32201) to work on /home/airflow/.local/lib/python3.7/site-packages/airflow/example_dags/example_kubernetes_executor.py
[2022-09-24T03:23:58.058+0000] {processor.py:758} INFO - Processing file /home/airflow/.local/lib/python3.7/site-packages/airflow/example_dags/example_kubernetes_executor.py for tasks to queue
[2022-09-24T03:23:58.059+0000] {logging_mixin.py:117} INFO - [2022-09-24T03:23:58.059+0000] {dagbag.py:525} INFO - Filling up the DagBag from /home/airflow/.local/lib/python3.7/site-packages/airflow/example_dags/example_kubernetes_executor.py
[2022-09-24T03:23:58.089+0000] {processor.py:768} INFO - DAG(s) dict_keys(['example_kubernetes_executor']) retrieved from /home/airflow/.local/lib/python3.7/site-packages/airflow/example_dags/example_kubernetes_executor.py
[2022-09-24T03:23:58.120+0000] {logging_mixin.py:117} INFO - [2022-09-24T03:23:58.120+0000] {dag.py:2573} INFO - Sync 1 DAGs
[2022-09-24T03:23:58.139+0000] {logging_mixin.py:117} INFO - [2022-09-24T03:23:58.139+0000] {dag.py:3328} INFO - Setting next_dagrun for example_kubernetes_executor to None, run_after=None
[2022-09-24T03:23:58.159+0000] {processor.py:178} INFO - Processing /home/airflow/.local/lib/python3.7/site-packages/airflow/example_dags/example_kubernetes_executor.py took 0.106 seconds
[2022-09-24T04:29:24.113+0000] {processor.py:156} INFO - Started process (PID=32266) to work on /home/airflow/.local/lib/python3.7/site-packages/airflow/example_dags/example_kubernetes_executor.py
[2022-09-24T04:29:24.117+0000] {processor.py:758} INFO - Processing file /home/airflow/.local/lib/python3.7/site-packages/airflow/example_dags/example_kubernetes_executor.py for tasks to queue
[2022-09-24T04:29:24.119+0000] {logging_mixin.py:117} INFO - [2022-09-24T04:29:24.118+0000] {dagbag.py:525} INFO - Filling up the DagBag from /home/airflow/.local/lib/python3.7/site-packages/airflow/example_dags/example_kubernetes_executor.py
[2022-09-24T04:29:24.153+0000] {processor.py:768} INFO - DAG(s) dict_keys(['example_kubernetes_executor']) retrieved from /home/airflow/.local/lib/python3.7/site-packages/airflow/example_dags/example_kubernetes_executor.py
[2022-09-24T04:29:24.191+0000] {logging_mixin.py:117} INFO - [2022-09-24T04:29:24.191+0000] {dag.py:2573} INFO - Sync 1 DAGs
[2022-09-24T04:29:24.216+0000] {logging_mixin.py:117} INFO - [2022-09-24T04:29:24.216+0000] {dag.py:3328} INFO - Setting next_dagrun for example_kubernetes_executor to None, run_after=None
[2022-09-24T04:29:24.237+0000] {processor.py:178} INFO - Processing /home/airflow/.local/lib/python3.7/site-packages/airflow/example_dags/example_kubernetes_executor.py took 0.130 seconds
[2022-09-24T05:38:04.235+0000] {processor.py:156} INFO - Started process (PID=32320) to work on /home/airflow/.local/lib/python3.7/site-packages/airflow/example_dags/example_kubernetes_executor.py
[2022-09-24T05:38:04.239+0000] {processor.py:758} INFO - Processing file /home/airflow/.local/lib/python3.7/site-packages/airflow/example_dags/example_kubernetes_executor.py for tasks to queue
[2022-09-24T05:38:04.243+0000] {logging_mixin.py:117} INFO - [2022-09-24T05:38:04.243+0000] {dagbag.py:525} INFO - Filling up the DagBag from /home/airflow/.local/lib/python3.7/site-packages/airflow/example_dags/example_kubernetes_executor.py
[2022-09-24T05:38:04.309+0000] {processor.py:768} INFO - DAG(s) dict_keys(['example_kubernetes_executor']) retrieved from /home/airflow/.local/lib/python3.7/site-packages/airflow/example_dags/example_kubernetes_executor.py
[2022-09-24T05:38:04.373+0000] {logging_mixin.py:117} INFO - [2022-09-24T05:38:04.373+0000] {dag.py:2573} INFO - Sync 1 DAGs
[2022-09-24T05:38:04.408+0000] {logging_mixin.py:117} INFO - [2022-09-24T05:38:04.408+0000] {dag.py:3328} INFO - Setting next_dagrun for example_kubernetes_executor to None, run_after=None
[2022-09-24T05:38:04.437+0000] {processor.py:178} INFO - Processing /home/airflow/.local/lib/python3.7/site-packages/airflow/example_dags/example_kubernetes_executor.py took 0.215 seconds
[2022-09-24T06:55:19.113+0000] {processor.py:156} INFO - Started process (PID=32383) to work on /home/airflow/.local/lib/python3.7/site-packages/airflow/example_dags/example_kubernetes_executor.py
[2022-09-24T06:55:19.119+0000] {processor.py:758} INFO - Processing file /home/airflow/.local/lib/python3.7/site-packages/airflow/example_dags/example_kubernetes_executor.py for tasks to queue
[2022-09-24T06:55:19.121+0000] {logging_mixin.py:117} INFO - [2022-09-24T06:55:19.120+0000] {dagbag.py:525} INFO - Filling up the DagBag from /home/airflow/.local/lib/python3.7/site-packages/airflow/example_dags/example_kubernetes_executor.py
[2022-09-24T06:55:19.161+0000] {processor.py:768} INFO - DAG(s) dict_keys(['example_kubernetes_executor']) retrieved from /home/airflow/.local/lib/python3.7/site-packages/airflow/example_dags/example_kubernetes_executor.py
[2022-09-24T06:55:19.222+0000] {logging_mixin.py:117} INFO - [2022-09-24T06:55:19.222+0000] {dag.py:2573} INFO - Sync 1 DAGs
[2022-09-24T06:55:19.264+0000] {logging_mixin.py:117} INFO - [2022-09-24T06:55:19.264+0000] {dag.py:3328} INFO - Setting next_dagrun for example_kubernetes_executor to None, run_after=None
[2022-09-24T06:55:19.287+0000] {processor.py:178} INFO - Processing /home/airflow/.local/lib/python3.7/site-packages/airflow/example_dags/example_kubernetes_executor.py took 0.178 seconds
[2022-09-24T07:36:22.167+0000] {processor.py:156} INFO - Started process (PID=32446) to work on /home/airflow/.local/lib/python3.7/site-packages/airflow/example_dags/example_kubernetes_executor.py
[2022-09-24T07:36:22.172+0000] {processor.py:758} INFO - Processing file /home/airflow/.local/lib/python3.7/site-packages/airflow/example_dags/example_kubernetes_executor.py for tasks to queue
[2022-09-24T07:36:22.174+0000] {logging_mixin.py:117} INFO - [2022-09-24T07:36:22.174+0000] {dagbag.py:525} INFO - Filling up the DagBag from /home/airflow/.local/lib/python3.7/site-packages/airflow/example_dags/example_kubernetes_executor.py
[2022-09-24T07:36:22.219+0000] {processor.py:768} INFO - DAG(s) dict_keys(['example_kubernetes_executor']) retrieved from /home/airflow/.local/lib/python3.7/site-packages/airflow/example_dags/example_kubernetes_executor.py
[2022-09-24T07:36:22.249+0000] {logging_mixin.py:117} INFO - [2022-09-24T07:36:22.249+0000] {dag.py:2573} INFO - Sync 1 DAGs
[2022-09-24T07:36:22.266+0000] {logging_mixin.py:117} INFO - [2022-09-24T07:36:22.266+0000] {dag.py:3328} INFO - Setting next_dagrun for example_kubernetes_executor to None, run_after=None
[2022-09-24T07:36:22.279+0000] {processor.py:178} INFO - Processing /home/airflow/.local/lib/python3.7/site-packages/airflow/example_dags/example_kubernetes_executor.py took 0.115 seconds
[2022-09-24T07:39:15.459+0000] {processor.py:156} INFO - Started process (PID=32509) to work on /home/airflow/.local/lib/python3.7/site-packages/airflow/example_dags/example_kubernetes_executor.py
[2022-09-24T07:39:15.463+0000] {processor.py:758} INFO - Processing file /home/airflow/.local/lib/python3.7/site-packages/airflow/example_dags/example_kubernetes_executor.py for tasks to queue
[2022-09-24T07:39:15.465+0000] {logging_mixin.py:117} INFO - [2022-09-24T07:39:15.465+0000] {dagbag.py:525} INFO - Filling up the DagBag from /home/airflow/.local/lib/python3.7/site-packages/airflow/example_dags/example_kubernetes_executor.py
[2022-09-24T07:39:15.506+0000] {processor.py:768} INFO - DAG(s) dict_keys(['example_kubernetes_executor']) retrieved from /home/airflow/.local/lib/python3.7/site-packages/airflow/example_dags/example_kubernetes_executor.py
[2022-09-24T07:39:15.563+0000] {logging_mixin.py:117} INFO - [2022-09-24T07:39:15.563+0000] {dag.py:2573} INFO - Sync 1 DAGs
[2022-09-24T07:39:15.587+0000] {logging_mixin.py:117} INFO - [2022-09-24T07:39:15.587+0000] {dag.py:3328} INFO - Setting next_dagrun for example_kubernetes_executor to None, run_after=None
[2022-09-24T07:39:15.611+0000] {processor.py:178} INFO - Processing /home/airflow/.local/lib/python3.7/site-packages/airflow/example_dags/example_kubernetes_executor.py took 0.163 seconds
[2022-09-24T07:39:46.087+0000] {processor.py:156} INFO - Started process (PID=32572) to work on /home/airflow/.local/lib/python3.7/site-packages/airflow/example_dags/example_kubernetes_executor.py
[2022-09-24T07:39:46.094+0000] {processor.py:758} INFO - Processing file /home/airflow/.local/lib/python3.7/site-packages/airflow/example_dags/example_kubernetes_executor.py for tasks to queue
[2022-09-24T07:39:46.095+0000] {logging_mixin.py:117} INFO - [2022-09-24T07:39:46.095+0000] {dagbag.py:525} INFO - Filling up the DagBag from /home/airflow/.local/lib/python3.7/site-packages/airflow/example_dags/example_kubernetes_executor.py
[2022-09-24T07:39:46.116+0000] {processor.py:768} INFO - DAG(s) dict_keys(['example_kubernetes_executor']) retrieved from /home/airflow/.local/lib/python3.7/site-packages/airflow/example_dags/example_kubernetes_executor.py
[2022-09-24T07:39:46.150+0000] {logging_mixin.py:117} INFO - [2022-09-24T07:39:46.149+0000] {dag.py:2573} INFO - Sync 1 DAGs
[2022-09-24T07:39:46.165+0000] {logging_mixin.py:117} INFO - [2022-09-24T07:39:46.165+0000] {dag.py:3328} INFO - Setting next_dagrun for example_kubernetes_executor to None, run_after=None
[2022-09-24T07:39:46.178+0000] {processor.py:178} INFO - Processing /home/airflow/.local/lib/python3.7/site-packages/airflow/example_dags/example_kubernetes_executor.py took 0.095 seconds
[2022-09-24T07:40:16.299+0000] {processor.py:156} INFO - Started process (PID=32627) to work on /home/airflow/.local/lib/python3.7/site-packages/airflow/example_dags/example_kubernetes_executor.py
[2022-09-24T07:40:16.303+0000] {processor.py:758} INFO - Processing file /home/airflow/.local/lib/python3.7/site-packages/airflow/example_dags/example_kubernetes_executor.py for tasks to queue
[2022-09-24T07:40:16.303+0000] {logging_mixin.py:117} INFO - [2022-09-24T07:40:16.303+0000] {dagbag.py:525} INFO - Filling up the DagBag from /home/airflow/.local/lib/python3.7/site-packages/airflow/example_dags/example_kubernetes_executor.py
[2022-09-24T07:40:16.325+0000] {processor.py:768} INFO - DAG(s) dict_keys(['example_kubernetes_executor']) retrieved from /home/airflow/.local/lib/python3.7/site-packages/airflow/example_dags/example_kubernetes_executor.py
[2022-09-24T07:40:16.352+0000] {logging_mixin.py:117} INFO - [2022-09-24T07:40:16.352+0000] {dag.py:2573} INFO - Sync 1 DAGs
[2022-09-24T07:40:16.366+0000] {logging_mixin.py:117} INFO - [2022-09-24T07:40:16.366+0000] {dag.py:3328} INFO - Setting next_dagrun for example_kubernetes_executor to None, run_after=None
[2022-09-24T07:40:16.381+0000] {processor.py:178} INFO - Processing /home/airflow/.local/lib/python3.7/site-packages/airflow/example_dags/example_kubernetes_executor.py took 0.085 seconds
[2022-09-24T07:40:46.628+0000] {processor.py:156} INFO - Started process (PID=32691) to work on /home/airflow/.local/lib/python3.7/site-packages/airflow/example_dags/example_kubernetes_executor.py
[2022-09-24T07:40:46.630+0000] {processor.py:758} INFO - Processing file /home/airflow/.local/lib/python3.7/site-packages/airflow/example_dags/example_kubernetes_executor.py for tasks to queue
[2022-09-24T07:40:46.631+0000] {logging_mixin.py:117} INFO - [2022-09-24T07:40:46.630+0000] {dagbag.py:525} INFO - Filling up the DagBag from /home/airflow/.local/lib/python3.7/site-packages/airflow/example_dags/example_kubernetes_executor.py
[2022-09-24T07:40:46.650+0000] {processor.py:768} INFO - DAG(s) dict_keys(['example_kubernetes_executor']) retrieved from /home/airflow/.local/lib/python3.7/site-packages/airflow/example_dags/example_kubernetes_executor.py
[2022-09-24T07:40:46.676+0000] {logging_mixin.py:117} INFO - [2022-09-24T07:40:46.676+0000] {dag.py:2573} INFO - Sync 1 DAGs
[2022-09-24T07:40:46.691+0000] {logging_mixin.py:117} INFO - [2022-09-24T07:40:46.691+0000] {dag.py:3328} INFO - Setting next_dagrun for example_kubernetes_executor to None, run_after=None
[2022-09-24T07:40:46.703+0000] {processor.py:178} INFO - Processing /home/airflow/.local/lib/python3.7/site-packages/airflow/example_dags/example_kubernetes_executor.py took 0.077 seconds
[2022-09-24T07:41:17.168+0000] {processor.py:156} INFO - Started process (PID=32754) to work on /home/airflow/.local/lib/python3.7/site-packages/airflow/example_dags/example_kubernetes_executor.py
[2022-09-24T07:41:17.170+0000] {processor.py:758} INFO - Processing file /home/airflow/.local/lib/python3.7/site-packages/airflow/example_dags/example_kubernetes_executor.py for tasks to queue
[2022-09-24T07:41:17.171+0000] {logging_mixin.py:117} INFO - [2022-09-24T07:41:17.171+0000] {dagbag.py:525} INFO - Filling up the DagBag from /home/airflow/.local/lib/python3.7/site-packages/airflow/example_dags/example_kubernetes_executor.py
[2022-09-24T07:41:17.188+0000] {processor.py:768} INFO - DAG(s) dict_keys(['example_kubernetes_executor']) retrieved from /home/airflow/.local/lib/python3.7/site-packages/airflow/example_dags/example_kubernetes_executor.py
[2022-09-24T07:41:17.212+0000] {logging_mixin.py:117} INFO - [2022-09-24T07:41:17.212+0000] {dag.py:2573} INFO - Sync 1 DAGs
[2022-09-24T07:41:17.228+0000] {logging_mixin.py:117} INFO - [2022-09-24T07:41:17.228+0000] {dag.py:3328} INFO - Setting next_dagrun for example_kubernetes_executor to None, run_after=None
[2022-09-24T07:41:17.239+0000] {processor.py:178} INFO - Processing /home/airflow/.local/lib/python3.7/site-packages/airflow/example_dags/example_kubernetes_executor.py took 0.073 seconds
[2022-09-24T07:41:47.601+0000] {processor.py:156} INFO - Started process (PID=32817) to work on /home/airflow/.local/lib/python3.7/site-packages/airflow/example_dags/example_kubernetes_executor.py
[2022-09-24T07:41:47.603+0000] {processor.py:758} INFO - Processing file /home/airflow/.local/lib/python3.7/site-packages/airflow/example_dags/example_kubernetes_executor.py for tasks to queue
[2022-09-24T07:41:47.604+0000] {logging_mixin.py:117} INFO - [2022-09-24T07:41:47.604+0000] {dagbag.py:525} INFO - Filling up the DagBag from /home/airflow/.local/lib/python3.7/site-packages/airflow/example_dags/example_kubernetes_executor.py
[2022-09-24T07:41:47.621+0000] {processor.py:768} INFO - DAG(s) dict_keys(['example_kubernetes_executor']) retrieved from /home/airflow/.local/lib/python3.7/site-packages/airflow/example_dags/example_kubernetes_executor.py
[2022-09-24T07:41:47.646+0000] {logging_mixin.py:117} INFO - [2022-09-24T07:41:47.646+0000] {dag.py:2573} INFO - Sync 1 DAGs
[2022-09-24T07:41:47.659+0000] {logging_mixin.py:117} INFO - [2022-09-24T07:41:47.659+0000] {dag.py:3328} INFO - Setting next_dagrun for example_kubernetes_executor to None, run_after=None
[2022-09-24T07:41:47.669+0000] {processor.py:178} INFO - Processing /home/airflow/.local/lib/python3.7/site-packages/airflow/example_dags/example_kubernetes_executor.py took 0.070 seconds
[2022-09-24T07:42:17.799+0000] {processor.py:156} INFO - Started process (PID=32880) to work on /home/airflow/.local/lib/python3.7/site-packages/airflow/example_dags/example_kubernetes_executor.py
[2022-09-24T07:42:17.801+0000] {processor.py:758} INFO - Processing file /home/airflow/.local/lib/python3.7/site-packages/airflow/example_dags/example_kubernetes_executor.py for tasks to queue
[2022-09-24T07:42:17.802+0000] {logging_mixin.py:117} INFO - [2022-09-24T07:42:17.802+0000] {dagbag.py:525} INFO - Filling up the DagBag from /home/airflow/.local/lib/python3.7/site-packages/airflow/example_dags/example_kubernetes_executor.py
[2022-09-24T07:42:17.818+0000] {processor.py:768} INFO - DAG(s) dict_keys(['example_kubernetes_executor']) retrieved from /home/airflow/.local/lib/python3.7/site-packages/airflow/example_dags/example_kubernetes_executor.py
[2022-09-24T07:42:17.842+0000] {logging_mixin.py:117} INFO - [2022-09-24T07:42:17.842+0000] {dag.py:2573} INFO - Sync 1 DAGs
[2022-09-24T07:42:17.857+0000] {logging_mixin.py:117} INFO - [2022-09-24T07:42:17.857+0000] {dag.py:3328} INFO - Setting next_dagrun for example_kubernetes_executor to None, run_after=None
[2022-09-24T07:42:17.871+0000] {processor.py:178} INFO - Processing /home/airflow/.local/lib/python3.7/site-packages/airflow/example_dags/example_kubernetes_executor.py took 0.073 seconds
[2022-09-24T07:42:48.076+0000] {processor.py:156} INFO - Started process (PID=32943) to work on /home/airflow/.local/lib/python3.7/site-packages/airflow/example_dags/example_kubernetes_executor.py
[2022-09-24T07:42:48.078+0000] {processor.py:758} INFO - Processing file /home/airflow/.local/lib/python3.7/site-packages/airflow/example_dags/example_kubernetes_executor.py for tasks to queue
[2022-09-24T07:42:48.078+0000] {logging_mixin.py:117} INFO - [2022-09-24T07:42:48.078+0000] {dagbag.py:525} INFO - Filling up the DagBag from /home/airflow/.local/lib/python3.7/site-packages/airflow/example_dags/example_kubernetes_executor.py
[2022-09-24T07:42:48.095+0000] {processor.py:768} INFO - DAG(s) dict_keys(['example_kubernetes_executor']) retrieved from /home/airflow/.local/lib/python3.7/site-packages/airflow/example_dags/example_kubernetes_executor.py
[2022-09-24T07:42:48.119+0000] {logging_mixin.py:117} INFO - [2022-09-24T07:42:48.119+0000] {dag.py:2573} INFO - Sync 1 DAGs
[2022-09-24T07:42:48.133+0000] {logging_mixin.py:117} INFO - [2022-09-24T07:42:48.133+0000] {dag.py:3328} INFO - Setting next_dagrun for example_kubernetes_executor to None, run_after=None
[2022-09-24T07:42:48.144+0000] {processor.py:178} INFO - Processing /home/airflow/.local/lib/python3.7/site-packages/airflow/example_dags/example_kubernetes_executor.py took 0.070 seconds
[2022-09-24T07:43:18.292+0000] {processor.py:156} INFO - Started process (PID=32997) to work on /home/airflow/.local/lib/python3.7/site-packages/airflow/example_dags/example_kubernetes_executor.py
[2022-09-24T07:43:18.294+0000] {processor.py:758} INFO - Processing file /home/airflow/.local/lib/python3.7/site-packages/airflow/example_dags/example_kubernetes_executor.py for tasks to queue
[2022-09-24T07:43:18.296+0000] {logging_mixin.py:117} INFO - [2022-09-24T07:43:18.295+0000] {dagbag.py:525} INFO - Filling up the DagBag from /home/airflow/.local/lib/python3.7/site-packages/airflow/example_dags/example_kubernetes_executor.py
[2022-09-24T07:43:18.313+0000] {processor.py:768} INFO - DAG(s) dict_keys(['example_kubernetes_executor']) retrieved from /home/airflow/.local/lib/python3.7/site-packages/airflow/example_dags/example_kubernetes_executor.py
[2022-09-24T07:43:18.337+0000] {logging_mixin.py:117} INFO - [2022-09-24T07:43:18.337+0000] {dag.py:2573} INFO - Sync 1 DAGs
[2022-09-24T07:43:18.350+0000] {logging_mixin.py:117} INFO - [2022-09-24T07:43:18.350+0000] {dag.py:3328} INFO - Setting next_dagrun for example_kubernetes_executor to None, run_after=None
[2022-09-24T07:43:18.362+0000] {processor.py:178} INFO - Processing /home/airflow/.local/lib/python3.7/site-packages/airflow/example_dags/example_kubernetes_executor.py took 0.072 seconds
[2022-09-24T07:43:48.585+0000] {processor.py:156} INFO - Started process (PID=33060) to work on /home/airflow/.local/lib/python3.7/site-packages/airflow/example_dags/example_kubernetes_executor.py
[2022-09-24T07:43:48.586+0000] {processor.py:758} INFO - Processing file /home/airflow/.local/lib/python3.7/site-packages/airflow/example_dags/example_kubernetes_executor.py for tasks to queue
[2022-09-24T07:43:48.587+0000] {logging_mixin.py:117} INFO - [2022-09-24T07:43:48.587+0000] {dagbag.py:525} INFO - Filling up the DagBag from /home/airflow/.local/lib/python3.7/site-packages/airflow/example_dags/example_kubernetes_executor.py
[2022-09-24T07:43:48.604+0000] {processor.py:768} INFO - DAG(s) dict_keys(['example_kubernetes_executor']) retrieved from /home/airflow/.local/lib/python3.7/site-packages/airflow/example_dags/example_kubernetes_executor.py
[2022-09-24T07:43:48.630+0000] {logging_mixin.py:117} INFO - [2022-09-24T07:43:48.629+0000] {dag.py:2573} INFO - Sync 1 DAGs
[2022-09-24T07:43:48.642+0000] {logging_mixin.py:117} INFO - [2022-09-24T07:43:48.642+0000] {dag.py:3328} INFO - Setting next_dagrun for example_kubernetes_executor to None, run_after=None
[2022-09-24T07:43:48.653+0000] {processor.py:178} INFO - Processing /home/airflow/.local/lib/python3.7/site-packages/airflow/example_dags/example_kubernetes_executor.py took 0.070 seconds
[2022-09-24T07:44:18.817+0000] {processor.py:156} INFO - Started process (PID=33122) to work on /home/airflow/.local/lib/python3.7/site-packages/airflow/example_dags/example_kubernetes_executor.py
[2022-09-24T07:44:18.819+0000] {processor.py:758} INFO - Processing file /home/airflow/.local/lib/python3.7/site-packages/airflow/example_dags/example_kubernetes_executor.py for tasks to queue
[2022-09-24T07:44:18.819+0000] {logging_mixin.py:117} INFO - [2022-09-24T07:44:18.819+0000] {dagbag.py:525} INFO - Filling up the DagBag from /home/airflow/.local/lib/python3.7/site-packages/airflow/example_dags/example_kubernetes_executor.py
[2022-09-24T07:44:18.836+0000] {processor.py:768} INFO - DAG(s) dict_keys(['example_kubernetes_executor']) retrieved from /home/airflow/.local/lib/python3.7/site-packages/airflow/example_dags/example_kubernetes_executor.py
[2022-09-24T07:44:18.861+0000] {logging_mixin.py:117} INFO - [2022-09-24T07:44:18.861+0000] {dag.py:2573} INFO - Sync 1 DAGs
[2022-09-24T07:44:18.876+0000] {logging_mixin.py:117} INFO - [2022-09-24T07:44:18.875+0000] {dag.py:3328} INFO - Setting next_dagrun for example_kubernetes_executor to None, run_after=None
[2022-09-24T07:44:18.887+0000] {processor.py:178} INFO - Processing /home/airflow/.local/lib/python3.7/site-packages/airflow/example_dags/example_kubernetes_executor.py took 0.073 seconds
[2022-09-24T07:44:49.119+0000] {processor.py:156} INFO - Started process (PID=33186) to work on /home/airflow/.local/lib/python3.7/site-packages/airflow/example_dags/example_kubernetes_executor.py
[2022-09-24T07:44:49.121+0000] {processor.py:758} INFO - Processing file /home/airflow/.local/lib/python3.7/site-packages/airflow/example_dags/example_kubernetes_executor.py for tasks to queue
[2022-09-24T07:44:49.122+0000] {logging_mixin.py:117} INFO - [2022-09-24T07:44:49.122+0000] {dagbag.py:525} INFO - Filling up the DagBag from /home/airflow/.local/lib/python3.7/site-packages/airflow/example_dags/example_kubernetes_executor.py
[2022-09-24T07:44:49.140+0000] {processor.py:768} INFO - DAG(s) dict_keys(['example_kubernetes_executor']) retrieved from /home/airflow/.local/lib/python3.7/site-packages/airflow/example_dags/example_kubernetes_executor.py
[2022-09-24T07:44:49.167+0000] {logging_mixin.py:117} INFO - [2022-09-24T07:44:49.167+0000] {dag.py:2573} INFO - Sync 1 DAGs
[2022-09-24T07:44:49.182+0000] {logging_mixin.py:117} INFO - [2022-09-24T07:44:49.182+0000] {dag.py:3328} INFO - Setting next_dagrun for example_kubernetes_executor to None, run_after=None
[2022-09-24T07:44:49.194+0000] {processor.py:178} INFO - Processing /home/airflow/.local/lib/python3.7/site-packages/airflow/example_dags/example_kubernetes_executor.py took 0.077 seconds
[2022-09-24T07:45:19.436+0000] {processor.py:156} INFO - Started process (PID=33250) to work on /home/airflow/.local/lib/python3.7/site-packages/airflow/example_dags/example_kubernetes_executor.py
[2022-09-24T07:45:19.438+0000] {processor.py:758} INFO - Processing file /home/airflow/.local/lib/python3.7/site-packages/airflow/example_dags/example_kubernetes_executor.py for tasks to queue
[2022-09-24T07:45:19.439+0000] {logging_mixin.py:117} INFO - [2022-09-24T07:45:19.439+0000] {dagbag.py:525} INFO - Filling up the DagBag from /home/airflow/.local/lib/python3.7/site-packages/airflow/example_dags/example_kubernetes_executor.py
[2022-09-24T07:45:19.458+0000] {processor.py:768} INFO - DAG(s) dict_keys(['example_kubernetes_executor']) retrieved from /home/airflow/.local/lib/python3.7/site-packages/airflow/example_dags/example_kubernetes_executor.py
[2022-09-24T07:45:19.486+0000] {logging_mixin.py:117} INFO - [2022-09-24T07:45:19.486+0000] {dag.py:2573} INFO - Sync 1 DAGs
[2022-09-24T07:45:19.501+0000] {logging_mixin.py:117} INFO - [2022-09-24T07:45:19.501+0000] {dag.py:3328} INFO - Setting next_dagrun for example_kubernetes_executor to None, run_after=None
[2022-09-24T07:45:19.514+0000] {processor.py:178} INFO - Processing /home/airflow/.local/lib/python3.7/site-packages/airflow/example_dags/example_kubernetes_executor.py took 0.080 seconds
[2022-09-24T07:45:49.778+0000] {processor.py:156} INFO - Started process (PID=33313) to work on /home/airflow/.local/lib/python3.7/site-packages/airflow/example_dags/example_kubernetes_executor.py
[2022-09-24T07:45:49.779+0000] {processor.py:758} INFO - Processing file /home/airflow/.local/lib/python3.7/site-packages/airflow/example_dags/example_kubernetes_executor.py for tasks to queue
[2022-09-24T07:45:49.781+0000] {logging_mixin.py:117} INFO - [2022-09-24T07:45:49.780+0000] {dagbag.py:525} INFO - Filling up the DagBag from /home/airflow/.local/lib/python3.7/site-packages/airflow/example_dags/example_kubernetes_executor.py
[2022-09-24T07:45:49.798+0000] {processor.py:768} INFO - DAG(s) dict_keys(['example_kubernetes_executor']) retrieved from /home/airflow/.local/lib/python3.7/site-packages/airflow/example_dags/example_kubernetes_executor.py
[2022-09-24T07:45:49.824+0000] {logging_mixin.py:117} INFO - [2022-09-24T07:45:49.824+0000] {dag.py:2573} INFO - Sync 1 DAGs
[2022-09-24T07:45:49.839+0000] {logging_mixin.py:117} INFO - [2022-09-24T07:45:49.839+0000] {dag.py:3328} INFO - Setting next_dagrun for example_kubernetes_executor to None, run_after=None
[2022-09-24T07:45:49.851+0000] {processor.py:178} INFO - Processing /home/airflow/.local/lib/python3.7/site-packages/airflow/example_dags/example_kubernetes_executor.py took 0.075 seconds
[2022-09-24T07:46:20.026+0000] {processor.py:156} INFO - Started process (PID=33367) to work on /home/airflow/.local/lib/python3.7/site-packages/airflow/example_dags/example_kubernetes_executor.py
[2022-09-24T07:46:20.029+0000] {processor.py:758} INFO - Processing file /home/airflow/.local/lib/python3.7/site-packages/airflow/example_dags/example_kubernetes_executor.py for tasks to queue
[2022-09-24T07:46:20.029+0000] {logging_mixin.py:117} INFO - [2022-09-24T07:46:20.029+0000] {dagbag.py:525} INFO - Filling up the DagBag from /home/airflow/.local/lib/python3.7/site-packages/airflow/example_dags/example_kubernetes_executor.py
[2022-09-24T07:46:20.046+0000] {processor.py:768} INFO - DAG(s) dict_keys(['example_kubernetes_executor']) retrieved from /home/airflow/.local/lib/python3.7/site-packages/airflow/example_dags/example_kubernetes_executor.py
[2022-09-24T07:46:20.071+0000] {logging_mixin.py:117} INFO - [2022-09-24T07:46:20.071+0000] {dag.py:2573} INFO - Sync 1 DAGs
[2022-09-24T07:46:20.085+0000] {logging_mixin.py:117} INFO - [2022-09-24T07:46:20.085+0000] {dag.py:3328} INFO - Setting next_dagrun for example_kubernetes_executor to None, run_after=None
[2022-09-24T07:46:20.096+0000] {processor.py:178} INFO - Processing /home/airflow/.local/lib/python3.7/site-packages/airflow/example_dags/example_kubernetes_executor.py took 0.072 seconds
[2022-09-24T07:46:50.446+0000] {processor.py:156} INFO - Started process (PID=33430) to work on /home/airflow/.local/lib/python3.7/site-packages/airflow/example_dags/example_kubernetes_executor.py
[2022-09-24T07:46:50.447+0000] {processor.py:758} INFO - Processing file /home/airflow/.local/lib/python3.7/site-packages/airflow/example_dags/example_kubernetes_executor.py for tasks to queue
[2022-09-24T07:46:50.448+0000] {logging_mixin.py:117} INFO - [2022-09-24T07:46:50.448+0000] {dagbag.py:525} INFO - Filling up the DagBag from /home/airflow/.local/lib/python3.7/site-packages/airflow/example_dags/example_kubernetes_executor.py
[2022-09-24T07:46:50.465+0000] {processor.py:768} INFO - DAG(s) dict_keys(['example_kubernetes_executor']) retrieved from /home/airflow/.local/lib/python3.7/site-packages/airflow/example_dags/example_kubernetes_executor.py
[2022-09-24T07:46:50.489+0000] {logging_mixin.py:117} INFO - [2022-09-24T07:46:50.489+0000] {dag.py:2573} INFO - Sync 1 DAGs
[2022-09-24T07:46:50.502+0000] {logging_mixin.py:117} INFO - [2022-09-24T07:46:50.502+0000] {dag.py:3328} INFO - Setting next_dagrun for example_kubernetes_executor to None, run_after=None
[2022-09-24T07:46:50.514+0000] {processor.py:178} INFO - Processing /home/airflow/.local/lib/python3.7/site-packages/airflow/example_dags/example_kubernetes_executor.py took 0.070 seconds
[2022-09-24T08:22:48.945+0000] {processor.py:156} INFO - Started process (PID=33494) to work on /home/airflow/.local/lib/python3.7/site-packages/airflow/example_dags/example_kubernetes_executor.py
[2022-09-24T08:22:48.947+0000] {processor.py:758} INFO - Processing file /home/airflow/.local/lib/python3.7/site-packages/airflow/example_dags/example_kubernetes_executor.py for tasks to queue
[2022-09-24T08:22:48.949+0000] {logging_mixin.py:117} INFO - [2022-09-24T08:22:48.949+0000] {dagbag.py:525} INFO - Filling up the DagBag from /home/airflow/.local/lib/python3.7/site-packages/airflow/example_dags/example_kubernetes_executor.py
[2022-09-24T08:22:48.973+0000] {processor.py:768} INFO - DAG(s) dict_keys(['example_kubernetes_executor']) retrieved from /home/airflow/.local/lib/python3.7/site-packages/airflow/example_dags/example_kubernetes_executor.py
[2022-09-24T08:22:49.003+0000] {logging_mixin.py:117} INFO - [2022-09-24T08:22:49.003+0000] {dag.py:2573} INFO - Sync 1 DAGs
[2022-09-24T08:22:49.022+0000] {logging_mixin.py:117} INFO - [2022-09-24T08:22:49.022+0000] {dag.py:3328} INFO - Setting next_dagrun for example_kubernetes_executor to None, run_after=None
[2022-09-24T08:22:49.035+0000] {processor.py:178} INFO - Processing /home/airflow/.local/lib/python3.7/site-packages/airflow/example_dags/example_kubernetes_executor.py took 0.092 seconds
[2022-09-24T08:25:45.834+0000] {processor.py:156} INFO - Started process (PID=33548) to work on /home/airflow/.local/lib/python3.7/site-packages/airflow/example_dags/example_kubernetes_executor.py
[2022-09-24T08:25:45.837+0000] {processor.py:758} INFO - Processing file /home/airflow/.local/lib/python3.7/site-packages/airflow/example_dags/example_kubernetes_executor.py for tasks to queue
[2022-09-24T08:25:45.838+0000] {logging_mixin.py:117} INFO - [2022-09-24T08:25:45.838+0000] {dagbag.py:525} INFO - Filling up the DagBag from /home/airflow/.local/lib/python3.7/site-packages/airflow/example_dags/example_kubernetes_executor.py
[2022-09-24T08:25:45.895+0000] {processor.py:768} INFO - DAG(s) dict_keys(['example_kubernetes_executor']) retrieved from /home/airflow/.local/lib/python3.7/site-packages/airflow/example_dags/example_kubernetes_executor.py
[2022-09-24T08:25:45.937+0000] {logging_mixin.py:117} INFO - [2022-09-24T08:25:45.937+0000] {dag.py:2573} INFO - Sync 1 DAGs
[2022-09-24T08:25:45.970+0000] {logging_mixin.py:117} INFO - [2022-09-24T08:25:45.969+0000] {dag.py:3328} INFO - Setting next_dagrun for example_kubernetes_executor to None, run_after=None
[2022-09-24T08:25:46.006+0000] {processor.py:178} INFO - Processing /home/airflow/.local/lib/python3.7/site-packages/airflow/example_dags/example_kubernetes_executor.py took 0.175 seconds
[2022-09-24T08:26:16.827+0000] {processor.py:156} INFO - Started process (PID=33611) to work on /home/airflow/.local/lib/python3.7/site-packages/airflow/example_dags/example_kubernetes_executor.py
[2022-09-24T08:26:16.829+0000] {processor.py:758} INFO - Processing file /home/airflow/.local/lib/python3.7/site-packages/airflow/example_dags/example_kubernetes_executor.py for tasks to queue
[2022-09-24T08:26:16.830+0000] {logging_mixin.py:117} INFO - [2022-09-24T08:26:16.830+0000] {dagbag.py:525} INFO - Filling up the DagBag from /home/airflow/.local/lib/python3.7/site-packages/airflow/example_dags/example_kubernetes_executor.py
[2022-09-24T08:26:16.849+0000] {processor.py:768} INFO - DAG(s) dict_keys(['example_kubernetes_executor']) retrieved from /home/airflow/.local/lib/python3.7/site-packages/airflow/example_dags/example_kubernetes_executor.py
[2022-09-24T08:26:16.875+0000] {logging_mixin.py:117} INFO - [2022-09-24T08:26:16.875+0000] {dag.py:2573} INFO - Sync 1 DAGs
[2022-09-24T08:26:16.891+0000] {logging_mixin.py:117} INFO - [2022-09-24T08:26:16.890+0000] {dag.py:3328} INFO - Setting next_dagrun for example_kubernetes_executor to None, run_after=None
[2022-09-24T08:26:16.905+0000] {processor.py:178} INFO - Processing /home/airflow/.local/lib/python3.7/site-packages/airflow/example_dags/example_kubernetes_executor.py took 0.080 seconds
[2022-09-24T08:26:47.105+0000] {processor.py:156} INFO - Started process (PID=33674) to work on /home/airflow/.local/lib/python3.7/site-packages/airflow/example_dags/example_kubernetes_executor.py
[2022-09-24T08:26:47.107+0000] {processor.py:758} INFO - Processing file /home/airflow/.local/lib/python3.7/site-packages/airflow/example_dags/example_kubernetes_executor.py for tasks to queue
[2022-09-24T08:26:47.108+0000] {logging_mixin.py:117} INFO - [2022-09-24T08:26:47.108+0000] {dagbag.py:525} INFO - Filling up the DagBag from /home/airflow/.local/lib/python3.7/site-packages/airflow/example_dags/example_kubernetes_executor.py
[2022-09-24T08:26:47.124+0000] {processor.py:768} INFO - DAG(s) dict_keys(['example_kubernetes_executor']) retrieved from /home/airflow/.local/lib/python3.7/site-packages/airflow/example_dags/example_kubernetes_executor.py
[2022-09-24T08:26:47.149+0000] {logging_mixin.py:117} INFO - [2022-09-24T08:26:47.149+0000] {dag.py:2573} INFO - Sync 1 DAGs
[2022-09-24T08:26:47.164+0000] {logging_mixin.py:117} INFO - [2022-09-24T08:26:47.164+0000] {dag.py:3328} INFO - Setting next_dagrun for example_kubernetes_executor to None, run_after=None
[2022-09-24T08:26:47.176+0000] {processor.py:178} INFO - Processing /home/airflow/.local/lib/python3.7/site-packages/airflow/example_dags/example_kubernetes_executor.py took 0.073 seconds
[2022-09-24T08:27:17.410+0000] {processor.py:156} INFO - Started process (PID=33737) to work on /home/airflow/.local/lib/python3.7/site-packages/airflow/example_dags/example_kubernetes_executor.py
[2022-09-24T08:27:17.412+0000] {processor.py:758} INFO - Processing file /home/airflow/.local/lib/python3.7/site-packages/airflow/example_dags/example_kubernetes_executor.py for tasks to queue
[2022-09-24T08:27:17.413+0000] {logging_mixin.py:117} INFO - [2022-09-24T08:27:17.413+0000] {dagbag.py:525} INFO - Filling up the DagBag from /home/airflow/.local/lib/python3.7/site-packages/airflow/example_dags/example_kubernetes_executor.py
[2022-09-24T08:27:17.429+0000] {processor.py:768} INFO - DAG(s) dict_keys(['example_kubernetes_executor']) retrieved from /home/airflow/.local/lib/python3.7/site-packages/airflow/example_dags/example_kubernetes_executor.py
[2022-09-24T08:27:17.454+0000] {logging_mixin.py:117} INFO - [2022-09-24T08:27:17.454+0000] {dag.py:2573} INFO - Sync 1 DAGs
[2022-09-24T08:27:17.468+0000] {logging_mixin.py:117} INFO - [2022-09-24T08:27:17.468+0000] {dag.py:3328} INFO - Setting next_dagrun for example_kubernetes_executor to None, run_after=None
[2022-09-24T08:27:17.479+0000] {processor.py:178} INFO - Processing /home/airflow/.local/lib/python3.7/site-packages/airflow/example_dags/example_kubernetes_executor.py took 0.071 seconds
[2022-09-24T08:27:47.812+0000] {processor.py:156} INFO - Started process (PID=33799) to work on /home/airflow/.local/lib/python3.7/site-packages/airflow/example_dags/example_kubernetes_executor.py
[2022-09-24T08:27:47.814+0000] {processor.py:758} INFO - Processing file /home/airflow/.local/lib/python3.7/site-packages/airflow/example_dags/example_kubernetes_executor.py for tasks to queue
[2022-09-24T08:27:47.815+0000] {logging_mixin.py:117} INFO - [2022-09-24T08:27:47.815+0000] {dagbag.py:525} INFO - Filling up the DagBag from /home/airflow/.local/lib/python3.7/site-packages/airflow/example_dags/example_kubernetes_executor.py
[2022-09-24T08:27:47.832+0000] {processor.py:768} INFO - DAG(s) dict_keys(['example_kubernetes_executor']) retrieved from /home/airflow/.local/lib/python3.7/site-packages/airflow/example_dags/example_kubernetes_executor.py
[2022-09-24T08:27:47.857+0000] {logging_mixin.py:117} INFO - [2022-09-24T08:27:47.857+0000] {dag.py:2573} INFO - Sync 1 DAGs
[2022-09-24T08:27:47.871+0000] {logging_mixin.py:117} INFO - [2022-09-24T08:27:47.871+0000] {dag.py:3328} INFO - Setting next_dagrun for example_kubernetes_executor to None, run_after=None
[2022-09-24T08:27:47.883+0000] {processor.py:178} INFO - Processing /home/airflow/.local/lib/python3.7/site-packages/airflow/example_dags/example_kubernetes_executor.py took 0.074 seconds
[2022-09-24T08:28:18.032+0000] {processor.py:156} INFO - Started process (PID=33863) to work on /home/airflow/.local/lib/python3.7/site-packages/airflow/example_dags/example_kubernetes_executor.py
[2022-09-24T08:28:18.034+0000] {processor.py:758} INFO - Processing file /home/airflow/.local/lib/python3.7/site-packages/airflow/example_dags/example_kubernetes_executor.py for tasks to queue
[2022-09-24T08:28:18.035+0000] {logging_mixin.py:117} INFO - [2022-09-24T08:28:18.034+0000] {dagbag.py:525} INFO - Filling up the DagBag from /home/airflow/.local/lib/python3.7/site-packages/airflow/example_dags/example_kubernetes_executor.py
[2022-09-24T08:28:18.051+0000] {processor.py:768} INFO - DAG(s) dict_keys(['example_kubernetes_executor']) retrieved from /home/airflow/.local/lib/python3.7/site-packages/airflow/example_dags/example_kubernetes_executor.py
[2022-09-24T08:28:18.076+0000] {logging_mixin.py:117} INFO - [2022-09-24T08:28:18.076+0000] {dag.py:2573} INFO - Sync 1 DAGs
[2022-09-24T08:28:18.089+0000] {logging_mixin.py:117} INFO - [2022-09-24T08:28:18.089+0000] {dag.py:3328} INFO - Setting next_dagrun for example_kubernetes_executor to None, run_after=None
[2022-09-24T08:28:18.102+0000] {processor.py:178} INFO - Processing /home/airflow/.local/lib/python3.7/site-packages/airflow/example_dags/example_kubernetes_executor.py took 0.071 seconds
[2022-09-24T08:28:48.315+0000] {processor.py:156} INFO - Started process (PID=33917) to work on /home/airflow/.local/lib/python3.7/site-packages/airflow/example_dags/example_kubernetes_executor.py
[2022-09-24T08:28:48.317+0000] {processor.py:758} INFO - Processing file /home/airflow/.local/lib/python3.7/site-packages/airflow/example_dags/example_kubernetes_executor.py for tasks to queue
[2022-09-24T08:28:48.318+0000] {logging_mixin.py:117} INFO - [2022-09-24T08:28:48.318+0000] {dagbag.py:525} INFO - Filling up the DagBag from /home/airflow/.local/lib/python3.7/site-packages/airflow/example_dags/example_kubernetes_executor.py
[2022-09-24T08:28:48.335+0000] {processor.py:768} INFO - DAG(s) dict_keys(['example_kubernetes_executor']) retrieved from /home/airflow/.local/lib/python3.7/site-packages/airflow/example_dags/example_kubernetes_executor.py
[2022-09-24T08:28:48.359+0000] {logging_mixin.py:117} INFO - [2022-09-24T08:28:48.359+0000] {dag.py:2573} INFO - Sync 1 DAGs
[2022-09-24T08:28:48.373+0000] {logging_mixin.py:117} INFO - [2022-09-24T08:28:48.373+0000] {dag.py:3328} INFO - Setting next_dagrun for example_kubernetes_executor to None, run_after=None
[2022-09-24T08:28:48.385+0000] {processor.py:178} INFO - Processing /home/airflow/.local/lib/python3.7/site-packages/airflow/example_dags/example_kubernetes_executor.py took 0.072 seconds
[2022-09-24T08:29:18.660+0000] {processor.py:156} INFO - Started process (PID=33980) to work on /home/airflow/.local/lib/python3.7/site-packages/airflow/example_dags/example_kubernetes_executor.py
[2022-09-24T08:29:18.661+0000] {processor.py:758} INFO - Processing file /home/airflow/.local/lib/python3.7/site-packages/airflow/example_dags/example_kubernetes_executor.py for tasks to queue
[2022-09-24T08:29:18.662+0000] {logging_mixin.py:117} INFO - [2022-09-24T08:29:18.662+0000] {dagbag.py:525} INFO - Filling up the DagBag from /home/airflow/.local/lib/python3.7/site-packages/airflow/example_dags/example_kubernetes_executor.py
[2022-09-24T08:29:18.678+0000] {processor.py:768} INFO - DAG(s) dict_keys(['example_kubernetes_executor']) retrieved from /home/airflow/.local/lib/python3.7/site-packages/airflow/example_dags/example_kubernetes_executor.py
[2022-09-24T08:29:18.703+0000] {logging_mixin.py:117} INFO - [2022-09-24T08:29:18.703+0000] {dag.py:2573} INFO - Sync 1 DAGs
[2022-09-24T08:29:18.716+0000] {logging_mixin.py:117} INFO - [2022-09-24T08:29:18.716+0000] {dag.py:3328} INFO - Setting next_dagrun for example_kubernetes_executor to None, run_after=None
[2022-09-24T08:29:18.727+0000] {processor.py:178} INFO - Processing /home/airflow/.local/lib/python3.7/site-packages/airflow/example_dags/example_kubernetes_executor.py took 0.069 seconds
[2022-09-24T08:29:49.178+0000] {processor.py:156} INFO - Started process (PID=34044) to work on /home/airflow/.local/lib/python3.7/site-packages/airflow/example_dags/example_kubernetes_executor.py
[2022-09-24T08:29:49.180+0000] {processor.py:758} INFO - Processing file /home/airflow/.local/lib/python3.7/site-packages/airflow/example_dags/example_kubernetes_executor.py for tasks to queue
[2022-09-24T08:29:49.181+0000] {logging_mixin.py:117} INFO - [2022-09-24T08:29:49.180+0000] {dagbag.py:525} INFO - Filling up the DagBag from /home/airflow/.local/lib/python3.7/site-packages/airflow/example_dags/example_kubernetes_executor.py
[2022-09-24T08:29:49.197+0000] {processor.py:768} INFO - DAG(s) dict_keys(['example_kubernetes_executor']) retrieved from /home/airflow/.local/lib/python3.7/site-packages/airflow/example_dags/example_kubernetes_executor.py
[2022-09-24T08:29:49.221+0000] {logging_mixin.py:117} INFO - [2022-09-24T08:29:49.221+0000] {dag.py:2573} INFO - Sync 1 DAGs
[2022-09-24T08:29:49.234+0000] {logging_mixin.py:117} INFO - [2022-09-24T08:29:49.234+0000] {dag.py:3328} INFO - Setting next_dagrun for example_kubernetes_executor to None, run_after=None
[2022-09-24T08:29:49.245+0000] {processor.py:178} INFO - Processing /home/airflow/.local/lib/python3.7/site-packages/airflow/example_dags/example_kubernetes_executor.py took 0.069 seconds
[2022-09-24T08:30:19.479+0000] {processor.py:156} INFO - Started process (PID=34107) to work on /home/airflow/.local/lib/python3.7/site-packages/airflow/example_dags/example_kubernetes_executor.py
[2022-09-24T08:30:19.480+0000] {processor.py:758} INFO - Processing file /home/airflow/.local/lib/python3.7/site-packages/airflow/example_dags/example_kubernetes_executor.py for tasks to queue
[2022-09-24T08:30:19.482+0000] {logging_mixin.py:117} INFO - [2022-09-24T08:30:19.482+0000] {dagbag.py:525} INFO - Filling up the DagBag from /home/airflow/.local/lib/python3.7/site-packages/airflow/example_dags/example_kubernetes_executor.py
[2022-09-24T08:30:19.499+0000] {processor.py:768} INFO - DAG(s) dict_keys(['example_kubernetes_executor']) retrieved from /home/airflow/.local/lib/python3.7/site-packages/airflow/example_dags/example_kubernetes_executor.py
[2022-09-24T08:30:19.523+0000] {logging_mixin.py:117} INFO - [2022-09-24T08:30:19.523+0000] {dag.py:2573} INFO - Sync 1 DAGs
[2022-09-24T08:30:19.537+0000] {logging_mixin.py:117} INFO - [2022-09-24T08:30:19.537+0000] {dag.py:3328} INFO - Setting next_dagrun for example_kubernetes_executor to None, run_after=None
[2022-09-24T08:30:19.548+0000] {processor.py:178} INFO - Processing /home/airflow/.local/lib/python3.7/site-packages/airflow/example_dags/example_kubernetes_executor.py took 0.072 seconds
[2022-09-24T08:30:49.765+0000] {processor.py:156} INFO - Started process (PID=34171) to work on /home/airflow/.local/lib/python3.7/site-packages/airflow/example_dags/example_kubernetes_executor.py
[2022-09-24T08:30:49.766+0000] {processor.py:758} INFO - Processing file /home/airflow/.local/lib/python3.7/site-packages/airflow/example_dags/example_kubernetes_executor.py for tasks to queue
[2022-09-24T08:30:49.767+0000] {logging_mixin.py:117} INFO - [2022-09-24T08:30:49.767+0000] {dagbag.py:525} INFO - Filling up the DagBag from /home/airflow/.local/lib/python3.7/site-packages/airflow/example_dags/example_kubernetes_executor.py
[2022-09-24T08:30:49.784+0000] {processor.py:768} INFO - DAG(s) dict_keys(['example_kubernetes_executor']) retrieved from /home/airflow/.local/lib/python3.7/site-packages/airflow/example_dags/example_kubernetes_executor.py
[2022-09-24T08:30:49.807+0000] {logging_mixin.py:117} INFO - [2022-09-24T08:30:49.807+0000] {dag.py:2573} INFO - Sync 1 DAGs
[2022-09-24T08:30:49.821+0000] {logging_mixin.py:117} INFO - [2022-09-24T08:30:49.821+0000] {dag.py:3328} INFO - Setting next_dagrun for example_kubernetes_executor to None, run_after=None
[2022-09-24T08:30:49.832+0000] {processor.py:178} INFO - Processing /home/airflow/.local/lib/python3.7/site-packages/airflow/example_dags/example_kubernetes_executor.py took 0.069 seconds
[2022-09-24T08:31:20.094+0000] {processor.py:156} INFO - Started process (PID=34234) to work on /home/airflow/.local/lib/python3.7/site-packages/airflow/example_dags/example_kubernetes_executor.py
[2022-09-24T08:31:20.095+0000] {processor.py:758} INFO - Processing file /home/airflow/.local/lib/python3.7/site-packages/airflow/example_dags/example_kubernetes_executor.py for tasks to queue
[2022-09-24T08:31:20.097+0000] {logging_mixin.py:117} INFO - [2022-09-24T08:31:20.097+0000] {dagbag.py:525} INFO - Filling up the DagBag from /home/airflow/.local/lib/python3.7/site-packages/airflow/example_dags/example_kubernetes_executor.py
[2022-09-24T08:31:20.113+0000] {processor.py:768} INFO - DAG(s) dict_keys(['example_kubernetes_executor']) retrieved from /home/airflow/.local/lib/python3.7/site-packages/airflow/example_dags/example_kubernetes_executor.py
[2022-09-24T08:31:20.138+0000] {logging_mixin.py:117} INFO - [2022-09-24T08:31:20.138+0000] {dag.py:2573} INFO - Sync 1 DAGs
[2022-09-24T08:31:20.152+0000] {logging_mixin.py:117} INFO - [2022-09-24T08:31:20.152+0000] {dag.py:3328} INFO - Setting next_dagrun for example_kubernetes_executor to None, run_after=None
[2022-09-24T08:31:20.163+0000] {processor.py:178} INFO - Processing /home/airflow/.local/lib/python3.7/site-packages/airflow/example_dags/example_kubernetes_executor.py took 0.071 seconds
[2022-09-24T08:31:50.293+0000] {processor.py:156} INFO - Started process (PID=34287) to work on /home/airflow/.local/lib/python3.7/site-packages/airflow/example_dags/example_kubernetes_executor.py
[2022-09-24T08:31:50.294+0000] {processor.py:758} INFO - Processing file /home/airflow/.local/lib/python3.7/site-packages/airflow/example_dags/example_kubernetes_executor.py for tasks to queue
[2022-09-24T08:31:50.295+0000] {logging_mixin.py:117} INFO - [2022-09-24T08:31:50.295+0000] {dagbag.py:525} INFO - Filling up the DagBag from /home/airflow/.local/lib/python3.7/site-packages/airflow/example_dags/example_kubernetes_executor.py
[2022-09-24T08:31:50.312+0000] {processor.py:768} INFO - DAG(s) dict_keys(['example_kubernetes_executor']) retrieved from /home/airflow/.local/lib/python3.7/site-packages/airflow/example_dags/example_kubernetes_executor.py
[2022-09-24T08:31:50.337+0000] {logging_mixin.py:117} INFO - [2022-09-24T08:31:50.336+0000] {dag.py:2573} INFO - Sync 1 DAGs
[2022-09-24T08:31:50.351+0000] {logging_mixin.py:117} INFO - [2022-09-24T08:31:50.350+0000] {dag.py:3328} INFO - Setting next_dagrun for example_kubernetes_executor to None, run_after=None
[2022-09-24T08:31:50.361+0000] {processor.py:178} INFO - Processing /home/airflow/.local/lib/python3.7/site-packages/airflow/example_dags/example_kubernetes_executor.py took 0.071 seconds
[2022-09-24T08:32:20.603+0000] {processor.py:156} INFO - Started process (PID=34350) to work on /home/airflow/.local/lib/python3.7/site-packages/airflow/example_dags/example_kubernetes_executor.py
[2022-09-24T08:32:20.604+0000] {processor.py:758} INFO - Processing file /home/airflow/.local/lib/python3.7/site-packages/airflow/example_dags/example_kubernetes_executor.py for tasks to queue
[2022-09-24T08:32:20.605+0000] {logging_mixin.py:117} INFO - [2022-09-24T08:32:20.605+0000] {dagbag.py:525} INFO - Filling up the DagBag from /home/airflow/.local/lib/python3.7/site-packages/airflow/example_dags/example_kubernetes_executor.py
[2022-09-24T08:32:20.623+0000] {processor.py:768} INFO - DAG(s) dict_keys(['example_kubernetes_executor']) retrieved from /home/airflow/.local/lib/python3.7/site-packages/airflow/example_dags/example_kubernetes_executor.py
[2022-09-24T08:32:20.647+0000] {logging_mixin.py:117} INFO - [2022-09-24T08:32:20.647+0000] {dag.py:2573} INFO - Sync 1 DAGs
[2022-09-24T08:32:20.661+0000] {logging_mixin.py:117} INFO - [2022-09-24T08:32:20.661+0000] {dag.py:3328} INFO - Setting next_dagrun for example_kubernetes_executor to None, run_after=None
[2022-09-24T08:32:20.673+0000] {processor.py:178} INFO - Processing /home/airflow/.local/lib/python3.7/site-packages/airflow/example_dags/example_kubernetes_executor.py took 0.073 seconds
[2022-09-24T08:32:50.921+0000] {processor.py:156} INFO - Started process (PID=34412) to work on /home/airflow/.local/lib/python3.7/site-packages/airflow/example_dags/example_kubernetes_executor.py
[2022-09-24T08:32:50.923+0000] {processor.py:758} INFO - Processing file /home/airflow/.local/lib/python3.7/site-packages/airflow/example_dags/example_kubernetes_executor.py for tasks to queue
[2022-09-24T08:32:50.924+0000] {logging_mixin.py:117} INFO - [2022-09-24T08:32:50.924+0000] {dagbag.py:525} INFO - Filling up the DagBag from /home/airflow/.local/lib/python3.7/site-packages/airflow/example_dags/example_kubernetes_executor.py
[2022-09-24T08:32:50.945+0000] {processor.py:768} INFO - DAG(s) dict_keys(['example_kubernetes_executor']) retrieved from /home/airflow/.local/lib/python3.7/site-packages/airflow/example_dags/example_kubernetes_executor.py
[2022-09-24T08:32:50.973+0000] {logging_mixin.py:117} INFO - [2022-09-24T08:32:50.973+0000] {dag.py:2573} INFO - Sync 1 DAGs
[2022-09-24T08:32:50.989+0000] {logging_mixin.py:117} INFO - [2022-09-24T08:32:50.989+0000] {dag.py:3328} INFO - Setting next_dagrun for example_kubernetes_executor to None, run_after=None
[2022-09-24T08:32:51.002+0000] {processor.py:178} INFO - Processing /home/airflow/.local/lib/python3.7/site-packages/airflow/example_dags/example_kubernetes_executor.py took 0.083 seconds
[2022-09-24T08:33:21.280+0000] {processor.py:156} INFO - Started process (PID=34475) to work on /home/airflow/.local/lib/python3.7/site-packages/airflow/example_dags/example_kubernetes_executor.py
[2022-09-24T08:33:21.281+0000] {processor.py:758} INFO - Processing file /home/airflow/.local/lib/python3.7/site-packages/airflow/example_dags/example_kubernetes_executor.py for tasks to queue
[2022-09-24T08:33:21.283+0000] {logging_mixin.py:117} INFO - [2022-09-24T08:33:21.283+0000] {dagbag.py:525} INFO - Filling up the DagBag from /home/airflow/.local/lib/python3.7/site-packages/airflow/example_dags/example_kubernetes_executor.py
[2022-09-24T08:33:21.299+0000] {processor.py:768} INFO - DAG(s) dict_keys(['example_kubernetes_executor']) retrieved from /home/airflow/.local/lib/python3.7/site-packages/airflow/example_dags/example_kubernetes_executor.py
[2022-09-24T08:33:21.324+0000] {logging_mixin.py:117} INFO - [2022-09-24T08:33:21.324+0000] {dag.py:2573} INFO - Sync 1 DAGs
[2022-09-24T08:33:21.338+0000] {logging_mixin.py:117} INFO - [2022-09-24T08:33:21.337+0000] {dag.py:3328} INFO - Setting next_dagrun for example_kubernetes_executor to None, run_after=None
[2022-09-24T08:33:21.348+0000] {processor.py:178} INFO - Processing /home/airflow/.local/lib/python3.7/site-packages/airflow/example_dags/example_kubernetes_executor.py took 0.071 seconds
[2022-09-24T08:33:51.681+0000] {processor.py:156} INFO - Started process (PID=34538) to work on /home/airflow/.local/lib/python3.7/site-packages/airflow/example_dags/example_kubernetes_executor.py
[2022-09-24T08:33:51.683+0000] {processor.py:758} INFO - Processing file /home/airflow/.local/lib/python3.7/site-packages/airflow/example_dags/example_kubernetes_executor.py for tasks to queue
[2022-09-24T08:33:51.684+0000] {logging_mixin.py:117} INFO - [2022-09-24T08:33:51.684+0000] {dagbag.py:525} INFO - Filling up the DagBag from /home/airflow/.local/lib/python3.7/site-packages/airflow/example_dags/example_kubernetes_executor.py
[2022-09-24T08:33:51.701+0000] {processor.py:768} INFO - DAG(s) dict_keys(['example_kubernetes_executor']) retrieved from /home/airflow/.local/lib/python3.7/site-packages/airflow/example_dags/example_kubernetes_executor.py
[2022-09-24T08:33:51.736+0000] {logging_mixin.py:117} INFO - [2022-09-24T08:33:51.736+0000] {dag.py:2573} INFO - Sync 1 DAGs
[2022-09-24T08:33:51.757+0000] {logging_mixin.py:117} INFO - [2022-09-24T08:33:51.757+0000] {dag.py:3328} INFO - Setting next_dagrun for example_kubernetes_executor to None, run_after=None
[2022-09-24T08:33:51.782+0000] {processor.py:178} INFO - Processing /home/airflow/.local/lib/python3.7/site-packages/airflow/example_dags/example_kubernetes_executor.py took 0.103 seconds
[2022-09-24T08:34:22.139+0000] {processor.py:156} INFO - Started process (PID=34601) to work on /home/airflow/.local/lib/python3.7/site-packages/airflow/example_dags/example_kubernetes_executor.py
[2022-09-24T08:34:22.140+0000] {processor.py:758} INFO - Processing file /home/airflow/.local/lib/python3.7/site-packages/airflow/example_dags/example_kubernetes_executor.py for tasks to queue
[2022-09-24T08:34:22.141+0000] {logging_mixin.py:117} INFO - [2022-09-24T08:34:22.141+0000] {dagbag.py:525} INFO - Filling up the DagBag from /home/airflow/.local/lib/python3.7/site-packages/airflow/example_dags/example_kubernetes_executor.py
[2022-09-24T08:34:22.161+0000] {processor.py:768} INFO - DAG(s) dict_keys(['example_kubernetes_executor']) retrieved from /home/airflow/.local/lib/python3.7/site-packages/airflow/example_dags/example_kubernetes_executor.py
[2022-09-24T08:34:22.188+0000] {logging_mixin.py:117} INFO - [2022-09-24T08:34:22.188+0000] {dag.py:2573} INFO - Sync 1 DAGs
[2022-09-24T08:34:22.202+0000] {logging_mixin.py:117} INFO - [2022-09-24T08:34:22.202+0000] {dag.py:3328} INFO - Setting next_dagrun for example_kubernetes_executor to None, run_after=None
[2022-09-24T08:34:22.214+0000] {processor.py:178} INFO - Processing /home/airflow/.local/lib/python3.7/site-packages/airflow/example_dags/example_kubernetes_executor.py took 0.078 seconds
[2022-09-24T08:34:52.375+0000] {processor.py:156} INFO - Started process (PID=34655) to work on /home/airflow/.local/lib/python3.7/site-packages/airflow/example_dags/example_kubernetes_executor.py
[2022-09-24T08:34:52.376+0000] {processor.py:758} INFO - Processing file /home/airflow/.local/lib/python3.7/site-packages/airflow/example_dags/example_kubernetes_executor.py for tasks to queue
[2022-09-24T08:34:52.378+0000] {logging_mixin.py:117} INFO - [2022-09-24T08:34:52.378+0000] {dagbag.py:525} INFO - Filling up the DagBag from /home/airflow/.local/lib/python3.7/site-packages/airflow/example_dags/example_kubernetes_executor.py
[2022-09-24T08:34:52.395+0000] {processor.py:768} INFO - DAG(s) dict_keys(['example_kubernetes_executor']) retrieved from /home/airflow/.local/lib/python3.7/site-packages/airflow/example_dags/example_kubernetes_executor.py
[2022-09-24T08:34:52.421+0000] {logging_mixin.py:117} INFO - [2022-09-24T08:34:52.421+0000] {dag.py:2573} INFO - Sync 1 DAGs
[2022-09-24T08:34:52.435+0000] {logging_mixin.py:117} INFO - [2022-09-24T08:34:52.435+0000] {dag.py:3328} INFO - Setting next_dagrun for example_kubernetes_executor to None, run_after=None
[2022-09-24T08:34:52.445+0000] {processor.py:178} INFO - Processing /home/airflow/.local/lib/python3.7/site-packages/airflow/example_dags/example_kubernetes_executor.py took 0.073 seconds
[2022-09-24T08:35:22.754+0000] {processor.py:156} INFO - Started process (PID=34718) to work on /home/airflow/.local/lib/python3.7/site-packages/airflow/example_dags/example_kubernetes_executor.py
[2022-09-24T08:35:22.755+0000] {processor.py:758} INFO - Processing file /home/airflow/.local/lib/python3.7/site-packages/airflow/example_dags/example_kubernetes_executor.py for tasks to queue
[2022-09-24T08:35:22.757+0000] {logging_mixin.py:117} INFO - [2022-09-24T08:35:22.757+0000] {dagbag.py:525} INFO - Filling up the DagBag from /home/airflow/.local/lib/python3.7/site-packages/airflow/example_dags/example_kubernetes_executor.py
[2022-09-24T08:35:22.780+0000] {processor.py:768} INFO - DAG(s) dict_keys(['example_kubernetes_executor']) retrieved from /home/airflow/.local/lib/python3.7/site-packages/airflow/example_dags/example_kubernetes_executor.py
[2022-09-24T08:35:22.807+0000] {logging_mixin.py:117} INFO - [2022-09-24T08:35:22.806+0000] {dag.py:2573} INFO - Sync 1 DAGs
[2022-09-24T08:35:22.825+0000] {logging_mixin.py:117} INFO - [2022-09-24T08:35:22.825+0000] {dag.py:3328} INFO - Setting next_dagrun for example_kubernetes_executor to None, run_after=None
[2022-09-24T08:35:22.844+0000] {processor.py:178} INFO - Processing /home/airflow/.local/lib/python3.7/site-packages/airflow/example_dags/example_kubernetes_executor.py took 0.093 seconds
[2022-09-24T08:35:53.210+0000] {processor.py:156} INFO - Started process (PID=34781) to work on /home/airflow/.local/lib/python3.7/site-packages/airflow/example_dags/example_kubernetes_executor.py
[2022-09-24T08:35:53.211+0000] {processor.py:758} INFO - Processing file /home/airflow/.local/lib/python3.7/site-packages/airflow/example_dags/example_kubernetes_executor.py for tasks to queue
[2022-09-24T08:35:53.212+0000] {logging_mixin.py:117} INFO - [2022-09-24T08:35:53.212+0000] {dagbag.py:525} INFO - Filling up the DagBag from /home/airflow/.local/lib/python3.7/site-packages/airflow/example_dags/example_kubernetes_executor.py
[2022-09-24T08:35:53.229+0000] {processor.py:768} INFO - DAG(s) dict_keys(['example_kubernetes_executor']) retrieved from /home/airflow/.local/lib/python3.7/site-packages/airflow/example_dags/example_kubernetes_executor.py
[2022-09-24T08:35:53.254+0000] {logging_mixin.py:117} INFO - [2022-09-24T08:35:53.254+0000] {dag.py:2573} INFO - Sync 1 DAGs
[2022-09-24T08:35:53.267+0000] {logging_mixin.py:117} INFO - [2022-09-24T08:35:53.267+0000] {dag.py:3328} INFO - Setting next_dagrun for example_kubernetes_executor to None, run_after=None
[2022-09-24T08:35:53.278+0000] {processor.py:178} INFO - Processing /home/airflow/.local/lib/python3.7/site-packages/airflow/example_dags/example_kubernetes_executor.py took 0.071 seconds
[2022-09-24T08:36:23.553+0000] {processor.py:156} INFO - Started process (PID=34844) to work on /home/airflow/.local/lib/python3.7/site-packages/airflow/example_dags/example_kubernetes_executor.py
[2022-09-24T08:36:23.555+0000] {processor.py:758} INFO - Processing file /home/airflow/.local/lib/python3.7/site-packages/airflow/example_dags/example_kubernetes_executor.py for tasks to queue
[2022-09-24T08:36:23.557+0000] {logging_mixin.py:117} INFO - [2022-09-24T08:36:23.557+0000] {dagbag.py:525} INFO - Filling up the DagBag from /home/airflow/.local/lib/python3.7/site-packages/airflow/example_dags/example_kubernetes_executor.py
[2022-09-24T08:36:23.576+0000] {processor.py:768} INFO - DAG(s) dict_keys(['example_kubernetes_executor']) retrieved from /home/airflow/.local/lib/python3.7/site-packages/airflow/example_dags/example_kubernetes_executor.py
[2022-09-24T08:36:23.603+0000] {logging_mixin.py:117} INFO - [2022-09-24T08:36:23.602+0000] {dag.py:2573} INFO - Sync 1 DAGs
[2022-09-24T08:36:23.617+0000] {logging_mixin.py:117} INFO - [2022-09-24T08:36:23.617+0000] {dag.py:3328} INFO - Setting next_dagrun for example_kubernetes_executor to None, run_after=None
[2022-09-24T08:36:23.630+0000] {processor.py:178} INFO - Processing /home/airflow/.local/lib/python3.7/site-packages/airflow/example_dags/example_kubernetes_executor.py took 0.079 seconds
[2022-09-24T08:36:53.874+0000] {processor.py:156} INFO - Started process (PID=34907) to work on /home/airflow/.local/lib/python3.7/site-packages/airflow/example_dags/example_kubernetes_executor.py
[2022-09-24T08:36:53.876+0000] {processor.py:758} INFO - Processing file /home/airflow/.local/lib/python3.7/site-packages/airflow/example_dags/example_kubernetes_executor.py for tasks to queue
[2022-09-24T08:36:53.877+0000] {logging_mixin.py:117} INFO - [2022-09-24T08:36:53.877+0000] {dagbag.py:525} INFO - Filling up the DagBag from /home/airflow/.local/lib/python3.7/site-packages/airflow/example_dags/example_kubernetes_executor.py
[2022-09-24T08:36:53.894+0000] {processor.py:768} INFO - DAG(s) dict_keys(['example_kubernetes_executor']) retrieved from /home/airflow/.local/lib/python3.7/site-packages/airflow/example_dags/example_kubernetes_executor.py
[2022-09-24T08:36:53.919+0000] {logging_mixin.py:117} INFO - [2022-09-24T08:36:53.919+0000] {dag.py:2573} INFO - Sync 1 DAGs
[2022-09-24T08:36:53.933+0000] {logging_mixin.py:117} INFO - [2022-09-24T08:36:53.933+0000] {dag.py:3328} INFO - Setting next_dagrun for example_kubernetes_executor to None, run_after=None
[2022-09-24T08:36:53.944+0000] {processor.py:178} INFO - Processing /home/airflow/.local/lib/python3.7/site-packages/airflow/example_dags/example_kubernetes_executor.py took 0.072 seconds
[2022-09-24T08:37:24.203+0000] {processor.py:156} INFO - Started process (PID=34970) to work on /home/airflow/.local/lib/python3.7/site-packages/airflow/example_dags/example_kubernetes_executor.py
[2022-09-24T08:37:24.206+0000] {processor.py:758} INFO - Processing file /home/airflow/.local/lib/python3.7/site-packages/airflow/example_dags/example_kubernetes_executor.py for tasks to queue
[2022-09-24T08:37:24.207+0000] {logging_mixin.py:117} INFO - [2022-09-24T08:37:24.207+0000] {dagbag.py:525} INFO - Filling up the DagBag from /home/airflow/.local/lib/python3.7/site-packages/airflow/example_dags/example_kubernetes_executor.py
[2022-09-24T08:37:24.228+0000] {processor.py:768} INFO - DAG(s) dict_keys(['example_kubernetes_executor']) retrieved from /home/airflow/.local/lib/python3.7/site-packages/airflow/example_dags/example_kubernetes_executor.py
[2022-09-24T08:37:24.260+0000] {logging_mixin.py:117} INFO - [2022-09-24T08:37:24.259+0000] {dag.py:2573} INFO - Sync 1 DAGs
[2022-09-24T08:37:24.275+0000] {logging_mixin.py:117} INFO - [2022-09-24T08:37:24.275+0000] {dag.py:3328} INFO - Setting next_dagrun for example_kubernetes_executor to None, run_after=None
[2022-09-24T08:37:24.288+0000] {processor.py:178} INFO - Processing /home/airflow/.local/lib/python3.7/site-packages/airflow/example_dags/example_kubernetes_executor.py took 0.088 seconds
[2022-09-24T08:37:54.555+0000] {processor.py:156} INFO - Started process (PID=35023) to work on /home/airflow/.local/lib/python3.7/site-packages/airflow/example_dags/example_kubernetes_executor.py
[2022-09-24T08:37:54.557+0000] {processor.py:758} INFO - Processing file /home/airflow/.local/lib/python3.7/site-packages/airflow/example_dags/example_kubernetes_executor.py for tasks to queue
[2022-09-24T08:37:54.559+0000] {logging_mixin.py:117} INFO - [2022-09-24T08:37:54.558+0000] {dagbag.py:525} INFO - Filling up the DagBag from /home/airflow/.local/lib/python3.7/site-packages/airflow/example_dags/example_kubernetes_executor.py
[2022-09-24T08:37:54.576+0000] {processor.py:768} INFO - DAG(s) dict_keys(['example_kubernetes_executor']) retrieved from /home/airflow/.local/lib/python3.7/site-packages/airflow/example_dags/example_kubernetes_executor.py
[2022-09-24T08:37:54.602+0000] {logging_mixin.py:117} INFO - [2022-09-24T08:37:54.602+0000] {dag.py:2573} INFO - Sync 1 DAGs
[2022-09-24T08:37:54.615+0000] {logging_mixin.py:117} INFO - [2022-09-24T08:37:54.615+0000] {dag.py:3328} INFO - Setting next_dagrun for example_kubernetes_executor to None, run_after=None
[2022-09-24T08:37:54.630+0000] {processor.py:178} INFO - Processing /home/airflow/.local/lib/python3.7/site-packages/airflow/example_dags/example_kubernetes_executor.py took 0.077 seconds
[2022-09-24T08:38:24.977+0000] {processor.py:156} INFO - Started process (PID=35086) to work on /home/airflow/.local/lib/python3.7/site-packages/airflow/example_dags/example_kubernetes_executor.py
[2022-09-24T08:38:24.979+0000] {processor.py:758} INFO - Processing file /home/airflow/.local/lib/python3.7/site-packages/airflow/example_dags/example_kubernetes_executor.py for tasks to queue
[2022-09-24T08:38:24.980+0000] {logging_mixin.py:117} INFO - [2022-09-24T08:38:24.980+0000] {dagbag.py:525} INFO - Filling up the DagBag from /home/airflow/.local/lib/python3.7/site-packages/airflow/example_dags/example_kubernetes_executor.py
[2022-09-24T08:38:24.998+0000] {processor.py:768} INFO - DAG(s) dict_keys(['example_kubernetes_executor']) retrieved from /home/airflow/.local/lib/python3.7/site-packages/airflow/example_dags/example_kubernetes_executor.py
[2022-09-24T08:38:25.024+0000] {logging_mixin.py:117} INFO - [2022-09-24T08:38:25.024+0000] {dag.py:2573} INFO - Sync 1 DAGs
[2022-09-24T08:38:25.038+0000] {logging_mixin.py:117} INFO - [2022-09-24T08:38:25.038+0000] {dag.py:3328} INFO - Setting next_dagrun for example_kubernetes_executor to None, run_after=None
[2022-09-24T08:38:25.050+0000] {processor.py:178} INFO - Processing /home/airflow/.local/lib/python3.7/site-packages/airflow/example_dags/example_kubernetes_executor.py took 0.075 seconds
[2022-09-24T08:38:55.252+0000] {processor.py:156} INFO - Started process (PID=35150) to work on /home/airflow/.local/lib/python3.7/site-packages/airflow/example_dags/example_kubernetes_executor.py
[2022-09-24T08:38:55.254+0000] {processor.py:758} INFO - Processing file /home/airflow/.local/lib/python3.7/site-packages/airflow/example_dags/example_kubernetes_executor.py for tasks to queue
[2022-09-24T08:38:55.255+0000] {logging_mixin.py:117} INFO - [2022-09-24T08:38:55.255+0000] {dagbag.py:525} INFO - Filling up the DagBag from /home/airflow/.local/lib/python3.7/site-packages/airflow/example_dags/example_kubernetes_executor.py
[2022-09-24T08:38:55.278+0000] {processor.py:768} INFO - DAG(s) dict_keys(['example_kubernetes_executor']) retrieved from /home/airflow/.local/lib/python3.7/site-packages/airflow/example_dags/example_kubernetes_executor.py
[2022-09-24T08:38:55.307+0000] {logging_mixin.py:117} INFO - [2022-09-24T08:38:55.307+0000] {dag.py:2573} INFO - Sync 1 DAGs
[2022-09-24T08:38:55.322+0000] {logging_mixin.py:117} INFO - [2022-09-24T08:38:55.322+0000] {dag.py:3328} INFO - Setting next_dagrun for example_kubernetes_executor to None, run_after=None
[2022-09-24T08:38:55.335+0000] {processor.py:178} INFO - Processing /home/airflow/.local/lib/python3.7/site-packages/airflow/example_dags/example_kubernetes_executor.py took 0.084 seconds
[2022-09-24T08:39:25.534+0000] {processor.py:156} INFO - Started process (PID=35213) to work on /home/airflow/.local/lib/python3.7/site-packages/airflow/example_dags/example_kubernetes_executor.py
[2022-09-24T08:39:25.535+0000] {processor.py:758} INFO - Processing file /home/airflow/.local/lib/python3.7/site-packages/airflow/example_dags/example_kubernetes_executor.py for tasks to queue
[2022-09-24T08:39:25.537+0000] {logging_mixin.py:117} INFO - [2022-09-24T08:39:25.537+0000] {dagbag.py:525} INFO - Filling up the DagBag from /home/airflow/.local/lib/python3.7/site-packages/airflow/example_dags/example_kubernetes_executor.py
[2022-09-24T08:39:25.558+0000] {processor.py:768} INFO - DAG(s) dict_keys(['example_kubernetes_executor']) retrieved from /home/airflow/.local/lib/python3.7/site-packages/airflow/example_dags/example_kubernetes_executor.py
[2022-09-24T08:39:25.586+0000] {logging_mixin.py:117} INFO - [2022-09-24T08:39:25.586+0000] {dag.py:2573} INFO - Sync 1 DAGs
[2022-09-24T08:39:25.603+0000] {logging_mixin.py:117} INFO - [2022-09-24T08:39:25.602+0000] {dag.py:3328} INFO - Setting next_dagrun for example_kubernetes_executor to None, run_after=None
[2022-09-24T08:39:25.616+0000] {processor.py:178} INFO - Processing /home/airflow/.local/lib/python3.7/site-packages/airflow/example_dags/example_kubernetes_executor.py took 0.085 seconds
[2022-09-24T08:39:55.968+0000] {processor.py:156} INFO - Started process (PID=35276) to work on /home/airflow/.local/lib/python3.7/site-packages/airflow/example_dags/example_kubernetes_executor.py
[2022-09-24T08:39:55.969+0000] {processor.py:758} INFO - Processing file /home/airflow/.local/lib/python3.7/site-packages/airflow/example_dags/example_kubernetes_executor.py for tasks to queue
[2022-09-24T08:39:55.970+0000] {logging_mixin.py:117} INFO - [2022-09-24T08:39:55.970+0000] {dagbag.py:525} INFO - Filling up the DagBag from /home/airflow/.local/lib/python3.7/site-packages/airflow/example_dags/example_kubernetes_executor.py
[2022-09-24T08:39:55.989+0000] {processor.py:768} INFO - DAG(s) dict_keys(['example_kubernetes_executor']) retrieved from /home/airflow/.local/lib/python3.7/site-packages/airflow/example_dags/example_kubernetes_executor.py
[2022-09-24T08:39:56.015+0000] {logging_mixin.py:117} INFO - [2022-09-24T08:39:56.015+0000] {dag.py:2573} INFO - Sync 1 DAGs
[2022-09-24T08:39:56.028+0000] {logging_mixin.py:117} INFO - [2022-09-24T08:39:56.028+0000] {dag.py:3328} INFO - Setting next_dagrun for example_kubernetes_executor to None, run_after=None
[2022-09-24T08:39:56.039+0000] {processor.py:178} INFO - Processing /home/airflow/.local/lib/python3.7/site-packages/airflow/example_dags/example_kubernetes_executor.py took 0.074 seconds
[2022-09-24T09:07:09.163+0000] {processor.py:156} INFO - Started process (PID=35331) to work on /home/airflow/.local/lib/python3.7/site-packages/airflow/example_dags/example_kubernetes_executor.py
[2022-09-24T09:07:09.164+0000] {processor.py:758} INFO - Processing file /home/airflow/.local/lib/python3.7/site-packages/airflow/example_dags/example_kubernetes_executor.py for tasks to queue
[2022-09-24T09:07:09.166+0000] {logging_mixin.py:117} INFO - [2022-09-24T09:07:09.166+0000] {dagbag.py:525} INFO - Filling up the DagBag from /home/airflow/.local/lib/python3.7/site-packages/airflow/example_dags/example_kubernetes_executor.py
[2022-09-24T09:07:09.184+0000] {processor.py:768} INFO - DAG(s) dict_keys(['example_kubernetes_executor']) retrieved from /home/airflow/.local/lib/python3.7/site-packages/airflow/example_dags/example_kubernetes_executor.py
[2022-09-24T09:07:09.209+0000] {logging_mixin.py:117} INFO - [2022-09-24T09:07:09.209+0000] {dag.py:2573} INFO - Sync 1 DAGs
[2022-09-24T09:07:09.232+0000] {logging_mixin.py:117} INFO - [2022-09-24T09:07:09.232+0000] {dag.py:3328} INFO - Setting next_dagrun for example_kubernetes_executor to None, run_after=None
[2022-09-24T09:07:09.246+0000] {processor.py:178} INFO - Processing /home/airflow/.local/lib/python3.7/site-packages/airflow/example_dags/example_kubernetes_executor.py took 0.085 seconds
