[2022-09-24T01:04:10.592+0000] {processor.py:156} INFO - Started process (PID=32112) to work on /home/airflow/.local/lib/python3.7/site-packages/airflow/example_dags/example_branch_operator_decorator.py
[2022-09-24T01:04:10.595+0000] {processor.py:758} INFO - Processing file /home/airflow/.local/lib/python3.7/site-packages/airflow/example_dags/example_branch_operator_decorator.py for tasks to queue
[2022-09-24T01:04:10.598+0000] {logging_mixin.py:117} INFO - [2022-09-24T01:04:10.597+0000] {dagbag.py:525} INFO - Filling up the DagBag from /home/airflow/.local/lib/python3.7/site-packages/airflow/example_dags/example_branch_operator_decorator.py
[2022-09-24T01:04:10.618+0000] {processor.py:768} INFO - DAG(s) dict_keys(['example_branch_python_operator_decorator']) retrieved from /home/airflow/.local/lib/python3.7/site-packages/airflow/example_dags/example_branch_operator_decorator.py
[2022-09-24T01:04:10.672+0000] {logging_mixin.py:117} INFO - [2022-09-24T01:04:10.672+0000] {dag.py:2573} INFO - Sync 1 DAGs
[2022-09-24T01:04:10.705+0000] {logging_mixin.py:117} INFO - [2022-09-24T01:04:10.705+0000] {dag.py:3328} INFO - Setting next_dagrun for example_branch_python_operator_decorator to 2022-09-23T00:00:00+00:00, run_after=2022-09-24T00:00:00+00:00
[2022-09-24T01:04:10.741+0000] {processor.py:178} INFO - Processing /home/airflow/.local/lib/python3.7/site-packages/airflow/example_dags/example_branch_operator_decorator.py took 0.161 seconds
[2022-09-24T02:27:01.439+0000] {processor.py:156} INFO - Started process (PID=32166) to work on /home/airflow/.local/lib/python3.7/site-packages/airflow/example_dags/example_branch_operator_decorator.py
[2022-09-24T02:27:01.442+0000] {processor.py:758} INFO - Processing file /home/airflow/.local/lib/python3.7/site-packages/airflow/example_dags/example_branch_operator_decorator.py for tasks to queue
[2022-09-24T02:27:01.444+0000] {logging_mixin.py:117} INFO - [2022-09-24T02:27:01.444+0000] {dagbag.py:525} INFO - Filling up the DagBag from /home/airflow/.local/lib/python3.7/site-packages/airflow/example_dags/example_branch_operator_decorator.py
[2022-09-24T02:27:01.490+0000] {processor.py:768} INFO - DAG(s) dict_keys(['example_branch_python_operator_decorator']) retrieved from /home/airflow/.local/lib/python3.7/site-packages/airflow/example_dags/example_branch_operator_decorator.py
[2022-09-24T02:27:01.551+0000] {logging_mixin.py:117} INFO - [2022-09-24T02:27:01.551+0000] {dag.py:2573} INFO - Sync 1 DAGs
[2022-09-24T02:27:01.584+0000] {logging_mixin.py:117} INFO - [2022-09-24T02:27:01.584+0000] {dag.py:3328} INFO - Setting next_dagrun for example_branch_python_operator_decorator to 2022-09-23T00:00:00+00:00, run_after=2022-09-24T00:00:00+00:00
[2022-09-24T02:27:01.632+0000] {processor.py:178} INFO - Processing /home/airflow/.local/lib/python3.7/site-packages/airflow/example_dags/example_branch_operator_decorator.py took 0.199 seconds
[2022-09-24T03:24:00.042+0000] {processor.py:156} INFO - Started process (PID=32229) to work on /home/airflow/.local/lib/python3.7/site-packages/airflow/example_dags/example_branch_operator_decorator.py
[2022-09-24T03:24:00.044+0000] {processor.py:758} INFO - Processing file /home/airflow/.local/lib/python3.7/site-packages/airflow/example_dags/example_branch_operator_decorator.py for tasks to queue
[2022-09-24T03:24:00.045+0000] {logging_mixin.py:117} INFO - [2022-09-24T03:24:00.045+0000] {dagbag.py:525} INFO - Filling up the DagBag from /home/airflow/.local/lib/python3.7/site-packages/airflow/example_dags/example_branch_operator_decorator.py
[2022-09-24T03:24:00.063+0000] {processor.py:768} INFO - DAG(s) dict_keys(['example_branch_python_operator_decorator']) retrieved from /home/airflow/.local/lib/python3.7/site-packages/airflow/example_dags/example_branch_operator_decorator.py
[2022-09-24T03:24:00.093+0000] {logging_mixin.py:117} INFO - [2022-09-24T03:24:00.093+0000] {dag.py:2573} INFO - Sync 1 DAGs
[2022-09-24T03:24:00.118+0000] {logging_mixin.py:117} INFO - [2022-09-24T03:24:00.118+0000] {dag.py:3328} INFO - Setting next_dagrun for example_branch_python_operator_decorator to 2022-09-23T00:00:00+00:00, run_after=2022-09-24T00:00:00+00:00
[2022-09-24T03:24:00.143+0000] {processor.py:178} INFO - Processing /home/airflow/.local/lib/python3.7/site-packages/airflow/example_dags/example_branch_operator_decorator.py took 0.103 seconds
[2022-09-24T04:29:27.267+0000] {processor.py:156} INFO - Started process (PID=32294) to work on /home/airflow/.local/lib/python3.7/site-packages/airflow/example_dags/example_branch_operator_decorator.py
[2022-09-24T04:29:27.269+0000] {processor.py:758} INFO - Processing file /home/airflow/.local/lib/python3.7/site-packages/airflow/example_dags/example_branch_operator_decorator.py for tasks to queue
[2022-09-24T04:29:27.271+0000] {logging_mixin.py:117} INFO - [2022-09-24T04:29:27.271+0000] {dagbag.py:525} INFO - Filling up the DagBag from /home/airflow/.local/lib/python3.7/site-packages/airflow/example_dags/example_branch_operator_decorator.py
[2022-09-24T04:29:27.301+0000] {processor.py:768} INFO - DAG(s) dict_keys(['example_branch_python_operator_decorator']) retrieved from /home/airflow/.local/lib/python3.7/site-packages/airflow/example_dags/example_branch_operator_decorator.py
[2022-09-24T04:29:27.336+0000] {logging_mixin.py:117} INFO - [2022-09-24T04:29:27.336+0000] {dag.py:2573} INFO - Sync 1 DAGs
[2022-09-24T04:29:27.385+0000] {logging_mixin.py:117} INFO - [2022-09-24T04:29:27.385+0000] {dag.py:3328} INFO - Setting next_dagrun for example_branch_python_operator_decorator to 2022-09-23T00:00:00+00:00, run_after=2022-09-24T00:00:00+00:00
[2022-09-24T04:29:27.410+0000] {processor.py:178} INFO - Processing /home/airflow/.local/lib/python3.7/site-packages/airflow/example_dags/example_branch_operator_decorator.py took 0.145 seconds
[2022-09-24T05:38:07.599+0000] {processor.py:156} INFO - Started process (PID=32357) to work on /home/airflow/.local/lib/python3.7/site-packages/airflow/example_dags/example_branch_operator_decorator.py
[2022-09-24T05:38:07.601+0000] {processor.py:758} INFO - Processing file /home/airflow/.local/lib/python3.7/site-packages/airflow/example_dags/example_branch_operator_decorator.py for tasks to queue
[2022-09-24T05:38:07.603+0000] {logging_mixin.py:117} INFO - [2022-09-24T05:38:07.602+0000] {dagbag.py:525} INFO - Filling up the DagBag from /home/airflow/.local/lib/python3.7/site-packages/airflow/example_dags/example_branch_operator_decorator.py
[2022-09-24T05:38:07.621+0000] {processor.py:768} INFO - DAG(s) dict_keys(['example_branch_python_operator_decorator']) retrieved from /home/airflow/.local/lib/python3.7/site-packages/airflow/example_dags/example_branch_operator_decorator.py
[2022-09-24T05:38:07.651+0000] {logging_mixin.py:117} INFO - [2022-09-24T05:38:07.651+0000] {dag.py:2573} INFO - Sync 1 DAGs
[2022-09-24T05:38:07.681+0000] {logging_mixin.py:117} INFO - [2022-09-24T05:38:07.681+0000] {dag.py:3328} INFO - Setting next_dagrun for example_branch_python_operator_decorator to 2022-09-23T00:00:00+00:00, run_after=2022-09-24T00:00:00+00:00
[2022-09-24T05:38:07.699+0000] {processor.py:178} INFO - Processing /home/airflow/.local/lib/python3.7/site-packages/airflow/example_dags/example_branch_operator_decorator.py took 0.103 seconds
[2022-09-24T06:55:22.068+0000] {processor.py:156} INFO - Started process (PID=32411) to work on /home/airflow/.local/lib/python3.7/site-packages/airflow/example_dags/example_branch_operator_decorator.py
[2022-09-24T06:55:22.069+0000] {processor.py:758} INFO - Processing file /home/airflow/.local/lib/python3.7/site-packages/airflow/example_dags/example_branch_operator_decorator.py for tasks to queue
[2022-09-24T06:55:22.071+0000] {logging_mixin.py:117} INFO - [2022-09-24T06:55:22.070+0000] {dagbag.py:525} INFO - Filling up the DagBag from /home/airflow/.local/lib/python3.7/site-packages/airflow/example_dags/example_branch_operator_decorator.py
[2022-09-24T06:55:22.088+0000] {processor.py:768} INFO - DAG(s) dict_keys(['example_branch_python_operator_decorator']) retrieved from /home/airflow/.local/lib/python3.7/site-packages/airflow/example_dags/example_branch_operator_decorator.py
[2022-09-24T06:55:22.119+0000] {logging_mixin.py:117} INFO - [2022-09-24T06:55:22.119+0000] {dag.py:2573} INFO - Sync 1 DAGs
[2022-09-24T06:55:22.141+0000] {logging_mixin.py:117} INFO - [2022-09-24T06:55:22.141+0000] {dag.py:3328} INFO - Setting next_dagrun for example_branch_python_operator_decorator to 2022-09-23T00:00:00+00:00, run_after=2022-09-24T00:00:00+00:00
[2022-09-24T06:55:22.181+0000] {processor.py:178} INFO - Processing /home/airflow/.local/lib/python3.7/site-packages/airflow/example_dags/example_branch_operator_decorator.py took 0.115 seconds
[2022-09-24T07:36:25.869+0000] {processor.py:156} INFO - Started process (PID=32474) to work on /home/airflow/.local/lib/python3.7/site-packages/airflow/example_dags/example_branch_operator_decorator.py
[2022-09-24T07:36:25.871+0000] {processor.py:758} INFO - Processing file /home/airflow/.local/lib/python3.7/site-packages/airflow/example_dags/example_branch_operator_decorator.py for tasks to queue
[2022-09-24T07:36:25.876+0000] {logging_mixin.py:117} INFO - [2022-09-24T07:36:25.876+0000] {dagbag.py:525} INFO - Filling up the DagBag from /home/airflow/.local/lib/python3.7/site-packages/airflow/example_dags/example_branch_operator_decorator.py
[2022-09-24T07:36:25.911+0000] {processor.py:768} INFO - DAG(s) dict_keys(['example_branch_python_operator_decorator']) retrieved from /home/airflow/.local/lib/python3.7/site-packages/airflow/example_dags/example_branch_operator_decorator.py
[2022-09-24T07:36:25.959+0000] {logging_mixin.py:117} INFO - [2022-09-24T07:36:25.959+0000] {dag.py:2573} INFO - Sync 1 DAGs
[2022-09-24T07:36:25.995+0000] {logging_mixin.py:117} INFO - [2022-09-24T07:36:25.995+0000] {dag.py:3328} INFO - Setting next_dagrun for example_branch_python_operator_decorator to 2022-09-23T00:00:00+00:00, run_after=2022-09-24T00:00:00+00:00
[2022-09-24T07:36:26.029+0000] {processor.py:178} INFO - Processing /home/airflow/.local/lib/python3.7/site-packages/airflow/example_dags/example_branch_operator_decorator.py took 0.166 seconds
[2022-09-24T07:39:18.289+0000] {processor.py:156} INFO - Started process (PID=32537) to work on /home/airflow/.local/lib/python3.7/site-packages/airflow/example_dags/example_branch_operator_decorator.py
[2022-09-24T07:39:18.292+0000] {processor.py:758} INFO - Processing file /home/airflow/.local/lib/python3.7/site-packages/airflow/example_dags/example_branch_operator_decorator.py for tasks to queue
[2022-09-24T07:39:18.294+0000] {logging_mixin.py:117} INFO - [2022-09-24T07:39:18.293+0000] {dagbag.py:525} INFO - Filling up the DagBag from /home/airflow/.local/lib/python3.7/site-packages/airflow/example_dags/example_branch_operator_decorator.py
[2022-09-24T07:39:18.314+0000] {processor.py:768} INFO - DAG(s) dict_keys(['example_branch_python_operator_decorator']) retrieved from /home/airflow/.local/lib/python3.7/site-packages/airflow/example_dags/example_branch_operator_decorator.py
[2022-09-24T07:39:18.344+0000] {logging_mixin.py:117} INFO - [2022-09-24T07:39:18.344+0000] {dag.py:2573} INFO - Sync 1 DAGs
[2022-09-24T07:39:18.373+0000] {logging_mixin.py:117} INFO - [2022-09-24T07:39:18.373+0000] {dag.py:3328} INFO - Setting next_dagrun for example_branch_python_operator_decorator to 2022-09-23T00:00:00+00:00, run_after=2022-09-24T00:00:00+00:00
[2022-09-24T07:39:18.393+0000] {processor.py:178} INFO - Processing /home/airflow/.local/lib/python3.7/site-packages/airflow/example_dags/example_branch_operator_decorator.py took 0.106 seconds
[2022-09-24T07:39:48.667+0000] {processor.py:156} INFO - Started process (PID=32600) to work on /home/airflow/.local/lib/python3.7/site-packages/airflow/example_dags/example_branch_operator_decorator.py
[2022-09-24T07:39:48.669+0000] {processor.py:758} INFO - Processing file /home/airflow/.local/lib/python3.7/site-packages/airflow/example_dags/example_branch_operator_decorator.py for tasks to queue
[2022-09-24T07:39:48.670+0000] {logging_mixin.py:117} INFO - [2022-09-24T07:39:48.670+0000] {dagbag.py:525} INFO - Filling up the DagBag from /home/airflow/.local/lib/python3.7/site-packages/airflow/example_dags/example_branch_operator_decorator.py
[2022-09-24T07:39:48.684+0000] {processor.py:768} INFO - DAG(s) dict_keys(['example_branch_python_operator_decorator']) retrieved from /home/airflow/.local/lib/python3.7/site-packages/airflow/example_dags/example_branch_operator_decorator.py
[2022-09-24T07:39:48.709+0000] {logging_mixin.py:117} INFO - [2022-09-24T07:39:48.709+0000] {dag.py:2573} INFO - Sync 1 DAGs
[2022-09-24T07:39:48.723+0000] {logging_mixin.py:117} INFO - [2022-09-24T07:39:48.723+0000] {dag.py:3328} INFO - Setting next_dagrun for example_branch_python_operator_decorator to 2022-09-23T00:00:00+00:00, run_after=2022-09-24T00:00:00+00:00
[2022-09-24T07:39:48.733+0000] {processor.py:178} INFO - Processing /home/airflow/.local/lib/python3.7/site-packages/airflow/example_dags/example_branch_operator_decorator.py took 0.069 seconds
[2022-09-24T07:40:18.932+0000] {processor.py:156} INFO - Started process (PID=32665) to work on /home/airflow/.local/lib/python3.7/site-packages/airflow/example_dags/example_branch_operator_decorator.py
[2022-09-24T07:40:18.934+0000] {processor.py:758} INFO - Processing file /home/airflow/.local/lib/python3.7/site-packages/airflow/example_dags/example_branch_operator_decorator.py for tasks to queue
[2022-09-24T07:40:18.935+0000] {logging_mixin.py:117} INFO - [2022-09-24T07:40:18.934+0000] {dagbag.py:525} INFO - Filling up the DagBag from /home/airflow/.local/lib/python3.7/site-packages/airflow/example_dags/example_branch_operator_decorator.py
[2022-09-24T07:40:18.949+0000] {processor.py:768} INFO - DAG(s) dict_keys(['example_branch_python_operator_decorator']) retrieved from /home/airflow/.local/lib/python3.7/site-packages/airflow/example_dags/example_branch_operator_decorator.py
[2022-09-24T07:40:18.977+0000] {logging_mixin.py:117} INFO - [2022-09-24T07:40:18.976+0000] {dag.py:2573} INFO - Sync 1 DAGs
[2022-09-24T07:40:18.992+0000] {logging_mixin.py:117} INFO - [2022-09-24T07:40:18.992+0000] {dag.py:3328} INFO - Setting next_dagrun for example_branch_python_operator_decorator to 2022-09-23T00:00:00+00:00, run_after=2022-09-24T00:00:00+00:00
[2022-09-24T07:40:19.007+0000] {processor.py:178} INFO - Processing /home/airflow/.local/lib/python3.7/site-packages/airflow/example_dags/example_branch_operator_decorator.py took 0.078 seconds
[2022-09-24T07:40:49.461+0000] {processor.py:156} INFO - Started process (PID=32728) to work on /home/airflow/.local/lib/python3.7/site-packages/airflow/example_dags/example_branch_operator_decorator.py
[2022-09-24T07:40:49.462+0000] {processor.py:758} INFO - Processing file /home/airflow/.local/lib/python3.7/site-packages/airflow/example_dags/example_branch_operator_decorator.py for tasks to queue
[2022-09-24T07:40:49.463+0000] {logging_mixin.py:117} INFO - [2022-09-24T07:40:49.463+0000] {dagbag.py:525} INFO - Filling up the DagBag from /home/airflow/.local/lib/python3.7/site-packages/airflow/example_dags/example_branch_operator_decorator.py
[2022-09-24T07:40:49.478+0000] {processor.py:768} INFO - DAG(s) dict_keys(['example_branch_python_operator_decorator']) retrieved from /home/airflow/.local/lib/python3.7/site-packages/airflow/example_dags/example_branch_operator_decorator.py
[2022-09-24T07:40:49.504+0000] {logging_mixin.py:117} INFO - [2022-09-24T07:40:49.504+0000] {dag.py:2573} INFO - Sync 1 DAGs
[2022-09-24T07:40:49.521+0000] {logging_mixin.py:117} INFO - [2022-09-24T07:40:49.521+0000] {dag.py:3328} INFO - Setting next_dagrun for example_branch_python_operator_decorator to 2022-09-23T00:00:00+00:00, run_after=2022-09-24T00:00:00+00:00
[2022-09-24T07:40:49.533+0000] {processor.py:178} INFO - Processing /home/airflow/.local/lib/python3.7/site-packages/airflow/example_dags/example_branch_operator_decorator.py took 0.075 seconds
[2022-09-24T07:41:19.813+0000] {processor.py:156} INFO - Started process (PID=32782) to work on /home/airflow/.local/lib/python3.7/site-packages/airflow/example_dags/example_branch_operator_decorator.py
[2022-09-24T07:41:19.815+0000] {processor.py:758} INFO - Processing file /home/airflow/.local/lib/python3.7/site-packages/airflow/example_dags/example_branch_operator_decorator.py for tasks to queue
[2022-09-24T07:41:19.817+0000] {logging_mixin.py:117} INFO - [2022-09-24T07:41:19.817+0000] {dagbag.py:525} INFO - Filling up the DagBag from /home/airflow/.local/lib/python3.7/site-packages/airflow/example_dags/example_branch_operator_decorator.py
[2022-09-24T07:41:19.834+0000] {processor.py:768} INFO - DAG(s) dict_keys(['example_branch_python_operator_decorator']) retrieved from /home/airflow/.local/lib/python3.7/site-packages/airflow/example_dags/example_branch_operator_decorator.py
[2022-09-24T07:41:19.861+0000] {logging_mixin.py:117} INFO - [2022-09-24T07:41:19.861+0000] {dag.py:2573} INFO - Sync 1 DAGs
[2022-09-24T07:41:19.880+0000] {logging_mixin.py:117} INFO - [2022-09-24T07:41:19.879+0000] {dag.py:3328} INFO - Setting next_dagrun for example_branch_python_operator_decorator to 2022-09-23T00:00:00+00:00, run_after=2022-09-24T00:00:00+00:00
[2022-09-24T07:41:19.895+0000] {processor.py:178} INFO - Processing /home/airflow/.local/lib/python3.7/site-packages/airflow/example_dags/example_branch_operator_decorator.py took 0.085 seconds
[2022-09-24T07:41:50.106+0000] {processor.py:156} INFO - Started process (PID=32845) to work on /home/airflow/.local/lib/python3.7/site-packages/airflow/example_dags/example_branch_operator_decorator.py
[2022-09-24T07:41:50.107+0000] {processor.py:758} INFO - Processing file /home/airflow/.local/lib/python3.7/site-packages/airflow/example_dags/example_branch_operator_decorator.py for tasks to queue
[2022-09-24T07:41:50.108+0000] {logging_mixin.py:117} INFO - [2022-09-24T07:41:50.108+0000] {dagbag.py:525} INFO - Filling up the DagBag from /home/airflow/.local/lib/python3.7/site-packages/airflow/example_dags/example_branch_operator_decorator.py
[2022-09-24T07:41:50.124+0000] {processor.py:768} INFO - DAG(s) dict_keys(['example_branch_python_operator_decorator']) retrieved from /home/airflow/.local/lib/python3.7/site-packages/airflow/example_dags/example_branch_operator_decorator.py
[2022-09-24T07:41:50.153+0000] {logging_mixin.py:117} INFO - [2022-09-24T07:41:50.152+0000] {dag.py:2573} INFO - Sync 1 DAGs
[2022-09-24T07:41:50.169+0000] {logging_mixin.py:117} INFO - [2022-09-24T07:41:50.169+0000] {dag.py:3328} INFO - Setting next_dagrun for example_branch_python_operator_decorator to 2022-09-23T00:00:00+00:00, run_after=2022-09-24T00:00:00+00:00
[2022-09-24T07:41:50.183+0000] {processor.py:178} INFO - Processing /home/airflow/.local/lib/python3.7/site-packages/airflow/example_dags/example_branch_operator_decorator.py took 0.080 seconds
[2022-09-24T07:42:20.469+0000] {processor.py:156} INFO - Started process (PID=32908) to work on /home/airflow/.local/lib/python3.7/site-packages/airflow/example_dags/example_branch_operator_decorator.py
[2022-09-24T07:42:20.470+0000] {processor.py:758} INFO - Processing file /home/airflow/.local/lib/python3.7/site-packages/airflow/example_dags/example_branch_operator_decorator.py for tasks to queue
[2022-09-24T07:42:20.471+0000] {logging_mixin.py:117} INFO - [2022-09-24T07:42:20.471+0000] {dagbag.py:525} INFO - Filling up the DagBag from /home/airflow/.local/lib/python3.7/site-packages/airflow/example_dags/example_branch_operator_decorator.py
[2022-09-24T07:42:20.489+0000] {processor.py:768} INFO - DAG(s) dict_keys(['example_branch_python_operator_decorator']) retrieved from /home/airflow/.local/lib/python3.7/site-packages/airflow/example_dags/example_branch_operator_decorator.py
[2022-09-24T07:42:20.516+0000] {logging_mixin.py:117} INFO - [2022-09-24T07:42:20.516+0000] {dag.py:2573} INFO - Sync 1 DAGs
[2022-09-24T07:42:20.532+0000] {logging_mixin.py:117} INFO - [2022-09-24T07:42:20.532+0000] {dag.py:3328} INFO - Setting next_dagrun for example_branch_python_operator_decorator to 2022-09-23T00:00:00+00:00, run_after=2022-09-24T00:00:00+00:00
[2022-09-24T07:42:20.545+0000] {processor.py:178} INFO - Processing /home/airflow/.local/lib/python3.7/site-packages/airflow/example_dags/example_branch_operator_decorator.py took 0.078 seconds
[2022-09-24T07:42:50.666+0000] {processor.py:156} INFO - Started process (PID=32971) to work on /home/airflow/.local/lib/python3.7/site-packages/airflow/example_dags/example_branch_operator_decorator.py
[2022-09-24T07:42:50.668+0000] {processor.py:758} INFO - Processing file /home/airflow/.local/lib/python3.7/site-packages/airflow/example_dags/example_branch_operator_decorator.py for tasks to queue
[2022-09-24T07:42:50.670+0000] {logging_mixin.py:117} INFO - [2022-09-24T07:42:50.670+0000] {dagbag.py:525} INFO - Filling up the DagBag from /home/airflow/.local/lib/python3.7/site-packages/airflow/example_dags/example_branch_operator_decorator.py
[2022-09-24T07:42:50.684+0000] {processor.py:768} INFO - DAG(s) dict_keys(['example_branch_python_operator_decorator']) retrieved from /home/airflow/.local/lib/python3.7/site-packages/airflow/example_dags/example_branch_operator_decorator.py
[2022-09-24T07:42:50.710+0000] {logging_mixin.py:117} INFO - [2022-09-24T07:42:50.710+0000] {dag.py:2573} INFO - Sync 1 DAGs
[2022-09-24T07:42:50.725+0000] {logging_mixin.py:117} INFO - [2022-09-24T07:42:50.725+0000] {dag.py:3328} INFO - Setting next_dagrun for example_branch_python_operator_decorator to 2022-09-23T00:00:00+00:00, run_after=2022-09-24T00:00:00+00:00
[2022-09-24T07:42:50.736+0000] {processor.py:178} INFO - Processing /home/airflow/.local/lib/python3.7/site-packages/airflow/example_dags/example_branch_operator_decorator.py took 0.072 seconds
[2022-09-24T07:43:20.981+0000] {processor.py:156} INFO - Started process (PID=33034) to work on /home/airflow/.local/lib/python3.7/site-packages/airflow/example_dags/example_branch_operator_decorator.py
[2022-09-24T07:43:20.983+0000] {processor.py:758} INFO - Processing file /home/airflow/.local/lib/python3.7/site-packages/airflow/example_dags/example_branch_operator_decorator.py for tasks to queue
[2022-09-24T07:43:20.983+0000] {logging_mixin.py:117} INFO - [2022-09-24T07:43:20.983+0000] {dagbag.py:525} INFO - Filling up the DagBag from /home/airflow/.local/lib/python3.7/site-packages/airflow/example_dags/example_branch_operator_decorator.py
[2022-09-24T07:43:21.000+0000] {processor.py:768} INFO - DAG(s) dict_keys(['example_branch_python_operator_decorator']) retrieved from /home/airflow/.local/lib/python3.7/site-packages/airflow/example_dags/example_branch_operator_decorator.py
[2022-09-24T07:43:21.027+0000] {logging_mixin.py:117} INFO - [2022-09-24T07:43:21.027+0000] {dag.py:2573} INFO - Sync 1 DAGs
[2022-09-24T07:43:21.044+0000] {logging_mixin.py:117} INFO - [2022-09-24T07:43:21.044+0000] {dag.py:3328} INFO - Setting next_dagrun for example_branch_python_operator_decorator to 2022-09-23T00:00:00+00:00, run_after=2022-09-24T00:00:00+00:00
[2022-09-24T07:43:21.055+0000] {processor.py:178} INFO - Processing /home/airflow/.local/lib/python3.7/site-packages/airflow/example_dags/example_branch_operator_decorator.py took 0.076 seconds
[2022-09-24T07:43:51.115+0000] {processor.py:156} INFO - Started process (PID=33088) to work on /home/airflow/.local/lib/python3.7/site-packages/airflow/example_dags/example_branch_operator_decorator.py
[2022-09-24T07:43:51.116+0000] {processor.py:758} INFO - Processing file /home/airflow/.local/lib/python3.7/site-packages/airflow/example_dags/example_branch_operator_decorator.py for tasks to queue
[2022-09-24T07:43:51.118+0000] {logging_mixin.py:117} INFO - [2022-09-24T07:43:51.118+0000] {dagbag.py:525} INFO - Filling up the DagBag from /home/airflow/.local/lib/python3.7/site-packages/airflow/example_dags/example_branch_operator_decorator.py
[2022-09-24T07:43:51.135+0000] {processor.py:768} INFO - DAG(s) dict_keys(['example_branch_python_operator_decorator']) retrieved from /home/airflow/.local/lib/python3.7/site-packages/airflow/example_dags/example_branch_operator_decorator.py
[2022-09-24T07:43:51.165+0000] {logging_mixin.py:117} INFO - [2022-09-24T07:43:51.165+0000] {dag.py:2573} INFO - Sync 1 DAGs
[2022-09-24T07:43:51.184+0000] {logging_mixin.py:117} INFO - [2022-09-24T07:43:51.184+0000] {dag.py:3328} INFO - Setting next_dagrun for example_branch_python_operator_decorator to 2022-09-23T00:00:00+00:00, run_after=2022-09-24T00:00:00+00:00
[2022-09-24T07:43:51.195+0000] {processor.py:178} INFO - Processing /home/airflow/.local/lib/python3.7/site-packages/airflow/example_dags/example_branch_operator_decorator.py took 0.082 seconds
[2022-09-24T07:44:21.475+0000] {processor.py:156} INFO - Started process (PID=33150) to work on /home/airflow/.local/lib/python3.7/site-packages/airflow/example_dags/example_branch_operator_decorator.py
[2022-09-24T07:44:21.477+0000] {processor.py:758} INFO - Processing file /home/airflow/.local/lib/python3.7/site-packages/airflow/example_dags/example_branch_operator_decorator.py for tasks to queue
[2022-09-24T07:44:21.477+0000] {logging_mixin.py:117} INFO - [2022-09-24T07:44:21.477+0000] {dagbag.py:525} INFO - Filling up the DagBag from /home/airflow/.local/lib/python3.7/site-packages/airflow/example_dags/example_branch_operator_decorator.py
[2022-09-24T07:44:21.496+0000] {processor.py:768} INFO - DAG(s) dict_keys(['example_branch_python_operator_decorator']) retrieved from /home/airflow/.local/lib/python3.7/site-packages/airflow/example_dags/example_branch_operator_decorator.py
[2022-09-24T07:44:21.524+0000] {logging_mixin.py:117} INFO - [2022-09-24T07:44:21.524+0000] {dag.py:2573} INFO - Sync 1 DAGs
[2022-09-24T07:44:21.541+0000] {logging_mixin.py:117} INFO - [2022-09-24T07:44:21.541+0000] {dag.py:3328} INFO - Setting next_dagrun for example_branch_python_operator_decorator to 2022-09-23T00:00:00+00:00, run_after=2022-09-24T00:00:00+00:00
[2022-09-24T07:44:21.556+0000] {processor.py:178} INFO - Processing /home/airflow/.local/lib/python3.7/site-packages/airflow/example_dags/example_branch_operator_decorator.py took 0.083 seconds
[2022-09-24T07:44:51.746+0000] {processor.py:156} INFO - Started process (PID=33214) to work on /home/airflow/.local/lib/python3.7/site-packages/airflow/example_dags/example_branch_operator_decorator.py
[2022-09-24T07:44:51.747+0000] {processor.py:758} INFO - Processing file /home/airflow/.local/lib/python3.7/site-packages/airflow/example_dags/example_branch_operator_decorator.py for tasks to queue
[2022-09-24T07:44:51.748+0000] {logging_mixin.py:117} INFO - [2022-09-24T07:44:51.748+0000] {dagbag.py:525} INFO - Filling up the DagBag from /home/airflow/.local/lib/python3.7/site-packages/airflow/example_dags/example_branch_operator_decorator.py
[2022-09-24T07:44:51.762+0000] {processor.py:768} INFO - DAG(s) dict_keys(['example_branch_python_operator_decorator']) retrieved from /home/airflow/.local/lib/python3.7/site-packages/airflow/example_dags/example_branch_operator_decorator.py
[2022-09-24T07:44:51.789+0000] {logging_mixin.py:117} INFO - [2022-09-24T07:44:51.789+0000] {dag.py:2573} INFO - Sync 1 DAGs
[2022-09-24T07:44:51.805+0000] {logging_mixin.py:117} INFO - [2022-09-24T07:44:51.805+0000] {dag.py:3328} INFO - Setting next_dagrun for example_branch_python_operator_decorator to 2022-09-23T00:00:00+00:00, run_after=2022-09-24T00:00:00+00:00
[2022-09-24T07:44:51.816+0000] {processor.py:178} INFO - Processing /home/airflow/.local/lib/python3.7/site-packages/airflow/example_dags/example_branch_operator_decorator.py took 0.073 seconds
[2022-09-24T07:45:22.081+0000] {processor.py:156} INFO - Started process (PID=33278) to work on /home/airflow/.local/lib/python3.7/site-packages/airflow/example_dags/example_branch_operator_decorator.py
[2022-09-24T07:45:22.083+0000] {processor.py:758} INFO - Processing file /home/airflow/.local/lib/python3.7/site-packages/airflow/example_dags/example_branch_operator_decorator.py for tasks to queue
[2022-09-24T07:45:22.084+0000] {logging_mixin.py:117} INFO - [2022-09-24T07:45:22.083+0000] {dagbag.py:525} INFO - Filling up the DagBag from /home/airflow/.local/lib/python3.7/site-packages/airflow/example_dags/example_branch_operator_decorator.py
[2022-09-24T07:45:22.098+0000] {processor.py:768} INFO - DAG(s) dict_keys(['example_branch_python_operator_decorator']) retrieved from /home/airflow/.local/lib/python3.7/site-packages/airflow/example_dags/example_branch_operator_decorator.py
[2022-09-24T07:45:22.123+0000] {logging_mixin.py:117} INFO - [2022-09-24T07:45:22.123+0000] {dag.py:2573} INFO - Sync 1 DAGs
[2022-09-24T07:45:22.140+0000] {logging_mixin.py:117} INFO - [2022-09-24T07:45:22.140+0000] {dag.py:3328} INFO - Setting next_dagrun for example_branch_python_operator_decorator to 2022-09-23T00:00:00+00:00, run_after=2022-09-24T00:00:00+00:00
[2022-09-24T07:45:22.153+0000] {processor.py:178} INFO - Processing /home/airflow/.local/lib/python3.7/site-packages/airflow/example_dags/example_branch_operator_decorator.py took 0.074 seconds
[2022-09-24T07:45:52.374+0000] {processor.py:156} INFO - Started process (PID=33341) to work on /home/airflow/.local/lib/python3.7/site-packages/airflow/example_dags/example_branch_operator_decorator.py
[2022-09-24T07:45:52.376+0000] {processor.py:758} INFO - Processing file /home/airflow/.local/lib/python3.7/site-packages/airflow/example_dags/example_branch_operator_decorator.py for tasks to queue
[2022-09-24T07:45:52.376+0000] {logging_mixin.py:117} INFO - [2022-09-24T07:45:52.376+0000] {dagbag.py:525} INFO - Filling up the DagBag from /home/airflow/.local/lib/python3.7/site-packages/airflow/example_dags/example_branch_operator_decorator.py
[2022-09-24T07:45:52.393+0000] {processor.py:768} INFO - DAG(s) dict_keys(['example_branch_python_operator_decorator']) retrieved from /home/airflow/.local/lib/python3.7/site-packages/airflow/example_dags/example_branch_operator_decorator.py
[2022-09-24T07:45:52.419+0000] {logging_mixin.py:117} INFO - [2022-09-24T07:45:52.419+0000] {dag.py:2573} INFO - Sync 1 DAGs
[2022-09-24T07:45:52.436+0000] {logging_mixin.py:117} INFO - [2022-09-24T07:45:52.436+0000] {dag.py:3328} INFO - Setting next_dagrun for example_branch_python_operator_decorator to 2022-09-23T00:00:00+00:00, run_after=2022-09-24T00:00:00+00:00
[2022-09-24T07:45:52.449+0000] {processor.py:178} INFO - Processing /home/airflow/.local/lib/python3.7/site-packages/airflow/example_dags/example_branch_operator_decorator.py took 0.077 seconds
[2022-09-24T07:46:22.634+0000] {processor.py:156} INFO - Started process (PID=33404) to work on /home/airflow/.local/lib/python3.7/site-packages/airflow/example_dags/example_branch_operator_decorator.py
[2022-09-24T07:46:22.636+0000] {processor.py:758} INFO - Processing file /home/airflow/.local/lib/python3.7/site-packages/airflow/example_dags/example_branch_operator_decorator.py for tasks to queue
[2022-09-24T07:46:22.637+0000] {logging_mixin.py:117} INFO - [2022-09-24T07:46:22.637+0000] {dagbag.py:525} INFO - Filling up the DagBag from /home/airflow/.local/lib/python3.7/site-packages/airflow/example_dags/example_branch_operator_decorator.py
[2022-09-24T07:46:22.653+0000] {processor.py:768} INFO - DAG(s) dict_keys(['example_branch_python_operator_decorator']) retrieved from /home/airflow/.local/lib/python3.7/site-packages/airflow/example_dags/example_branch_operator_decorator.py
[2022-09-24T07:46:22.679+0000] {logging_mixin.py:117} INFO - [2022-09-24T07:46:22.679+0000] {dag.py:2573} INFO - Sync 1 DAGs
[2022-09-24T07:46:22.696+0000] {logging_mixin.py:117} INFO - [2022-09-24T07:46:22.695+0000] {dag.py:3328} INFO - Setting next_dagrun for example_branch_python_operator_decorator to 2022-09-23T00:00:00+00:00, run_after=2022-09-24T00:00:00+00:00
[2022-09-24T07:46:22.711+0000] {processor.py:178} INFO - Processing /home/airflow/.local/lib/python3.7/site-packages/airflow/example_dags/example_branch_operator_decorator.py took 0.079 seconds
[2022-09-24T07:46:53.236+0000] {processor.py:156} INFO - Started process (PID=33468) to work on /home/airflow/.local/lib/python3.7/site-packages/airflow/example_dags/example_branch_operator_decorator.py
[2022-09-24T07:46:53.238+0000] {processor.py:758} INFO - Processing file /home/airflow/.local/lib/python3.7/site-packages/airflow/example_dags/example_branch_operator_decorator.py for tasks to queue
[2022-09-24T07:46:53.241+0000] {logging_mixin.py:117} INFO - [2022-09-24T07:46:53.241+0000] {dagbag.py:525} INFO - Filling up the DagBag from /home/airflow/.local/lib/python3.7/site-packages/airflow/example_dags/example_branch_operator_decorator.py
[2022-09-24T07:46:53.259+0000] {processor.py:768} INFO - DAG(s) dict_keys(['example_branch_python_operator_decorator']) retrieved from /home/airflow/.local/lib/python3.7/site-packages/airflow/example_dags/example_branch_operator_decorator.py
[2022-09-24T07:46:53.285+0000] {logging_mixin.py:117} INFO - [2022-09-24T07:46:53.285+0000] {dag.py:2573} INFO - Sync 1 DAGs
[2022-09-24T07:46:53.303+0000] {logging_mixin.py:117} INFO - [2022-09-24T07:46:53.302+0000] {dag.py:3328} INFO - Setting next_dagrun for example_branch_python_operator_decorator to 2022-09-23T00:00:00+00:00, run_after=2022-09-24T00:00:00+00:00
[2022-09-24T07:46:53.314+0000] {processor.py:178} INFO - Processing /home/airflow/.local/lib/python3.7/site-packages/airflow/example_dags/example_branch_operator_decorator.py took 0.083 seconds
[2022-09-24T08:22:52.676+0000] {processor.py:156} INFO - Started process (PID=33522) to work on /home/airflow/.local/lib/python3.7/site-packages/airflow/example_dags/example_branch_operator_decorator.py
[2022-09-24T08:22:52.678+0000] {processor.py:758} INFO - Processing file /home/airflow/.local/lib/python3.7/site-packages/airflow/example_dags/example_branch_operator_decorator.py for tasks to queue
[2022-09-24T08:22:52.680+0000] {logging_mixin.py:117} INFO - [2022-09-24T08:22:52.680+0000] {dagbag.py:525} INFO - Filling up the DagBag from /home/airflow/.local/lib/python3.7/site-packages/airflow/example_dags/example_branch_operator_decorator.py
[2022-09-24T08:22:52.712+0000] {processor.py:768} INFO - DAG(s) dict_keys(['example_branch_python_operator_decorator']) retrieved from /home/airflow/.local/lib/python3.7/site-packages/airflow/example_dags/example_branch_operator_decorator.py
[2022-09-24T08:22:52.762+0000] {logging_mixin.py:117} INFO - [2022-09-24T08:22:52.761+0000] {dag.py:2573} INFO - Sync 1 DAGs
[2022-09-24T08:22:52.787+0000] {logging_mixin.py:117} INFO - [2022-09-24T08:22:52.787+0000] {dag.py:3328} INFO - Setting next_dagrun for example_branch_python_operator_decorator to 2022-09-23T00:00:00+00:00, run_after=2022-09-24T00:00:00+00:00
[2022-09-24T08:22:52.809+0000] {processor.py:178} INFO - Processing /home/airflow/.local/lib/python3.7/site-packages/airflow/example_dags/example_branch_operator_decorator.py took 0.136 seconds
[2022-09-24T08:25:48.968+0000] {processor.py:156} INFO - Started process (PID=33585) to work on /home/airflow/.local/lib/python3.7/site-packages/airflow/example_dags/example_branch_operator_decorator.py
[2022-09-24T08:25:48.970+0000] {processor.py:758} INFO - Processing file /home/airflow/.local/lib/python3.7/site-packages/airflow/example_dags/example_branch_operator_decorator.py for tasks to queue
[2022-09-24T08:25:48.971+0000] {logging_mixin.py:117} INFO - [2022-09-24T08:25:48.971+0000] {dagbag.py:525} INFO - Filling up the DagBag from /home/airflow/.local/lib/python3.7/site-packages/airflow/example_dags/example_branch_operator_decorator.py
[2022-09-24T08:25:48.998+0000] {processor.py:768} INFO - DAG(s) dict_keys(['example_branch_python_operator_decorator']) retrieved from /home/airflow/.local/lib/python3.7/site-packages/airflow/example_dags/example_branch_operator_decorator.py
[2022-09-24T08:25:49.050+0000] {logging_mixin.py:117} INFO - [2022-09-24T08:25:49.050+0000] {dag.py:2573} INFO - Sync 1 DAGs
[2022-09-24T08:25:49.075+0000] {logging_mixin.py:117} INFO - [2022-09-24T08:25:49.075+0000] {dag.py:3328} INFO - Setting next_dagrun for example_branch_python_operator_decorator to 2022-09-23T00:00:00+00:00, run_after=2022-09-24T00:00:00+00:00
[2022-09-24T08:25:49.093+0000] {processor.py:178} INFO - Processing /home/airflow/.local/lib/python3.7/site-packages/airflow/example_dags/example_branch_operator_decorator.py took 0.128 seconds
[2022-09-24T08:26:19.469+0000] {processor.py:156} INFO - Started process (PID=33639) to work on /home/airflow/.local/lib/python3.7/site-packages/airflow/example_dags/example_branch_operator_decorator.py
[2022-09-24T08:26:19.470+0000] {processor.py:758} INFO - Processing file /home/airflow/.local/lib/python3.7/site-packages/airflow/example_dags/example_branch_operator_decorator.py for tasks to queue
[2022-09-24T08:26:19.472+0000] {logging_mixin.py:117} INFO - [2022-09-24T08:26:19.471+0000] {dagbag.py:525} INFO - Filling up the DagBag from /home/airflow/.local/lib/python3.7/site-packages/airflow/example_dags/example_branch_operator_decorator.py
[2022-09-24T08:26:19.489+0000] {processor.py:768} INFO - DAG(s) dict_keys(['example_branch_python_operator_decorator']) retrieved from /home/airflow/.local/lib/python3.7/site-packages/airflow/example_dags/example_branch_operator_decorator.py
[2022-09-24T08:26:19.517+0000] {logging_mixin.py:117} INFO - [2022-09-24T08:26:19.517+0000] {dag.py:2573} INFO - Sync 1 DAGs
[2022-09-24T08:26:19.535+0000] {logging_mixin.py:117} INFO - [2022-09-24T08:26:19.534+0000] {dag.py:3328} INFO - Setting next_dagrun for example_branch_python_operator_decorator to 2022-09-23T00:00:00+00:00, run_after=2022-09-24T00:00:00+00:00
[2022-09-24T08:26:19.550+0000] {processor.py:178} INFO - Processing /home/airflow/.local/lib/python3.7/site-packages/airflow/example_dags/example_branch_operator_decorator.py took 0.084 seconds
[2022-09-24T08:26:49.777+0000] {processor.py:156} INFO - Started process (PID=33702) to work on /home/airflow/.local/lib/python3.7/site-packages/airflow/example_dags/example_branch_operator_decorator.py
[2022-09-24T08:26:49.779+0000] {processor.py:758} INFO - Processing file /home/airflow/.local/lib/python3.7/site-packages/airflow/example_dags/example_branch_operator_decorator.py for tasks to queue
[2022-09-24T08:26:49.781+0000] {logging_mixin.py:117} INFO - [2022-09-24T08:26:49.781+0000] {dagbag.py:525} INFO - Filling up the DagBag from /home/airflow/.local/lib/python3.7/site-packages/airflow/example_dags/example_branch_operator_decorator.py
[2022-09-24T08:26:49.802+0000] {processor.py:768} INFO - DAG(s) dict_keys(['example_branch_python_operator_decorator']) retrieved from /home/airflow/.local/lib/python3.7/site-packages/airflow/example_dags/example_branch_operator_decorator.py
[2022-09-24T08:26:49.833+0000] {logging_mixin.py:117} INFO - [2022-09-24T08:26:49.833+0000] {dag.py:2573} INFO - Sync 1 DAGs
[2022-09-24T08:26:49.855+0000] {logging_mixin.py:117} INFO - [2022-09-24T08:26:49.855+0000] {dag.py:3328} INFO - Setting next_dagrun for example_branch_python_operator_decorator to 2022-09-23T00:00:00+00:00, run_after=2022-09-24T00:00:00+00:00
[2022-09-24T08:26:49.869+0000] {processor.py:178} INFO - Processing /home/airflow/.local/lib/python3.7/site-packages/airflow/example_dags/example_branch_operator_decorator.py took 0.095 seconds
[2022-09-24T08:27:20.174+0000] {processor.py:156} INFO - Started process (PID=33765) to work on /home/airflow/.local/lib/python3.7/site-packages/airflow/example_dags/example_branch_operator_decorator.py
[2022-09-24T08:27:20.176+0000] {processor.py:758} INFO - Processing file /home/airflow/.local/lib/python3.7/site-packages/airflow/example_dags/example_branch_operator_decorator.py for tasks to queue
[2022-09-24T08:27:20.177+0000] {logging_mixin.py:117} INFO - [2022-09-24T08:27:20.177+0000] {dagbag.py:525} INFO - Filling up the DagBag from /home/airflow/.local/lib/python3.7/site-packages/airflow/example_dags/example_branch_operator_decorator.py
[2022-09-24T08:27:20.192+0000] {processor.py:768} INFO - DAG(s) dict_keys(['example_branch_python_operator_decorator']) retrieved from /home/airflow/.local/lib/python3.7/site-packages/airflow/example_dags/example_branch_operator_decorator.py
[2022-09-24T08:27:20.219+0000] {logging_mixin.py:117} INFO - [2022-09-24T08:27:20.219+0000] {dag.py:2573} INFO - Sync 1 DAGs
[2022-09-24T08:27:20.234+0000] {logging_mixin.py:117} INFO - [2022-09-24T08:27:20.234+0000] {dag.py:3328} INFO - Setting next_dagrun for example_branch_python_operator_decorator to 2022-09-23T00:00:00+00:00, run_after=2022-09-24T00:00:00+00:00
[2022-09-24T08:27:20.245+0000] {processor.py:178} INFO - Processing /home/airflow/.local/lib/python3.7/site-packages/airflow/example_dags/example_branch_operator_decorator.py took 0.074 seconds
[2022-09-24T08:27:50.384+0000] {processor.py:156} INFO - Started process (PID=33827) to work on /home/airflow/.local/lib/python3.7/site-packages/airflow/example_dags/example_branch_operator_decorator.py
[2022-09-24T08:27:50.386+0000] {processor.py:758} INFO - Processing file /home/airflow/.local/lib/python3.7/site-packages/airflow/example_dags/example_branch_operator_decorator.py for tasks to queue
[2022-09-24T08:27:50.387+0000] {logging_mixin.py:117} INFO - [2022-09-24T08:27:50.387+0000] {dagbag.py:525} INFO - Filling up the DagBag from /home/airflow/.local/lib/python3.7/site-packages/airflow/example_dags/example_branch_operator_decorator.py
[2022-09-24T08:27:50.401+0000] {processor.py:768} INFO - DAG(s) dict_keys(['example_branch_python_operator_decorator']) retrieved from /home/airflow/.local/lib/python3.7/site-packages/airflow/example_dags/example_branch_operator_decorator.py
[2022-09-24T08:27:50.427+0000] {logging_mixin.py:117} INFO - [2022-09-24T08:27:50.427+0000] {dag.py:2573} INFO - Sync 1 DAGs
[2022-09-24T08:27:50.441+0000] {logging_mixin.py:117} INFO - [2022-09-24T08:27:50.441+0000] {dag.py:3328} INFO - Setting next_dagrun for example_branch_python_operator_decorator to 2022-09-23T00:00:00+00:00, run_after=2022-09-24T00:00:00+00:00
[2022-09-24T08:27:50.452+0000] {processor.py:178} INFO - Processing /home/airflow/.local/lib/python3.7/site-packages/airflow/example_dags/example_branch_operator_decorator.py took 0.071 seconds
[2022-09-24T08:28:20.674+0000] {processor.py:156} INFO - Started process (PID=33891) to work on /home/airflow/.local/lib/python3.7/site-packages/airflow/example_dags/example_branch_operator_decorator.py
[2022-09-24T08:28:20.676+0000] {processor.py:758} INFO - Processing file /home/airflow/.local/lib/python3.7/site-packages/airflow/example_dags/example_branch_operator_decorator.py for tasks to queue
[2022-09-24T08:28:20.677+0000] {logging_mixin.py:117} INFO - [2022-09-24T08:28:20.677+0000] {dagbag.py:525} INFO - Filling up the DagBag from /home/airflow/.local/lib/python3.7/site-packages/airflow/example_dags/example_branch_operator_decorator.py
[2022-09-24T08:28:20.693+0000] {processor.py:768} INFO - DAG(s) dict_keys(['example_branch_python_operator_decorator']) retrieved from /home/airflow/.local/lib/python3.7/site-packages/airflow/example_dags/example_branch_operator_decorator.py
[2022-09-24T08:28:20.719+0000] {logging_mixin.py:117} INFO - [2022-09-24T08:28:20.719+0000] {dag.py:2573} INFO - Sync 1 DAGs
[2022-09-24T08:28:20.733+0000] {logging_mixin.py:117} INFO - [2022-09-24T08:28:20.733+0000] {dag.py:3328} INFO - Setting next_dagrun for example_branch_python_operator_decorator to 2022-09-23T00:00:00+00:00, run_after=2022-09-24T00:00:00+00:00
[2022-09-24T08:28:20.746+0000] {processor.py:178} INFO - Processing /home/airflow/.local/lib/python3.7/site-packages/airflow/example_dags/example_branch_operator_decorator.py took 0.075 seconds
[2022-09-24T08:28:50.937+0000] {processor.py:156} INFO - Started process (PID=33954) to work on /home/airflow/.local/lib/python3.7/site-packages/airflow/example_dags/example_branch_operator_decorator.py
[2022-09-24T08:28:50.939+0000] {processor.py:758} INFO - Processing file /home/airflow/.local/lib/python3.7/site-packages/airflow/example_dags/example_branch_operator_decorator.py for tasks to queue
[2022-09-24T08:28:50.940+0000] {logging_mixin.py:117} INFO - [2022-09-24T08:28:50.940+0000] {dagbag.py:525} INFO - Filling up the DagBag from /home/airflow/.local/lib/python3.7/site-packages/airflow/example_dags/example_branch_operator_decorator.py
[2022-09-24T08:28:50.956+0000] {processor.py:768} INFO - DAG(s) dict_keys(['example_branch_python_operator_decorator']) retrieved from /home/airflow/.local/lib/python3.7/site-packages/airflow/example_dags/example_branch_operator_decorator.py
[2022-09-24T08:28:50.981+0000] {logging_mixin.py:117} INFO - [2022-09-24T08:28:50.981+0000] {dag.py:2573} INFO - Sync 1 DAGs
[2022-09-24T08:28:50.996+0000] {logging_mixin.py:117} INFO - [2022-09-24T08:28:50.996+0000] {dag.py:3328} INFO - Setting next_dagrun for example_branch_python_operator_decorator to 2022-09-23T00:00:00+00:00, run_after=2022-09-24T00:00:00+00:00
[2022-09-24T08:28:51.008+0000] {processor.py:178} INFO - Processing /home/airflow/.local/lib/python3.7/site-packages/airflow/example_dags/example_branch_operator_decorator.py took 0.072 seconds
[2022-09-24T08:29:21.484+0000] {processor.py:156} INFO - Started process (PID=34018) to work on /home/airflow/.local/lib/python3.7/site-packages/airflow/example_dags/example_branch_operator_decorator.py
[2022-09-24T08:29:21.486+0000] {processor.py:758} INFO - Processing file /home/airflow/.local/lib/python3.7/site-packages/airflow/example_dags/example_branch_operator_decorator.py for tasks to queue
[2022-09-24T08:29:21.487+0000] {logging_mixin.py:117} INFO - [2022-09-24T08:29:21.487+0000] {dagbag.py:525} INFO - Filling up the DagBag from /home/airflow/.local/lib/python3.7/site-packages/airflow/example_dags/example_branch_operator_decorator.py
[2022-09-24T08:29:21.510+0000] {processor.py:768} INFO - DAG(s) dict_keys(['example_branch_python_operator_decorator']) retrieved from /home/airflow/.local/lib/python3.7/site-packages/airflow/example_dags/example_branch_operator_decorator.py
[2022-09-24T08:29:21.540+0000] {logging_mixin.py:117} INFO - [2022-09-24T08:29:21.539+0000] {dag.py:2573} INFO - Sync 1 DAGs
[2022-09-24T08:29:21.555+0000] {logging_mixin.py:117} INFO - [2022-09-24T08:29:21.555+0000] {dag.py:3328} INFO - Setting next_dagrun for example_branch_python_operator_decorator to 2022-09-23T00:00:00+00:00, run_after=2022-09-24T00:00:00+00:00
[2022-09-24T08:29:21.568+0000] {processor.py:178} INFO - Processing /home/airflow/.local/lib/python3.7/site-packages/airflow/example_dags/example_branch_operator_decorator.py took 0.086 seconds
[2022-09-24T08:29:51.868+0000] {processor.py:156} INFO - Started process (PID=34072) to work on /home/airflow/.local/lib/python3.7/site-packages/airflow/example_dags/example_branch_operator_decorator.py
[2022-09-24T08:29:51.870+0000] {processor.py:758} INFO - Processing file /home/airflow/.local/lib/python3.7/site-packages/airflow/example_dags/example_branch_operator_decorator.py for tasks to queue
[2022-09-24T08:29:51.871+0000] {logging_mixin.py:117} INFO - [2022-09-24T08:29:51.871+0000] {dagbag.py:525} INFO - Filling up the DagBag from /home/airflow/.local/lib/python3.7/site-packages/airflow/example_dags/example_branch_operator_decorator.py
[2022-09-24T08:29:51.893+0000] {processor.py:768} INFO - DAG(s) dict_keys(['example_branch_python_operator_decorator']) retrieved from /home/airflow/.local/lib/python3.7/site-packages/airflow/example_dags/example_branch_operator_decorator.py
[2022-09-24T08:29:51.924+0000] {logging_mixin.py:117} INFO - [2022-09-24T08:29:51.924+0000] {dag.py:2573} INFO - Sync 1 DAGs
[2022-09-24T08:29:51.939+0000] {logging_mixin.py:117} INFO - [2022-09-24T08:29:51.939+0000] {dag.py:3328} INFO - Setting next_dagrun for example_branch_python_operator_decorator to 2022-09-23T00:00:00+00:00, run_after=2022-09-24T00:00:00+00:00
[2022-09-24T08:29:51.951+0000] {processor.py:178} INFO - Processing /home/airflow/.local/lib/python3.7/site-packages/airflow/example_dags/example_branch_operator_decorator.py took 0.085 seconds
[2022-09-24T08:30:22.115+0000] {processor.py:156} INFO - Started process (PID=34135) to work on /home/airflow/.local/lib/python3.7/site-packages/airflow/example_dags/example_branch_operator_decorator.py
[2022-09-24T08:30:22.116+0000] {processor.py:758} INFO - Processing file /home/airflow/.local/lib/python3.7/site-packages/airflow/example_dags/example_branch_operator_decorator.py for tasks to queue
[2022-09-24T08:30:22.117+0000] {logging_mixin.py:117} INFO - [2022-09-24T08:30:22.117+0000] {dagbag.py:525} INFO - Filling up the DagBag from /home/airflow/.local/lib/python3.7/site-packages/airflow/example_dags/example_branch_operator_decorator.py
[2022-09-24T08:30:22.132+0000] {processor.py:768} INFO - DAG(s) dict_keys(['example_branch_python_operator_decorator']) retrieved from /home/airflow/.local/lib/python3.7/site-packages/airflow/example_dags/example_branch_operator_decorator.py
[2022-09-24T08:30:22.161+0000] {logging_mixin.py:117} INFO - [2022-09-24T08:30:22.160+0000] {dag.py:2573} INFO - Sync 1 DAGs
[2022-09-24T08:30:22.176+0000] {logging_mixin.py:117} INFO - [2022-09-24T08:30:22.176+0000] {dag.py:3328} INFO - Setting next_dagrun for example_branch_python_operator_decorator to 2022-09-23T00:00:00+00:00, run_after=2022-09-24T00:00:00+00:00
[2022-09-24T08:30:22.192+0000] {processor.py:178} INFO - Processing /home/airflow/.local/lib/python3.7/site-packages/airflow/example_dags/example_branch_operator_decorator.py took 0.079 seconds
[2022-09-24T08:30:52.381+0000] {processor.py:156} INFO - Started process (PID=34199) to work on /home/airflow/.local/lib/python3.7/site-packages/airflow/example_dags/example_branch_operator_decorator.py
[2022-09-24T08:30:52.383+0000] {processor.py:758} INFO - Processing file /home/airflow/.local/lib/python3.7/site-packages/airflow/example_dags/example_branch_operator_decorator.py for tasks to queue
[2022-09-24T08:30:52.384+0000] {logging_mixin.py:117} INFO - [2022-09-24T08:30:52.384+0000] {dagbag.py:525} INFO - Filling up the DagBag from /home/airflow/.local/lib/python3.7/site-packages/airflow/example_dags/example_branch_operator_decorator.py
[2022-09-24T08:30:52.399+0000] {processor.py:768} INFO - DAG(s) dict_keys(['example_branch_python_operator_decorator']) retrieved from /home/airflow/.local/lib/python3.7/site-packages/airflow/example_dags/example_branch_operator_decorator.py
[2022-09-24T08:30:52.425+0000] {logging_mixin.py:117} INFO - [2022-09-24T08:30:52.425+0000] {dag.py:2573} INFO - Sync 1 DAGs
[2022-09-24T08:30:52.441+0000] {logging_mixin.py:117} INFO - [2022-09-24T08:30:52.441+0000] {dag.py:3328} INFO - Setting next_dagrun for example_branch_python_operator_decorator to 2022-09-23T00:00:00+00:00, run_after=2022-09-24T00:00:00+00:00
[2022-09-24T08:30:52.453+0000] {processor.py:178} INFO - Processing /home/airflow/.local/lib/python3.7/site-packages/airflow/example_dags/example_branch_operator_decorator.py took 0.074 seconds
[2022-09-24T08:31:22.712+0000] {processor.py:156} INFO - Started process (PID=34262) to work on /home/airflow/.local/lib/python3.7/site-packages/airflow/example_dags/example_branch_operator_decorator.py
[2022-09-24T08:31:22.713+0000] {processor.py:758} INFO - Processing file /home/airflow/.local/lib/python3.7/site-packages/airflow/example_dags/example_branch_operator_decorator.py for tasks to queue
[2022-09-24T08:31:22.714+0000] {logging_mixin.py:117} INFO - [2022-09-24T08:31:22.714+0000] {dagbag.py:525} INFO - Filling up the DagBag from /home/airflow/.local/lib/python3.7/site-packages/airflow/example_dags/example_branch_operator_decorator.py
[2022-09-24T08:31:22.730+0000] {processor.py:768} INFO - DAG(s) dict_keys(['example_branch_python_operator_decorator']) retrieved from /home/airflow/.local/lib/python3.7/site-packages/airflow/example_dags/example_branch_operator_decorator.py
[2022-09-24T08:31:22.758+0000] {logging_mixin.py:117} INFO - [2022-09-24T08:31:22.758+0000] {dag.py:2573} INFO - Sync 1 DAGs
[2022-09-24T08:31:22.774+0000] {logging_mixin.py:117} INFO - [2022-09-24T08:31:22.774+0000] {dag.py:3328} INFO - Setting next_dagrun for example_branch_python_operator_decorator to 2022-09-23T00:00:00+00:00, run_after=2022-09-24T00:00:00+00:00
[2022-09-24T08:31:22.787+0000] {processor.py:178} INFO - Processing /home/airflow/.local/lib/python3.7/site-packages/airflow/example_dags/example_branch_operator_decorator.py took 0.077 seconds
[2022-09-24T08:31:52.948+0000] {processor.py:156} INFO - Started process (PID=34324) to work on /home/airflow/.local/lib/python3.7/site-packages/airflow/example_dags/example_branch_operator_decorator.py
[2022-09-24T08:31:52.949+0000] {processor.py:758} INFO - Processing file /home/airflow/.local/lib/python3.7/site-packages/airflow/example_dags/example_branch_operator_decorator.py for tasks to queue
[2022-09-24T08:31:52.951+0000] {logging_mixin.py:117} INFO - [2022-09-24T08:31:52.951+0000] {dagbag.py:525} INFO - Filling up the DagBag from /home/airflow/.local/lib/python3.7/site-packages/airflow/example_dags/example_branch_operator_decorator.py
[2022-09-24T08:31:52.967+0000] {processor.py:768} INFO - DAG(s) dict_keys(['example_branch_python_operator_decorator']) retrieved from /home/airflow/.local/lib/python3.7/site-packages/airflow/example_dags/example_branch_operator_decorator.py
[2022-09-24T08:31:52.996+0000] {logging_mixin.py:117} INFO - [2022-09-24T08:31:52.996+0000] {dag.py:2573} INFO - Sync 1 DAGs
[2022-09-24T08:31:53.016+0000] {logging_mixin.py:117} INFO - [2022-09-24T08:31:53.016+0000] {dag.py:3328} INFO - Setting next_dagrun for example_branch_python_operator_decorator to 2022-09-23T00:00:00+00:00, run_after=2022-09-24T00:00:00+00:00
[2022-09-24T08:31:53.028+0000] {processor.py:178} INFO - Processing /home/airflow/.local/lib/python3.7/site-packages/airflow/example_dags/example_branch_operator_decorator.py took 0.082 seconds
[2022-09-24T08:32:23.194+0000] {processor.py:156} INFO - Started process (PID=34384) to work on /home/airflow/.local/lib/python3.7/site-packages/airflow/example_dags/example_branch_operator_decorator.py
[2022-09-24T08:32:23.196+0000] {processor.py:758} INFO - Processing file /home/airflow/.local/lib/python3.7/site-packages/airflow/example_dags/example_branch_operator_decorator.py for tasks to queue
[2022-09-24T08:32:23.197+0000] {logging_mixin.py:117} INFO - [2022-09-24T08:32:23.197+0000] {dagbag.py:525} INFO - Filling up the DagBag from /home/airflow/.local/lib/python3.7/site-packages/airflow/example_dags/example_branch_operator_decorator.py
[2022-09-24T08:32:23.214+0000] {processor.py:768} INFO - DAG(s) dict_keys(['example_branch_python_operator_decorator']) retrieved from /home/airflow/.local/lib/python3.7/site-packages/airflow/example_dags/example_branch_operator_decorator.py
[2022-09-24T08:32:23.241+0000] {logging_mixin.py:117} INFO - [2022-09-24T08:32:23.241+0000] {dag.py:2573} INFO - Sync 1 DAGs
[2022-09-24T08:32:23.258+0000] {logging_mixin.py:117} INFO - [2022-09-24T08:32:23.258+0000] {dag.py:3328} INFO - Setting next_dagrun for example_branch_python_operator_decorator to 2022-09-23T00:00:00+00:00, run_after=2022-09-24T00:00:00+00:00
[2022-09-24T08:32:23.275+0000] {processor.py:178} INFO - Processing /home/airflow/.local/lib/python3.7/site-packages/airflow/example_dags/example_branch_operator_decorator.py took 0.083 seconds
[2022-09-24T08:32:53.660+0000] {processor.py:156} INFO - Started process (PID=34440) to work on /home/airflow/.local/lib/python3.7/site-packages/airflow/example_dags/example_branch_operator_decorator.py
[2022-09-24T08:32:53.662+0000] {processor.py:758} INFO - Processing file /home/airflow/.local/lib/python3.7/site-packages/airflow/example_dags/example_branch_operator_decorator.py for tasks to queue
[2022-09-24T08:32:53.663+0000] {logging_mixin.py:117} INFO - [2022-09-24T08:32:53.663+0000] {dagbag.py:525} INFO - Filling up the DagBag from /home/airflow/.local/lib/python3.7/site-packages/airflow/example_dags/example_branch_operator_decorator.py
[2022-09-24T08:32:53.681+0000] {processor.py:768} INFO - DAG(s) dict_keys(['example_branch_python_operator_decorator']) retrieved from /home/airflow/.local/lib/python3.7/site-packages/airflow/example_dags/example_branch_operator_decorator.py
[2022-09-24T08:32:53.714+0000] {logging_mixin.py:117} INFO - [2022-09-24T08:32:53.714+0000] {dag.py:2573} INFO - Sync 1 DAGs
[2022-09-24T08:32:53.736+0000] {logging_mixin.py:117} INFO - [2022-09-24T08:32:53.736+0000] {dag.py:3328} INFO - Setting next_dagrun for example_branch_python_operator_decorator to 2022-09-23T00:00:00+00:00, run_after=2022-09-24T00:00:00+00:00
[2022-09-24T08:32:53.751+0000] {processor.py:178} INFO - Processing /home/airflow/.local/lib/python3.7/site-packages/airflow/example_dags/example_branch_operator_decorator.py took 0.094 seconds
[2022-09-24T08:33:24.018+0000] {processor.py:156} INFO - Started process (PID=34503) to work on /home/airflow/.local/lib/python3.7/site-packages/airflow/example_dags/example_branch_operator_decorator.py
[2022-09-24T08:33:24.019+0000] {processor.py:758} INFO - Processing file /home/airflow/.local/lib/python3.7/site-packages/airflow/example_dags/example_branch_operator_decorator.py for tasks to queue
[2022-09-24T08:33:24.021+0000] {logging_mixin.py:117} INFO - [2022-09-24T08:33:24.021+0000] {dagbag.py:525} INFO - Filling up the DagBag from /home/airflow/.local/lib/python3.7/site-packages/airflow/example_dags/example_branch_operator_decorator.py
[2022-09-24T08:33:24.038+0000] {processor.py:768} INFO - DAG(s) dict_keys(['example_branch_python_operator_decorator']) retrieved from /home/airflow/.local/lib/python3.7/site-packages/airflow/example_dags/example_branch_operator_decorator.py
[2022-09-24T08:33:24.069+0000] {logging_mixin.py:117} INFO - [2022-09-24T08:33:24.069+0000] {dag.py:2573} INFO - Sync 1 DAGs
[2022-09-24T08:33:24.089+0000] {logging_mixin.py:117} INFO - [2022-09-24T08:33:24.089+0000] {dag.py:3328} INFO - Setting next_dagrun for example_branch_python_operator_decorator to 2022-09-23T00:00:00+00:00, run_after=2022-09-24T00:00:00+00:00
[2022-09-24T08:33:24.101+0000] {processor.py:178} INFO - Processing /home/airflow/.local/lib/python3.7/site-packages/airflow/example_dags/example_branch_operator_decorator.py took 0.086 seconds
[2022-09-24T08:33:54.470+0000] {processor.py:156} INFO - Started process (PID=34566) to work on /home/airflow/.local/lib/python3.7/site-packages/airflow/example_dags/example_branch_operator_decorator.py
[2022-09-24T08:33:54.472+0000] {processor.py:758} INFO - Processing file /home/airflow/.local/lib/python3.7/site-packages/airflow/example_dags/example_branch_operator_decorator.py for tasks to queue
[2022-09-24T08:33:54.473+0000] {logging_mixin.py:117} INFO - [2022-09-24T08:33:54.473+0000] {dagbag.py:525} INFO - Filling up the DagBag from /home/airflow/.local/lib/python3.7/site-packages/airflow/example_dags/example_branch_operator_decorator.py
[2022-09-24T08:33:54.488+0000] {processor.py:768} INFO - DAG(s) dict_keys(['example_branch_python_operator_decorator']) retrieved from /home/airflow/.local/lib/python3.7/site-packages/airflow/example_dags/example_branch_operator_decorator.py
[2022-09-24T08:33:54.514+0000] {logging_mixin.py:117} INFO - [2022-09-24T08:33:54.514+0000] {dag.py:2573} INFO - Sync 1 DAGs
[2022-09-24T08:33:54.528+0000] {logging_mixin.py:117} INFO - [2022-09-24T08:33:54.528+0000] {dag.py:3328} INFO - Setting next_dagrun for example_branch_python_operator_decorator to 2022-09-23T00:00:00+00:00, run_after=2022-09-24T00:00:00+00:00
[2022-09-24T08:33:54.539+0000] {processor.py:178} INFO - Processing /home/airflow/.local/lib/python3.7/site-packages/airflow/example_dags/example_branch_operator_decorator.py took 0.072 seconds
[2022-09-24T08:34:24.754+0000] {processor.py:156} INFO - Started process (PID=34629) to work on /home/airflow/.local/lib/python3.7/site-packages/airflow/example_dags/example_branch_operator_decorator.py
[2022-09-24T08:34:24.756+0000] {processor.py:758} INFO - Processing file /home/airflow/.local/lib/python3.7/site-packages/airflow/example_dags/example_branch_operator_decorator.py for tasks to queue
[2022-09-24T08:34:24.757+0000] {logging_mixin.py:117} INFO - [2022-09-24T08:34:24.756+0000] {dagbag.py:525} INFO - Filling up the DagBag from /home/airflow/.local/lib/python3.7/site-packages/airflow/example_dags/example_branch_operator_decorator.py
[2022-09-24T08:34:24.772+0000] {processor.py:768} INFO - DAG(s) dict_keys(['example_branch_python_operator_decorator']) retrieved from /home/airflow/.local/lib/python3.7/site-packages/airflow/example_dags/example_branch_operator_decorator.py
[2022-09-24T08:34:24.799+0000] {logging_mixin.py:117} INFO - [2022-09-24T08:34:24.799+0000] {dag.py:2573} INFO - Sync 1 DAGs
[2022-09-24T08:34:24.815+0000] {logging_mixin.py:117} INFO - [2022-09-24T08:34:24.815+0000] {dag.py:3328} INFO - Setting next_dagrun for example_branch_python_operator_decorator to 2022-09-23T00:00:00+00:00, run_after=2022-09-24T00:00:00+00:00
[2022-09-24T08:34:24.830+0000] {processor.py:178} INFO - Processing /home/airflow/.local/lib/python3.7/site-packages/airflow/example_dags/example_branch_operator_decorator.py took 0.078 seconds
[2022-09-24T08:34:55.032+0000] {processor.py:156} INFO - Started process (PID=34691) to work on /home/airflow/.local/lib/python3.7/site-packages/airflow/example_dags/example_branch_operator_decorator.py
[2022-09-24T08:34:55.033+0000] {processor.py:758} INFO - Processing file /home/airflow/.local/lib/python3.7/site-packages/airflow/example_dags/example_branch_operator_decorator.py for tasks to queue
[2022-09-24T08:34:55.035+0000] {logging_mixin.py:117} INFO - [2022-09-24T08:34:55.035+0000] {dagbag.py:525} INFO - Filling up the DagBag from /home/airflow/.local/lib/python3.7/site-packages/airflow/example_dags/example_branch_operator_decorator.py
[2022-09-24T08:34:55.049+0000] {processor.py:768} INFO - DAG(s) dict_keys(['example_branch_python_operator_decorator']) retrieved from /home/airflow/.local/lib/python3.7/site-packages/airflow/example_dags/example_branch_operator_decorator.py
[2022-09-24T08:34:55.074+0000] {logging_mixin.py:117} INFO - [2022-09-24T08:34:55.074+0000] {dag.py:2573} INFO - Sync 1 DAGs
[2022-09-24T08:34:55.088+0000] {logging_mixin.py:117} INFO - [2022-09-24T08:34:55.088+0000] {dag.py:3328} INFO - Setting next_dagrun for example_branch_python_operator_decorator to 2022-09-23T00:00:00+00:00, run_after=2022-09-24T00:00:00+00:00
[2022-09-24T08:34:55.099+0000] {processor.py:178} INFO - Processing /home/airflow/.local/lib/python3.7/site-packages/airflow/example_dags/example_branch_operator_decorator.py took 0.069 seconds
[2022-09-24T08:35:25.600+0000] {processor.py:156} INFO - Started process (PID=34755) to work on /home/airflow/.local/lib/python3.7/site-packages/airflow/example_dags/example_branch_operator_decorator.py
[2022-09-24T08:35:25.602+0000] {processor.py:758} INFO - Processing file /home/airflow/.local/lib/python3.7/site-packages/airflow/example_dags/example_branch_operator_decorator.py for tasks to queue
[2022-09-24T08:35:25.603+0000] {logging_mixin.py:117} INFO - [2022-09-24T08:35:25.603+0000] {dagbag.py:525} INFO - Filling up the DagBag from /home/airflow/.local/lib/python3.7/site-packages/airflow/example_dags/example_branch_operator_decorator.py
[2022-09-24T08:35:25.619+0000] {processor.py:768} INFO - DAG(s) dict_keys(['example_branch_python_operator_decorator']) retrieved from /home/airflow/.local/lib/python3.7/site-packages/airflow/example_dags/example_branch_operator_decorator.py
[2022-09-24T08:35:25.645+0000] {logging_mixin.py:117} INFO - [2022-09-24T08:35:25.645+0000] {dag.py:2573} INFO - Sync 1 DAGs
[2022-09-24T08:35:25.660+0000] {logging_mixin.py:117} INFO - [2022-09-24T08:35:25.660+0000] {dag.py:3328} INFO - Setting next_dagrun for example_branch_python_operator_decorator to 2022-09-23T00:00:00+00:00, run_after=2022-09-24T00:00:00+00:00
[2022-09-24T08:35:25.672+0000] {processor.py:178} INFO - Processing /home/airflow/.local/lib/python3.7/site-packages/airflow/example_dags/example_branch_operator_decorator.py took 0.074 seconds
[2022-09-24T08:35:55.895+0000] {processor.py:156} INFO - Started process (PID=34809) to work on /home/airflow/.local/lib/python3.7/site-packages/airflow/example_dags/example_branch_operator_decorator.py
[2022-09-24T08:35:55.897+0000] {processor.py:758} INFO - Processing file /home/airflow/.local/lib/python3.7/site-packages/airflow/example_dags/example_branch_operator_decorator.py for tasks to queue
[2022-09-24T08:35:55.898+0000] {logging_mixin.py:117} INFO - [2022-09-24T08:35:55.898+0000] {dagbag.py:525} INFO - Filling up the DagBag from /home/airflow/.local/lib/python3.7/site-packages/airflow/example_dags/example_branch_operator_decorator.py
[2022-09-24T08:35:55.917+0000] {processor.py:768} INFO - DAG(s) dict_keys(['example_branch_python_operator_decorator']) retrieved from /home/airflow/.local/lib/python3.7/site-packages/airflow/example_dags/example_branch_operator_decorator.py
[2022-09-24T08:35:55.958+0000] {logging_mixin.py:117} INFO - [2022-09-24T08:35:55.958+0000] {dag.py:2573} INFO - Sync 1 DAGs
[2022-09-24T08:35:55.980+0000] {logging_mixin.py:117} INFO - [2022-09-24T08:35:55.980+0000] {dag.py:3328} INFO - Setting next_dagrun for example_branch_python_operator_decorator to 2022-09-23T00:00:00+00:00, run_after=2022-09-24T00:00:00+00:00
[2022-09-24T08:35:55.999+0000] {processor.py:178} INFO - Processing /home/airflow/.local/lib/python3.7/site-packages/airflow/example_dags/example_branch_operator_decorator.py took 0.107 seconds
[2022-09-24T08:36:26.142+0000] {processor.py:156} INFO - Started process (PID=34872) to work on /home/airflow/.local/lib/python3.7/site-packages/airflow/example_dags/example_branch_operator_decorator.py
[2022-09-24T08:36:26.145+0000] {processor.py:758} INFO - Processing file /home/airflow/.local/lib/python3.7/site-packages/airflow/example_dags/example_branch_operator_decorator.py for tasks to queue
[2022-09-24T08:36:26.146+0000] {logging_mixin.py:117} INFO - [2022-09-24T08:36:26.146+0000] {dagbag.py:525} INFO - Filling up the DagBag from /home/airflow/.local/lib/python3.7/site-packages/airflow/example_dags/example_branch_operator_decorator.py
[2022-09-24T08:36:26.161+0000] {processor.py:768} INFO - DAG(s) dict_keys(['example_branch_python_operator_decorator']) retrieved from /home/airflow/.local/lib/python3.7/site-packages/airflow/example_dags/example_branch_operator_decorator.py
[2022-09-24T08:36:26.185+0000] {logging_mixin.py:117} INFO - [2022-09-24T08:36:26.185+0000] {dag.py:2573} INFO - Sync 1 DAGs
[2022-09-24T08:36:26.199+0000] {logging_mixin.py:117} INFO - [2022-09-24T08:36:26.199+0000] {dag.py:3328} INFO - Setting next_dagrun for example_branch_python_operator_decorator to 2022-09-23T00:00:00+00:00, run_after=2022-09-24T00:00:00+00:00
[2022-09-24T08:36:26.210+0000] {processor.py:178} INFO - Processing /home/airflow/.local/lib/python3.7/site-packages/airflow/example_dags/example_branch_operator_decorator.py took 0.070 seconds
[2022-09-24T08:36:56.488+0000] {processor.py:156} INFO - Started process (PID=34935) to work on /home/airflow/.local/lib/python3.7/site-packages/airflow/example_dags/example_branch_operator_decorator.py
[2022-09-24T08:36:56.489+0000] {processor.py:758} INFO - Processing file /home/airflow/.local/lib/python3.7/site-packages/airflow/example_dags/example_branch_operator_decorator.py for tasks to queue
[2022-09-24T08:36:56.490+0000] {logging_mixin.py:117} INFO - [2022-09-24T08:36:56.490+0000] {dagbag.py:525} INFO - Filling up the DagBag from /home/airflow/.local/lib/python3.7/site-packages/airflow/example_dags/example_branch_operator_decorator.py
[2022-09-24T08:36:56.507+0000] {processor.py:768} INFO - DAG(s) dict_keys(['example_branch_python_operator_decorator']) retrieved from /home/airflow/.local/lib/python3.7/site-packages/airflow/example_dags/example_branch_operator_decorator.py
[2022-09-24T08:36:56.533+0000] {logging_mixin.py:117} INFO - [2022-09-24T08:36:56.533+0000] {dag.py:2573} INFO - Sync 1 DAGs
[2022-09-24T08:36:56.549+0000] {logging_mixin.py:117} INFO - [2022-09-24T08:36:56.549+0000] {dag.py:3328} INFO - Setting next_dagrun for example_branch_python_operator_decorator to 2022-09-23T00:00:00+00:00, run_after=2022-09-24T00:00:00+00:00
[2022-09-24T08:36:56.562+0000] {processor.py:178} INFO - Processing /home/airflow/.local/lib/python3.7/site-packages/airflow/example_dags/example_branch_operator_decorator.py took 0.078 seconds
[2022-09-24T08:37:26.861+0000] {processor.py:156} INFO - Started process (PID=34998) to work on /home/airflow/.local/lib/python3.7/site-packages/airflow/example_dags/example_branch_operator_decorator.py
[2022-09-24T08:37:26.863+0000] {processor.py:758} INFO - Processing file /home/airflow/.local/lib/python3.7/site-packages/airflow/example_dags/example_branch_operator_decorator.py for tasks to queue
[2022-09-24T08:37:26.865+0000] {logging_mixin.py:117} INFO - [2022-09-24T08:37:26.865+0000] {dagbag.py:525} INFO - Filling up the DagBag from /home/airflow/.local/lib/python3.7/site-packages/airflow/example_dags/example_branch_operator_decorator.py
[2022-09-24T08:37:26.880+0000] {processor.py:768} INFO - DAG(s) dict_keys(['example_branch_python_operator_decorator']) retrieved from /home/airflow/.local/lib/python3.7/site-packages/airflow/example_dags/example_branch_operator_decorator.py
[2022-09-24T08:37:26.906+0000] {logging_mixin.py:117} INFO - [2022-09-24T08:37:26.906+0000] {dag.py:2573} INFO - Sync 1 DAGs
[2022-09-24T08:37:26.921+0000] {logging_mixin.py:117} INFO - [2022-09-24T08:37:26.920+0000] {dag.py:3328} INFO - Setting next_dagrun for example_branch_python_operator_decorator to 2022-09-23T00:00:00+00:00, run_after=2022-09-24T00:00:00+00:00
[2022-09-24T08:37:26.932+0000] {processor.py:178} INFO - Processing /home/airflow/.local/lib/python3.7/site-packages/airflow/example_dags/example_branch_operator_decorator.py took 0.074 seconds
[2022-09-24T08:37:57.296+0000] {processor.py:156} INFO - Started process (PID=35060) to work on /home/airflow/.local/lib/python3.7/site-packages/airflow/example_dags/example_branch_operator_decorator.py
[2022-09-24T08:37:57.298+0000] {processor.py:758} INFO - Processing file /home/airflow/.local/lib/python3.7/site-packages/airflow/example_dags/example_branch_operator_decorator.py for tasks to queue
[2022-09-24T08:37:57.299+0000] {logging_mixin.py:117} INFO - [2022-09-24T08:37:57.299+0000] {dagbag.py:525} INFO - Filling up the DagBag from /home/airflow/.local/lib/python3.7/site-packages/airflow/example_dags/example_branch_operator_decorator.py
[2022-09-24T08:37:57.313+0000] {processor.py:768} INFO - DAG(s) dict_keys(['example_branch_python_operator_decorator']) retrieved from /home/airflow/.local/lib/python3.7/site-packages/airflow/example_dags/example_branch_operator_decorator.py
[2022-09-24T08:37:57.337+0000] {logging_mixin.py:117} INFO - [2022-09-24T08:37:57.337+0000] {dag.py:2573} INFO - Sync 1 DAGs
[2022-09-24T08:37:57.352+0000] {logging_mixin.py:117} INFO - [2022-09-24T08:37:57.352+0000] {dag.py:3328} INFO - Setting next_dagrun for example_branch_python_operator_decorator to 2022-09-23T00:00:00+00:00, run_after=2022-09-24T00:00:00+00:00
[2022-09-24T08:37:57.362+0000] {processor.py:178} INFO - Processing /home/airflow/.local/lib/python3.7/site-packages/airflow/example_dags/example_branch_operator_decorator.py took 0.068 seconds
[2022-09-24T08:38:27.569+0000] {processor.py:156} INFO - Started process (PID=35121) to work on /home/airflow/.local/lib/python3.7/site-packages/airflow/example_dags/example_branch_operator_decorator.py
[2022-09-24T08:38:27.571+0000] {processor.py:758} INFO - Processing file /home/airflow/.local/lib/python3.7/site-packages/airflow/example_dags/example_branch_operator_decorator.py for tasks to queue
[2022-09-24T08:38:27.572+0000] {logging_mixin.py:117} INFO - [2022-09-24T08:38:27.572+0000] {dagbag.py:525} INFO - Filling up the DagBag from /home/airflow/.local/lib/python3.7/site-packages/airflow/example_dags/example_branch_operator_decorator.py
[2022-09-24T08:38:27.591+0000] {processor.py:768} INFO - DAG(s) dict_keys(['example_branch_python_operator_decorator']) retrieved from /home/airflow/.local/lib/python3.7/site-packages/airflow/example_dags/example_branch_operator_decorator.py
[2022-09-24T08:38:27.627+0000] {logging_mixin.py:117} INFO - [2022-09-24T08:38:27.627+0000] {dag.py:2573} INFO - Sync 1 DAGs
[2022-09-24T08:38:27.646+0000] {logging_mixin.py:117} INFO - [2022-09-24T08:38:27.646+0000] {dag.py:3328} INFO - Setting next_dagrun for example_branch_python_operator_decorator to 2022-09-23T00:00:00+00:00, run_after=2022-09-24T00:00:00+00:00
[2022-09-24T08:38:27.660+0000] {processor.py:178} INFO - Processing /home/airflow/.local/lib/python3.7/site-packages/airflow/example_dags/example_branch_operator_decorator.py took 0.095 seconds
[2022-09-24T08:38:57.799+0000] {processor.py:156} INFO - Started process (PID=35178) to work on /home/airflow/.local/lib/python3.7/site-packages/airflow/example_dags/example_branch_operator_decorator.py
[2022-09-24T08:38:57.800+0000] {processor.py:758} INFO - Processing file /home/airflow/.local/lib/python3.7/site-packages/airflow/example_dags/example_branch_operator_decorator.py for tasks to queue
[2022-09-24T08:38:57.802+0000] {logging_mixin.py:117} INFO - [2022-09-24T08:38:57.802+0000] {dagbag.py:525} INFO - Filling up the DagBag from /home/airflow/.local/lib/python3.7/site-packages/airflow/example_dags/example_branch_operator_decorator.py
[2022-09-24T08:38:57.819+0000] {processor.py:768} INFO - DAG(s) dict_keys(['example_branch_python_operator_decorator']) retrieved from /home/airflow/.local/lib/python3.7/site-packages/airflow/example_dags/example_branch_operator_decorator.py
[2022-09-24T08:38:57.848+0000] {logging_mixin.py:117} INFO - [2022-09-24T08:38:57.848+0000] {dag.py:2573} INFO - Sync 1 DAGs
[2022-09-24T08:38:57.868+0000] {logging_mixin.py:117} INFO - [2022-09-24T08:38:57.868+0000] {dag.py:3328} INFO - Setting next_dagrun for example_branch_python_operator_decorator to 2022-09-23T00:00:00+00:00, run_after=2022-09-24T00:00:00+00:00
[2022-09-24T08:38:57.880+0000] {processor.py:178} INFO - Processing /home/airflow/.local/lib/python3.7/site-packages/airflow/example_dags/example_branch_operator_decorator.py took 0.084 seconds
[2022-09-24T08:39:28.099+0000] {processor.py:156} INFO - Started process (PID=35241) to work on /home/airflow/.local/lib/python3.7/site-packages/airflow/example_dags/example_branch_operator_decorator.py
[2022-09-24T08:39:28.101+0000] {processor.py:758} INFO - Processing file /home/airflow/.local/lib/python3.7/site-packages/airflow/example_dags/example_branch_operator_decorator.py for tasks to queue
[2022-09-24T08:39:28.102+0000] {logging_mixin.py:117} INFO - [2022-09-24T08:39:28.102+0000] {dagbag.py:525} INFO - Filling up the DagBag from /home/airflow/.local/lib/python3.7/site-packages/airflow/example_dags/example_branch_operator_decorator.py
[2022-09-24T08:39:28.119+0000] {processor.py:768} INFO - DAG(s) dict_keys(['example_branch_python_operator_decorator']) retrieved from /home/airflow/.local/lib/python3.7/site-packages/airflow/example_dags/example_branch_operator_decorator.py
[2022-09-24T08:39:28.147+0000] {logging_mixin.py:117} INFO - [2022-09-24T08:39:28.147+0000] {dag.py:2573} INFO - Sync 1 DAGs
[2022-09-24T08:39:28.165+0000] {logging_mixin.py:117} INFO - [2022-09-24T08:39:28.165+0000] {dag.py:3328} INFO - Setting next_dagrun for example_branch_python_operator_decorator to 2022-09-23T00:00:00+00:00, run_after=2022-09-24T00:00:00+00:00
[2022-09-24T08:39:28.177+0000] {processor.py:178} INFO - Processing /home/airflow/.local/lib/python3.7/site-packages/airflow/example_dags/example_branch_operator_decorator.py took 0.081 seconds
[2022-09-24T08:39:58.766+0000] {processor.py:156} INFO - Started process (PID=35304) to work on /home/airflow/.local/lib/python3.7/site-packages/airflow/example_dags/example_branch_operator_decorator.py
[2022-09-24T08:39:58.768+0000] {processor.py:758} INFO - Processing file /home/airflow/.local/lib/python3.7/site-packages/airflow/example_dags/example_branch_operator_decorator.py for tasks to queue
[2022-09-24T08:39:58.769+0000] {logging_mixin.py:117} INFO - [2022-09-24T08:39:58.769+0000] {dagbag.py:525} INFO - Filling up the DagBag from /home/airflow/.local/lib/python3.7/site-packages/airflow/example_dags/example_branch_operator_decorator.py
[2022-09-24T08:39:58.785+0000] {processor.py:768} INFO - DAG(s) dict_keys(['example_branch_python_operator_decorator']) retrieved from /home/airflow/.local/lib/python3.7/site-packages/airflow/example_dags/example_branch_operator_decorator.py
[2022-09-24T08:39:58.812+0000] {logging_mixin.py:117} INFO - [2022-09-24T08:39:58.812+0000] {dag.py:2573} INFO - Sync 1 DAGs
[2022-09-24T08:39:58.829+0000] {logging_mixin.py:117} INFO - [2022-09-24T08:39:58.828+0000] {dag.py:3328} INFO - Setting next_dagrun for example_branch_python_operator_decorator to 2022-09-23T00:00:00+00:00, run_after=2022-09-24T00:00:00+00:00
[2022-09-24T08:39:58.844+0000] {processor.py:178} INFO - Processing /home/airflow/.local/lib/python3.7/site-packages/airflow/example_dags/example_branch_operator_decorator.py took 0.080 seconds
[2022-09-24T09:07:12.117+0000] {processor.py:156} INFO - Started process (PID=35359) to work on /home/airflow/.local/lib/python3.7/site-packages/airflow/example_dags/example_branch_operator_decorator.py
[2022-09-24T09:07:12.120+0000] {processor.py:758} INFO - Processing file /home/airflow/.local/lib/python3.7/site-packages/airflow/example_dags/example_branch_operator_decorator.py for tasks to queue
[2022-09-24T09:07:12.122+0000] {logging_mixin.py:117} INFO - [2022-09-24T09:07:12.121+0000] {dagbag.py:525} INFO - Filling up the DagBag from /home/airflow/.local/lib/python3.7/site-packages/airflow/example_dags/example_branch_operator_decorator.py
[2022-09-24T09:07:12.153+0000] {processor.py:768} INFO - DAG(s) dict_keys(['example_branch_python_operator_decorator']) retrieved from /home/airflow/.local/lib/python3.7/site-packages/airflow/example_dags/example_branch_operator_decorator.py
[2022-09-24T09:07:12.206+0000] {logging_mixin.py:117} INFO - [2022-09-24T09:07:12.206+0000] {dag.py:2573} INFO - Sync 1 DAGs
[2022-09-24T09:07:12.237+0000] {logging_mixin.py:117} INFO - [2022-09-24T09:07:12.237+0000] {dag.py:3328} INFO - Setting next_dagrun for example_branch_python_operator_decorator to 2022-09-23T00:00:00+00:00, run_after=2022-09-24T00:00:00+00:00
[2022-09-24T09:07:12.256+0000] {processor.py:178} INFO - Processing /home/airflow/.local/lib/python3.7/site-packages/airflow/example_dags/example_branch_operator_decorator.py took 0.142 seconds
