[2022-09-24T01:04:07.210+0000] {processor.py:156} INFO - Started process (PID=32077) to work on /home/airflow/.local/lib/python3.7/site-packages/airflow/example_dags/example_local_kubernetes_executor.py
[2022-09-24T01:04:07.213+0000] {processor.py:758} INFO - Processing file /home/airflow/.local/lib/python3.7/site-packages/airflow/example_dags/example_local_kubernetes_executor.py for tasks to queue
[2022-09-24T01:04:07.215+0000] {logging_mixin.py:117} INFO - [2022-09-24T01:04:07.215+0000] {dagbag.py:525} INFO - Filling up the DagBag from /home/airflow/.local/lib/python3.7/site-packages/airflow/example_dags/example_local_kubernetes_executor.py
[2022-09-24T01:04:07.246+0000] {processor.py:768} INFO - DAG(s) dict_keys(['example_local_kubernetes_executor']) retrieved from /home/airflow/.local/lib/python3.7/site-packages/airflow/example_dags/example_local_kubernetes_executor.py
[2022-09-24T01:04:07.313+0000] {logging_mixin.py:117} INFO - [2022-09-24T01:04:07.312+0000] {dag.py:2573} INFO - Sync 1 DAGs
[2022-09-24T01:04:07.353+0000] {logging_mixin.py:117} INFO - [2022-09-24T01:04:07.353+0000] {dag.py:3328} INFO - Setting next_dagrun for example_local_kubernetes_executor to None, run_after=None
[2022-09-24T01:04:07.403+0000] {processor.py:178} INFO - Processing /home/airflow/.local/lib/python3.7/site-packages/airflow/example_dags/example_local_kubernetes_executor.py took 0.195 seconds
[2022-09-24T02:26:58.624+0000] {processor.py:156} INFO - Started process (PID=32140) to work on /home/airflow/.local/lib/python3.7/site-packages/airflow/example_dags/example_local_kubernetes_executor.py
[2022-09-24T02:26:58.625+0000] {processor.py:758} INFO - Processing file /home/airflow/.local/lib/python3.7/site-packages/airflow/example_dags/example_local_kubernetes_executor.py for tasks to queue
[2022-09-24T02:26:58.627+0000] {logging_mixin.py:117} INFO - [2022-09-24T02:26:58.627+0000] {dagbag.py:525} INFO - Filling up the DagBag from /home/airflow/.local/lib/python3.7/site-packages/airflow/example_dags/example_local_kubernetes_executor.py
[2022-09-24T02:26:58.641+0000] {processor.py:768} INFO - DAG(s) dict_keys(['example_local_kubernetes_executor']) retrieved from /home/airflow/.local/lib/python3.7/site-packages/airflow/example_dags/example_local_kubernetes_executor.py
[2022-09-24T02:26:58.669+0000] {logging_mixin.py:117} INFO - [2022-09-24T02:26:58.668+0000] {dag.py:2573} INFO - Sync 1 DAGs
[2022-09-24T02:26:58.683+0000] {logging_mixin.py:117} INFO - [2022-09-24T02:26:58.683+0000] {dag.py:3328} INFO - Setting next_dagrun for example_local_kubernetes_executor to None, run_after=None
[2022-09-24T02:26:58.696+0000] {processor.py:178} INFO - Processing /home/airflow/.local/lib/python3.7/site-packages/airflow/example_dags/example_local_kubernetes_executor.py took 0.074 seconds
[2022-09-24T03:23:58.202+0000] {processor.py:156} INFO - Started process (PID=32203) to work on /home/airflow/.local/lib/python3.7/site-packages/airflow/example_dags/example_local_kubernetes_executor.py
[2022-09-24T03:23:58.204+0000] {processor.py:758} INFO - Processing file /home/airflow/.local/lib/python3.7/site-packages/airflow/example_dags/example_local_kubernetes_executor.py for tasks to queue
[2022-09-24T03:23:58.206+0000] {logging_mixin.py:117} INFO - [2022-09-24T03:23:58.206+0000] {dagbag.py:525} INFO - Filling up the DagBag from /home/airflow/.local/lib/python3.7/site-packages/airflow/example_dags/example_local_kubernetes_executor.py
[2022-09-24T03:23:58.225+0000] {processor.py:768} INFO - DAG(s) dict_keys(['example_local_kubernetes_executor']) retrieved from /home/airflow/.local/lib/python3.7/site-packages/airflow/example_dags/example_local_kubernetes_executor.py
[2022-09-24T03:23:58.265+0000] {logging_mixin.py:117} INFO - [2022-09-24T03:23:58.265+0000] {dag.py:2573} INFO - Sync 1 DAGs
[2022-09-24T03:23:58.285+0000] {logging_mixin.py:117} INFO - [2022-09-24T03:23:58.285+0000] {dag.py:3328} INFO - Setting next_dagrun for example_local_kubernetes_executor to None, run_after=None
[2022-09-24T03:23:58.307+0000] {processor.py:178} INFO - Processing /home/airflow/.local/lib/python3.7/site-packages/airflow/example_dags/example_local_kubernetes_executor.py took 0.110 seconds
[2022-09-24T04:29:24.300+0000] {processor.py:156} INFO - Started process (PID=32268) to work on /home/airflow/.local/lib/python3.7/site-packages/airflow/example_dags/example_local_kubernetes_executor.py
[2022-09-24T04:29:24.302+0000] {processor.py:758} INFO - Processing file /home/airflow/.local/lib/python3.7/site-packages/airflow/example_dags/example_local_kubernetes_executor.py for tasks to queue
[2022-09-24T04:29:24.304+0000] {logging_mixin.py:117} INFO - [2022-09-24T04:29:24.304+0000] {dagbag.py:525} INFO - Filling up the DagBag from /home/airflow/.local/lib/python3.7/site-packages/airflow/example_dags/example_local_kubernetes_executor.py
[2022-09-24T04:29:24.340+0000] {processor.py:768} INFO - DAG(s) dict_keys(['example_local_kubernetes_executor']) retrieved from /home/airflow/.local/lib/python3.7/site-packages/airflow/example_dags/example_local_kubernetes_executor.py
[2022-09-24T04:29:24.414+0000] {logging_mixin.py:117} INFO - [2022-09-24T04:29:24.414+0000] {dag.py:2573} INFO - Sync 1 DAGs
[2022-09-24T04:29:24.454+0000] {logging_mixin.py:117} INFO - [2022-09-24T04:29:24.454+0000] {dag.py:3328} INFO - Setting next_dagrun for example_local_kubernetes_executor to None, run_after=None
[2022-09-24T04:29:24.477+0000] {processor.py:178} INFO - Processing /home/airflow/.local/lib/python3.7/site-packages/airflow/example_dags/example_local_kubernetes_executor.py took 0.186 seconds
[2022-09-24T05:38:04.494+0000] {processor.py:156} INFO - Started process (PID=32322) to work on /home/airflow/.local/lib/python3.7/site-packages/airflow/example_dags/example_local_kubernetes_executor.py
[2022-09-24T05:38:04.500+0000] {processor.py:758} INFO - Processing file /home/airflow/.local/lib/python3.7/site-packages/airflow/example_dags/example_local_kubernetes_executor.py for tasks to queue
[2022-09-24T05:38:04.501+0000] {logging_mixin.py:117} INFO - [2022-09-24T05:38:04.501+0000] {dagbag.py:525} INFO - Filling up the DagBag from /home/airflow/.local/lib/python3.7/site-packages/airflow/example_dags/example_local_kubernetes_executor.py
[2022-09-24T05:38:04.911+0000] {processor.py:768} INFO - DAG(s) dict_keys(['example_local_kubernetes_executor']) retrieved from /home/airflow/.local/lib/python3.7/site-packages/airflow/example_dags/example_local_kubernetes_executor.py
[2022-09-24T05:38:04.948+0000] {logging_mixin.py:117} INFO - [2022-09-24T05:38:04.948+0000] {dag.py:2573} INFO - Sync 1 DAGs
[2022-09-24T05:38:04.988+0000] {logging_mixin.py:117} INFO - [2022-09-24T05:38:04.988+0000] {dag.py:3328} INFO - Setting next_dagrun for example_local_kubernetes_executor to None, run_after=None
[2022-09-24T05:38:05.038+0000] {processor.py:178} INFO - Processing /home/airflow/.local/lib/python3.7/site-packages/airflow/example_dags/example_local_kubernetes_executor.py took 0.553 seconds
[2022-09-24T06:55:19.347+0000] {processor.py:156} INFO - Started process (PID=32385) to work on /home/airflow/.local/lib/python3.7/site-packages/airflow/example_dags/example_local_kubernetes_executor.py
[2022-09-24T06:55:19.349+0000] {processor.py:758} INFO - Processing file /home/airflow/.local/lib/python3.7/site-packages/airflow/example_dags/example_local_kubernetes_executor.py for tasks to queue
[2022-09-24T06:55:19.350+0000] {logging_mixin.py:117} INFO - [2022-09-24T06:55:19.350+0000] {dagbag.py:525} INFO - Filling up the DagBag from /home/airflow/.local/lib/python3.7/site-packages/airflow/example_dags/example_local_kubernetes_executor.py
[2022-09-24T06:55:19.383+0000] {processor.py:768} INFO - DAG(s) dict_keys(['example_local_kubernetes_executor']) retrieved from /home/airflow/.local/lib/python3.7/site-packages/airflow/example_dags/example_local_kubernetes_executor.py
[2022-09-24T06:55:19.449+0000] {logging_mixin.py:117} INFO - [2022-09-24T06:55:19.449+0000] {dag.py:2573} INFO - Sync 1 DAGs
[2022-09-24T06:55:19.502+0000] {logging_mixin.py:117} INFO - [2022-09-24T06:55:19.502+0000] {dag.py:3328} INFO - Setting next_dagrun for example_local_kubernetes_executor to None, run_after=None
[2022-09-24T06:55:19.543+0000] {processor.py:178} INFO - Processing /home/airflow/.local/lib/python3.7/site-packages/airflow/example_dags/example_local_kubernetes_executor.py took 0.198 seconds
[2022-09-24T07:36:22.317+0000] {processor.py:156} INFO - Started process (PID=32448) to work on /home/airflow/.local/lib/python3.7/site-packages/airflow/example_dags/example_local_kubernetes_executor.py
[2022-09-24T07:36:22.319+0000] {processor.py:758} INFO - Processing file /home/airflow/.local/lib/python3.7/site-packages/airflow/example_dags/example_local_kubernetes_executor.py for tasks to queue
[2022-09-24T07:36:22.320+0000] {logging_mixin.py:117} INFO - [2022-09-24T07:36:22.320+0000] {dagbag.py:525} INFO - Filling up the DagBag from /home/airflow/.local/lib/python3.7/site-packages/airflow/example_dags/example_local_kubernetes_executor.py
[2022-09-24T07:36:22.339+0000] {processor.py:768} INFO - DAG(s) dict_keys(['example_local_kubernetes_executor']) retrieved from /home/airflow/.local/lib/python3.7/site-packages/airflow/example_dags/example_local_kubernetes_executor.py
[2022-09-24T07:36:22.374+0000] {logging_mixin.py:117} INFO - [2022-09-24T07:36:22.374+0000] {dag.py:2573} INFO - Sync 1 DAGs
[2022-09-24T07:36:22.391+0000] {logging_mixin.py:117} INFO - [2022-09-24T07:36:22.391+0000] {dag.py:3328} INFO - Setting next_dagrun for example_local_kubernetes_executor to None, run_after=None
[2022-09-24T07:36:22.405+0000] {processor.py:178} INFO - Processing /home/airflow/.local/lib/python3.7/site-packages/airflow/example_dags/example_local_kubernetes_executor.py took 0.091 seconds
[2022-09-24T07:39:15.663+0000] {processor.py:156} INFO - Started process (PID=32511) to work on /home/airflow/.local/lib/python3.7/site-packages/airflow/example_dags/example_local_kubernetes_executor.py
[2022-09-24T07:39:15.667+0000] {processor.py:758} INFO - Processing file /home/airflow/.local/lib/python3.7/site-packages/airflow/example_dags/example_local_kubernetes_executor.py for tasks to queue
[2022-09-24T07:39:15.669+0000] {logging_mixin.py:117} INFO - [2022-09-24T07:39:15.669+0000] {dagbag.py:525} INFO - Filling up the DagBag from /home/airflow/.local/lib/python3.7/site-packages/airflow/example_dags/example_local_kubernetes_executor.py
[2022-09-24T07:39:15.713+0000] {processor.py:768} INFO - DAG(s) dict_keys(['example_local_kubernetes_executor']) retrieved from /home/airflow/.local/lib/python3.7/site-packages/airflow/example_dags/example_local_kubernetes_executor.py
[2022-09-24T07:39:15.784+0000] {logging_mixin.py:117} INFO - [2022-09-24T07:39:15.783+0000] {dag.py:2573} INFO - Sync 1 DAGs
[2022-09-24T07:39:15.818+0000] {logging_mixin.py:117} INFO - [2022-09-24T07:39:15.818+0000] {dag.py:3328} INFO - Setting next_dagrun for example_local_kubernetes_executor to None, run_after=None
[2022-09-24T07:39:15.852+0000] {processor.py:178} INFO - Processing /home/airflow/.local/lib/python3.7/site-packages/airflow/example_dags/example_local_kubernetes_executor.py took 0.192 seconds
[2022-09-24T07:39:46.206+0000] {processor.py:156} INFO - Started process (PID=32574) to work on /home/airflow/.local/lib/python3.7/site-packages/airflow/example_dags/example_local_kubernetes_executor.py
[2022-09-24T07:39:46.207+0000] {processor.py:758} INFO - Processing file /home/airflow/.local/lib/python3.7/site-packages/airflow/example_dags/example_local_kubernetes_executor.py for tasks to queue
[2022-09-24T07:39:46.208+0000] {logging_mixin.py:117} INFO - [2022-09-24T07:39:46.208+0000] {dagbag.py:525} INFO - Filling up the DagBag from /home/airflow/.local/lib/python3.7/site-packages/airflow/example_dags/example_local_kubernetes_executor.py
[2022-09-24T07:39:46.224+0000] {processor.py:768} INFO - DAG(s) dict_keys(['example_local_kubernetes_executor']) retrieved from /home/airflow/.local/lib/python3.7/site-packages/airflow/example_dags/example_local_kubernetes_executor.py
[2022-09-24T07:39:46.250+0000] {logging_mixin.py:117} INFO - [2022-09-24T07:39:46.250+0000] {dag.py:2573} INFO - Sync 1 DAGs
[2022-09-24T07:39:46.265+0000] {logging_mixin.py:117} INFO - [2022-09-24T07:39:46.264+0000] {dag.py:3328} INFO - Setting next_dagrun for example_local_kubernetes_executor to None, run_after=None
[2022-09-24T07:39:46.278+0000] {processor.py:178} INFO - Processing /home/airflow/.local/lib/python3.7/site-packages/airflow/example_dags/example_local_kubernetes_executor.py took 0.075 seconds
[2022-09-24T07:40:16.410+0000] {processor.py:156} INFO - Started process (PID=32629) to work on /home/airflow/.local/lib/python3.7/site-packages/airflow/example_dags/example_local_kubernetes_executor.py
[2022-09-24T07:40:16.412+0000] {processor.py:758} INFO - Processing file /home/airflow/.local/lib/python3.7/site-packages/airflow/example_dags/example_local_kubernetes_executor.py for tasks to queue
[2022-09-24T07:40:16.413+0000] {logging_mixin.py:117} INFO - [2022-09-24T07:40:16.413+0000] {dagbag.py:525} INFO - Filling up the DagBag from /home/airflow/.local/lib/python3.7/site-packages/airflow/example_dags/example_local_kubernetes_executor.py
[2022-09-24T07:40:16.429+0000] {processor.py:768} INFO - DAG(s) dict_keys(['example_local_kubernetes_executor']) retrieved from /home/airflow/.local/lib/python3.7/site-packages/airflow/example_dags/example_local_kubernetes_executor.py
[2022-09-24T07:40:16.454+0000] {logging_mixin.py:117} INFO - [2022-09-24T07:40:16.454+0000] {dag.py:2573} INFO - Sync 1 DAGs
[2022-09-24T07:40:16.469+0000] {logging_mixin.py:117} INFO - [2022-09-24T07:40:16.469+0000] {dag.py:3328} INFO - Setting next_dagrun for example_local_kubernetes_executor to None, run_after=None
[2022-09-24T07:40:16.481+0000] {processor.py:178} INFO - Processing /home/airflow/.local/lib/python3.7/site-packages/airflow/example_dags/example_local_kubernetes_executor.py took 0.074 seconds
[2022-09-24T07:40:46.727+0000] {processor.py:156} INFO - Started process (PID=32693) to work on /home/airflow/.local/lib/python3.7/site-packages/airflow/example_dags/example_local_kubernetes_executor.py
[2022-09-24T07:40:46.728+0000] {processor.py:758} INFO - Processing file /home/airflow/.local/lib/python3.7/site-packages/airflow/example_dags/example_local_kubernetes_executor.py for tasks to queue
[2022-09-24T07:40:46.730+0000] {logging_mixin.py:117} INFO - [2022-09-24T07:40:46.729+0000] {dagbag.py:525} INFO - Filling up the DagBag from /home/airflow/.local/lib/python3.7/site-packages/airflow/example_dags/example_local_kubernetes_executor.py
[2022-09-24T07:40:46.746+0000] {processor.py:768} INFO - DAG(s) dict_keys(['example_local_kubernetes_executor']) retrieved from /home/airflow/.local/lib/python3.7/site-packages/airflow/example_dags/example_local_kubernetes_executor.py
[2022-09-24T07:40:46.771+0000] {logging_mixin.py:117} INFO - [2022-09-24T07:40:46.770+0000] {dag.py:2573} INFO - Sync 1 DAGs
[2022-09-24T07:40:46.787+0000] {logging_mixin.py:117} INFO - [2022-09-24T07:40:46.787+0000] {dag.py:3328} INFO - Setting next_dagrun for example_local_kubernetes_executor to None, run_after=None
[2022-09-24T07:40:46.802+0000] {processor.py:178} INFO - Processing /home/airflow/.local/lib/python3.7/site-packages/airflow/example_dags/example_local_kubernetes_executor.py took 0.077 seconds
[2022-09-24T07:41:17.268+0000] {processor.py:156} INFO - Started process (PID=32756) to work on /home/airflow/.local/lib/python3.7/site-packages/airflow/example_dags/example_local_kubernetes_executor.py
[2022-09-24T07:41:17.270+0000] {processor.py:758} INFO - Processing file /home/airflow/.local/lib/python3.7/site-packages/airflow/example_dags/example_local_kubernetes_executor.py for tasks to queue
[2022-09-24T07:41:17.271+0000] {logging_mixin.py:117} INFO - [2022-09-24T07:41:17.271+0000] {dagbag.py:525} INFO - Filling up the DagBag from /home/airflow/.local/lib/python3.7/site-packages/airflow/example_dags/example_local_kubernetes_executor.py
[2022-09-24T07:41:17.286+0000] {processor.py:768} INFO - DAG(s) dict_keys(['example_local_kubernetes_executor']) retrieved from /home/airflow/.local/lib/python3.7/site-packages/airflow/example_dags/example_local_kubernetes_executor.py
[2022-09-24T07:41:17.309+0000] {logging_mixin.py:117} INFO - [2022-09-24T07:41:17.309+0000] {dag.py:2573} INFO - Sync 1 DAGs
[2022-09-24T07:41:17.326+0000] {logging_mixin.py:117} INFO - [2022-09-24T07:41:17.326+0000] {dag.py:3328} INFO - Setting next_dagrun for example_local_kubernetes_executor to None, run_after=None
[2022-09-24T07:41:17.338+0000] {processor.py:178} INFO - Processing /home/airflow/.local/lib/python3.7/site-packages/airflow/example_dags/example_local_kubernetes_executor.py took 0.073 seconds
[2022-09-24T07:41:47.698+0000] {processor.py:156} INFO - Started process (PID=32819) to work on /home/airflow/.local/lib/python3.7/site-packages/airflow/example_dags/example_local_kubernetes_executor.py
[2022-09-24T07:41:47.700+0000] {processor.py:758} INFO - Processing file /home/airflow/.local/lib/python3.7/site-packages/airflow/example_dags/example_local_kubernetes_executor.py for tasks to queue
[2022-09-24T07:41:47.701+0000] {logging_mixin.py:117} INFO - [2022-09-24T07:41:47.701+0000] {dagbag.py:525} INFO - Filling up the DagBag from /home/airflow/.local/lib/python3.7/site-packages/airflow/example_dags/example_local_kubernetes_executor.py
[2022-09-24T07:41:47.716+0000] {processor.py:768} INFO - DAG(s) dict_keys(['example_local_kubernetes_executor']) retrieved from /home/airflow/.local/lib/python3.7/site-packages/airflow/example_dags/example_local_kubernetes_executor.py
[2022-09-24T07:41:47.740+0000] {logging_mixin.py:117} INFO - [2022-09-24T07:41:47.740+0000] {dag.py:2573} INFO - Sync 1 DAGs
[2022-09-24T07:41:47.755+0000] {logging_mixin.py:117} INFO - [2022-09-24T07:41:47.755+0000] {dag.py:3328} INFO - Setting next_dagrun for example_local_kubernetes_executor to None, run_after=None
[2022-09-24T07:41:47.767+0000] {processor.py:178} INFO - Processing /home/airflow/.local/lib/python3.7/site-packages/airflow/example_dags/example_local_kubernetes_executor.py took 0.071 seconds
[2022-09-24T07:42:17.898+0000] {processor.py:156} INFO - Started process (PID=32882) to work on /home/airflow/.local/lib/python3.7/site-packages/airflow/example_dags/example_local_kubernetes_executor.py
[2022-09-24T07:42:17.899+0000] {processor.py:758} INFO - Processing file /home/airflow/.local/lib/python3.7/site-packages/airflow/example_dags/example_local_kubernetes_executor.py for tasks to queue
[2022-09-24T07:42:17.900+0000] {logging_mixin.py:117} INFO - [2022-09-24T07:42:17.900+0000] {dagbag.py:525} INFO - Filling up the DagBag from /home/airflow/.local/lib/python3.7/site-packages/airflow/example_dags/example_local_kubernetes_executor.py
[2022-09-24T07:42:17.914+0000] {processor.py:768} INFO - DAG(s) dict_keys(['example_local_kubernetes_executor']) retrieved from /home/airflow/.local/lib/python3.7/site-packages/airflow/example_dags/example_local_kubernetes_executor.py
[2022-09-24T07:42:17.938+0000] {logging_mixin.py:117} INFO - [2022-09-24T07:42:17.938+0000] {dag.py:2573} INFO - Sync 1 DAGs
[2022-09-24T07:42:17.952+0000] {logging_mixin.py:117} INFO - [2022-09-24T07:42:17.952+0000] {dag.py:3328} INFO - Setting next_dagrun for example_local_kubernetes_executor to None, run_after=None
[2022-09-24T07:42:17.964+0000] {processor.py:178} INFO - Processing /home/airflow/.local/lib/python3.7/site-packages/airflow/example_dags/example_local_kubernetes_executor.py took 0.068 seconds
[2022-09-24T07:42:48.173+0000] {processor.py:156} INFO - Started process (PID=32945) to work on /home/airflow/.local/lib/python3.7/site-packages/airflow/example_dags/example_local_kubernetes_executor.py
[2022-09-24T07:42:48.174+0000] {processor.py:758} INFO - Processing file /home/airflow/.local/lib/python3.7/site-packages/airflow/example_dags/example_local_kubernetes_executor.py for tasks to queue
[2022-09-24T07:42:48.175+0000] {logging_mixin.py:117} INFO - [2022-09-24T07:42:48.175+0000] {dagbag.py:525} INFO - Filling up the DagBag from /home/airflow/.local/lib/python3.7/site-packages/airflow/example_dags/example_local_kubernetes_executor.py
[2022-09-24T07:42:48.189+0000] {processor.py:768} INFO - DAG(s) dict_keys(['example_local_kubernetes_executor']) retrieved from /home/airflow/.local/lib/python3.7/site-packages/airflow/example_dags/example_local_kubernetes_executor.py
[2022-09-24T07:42:48.212+0000] {logging_mixin.py:117} INFO - [2022-09-24T07:42:48.212+0000] {dag.py:2573} INFO - Sync 1 DAGs
[2022-09-24T07:42:48.227+0000] {logging_mixin.py:117} INFO - [2022-09-24T07:42:48.226+0000] {dag.py:3328} INFO - Setting next_dagrun for example_local_kubernetes_executor to None, run_after=None
[2022-09-24T07:42:48.239+0000] {processor.py:178} INFO - Processing /home/airflow/.local/lib/python3.7/site-packages/airflow/example_dags/example_local_kubernetes_executor.py took 0.069 seconds
[2022-09-24T07:43:18.388+0000] {processor.py:156} INFO - Started process (PID=32999) to work on /home/airflow/.local/lib/python3.7/site-packages/airflow/example_dags/example_local_kubernetes_executor.py
[2022-09-24T07:43:18.390+0000] {processor.py:758} INFO - Processing file /home/airflow/.local/lib/python3.7/site-packages/airflow/example_dags/example_local_kubernetes_executor.py for tasks to queue
[2022-09-24T07:43:18.391+0000] {logging_mixin.py:117} INFO - [2022-09-24T07:43:18.391+0000] {dagbag.py:525} INFO - Filling up the DagBag from /home/airflow/.local/lib/python3.7/site-packages/airflow/example_dags/example_local_kubernetes_executor.py
[2022-09-24T07:43:18.405+0000] {processor.py:768} INFO - DAG(s) dict_keys(['example_local_kubernetes_executor']) retrieved from /home/airflow/.local/lib/python3.7/site-packages/airflow/example_dags/example_local_kubernetes_executor.py
[2022-09-24T07:43:18.430+0000] {logging_mixin.py:117} INFO - [2022-09-24T07:43:18.430+0000] {dag.py:2573} INFO - Sync 1 DAGs
[2022-09-24T07:43:18.445+0000] {logging_mixin.py:117} INFO - [2022-09-24T07:43:18.445+0000] {dag.py:3328} INFO - Setting next_dagrun for example_local_kubernetes_executor to None, run_after=None
[2022-09-24T07:43:18.457+0000] {processor.py:178} INFO - Processing /home/airflow/.local/lib/python3.7/site-packages/airflow/example_dags/example_local_kubernetes_executor.py took 0.071 seconds
[2022-09-24T07:43:48.682+0000] {processor.py:156} INFO - Started process (PID=33062) to work on /home/airflow/.local/lib/python3.7/site-packages/airflow/example_dags/example_local_kubernetes_executor.py
[2022-09-24T07:43:48.684+0000] {processor.py:758} INFO - Processing file /home/airflow/.local/lib/python3.7/site-packages/airflow/example_dags/example_local_kubernetes_executor.py for tasks to queue
[2022-09-24T07:43:48.685+0000] {logging_mixin.py:117} INFO - [2022-09-24T07:43:48.685+0000] {dagbag.py:525} INFO - Filling up the DagBag from /home/airflow/.local/lib/python3.7/site-packages/airflow/example_dags/example_local_kubernetes_executor.py
[2022-09-24T07:43:48.700+0000] {processor.py:768} INFO - DAG(s) dict_keys(['example_local_kubernetes_executor']) retrieved from /home/airflow/.local/lib/python3.7/site-packages/airflow/example_dags/example_local_kubernetes_executor.py
[2022-09-24T07:43:48.724+0000] {logging_mixin.py:117} INFO - [2022-09-24T07:43:48.724+0000] {dag.py:2573} INFO - Sync 1 DAGs
[2022-09-24T07:43:48.738+0000] {logging_mixin.py:117} INFO - [2022-09-24T07:43:48.738+0000] {dag.py:3328} INFO - Setting next_dagrun for example_local_kubernetes_executor to None, run_after=None
[2022-09-24T07:43:48.750+0000] {processor.py:178} INFO - Processing /home/airflow/.local/lib/python3.7/site-packages/airflow/example_dags/example_local_kubernetes_executor.py took 0.071 seconds
[2022-09-24T07:44:18.914+0000] {processor.py:156} INFO - Started process (PID=33124) to work on /home/airflow/.local/lib/python3.7/site-packages/airflow/example_dags/example_local_kubernetes_executor.py
[2022-09-24T07:44:18.915+0000] {processor.py:758} INFO - Processing file /home/airflow/.local/lib/python3.7/site-packages/airflow/example_dags/example_local_kubernetes_executor.py for tasks to queue
[2022-09-24T07:44:18.916+0000] {logging_mixin.py:117} INFO - [2022-09-24T07:44:18.916+0000] {dagbag.py:525} INFO - Filling up the DagBag from /home/airflow/.local/lib/python3.7/site-packages/airflow/example_dags/example_local_kubernetes_executor.py
[2022-09-24T07:44:18.929+0000] {processor.py:768} INFO - DAG(s) dict_keys(['example_local_kubernetes_executor']) retrieved from /home/airflow/.local/lib/python3.7/site-packages/airflow/example_dags/example_local_kubernetes_executor.py
[2022-09-24T07:44:18.954+0000] {logging_mixin.py:117} INFO - [2022-09-24T07:44:18.954+0000] {dag.py:2573} INFO - Sync 1 DAGs
[2022-09-24T07:44:18.969+0000] {logging_mixin.py:117} INFO - [2022-09-24T07:44:18.969+0000] {dag.py:3328} INFO - Setting next_dagrun for example_local_kubernetes_executor to None, run_after=None
[2022-09-24T07:44:18.981+0000] {processor.py:178} INFO - Processing /home/airflow/.local/lib/python3.7/site-packages/airflow/example_dags/example_local_kubernetes_executor.py took 0.070 seconds
[2022-09-24T07:44:49.217+0000] {processor.py:156} INFO - Started process (PID=33188) to work on /home/airflow/.local/lib/python3.7/site-packages/airflow/example_dags/example_local_kubernetes_executor.py
[2022-09-24T07:44:49.218+0000] {processor.py:758} INFO - Processing file /home/airflow/.local/lib/python3.7/site-packages/airflow/example_dags/example_local_kubernetes_executor.py for tasks to queue
[2022-09-24T07:44:49.219+0000] {logging_mixin.py:117} INFO - [2022-09-24T07:44:49.219+0000] {dagbag.py:525} INFO - Filling up the DagBag from /home/airflow/.local/lib/python3.7/site-packages/airflow/example_dags/example_local_kubernetes_executor.py
[2022-09-24T07:44:49.236+0000] {processor.py:768} INFO - DAG(s) dict_keys(['example_local_kubernetes_executor']) retrieved from /home/airflow/.local/lib/python3.7/site-packages/airflow/example_dags/example_local_kubernetes_executor.py
[2022-09-24T07:44:49.266+0000] {logging_mixin.py:117} INFO - [2022-09-24T07:44:49.265+0000] {dag.py:2573} INFO - Sync 1 DAGs
[2022-09-24T07:44:49.282+0000] {logging_mixin.py:117} INFO - [2022-09-24T07:44:49.282+0000] {dag.py:3328} INFO - Setting next_dagrun for example_local_kubernetes_executor to None, run_after=None
[2022-09-24T07:44:49.294+0000] {processor.py:178} INFO - Processing /home/airflow/.local/lib/python3.7/site-packages/airflow/example_dags/example_local_kubernetes_executor.py took 0.079 seconds
[2022-09-24T07:45:19.539+0000] {processor.py:156} INFO - Started process (PID=33252) to work on /home/airflow/.local/lib/python3.7/site-packages/airflow/example_dags/example_local_kubernetes_executor.py
[2022-09-24T07:45:19.541+0000] {processor.py:758} INFO - Processing file /home/airflow/.local/lib/python3.7/site-packages/airflow/example_dags/example_local_kubernetes_executor.py for tasks to queue
[2022-09-24T07:45:19.542+0000] {logging_mixin.py:117} INFO - [2022-09-24T07:45:19.542+0000] {dagbag.py:525} INFO - Filling up the DagBag from /home/airflow/.local/lib/python3.7/site-packages/airflow/example_dags/example_local_kubernetes_executor.py
[2022-09-24T07:45:19.559+0000] {processor.py:768} INFO - DAG(s) dict_keys(['example_local_kubernetes_executor']) retrieved from /home/airflow/.local/lib/python3.7/site-packages/airflow/example_dags/example_local_kubernetes_executor.py
[2022-09-24T07:45:19.587+0000] {logging_mixin.py:117} INFO - [2022-09-24T07:45:19.586+0000] {dag.py:2573} INFO - Sync 1 DAGs
[2022-09-24T07:45:19.602+0000] {logging_mixin.py:117} INFO - [2022-09-24T07:45:19.602+0000] {dag.py:3328} INFO - Setting next_dagrun for example_local_kubernetes_executor to None, run_after=None
[2022-09-24T07:45:19.614+0000] {processor.py:178} INFO - Processing /home/airflow/.local/lib/python3.7/site-packages/airflow/example_dags/example_local_kubernetes_executor.py took 0.077 seconds
[2022-09-24T07:45:49.875+0000] {processor.py:156} INFO - Started process (PID=33315) to work on /home/airflow/.local/lib/python3.7/site-packages/airflow/example_dags/example_local_kubernetes_executor.py
[2022-09-24T07:45:49.876+0000] {processor.py:758} INFO - Processing file /home/airflow/.local/lib/python3.7/site-packages/airflow/example_dags/example_local_kubernetes_executor.py for tasks to queue
[2022-09-24T07:45:49.877+0000] {logging_mixin.py:117} INFO - [2022-09-24T07:45:49.877+0000] {dagbag.py:525} INFO - Filling up the DagBag from /home/airflow/.local/lib/python3.7/site-packages/airflow/example_dags/example_local_kubernetes_executor.py
[2022-09-24T07:45:49.894+0000] {processor.py:768} INFO - DAG(s) dict_keys(['example_local_kubernetes_executor']) retrieved from /home/airflow/.local/lib/python3.7/site-packages/airflow/example_dags/example_local_kubernetes_executor.py
[2022-09-24T07:45:49.921+0000] {logging_mixin.py:117} INFO - [2022-09-24T07:45:49.921+0000] {dag.py:2573} INFO - Sync 1 DAGs
[2022-09-24T07:45:49.935+0000] {logging_mixin.py:117} INFO - [2022-09-24T07:45:49.935+0000] {dag.py:3328} INFO - Setting next_dagrun for example_local_kubernetes_executor to None, run_after=None
[2022-09-24T07:45:49.947+0000] {processor.py:178} INFO - Processing /home/airflow/.local/lib/python3.7/site-packages/airflow/example_dags/example_local_kubernetes_executor.py took 0.075 seconds
[2022-09-24T07:46:20.125+0000] {processor.py:156} INFO - Started process (PID=33369) to work on /home/airflow/.local/lib/python3.7/site-packages/airflow/example_dags/example_local_kubernetes_executor.py
[2022-09-24T07:46:20.127+0000] {processor.py:758} INFO - Processing file /home/airflow/.local/lib/python3.7/site-packages/airflow/example_dags/example_local_kubernetes_executor.py for tasks to queue
[2022-09-24T07:46:20.128+0000] {logging_mixin.py:117} INFO - [2022-09-24T07:46:20.128+0000] {dagbag.py:525} INFO - Filling up the DagBag from /home/airflow/.local/lib/python3.7/site-packages/airflow/example_dags/example_local_kubernetes_executor.py
[2022-09-24T07:46:20.142+0000] {processor.py:768} INFO - DAG(s) dict_keys(['example_local_kubernetes_executor']) retrieved from /home/airflow/.local/lib/python3.7/site-packages/airflow/example_dags/example_local_kubernetes_executor.py
[2022-09-24T07:46:20.166+0000] {logging_mixin.py:117} INFO - [2022-09-24T07:46:20.165+0000] {dag.py:2573} INFO - Sync 1 DAGs
[2022-09-24T07:46:20.179+0000] {logging_mixin.py:117} INFO - [2022-09-24T07:46:20.179+0000] {dag.py:3328} INFO - Setting next_dagrun for example_local_kubernetes_executor to None, run_after=None
[2022-09-24T07:46:20.191+0000] {processor.py:178} INFO - Processing /home/airflow/.local/lib/python3.7/site-packages/airflow/example_dags/example_local_kubernetes_executor.py took 0.070 seconds
[2022-09-24T07:46:50.540+0000] {processor.py:156} INFO - Started process (PID=33432) to work on /home/airflow/.local/lib/python3.7/site-packages/airflow/example_dags/example_local_kubernetes_executor.py
[2022-09-24T07:46:50.542+0000] {processor.py:758} INFO - Processing file /home/airflow/.local/lib/python3.7/site-packages/airflow/example_dags/example_local_kubernetes_executor.py for tasks to queue
[2022-09-24T07:46:50.543+0000] {logging_mixin.py:117} INFO - [2022-09-24T07:46:50.543+0000] {dagbag.py:525} INFO - Filling up the DagBag from /home/airflow/.local/lib/python3.7/site-packages/airflow/example_dags/example_local_kubernetes_executor.py
[2022-09-24T07:46:50.556+0000] {processor.py:768} INFO - DAG(s) dict_keys(['example_local_kubernetes_executor']) retrieved from /home/airflow/.local/lib/python3.7/site-packages/airflow/example_dags/example_local_kubernetes_executor.py
[2022-09-24T07:46:50.581+0000] {logging_mixin.py:117} INFO - [2022-09-24T07:46:50.581+0000] {dag.py:2573} INFO - Sync 1 DAGs
[2022-09-24T07:46:50.597+0000] {logging_mixin.py:117} INFO - [2022-09-24T07:46:50.597+0000] {dag.py:3328} INFO - Setting next_dagrun for example_local_kubernetes_executor to None, run_after=None
[2022-09-24T07:46:50.610+0000] {processor.py:178} INFO - Processing /home/airflow/.local/lib/python3.7/site-packages/airflow/example_dags/example_local_kubernetes_executor.py took 0.072 seconds
[2022-09-24T08:22:49.064+0000] {processor.py:156} INFO - Started process (PID=33496) to work on /home/airflow/.local/lib/python3.7/site-packages/airflow/example_dags/example_local_kubernetes_executor.py
[2022-09-24T08:22:49.067+0000] {processor.py:758} INFO - Processing file /home/airflow/.local/lib/python3.7/site-packages/airflow/example_dags/example_local_kubernetes_executor.py for tasks to queue
[2022-09-24T08:22:49.069+0000] {logging_mixin.py:117} INFO - [2022-09-24T08:22:49.068+0000] {dagbag.py:525} INFO - Filling up the DagBag from /home/airflow/.local/lib/python3.7/site-packages/airflow/example_dags/example_local_kubernetes_executor.py
[2022-09-24T08:22:49.085+0000] {processor.py:768} INFO - DAG(s) dict_keys(['example_local_kubernetes_executor']) retrieved from /home/airflow/.local/lib/python3.7/site-packages/airflow/example_dags/example_local_kubernetes_executor.py
[2022-09-24T08:22:49.109+0000] {logging_mixin.py:117} INFO - [2022-09-24T08:22:49.109+0000] {dag.py:2573} INFO - Sync 1 DAGs
[2022-09-24T08:22:49.124+0000] {logging_mixin.py:117} INFO - [2022-09-24T08:22:49.124+0000] {dag.py:3328} INFO - Setting next_dagrun for example_local_kubernetes_executor to None, run_after=None
[2022-09-24T08:22:49.136+0000] {processor.py:178} INFO - Processing /home/airflow/.local/lib/python3.7/site-packages/airflow/example_dags/example_local_kubernetes_executor.py took 0.074 seconds
[2022-09-24T08:25:46.055+0000] {processor.py:156} INFO - Started process (PID=33550) to work on /home/airflow/.local/lib/python3.7/site-packages/airflow/example_dags/example_local_kubernetes_executor.py
[2022-09-24T08:25:46.057+0000] {processor.py:758} INFO - Processing file /home/airflow/.local/lib/python3.7/site-packages/airflow/example_dags/example_local_kubernetes_executor.py for tasks to queue
[2022-09-24T08:25:46.058+0000] {logging_mixin.py:117} INFO - [2022-09-24T08:25:46.058+0000] {dagbag.py:525} INFO - Filling up the DagBag from /home/airflow/.local/lib/python3.7/site-packages/airflow/example_dags/example_local_kubernetes_executor.py
[2022-09-24T08:25:46.101+0000] {processor.py:768} INFO - DAG(s) dict_keys(['example_local_kubernetes_executor']) retrieved from /home/airflow/.local/lib/python3.7/site-packages/airflow/example_dags/example_local_kubernetes_executor.py
[2022-09-24T08:25:46.190+0000] {logging_mixin.py:117} INFO - [2022-09-24T08:25:46.190+0000] {dag.py:2573} INFO - Sync 1 DAGs
[2022-09-24T08:25:46.215+0000] {logging_mixin.py:117} INFO - [2022-09-24T08:25:46.215+0000] {dag.py:3328} INFO - Setting next_dagrun for example_local_kubernetes_executor to None, run_after=None
[2022-09-24T08:25:46.240+0000] {processor.py:178} INFO - Processing /home/airflow/.local/lib/python3.7/site-packages/airflow/example_dags/example_local_kubernetes_executor.py took 0.189 seconds
[2022-09-24T08:26:16.938+0000] {processor.py:156} INFO - Started process (PID=33613) to work on /home/airflow/.local/lib/python3.7/site-packages/airflow/example_dags/example_local_kubernetes_executor.py
[2022-09-24T08:26:16.940+0000] {processor.py:758} INFO - Processing file /home/airflow/.local/lib/python3.7/site-packages/airflow/example_dags/example_local_kubernetes_executor.py for tasks to queue
[2022-09-24T08:26:16.941+0000] {logging_mixin.py:117} INFO - [2022-09-24T08:26:16.941+0000] {dagbag.py:525} INFO - Filling up the DagBag from /home/airflow/.local/lib/python3.7/site-packages/airflow/example_dags/example_local_kubernetes_executor.py
[2022-09-24T08:26:16.959+0000] {processor.py:768} INFO - DAG(s) dict_keys(['example_local_kubernetes_executor']) retrieved from /home/airflow/.local/lib/python3.7/site-packages/airflow/example_dags/example_local_kubernetes_executor.py
[2022-09-24T08:26:16.985+0000] {logging_mixin.py:117} INFO - [2022-09-24T08:26:16.985+0000] {dag.py:2573} INFO - Sync 1 DAGs
[2022-09-24T08:26:17.002+0000] {logging_mixin.py:117} INFO - [2022-09-24T08:26:17.002+0000] {dag.py:3328} INFO - Setting next_dagrun for example_local_kubernetes_executor to None, run_after=None
[2022-09-24T08:26:17.015+0000] {processor.py:178} INFO - Processing /home/airflow/.local/lib/python3.7/site-packages/airflow/example_dags/example_local_kubernetes_executor.py took 0.079 seconds
[2022-09-24T08:26:47.203+0000] {processor.py:156} INFO - Started process (PID=33676) to work on /home/airflow/.local/lib/python3.7/site-packages/airflow/example_dags/example_local_kubernetes_executor.py
[2022-09-24T08:26:47.205+0000] {processor.py:758} INFO - Processing file /home/airflow/.local/lib/python3.7/site-packages/airflow/example_dags/example_local_kubernetes_executor.py for tasks to queue
[2022-09-24T08:26:47.206+0000] {logging_mixin.py:117} INFO - [2022-09-24T08:26:47.206+0000] {dagbag.py:525} INFO - Filling up the DagBag from /home/airflow/.local/lib/python3.7/site-packages/airflow/example_dags/example_local_kubernetes_executor.py
[2022-09-24T08:26:47.221+0000] {processor.py:768} INFO - DAG(s) dict_keys(['example_local_kubernetes_executor']) retrieved from /home/airflow/.local/lib/python3.7/site-packages/airflow/example_dags/example_local_kubernetes_executor.py
[2022-09-24T08:26:47.245+0000] {logging_mixin.py:117} INFO - [2022-09-24T08:26:47.245+0000] {dag.py:2573} INFO - Sync 1 DAGs
[2022-09-24T08:26:47.260+0000] {logging_mixin.py:117} INFO - [2022-09-24T08:26:47.260+0000] {dag.py:3328} INFO - Setting next_dagrun for example_local_kubernetes_executor to None, run_after=None
[2022-09-24T08:26:47.273+0000] {processor.py:178} INFO - Processing /home/airflow/.local/lib/python3.7/site-packages/airflow/example_dags/example_local_kubernetes_executor.py took 0.072 seconds
[2022-09-24T08:27:17.503+0000] {processor.py:156} INFO - Started process (PID=33738) to work on /home/airflow/.local/lib/python3.7/site-packages/airflow/example_dags/example_local_kubernetes_executor.py
[2022-09-24T08:27:17.505+0000] {processor.py:758} INFO - Processing file /home/airflow/.local/lib/python3.7/site-packages/airflow/example_dags/example_local_kubernetes_executor.py for tasks to queue
[2022-09-24T08:27:17.506+0000] {logging_mixin.py:117} INFO - [2022-09-24T08:27:17.506+0000] {dagbag.py:525} INFO - Filling up the DagBag from /home/airflow/.local/lib/python3.7/site-packages/airflow/example_dags/example_local_kubernetes_executor.py
[2022-09-24T08:27:17.519+0000] {processor.py:768} INFO - DAG(s) dict_keys(['example_local_kubernetes_executor']) retrieved from /home/airflow/.local/lib/python3.7/site-packages/airflow/example_dags/example_local_kubernetes_executor.py
[2022-09-24T08:27:17.544+0000] {logging_mixin.py:117} INFO - [2022-09-24T08:27:17.544+0000] {dag.py:2573} INFO - Sync 1 DAGs
[2022-09-24T08:27:17.558+0000] {logging_mixin.py:117} INFO - [2022-09-24T08:27:17.558+0000] {dag.py:3328} INFO - Setting next_dagrun for example_local_kubernetes_executor to None, run_after=None
[2022-09-24T08:27:17.569+0000] {processor.py:178} INFO - Processing /home/airflow/.local/lib/python3.7/site-packages/airflow/example_dags/example_local_kubernetes_executor.py took 0.068 seconds
[2022-09-24T08:27:47.817+0000] {processor.py:156} INFO - Started process (PID=33800) to work on /home/airflow/.local/lib/python3.7/site-packages/airflow/example_dags/example_local_kubernetes_executor.py
[2022-09-24T08:27:47.818+0000] {processor.py:758} INFO - Processing file /home/airflow/.local/lib/python3.7/site-packages/airflow/example_dags/example_local_kubernetes_executor.py for tasks to queue
[2022-09-24T08:27:47.819+0000] {logging_mixin.py:117} INFO - [2022-09-24T08:27:47.819+0000] {dagbag.py:525} INFO - Filling up the DagBag from /home/airflow/.local/lib/python3.7/site-packages/airflow/example_dags/example_local_kubernetes_executor.py
[2022-09-24T08:27:47.832+0000] {processor.py:768} INFO - DAG(s) dict_keys(['example_local_kubernetes_executor']) retrieved from /home/airflow/.local/lib/python3.7/site-packages/airflow/example_dags/example_local_kubernetes_executor.py
[2022-09-24T08:27:47.857+0000] {logging_mixin.py:117} INFO - [2022-09-24T08:27:47.857+0000] {dag.py:2573} INFO - Sync 1 DAGs
[2022-09-24T08:27:47.871+0000] {logging_mixin.py:117} INFO - [2022-09-24T08:27:47.871+0000] {dag.py:3328} INFO - Setting next_dagrun for example_local_kubernetes_executor to None, run_after=None
[2022-09-24T08:27:47.883+0000] {processor.py:178} INFO - Processing /home/airflow/.local/lib/python3.7/site-packages/airflow/example_dags/example_local_kubernetes_executor.py took 0.069 seconds
[2022-09-24T08:28:18.126+0000] {processor.py:156} INFO - Started process (PID=33864) to work on /home/airflow/.local/lib/python3.7/site-packages/airflow/example_dags/example_local_kubernetes_executor.py
[2022-09-24T08:28:18.128+0000] {processor.py:758} INFO - Processing file /home/airflow/.local/lib/python3.7/site-packages/airflow/example_dags/example_local_kubernetes_executor.py for tasks to queue
[2022-09-24T08:28:18.130+0000] {logging_mixin.py:117} INFO - [2022-09-24T08:28:18.130+0000] {dagbag.py:525} INFO - Filling up the DagBag from /home/airflow/.local/lib/python3.7/site-packages/airflow/example_dags/example_local_kubernetes_executor.py
[2022-09-24T08:28:18.144+0000] {processor.py:768} INFO - DAG(s) dict_keys(['example_local_kubernetes_executor']) retrieved from /home/airflow/.local/lib/python3.7/site-packages/airflow/example_dags/example_local_kubernetes_executor.py
[2022-09-24T08:28:18.167+0000] {logging_mixin.py:117} INFO - [2022-09-24T08:28:18.167+0000] {dag.py:2573} INFO - Sync 1 DAGs
[2022-09-24T08:28:18.181+0000] {logging_mixin.py:117} INFO - [2022-09-24T08:28:18.181+0000] {dag.py:3328} INFO - Setting next_dagrun for example_local_kubernetes_executor to None, run_after=None
[2022-09-24T08:28:18.192+0000] {processor.py:178} INFO - Processing /home/airflow/.local/lib/python3.7/site-packages/airflow/example_dags/example_local_kubernetes_executor.py took 0.068 seconds
[2022-09-24T08:28:48.411+0000] {processor.py:156} INFO - Started process (PID=33919) to work on /home/airflow/.local/lib/python3.7/site-packages/airflow/example_dags/example_local_kubernetes_executor.py
[2022-09-24T08:28:48.412+0000] {processor.py:758} INFO - Processing file /home/airflow/.local/lib/python3.7/site-packages/airflow/example_dags/example_local_kubernetes_executor.py for tasks to queue
[2022-09-24T08:28:48.414+0000] {logging_mixin.py:117} INFO - [2022-09-24T08:28:48.414+0000] {dagbag.py:525} INFO - Filling up the DagBag from /home/airflow/.local/lib/python3.7/site-packages/airflow/example_dags/example_local_kubernetes_executor.py
[2022-09-24T08:28:48.428+0000] {processor.py:768} INFO - DAG(s) dict_keys(['example_local_kubernetes_executor']) retrieved from /home/airflow/.local/lib/python3.7/site-packages/airflow/example_dags/example_local_kubernetes_executor.py
[2022-09-24T08:28:48.452+0000] {logging_mixin.py:117} INFO - [2022-09-24T08:28:48.452+0000] {dag.py:2573} INFO - Sync 1 DAGs
[2022-09-24T08:28:48.467+0000] {logging_mixin.py:117} INFO - [2022-09-24T08:28:48.467+0000] {dag.py:3328} INFO - Setting next_dagrun for example_local_kubernetes_executor to None, run_after=None
[2022-09-24T08:28:48.480+0000] {processor.py:178} INFO - Processing /home/airflow/.local/lib/python3.7/site-packages/airflow/example_dags/example_local_kubernetes_executor.py took 0.070 seconds
[2022-09-24T08:29:18.750+0000] {processor.py:156} INFO - Started process (PID=33981) to work on /home/airflow/.local/lib/python3.7/site-packages/airflow/example_dags/example_local_kubernetes_executor.py
[2022-09-24T08:29:18.751+0000] {processor.py:758} INFO - Processing file /home/airflow/.local/lib/python3.7/site-packages/airflow/example_dags/example_local_kubernetes_executor.py for tasks to queue
[2022-09-24T08:29:18.753+0000] {logging_mixin.py:117} INFO - [2022-09-24T08:29:18.753+0000] {dagbag.py:525} INFO - Filling up the DagBag from /home/airflow/.local/lib/python3.7/site-packages/airflow/example_dags/example_local_kubernetes_executor.py
[2022-09-24T08:29:18.767+0000] {processor.py:768} INFO - DAG(s) dict_keys(['example_local_kubernetes_executor']) retrieved from /home/airflow/.local/lib/python3.7/site-packages/airflow/example_dags/example_local_kubernetes_executor.py
[2022-09-24T08:29:18.798+0000] {logging_mixin.py:117} INFO - [2022-09-24T08:29:18.798+0000] {dag.py:2573} INFO - Sync 1 DAGs
[2022-09-24T08:29:18.815+0000] {logging_mixin.py:117} INFO - [2022-09-24T08:29:18.815+0000] {dag.py:3328} INFO - Setting next_dagrun for example_local_kubernetes_executor to None, run_after=None
[2022-09-24T08:29:18.827+0000] {processor.py:178} INFO - Processing /home/airflow/.local/lib/python3.7/site-packages/airflow/example_dags/example_local_kubernetes_executor.py took 0.079 seconds
[2022-09-24T08:29:49.274+0000] {processor.py:156} INFO - Started process (PID=34046) to work on /home/airflow/.local/lib/python3.7/site-packages/airflow/example_dags/example_local_kubernetes_executor.py
[2022-09-24T08:29:49.275+0000] {processor.py:758} INFO - Processing file /home/airflow/.local/lib/python3.7/site-packages/airflow/example_dags/example_local_kubernetes_executor.py for tasks to queue
[2022-09-24T08:29:49.277+0000] {logging_mixin.py:117} INFO - [2022-09-24T08:29:49.277+0000] {dagbag.py:525} INFO - Filling up the DagBag from /home/airflow/.local/lib/python3.7/site-packages/airflow/example_dags/example_local_kubernetes_executor.py
[2022-09-24T08:29:49.292+0000] {processor.py:768} INFO - DAG(s) dict_keys(['example_local_kubernetes_executor']) retrieved from /home/airflow/.local/lib/python3.7/site-packages/airflow/example_dags/example_local_kubernetes_executor.py
[2022-09-24T08:29:49.318+0000] {logging_mixin.py:117} INFO - [2022-09-24T08:29:49.318+0000] {dag.py:2573} INFO - Sync 1 DAGs
[2022-09-24T08:29:49.333+0000] {logging_mixin.py:117} INFO - [2022-09-24T08:29:49.333+0000] {dag.py:3328} INFO - Setting next_dagrun for example_local_kubernetes_executor to None, run_after=None
[2022-09-24T08:29:49.346+0000] {processor.py:178} INFO - Processing /home/airflow/.local/lib/python3.7/site-packages/airflow/example_dags/example_local_kubernetes_executor.py took 0.074 seconds
[2022-09-24T08:30:19.577+0000] {processor.py:156} INFO - Started process (PID=34109) to work on /home/airflow/.local/lib/python3.7/site-packages/airflow/example_dags/example_local_kubernetes_executor.py
[2022-09-24T08:30:19.578+0000] {processor.py:758} INFO - Processing file /home/airflow/.local/lib/python3.7/site-packages/airflow/example_dags/example_local_kubernetes_executor.py for tasks to queue
[2022-09-24T08:30:19.579+0000] {logging_mixin.py:117} INFO - [2022-09-24T08:30:19.579+0000] {dagbag.py:525} INFO - Filling up the DagBag from /home/airflow/.local/lib/python3.7/site-packages/airflow/example_dags/example_local_kubernetes_executor.py
[2022-09-24T08:30:19.593+0000] {processor.py:768} INFO - DAG(s) dict_keys(['example_local_kubernetes_executor']) retrieved from /home/airflow/.local/lib/python3.7/site-packages/airflow/example_dags/example_local_kubernetes_executor.py
[2022-09-24T08:30:19.618+0000] {logging_mixin.py:117} INFO - [2022-09-24T08:30:19.618+0000] {dag.py:2573} INFO - Sync 1 DAGs
[2022-09-24T08:30:19.633+0000] {logging_mixin.py:117} INFO - [2022-09-24T08:30:19.633+0000] {dag.py:3328} INFO - Setting next_dagrun for example_local_kubernetes_executor to None, run_after=None
[2022-09-24T08:30:19.646+0000] {processor.py:178} INFO - Processing /home/airflow/.local/lib/python3.7/site-packages/airflow/example_dags/example_local_kubernetes_executor.py took 0.071 seconds
[2022-09-24T08:30:49.861+0000] {processor.py:156} INFO - Started process (PID=34173) to work on /home/airflow/.local/lib/python3.7/site-packages/airflow/example_dags/example_local_kubernetes_executor.py
[2022-09-24T08:30:49.862+0000] {processor.py:758} INFO - Processing file /home/airflow/.local/lib/python3.7/site-packages/airflow/example_dags/example_local_kubernetes_executor.py for tasks to queue
[2022-09-24T08:30:49.863+0000] {logging_mixin.py:117} INFO - [2022-09-24T08:30:49.863+0000] {dagbag.py:525} INFO - Filling up the DagBag from /home/airflow/.local/lib/python3.7/site-packages/airflow/example_dags/example_local_kubernetes_executor.py
[2022-09-24T08:30:49.877+0000] {processor.py:768} INFO - DAG(s) dict_keys(['example_local_kubernetes_executor']) retrieved from /home/airflow/.local/lib/python3.7/site-packages/airflow/example_dags/example_local_kubernetes_executor.py
[2022-09-24T08:30:49.901+0000] {logging_mixin.py:117} INFO - [2022-09-24T08:30:49.901+0000] {dag.py:2573} INFO - Sync 1 DAGs
[2022-09-24T08:30:49.916+0000] {logging_mixin.py:117} INFO - [2022-09-24T08:30:49.916+0000] {dag.py:3328} INFO - Setting next_dagrun for example_local_kubernetes_executor to None, run_after=None
[2022-09-24T08:30:49.928+0000] {processor.py:178} INFO - Processing /home/airflow/.local/lib/python3.7/site-packages/airflow/example_dags/example_local_kubernetes_executor.py took 0.071 seconds
[2022-09-24T08:31:20.186+0000] {processor.py:156} INFO - Started process (PID=34235) to work on /home/airflow/.local/lib/python3.7/site-packages/airflow/example_dags/example_local_kubernetes_executor.py
[2022-09-24T08:31:20.188+0000] {processor.py:758} INFO - Processing file /home/airflow/.local/lib/python3.7/site-packages/airflow/example_dags/example_local_kubernetes_executor.py for tasks to queue
[2022-09-24T08:31:20.189+0000] {logging_mixin.py:117} INFO - [2022-09-24T08:31:20.189+0000] {dagbag.py:525} INFO - Filling up the DagBag from /home/airflow/.local/lib/python3.7/site-packages/airflow/example_dags/example_local_kubernetes_executor.py
[2022-09-24T08:31:20.203+0000] {processor.py:768} INFO - DAG(s) dict_keys(['example_local_kubernetes_executor']) retrieved from /home/airflow/.local/lib/python3.7/site-packages/airflow/example_dags/example_local_kubernetes_executor.py
[2022-09-24T08:31:20.226+0000] {logging_mixin.py:117} INFO - [2022-09-24T08:31:20.226+0000] {dag.py:2573} INFO - Sync 1 DAGs
[2022-09-24T08:31:20.241+0000] {logging_mixin.py:117} INFO - [2022-09-24T08:31:20.241+0000] {dag.py:3328} INFO - Setting next_dagrun for example_local_kubernetes_executor to None, run_after=None
[2022-09-24T08:31:20.251+0000] {processor.py:178} INFO - Processing /home/airflow/.local/lib/python3.7/site-packages/airflow/example_dags/example_local_kubernetes_executor.py took 0.067 seconds
[2022-09-24T08:31:50.385+0000] {processor.py:156} INFO - Started process (PID=34288) to work on /home/airflow/.local/lib/python3.7/site-packages/airflow/example_dags/example_local_kubernetes_executor.py
[2022-09-24T08:31:50.387+0000] {processor.py:758} INFO - Processing file /home/airflow/.local/lib/python3.7/site-packages/airflow/example_dags/example_local_kubernetes_executor.py for tasks to queue
[2022-09-24T08:31:50.388+0000] {logging_mixin.py:117} INFO - [2022-09-24T08:31:50.388+0000] {dagbag.py:525} INFO - Filling up the DagBag from /home/airflow/.local/lib/python3.7/site-packages/airflow/example_dags/example_local_kubernetes_executor.py
[2022-09-24T08:31:50.403+0000] {processor.py:768} INFO - DAG(s) dict_keys(['example_local_kubernetes_executor']) retrieved from /home/airflow/.local/lib/python3.7/site-packages/airflow/example_dags/example_local_kubernetes_executor.py
[2022-09-24T08:31:50.428+0000] {logging_mixin.py:117} INFO - [2022-09-24T08:31:50.428+0000] {dag.py:2573} INFO - Sync 1 DAGs
[2022-09-24T08:31:50.442+0000] {logging_mixin.py:117} INFO - [2022-09-24T08:31:50.442+0000] {dag.py:3328} INFO - Setting next_dagrun for example_local_kubernetes_executor to None, run_after=None
[2022-09-24T08:31:50.454+0000] {processor.py:178} INFO - Processing /home/airflow/.local/lib/python3.7/site-packages/airflow/example_dags/example_local_kubernetes_executor.py took 0.071 seconds
[2022-09-24T08:32:20.606+0000] {processor.py:156} INFO - Started process (PID=34351) to work on /home/airflow/.local/lib/python3.7/site-packages/airflow/example_dags/example_local_kubernetes_executor.py
[2022-09-24T08:32:20.607+0000] {processor.py:758} INFO - Processing file /home/airflow/.local/lib/python3.7/site-packages/airflow/example_dags/example_local_kubernetes_executor.py for tasks to queue
[2022-09-24T08:32:20.608+0000] {logging_mixin.py:117} INFO - [2022-09-24T08:32:20.608+0000] {dagbag.py:525} INFO - Filling up the DagBag from /home/airflow/.local/lib/python3.7/site-packages/airflow/example_dags/example_local_kubernetes_executor.py
[2022-09-24T08:32:20.621+0000] {processor.py:768} INFO - DAG(s) dict_keys(['example_local_kubernetes_executor']) retrieved from /home/airflow/.local/lib/python3.7/site-packages/airflow/example_dags/example_local_kubernetes_executor.py
[2022-09-24T08:32:20.647+0000] {logging_mixin.py:117} INFO - [2022-09-24T08:32:20.646+0000] {dag.py:2573} INFO - Sync 1 DAGs
[2022-09-24T08:32:20.661+0000] {logging_mixin.py:117} INFO - [2022-09-24T08:32:20.661+0000] {dag.py:3328} INFO - Setting next_dagrun for example_local_kubernetes_executor to None, run_after=None
[2022-09-24T08:32:20.673+0000] {processor.py:178} INFO - Processing /home/airflow/.local/lib/python3.7/site-packages/airflow/example_dags/example_local_kubernetes_executor.py took 0.069 seconds
[2022-09-24T08:32:50.930+0000] {processor.py:156} INFO - Started process (PID=34413) to work on /home/airflow/.local/lib/python3.7/site-packages/airflow/example_dags/example_local_kubernetes_executor.py
[2022-09-24T08:32:50.932+0000] {processor.py:758} INFO - Processing file /home/airflow/.local/lib/python3.7/site-packages/airflow/example_dags/example_local_kubernetes_executor.py for tasks to queue
[2022-09-24T08:32:50.933+0000] {logging_mixin.py:117} INFO - [2022-09-24T08:32:50.933+0000] {dagbag.py:525} INFO - Filling up the DagBag from /home/airflow/.local/lib/python3.7/site-packages/airflow/example_dags/example_local_kubernetes_executor.py
[2022-09-24T08:32:50.949+0000] {processor.py:768} INFO - DAG(s) dict_keys(['example_local_kubernetes_executor']) retrieved from /home/airflow/.local/lib/python3.7/site-packages/airflow/example_dags/example_local_kubernetes_executor.py
[2022-09-24T08:32:50.974+0000] {logging_mixin.py:117} INFO - [2022-09-24T08:32:50.974+0000] {dag.py:2573} INFO - Sync 1 DAGs
[2022-09-24T08:32:50.991+0000] {logging_mixin.py:117} INFO - [2022-09-24T08:32:50.991+0000] {dag.py:3328} INFO - Setting next_dagrun for example_local_kubernetes_executor to None, run_after=None
[2022-09-24T08:32:51.002+0000] {processor.py:178} INFO - Processing /home/airflow/.local/lib/python3.7/site-packages/airflow/example_dags/example_local_kubernetes_executor.py took 0.075 seconds
[2022-09-24T08:33:21.372+0000] {processor.py:156} INFO - Started process (PID=34476) to work on /home/airflow/.local/lib/python3.7/site-packages/airflow/example_dags/example_local_kubernetes_executor.py
[2022-09-24T08:33:21.374+0000] {processor.py:758} INFO - Processing file /home/airflow/.local/lib/python3.7/site-packages/airflow/example_dags/example_local_kubernetes_executor.py for tasks to queue
[2022-09-24T08:33:21.375+0000] {logging_mixin.py:117} INFO - [2022-09-24T08:33:21.375+0000] {dagbag.py:525} INFO - Filling up the DagBag from /home/airflow/.local/lib/python3.7/site-packages/airflow/example_dags/example_local_kubernetes_executor.py
[2022-09-24T08:33:21.391+0000] {processor.py:768} INFO - DAG(s) dict_keys(['example_local_kubernetes_executor']) retrieved from /home/airflow/.local/lib/python3.7/site-packages/airflow/example_dags/example_local_kubernetes_executor.py
[2022-09-24T08:33:21.415+0000] {logging_mixin.py:117} INFO - [2022-09-24T08:33:21.415+0000] {dag.py:2573} INFO - Sync 1 DAGs
[2022-09-24T08:33:21.430+0000] {logging_mixin.py:117} INFO - [2022-09-24T08:33:21.430+0000] {dag.py:3328} INFO - Setting next_dagrun for example_local_kubernetes_executor to None, run_after=None
[2022-09-24T08:33:21.441+0000] {processor.py:178} INFO - Processing /home/airflow/.local/lib/python3.7/site-packages/airflow/example_dags/example_local_kubernetes_executor.py took 0.072 seconds
[2022-09-24T08:33:51.816+0000] {processor.py:156} INFO - Started process (PID=34539) to work on /home/airflow/.local/lib/python3.7/site-packages/airflow/example_dags/example_local_kubernetes_executor.py
[2022-09-24T08:33:51.818+0000] {processor.py:758} INFO - Processing file /home/airflow/.local/lib/python3.7/site-packages/airflow/example_dags/example_local_kubernetes_executor.py for tasks to queue
[2022-09-24T08:33:51.819+0000] {logging_mixin.py:117} INFO - [2022-09-24T08:33:51.819+0000] {dagbag.py:525} INFO - Filling up the DagBag from /home/airflow/.local/lib/python3.7/site-packages/airflow/example_dags/example_local_kubernetes_executor.py
[2022-09-24T08:33:51.835+0000] {processor.py:768} INFO - DAG(s) dict_keys(['example_local_kubernetes_executor']) retrieved from /home/airflow/.local/lib/python3.7/site-packages/airflow/example_dags/example_local_kubernetes_executor.py
[2022-09-24T08:33:51.864+0000] {logging_mixin.py:117} INFO - [2022-09-24T08:33:51.864+0000] {dag.py:2573} INFO - Sync 1 DAGs
[2022-09-24T08:33:51.880+0000] {logging_mixin.py:117} INFO - [2022-09-24T08:33:51.880+0000] {dag.py:3328} INFO - Setting next_dagrun for example_local_kubernetes_executor to None, run_after=None
[2022-09-24T08:33:51.892+0000] {processor.py:178} INFO - Processing /home/airflow/.local/lib/python3.7/site-packages/airflow/example_dags/example_local_kubernetes_executor.py took 0.080 seconds
[2022-09-24T08:34:22.240+0000] {processor.py:156} INFO - Started process (PID=34603) to work on /home/airflow/.local/lib/python3.7/site-packages/airflow/example_dags/example_local_kubernetes_executor.py
[2022-09-24T08:34:22.241+0000] {processor.py:758} INFO - Processing file /home/airflow/.local/lib/python3.7/site-packages/airflow/example_dags/example_local_kubernetes_executor.py for tasks to queue
[2022-09-24T08:34:22.242+0000] {logging_mixin.py:117} INFO - [2022-09-24T08:34:22.242+0000] {dagbag.py:525} INFO - Filling up the DagBag from /home/airflow/.local/lib/python3.7/site-packages/airflow/example_dags/example_local_kubernetes_executor.py
[2022-09-24T08:34:22.258+0000] {processor.py:768} INFO - DAG(s) dict_keys(['example_local_kubernetes_executor']) retrieved from /home/airflow/.local/lib/python3.7/site-packages/airflow/example_dags/example_local_kubernetes_executor.py
[2022-09-24T08:34:22.286+0000] {logging_mixin.py:117} INFO - [2022-09-24T08:34:22.286+0000] {dag.py:2573} INFO - Sync 1 DAGs
[2022-09-24T08:34:22.302+0000] {logging_mixin.py:117} INFO - [2022-09-24T08:34:22.301+0000] {dag.py:3328} INFO - Setting next_dagrun for example_local_kubernetes_executor to None, run_after=None
[2022-09-24T08:34:22.314+0000] {processor.py:178} INFO - Processing /home/airflow/.local/lib/python3.7/site-packages/airflow/example_dags/example_local_kubernetes_executor.py took 0.076 seconds
[2022-09-24T08:34:52.473+0000] {processor.py:156} INFO - Started process (PID=34657) to work on /home/airflow/.local/lib/python3.7/site-packages/airflow/example_dags/example_local_kubernetes_executor.py
[2022-09-24T08:34:52.474+0000] {processor.py:758} INFO - Processing file /home/airflow/.local/lib/python3.7/site-packages/airflow/example_dags/example_local_kubernetes_executor.py for tasks to queue
[2022-09-24T08:34:52.475+0000] {logging_mixin.py:117} INFO - [2022-09-24T08:34:52.475+0000] {dagbag.py:525} INFO - Filling up the DagBag from /home/airflow/.local/lib/python3.7/site-packages/airflow/example_dags/example_local_kubernetes_executor.py
[2022-09-24T08:34:52.489+0000] {processor.py:768} INFO - DAG(s) dict_keys(['example_local_kubernetes_executor']) retrieved from /home/airflow/.local/lib/python3.7/site-packages/airflow/example_dags/example_local_kubernetes_executor.py
[2022-09-24T08:34:52.513+0000] {logging_mixin.py:117} INFO - [2022-09-24T08:34:52.513+0000] {dag.py:2573} INFO - Sync 1 DAGs
[2022-09-24T08:34:52.528+0000] {logging_mixin.py:117} INFO - [2022-09-24T08:34:52.528+0000] {dag.py:3328} INFO - Setting next_dagrun for example_local_kubernetes_executor to None, run_after=None
[2022-09-24T08:34:52.541+0000] {processor.py:178} INFO - Processing /home/airflow/.local/lib/python3.7/site-packages/airflow/example_dags/example_local_kubernetes_executor.py took 0.071 seconds
[2022-09-24T08:35:22.884+0000] {processor.py:156} INFO - Started process (PID=34720) to work on /home/airflow/.local/lib/python3.7/site-packages/airflow/example_dags/example_local_kubernetes_executor.py
[2022-09-24T08:35:22.886+0000] {processor.py:758} INFO - Processing file /home/airflow/.local/lib/python3.7/site-packages/airflow/example_dags/example_local_kubernetes_executor.py for tasks to queue
[2022-09-24T08:35:22.888+0000] {logging_mixin.py:117} INFO - [2022-09-24T08:35:22.888+0000] {dagbag.py:525} INFO - Filling up the DagBag from /home/airflow/.local/lib/python3.7/site-packages/airflow/example_dags/example_local_kubernetes_executor.py
[2022-09-24T08:35:22.921+0000] {processor.py:768} INFO - DAG(s) dict_keys(['example_local_kubernetes_executor']) retrieved from /home/airflow/.local/lib/python3.7/site-packages/airflow/example_dags/example_local_kubernetes_executor.py
[2022-09-24T08:35:22.950+0000] {logging_mixin.py:117} INFO - [2022-09-24T08:35:22.950+0000] {dag.py:2573} INFO - Sync 1 DAGs
[2022-09-24T08:35:22.969+0000] {logging_mixin.py:117} INFO - [2022-09-24T08:35:22.969+0000] {dag.py:3328} INFO - Setting next_dagrun for example_local_kubernetes_executor to None, run_after=None
[2022-09-24T08:35:22.985+0000] {processor.py:178} INFO - Processing /home/airflow/.local/lib/python3.7/site-packages/airflow/example_dags/example_local_kubernetes_executor.py took 0.103 seconds
[2022-09-24T08:35:53.304+0000] {processor.py:156} INFO - Started process (PID=34783) to work on /home/airflow/.local/lib/python3.7/site-packages/airflow/example_dags/example_local_kubernetes_executor.py
[2022-09-24T08:35:53.305+0000] {processor.py:758} INFO - Processing file /home/airflow/.local/lib/python3.7/site-packages/airflow/example_dags/example_local_kubernetes_executor.py for tasks to queue
[2022-09-24T08:35:53.306+0000] {logging_mixin.py:117} INFO - [2022-09-24T08:35:53.306+0000] {dagbag.py:525} INFO - Filling up the DagBag from /home/airflow/.local/lib/python3.7/site-packages/airflow/example_dags/example_local_kubernetes_executor.py
[2022-09-24T08:35:53.319+0000] {processor.py:768} INFO - DAG(s) dict_keys(['example_local_kubernetes_executor']) retrieved from /home/airflow/.local/lib/python3.7/site-packages/airflow/example_dags/example_local_kubernetes_executor.py
[2022-09-24T08:35:53.344+0000] {logging_mixin.py:117} INFO - [2022-09-24T08:35:53.344+0000] {dag.py:2573} INFO - Sync 1 DAGs
[2022-09-24T08:35:53.359+0000] {logging_mixin.py:117} INFO - [2022-09-24T08:35:53.359+0000] {dag.py:3328} INFO - Setting next_dagrun for example_local_kubernetes_executor to None, run_after=None
[2022-09-24T08:35:53.371+0000] {processor.py:178} INFO - Processing /home/airflow/.local/lib/python3.7/site-packages/airflow/example_dags/example_local_kubernetes_executor.py took 0.069 seconds
[2022-09-24T08:36:23.656+0000] {processor.py:156} INFO - Started process (PID=34846) to work on /home/airflow/.local/lib/python3.7/site-packages/airflow/example_dags/example_local_kubernetes_executor.py
[2022-09-24T08:36:23.658+0000] {processor.py:758} INFO - Processing file /home/airflow/.local/lib/python3.7/site-packages/airflow/example_dags/example_local_kubernetes_executor.py for tasks to queue
[2022-09-24T08:36:23.659+0000] {logging_mixin.py:117} INFO - [2022-09-24T08:36:23.659+0000] {dagbag.py:525} INFO - Filling up the DagBag from /home/airflow/.local/lib/python3.7/site-packages/airflow/example_dags/example_local_kubernetes_executor.py
[2022-09-24T08:36:23.675+0000] {processor.py:768} INFO - DAG(s) dict_keys(['example_local_kubernetes_executor']) retrieved from /home/airflow/.local/lib/python3.7/site-packages/airflow/example_dags/example_local_kubernetes_executor.py
[2022-09-24T08:36:23.702+0000] {logging_mixin.py:117} INFO - [2022-09-24T08:36:23.702+0000] {dag.py:2573} INFO - Sync 1 DAGs
[2022-09-24T08:36:23.717+0000] {logging_mixin.py:117} INFO - [2022-09-24T08:36:23.717+0000] {dag.py:3328} INFO - Setting next_dagrun for example_local_kubernetes_executor to None, run_after=None
[2022-09-24T08:36:23.730+0000] {processor.py:178} INFO - Processing /home/airflow/.local/lib/python3.7/site-packages/airflow/example_dags/example_local_kubernetes_executor.py took 0.076 seconds
[2022-09-24T08:36:53.971+0000] {processor.py:156} INFO - Started process (PID=34909) to work on /home/airflow/.local/lib/python3.7/site-packages/airflow/example_dags/example_local_kubernetes_executor.py
[2022-09-24T08:36:53.973+0000] {processor.py:758} INFO - Processing file /home/airflow/.local/lib/python3.7/site-packages/airflow/example_dags/example_local_kubernetes_executor.py for tasks to queue
[2022-09-24T08:36:53.974+0000] {logging_mixin.py:117} INFO - [2022-09-24T08:36:53.974+0000] {dagbag.py:525} INFO - Filling up the DagBag from /home/airflow/.local/lib/python3.7/site-packages/airflow/example_dags/example_local_kubernetes_executor.py
[2022-09-24T08:36:53.988+0000] {processor.py:768} INFO - DAG(s) dict_keys(['example_local_kubernetes_executor']) retrieved from /home/airflow/.local/lib/python3.7/site-packages/airflow/example_dags/example_local_kubernetes_executor.py
[2022-09-24T08:36:54.013+0000] {logging_mixin.py:117} INFO - [2022-09-24T08:36:54.013+0000] {dag.py:2573} INFO - Sync 1 DAGs
[2022-09-24T08:36:54.029+0000] {logging_mixin.py:117} INFO - [2022-09-24T08:36:54.029+0000] {dag.py:3328} INFO - Setting next_dagrun for example_local_kubernetes_executor to None, run_after=None
[2022-09-24T08:36:54.043+0000] {processor.py:178} INFO - Processing /home/airflow/.local/lib/python3.7/site-packages/airflow/example_dags/example_local_kubernetes_executor.py took 0.073 seconds
[2022-09-24T08:37:24.313+0000] {processor.py:156} INFO - Started process (PID=34972) to work on /home/airflow/.local/lib/python3.7/site-packages/airflow/example_dags/example_local_kubernetes_executor.py
[2022-09-24T08:37:24.314+0000] {processor.py:758} INFO - Processing file /home/airflow/.local/lib/python3.7/site-packages/airflow/example_dags/example_local_kubernetes_executor.py for tasks to queue
[2022-09-24T08:37:24.315+0000] {logging_mixin.py:117} INFO - [2022-09-24T08:37:24.315+0000] {dagbag.py:525} INFO - Filling up the DagBag from /home/airflow/.local/lib/python3.7/site-packages/airflow/example_dags/example_local_kubernetes_executor.py
[2022-09-24T08:37:24.332+0000] {processor.py:768} INFO - DAG(s) dict_keys(['example_local_kubernetes_executor']) retrieved from /home/airflow/.local/lib/python3.7/site-packages/airflow/example_dags/example_local_kubernetes_executor.py
[2022-09-24T08:37:24.357+0000] {logging_mixin.py:117} INFO - [2022-09-24T08:37:24.357+0000] {dag.py:2573} INFO - Sync 1 DAGs
[2022-09-24T08:37:24.373+0000] {logging_mixin.py:117} INFO - [2022-09-24T08:37:24.372+0000] {dag.py:3328} INFO - Setting next_dagrun for example_local_kubernetes_executor to None, run_after=None
[2022-09-24T08:37:24.391+0000] {processor.py:178} INFO - Processing /home/airflow/.local/lib/python3.7/site-packages/airflow/example_dags/example_local_kubernetes_executor.py took 0.080 seconds
[2022-09-24T08:37:54.663+0000] {processor.py:156} INFO - Started process (PID=35025) to work on /home/airflow/.local/lib/python3.7/site-packages/airflow/example_dags/example_local_kubernetes_executor.py
[2022-09-24T08:37:54.665+0000] {processor.py:758} INFO - Processing file /home/airflow/.local/lib/python3.7/site-packages/airflow/example_dags/example_local_kubernetes_executor.py for tasks to queue
[2022-09-24T08:37:54.667+0000] {logging_mixin.py:117} INFO - [2022-09-24T08:37:54.667+0000] {dagbag.py:525} INFO - Filling up the DagBag from /home/airflow/.local/lib/python3.7/site-packages/airflow/example_dags/example_local_kubernetes_executor.py
[2022-09-24T08:37:54.683+0000] {processor.py:768} INFO - DAG(s) dict_keys(['example_local_kubernetes_executor']) retrieved from /home/airflow/.local/lib/python3.7/site-packages/airflow/example_dags/example_local_kubernetes_executor.py
[2022-09-24T08:37:54.707+0000] {logging_mixin.py:117} INFO - [2022-09-24T08:37:54.707+0000] {dag.py:2573} INFO - Sync 1 DAGs
[2022-09-24T08:37:54.723+0000] {logging_mixin.py:117} INFO - [2022-09-24T08:37:54.723+0000] {dag.py:3328} INFO - Setting next_dagrun for example_local_kubernetes_executor to None, run_after=None
[2022-09-24T08:37:54.737+0000] {processor.py:178} INFO - Processing /home/airflow/.local/lib/python3.7/site-packages/airflow/example_dags/example_local_kubernetes_executor.py took 0.077 seconds
[2022-09-24T08:38:25.077+0000] {processor.py:156} INFO - Started process (PID=35088) to work on /home/airflow/.local/lib/python3.7/site-packages/airflow/example_dags/example_local_kubernetes_executor.py
[2022-09-24T08:38:25.079+0000] {processor.py:758} INFO - Processing file /home/airflow/.local/lib/python3.7/site-packages/airflow/example_dags/example_local_kubernetes_executor.py for tasks to queue
[2022-09-24T08:38:25.079+0000] {logging_mixin.py:117} INFO - [2022-09-24T08:38:25.079+0000] {dagbag.py:525} INFO - Filling up the DagBag from /home/airflow/.local/lib/python3.7/site-packages/airflow/example_dags/example_local_kubernetes_executor.py
[2022-09-24T08:38:25.093+0000] {processor.py:768} INFO - DAG(s) dict_keys(['example_local_kubernetes_executor']) retrieved from /home/airflow/.local/lib/python3.7/site-packages/airflow/example_dags/example_local_kubernetes_executor.py
[2022-09-24T08:38:25.120+0000] {logging_mixin.py:117} INFO - [2022-09-24T08:38:25.119+0000] {dag.py:2573} INFO - Sync 1 DAGs
[2022-09-24T08:38:25.134+0000] {logging_mixin.py:117} INFO - [2022-09-24T08:38:25.134+0000] {dag.py:3328} INFO - Setting next_dagrun for example_local_kubernetes_executor to None, run_after=None
[2022-09-24T08:38:25.147+0000] {processor.py:178} INFO - Processing /home/airflow/.local/lib/python3.7/site-packages/airflow/example_dags/example_local_kubernetes_executor.py took 0.072 seconds
[2022-09-24T08:38:55.360+0000] {processor.py:156} INFO - Started process (PID=35152) to work on /home/airflow/.local/lib/python3.7/site-packages/airflow/example_dags/example_local_kubernetes_executor.py
[2022-09-24T08:38:55.362+0000] {processor.py:758} INFO - Processing file /home/airflow/.local/lib/python3.7/site-packages/airflow/example_dags/example_local_kubernetes_executor.py for tasks to queue
[2022-09-24T08:38:55.363+0000] {logging_mixin.py:117} INFO - [2022-09-24T08:38:55.362+0000] {dagbag.py:525} INFO - Filling up the DagBag from /home/airflow/.local/lib/python3.7/site-packages/airflow/example_dags/example_local_kubernetes_executor.py
[2022-09-24T08:38:55.380+0000] {processor.py:768} INFO - DAG(s) dict_keys(['example_local_kubernetes_executor']) retrieved from /home/airflow/.local/lib/python3.7/site-packages/airflow/example_dags/example_local_kubernetes_executor.py
[2022-09-24T08:38:55.408+0000] {logging_mixin.py:117} INFO - [2022-09-24T08:38:55.408+0000] {dag.py:2573} INFO - Sync 1 DAGs
[2022-09-24T08:38:55.425+0000] {logging_mixin.py:117} INFO - [2022-09-24T08:38:55.425+0000] {dag.py:3328} INFO - Setting next_dagrun for example_local_kubernetes_executor to None, run_after=None
[2022-09-24T08:38:55.437+0000] {processor.py:178} INFO - Processing /home/airflow/.local/lib/python3.7/site-packages/airflow/example_dags/example_local_kubernetes_executor.py took 0.079 seconds
[2022-09-24T08:39:25.644+0000] {processor.py:156} INFO - Started process (PID=35215) to work on /home/airflow/.local/lib/python3.7/site-packages/airflow/example_dags/example_local_kubernetes_executor.py
[2022-09-24T08:39:25.646+0000] {processor.py:758} INFO - Processing file /home/airflow/.local/lib/python3.7/site-packages/airflow/example_dags/example_local_kubernetes_executor.py for tasks to queue
[2022-09-24T08:39:25.647+0000] {logging_mixin.py:117} INFO - [2022-09-24T08:39:25.647+0000] {dagbag.py:525} INFO - Filling up the DagBag from /home/airflow/.local/lib/python3.7/site-packages/airflow/example_dags/example_local_kubernetes_executor.py
[2022-09-24T08:39:25.665+0000] {processor.py:768} INFO - DAG(s) dict_keys(['example_local_kubernetes_executor']) retrieved from /home/airflow/.local/lib/python3.7/site-packages/airflow/example_dags/example_local_kubernetes_executor.py
[2022-09-24T08:39:25.700+0000] {logging_mixin.py:117} INFO - [2022-09-24T08:39:25.700+0000] {dag.py:2573} INFO - Sync 1 DAGs
[2022-09-24T08:39:25.715+0000] {logging_mixin.py:117} INFO - [2022-09-24T08:39:25.715+0000] {dag.py:3328} INFO - Setting next_dagrun for example_local_kubernetes_executor to None, run_after=None
[2022-09-24T08:39:25.728+0000] {processor.py:178} INFO - Processing /home/airflow/.local/lib/python3.7/site-packages/airflow/example_dags/example_local_kubernetes_executor.py took 0.086 seconds
[2022-09-24T08:39:56.065+0000] {processor.py:156} INFO - Started process (PID=35278) to work on /home/airflow/.local/lib/python3.7/site-packages/airflow/example_dags/example_local_kubernetes_executor.py
[2022-09-24T08:39:56.067+0000] {processor.py:758} INFO - Processing file /home/airflow/.local/lib/python3.7/site-packages/airflow/example_dags/example_local_kubernetes_executor.py for tasks to queue
[2022-09-24T08:39:56.068+0000] {logging_mixin.py:117} INFO - [2022-09-24T08:39:56.068+0000] {dagbag.py:525} INFO - Filling up the DagBag from /home/airflow/.local/lib/python3.7/site-packages/airflow/example_dags/example_local_kubernetes_executor.py
[2022-09-24T08:39:56.083+0000] {processor.py:768} INFO - DAG(s) dict_keys(['example_local_kubernetes_executor']) retrieved from /home/airflow/.local/lib/python3.7/site-packages/airflow/example_dags/example_local_kubernetes_executor.py
[2022-09-24T08:39:56.109+0000] {logging_mixin.py:117} INFO - [2022-09-24T08:39:56.109+0000] {dag.py:2573} INFO - Sync 1 DAGs
[2022-09-24T08:39:56.124+0000] {logging_mixin.py:117} INFO - [2022-09-24T08:39:56.124+0000] {dag.py:3328} INFO - Setting next_dagrun for example_local_kubernetes_executor to None, run_after=None
[2022-09-24T08:39:56.137+0000] {processor.py:178} INFO - Processing /home/airflow/.local/lib/python3.7/site-packages/airflow/example_dags/example_local_kubernetes_executor.py took 0.073 seconds
[2022-09-24T09:07:09.275+0000] {processor.py:156} INFO - Started process (PID=35333) to work on /home/airflow/.local/lib/python3.7/site-packages/airflow/example_dags/example_local_kubernetes_executor.py
[2022-09-24T09:07:09.276+0000] {processor.py:758} INFO - Processing file /home/airflow/.local/lib/python3.7/site-packages/airflow/example_dags/example_local_kubernetes_executor.py for tasks to queue
[2022-09-24T09:07:09.277+0000] {logging_mixin.py:117} INFO - [2022-09-24T09:07:09.277+0000] {dagbag.py:525} INFO - Filling up the DagBag from /home/airflow/.local/lib/python3.7/site-packages/airflow/example_dags/example_local_kubernetes_executor.py
[2022-09-24T09:07:09.292+0000] {processor.py:768} INFO - DAG(s) dict_keys(['example_local_kubernetes_executor']) retrieved from /home/airflow/.local/lib/python3.7/site-packages/airflow/example_dags/example_local_kubernetes_executor.py
[2022-09-24T09:07:09.319+0000] {logging_mixin.py:117} INFO - [2022-09-24T09:07:09.319+0000] {dag.py:2573} INFO - Sync 1 DAGs
[2022-09-24T09:07:09.336+0000] {logging_mixin.py:117} INFO - [2022-09-24T09:07:09.336+0000] {dag.py:3328} INFO - Setting next_dagrun for example_local_kubernetes_executor to None, run_after=None
[2022-09-24T09:07:09.351+0000] {processor.py:178} INFO - Processing /home/airflow/.local/lib/python3.7/site-packages/airflow/example_dags/example_local_kubernetes_executor.py took 0.078 seconds
