[2022-09-24T01:04:10.369+0000] {processor.py:156} INFO - Started process (PID=32109) to work on /home/airflow/.local/lib/python3.7/site-packages/airflow/example_dags/example_branch_day_of_week_operator.py
[2022-09-24T01:04:10.372+0000] {processor.py:758} INFO - Processing file /home/airflow/.local/lib/python3.7/site-packages/airflow/example_dags/example_branch_day_of_week_operator.py for tasks to queue
[2022-09-24T01:04:10.374+0000] {logging_mixin.py:117} INFO - [2022-09-24T01:04:10.374+0000] {dagbag.py:525} INFO - Filling up the DagBag from /home/airflow/.local/lib/python3.7/site-packages/airflow/example_dags/example_branch_day_of_week_operator.py
[2022-09-24T01:04:10.404+0000] {processor.py:768} INFO - DAG(s) dict_keys(['example_weekday_branch_operator']) retrieved from /home/airflow/.local/lib/python3.7/site-packages/airflow/example_dags/example_branch_day_of_week_operator.py
[2022-09-24T01:04:10.466+0000] {logging_mixin.py:117} INFO - [2022-09-24T01:04:10.466+0000] {dag.py:2573} INFO - Sync 1 DAGs
[2022-09-24T01:04:10.493+0000] {logging_mixin.py:117} INFO - [2022-09-24T01:04:10.493+0000] {dag.py:3328} INFO - Setting next_dagrun for example_weekday_branch_operator to 2022-09-23T00:00:00+00:00, run_after=2022-09-24T00:00:00+00:00
[2022-09-24T01:04:10.513+0000] {processor.py:178} INFO - Processing /home/airflow/.local/lib/python3.7/site-packages/airflow/example_dags/example_branch_day_of_week_operator.py took 0.146 seconds
[2022-09-24T02:27:01.204+0000] {processor.py:156} INFO - Started process (PID=32163) to work on /home/airflow/.local/lib/python3.7/site-packages/airflow/example_dags/example_branch_day_of_week_operator.py
[2022-09-24T02:27:01.206+0000] {processor.py:758} INFO - Processing file /home/airflow/.local/lib/python3.7/site-packages/airflow/example_dags/example_branch_day_of_week_operator.py for tasks to queue
[2022-09-24T02:27:01.208+0000] {logging_mixin.py:117} INFO - [2022-09-24T02:27:01.208+0000] {dagbag.py:525} INFO - Filling up the DagBag from /home/airflow/.local/lib/python3.7/site-packages/airflow/example_dags/example_branch_day_of_week_operator.py
[2022-09-24T02:27:01.223+0000] {processor.py:768} INFO - DAG(s) dict_keys(['example_weekday_branch_operator']) retrieved from /home/airflow/.local/lib/python3.7/site-packages/airflow/example_dags/example_branch_day_of_week_operator.py
[2022-09-24T02:27:01.282+0000] {logging_mixin.py:117} INFO - [2022-09-24T02:27:01.282+0000] {dag.py:2573} INFO - Sync 1 DAGs
[2022-09-24T02:27:01.309+0000] {logging_mixin.py:117} INFO - [2022-09-24T02:27:01.309+0000] {dag.py:3328} INFO - Setting next_dagrun for example_weekday_branch_operator to 2022-09-23T00:00:00+00:00, run_after=2022-09-24T00:00:00+00:00
[2022-09-24T02:27:01.332+0000] {processor.py:178} INFO - Processing /home/airflow/.local/lib/python3.7/site-packages/airflow/example_dags/example_branch_day_of_week_operator.py took 0.131 seconds
[2022-09-24T03:23:59.884+0000] {processor.py:156} INFO - Started process (PID=32226) to work on /home/airflow/.local/lib/python3.7/site-packages/airflow/example_dags/example_branch_day_of_week_operator.py
[2022-09-24T03:23:59.885+0000] {processor.py:758} INFO - Processing file /home/airflow/.local/lib/python3.7/site-packages/airflow/example_dags/example_branch_day_of_week_operator.py for tasks to queue
[2022-09-24T03:23:59.887+0000] {logging_mixin.py:117} INFO - [2022-09-24T03:23:59.887+0000] {dagbag.py:525} INFO - Filling up the DagBag from /home/airflow/.local/lib/python3.7/site-packages/airflow/example_dags/example_branch_day_of_week_operator.py
[2022-09-24T03:23:59.901+0000] {processor.py:768} INFO - DAG(s) dict_keys(['example_weekday_branch_operator']) retrieved from /home/airflow/.local/lib/python3.7/site-packages/airflow/example_dags/example_branch_day_of_week_operator.py
[2022-09-24T03:23:59.934+0000] {logging_mixin.py:117} INFO - [2022-09-24T03:23:59.933+0000] {dag.py:2573} INFO - Sync 1 DAGs
[2022-09-24T03:23:59.957+0000] {logging_mixin.py:117} INFO - [2022-09-24T03:23:59.957+0000] {dag.py:3328} INFO - Setting next_dagrun for example_weekday_branch_operator to 2022-09-23T00:00:00+00:00, run_after=2022-09-24T00:00:00+00:00
[2022-09-24T03:23:59.973+0000] {processor.py:178} INFO - Processing /home/airflow/.local/lib/python3.7/site-packages/airflow/example_dags/example_branch_day_of_week_operator.py took 0.092 seconds
[2022-09-24T04:29:27.043+0000] {processor.py:156} INFO - Started process (PID=32291) to work on /home/airflow/.local/lib/python3.7/site-packages/airflow/example_dags/example_branch_day_of_week_operator.py
[2022-09-24T04:29:27.045+0000] {processor.py:758} INFO - Processing file /home/airflow/.local/lib/python3.7/site-packages/airflow/example_dags/example_branch_day_of_week_operator.py for tasks to queue
[2022-09-24T04:29:27.046+0000] {logging_mixin.py:117} INFO - [2022-09-24T04:29:27.046+0000] {dagbag.py:525} INFO - Filling up the DagBag from /home/airflow/.local/lib/python3.7/site-packages/airflow/example_dags/example_branch_day_of_week_operator.py
[2022-09-24T04:29:27.059+0000] {processor.py:768} INFO - DAG(s) dict_keys(['example_weekday_branch_operator']) retrieved from /home/airflow/.local/lib/python3.7/site-packages/airflow/example_dags/example_branch_day_of_week_operator.py
[2022-09-24T04:29:27.120+0000] {logging_mixin.py:117} INFO - [2022-09-24T04:29:27.120+0000] {dag.py:2573} INFO - Sync 1 DAGs
[2022-09-24T04:29:27.147+0000] {logging_mixin.py:117} INFO - [2022-09-24T04:29:27.147+0000] {dag.py:3328} INFO - Setting next_dagrun for example_weekday_branch_operator to 2022-09-23T00:00:00+00:00, run_after=2022-09-24T00:00:00+00:00
[2022-09-24T04:29:27.160+0000] {processor.py:178} INFO - Processing /home/airflow/.local/lib/python3.7/site-packages/airflow/example_dags/example_branch_day_of_week_operator.py took 0.127 seconds
[2022-09-24T05:38:07.417+0000] {processor.py:156} INFO - Started process (PID=32354) to work on /home/airflow/.local/lib/python3.7/site-packages/airflow/example_dags/example_branch_day_of_week_operator.py
[2022-09-24T05:38:07.419+0000] {processor.py:758} INFO - Processing file /home/airflow/.local/lib/python3.7/site-packages/airflow/example_dags/example_branch_day_of_week_operator.py for tasks to queue
[2022-09-24T05:38:07.420+0000] {logging_mixin.py:117} INFO - [2022-09-24T05:38:07.420+0000] {dagbag.py:525} INFO - Filling up the DagBag from /home/airflow/.local/lib/python3.7/site-packages/airflow/example_dags/example_branch_day_of_week_operator.py
[2022-09-24T05:38:07.431+0000] {processor.py:768} INFO - DAG(s) dict_keys(['example_weekday_branch_operator']) retrieved from /home/airflow/.local/lib/python3.7/site-packages/airflow/example_dags/example_branch_day_of_week_operator.py
[2022-09-24T05:38:07.470+0000] {logging_mixin.py:117} INFO - [2022-09-24T05:38:07.470+0000] {dag.py:2573} INFO - Sync 1 DAGs
[2022-09-24T05:38:07.486+0000] {logging_mixin.py:117} INFO - [2022-09-24T05:38:07.486+0000] {dag.py:3328} INFO - Setting next_dagrun for example_weekday_branch_operator to 2022-09-23T00:00:00+00:00, run_after=2022-09-24T00:00:00+00:00
[2022-09-24T05:38:07.507+0000] {processor.py:178} INFO - Processing /home/airflow/.local/lib/python3.7/site-packages/airflow/example_dags/example_branch_day_of_week_operator.py took 0.092 seconds
[2022-09-24T06:55:21.832+0000] {processor.py:156} INFO - Started process (PID=32408) to work on /home/airflow/.local/lib/python3.7/site-packages/airflow/example_dags/example_branch_day_of_week_operator.py
[2022-09-24T06:55:21.834+0000] {processor.py:758} INFO - Processing file /home/airflow/.local/lib/python3.7/site-packages/airflow/example_dags/example_branch_day_of_week_operator.py for tasks to queue
[2022-09-24T06:55:21.835+0000] {logging_mixin.py:117} INFO - [2022-09-24T06:55:21.835+0000] {dagbag.py:525} INFO - Filling up the DagBag from /home/airflow/.local/lib/python3.7/site-packages/airflow/example_dags/example_branch_day_of_week_operator.py
[2022-09-24T06:55:21.855+0000] {processor.py:768} INFO - DAG(s) dict_keys(['example_weekday_branch_operator']) retrieved from /home/airflow/.local/lib/python3.7/site-packages/airflow/example_dags/example_branch_day_of_week_operator.py
[2022-09-24T06:55:21.908+0000] {logging_mixin.py:117} INFO - [2022-09-24T06:55:21.908+0000] {dag.py:2573} INFO - Sync 1 DAGs
[2022-09-24T06:55:21.937+0000] {logging_mixin.py:117} INFO - [2022-09-24T06:55:21.937+0000] {dag.py:3328} INFO - Setting next_dagrun for example_weekday_branch_operator to 2022-09-23T00:00:00+00:00, run_after=2022-09-24T00:00:00+00:00
[2022-09-24T06:55:21.950+0000] {processor.py:178} INFO - Processing /home/airflow/.local/lib/python3.7/site-packages/airflow/example_dags/example_branch_day_of_week_operator.py took 0.121 seconds
[2022-09-24T07:36:25.535+0000] {processor.py:156} INFO - Started process (PID=32471) to work on /home/airflow/.local/lib/python3.7/site-packages/airflow/example_dags/example_branch_day_of_week_operator.py
[2022-09-24T07:36:25.538+0000] {processor.py:758} INFO - Processing file /home/airflow/.local/lib/python3.7/site-packages/airflow/example_dags/example_branch_day_of_week_operator.py for tasks to queue
[2022-09-24T07:36:25.539+0000] {logging_mixin.py:117} INFO - [2022-09-24T07:36:25.539+0000] {dagbag.py:525} INFO - Filling up the DagBag from /home/airflow/.local/lib/python3.7/site-packages/airflow/example_dags/example_branch_day_of_week_operator.py
[2022-09-24T07:36:25.557+0000] {processor.py:768} INFO - DAG(s) dict_keys(['example_weekday_branch_operator']) retrieved from /home/airflow/.local/lib/python3.7/site-packages/airflow/example_dags/example_branch_day_of_week_operator.py
[2022-09-24T07:36:25.608+0000] {logging_mixin.py:117} INFO - [2022-09-24T07:36:25.608+0000] {dag.py:2573} INFO - Sync 1 DAGs
[2022-09-24T07:36:25.631+0000] {logging_mixin.py:117} INFO - [2022-09-24T07:36:25.631+0000] {dag.py:3328} INFO - Setting next_dagrun for example_weekday_branch_operator to 2022-09-23T00:00:00+00:00, run_after=2022-09-24T00:00:00+00:00
[2022-09-24T07:36:25.656+0000] {processor.py:178} INFO - Processing /home/airflow/.local/lib/python3.7/site-packages/airflow/example_dags/example_branch_day_of_week_operator.py took 0.124 seconds
[2022-09-24T07:39:17.964+0000] {processor.py:156} INFO - Started process (PID=32534) to work on /home/airflow/.local/lib/python3.7/site-packages/airflow/example_dags/example_branch_day_of_week_operator.py
[2022-09-24T07:39:17.968+0000] {processor.py:758} INFO - Processing file /home/airflow/.local/lib/python3.7/site-packages/airflow/example_dags/example_branch_day_of_week_operator.py for tasks to queue
[2022-09-24T07:39:17.969+0000] {logging_mixin.py:117} INFO - [2022-09-24T07:39:17.969+0000] {dagbag.py:525} INFO - Filling up the DagBag from /home/airflow/.local/lib/python3.7/site-packages/airflow/example_dags/example_branch_day_of_week_operator.py
[2022-09-24T07:39:17.980+0000] {processor.py:768} INFO - DAG(s) dict_keys(['example_weekday_branch_operator']) retrieved from /home/airflow/.local/lib/python3.7/site-packages/airflow/example_dags/example_branch_day_of_week_operator.py
[2022-09-24T07:39:18.032+0000] {logging_mixin.py:117} INFO - [2022-09-24T07:39:18.032+0000] {dag.py:2573} INFO - Sync 1 DAGs
[2022-09-24T07:39:18.081+0000] {logging_mixin.py:117} INFO - [2022-09-24T07:39:18.081+0000] {dag.py:3328} INFO - Setting next_dagrun for example_weekday_branch_operator to 2022-09-23T00:00:00+00:00, run_after=2022-09-24T00:00:00+00:00
[2022-09-24T07:39:18.110+0000] {processor.py:178} INFO - Processing /home/airflow/.local/lib/python3.7/site-packages/airflow/example_dags/example_branch_day_of_week_operator.py took 0.149 seconds
[2022-09-24T07:39:48.482+0000] {processor.py:156} INFO - Started process (PID=32597) to work on /home/airflow/.local/lib/python3.7/site-packages/airflow/example_dags/example_branch_day_of_week_operator.py
[2022-09-24T07:39:48.484+0000] {processor.py:758} INFO - Processing file /home/airflow/.local/lib/python3.7/site-packages/airflow/example_dags/example_branch_day_of_week_operator.py for tasks to queue
[2022-09-24T07:39:48.485+0000] {logging_mixin.py:117} INFO - [2022-09-24T07:39:48.485+0000] {dagbag.py:525} INFO - Filling up the DagBag from /home/airflow/.local/lib/python3.7/site-packages/airflow/example_dags/example_branch_day_of_week_operator.py
[2022-09-24T07:39:48.494+0000] {processor.py:768} INFO - DAG(s) dict_keys(['example_weekday_branch_operator']) retrieved from /home/airflow/.local/lib/python3.7/site-packages/airflow/example_dags/example_branch_day_of_week_operator.py
[2022-09-24T07:39:48.521+0000] {logging_mixin.py:117} INFO - [2022-09-24T07:39:48.521+0000] {dag.py:2573} INFO - Sync 1 DAGs
[2022-09-24T07:39:48.536+0000] {logging_mixin.py:117} INFO - [2022-09-24T07:39:48.536+0000] {dag.py:3328} INFO - Setting next_dagrun for example_weekday_branch_operator to 2022-09-23T00:00:00+00:00, run_after=2022-09-24T00:00:00+00:00
[2022-09-24T07:39:48.549+0000] {processor.py:178} INFO - Processing /home/airflow/.local/lib/python3.7/site-packages/airflow/example_dags/example_branch_day_of_week_operator.py took 0.069 seconds
[2022-09-24T07:40:18.741+0000] {processor.py:156} INFO - Started process (PID=32662) to work on /home/airflow/.local/lib/python3.7/site-packages/airflow/example_dags/example_branch_day_of_week_operator.py
[2022-09-24T07:40:18.743+0000] {processor.py:758} INFO - Processing file /home/airflow/.local/lib/python3.7/site-packages/airflow/example_dags/example_branch_day_of_week_operator.py for tasks to queue
[2022-09-24T07:40:18.743+0000] {logging_mixin.py:117} INFO - [2022-09-24T07:40:18.743+0000] {dagbag.py:525} INFO - Filling up the DagBag from /home/airflow/.local/lib/python3.7/site-packages/airflow/example_dags/example_branch_day_of_week_operator.py
[2022-09-24T07:40:18.754+0000] {processor.py:768} INFO - DAG(s) dict_keys(['example_weekday_branch_operator']) retrieved from /home/airflow/.local/lib/python3.7/site-packages/airflow/example_dags/example_branch_day_of_week_operator.py
[2022-09-24T07:40:18.780+0000] {logging_mixin.py:117} INFO - [2022-09-24T07:40:18.780+0000] {dag.py:2573} INFO - Sync 1 DAGs
[2022-09-24T07:40:18.798+0000] {logging_mixin.py:117} INFO - [2022-09-24T07:40:18.798+0000] {dag.py:3328} INFO - Setting next_dagrun for example_weekday_branch_operator to 2022-09-23T00:00:00+00:00, run_after=2022-09-24T00:00:00+00:00
[2022-09-24T07:40:18.813+0000] {processor.py:178} INFO - Processing /home/airflow/.local/lib/python3.7/site-packages/airflow/example_dags/example_branch_day_of_week_operator.py took 0.075 seconds
[2022-09-24T07:40:49.241+0000] {processor.py:156} INFO - Started process (PID=32725) to work on /home/airflow/.local/lib/python3.7/site-packages/airflow/example_dags/example_branch_day_of_week_operator.py
[2022-09-24T07:40:49.244+0000] {processor.py:758} INFO - Processing file /home/airflow/.local/lib/python3.7/site-packages/airflow/example_dags/example_branch_day_of_week_operator.py for tasks to queue
[2022-09-24T07:40:49.245+0000] {logging_mixin.py:117} INFO - [2022-09-24T07:40:49.245+0000] {dagbag.py:525} INFO - Filling up the DagBag from /home/airflow/.local/lib/python3.7/site-packages/airflow/example_dags/example_branch_day_of_week_operator.py
[2022-09-24T07:40:49.259+0000] {processor.py:768} INFO - DAG(s) dict_keys(['example_weekday_branch_operator']) retrieved from /home/airflow/.local/lib/python3.7/site-packages/airflow/example_dags/example_branch_day_of_week_operator.py
[2022-09-24T07:40:49.287+0000] {logging_mixin.py:117} INFO - [2022-09-24T07:40:49.287+0000] {dag.py:2573} INFO - Sync 1 DAGs
[2022-09-24T07:40:49.302+0000] {logging_mixin.py:117} INFO - [2022-09-24T07:40:49.302+0000] {dag.py:3328} INFO - Setting next_dagrun for example_weekday_branch_operator to 2022-09-23T00:00:00+00:00, run_after=2022-09-24T00:00:00+00:00
[2022-09-24T07:40:49.319+0000] {processor.py:178} INFO - Processing /home/airflow/.local/lib/python3.7/site-packages/airflow/example_dags/example_branch_day_of_week_operator.py took 0.081 seconds
[2022-09-24T07:41:19.630+0000] {processor.py:156} INFO - Started process (PID=32779) to work on /home/airflow/.local/lib/python3.7/site-packages/airflow/example_dags/example_branch_day_of_week_operator.py
[2022-09-24T07:41:19.632+0000] {processor.py:758} INFO - Processing file /home/airflow/.local/lib/python3.7/site-packages/airflow/example_dags/example_branch_day_of_week_operator.py for tasks to queue
[2022-09-24T07:41:19.633+0000] {logging_mixin.py:117} INFO - [2022-09-24T07:41:19.633+0000] {dagbag.py:525} INFO - Filling up the DagBag from /home/airflow/.local/lib/python3.7/site-packages/airflow/example_dags/example_branch_day_of_week_operator.py
[2022-09-24T07:41:19.648+0000] {processor.py:768} INFO - DAG(s) dict_keys(['example_weekday_branch_operator']) retrieved from /home/airflow/.local/lib/python3.7/site-packages/airflow/example_dags/example_branch_day_of_week_operator.py
[2022-09-24T07:41:19.676+0000] {logging_mixin.py:117} INFO - [2022-09-24T07:41:19.676+0000] {dag.py:2573} INFO - Sync 1 DAGs
[2022-09-24T07:41:19.700+0000] {logging_mixin.py:117} INFO - [2022-09-24T07:41:19.700+0000] {dag.py:3328} INFO - Setting next_dagrun for example_weekday_branch_operator to 2022-09-23T00:00:00+00:00, run_after=2022-09-24T00:00:00+00:00
[2022-09-24T07:41:19.715+0000] {processor.py:178} INFO - Processing /home/airflow/.local/lib/python3.7/site-packages/airflow/example_dags/example_branch_day_of_week_operator.py took 0.087 seconds
[2022-09-24T07:41:49.982+0000] {processor.py:156} INFO - Started process (PID=32842) to work on /home/airflow/.local/lib/python3.7/site-packages/airflow/example_dags/example_branch_day_of_week_operator.py
[2022-09-24T07:41:49.984+0000] {processor.py:758} INFO - Processing file /home/airflow/.local/lib/python3.7/site-packages/airflow/example_dags/example_branch_day_of_week_operator.py for tasks to queue
[2022-09-24T07:41:49.986+0000] {logging_mixin.py:117} INFO - [2022-09-24T07:41:49.986+0000] {dagbag.py:525} INFO - Filling up the DagBag from /home/airflow/.local/lib/python3.7/site-packages/airflow/example_dags/example_branch_day_of_week_operator.py
[2022-09-24T07:41:50.001+0000] {processor.py:768} INFO - DAG(s) dict_keys(['example_weekday_branch_operator']) retrieved from /home/airflow/.local/lib/python3.7/site-packages/airflow/example_dags/example_branch_day_of_week_operator.py
[2022-09-24T07:41:50.030+0000] {logging_mixin.py:117} INFO - [2022-09-24T07:41:50.030+0000] {dag.py:2573} INFO - Sync 1 DAGs
[2022-09-24T07:41:50.046+0000] {logging_mixin.py:117} INFO - [2022-09-24T07:41:50.046+0000] {dag.py:3328} INFO - Setting next_dagrun for example_weekday_branch_operator to 2022-09-23T00:00:00+00:00, run_after=2022-09-24T00:00:00+00:00
[2022-09-24T07:41:50.058+0000] {processor.py:178} INFO - Processing /home/airflow/.local/lib/python3.7/site-packages/airflow/example_dags/example_branch_day_of_week_operator.py took 0.078 seconds
[2022-09-24T07:42:20.287+0000] {processor.py:156} INFO - Started process (PID=32905) to work on /home/airflow/.local/lib/python3.7/site-packages/airflow/example_dags/example_branch_day_of_week_operator.py
[2022-09-24T07:42:20.289+0000] {processor.py:758} INFO - Processing file /home/airflow/.local/lib/python3.7/site-packages/airflow/example_dags/example_branch_day_of_week_operator.py for tasks to queue
[2022-09-24T07:42:20.290+0000] {logging_mixin.py:117} INFO - [2022-09-24T07:42:20.290+0000] {dagbag.py:525} INFO - Filling up the DagBag from /home/airflow/.local/lib/python3.7/site-packages/airflow/example_dags/example_branch_day_of_week_operator.py
[2022-09-24T07:42:20.301+0000] {processor.py:768} INFO - DAG(s) dict_keys(['example_weekday_branch_operator']) retrieved from /home/airflow/.local/lib/python3.7/site-packages/airflow/example_dags/example_branch_day_of_week_operator.py
[2022-09-24T07:42:20.329+0000] {logging_mixin.py:117} INFO - [2022-09-24T07:42:20.329+0000] {dag.py:2573} INFO - Sync 1 DAGs
[2022-09-24T07:42:20.347+0000] {logging_mixin.py:117} INFO - [2022-09-24T07:42:20.347+0000] {dag.py:3328} INFO - Setting next_dagrun for example_weekday_branch_operator to 2022-09-23T00:00:00+00:00, run_after=2022-09-24T00:00:00+00:00
[2022-09-24T07:42:20.361+0000] {processor.py:178} INFO - Processing /home/airflow/.local/lib/python3.7/site-packages/airflow/example_dags/example_branch_day_of_week_operator.py took 0.077 seconds
[2022-09-24T07:42:50.486+0000] {processor.py:156} INFO - Started process (PID=32968) to work on /home/airflow/.local/lib/python3.7/site-packages/airflow/example_dags/example_branch_day_of_week_operator.py
[2022-09-24T07:42:50.488+0000] {processor.py:758} INFO - Processing file /home/airflow/.local/lib/python3.7/site-packages/airflow/example_dags/example_branch_day_of_week_operator.py for tasks to queue
[2022-09-24T07:42:50.489+0000] {logging_mixin.py:117} INFO - [2022-09-24T07:42:50.489+0000] {dagbag.py:525} INFO - Filling up the DagBag from /home/airflow/.local/lib/python3.7/site-packages/airflow/example_dags/example_branch_day_of_week_operator.py
[2022-09-24T07:42:50.501+0000] {processor.py:768} INFO - DAG(s) dict_keys(['example_weekday_branch_operator']) retrieved from /home/airflow/.local/lib/python3.7/site-packages/airflow/example_dags/example_branch_day_of_week_operator.py
[2022-09-24T07:42:50.528+0000] {logging_mixin.py:117} INFO - [2022-09-24T07:42:50.527+0000] {dag.py:2573} INFO - Sync 1 DAGs
[2022-09-24T07:42:50.544+0000] {logging_mixin.py:117} INFO - [2022-09-24T07:42:50.544+0000] {dag.py:3328} INFO - Setting next_dagrun for example_weekday_branch_operator to 2022-09-23T00:00:00+00:00, run_after=2022-09-24T00:00:00+00:00
[2022-09-24T07:42:50.558+0000] {processor.py:178} INFO - Processing /home/airflow/.local/lib/python3.7/site-packages/airflow/example_dags/example_branch_day_of_week_operator.py took 0.076 seconds
[2022-09-24T07:43:20.811+0000] {processor.py:156} INFO - Started process (PID=33031) to work on /home/airflow/.local/lib/python3.7/site-packages/airflow/example_dags/example_branch_day_of_week_operator.py
[2022-09-24T07:43:20.813+0000] {processor.py:758} INFO - Processing file /home/airflow/.local/lib/python3.7/site-packages/airflow/example_dags/example_branch_day_of_week_operator.py for tasks to queue
[2022-09-24T07:43:20.814+0000] {logging_mixin.py:117} INFO - [2022-09-24T07:43:20.814+0000] {dagbag.py:525} INFO - Filling up the DagBag from /home/airflow/.local/lib/python3.7/site-packages/airflow/example_dags/example_branch_day_of_week_operator.py
[2022-09-24T07:43:20.825+0000] {processor.py:768} INFO - DAG(s) dict_keys(['example_weekday_branch_operator']) retrieved from /home/airflow/.local/lib/python3.7/site-packages/airflow/example_dags/example_branch_day_of_week_operator.py
[2022-09-24T07:43:20.852+0000] {logging_mixin.py:117} INFO - [2022-09-24T07:43:20.852+0000] {dag.py:2573} INFO - Sync 1 DAGs
[2022-09-24T07:43:20.869+0000] {logging_mixin.py:117} INFO - [2022-09-24T07:43:20.869+0000] {dag.py:3328} INFO - Setting next_dagrun for example_weekday_branch_operator to 2022-09-23T00:00:00+00:00, run_after=2022-09-24T00:00:00+00:00
[2022-09-24T07:43:20.885+0000] {processor.py:178} INFO - Processing /home/airflow/.local/lib/python3.7/site-packages/airflow/example_dags/example_branch_day_of_week_operator.py took 0.076 seconds
[2022-09-24T07:43:50.987+0000] {processor.py:156} INFO - Started process (PID=33085) to work on /home/airflow/.local/lib/python3.7/site-packages/airflow/example_dags/example_branch_day_of_week_operator.py
[2022-09-24T07:43:50.989+0000] {processor.py:758} INFO - Processing file /home/airflow/.local/lib/python3.7/site-packages/airflow/example_dags/example_branch_day_of_week_operator.py for tasks to queue
[2022-09-24T07:43:50.990+0000] {logging_mixin.py:117} INFO - [2022-09-24T07:43:50.990+0000] {dagbag.py:525} INFO - Filling up the DagBag from /home/airflow/.local/lib/python3.7/site-packages/airflow/example_dags/example_branch_day_of_week_operator.py
[2022-09-24T07:43:51.001+0000] {processor.py:768} INFO - DAG(s) dict_keys(['example_weekday_branch_operator']) retrieved from /home/airflow/.local/lib/python3.7/site-packages/airflow/example_dags/example_branch_day_of_week_operator.py
[2022-09-24T07:43:51.027+0000] {logging_mixin.py:117} INFO - [2022-09-24T07:43:51.027+0000] {dag.py:2573} INFO - Sync 1 DAGs
[2022-09-24T07:43:51.043+0000] {logging_mixin.py:117} INFO - [2022-09-24T07:43:51.043+0000] {dag.py:3328} INFO - Setting next_dagrun for example_weekday_branch_operator to 2022-09-23T00:00:00+00:00, run_after=2022-09-24T00:00:00+00:00
[2022-09-24T07:43:51.055+0000] {processor.py:178} INFO - Processing /home/airflow/.local/lib/python3.7/site-packages/airflow/example_dags/example_branch_day_of_week_operator.py took 0.070 seconds
[2022-09-24T07:44:21.303+0000] {processor.py:156} INFO - Started process (PID=33147) to work on /home/airflow/.local/lib/python3.7/site-packages/airflow/example_dags/example_branch_day_of_week_operator.py
[2022-09-24T07:44:21.305+0000] {processor.py:758} INFO - Processing file /home/airflow/.local/lib/python3.7/site-packages/airflow/example_dags/example_branch_day_of_week_operator.py for tasks to queue
[2022-09-24T07:44:21.306+0000] {logging_mixin.py:117} INFO - [2022-09-24T07:44:21.306+0000] {dagbag.py:525} INFO - Filling up the DagBag from /home/airflow/.local/lib/python3.7/site-packages/airflow/example_dags/example_branch_day_of_week_operator.py
[2022-09-24T07:44:21.320+0000] {processor.py:768} INFO - DAG(s) dict_keys(['example_weekday_branch_operator']) retrieved from /home/airflow/.local/lib/python3.7/site-packages/airflow/example_dags/example_branch_day_of_week_operator.py
[2022-09-24T07:44:21.348+0000] {logging_mixin.py:117} INFO - [2022-09-24T07:44:21.348+0000] {dag.py:2573} INFO - Sync 1 DAGs
[2022-09-24T07:44:21.366+0000] {logging_mixin.py:117} INFO - [2022-09-24T07:44:21.366+0000] {dag.py:3328} INFO - Setting next_dagrun for example_weekday_branch_operator to 2022-09-23T00:00:00+00:00, run_after=2022-09-24T00:00:00+00:00
[2022-09-24T07:44:21.383+0000] {processor.py:178} INFO - Processing /home/airflow/.local/lib/python3.7/site-packages/airflow/example_dags/example_branch_day_of_week_operator.py took 0.082 seconds
[2022-09-24T07:44:51.547+0000] {processor.py:156} INFO - Started process (PID=33211) to work on /home/airflow/.local/lib/python3.7/site-packages/airflow/example_dags/example_branch_day_of_week_operator.py
[2022-09-24T07:44:51.550+0000] {processor.py:758} INFO - Processing file /home/airflow/.local/lib/python3.7/site-packages/airflow/example_dags/example_branch_day_of_week_operator.py for tasks to queue
[2022-09-24T07:44:51.552+0000] {logging_mixin.py:117} INFO - [2022-09-24T07:44:51.552+0000] {dagbag.py:525} INFO - Filling up the DagBag from /home/airflow/.local/lib/python3.7/site-packages/airflow/example_dags/example_branch_day_of_week_operator.py
[2022-09-24T07:44:51.567+0000] {processor.py:768} INFO - DAG(s) dict_keys(['example_weekday_branch_operator']) retrieved from /home/airflow/.local/lib/python3.7/site-packages/airflow/example_dags/example_branch_day_of_week_operator.py
[2022-09-24T07:44:51.593+0000] {logging_mixin.py:117} INFO - [2022-09-24T07:44:51.593+0000] {dag.py:2573} INFO - Sync 1 DAGs
[2022-09-24T07:44:51.608+0000] {logging_mixin.py:117} INFO - [2022-09-24T07:44:51.608+0000] {dag.py:3328} INFO - Setting next_dagrun for example_weekday_branch_operator to 2022-09-23T00:00:00+00:00, run_after=2022-09-24T00:00:00+00:00
[2022-09-24T07:44:51.622+0000] {processor.py:178} INFO - Processing /home/airflow/.local/lib/python3.7/site-packages/airflow/example_dags/example_branch_day_of_week_operator.py took 0.077 seconds
[2022-09-24T07:45:21.899+0000] {processor.py:156} INFO - Started process (PID=33275) to work on /home/airflow/.local/lib/python3.7/site-packages/airflow/example_dags/example_branch_day_of_week_operator.py
[2022-09-24T07:45:21.901+0000] {processor.py:758} INFO - Processing file /home/airflow/.local/lib/python3.7/site-packages/airflow/example_dags/example_branch_day_of_week_operator.py for tasks to queue
[2022-09-24T07:45:21.902+0000] {logging_mixin.py:117} INFO - [2022-09-24T07:45:21.902+0000] {dagbag.py:525} INFO - Filling up the DagBag from /home/airflow/.local/lib/python3.7/site-packages/airflow/example_dags/example_branch_day_of_week_operator.py
[2022-09-24T07:45:21.912+0000] {processor.py:768} INFO - DAG(s) dict_keys(['example_weekday_branch_operator']) retrieved from /home/airflow/.local/lib/python3.7/site-packages/airflow/example_dags/example_branch_day_of_week_operator.py
[2022-09-24T07:45:21.936+0000] {logging_mixin.py:117} INFO - [2022-09-24T07:45:21.936+0000] {dag.py:2573} INFO - Sync 1 DAGs
[2022-09-24T07:45:21.952+0000] {logging_mixin.py:117} INFO - [2022-09-24T07:45:21.952+0000] {dag.py:3328} INFO - Setting next_dagrun for example_weekday_branch_operator to 2022-09-23T00:00:00+00:00, run_after=2022-09-24T00:00:00+00:00
[2022-09-24T07:45:21.965+0000] {processor.py:178} INFO - Processing /home/airflow/.local/lib/python3.7/site-packages/airflow/example_dags/example_branch_day_of_week_operator.py took 0.067 seconds
[2022-09-24T07:45:52.252+0000] {processor.py:156} INFO - Started process (PID=33338) to work on /home/airflow/.local/lib/python3.7/site-packages/airflow/example_dags/example_branch_day_of_week_operator.py
[2022-09-24T07:45:52.254+0000] {processor.py:758} INFO - Processing file /home/airflow/.local/lib/python3.7/site-packages/airflow/example_dags/example_branch_day_of_week_operator.py for tasks to queue
[2022-09-24T07:45:52.255+0000] {logging_mixin.py:117} INFO - [2022-09-24T07:45:52.255+0000] {dagbag.py:525} INFO - Filling up the DagBag from /home/airflow/.local/lib/python3.7/site-packages/airflow/example_dags/example_branch_day_of_week_operator.py
[2022-09-24T07:45:52.267+0000] {processor.py:768} INFO - DAG(s) dict_keys(['example_weekday_branch_operator']) retrieved from /home/airflow/.local/lib/python3.7/site-packages/airflow/example_dags/example_branch_day_of_week_operator.py
[2022-09-24T07:45:52.294+0000] {logging_mixin.py:117} INFO - [2022-09-24T07:45:52.294+0000] {dag.py:2573} INFO - Sync 1 DAGs
[2022-09-24T07:45:52.309+0000] {logging_mixin.py:117} INFO - [2022-09-24T07:45:52.309+0000] {dag.py:3328} INFO - Setting next_dagrun for example_weekday_branch_operator to 2022-09-23T00:00:00+00:00, run_after=2022-09-24T00:00:00+00:00
[2022-09-24T07:45:52.321+0000] {processor.py:178} INFO - Processing /home/airflow/.local/lib/python3.7/site-packages/airflow/example_dags/example_branch_day_of_week_operator.py took 0.071 seconds
[2022-09-24T07:46:22.522+0000] {processor.py:156} INFO - Started process (PID=33401) to work on /home/airflow/.local/lib/python3.7/site-packages/airflow/example_dags/example_branch_day_of_week_operator.py
[2022-09-24T07:46:22.524+0000] {processor.py:758} INFO - Processing file /home/airflow/.local/lib/python3.7/site-packages/airflow/example_dags/example_branch_day_of_week_operator.py for tasks to queue
[2022-09-24T07:46:22.525+0000] {logging_mixin.py:117} INFO - [2022-09-24T07:46:22.525+0000] {dagbag.py:525} INFO - Filling up the DagBag from /home/airflow/.local/lib/python3.7/site-packages/airflow/example_dags/example_branch_day_of_week_operator.py
[2022-09-24T07:46:22.537+0000] {processor.py:768} INFO - DAG(s) dict_keys(['example_weekday_branch_operator']) retrieved from /home/airflow/.local/lib/python3.7/site-packages/airflow/example_dags/example_branch_day_of_week_operator.py
[2022-09-24T07:46:22.562+0000] {logging_mixin.py:117} INFO - [2022-09-24T07:46:22.562+0000] {dag.py:2573} INFO - Sync 1 DAGs
[2022-09-24T07:46:22.578+0000] {logging_mixin.py:117} INFO - [2022-09-24T07:46:22.578+0000] {dag.py:3328} INFO - Setting next_dagrun for example_weekday_branch_operator to 2022-09-23T00:00:00+00:00, run_after=2022-09-24T00:00:00+00:00
[2022-09-24T07:46:22.592+0000] {processor.py:178} INFO - Processing /home/airflow/.local/lib/python3.7/site-packages/airflow/example_dags/example_branch_day_of_week_operator.py took 0.072 seconds
[2022-09-24T07:46:53.040+0000] {processor.py:156} INFO - Started process (PID=33465) to work on /home/airflow/.local/lib/python3.7/site-packages/airflow/example_dags/example_branch_day_of_week_operator.py
[2022-09-24T07:46:53.042+0000] {processor.py:758} INFO - Processing file /home/airflow/.local/lib/python3.7/site-packages/airflow/example_dags/example_branch_day_of_week_operator.py for tasks to queue
[2022-09-24T07:46:53.043+0000] {logging_mixin.py:117} INFO - [2022-09-24T07:46:53.043+0000] {dagbag.py:525} INFO - Filling up the DagBag from /home/airflow/.local/lib/python3.7/site-packages/airflow/example_dags/example_branch_day_of_week_operator.py
[2022-09-24T07:46:53.055+0000] {processor.py:768} INFO - DAG(s) dict_keys(['example_weekday_branch_operator']) retrieved from /home/airflow/.local/lib/python3.7/site-packages/airflow/example_dags/example_branch_day_of_week_operator.py
[2022-09-24T07:46:53.083+0000] {logging_mixin.py:117} INFO - [2022-09-24T07:46:53.083+0000] {dag.py:2573} INFO - Sync 1 DAGs
[2022-09-24T07:46:53.102+0000] {logging_mixin.py:117} INFO - [2022-09-24T07:46:53.102+0000] {dag.py:3328} INFO - Setting next_dagrun for example_weekday_branch_operator to 2022-09-23T00:00:00+00:00, run_after=2022-09-24T00:00:00+00:00
[2022-09-24T07:46:53.116+0000] {processor.py:178} INFO - Processing /home/airflow/.local/lib/python3.7/site-packages/airflow/example_dags/example_branch_day_of_week_operator.py took 0.080 seconds
[2022-09-24T08:22:52.440+0000] {processor.py:156} INFO - Started process (PID=33519) to work on /home/airflow/.local/lib/python3.7/site-packages/airflow/example_dags/example_branch_day_of_week_operator.py
[2022-09-24T08:22:52.442+0000] {processor.py:758} INFO - Processing file /home/airflow/.local/lib/python3.7/site-packages/airflow/example_dags/example_branch_day_of_week_operator.py for tasks to queue
[2022-09-24T08:22:52.444+0000] {logging_mixin.py:117} INFO - [2022-09-24T08:22:52.444+0000] {dagbag.py:525} INFO - Filling up the DagBag from /home/airflow/.local/lib/python3.7/site-packages/airflow/example_dags/example_branch_day_of_week_operator.py
[2022-09-24T08:22:52.461+0000] {processor.py:768} INFO - DAG(s) dict_keys(['example_weekday_branch_operator']) retrieved from /home/airflow/.local/lib/python3.7/site-packages/airflow/example_dags/example_branch_day_of_week_operator.py
[2022-09-24T08:22:52.498+0000] {logging_mixin.py:117} INFO - [2022-09-24T08:22:52.498+0000] {dag.py:2573} INFO - Sync 1 DAGs
[2022-09-24T08:22:52.524+0000] {logging_mixin.py:117} INFO - [2022-09-24T08:22:52.524+0000] {dag.py:3328} INFO - Setting next_dagrun for example_weekday_branch_operator to 2022-09-23T00:00:00+00:00, run_after=2022-09-24T00:00:00+00:00
[2022-09-24T08:22:52.557+0000] {processor.py:178} INFO - Processing /home/airflow/.local/lib/python3.7/site-packages/airflow/example_dags/example_branch_day_of_week_operator.py took 0.120 seconds
[2022-09-24T08:25:48.642+0000] {processor.py:156} INFO - Started process (PID=33582) to work on /home/airflow/.local/lib/python3.7/site-packages/airflow/example_dags/example_branch_day_of_week_operator.py
[2022-09-24T08:25:48.645+0000] {processor.py:758} INFO - Processing file /home/airflow/.local/lib/python3.7/site-packages/airflow/example_dags/example_branch_day_of_week_operator.py for tasks to queue
[2022-09-24T08:25:48.647+0000] {logging_mixin.py:117} INFO - [2022-09-24T08:25:48.646+0000] {dagbag.py:525} INFO - Filling up the DagBag from /home/airflow/.local/lib/python3.7/site-packages/airflow/example_dags/example_branch_day_of_week_operator.py
[2022-09-24T08:25:48.674+0000] {processor.py:768} INFO - DAG(s) dict_keys(['example_weekday_branch_operator']) retrieved from /home/airflow/.local/lib/python3.7/site-packages/airflow/example_dags/example_branch_day_of_week_operator.py
[2022-09-24T08:25:48.728+0000] {logging_mixin.py:117} INFO - [2022-09-24T08:25:48.728+0000] {dag.py:2573} INFO - Sync 1 DAGs
[2022-09-24T08:25:48.769+0000] {logging_mixin.py:117} INFO - [2022-09-24T08:25:48.768+0000] {dag.py:3328} INFO - Setting next_dagrun for example_weekday_branch_operator to 2022-09-23T00:00:00+00:00, run_after=2022-09-24T00:00:00+00:00
[2022-09-24T08:25:48.800+0000] {processor.py:178} INFO - Processing /home/airflow/.local/lib/python3.7/site-packages/airflow/example_dags/example_branch_day_of_week_operator.py took 0.160 seconds
[2022-09-24T08:26:19.292+0000] {processor.py:156} INFO - Started process (PID=33636) to work on /home/airflow/.local/lib/python3.7/site-packages/airflow/example_dags/example_branch_day_of_week_operator.py
[2022-09-24T08:26:19.294+0000] {processor.py:758} INFO - Processing file /home/airflow/.local/lib/python3.7/site-packages/airflow/example_dags/example_branch_day_of_week_operator.py for tasks to queue
[2022-09-24T08:26:19.295+0000] {logging_mixin.py:117} INFO - [2022-09-24T08:26:19.295+0000] {dagbag.py:525} INFO - Filling up the DagBag from /home/airflow/.local/lib/python3.7/site-packages/airflow/example_dags/example_branch_day_of_week_operator.py
[2022-09-24T08:26:19.305+0000] {processor.py:768} INFO - DAG(s) dict_keys(['example_weekday_branch_operator']) retrieved from /home/airflow/.local/lib/python3.7/site-packages/airflow/example_dags/example_branch_day_of_week_operator.py
[2022-09-24T08:26:19.336+0000] {logging_mixin.py:117} INFO - [2022-09-24T08:26:19.336+0000] {dag.py:2573} INFO - Sync 1 DAGs
[2022-09-24T08:26:19.352+0000] {logging_mixin.py:117} INFO - [2022-09-24T08:26:19.352+0000] {dag.py:3328} INFO - Setting next_dagrun for example_weekday_branch_operator to 2022-09-23T00:00:00+00:00, run_after=2022-09-24T00:00:00+00:00
[2022-09-24T08:26:19.366+0000] {processor.py:178} INFO - Processing /home/airflow/.local/lib/python3.7/site-packages/airflow/example_dags/example_branch_day_of_week_operator.py took 0.077 seconds
[2022-09-24T08:26:49.582+0000] {processor.py:156} INFO - Started process (PID=33699) to work on /home/airflow/.local/lib/python3.7/site-packages/airflow/example_dags/example_branch_day_of_week_operator.py
[2022-09-24T08:26:49.584+0000] {processor.py:758} INFO - Processing file /home/airflow/.local/lib/python3.7/site-packages/airflow/example_dags/example_branch_day_of_week_operator.py for tasks to queue
[2022-09-24T08:26:49.585+0000] {logging_mixin.py:117} INFO - [2022-09-24T08:26:49.585+0000] {dagbag.py:525} INFO - Filling up the DagBag from /home/airflow/.local/lib/python3.7/site-packages/airflow/example_dags/example_branch_day_of_week_operator.py
[2022-09-24T08:26:49.596+0000] {processor.py:768} INFO - DAG(s) dict_keys(['example_weekday_branch_operator']) retrieved from /home/airflow/.local/lib/python3.7/site-packages/airflow/example_dags/example_branch_day_of_week_operator.py
[2022-09-24T08:26:49.624+0000] {logging_mixin.py:117} INFO - [2022-09-24T08:26:49.623+0000] {dag.py:2573} INFO - Sync 1 DAGs
[2022-09-24T08:26:49.641+0000] {logging_mixin.py:117} INFO - [2022-09-24T08:26:49.640+0000] {dag.py:3328} INFO - Setting next_dagrun for example_weekday_branch_operator to 2022-09-23T00:00:00+00:00, run_after=2022-09-24T00:00:00+00:00
[2022-09-24T08:26:49.657+0000] {processor.py:178} INFO - Processing /home/airflow/.local/lib/python3.7/site-packages/airflow/example_dags/example_branch_day_of_week_operator.py took 0.077 seconds
[2022-09-24T08:27:19.991+0000] {processor.py:156} INFO - Started process (PID=33762) to work on /home/airflow/.local/lib/python3.7/site-packages/airflow/example_dags/example_branch_day_of_week_operator.py
[2022-09-24T08:27:19.993+0000] {processor.py:758} INFO - Processing file /home/airflow/.local/lib/python3.7/site-packages/airflow/example_dags/example_branch_day_of_week_operator.py for tasks to queue
[2022-09-24T08:27:19.996+0000] {logging_mixin.py:117} INFO - [2022-09-24T08:27:19.996+0000] {dagbag.py:525} INFO - Filling up the DagBag from /home/airflow/.local/lib/python3.7/site-packages/airflow/example_dags/example_branch_day_of_week_operator.py
[2022-09-24T08:27:20.008+0000] {processor.py:768} INFO - DAG(s) dict_keys(['example_weekday_branch_operator']) retrieved from /home/airflow/.local/lib/python3.7/site-packages/airflow/example_dags/example_branch_day_of_week_operator.py
[2022-09-24T08:27:20.034+0000] {logging_mixin.py:117} INFO - [2022-09-24T08:27:20.034+0000] {dag.py:2573} INFO - Sync 1 DAGs
[2022-09-24T08:27:20.051+0000] {logging_mixin.py:117} INFO - [2022-09-24T08:27:20.051+0000] {dag.py:3328} INFO - Setting next_dagrun for example_weekday_branch_operator to 2022-09-23T00:00:00+00:00, run_after=2022-09-24T00:00:00+00:00
[2022-09-24T08:27:20.064+0000] {processor.py:178} INFO - Processing /home/airflow/.local/lib/python3.7/site-packages/airflow/example_dags/example_branch_day_of_week_operator.py took 0.076 seconds
[2022-09-24T08:27:50.194+0000] {processor.py:156} INFO - Started process (PID=33824) to work on /home/airflow/.local/lib/python3.7/site-packages/airflow/example_dags/example_branch_day_of_week_operator.py
[2022-09-24T08:27:50.195+0000] {processor.py:758} INFO - Processing file /home/airflow/.local/lib/python3.7/site-packages/airflow/example_dags/example_branch_day_of_week_operator.py for tasks to queue
[2022-09-24T08:27:50.196+0000] {logging_mixin.py:117} INFO - [2022-09-24T08:27:50.196+0000] {dagbag.py:525} INFO - Filling up the DagBag from /home/airflow/.local/lib/python3.7/site-packages/airflow/example_dags/example_branch_day_of_week_operator.py
[2022-09-24T08:27:50.207+0000] {processor.py:768} INFO - DAG(s) dict_keys(['example_weekday_branch_operator']) retrieved from /home/airflow/.local/lib/python3.7/site-packages/airflow/example_dags/example_branch_day_of_week_operator.py
[2022-09-24T08:27:50.233+0000] {logging_mixin.py:117} INFO - [2022-09-24T08:27:50.233+0000] {dag.py:2573} INFO - Sync 1 DAGs
[2022-09-24T08:27:50.248+0000] {logging_mixin.py:117} INFO - [2022-09-24T08:27:50.248+0000] {dag.py:3328} INFO - Setting next_dagrun for example_weekday_branch_operator to 2022-09-23T00:00:00+00:00, run_after=2022-09-24T00:00:00+00:00
[2022-09-24T08:27:50.263+0000] {processor.py:178} INFO - Processing /home/airflow/.local/lib/python3.7/site-packages/airflow/example_dags/example_branch_day_of_week_operator.py took 0.071 seconds
[2022-09-24T08:28:20.492+0000] {processor.py:156} INFO - Started process (PID=33888) to work on /home/airflow/.local/lib/python3.7/site-packages/airflow/example_dags/example_branch_day_of_week_operator.py
[2022-09-24T08:28:20.494+0000] {processor.py:758} INFO - Processing file /home/airflow/.local/lib/python3.7/site-packages/airflow/example_dags/example_branch_day_of_week_operator.py for tasks to queue
[2022-09-24T08:28:20.495+0000] {logging_mixin.py:117} INFO - [2022-09-24T08:28:20.495+0000] {dagbag.py:525} INFO - Filling up the DagBag from /home/airflow/.local/lib/python3.7/site-packages/airflow/example_dags/example_branch_day_of_week_operator.py
[2022-09-24T08:28:20.505+0000] {processor.py:768} INFO - DAG(s) dict_keys(['example_weekday_branch_operator']) retrieved from /home/airflow/.local/lib/python3.7/site-packages/airflow/example_dags/example_branch_day_of_week_operator.py
[2022-09-24T08:28:20.530+0000] {logging_mixin.py:117} INFO - [2022-09-24T08:28:20.530+0000] {dag.py:2573} INFO - Sync 1 DAGs
[2022-09-24T08:28:20.545+0000] {logging_mixin.py:117} INFO - [2022-09-24T08:28:20.545+0000] {dag.py:3328} INFO - Setting next_dagrun for example_weekday_branch_operator to 2022-09-23T00:00:00+00:00, run_after=2022-09-24T00:00:00+00:00
[2022-09-24T08:28:20.557+0000] {processor.py:178} INFO - Processing /home/airflow/.local/lib/python3.7/site-packages/airflow/example_dags/example_branch_day_of_week_operator.py took 0.067 seconds
[2022-09-24T08:28:50.761+0000] {processor.py:156} INFO - Started process (PID=33951) to work on /home/airflow/.local/lib/python3.7/site-packages/airflow/example_dags/example_branch_day_of_week_operator.py
[2022-09-24T08:28:50.762+0000] {processor.py:758} INFO - Processing file /home/airflow/.local/lib/python3.7/site-packages/airflow/example_dags/example_branch_day_of_week_operator.py for tasks to queue
[2022-09-24T08:28:50.763+0000] {logging_mixin.py:117} INFO - [2022-09-24T08:28:50.763+0000] {dagbag.py:525} INFO - Filling up the DagBag from /home/airflow/.local/lib/python3.7/site-packages/airflow/example_dags/example_branch_day_of_week_operator.py
[2022-09-24T08:28:50.773+0000] {processor.py:768} INFO - DAG(s) dict_keys(['example_weekday_branch_operator']) retrieved from /home/airflow/.local/lib/python3.7/site-packages/airflow/example_dags/example_branch_day_of_week_operator.py
[2022-09-24T08:28:50.797+0000] {logging_mixin.py:117} INFO - [2022-09-24T08:28:50.797+0000] {dag.py:2573} INFO - Sync 1 DAGs
[2022-09-24T08:28:50.811+0000] {logging_mixin.py:117} INFO - [2022-09-24T08:28:50.811+0000] {dag.py:3328} INFO - Setting next_dagrun for example_weekday_branch_operator to 2022-09-23T00:00:00+00:00, run_after=2022-09-24T00:00:00+00:00
[2022-09-24T08:28:50.821+0000] {processor.py:178} INFO - Processing /home/airflow/.local/lib/python3.7/site-packages/airflow/example_dags/example_branch_day_of_week_operator.py took 0.063 seconds
[2022-09-24T08:29:21.292+0000] {processor.py:156} INFO - Started process (PID=34013) to work on /home/airflow/.local/lib/python3.7/site-packages/airflow/example_dags/example_branch_day_of_week_operator.py
[2022-09-24T08:29:21.294+0000] {processor.py:758} INFO - Processing file /home/airflow/.local/lib/python3.7/site-packages/airflow/example_dags/example_branch_day_of_week_operator.py for tasks to queue
[2022-09-24T08:29:21.295+0000] {logging_mixin.py:117} INFO - [2022-09-24T08:29:21.295+0000] {dagbag.py:525} INFO - Filling up the DagBag from /home/airflow/.local/lib/python3.7/site-packages/airflow/example_dags/example_branch_day_of_week_operator.py
[2022-09-24T08:29:21.307+0000] {processor.py:768} INFO - DAG(s) dict_keys(['example_weekday_branch_operator']) retrieved from /home/airflow/.local/lib/python3.7/site-packages/airflow/example_dags/example_branch_day_of_week_operator.py
[2022-09-24T08:29:21.334+0000] {logging_mixin.py:117} INFO - [2022-09-24T08:29:21.334+0000] {dag.py:2573} INFO - Sync 1 DAGs
[2022-09-24T08:29:21.352+0000] {logging_mixin.py:117} INFO - [2022-09-24T08:29:21.351+0000] {dag.py:3328} INFO - Setting next_dagrun for example_weekday_branch_operator to 2022-09-23T00:00:00+00:00, run_after=2022-09-24T00:00:00+00:00
[2022-09-24T08:29:21.366+0000] {processor.py:178} INFO - Processing /home/airflow/.local/lib/python3.7/site-packages/airflow/example_dags/example_branch_day_of_week_operator.py took 0.076 seconds
[2022-09-24T08:29:51.657+0000] {processor.py:156} INFO - Started process (PID=34069) to work on /home/airflow/.local/lib/python3.7/site-packages/airflow/example_dags/example_branch_day_of_week_operator.py
[2022-09-24T08:29:51.659+0000] {processor.py:758} INFO - Processing file /home/airflow/.local/lib/python3.7/site-packages/airflow/example_dags/example_branch_day_of_week_operator.py for tasks to queue
[2022-09-24T08:29:51.660+0000] {logging_mixin.py:117} INFO - [2022-09-24T08:29:51.660+0000] {dagbag.py:525} INFO - Filling up the DagBag from /home/airflow/.local/lib/python3.7/site-packages/airflow/example_dags/example_branch_day_of_week_operator.py
[2022-09-24T08:29:51.674+0000] {processor.py:768} INFO - DAG(s) dict_keys(['example_weekday_branch_operator']) retrieved from /home/airflow/.local/lib/python3.7/site-packages/airflow/example_dags/example_branch_day_of_week_operator.py
[2022-09-24T08:29:51.701+0000] {logging_mixin.py:117} INFO - [2022-09-24T08:29:51.701+0000] {dag.py:2573} INFO - Sync 1 DAGs
[2022-09-24T08:29:51.718+0000] {logging_mixin.py:117} INFO - [2022-09-24T08:29:51.718+0000] {dag.py:3328} INFO - Setting next_dagrun for example_weekday_branch_operator to 2022-09-23T00:00:00+00:00, run_after=2022-09-24T00:00:00+00:00
[2022-09-24T08:29:51.732+0000] {processor.py:178} INFO - Processing /home/airflow/.local/lib/python3.7/site-packages/airflow/example_dags/example_branch_day_of_week_operator.py took 0.077 seconds
[2022-09-24T08:30:21.926+0000] {processor.py:156} INFO - Started process (PID=34132) to work on /home/airflow/.local/lib/python3.7/site-packages/airflow/example_dags/example_branch_day_of_week_operator.py
[2022-09-24T08:30:21.928+0000] {processor.py:758} INFO - Processing file /home/airflow/.local/lib/python3.7/site-packages/airflow/example_dags/example_branch_day_of_week_operator.py for tasks to queue
[2022-09-24T08:30:21.928+0000] {logging_mixin.py:117} INFO - [2022-09-24T08:30:21.928+0000] {dagbag.py:525} INFO - Filling up the DagBag from /home/airflow/.local/lib/python3.7/site-packages/airflow/example_dags/example_branch_day_of_week_operator.py
[2022-09-24T08:30:21.940+0000] {processor.py:768} INFO - DAG(s) dict_keys(['example_weekday_branch_operator']) retrieved from /home/airflow/.local/lib/python3.7/site-packages/airflow/example_dags/example_branch_day_of_week_operator.py
[2022-09-24T08:30:21.966+0000] {logging_mixin.py:117} INFO - [2022-09-24T08:30:21.965+0000] {dag.py:2573} INFO - Sync 1 DAGs
[2022-09-24T08:30:21.980+0000] {logging_mixin.py:117} INFO - [2022-09-24T08:30:21.980+0000] {dag.py:3328} INFO - Setting next_dagrun for example_weekday_branch_operator to 2022-09-23T00:00:00+00:00, run_after=2022-09-24T00:00:00+00:00
[2022-09-24T08:30:21.993+0000] {processor.py:178} INFO - Processing /home/airflow/.local/lib/python3.7/site-packages/airflow/example_dags/example_branch_day_of_week_operator.py took 0.069 seconds
[2022-09-24T08:30:52.187+0000] {processor.py:156} INFO - Started process (PID=34196) to work on /home/airflow/.local/lib/python3.7/site-packages/airflow/example_dags/example_branch_day_of_week_operator.py
[2022-09-24T08:30:52.188+0000] {processor.py:758} INFO - Processing file /home/airflow/.local/lib/python3.7/site-packages/airflow/example_dags/example_branch_day_of_week_operator.py for tasks to queue
[2022-09-24T08:30:52.189+0000] {logging_mixin.py:117} INFO - [2022-09-24T08:30:52.189+0000] {dagbag.py:525} INFO - Filling up the DagBag from /home/airflow/.local/lib/python3.7/site-packages/airflow/example_dags/example_branch_day_of_week_operator.py
[2022-09-24T08:30:52.200+0000] {processor.py:768} INFO - DAG(s) dict_keys(['example_weekday_branch_operator']) retrieved from /home/airflow/.local/lib/python3.7/site-packages/airflow/example_dags/example_branch_day_of_week_operator.py
[2022-09-24T08:30:52.226+0000] {logging_mixin.py:117} INFO - [2022-09-24T08:30:52.226+0000] {dag.py:2573} INFO - Sync 1 DAGs
[2022-09-24T08:30:52.240+0000] {logging_mixin.py:117} INFO - [2022-09-24T08:30:52.240+0000] {dag.py:3328} INFO - Setting next_dagrun for example_weekday_branch_operator to 2022-09-23T00:00:00+00:00, run_after=2022-09-24T00:00:00+00:00
[2022-09-24T08:30:52.252+0000] {processor.py:178} INFO - Processing /home/airflow/.local/lib/python3.7/site-packages/airflow/example_dags/example_branch_day_of_week_operator.py took 0.067 seconds
[2022-09-24T08:31:22.604+0000] {processor.py:156} INFO - Started process (PID=34259) to work on /home/airflow/.local/lib/python3.7/site-packages/airflow/example_dags/example_branch_day_of_week_operator.py
[2022-09-24T08:31:22.605+0000] {processor.py:758} INFO - Processing file /home/airflow/.local/lib/python3.7/site-packages/airflow/example_dags/example_branch_day_of_week_operator.py for tasks to queue
[2022-09-24T08:31:22.606+0000] {logging_mixin.py:117} INFO - [2022-09-24T08:31:22.606+0000] {dagbag.py:525} INFO - Filling up the DagBag from /home/airflow/.local/lib/python3.7/site-packages/airflow/example_dags/example_branch_day_of_week_operator.py
[2022-09-24T08:31:22.622+0000] {processor.py:768} INFO - DAG(s) dict_keys(['example_weekday_branch_operator']) retrieved from /home/airflow/.local/lib/python3.7/site-packages/airflow/example_dags/example_branch_day_of_week_operator.py
[2022-09-24T08:31:22.649+0000] {logging_mixin.py:117} INFO - [2022-09-24T08:31:22.649+0000] {dag.py:2573} INFO - Sync 1 DAGs
[2022-09-24T08:31:22.665+0000] {logging_mixin.py:117} INFO - [2022-09-24T08:31:22.665+0000] {dag.py:3328} INFO - Setting next_dagrun for example_weekday_branch_operator to 2022-09-23T00:00:00+00:00, run_after=2022-09-24T00:00:00+00:00
[2022-09-24T08:31:22.677+0000] {processor.py:178} INFO - Processing /home/airflow/.local/lib/python3.7/site-packages/airflow/example_dags/example_branch_day_of_week_operator.py took 0.075 seconds
[2022-09-24T08:31:52.816+0000] {processor.py:156} INFO - Started process (PID=34321) to work on /home/airflow/.local/lib/python3.7/site-packages/airflow/example_dags/example_branch_day_of_week_operator.py
[2022-09-24T08:31:52.818+0000] {processor.py:758} INFO - Processing file /home/airflow/.local/lib/python3.7/site-packages/airflow/example_dags/example_branch_day_of_week_operator.py for tasks to queue
[2022-09-24T08:31:52.819+0000] {logging_mixin.py:117} INFO - [2022-09-24T08:31:52.819+0000] {dagbag.py:525} INFO - Filling up the DagBag from /home/airflow/.local/lib/python3.7/site-packages/airflow/example_dags/example_branch_day_of_week_operator.py
[2022-09-24T08:31:52.830+0000] {processor.py:768} INFO - DAG(s) dict_keys(['example_weekday_branch_operator']) retrieved from /home/airflow/.local/lib/python3.7/site-packages/airflow/example_dags/example_branch_day_of_week_operator.py
[2022-09-24T08:31:52.860+0000] {logging_mixin.py:117} INFO - [2022-09-24T08:31:52.860+0000] {dag.py:2573} INFO - Sync 1 DAGs
[2022-09-24T08:31:52.877+0000] {logging_mixin.py:117} INFO - [2022-09-24T08:31:52.877+0000] {dag.py:3328} INFO - Setting next_dagrun for example_weekday_branch_operator to 2022-09-23T00:00:00+00:00, run_after=2022-09-24T00:00:00+00:00
[2022-09-24T08:31:52.890+0000] {processor.py:178} INFO - Processing /home/airflow/.local/lib/python3.7/site-packages/airflow/example_dags/example_branch_day_of_week_operator.py took 0.076 seconds
[2022-09-24T08:32:23.059+0000] {processor.py:156} INFO - Started process (PID=34375) to work on /home/airflow/.local/lib/python3.7/site-packages/airflow/example_dags/example_branch_day_of_week_operator.py
[2022-09-24T08:32:23.061+0000] {processor.py:758} INFO - Processing file /home/airflow/.local/lib/python3.7/site-packages/airflow/example_dags/example_branch_day_of_week_operator.py for tasks to queue
[2022-09-24T08:32:23.063+0000] {logging_mixin.py:117} INFO - [2022-09-24T08:32:23.062+0000] {dagbag.py:525} INFO - Filling up the DagBag from /home/airflow/.local/lib/python3.7/site-packages/airflow/example_dags/example_branch_day_of_week_operator.py
[2022-09-24T08:32:23.077+0000] {processor.py:768} INFO - DAG(s) dict_keys(['example_weekday_branch_operator']) retrieved from /home/airflow/.local/lib/python3.7/site-packages/airflow/example_dags/example_branch_day_of_week_operator.py
[2022-09-24T08:32:23.110+0000] {logging_mixin.py:117} INFO - [2022-09-24T08:32:23.110+0000] {dag.py:2573} INFO - Sync 1 DAGs
[2022-09-24T08:32:23.127+0000] {logging_mixin.py:117} INFO - [2022-09-24T08:32:23.127+0000] {dag.py:3328} INFO - Setting next_dagrun for example_weekday_branch_operator to 2022-09-23T00:00:00+00:00, run_after=2022-09-24T00:00:00+00:00
[2022-09-24T08:32:23.142+0000] {processor.py:178} INFO - Processing /home/airflow/.local/lib/python3.7/site-packages/airflow/example_dags/example_branch_day_of_week_operator.py took 0.085 seconds
[2022-09-24T08:32:53.533+0000] {processor.py:156} INFO - Started process (PID=34437) to work on /home/airflow/.local/lib/python3.7/site-packages/airflow/example_dags/example_branch_day_of_week_operator.py
[2022-09-24T08:32:53.535+0000] {processor.py:758} INFO - Processing file /home/airflow/.local/lib/python3.7/site-packages/airflow/example_dags/example_branch_day_of_week_operator.py for tasks to queue
[2022-09-24T08:32:53.537+0000] {logging_mixin.py:117} INFO - [2022-09-24T08:32:53.536+0000] {dagbag.py:525} INFO - Filling up the DagBag from /home/airflow/.local/lib/python3.7/site-packages/airflow/example_dags/example_branch_day_of_week_operator.py
[2022-09-24T08:32:53.553+0000] {processor.py:768} INFO - DAG(s) dict_keys(['example_weekday_branch_operator']) retrieved from /home/airflow/.local/lib/python3.7/site-packages/airflow/example_dags/example_branch_day_of_week_operator.py
[2022-09-24T08:32:53.579+0000] {logging_mixin.py:117} INFO - [2022-09-24T08:32:53.579+0000] {dag.py:2573} INFO - Sync 1 DAGs
[2022-09-24T08:32:53.597+0000] {logging_mixin.py:117} INFO - [2022-09-24T08:32:53.597+0000] {dag.py:3328} INFO - Setting next_dagrun for example_weekday_branch_operator to 2022-09-23T00:00:00+00:00, run_after=2022-09-24T00:00:00+00:00
[2022-09-24T08:32:53.610+0000] {processor.py:178} INFO - Processing /home/airflow/.local/lib/python3.7/site-packages/airflow/example_dags/example_branch_day_of_week_operator.py took 0.080 seconds
[2022-09-24T08:33:23.890+0000] {processor.py:156} INFO - Started process (PID=34500) to work on /home/airflow/.local/lib/python3.7/site-packages/airflow/example_dags/example_branch_day_of_week_operator.py
[2022-09-24T08:33:23.892+0000] {processor.py:758} INFO - Processing file /home/airflow/.local/lib/python3.7/site-packages/airflow/example_dags/example_branch_day_of_week_operator.py for tasks to queue
[2022-09-24T08:33:23.893+0000] {logging_mixin.py:117} INFO - [2022-09-24T08:33:23.893+0000] {dagbag.py:525} INFO - Filling up the DagBag from /home/airflow/.local/lib/python3.7/site-packages/airflow/example_dags/example_branch_day_of_week_operator.py
[2022-09-24T08:33:23.906+0000] {processor.py:768} INFO - DAG(s) dict_keys(['example_weekday_branch_operator']) retrieved from /home/airflow/.local/lib/python3.7/site-packages/airflow/example_dags/example_branch_day_of_week_operator.py
[2022-09-24T08:33:23.933+0000] {logging_mixin.py:117} INFO - [2022-09-24T08:33:23.932+0000] {dag.py:2573} INFO - Sync 1 DAGs
[2022-09-24T08:33:23.950+0000] {logging_mixin.py:117} INFO - [2022-09-24T08:33:23.949+0000] {dag.py:3328} INFO - Setting next_dagrun for example_weekday_branch_operator to 2022-09-23T00:00:00+00:00, run_after=2022-09-24T00:00:00+00:00
[2022-09-24T08:33:23.963+0000] {processor.py:178} INFO - Processing /home/airflow/.local/lib/python3.7/site-packages/airflow/example_dags/example_branch_day_of_week_operator.py took 0.075 seconds
[2022-09-24T08:33:54.276+0000] {processor.py:156} INFO - Started process (PID=34563) to work on /home/airflow/.local/lib/python3.7/site-packages/airflow/example_dags/example_branch_day_of_week_operator.py
[2022-09-24T08:33:54.277+0000] {processor.py:758} INFO - Processing file /home/airflow/.local/lib/python3.7/site-packages/airflow/example_dags/example_branch_day_of_week_operator.py for tasks to queue
[2022-09-24T08:33:54.279+0000] {logging_mixin.py:117} INFO - [2022-09-24T08:33:54.279+0000] {dagbag.py:525} INFO - Filling up the DagBag from /home/airflow/.local/lib/python3.7/site-packages/airflow/example_dags/example_branch_day_of_week_operator.py
[2022-09-24T08:33:54.289+0000] {processor.py:768} INFO - DAG(s) dict_keys(['example_weekday_branch_operator']) retrieved from /home/airflow/.local/lib/python3.7/site-packages/airflow/example_dags/example_branch_day_of_week_operator.py
[2022-09-24T08:33:54.316+0000] {logging_mixin.py:117} INFO - [2022-09-24T08:33:54.316+0000] {dag.py:2573} INFO - Sync 1 DAGs
[2022-09-24T08:33:54.332+0000] {logging_mixin.py:117} INFO - [2022-09-24T08:33:54.331+0000] {dag.py:3328} INFO - Setting next_dagrun for example_weekday_branch_operator to 2022-09-23T00:00:00+00:00, run_after=2022-09-24T00:00:00+00:00
[2022-09-24T08:33:54.345+0000] {processor.py:178} INFO - Processing /home/airflow/.local/lib/python3.7/site-packages/airflow/example_dags/example_branch_day_of_week_operator.py took 0.071 seconds
[2022-09-24T08:34:24.564+0000] {processor.py:156} INFO - Started process (PID=34626) to work on /home/airflow/.local/lib/python3.7/site-packages/airflow/example_dags/example_branch_day_of_week_operator.py
[2022-09-24T08:34:24.566+0000] {processor.py:758} INFO - Processing file /home/airflow/.local/lib/python3.7/site-packages/airflow/example_dags/example_branch_day_of_week_operator.py for tasks to queue
[2022-09-24T08:34:24.567+0000] {logging_mixin.py:117} INFO - [2022-09-24T08:34:24.567+0000] {dagbag.py:525} INFO - Filling up the DagBag from /home/airflow/.local/lib/python3.7/site-packages/airflow/example_dags/example_branch_day_of_week_operator.py
[2022-09-24T08:34:24.579+0000] {processor.py:768} INFO - DAG(s) dict_keys(['example_weekday_branch_operator']) retrieved from /home/airflow/.local/lib/python3.7/site-packages/airflow/example_dags/example_branch_day_of_week_operator.py
[2022-09-24T08:34:24.605+0000] {logging_mixin.py:117} INFO - [2022-09-24T08:34:24.605+0000] {dag.py:2573} INFO - Sync 1 DAGs
[2022-09-24T08:34:24.621+0000] {logging_mixin.py:117} INFO - [2022-09-24T08:34:24.621+0000] {dag.py:3328} INFO - Setting next_dagrun for example_weekday_branch_operator to 2022-09-23T00:00:00+00:00, run_after=2022-09-24T00:00:00+00:00
[2022-09-24T08:34:24.632+0000] {processor.py:178} INFO - Processing /home/airflow/.local/lib/python3.7/site-packages/airflow/example_dags/example_branch_day_of_week_operator.py took 0.072 seconds
[2022-09-24T08:34:54.845+0000] {processor.py:156} INFO - Started process (PID=34688) to work on /home/airflow/.local/lib/python3.7/site-packages/airflow/example_dags/example_branch_day_of_week_operator.py
[2022-09-24T08:34:54.847+0000] {processor.py:758} INFO - Processing file /home/airflow/.local/lib/python3.7/site-packages/airflow/example_dags/example_branch_day_of_week_operator.py for tasks to queue
[2022-09-24T08:34:54.849+0000] {logging_mixin.py:117} INFO - [2022-09-24T08:34:54.849+0000] {dagbag.py:525} INFO - Filling up the DagBag from /home/airflow/.local/lib/python3.7/site-packages/airflow/example_dags/example_branch_day_of_week_operator.py
[2022-09-24T08:34:54.861+0000] {processor.py:768} INFO - DAG(s) dict_keys(['example_weekday_branch_operator']) retrieved from /home/airflow/.local/lib/python3.7/site-packages/airflow/example_dags/example_branch_day_of_week_operator.py
[2022-09-24T08:34:54.885+0000] {logging_mixin.py:117} INFO - [2022-09-24T08:34:54.885+0000] {dag.py:2573} INFO - Sync 1 DAGs
[2022-09-24T08:34:54.900+0000] {logging_mixin.py:117} INFO - [2022-09-24T08:34:54.900+0000] {dag.py:3328} INFO - Setting next_dagrun for example_weekday_branch_operator to 2022-09-23T00:00:00+00:00, run_after=2022-09-24T00:00:00+00:00
[2022-09-24T08:34:54.913+0000] {processor.py:178} INFO - Processing /home/airflow/.local/lib/python3.7/site-packages/airflow/example_dags/example_branch_day_of_week_operator.py took 0.070 seconds
[2022-09-24T08:35:25.395+0000] {processor.py:156} INFO - Started process (PID=34752) to work on /home/airflow/.local/lib/python3.7/site-packages/airflow/example_dags/example_branch_day_of_week_operator.py
[2022-09-24T08:35:25.396+0000] {processor.py:758} INFO - Processing file /home/airflow/.local/lib/python3.7/site-packages/airflow/example_dags/example_branch_day_of_week_operator.py for tasks to queue
[2022-09-24T08:35:25.398+0000] {logging_mixin.py:117} INFO - [2022-09-24T08:35:25.398+0000] {dagbag.py:525} INFO - Filling up the DagBag from /home/airflow/.local/lib/python3.7/site-packages/airflow/example_dags/example_branch_day_of_week_operator.py
[2022-09-24T08:35:25.408+0000] {processor.py:768} INFO - DAG(s) dict_keys(['example_weekday_branch_operator']) retrieved from /home/airflow/.local/lib/python3.7/site-packages/airflow/example_dags/example_branch_day_of_week_operator.py
[2022-09-24T08:35:25.433+0000] {logging_mixin.py:117} INFO - [2022-09-24T08:35:25.433+0000] {dag.py:2573} INFO - Sync 1 DAGs
[2022-09-24T08:35:25.452+0000] {logging_mixin.py:117} INFO - [2022-09-24T08:35:25.452+0000] {dag.py:3328} INFO - Setting next_dagrun for example_weekday_branch_operator to 2022-09-23T00:00:00+00:00, run_after=2022-09-24T00:00:00+00:00
[2022-09-24T08:35:25.466+0000] {processor.py:178} INFO - Processing /home/airflow/.local/lib/python3.7/site-packages/airflow/example_dags/example_branch_day_of_week_operator.py took 0.074 seconds
[2022-09-24T08:35:55.745+0000] {processor.py:156} INFO - Started process (PID=34806) to work on /home/airflow/.local/lib/python3.7/site-packages/airflow/example_dags/example_branch_day_of_week_operator.py
[2022-09-24T08:35:55.750+0000] {processor.py:758} INFO - Processing file /home/airflow/.local/lib/python3.7/site-packages/airflow/example_dags/example_branch_day_of_week_operator.py for tasks to queue
[2022-09-24T08:35:55.752+0000] {logging_mixin.py:117} INFO - [2022-09-24T08:35:55.752+0000] {dagbag.py:525} INFO - Filling up the DagBag from /home/airflow/.local/lib/python3.7/site-packages/airflow/example_dags/example_branch_day_of_week_operator.py
[2022-09-24T08:35:55.765+0000] {processor.py:768} INFO - DAG(s) dict_keys(['example_weekday_branch_operator']) retrieved from /home/airflow/.local/lib/python3.7/site-packages/airflow/example_dags/example_branch_day_of_week_operator.py
[2022-09-24T08:35:55.792+0000] {logging_mixin.py:117} INFO - [2022-09-24T08:35:55.792+0000] {dag.py:2573} INFO - Sync 1 DAGs
[2022-09-24T08:35:55.813+0000] {logging_mixin.py:117} INFO - [2022-09-24T08:35:55.813+0000] {dag.py:3328} INFO - Setting next_dagrun for example_weekday_branch_operator to 2022-09-23T00:00:00+00:00, run_after=2022-09-24T00:00:00+00:00
[2022-09-24T08:35:55.829+0000] {processor.py:178} INFO - Processing /home/airflow/.local/lib/python3.7/site-packages/airflow/example_dags/example_branch_day_of_week_operator.py took 0.086 seconds
[2022-09-24T08:36:25.956+0000] {processor.py:156} INFO - Started process (PID=34869) to work on /home/airflow/.local/lib/python3.7/site-packages/airflow/example_dags/example_branch_day_of_week_operator.py
[2022-09-24T08:36:25.958+0000] {processor.py:758} INFO - Processing file /home/airflow/.local/lib/python3.7/site-packages/airflow/example_dags/example_branch_day_of_week_operator.py for tasks to queue
[2022-09-24T08:36:25.960+0000] {logging_mixin.py:117} INFO - [2022-09-24T08:36:25.960+0000] {dagbag.py:525} INFO - Filling up the DagBag from /home/airflow/.local/lib/python3.7/site-packages/airflow/example_dags/example_branch_day_of_week_operator.py
[2022-09-24T08:36:25.971+0000] {processor.py:768} INFO - DAG(s) dict_keys(['example_weekday_branch_operator']) retrieved from /home/airflow/.local/lib/python3.7/site-packages/airflow/example_dags/example_branch_day_of_week_operator.py
[2022-09-24T08:36:25.995+0000] {logging_mixin.py:117} INFO - [2022-09-24T08:36:25.994+0000] {dag.py:2573} INFO - Sync 1 DAGs
[2022-09-24T08:36:26.010+0000] {logging_mixin.py:117} INFO - [2022-09-24T08:36:26.010+0000] {dag.py:3328} INFO - Setting next_dagrun for example_weekday_branch_operator to 2022-09-23T00:00:00+00:00, run_after=2022-09-24T00:00:00+00:00
[2022-09-24T08:36:26.023+0000] {processor.py:178} INFO - Processing /home/airflow/.local/lib/python3.7/site-packages/airflow/example_dags/example_branch_day_of_week_operator.py took 0.069 seconds
[2022-09-24T08:36:56.298+0000] {processor.py:156} INFO - Started process (PID=34932) to work on /home/airflow/.local/lib/python3.7/site-packages/airflow/example_dags/example_branch_day_of_week_operator.py
[2022-09-24T08:36:56.299+0000] {processor.py:758} INFO - Processing file /home/airflow/.local/lib/python3.7/site-packages/airflow/example_dags/example_branch_day_of_week_operator.py for tasks to queue
[2022-09-24T08:36:56.300+0000] {logging_mixin.py:117} INFO - [2022-09-24T08:36:56.300+0000] {dagbag.py:525} INFO - Filling up the DagBag from /home/airflow/.local/lib/python3.7/site-packages/airflow/example_dags/example_branch_day_of_week_operator.py
[2022-09-24T08:36:56.310+0000] {processor.py:768} INFO - DAG(s) dict_keys(['example_weekday_branch_operator']) retrieved from /home/airflow/.local/lib/python3.7/site-packages/airflow/example_dags/example_branch_day_of_week_operator.py
[2022-09-24T08:36:56.335+0000] {logging_mixin.py:117} INFO - [2022-09-24T08:36:56.335+0000] {dag.py:2573} INFO - Sync 1 DAGs
[2022-09-24T08:36:56.349+0000] {logging_mixin.py:117} INFO - [2022-09-24T08:36:56.349+0000] {dag.py:3328} INFO - Setting next_dagrun for example_weekday_branch_operator to 2022-09-23T00:00:00+00:00, run_after=2022-09-24T00:00:00+00:00
[2022-09-24T08:36:56.364+0000] {processor.py:178} INFO - Processing /home/airflow/.local/lib/python3.7/site-packages/airflow/example_dags/example_branch_day_of_week_operator.py took 0.068 seconds
[2022-09-24T08:37:26.670+0000] {processor.py:156} INFO - Started process (PID=34995) to work on /home/airflow/.local/lib/python3.7/site-packages/airflow/example_dags/example_branch_day_of_week_operator.py
[2022-09-24T08:37:26.673+0000] {processor.py:758} INFO - Processing file /home/airflow/.local/lib/python3.7/site-packages/airflow/example_dags/example_branch_day_of_week_operator.py for tasks to queue
[2022-09-24T08:37:26.674+0000] {logging_mixin.py:117} INFO - [2022-09-24T08:37:26.674+0000] {dagbag.py:525} INFO - Filling up the DagBag from /home/airflow/.local/lib/python3.7/site-packages/airflow/example_dags/example_branch_day_of_week_operator.py
[2022-09-24T08:37:26.683+0000] {processor.py:768} INFO - DAG(s) dict_keys(['example_weekday_branch_operator']) retrieved from /home/airflow/.local/lib/python3.7/site-packages/airflow/example_dags/example_branch_day_of_week_operator.py
[2022-09-24T08:37:26.709+0000] {logging_mixin.py:117} INFO - [2022-09-24T08:37:26.709+0000] {dag.py:2573} INFO - Sync 1 DAGs
[2022-09-24T08:37:26.725+0000] {logging_mixin.py:117} INFO - [2022-09-24T08:37:26.725+0000] {dag.py:3328} INFO - Setting next_dagrun for example_weekday_branch_operator to 2022-09-23T00:00:00+00:00, run_after=2022-09-24T00:00:00+00:00
[2022-09-24T08:37:26.738+0000] {processor.py:178} INFO - Processing /home/airflow/.local/lib/python3.7/site-packages/airflow/example_dags/example_branch_day_of_week_operator.py took 0.071 seconds
[2022-09-24T08:37:57.110+0000] {processor.py:156} INFO - Started process (PID=35057) to work on /home/airflow/.local/lib/python3.7/site-packages/airflow/example_dags/example_branch_day_of_week_operator.py
[2022-09-24T08:37:57.112+0000] {processor.py:758} INFO - Processing file /home/airflow/.local/lib/python3.7/site-packages/airflow/example_dags/example_branch_day_of_week_operator.py for tasks to queue
[2022-09-24T08:37:57.113+0000] {logging_mixin.py:117} INFO - [2022-09-24T08:37:57.113+0000] {dagbag.py:525} INFO - Filling up the DagBag from /home/airflow/.local/lib/python3.7/site-packages/airflow/example_dags/example_branch_day_of_week_operator.py
[2022-09-24T08:37:57.123+0000] {processor.py:768} INFO - DAG(s) dict_keys(['example_weekday_branch_operator']) retrieved from /home/airflow/.local/lib/python3.7/site-packages/airflow/example_dags/example_branch_day_of_week_operator.py
[2022-09-24T08:37:57.149+0000] {logging_mixin.py:117} INFO - [2022-09-24T08:37:57.149+0000] {dag.py:2573} INFO - Sync 1 DAGs
[2022-09-24T08:37:57.164+0000] {logging_mixin.py:117} INFO - [2022-09-24T08:37:57.164+0000] {dag.py:3328} INFO - Setting next_dagrun for example_weekday_branch_operator to 2022-09-23T00:00:00+00:00, run_after=2022-09-24T00:00:00+00:00
[2022-09-24T08:37:57.177+0000] {processor.py:178} INFO - Processing /home/airflow/.local/lib/python3.7/site-packages/airflow/example_dags/example_branch_day_of_week_operator.py took 0.069 seconds
[2022-09-24T08:38:27.416+0000] {processor.py:156} INFO - Started process (PID=35111) to work on /home/airflow/.local/lib/python3.7/site-packages/airflow/example_dags/example_branch_day_of_week_operator.py
[2022-09-24T08:38:27.418+0000] {processor.py:758} INFO - Processing file /home/airflow/.local/lib/python3.7/site-packages/airflow/example_dags/example_branch_day_of_week_operator.py for tasks to queue
[2022-09-24T08:38:27.421+0000] {logging_mixin.py:117} INFO - [2022-09-24T08:38:27.421+0000] {dagbag.py:525} INFO - Filling up the DagBag from /home/airflow/.local/lib/python3.7/site-packages/airflow/example_dags/example_branch_day_of_week_operator.py
[2022-09-24T08:38:27.434+0000] {processor.py:768} INFO - DAG(s) dict_keys(['example_weekday_branch_operator']) retrieved from /home/airflow/.local/lib/python3.7/site-packages/airflow/example_dags/example_branch_day_of_week_operator.py
[2022-09-24T08:38:27.466+0000] {logging_mixin.py:117} INFO - [2022-09-24T08:38:27.466+0000] {dag.py:2573} INFO - Sync 1 DAGs
[2022-09-24T08:38:27.485+0000] {logging_mixin.py:117} INFO - [2022-09-24T08:38:27.485+0000] {dag.py:3328} INFO - Setting next_dagrun for example_weekday_branch_operator to 2022-09-23T00:00:00+00:00, run_after=2022-09-24T00:00:00+00:00
[2022-09-24T08:38:27.501+0000] {processor.py:178} INFO - Processing /home/airflow/.local/lib/python3.7/site-packages/airflow/example_dags/example_branch_day_of_week_operator.py took 0.087 seconds
[2022-09-24T08:38:57.677+0000] {processor.py:156} INFO - Started process (PID=35175) to work on /home/airflow/.local/lib/python3.7/site-packages/airflow/example_dags/example_branch_day_of_week_operator.py
[2022-09-24T08:38:57.679+0000] {processor.py:758} INFO - Processing file /home/airflow/.local/lib/python3.7/site-packages/airflow/example_dags/example_branch_day_of_week_operator.py for tasks to queue
[2022-09-24T08:38:57.680+0000] {logging_mixin.py:117} INFO - [2022-09-24T08:38:57.680+0000] {dagbag.py:525} INFO - Filling up the DagBag from /home/airflow/.local/lib/python3.7/site-packages/airflow/example_dags/example_branch_day_of_week_operator.py
[2022-09-24T08:38:57.692+0000] {processor.py:768} INFO - DAG(s) dict_keys(['example_weekday_branch_operator']) retrieved from /home/airflow/.local/lib/python3.7/site-packages/airflow/example_dags/example_branch_day_of_week_operator.py
[2022-09-24T08:38:57.718+0000] {logging_mixin.py:117} INFO - [2022-09-24T08:38:57.718+0000] {dag.py:2573} INFO - Sync 1 DAGs
[2022-09-24T08:38:57.734+0000] {logging_mixin.py:117} INFO - [2022-09-24T08:38:57.734+0000] {dag.py:3328} INFO - Setting next_dagrun for example_weekday_branch_operator to 2022-09-23T00:00:00+00:00, run_after=2022-09-24T00:00:00+00:00
[2022-09-24T08:38:57.746+0000] {processor.py:178} INFO - Processing /home/airflow/.local/lib/python3.7/site-packages/airflow/example_dags/example_branch_day_of_week_operator.py took 0.072 seconds
[2022-09-24T08:39:27.973+0000] {processor.py:156} INFO - Started process (PID=35238) to work on /home/airflow/.local/lib/python3.7/site-packages/airflow/example_dags/example_branch_day_of_week_operator.py
[2022-09-24T08:39:27.975+0000] {processor.py:758} INFO - Processing file /home/airflow/.local/lib/python3.7/site-packages/airflow/example_dags/example_branch_day_of_week_operator.py for tasks to queue
[2022-09-24T08:39:27.976+0000] {logging_mixin.py:117} INFO - [2022-09-24T08:39:27.976+0000] {dagbag.py:525} INFO - Filling up the DagBag from /home/airflow/.local/lib/python3.7/site-packages/airflow/example_dags/example_branch_day_of_week_operator.py
[2022-09-24T08:39:27.988+0000] {processor.py:768} INFO - DAG(s) dict_keys(['example_weekday_branch_operator']) retrieved from /home/airflow/.local/lib/python3.7/site-packages/airflow/example_dags/example_branch_day_of_week_operator.py
[2022-09-24T08:39:28.015+0000] {logging_mixin.py:117} INFO - [2022-09-24T08:39:28.015+0000] {dag.py:2573} INFO - Sync 1 DAGs
[2022-09-24T08:39:28.032+0000] {logging_mixin.py:117} INFO - [2022-09-24T08:39:28.032+0000] {dag.py:3328} INFO - Setting next_dagrun for example_weekday_branch_operator to 2022-09-23T00:00:00+00:00, run_after=2022-09-24T00:00:00+00:00
[2022-09-24T08:39:28.044+0000] {processor.py:178} INFO - Processing /home/airflow/.local/lib/python3.7/site-packages/airflow/example_dags/example_branch_day_of_week_operator.py took 0.073 seconds
[2022-09-24T08:39:58.661+0000] {processor.py:156} INFO - Started process (PID=35301) to work on /home/airflow/.local/lib/python3.7/site-packages/airflow/example_dags/example_branch_day_of_week_operator.py
[2022-09-24T08:39:58.663+0000] {processor.py:758} INFO - Processing file /home/airflow/.local/lib/python3.7/site-packages/airflow/example_dags/example_branch_day_of_week_operator.py for tasks to queue
[2022-09-24T08:39:58.664+0000] {logging_mixin.py:117} INFO - [2022-09-24T08:39:58.664+0000] {dagbag.py:525} INFO - Filling up the DagBag from /home/airflow/.local/lib/python3.7/site-packages/airflow/example_dags/example_branch_day_of_week_operator.py
[2022-09-24T08:39:58.676+0000] {processor.py:768} INFO - DAG(s) dict_keys(['example_weekday_branch_operator']) retrieved from /home/airflow/.local/lib/python3.7/site-packages/airflow/example_dags/example_branch_day_of_week_operator.py
[2022-09-24T08:39:58.703+0000] {logging_mixin.py:117} INFO - [2022-09-24T08:39:58.703+0000] {dag.py:2573} INFO - Sync 1 DAGs
[2022-09-24T08:39:58.720+0000] {logging_mixin.py:117} INFO - [2022-09-24T08:39:58.719+0000] {dag.py:3328} INFO - Setting next_dagrun for example_weekday_branch_operator to 2022-09-23T00:00:00+00:00, run_after=2022-09-24T00:00:00+00:00
[2022-09-24T08:39:58.732+0000] {processor.py:178} INFO - Processing /home/airflow/.local/lib/python3.7/site-packages/airflow/example_dags/example_branch_day_of_week_operator.py took 0.074 seconds
[2022-09-24T09:07:11.858+0000] {processor.py:156} INFO - Started process (PID=35356) to work on /home/airflow/.local/lib/python3.7/site-packages/airflow/example_dags/example_branch_day_of_week_operator.py
[2022-09-24T09:07:11.861+0000] {processor.py:758} INFO - Processing file /home/airflow/.local/lib/python3.7/site-packages/airflow/example_dags/example_branch_day_of_week_operator.py for tasks to queue
[2022-09-24T09:07:11.862+0000] {logging_mixin.py:117} INFO - [2022-09-24T09:07:11.862+0000] {dagbag.py:525} INFO - Filling up the DagBag from /home/airflow/.local/lib/python3.7/site-packages/airflow/example_dags/example_branch_day_of_week_operator.py
[2022-09-24T09:07:11.881+0000] {processor.py:768} INFO - DAG(s) dict_keys(['example_weekday_branch_operator']) retrieved from /home/airflow/.local/lib/python3.7/site-packages/airflow/example_dags/example_branch_day_of_week_operator.py
[2022-09-24T09:07:11.946+0000] {logging_mixin.py:117} INFO - [2022-09-24T09:07:11.946+0000] {dag.py:2573} INFO - Sync 1 DAGs
[2022-09-24T09:07:11.976+0000] {logging_mixin.py:117} INFO - [2022-09-24T09:07:11.976+0000] {dag.py:3328} INFO - Setting next_dagrun for example_weekday_branch_operator to 2022-09-23T00:00:00+00:00, run_after=2022-09-24T00:00:00+00:00
[2022-09-24T09:07:11.999+0000] {processor.py:178} INFO - Processing /home/airflow/.local/lib/python3.7/site-packages/airflow/example_dags/example_branch_day_of_week_operator.py took 0.144 seconds
