[2022-09-24T01:04:10.769+0000] {processor.py:156} INFO - Started process (PID=32113) to work on /home/airflow/.local/lib/python3.7/site-packages/airflow/example_dags/tutorial_taskflow_api_virtualenv.py
[2022-09-24T01:04:10.772+0000] {processor.py:758} INFO - Processing file /home/airflow/.local/lib/python3.7/site-packages/airflow/example_dags/tutorial_taskflow_api_virtualenv.py for tasks to queue
[2022-09-24T01:04:10.773+0000] {logging_mixin.py:117} INFO - [2022-09-24T01:04:10.773+0000] {dagbag.py:525} INFO - Filling up the DagBag from /home/airflow/.local/lib/python3.7/site-packages/airflow/example_dags/tutorial_taskflow_api_virtualenv.py
[2022-09-24T01:04:10.798+0000] {processor.py:768} INFO - DAG(s) dict_keys(['tutorial_taskflow_api_virtualenv']) retrieved from /home/airflow/.local/lib/python3.7/site-packages/airflow/example_dags/tutorial_taskflow_api_virtualenv.py
[2022-09-24T01:04:10.851+0000] {logging_mixin.py:117} INFO - [2022-09-24T01:04:10.850+0000] {dag.py:2573} INFO - Sync 1 DAGs
[2022-09-24T01:04:10.879+0000] {logging_mixin.py:117} INFO - [2022-09-24T01:04:10.879+0000] {dag.py:3328} INFO - Setting next_dagrun for tutorial_taskflow_api_virtualenv to None, run_after=None
[2022-09-24T01:04:10.903+0000] {processor.py:178} INFO - Processing /home/airflow/.local/lib/python3.7/site-packages/airflow/example_dags/tutorial_taskflow_api_virtualenv.py took 0.136 seconds
[2022-09-24T02:27:01.608+0000] {processor.py:156} INFO - Started process (PID=32167) to work on /home/airflow/.local/lib/python3.7/site-packages/airflow/example_dags/tutorial_taskflow_api_virtualenv.py
[2022-09-24T02:27:01.614+0000] {processor.py:758} INFO - Processing file /home/airflow/.local/lib/python3.7/site-packages/airflow/example_dags/tutorial_taskflow_api_virtualenv.py for tasks to queue
[2022-09-24T02:27:01.617+0000] {logging_mixin.py:117} INFO - [2022-09-24T02:27:01.617+0000] {dagbag.py:525} INFO - Filling up the DagBag from /home/airflow/.local/lib/python3.7/site-packages/airflow/example_dags/tutorial_taskflow_api_virtualenv.py
[2022-09-24T02:27:01.649+0000] {processor.py:768} INFO - DAG(s) dict_keys(['tutorial_taskflow_api_virtualenv']) retrieved from /home/airflow/.local/lib/python3.7/site-packages/airflow/example_dags/tutorial_taskflow_api_virtualenv.py
[2022-09-24T02:27:01.729+0000] {logging_mixin.py:117} INFO - [2022-09-24T02:27:01.729+0000] {dag.py:2573} INFO - Sync 1 DAGs
[2022-09-24T02:27:01.767+0000] {logging_mixin.py:117} INFO - [2022-09-24T02:27:01.767+0000] {dag.py:3328} INFO - Setting next_dagrun for tutorial_taskflow_api_virtualenv to None, run_after=None
[2022-09-24T02:27:01.797+0000] {processor.py:178} INFO - Processing /home/airflow/.local/lib/python3.7/site-packages/airflow/example_dags/tutorial_taskflow_api_virtualenv.py took 0.191 seconds
[2022-09-24T03:24:00.130+0000] {processor.py:156} INFO - Started process (PID=32230) to work on /home/airflow/.local/lib/python3.7/site-packages/airflow/example_dags/tutorial_taskflow_api_virtualenv.py
[2022-09-24T03:24:00.132+0000] {processor.py:758} INFO - Processing file /home/airflow/.local/lib/python3.7/site-packages/airflow/example_dags/tutorial_taskflow_api_virtualenv.py for tasks to queue
[2022-09-24T03:24:00.133+0000] {logging_mixin.py:117} INFO - [2022-09-24T03:24:00.133+0000] {dagbag.py:525} INFO - Filling up the DagBag from /home/airflow/.local/lib/python3.7/site-packages/airflow/example_dags/tutorial_taskflow_api_virtualenv.py
[2022-09-24T03:24:00.150+0000] {processor.py:768} INFO - DAG(s) dict_keys(['tutorial_taskflow_api_virtualenv']) retrieved from /home/airflow/.local/lib/python3.7/site-packages/airflow/example_dags/tutorial_taskflow_api_virtualenv.py
[2022-09-24T03:24:00.184+0000] {logging_mixin.py:117} INFO - [2022-09-24T03:24:00.184+0000] {dag.py:2573} INFO - Sync 1 DAGs
[2022-09-24T03:24:00.202+0000] {logging_mixin.py:117} INFO - [2022-09-24T03:24:00.201+0000] {dag.py:3328} INFO - Setting next_dagrun for tutorial_taskflow_api_virtualenv to None, run_after=None
[2022-09-24T03:24:00.219+0000] {processor.py:178} INFO - Processing /home/airflow/.local/lib/python3.7/site-packages/airflow/example_dags/tutorial_taskflow_api_virtualenv.py took 0.091 seconds
[2022-09-24T04:29:27.368+0000] {processor.py:156} INFO - Started process (PID=32295) to work on /home/airflow/.local/lib/python3.7/site-packages/airflow/example_dags/tutorial_taskflow_api_virtualenv.py
[2022-09-24T04:29:27.375+0000] {processor.py:758} INFO - Processing file /home/airflow/.local/lib/python3.7/site-packages/airflow/example_dags/tutorial_taskflow_api_virtualenv.py for tasks to queue
[2022-09-24T04:29:27.377+0000] {logging_mixin.py:117} INFO - [2022-09-24T04:29:27.377+0000] {dagbag.py:525} INFO - Filling up the DagBag from /home/airflow/.local/lib/python3.7/site-packages/airflow/example_dags/tutorial_taskflow_api_virtualenv.py
[2022-09-24T04:29:27.404+0000] {processor.py:768} INFO - DAG(s) dict_keys(['tutorial_taskflow_api_virtualenv']) retrieved from /home/airflow/.local/lib/python3.7/site-packages/airflow/example_dags/tutorial_taskflow_api_virtualenv.py
[2022-09-24T04:29:27.450+0000] {logging_mixin.py:117} INFO - [2022-09-24T04:29:27.449+0000] {dag.py:2573} INFO - Sync 1 DAGs
[2022-09-24T04:29:27.481+0000] {logging_mixin.py:117} INFO - [2022-09-24T04:29:27.481+0000] {dag.py:3328} INFO - Setting next_dagrun for tutorial_taskflow_api_virtualenv to None, run_after=None
[2022-09-24T04:29:27.511+0000] {processor.py:178} INFO - Processing /home/airflow/.local/lib/python3.7/site-packages/airflow/example_dags/tutorial_taskflow_api_virtualenv.py took 0.150 seconds
[2022-09-24T05:38:07.667+0000] {processor.py:156} INFO - Started process (PID=32358) to work on /home/airflow/.local/lib/python3.7/site-packages/airflow/example_dags/tutorial_taskflow_api_virtualenv.py
[2022-09-24T05:38:07.669+0000] {processor.py:758} INFO - Processing file /home/airflow/.local/lib/python3.7/site-packages/airflow/example_dags/tutorial_taskflow_api_virtualenv.py for tasks to queue
[2022-09-24T05:38:07.670+0000] {logging_mixin.py:117} INFO - [2022-09-24T05:38:07.670+0000] {dagbag.py:525} INFO - Filling up the DagBag from /home/airflow/.local/lib/python3.7/site-packages/airflow/example_dags/tutorial_taskflow_api_virtualenv.py
[2022-09-24T05:38:07.687+0000] {processor.py:768} INFO - DAG(s) dict_keys(['tutorial_taskflow_api_virtualenv']) retrieved from /home/airflow/.local/lib/python3.7/site-packages/airflow/example_dags/tutorial_taskflow_api_virtualenv.py
[2022-09-24T05:38:07.721+0000] {logging_mixin.py:117} INFO - [2022-09-24T05:38:07.721+0000] {dag.py:2573} INFO - Sync 1 DAGs
[2022-09-24T05:38:07.739+0000] {logging_mixin.py:117} INFO - [2022-09-24T05:38:07.739+0000] {dag.py:3328} INFO - Setting next_dagrun for tutorial_taskflow_api_virtualenv to None, run_after=None
[2022-09-24T05:38:07.755+0000] {processor.py:178} INFO - Processing /home/airflow/.local/lib/python3.7/site-packages/airflow/example_dags/tutorial_taskflow_api_virtualenv.py took 0.090 seconds
[2022-09-24T06:55:22.157+0000] {processor.py:156} INFO - Started process (PID=32412) to work on /home/airflow/.local/lib/python3.7/site-packages/airflow/example_dags/tutorial_taskflow_api_virtualenv.py
[2022-09-24T06:55:22.160+0000] {processor.py:758} INFO - Processing file /home/airflow/.local/lib/python3.7/site-packages/airflow/example_dags/tutorial_taskflow_api_virtualenv.py for tasks to queue
[2022-09-24T06:55:22.162+0000] {logging_mixin.py:117} INFO - [2022-09-24T06:55:22.162+0000] {dagbag.py:525} INFO - Filling up the DagBag from /home/airflow/.local/lib/python3.7/site-packages/airflow/example_dags/tutorial_taskflow_api_virtualenv.py
[2022-09-24T06:55:22.195+0000] {processor.py:768} INFO - DAG(s) dict_keys(['tutorial_taskflow_api_virtualenv']) retrieved from /home/airflow/.local/lib/python3.7/site-packages/airflow/example_dags/tutorial_taskflow_api_virtualenv.py
[2022-09-24T06:55:22.231+0000] {logging_mixin.py:117} INFO - [2022-09-24T06:55:22.231+0000] {dag.py:2573} INFO - Sync 1 DAGs
[2022-09-24T06:55:22.259+0000] {logging_mixin.py:117} INFO - [2022-09-24T06:55:22.259+0000] {dag.py:3328} INFO - Setting next_dagrun for tutorial_taskflow_api_virtualenv to None, run_after=None
[2022-09-24T06:55:22.283+0000] {processor.py:178} INFO - Processing /home/airflow/.local/lib/python3.7/site-packages/airflow/example_dags/tutorial_taskflow_api_virtualenv.py took 0.128 seconds
[2022-09-24T07:36:25.890+0000] {processor.py:156} INFO - Started process (PID=32475) to work on /home/airflow/.local/lib/python3.7/site-packages/airflow/example_dags/tutorial_taskflow_api_virtualenv.py
[2022-09-24T07:36:25.901+0000] {processor.py:758} INFO - Processing file /home/airflow/.local/lib/python3.7/site-packages/airflow/example_dags/tutorial_taskflow_api_virtualenv.py for tasks to queue
[2022-09-24T07:36:25.903+0000] {logging_mixin.py:117} INFO - [2022-09-24T07:36:25.903+0000] {dagbag.py:525} INFO - Filling up the DagBag from /home/airflow/.local/lib/python3.7/site-packages/airflow/example_dags/tutorial_taskflow_api_virtualenv.py
[2022-09-24T07:36:25.964+0000] {processor.py:768} INFO - DAG(s) dict_keys(['tutorial_taskflow_api_virtualenv']) retrieved from /home/airflow/.local/lib/python3.7/site-packages/airflow/example_dags/tutorial_taskflow_api_virtualenv.py
[2022-09-24T07:36:26.051+0000] {logging_mixin.py:117} INFO - [2022-09-24T07:36:26.051+0000] {dag.py:2573} INFO - Sync 1 DAGs
[2022-09-24T07:36:26.081+0000] {logging_mixin.py:117} INFO - [2022-09-24T07:36:26.081+0000] {dag.py:3328} INFO - Setting next_dagrun for tutorial_taskflow_api_virtualenv to None, run_after=None
[2022-09-24T07:36:26.126+0000] {processor.py:178} INFO - Processing /home/airflow/.local/lib/python3.7/site-packages/airflow/example_dags/tutorial_taskflow_api_virtualenv.py took 0.241 seconds
[2022-09-24T07:39:18.421+0000] {processor.py:156} INFO - Started process (PID=32538) to work on /home/airflow/.local/lib/python3.7/site-packages/airflow/example_dags/tutorial_taskflow_api_virtualenv.py
[2022-09-24T07:39:18.424+0000] {processor.py:758} INFO - Processing file /home/airflow/.local/lib/python3.7/site-packages/airflow/example_dags/tutorial_taskflow_api_virtualenv.py for tasks to queue
[2022-09-24T07:39:18.427+0000] {logging_mixin.py:117} INFO - [2022-09-24T07:39:18.426+0000] {dagbag.py:525} INFO - Filling up the DagBag from /home/airflow/.local/lib/python3.7/site-packages/airflow/example_dags/tutorial_taskflow_api_virtualenv.py
[2022-09-24T07:39:18.454+0000] {processor.py:768} INFO - DAG(s) dict_keys(['tutorial_taskflow_api_virtualenv']) retrieved from /home/airflow/.local/lib/python3.7/site-packages/airflow/example_dags/tutorial_taskflow_api_virtualenv.py
[2022-09-24T07:39:18.521+0000] {logging_mixin.py:117} INFO - [2022-09-24T07:39:18.521+0000] {dag.py:2573} INFO - Sync 1 DAGs
[2022-09-24T07:39:18.544+0000] {logging_mixin.py:117} INFO - [2022-09-24T07:39:18.544+0000] {dag.py:3328} INFO - Setting next_dagrun for tutorial_taskflow_api_virtualenv to None, run_after=None
[2022-09-24T07:39:18.561+0000] {processor.py:178} INFO - Processing /home/airflow/.local/lib/python3.7/site-packages/airflow/example_dags/tutorial_taskflow_api_virtualenv.py took 0.142 seconds
[2022-09-24T07:39:48.759+0000] {processor.py:156} INFO - Started process (PID=32601) to work on /home/airflow/.local/lib/python3.7/site-packages/airflow/example_dags/tutorial_taskflow_api_virtualenv.py
[2022-09-24T07:39:48.761+0000] {processor.py:758} INFO - Processing file /home/airflow/.local/lib/python3.7/site-packages/airflow/example_dags/tutorial_taskflow_api_virtualenv.py for tasks to queue
[2022-09-24T07:39:48.762+0000] {logging_mixin.py:117} INFO - [2022-09-24T07:39:48.762+0000] {dagbag.py:525} INFO - Filling up the DagBag from /home/airflow/.local/lib/python3.7/site-packages/airflow/example_dags/tutorial_taskflow_api_virtualenv.py
[2022-09-24T07:39:48.776+0000] {processor.py:768} INFO - DAG(s) dict_keys(['tutorial_taskflow_api_virtualenv']) retrieved from /home/airflow/.local/lib/python3.7/site-packages/airflow/example_dags/tutorial_taskflow_api_virtualenv.py
[2022-09-24T07:39:48.802+0000] {logging_mixin.py:117} INFO - [2022-09-24T07:39:48.802+0000] {dag.py:2573} INFO - Sync 1 DAGs
[2022-09-24T07:39:48.816+0000] {logging_mixin.py:117} INFO - [2022-09-24T07:39:48.816+0000] {dag.py:3328} INFO - Setting next_dagrun for tutorial_taskflow_api_virtualenv to None, run_after=None
[2022-09-24T07:39:48.828+0000] {processor.py:178} INFO - Processing /home/airflow/.local/lib/python3.7/site-packages/airflow/example_dags/tutorial_taskflow_api_virtualenv.py took 0.072 seconds
[2022-09-24T07:40:19.020+0000] {processor.py:156} INFO - Started process (PID=32666) to work on /home/airflow/.local/lib/python3.7/site-packages/airflow/example_dags/tutorial_taskflow_api_virtualenv.py
[2022-09-24T07:40:19.022+0000] {processor.py:758} INFO - Processing file /home/airflow/.local/lib/python3.7/site-packages/airflow/example_dags/tutorial_taskflow_api_virtualenv.py for tasks to queue
[2022-09-24T07:40:19.023+0000] {logging_mixin.py:117} INFO - [2022-09-24T07:40:19.023+0000] {dagbag.py:525} INFO - Filling up the DagBag from /home/airflow/.local/lib/python3.7/site-packages/airflow/example_dags/tutorial_taskflow_api_virtualenv.py
[2022-09-24T07:40:19.038+0000] {processor.py:768} INFO - DAG(s) dict_keys(['tutorial_taskflow_api_virtualenv']) retrieved from /home/airflow/.local/lib/python3.7/site-packages/airflow/example_dags/tutorial_taskflow_api_virtualenv.py
[2022-09-24T07:40:19.066+0000] {logging_mixin.py:117} INFO - [2022-09-24T07:40:19.066+0000] {dag.py:2573} INFO - Sync 1 DAGs
[2022-09-24T07:40:19.083+0000] {logging_mixin.py:117} INFO - [2022-09-24T07:40:19.083+0000] {dag.py:3328} INFO - Setting next_dagrun for tutorial_taskflow_api_virtualenv to None, run_after=None
[2022-09-24T07:40:19.096+0000] {processor.py:178} INFO - Processing /home/airflow/.local/lib/python3.7/site-packages/airflow/example_dags/tutorial_taskflow_api_virtualenv.py took 0.079 seconds
[2022-09-24T07:40:49.558+0000] {processor.py:156} INFO - Started process (PID=32729) to work on /home/airflow/.local/lib/python3.7/site-packages/airflow/example_dags/tutorial_taskflow_api_virtualenv.py
[2022-09-24T07:40:49.560+0000] {processor.py:758} INFO - Processing file /home/airflow/.local/lib/python3.7/site-packages/airflow/example_dags/tutorial_taskflow_api_virtualenv.py for tasks to queue
[2022-09-24T07:40:49.561+0000] {logging_mixin.py:117} INFO - [2022-09-24T07:40:49.561+0000] {dagbag.py:525} INFO - Filling up the DagBag from /home/airflow/.local/lib/python3.7/site-packages/airflow/example_dags/tutorial_taskflow_api_virtualenv.py
[2022-09-24T07:40:49.577+0000] {processor.py:768} INFO - DAG(s) dict_keys(['tutorial_taskflow_api_virtualenv']) retrieved from /home/airflow/.local/lib/python3.7/site-packages/airflow/example_dags/tutorial_taskflow_api_virtualenv.py
[2022-09-24T07:40:49.602+0000] {logging_mixin.py:117} INFO - [2022-09-24T07:40:49.602+0000] {dag.py:2573} INFO - Sync 1 DAGs
[2022-09-24T07:40:49.618+0000] {logging_mixin.py:117} INFO - [2022-09-24T07:40:49.618+0000] {dag.py:3328} INFO - Setting next_dagrun for tutorial_taskflow_api_virtualenv to None, run_after=None
[2022-09-24T07:40:49.630+0000] {processor.py:178} INFO - Processing /home/airflow/.local/lib/python3.7/site-packages/airflow/example_dags/tutorial_taskflow_api_virtualenv.py took 0.075 seconds
[2022-09-24T07:41:19.838+0000] {processor.py:156} INFO - Started process (PID=32783) to work on /home/airflow/.local/lib/python3.7/site-packages/airflow/example_dags/tutorial_taskflow_api_virtualenv.py
[2022-09-24T07:41:19.840+0000] {processor.py:758} INFO - Processing file /home/airflow/.local/lib/python3.7/site-packages/airflow/example_dags/tutorial_taskflow_api_virtualenv.py for tasks to queue
[2022-09-24T07:41:19.841+0000] {logging_mixin.py:117} INFO - [2022-09-24T07:41:19.841+0000] {dagbag.py:525} INFO - Filling up the DagBag from /home/airflow/.local/lib/python3.7/site-packages/airflow/example_dags/tutorial_taskflow_api_virtualenv.py
[2022-09-24T07:41:19.856+0000] {processor.py:768} INFO - DAG(s) dict_keys(['tutorial_taskflow_api_virtualenv']) retrieved from /home/airflow/.local/lib/python3.7/site-packages/airflow/example_dags/tutorial_taskflow_api_virtualenv.py
[2022-09-24T07:41:19.897+0000] {logging_mixin.py:117} INFO - [2022-09-24T07:41:19.897+0000] {dag.py:2573} INFO - Sync 1 DAGs
[2022-09-24T07:41:19.916+0000] {logging_mixin.py:117} INFO - [2022-09-24T07:41:19.916+0000] {dag.py:3328} INFO - Setting next_dagrun for tutorial_taskflow_api_virtualenv to None, run_after=None
[2022-09-24T07:41:19.934+0000] {processor.py:178} INFO - Processing /home/airflow/.local/lib/python3.7/site-packages/airflow/example_dags/tutorial_taskflow_api_virtualenv.py took 0.098 seconds
[2022-09-24T07:41:50.181+0000] {processor.py:156} INFO - Started process (PID=32846) to work on /home/airflow/.local/lib/python3.7/site-packages/airflow/example_dags/tutorial_taskflow_api_virtualenv.py
[2022-09-24T07:41:50.183+0000] {processor.py:758} INFO - Processing file /home/airflow/.local/lib/python3.7/site-packages/airflow/example_dags/tutorial_taskflow_api_virtualenv.py for tasks to queue
[2022-09-24T07:41:50.184+0000] {logging_mixin.py:117} INFO - [2022-09-24T07:41:50.183+0000] {dagbag.py:525} INFO - Filling up the DagBag from /home/airflow/.local/lib/python3.7/site-packages/airflow/example_dags/tutorial_taskflow_api_virtualenv.py
[2022-09-24T07:41:50.200+0000] {processor.py:768} INFO - DAG(s) dict_keys(['tutorial_taskflow_api_virtualenv']) retrieved from /home/airflow/.local/lib/python3.7/site-packages/airflow/example_dags/tutorial_taskflow_api_virtualenv.py
[2022-09-24T07:41:50.227+0000] {logging_mixin.py:117} INFO - [2022-09-24T07:41:50.227+0000] {dag.py:2573} INFO - Sync 1 DAGs
[2022-09-24T07:41:50.242+0000] {logging_mixin.py:117} INFO - [2022-09-24T07:41:50.242+0000] {dag.py:3328} INFO - Setting next_dagrun for tutorial_taskflow_api_virtualenv to None, run_after=None
[2022-09-24T07:41:50.254+0000] {processor.py:178} INFO - Processing /home/airflow/.local/lib/python3.7/site-packages/airflow/example_dags/tutorial_taskflow_api_virtualenv.py took 0.075 seconds
[2022-09-24T07:42:20.480+0000] {processor.py:156} INFO - Started process (PID=32909) to work on /home/airflow/.local/lib/python3.7/site-packages/airflow/example_dags/tutorial_taskflow_api_virtualenv.py
[2022-09-24T07:42:20.482+0000] {processor.py:758} INFO - Processing file /home/airflow/.local/lib/python3.7/site-packages/airflow/example_dags/tutorial_taskflow_api_virtualenv.py for tasks to queue
[2022-09-24T07:42:20.483+0000] {logging_mixin.py:117} INFO - [2022-09-24T07:42:20.482+0000] {dagbag.py:525} INFO - Filling up the DagBag from /home/airflow/.local/lib/python3.7/site-packages/airflow/example_dags/tutorial_taskflow_api_virtualenv.py
[2022-09-24T07:42:20.498+0000] {processor.py:768} INFO - DAG(s) dict_keys(['tutorial_taskflow_api_virtualenv']) retrieved from /home/airflow/.local/lib/python3.7/site-packages/airflow/example_dags/tutorial_taskflow_api_virtualenv.py
[2022-09-24T07:42:20.525+0000] {logging_mixin.py:117} INFO - [2022-09-24T07:42:20.525+0000] {dag.py:2573} INFO - Sync 1 DAGs
[2022-09-24T07:42:20.540+0000] {logging_mixin.py:117} INFO - [2022-09-24T07:42:20.540+0000] {dag.py:3328} INFO - Setting next_dagrun for tutorial_taskflow_api_virtualenv to None, run_after=None
[2022-09-24T07:42:20.553+0000] {processor.py:178} INFO - Processing /home/airflow/.local/lib/python3.7/site-packages/airflow/example_dags/tutorial_taskflow_api_virtualenv.py took 0.075 seconds
[2022-09-24T07:42:50.759+0000] {processor.py:156} INFO - Started process (PID=32972) to work on /home/airflow/.local/lib/python3.7/site-packages/airflow/example_dags/tutorial_taskflow_api_virtualenv.py
[2022-09-24T07:42:50.761+0000] {processor.py:758} INFO - Processing file /home/airflow/.local/lib/python3.7/site-packages/airflow/example_dags/tutorial_taskflow_api_virtualenv.py for tasks to queue
[2022-09-24T07:42:50.762+0000] {logging_mixin.py:117} INFO - [2022-09-24T07:42:50.762+0000] {dagbag.py:525} INFO - Filling up the DagBag from /home/airflow/.local/lib/python3.7/site-packages/airflow/example_dags/tutorial_taskflow_api_virtualenv.py
[2022-09-24T07:42:50.777+0000] {processor.py:768} INFO - DAG(s) dict_keys(['tutorial_taskflow_api_virtualenv']) retrieved from /home/airflow/.local/lib/python3.7/site-packages/airflow/example_dags/tutorial_taskflow_api_virtualenv.py
[2022-09-24T07:42:50.804+0000] {logging_mixin.py:117} INFO - [2022-09-24T07:42:50.804+0000] {dag.py:2573} INFO - Sync 1 DAGs
[2022-09-24T07:42:50.821+0000] {logging_mixin.py:117} INFO - [2022-09-24T07:42:50.821+0000] {dag.py:3328} INFO - Setting next_dagrun for tutorial_taskflow_api_virtualenv to None, run_after=None
[2022-09-24T07:42:50.832+0000] {processor.py:178} INFO - Processing /home/airflow/.local/lib/python3.7/site-packages/airflow/example_dags/tutorial_taskflow_api_virtualenv.py took 0.075 seconds
[2022-09-24T07:43:20.999+0000] {processor.py:156} INFO - Started process (PID=33035) to work on /home/airflow/.local/lib/python3.7/site-packages/airflow/example_dags/tutorial_taskflow_api_virtualenv.py
[2022-09-24T07:43:21.001+0000] {processor.py:758} INFO - Processing file /home/airflow/.local/lib/python3.7/site-packages/airflow/example_dags/tutorial_taskflow_api_virtualenv.py for tasks to queue
[2022-09-24T07:43:21.002+0000] {logging_mixin.py:117} INFO - [2022-09-24T07:43:21.002+0000] {dagbag.py:525} INFO - Filling up the DagBag from /home/airflow/.local/lib/python3.7/site-packages/airflow/example_dags/tutorial_taskflow_api_virtualenv.py
[2022-09-24T07:43:21.017+0000] {processor.py:768} INFO - DAG(s) dict_keys(['tutorial_taskflow_api_virtualenv']) retrieved from /home/airflow/.local/lib/python3.7/site-packages/airflow/example_dags/tutorial_taskflow_api_virtualenv.py
[2022-09-24T07:43:21.043+0000] {logging_mixin.py:117} INFO - [2022-09-24T07:43:21.042+0000] {dag.py:2573} INFO - Sync 1 DAGs
[2022-09-24T07:43:21.057+0000] {logging_mixin.py:117} INFO - [2022-09-24T07:43:21.057+0000] {dag.py:3328} INFO - Setting next_dagrun for tutorial_taskflow_api_virtualenv to None, run_after=None
[2022-09-24T07:43:21.071+0000] {processor.py:178} INFO - Processing /home/airflow/.local/lib/python3.7/site-packages/airflow/example_dags/tutorial_taskflow_api_virtualenv.py took 0.073 seconds
[2022-09-24T07:43:51.179+0000] {processor.py:156} INFO - Started process (PID=33095) to work on /home/airflow/.local/lib/python3.7/site-packages/airflow/example_dags/tutorial_taskflow_api_virtualenv.py
[2022-09-24T07:43:51.181+0000] {processor.py:758} INFO - Processing file /home/airflow/.local/lib/python3.7/site-packages/airflow/example_dags/tutorial_taskflow_api_virtualenv.py for tasks to queue
[2022-09-24T07:43:51.182+0000] {logging_mixin.py:117} INFO - [2022-09-24T07:43:51.182+0000] {dagbag.py:525} INFO - Filling up the DagBag from /home/airflow/.local/lib/python3.7/site-packages/airflow/example_dags/tutorial_taskflow_api_virtualenv.py
[2022-09-24T07:43:51.198+0000] {processor.py:768} INFO - DAG(s) dict_keys(['tutorial_taskflow_api_virtualenv']) retrieved from /home/airflow/.local/lib/python3.7/site-packages/airflow/example_dags/tutorial_taskflow_api_virtualenv.py
[2022-09-24T07:43:51.228+0000] {logging_mixin.py:117} INFO - [2022-09-24T07:43:51.228+0000] {dag.py:2573} INFO - Sync 1 DAGs
[2022-09-24T07:43:51.244+0000] {logging_mixin.py:117} INFO - [2022-09-24T07:43:51.244+0000] {dag.py:3328} INFO - Setting next_dagrun for tutorial_taskflow_api_virtualenv to None, run_after=None
[2022-09-24T07:43:51.257+0000] {processor.py:178} INFO - Processing /home/airflow/.local/lib/python3.7/site-packages/airflow/example_dags/tutorial_taskflow_api_virtualenv.py took 0.080 seconds
[2022-09-24T07:44:21.504+0000] {processor.py:156} INFO - Started process (PID=33151) to work on /home/airflow/.local/lib/python3.7/site-packages/airflow/example_dags/tutorial_taskflow_api_virtualenv.py
[2022-09-24T07:44:21.506+0000] {processor.py:758} INFO - Processing file /home/airflow/.local/lib/python3.7/site-packages/airflow/example_dags/tutorial_taskflow_api_virtualenv.py for tasks to queue
[2022-09-24T07:44:21.507+0000] {logging_mixin.py:117} INFO - [2022-09-24T07:44:21.507+0000] {dagbag.py:525} INFO - Filling up the DagBag from /home/airflow/.local/lib/python3.7/site-packages/airflow/example_dags/tutorial_taskflow_api_virtualenv.py
[2022-09-24T07:44:21.523+0000] {processor.py:768} INFO - DAG(s) dict_keys(['tutorial_taskflow_api_virtualenv']) retrieved from /home/airflow/.local/lib/python3.7/site-packages/airflow/example_dags/tutorial_taskflow_api_virtualenv.py
[2022-09-24T07:44:21.550+0000] {logging_mixin.py:117} INFO - [2022-09-24T07:44:21.550+0000] {dag.py:2573} INFO - Sync 1 DAGs
[2022-09-24T07:44:21.567+0000] {logging_mixin.py:117} INFO - [2022-09-24T07:44:21.567+0000] {dag.py:3328} INFO - Setting next_dagrun for tutorial_taskflow_api_virtualenv to None, run_after=None
[2022-09-24T07:44:21.583+0000] {processor.py:178} INFO - Processing /home/airflow/.local/lib/python3.7/site-packages/airflow/example_dags/tutorial_taskflow_api_virtualenv.py took 0.081 seconds
[2022-09-24T07:44:51.841+0000] {processor.py:156} INFO - Started process (PID=33215) to work on /home/airflow/.local/lib/python3.7/site-packages/airflow/example_dags/tutorial_taskflow_api_virtualenv.py
[2022-09-24T07:44:51.842+0000] {processor.py:758} INFO - Processing file /home/airflow/.local/lib/python3.7/site-packages/airflow/example_dags/tutorial_taskflow_api_virtualenv.py for tasks to queue
[2022-09-24T07:44:51.843+0000] {logging_mixin.py:117} INFO - [2022-09-24T07:44:51.843+0000] {dagbag.py:525} INFO - Filling up the DagBag from /home/airflow/.local/lib/python3.7/site-packages/airflow/example_dags/tutorial_taskflow_api_virtualenv.py
[2022-09-24T07:44:51.857+0000] {processor.py:768} INFO - DAG(s) dict_keys(['tutorial_taskflow_api_virtualenv']) retrieved from /home/airflow/.local/lib/python3.7/site-packages/airflow/example_dags/tutorial_taskflow_api_virtualenv.py
[2022-09-24T07:44:51.884+0000] {logging_mixin.py:117} INFO - [2022-09-24T07:44:51.884+0000] {dag.py:2573} INFO - Sync 1 DAGs
[2022-09-24T07:44:51.899+0000] {logging_mixin.py:117} INFO - [2022-09-24T07:44:51.899+0000] {dag.py:3328} INFO - Setting next_dagrun for tutorial_taskflow_api_virtualenv to None, run_after=None
[2022-09-24T07:44:51.911+0000] {processor.py:178} INFO - Processing /home/airflow/.local/lib/python3.7/site-packages/airflow/example_dags/tutorial_taskflow_api_virtualenv.py took 0.073 seconds
[2022-09-24T07:45:22.183+0000] {processor.py:156} INFO - Started process (PID=33279) to work on /home/airflow/.local/lib/python3.7/site-packages/airflow/example_dags/tutorial_taskflow_api_virtualenv.py
[2022-09-24T07:45:22.185+0000] {processor.py:758} INFO - Processing file /home/airflow/.local/lib/python3.7/site-packages/airflow/example_dags/tutorial_taskflow_api_virtualenv.py for tasks to queue
[2022-09-24T07:45:22.186+0000] {logging_mixin.py:117} INFO - [2022-09-24T07:45:22.186+0000] {dagbag.py:525} INFO - Filling up the DagBag from /home/airflow/.local/lib/python3.7/site-packages/airflow/example_dags/tutorial_taskflow_api_virtualenv.py
[2022-09-24T07:45:22.202+0000] {processor.py:768} INFO - DAG(s) dict_keys(['tutorial_taskflow_api_virtualenv']) retrieved from /home/airflow/.local/lib/python3.7/site-packages/airflow/example_dags/tutorial_taskflow_api_virtualenv.py
[2022-09-24T07:45:22.228+0000] {logging_mixin.py:117} INFO - [2022-09-24T07:45:22.228+0000] {dag.py:2573} INFO - Sync 1 DAGs
[2022-09-24T07:45:22.242+0000] {logging_mixin.py:117} INFO - [2022-09-24T07:45:22.242+0000] {dag.py:3328} INFO - Setting next_dagrun for tutorial_taskflow_api_virtualenv to None, run_after=None
[2022-09-24T07:45:22.254+0000] {processor.py:178} INFO - Processing /home/airflow/.local/lib/python3.7/site-packages/airflow/example_dags/tutorial_taskflow_api_virtualenv.py took 0.074 seconds
[2022-09-24T07:45:52.437+0000] {processor.py:156} INFO - Started process (PID=33342) to work on /home/airflow/.local/lib/python3.7/site-packages/airflow/example_dags/tutorial_taskflow_api_virtualenv.py
[2022-09-24T07:45:52.439+0000] {processor.py:758} INFO - Processing file /home/airflow/.local/lib/python3.7/site-packages/airflow/example_dags/tutorial_taskflow_api_virtualenv.py for tasks to queue
[2022-09-24T07:45:52.440+0000] {logging_mixin.py:117} INFO - [2022-09-24T07:45:52.440+0000] {dagbag.py:525} INFO - Filling up the DagBag from /home/airflow/.local/lib/python3.7/site-packages/airflow/example_dags/tutorial_taskflow_api_virtualenv.py
[2022-09-24T07:45:52.455+0000] {processor.py:768} INFO - DAG(s) dict_keys(['tutorial_taskflow_api_virtualenv']) retrieved from /home/airflow/.local/lib/python3.7/site-packages/airflow/example_dags/tutorial_taskflow_api_virtualenv.py
[2022-09-24T07:45:52.487+0000] {logging_mixin.py:117} INFO - [2022-09-24T07:45:52.487+0000] {dag.py:2573} INFO - Sync 1 DAGs
[2022-09-24T07:45:52.502+0000] {logging_mixin.py:117} INFO - [2022-09-24T07:45:52.502+0000] {dag.py:3328} INFO - Setting next_dagrun for tutorial_taskflow_api_virtualenv to None, run_after=None
[2022-09-24T07:45:52.515+0000] {processor.py:178} INFO - Processing /home/airflow/.local/lib/python3.7/site-packages/airflow/example_dags/tutorial_taskflow_api_virtualenv.py took 0.080 seconds
[2022-09-24T07:46:22.706+0000] {processor.py:156} INFO - Started process (PID=33405) to work on /home/airflow/.local/lib/python3.7/site-packages/airflow/example_dags/tutorial_taskflow_api_virtualenv.py
[2022-09-24T07:46:22.708+0000] {processor.py:758} INFO - Processing file /home/airflow/.local/lib/python3.7/site-packages/airflow/example_dags/tutorial_taskflow_api_virtualenv.py for tasks to queue
[2022-09-24T07:46:22.709+0000] {logging_mixin.py:117} INFO - [2022-09-24T07:46:22.708+0000] {dagbag.py:525} INFO - Filling up the DagBag from /home/airflow/.local/lib/python3.7/site-packages/airflow/example_dags/tutorial_taskflow_api_virtualenv.py
[2022-09-24T07:46:22.724+0000] {processor.py:768} INFO - DAG(s) dict_keys(['tutorial_taskflow_api_virtualenv']) retrieved from /home/airflow/.local/lib/python3.7/site-packages/airflow/example_dags/tutorial_taskflow_api_virtualenv.py
[2022-09-24T07:46:22.750+0000] {logging_mixin.py:117} INFO - [2022-09-24T07:46:22.750+0000] {dag.py:2573} INFO - Sync 1 DAGs
[2022-09-24T07:46:22.765+0000] {logging_mixin.py:117} INFO - [2022-09-24T07:46:22.765+0000] {dag.py:3328} INFO - Setting next_dagrun for tutorial_taskflow_api_virtualenv to None, run_after=None
[2022-09-24T07:46:22.777+0000] {processor.py:178} INFO - Processing /home/airflow/.local/lib/python3.7/site-packages/airflow/example_dags/tutorial_taskflow_api_virtualenv.py took 0.074 seconds
[2022-09-24T07:46:53.238+0000] {processor.py:156} INFO - Started process (PID=33469) to work on /home/airflow/.local/lib/python3.7/site-packages/airflow/example_dags/tutorial_taskflow_api_virtualenv.py
[2022-09-24T07:46:53.240+0000] {processor.py:758} INFO - Processing file /home/airflow/.local/lib/python3.7/site-packages/airflow/example_dags/tutorial_taskflow_api_virtualenv.py for tasks to queue
[2022-09-24T07:46:53.241+0000] {logging_mixin.py:117} INFO - [2022-09-24T07:46:53.241+0000] {dagbag.py:525} INFO - Filling up the DagBag from /home/airflow/.local/lib/python3.7/site-packages/airflow/example_dags/tutorial_taskflow_api_virtualenv.py
[2022-09-24T07:46:53.258+0000] {processor.py:768} INFO - DAG(s) dict_keys(['tutorial_taskflow_api_virtualenv']) retrieved from /home/airflow/.local/lib/python3.7/site-packages/airflow/example_dags/tutorial_taskflow_api_virtualenv.py
[2022-09-24T07:46:53.285+0000] {logging_mixin.py:117} INFO - [2022-09-24T07:46:53.285+0000] {dag.py:2573} INFO - Sync 1 DAGs
[2022-09-24T07:46:53.301+0000] {logging_mixin.py:117} INFO - [2022-09-24T07:46:53.301+0000] {dag.py:3328} INFO - Setting next_dagrun for tutorial_taskflow_api_virtualenv to None, run_after=None
[2022-09-24T07:46:53.313+0000] {processor.py:178} INFO - Processing /home/airflow/.local/lib/python3.7/site-packages/airflow/example_dags/tutorial_taskflow_api_virtualenv.py took 0.078 seconds
[2022-09-24T08:22:52.765+0000] {processor.py:156} INFO - Started process (PID=33523) to work on /home/airflow/.local/lib/python3.7/site-packages/airflow/example_dags/tutorial_taskflow_api_virtualenv.py
[2022-09-24T08:22:52.767+0000] {processor.py:758} INFO - Processing file /home/airflow/.local/lib/python3.7/site-packages/airflow/example_dags/tutorial_taskflow_api_virtualenv.py for tasks to queue
[2022-09-24T08:22:52.769+0000] {logging_mixin.py:117} INFO - [2022-09-24T08:22:52.769+0000] {dagbag.py:525} INFO - Filling up the DagBag from /home/airflow/.local/lib/python3.7/site-packages/airflow/example_dags/tutorial_taskflow_api_virtualenv.py
[2022-09-24T08:22:52.793+0000] {processor.py:768} INFO - DAG(s) dict_keys(['tutorial_taskflow_api_virtualenv']) retrieved from /home/airflow/.local/lib/python3.7/site-packages/airflow/example_dags/tutorial_taskflow_api_virtualenv.py
[2022-09-24T08:22:52.828+0000] {logging_mixin.py:117} INFO - [2022-09-24T08:22:52.828+0000] {dag.py:2573} INFO - Sync 1 DAGs
[2022-09-24T08:22:52.845+0000] {logging_mixin.py:117} INFO - [2022-09-24T08:22:52.845+0000] {dag.py:3328} INFO - Setting next_dagrun for tutorial_taskflow_api_virtualenv to None, run_after=None
[2022-09-24T08:22:52.868+0000] {processor.py:178} INFO - Processing /home/airflow/.local/lib/python3.7/site-packages/airflow/example_dags/tutorial_taskflow_api_virtualenv.py took 0.105 seconds
[2022-09-24T08:25:49.104+0000] {processor.py:156} INFO - Started process (PID=33586) to work on /home/airflow/.local/lib/python3.7/site-packages/airflow/example_dags/tutorial_taskflow_api_virtualenv.py
[2022-09-24T08:25:49.106+0000] {processor.py:758} INFO - Processing file /home/airflow/.local/lib/python3.7/site-packages/airflow/example_dags/tutorial_taskflow_api_virtualenv.py for tasks to queue
[2022-09-24T08:25:49.107+0000] {logging_mixin.py:117} INFO - [2022-09-24T08:25:49.107+0000] {dagbag.py:525} INFO - Filling up the DagBag from /home/airflow/.local/lib/python3.7/site-packages/airflow/example_dags/tutorial_taskflow_api_virtualenv.py
[2022-09-24T08:25:49.137+0000] {processor.py:768} INFO - DAG(s) dict_keys(['tutorial_taskflow_api_virtualenv']) retrieved from /home/airflow/.local/lib/python3.7/site-packages/airflow/example_dags/tutorial_taskflow_api_virtualenv.py
[2022-09-24T08:25:49.175+0000] {logging_mixin.py:117} INFO - [2022-09-24T08:25:49.174+0000] {dag.py:2573} INFO - Sync 1 DAGs
[2022-09-24T08:25:49.203+0000] {logging_mixin.py:117} INFO - [2022-09-24T08:25:49.203+0000] {dag.py:3328} INFO - Setting next_dagrun for tutorial_taskflow_api_virtualenv to None, run_after=None
[2022-09-24T08:25:49.224+0000] {processor.py:178} INFO - Processing /home/airflow/.local/lib/python3.7/site-packages/airflow/example_dags/tutorial_taskflow_api_virtualenv.py took 0.123 seconds
[2022-09-24T08:26:19.482+0000] {processor.py:156} INFO - Started process (PID=33640) to work on /home/airflow/.local/lib/python3.7/site-packages/airflow/example_dags/tutorial_taskflow_api_virtualenv.py
[2022-09-24T08:26:19.484+0000] {processor.py:758} INFO - Processing file /home/airflow/.local/lib/python3.7/site-packages/airflow/example_dags/tutorial_taskflow_api_virtualenv.py for tasks to queue
[2022-09-24T08:26:19.485+0000] {logging_mixin.py:117} INFO - [2022-09-24T08:26:19.485+0000] {dagbag.py:525} INFO - Filling up the DagBag from /home/airflow/.local/lib/python3.7/site-packages/airflow/example_dags/tutorial_taskflow_api_virtualenv.py
[2022-09-24T08:26:19.501+0000] {processor.py:768} INFO - DAG(s) dict_keys(['tutorial_taskflow_api_virtualenv']) retrieved from /home/airflow/.local/lib/python3.7/site-packages/airflow/example_dags/tutorial_taskflow_api_virtualenv.py
[2022-09-24T08:26:19.530+0000] {logging_mixin.py:117} INFO - [2022-09-24T08:26:19.530+0000] {dag.py:2573} INFO - Sync 1 DAGs
[2022-09-24T08:26:19.548+0000] {logging_mixin.py:117} INFO - [2022-09-24T08:26:19.548+0000] {dag.py:3328} INFO - Setting next_dagrun for tutorial_taskflow_api_virtualenv to None, run_after=None
[2022-09-24T08:26:19.566+0000] {processor.py:178} INFO - Processing /home/airflow/.local/lib/python3.7/site-packages/airflow/example_dags/tutorial_taskflow_api_virtualenv.py took 0.087 seconds
[2022-09-24T08:26:49.789+0000] {processor.py:156} INFO - Started process (PID=33703) to work on /home/airflow/.local/lib/python3.7/site-packages/airflow/example_dags/tutorial_taskflow_api_virtualenv.py
[2022-09-24T08:26:49.791+0000] {processor.py:758} INFO - Processing file /home/airflow/.local/lib/python3.7/site-packages/airflow/example_dags/tutorial_taskflow_api_virtualenv.py for tasks to queue
[2022-09-24T08:26:49.792+0000] {logging_mixin.py:117} INFO - [2022-09-24T08:26:49.792+0000] {dagbag.py:525} INFO - Filling up the DagBag from /home/airflow/.local/lib/python3.7/site-packages/airflow/example_dags/tutorial_taskflow_api_virtualenv.py
[2022-09-24T08:26:49.811+0000] {processor.py:768} INFO - DAG(s) dict_keys(['tutorial_taskflow_api_virtualenv']) retrieved from /home/airflow/.local/lib/python3.7/site-packages/airflow/example_dags/tutorial_taskflow_api_virtualenv.py
[2022-09-24T08:26:49.843+0000] {logging_mixin.py:117} INFO - [2022-09-24T08:26:49.843+0000] {dag.py:2573} INFO - Sync 1 DAGs
[2022-09-24T08:26:49.862+0000] {logging_mixin.py:117} INFO - [2022-09-24T08:26:49.862+0000] {dag.py:3328} INFO - Setting next_dagrun for tutorial_taskflow_api_virtualenv to None, run_after=None
[2022-09-24T08:26:49.878+0000] {processor.py:178} INFO - Processing /home/airflow/.local/lib/python3.7/site-packages/airflow/example_dags/tutorial_taskflow_api_virtualenv.py took 0.092 seconds
[2022-09-24T08:27:20.179+0000] {processor.py:156} INFO - Started process (PID=33766) to work on /home/airflow/.local/lib/python3.7/site-packages/airflow/example_dags/tutorial_taskflow_api_virtualenv.py
[2022-09-24T08:27:20.180+0000] {processor.py:758} INFO - Processing file /home/airflow/.local/lib/python3.7/site-packages/airflow/example_dags/tutorial_taskflow_api_virtualenv.py for tasks to queue
[2022-09-24T08:27:20.181+0000] {logging_mixin.py:117} INFO - [2022-09-24T08:27:20.181+0000] {dagbag.py:525} INFO - Filling up the DagBag from /home/airflow/.local/lib/python3.7/site-packages/airflow/example_dags/tutorial_taskflow_api_virtualenv.py
[2022-09-24T08:27:20.195+0000] {processor.py:768} INFO - DAG(s) dict_keys(['tutorial_taskflow_api_virtualenv']) retrieved from /home/airflow/.local/lib/python3.7/site-packages/airflow/example_dags/tutorial_taskflow_api_virtualenv.py
[2022-09-24T08:27:20.219+0000] {logging_mixin.py:117} INFO - [2022-09-24T08:27:20.219+0000] {dag.py:2573} INFO - Sync 1 DAGs
[2022-09-24T08:27:20.233+0000] {logging_mixin.py:117} INFO - [2022-09-24T08:27:20.233+0000] {dag.py:3328} INFO - Setting next_dagrun for tutorial_taskflow_api_virtualenv to None, run_after=None
[2022-09-24T08:27:20.244+0000] {processor.py:178} INFO - Processing /home/airflow/.local/lib/python3.7/site-packages/airflow/example_dags/tutorial_taskflow_api_virtualenv.py took 0.068 seconds
[2022-09-24T08:27:50.477+0000] {processor.py:156} INFO - Started process (PID=33828) to work on /home/airflow/.local/lib/python3.7/site-packages/airflow/example_dags/tutorial_taskflow_api_virtualenv.py
[2022-09-24T08:27:50.479+0000] {processor.py:758} INFO - Processing file /home/airflow/.local/lib/python3.7/site-packages/airflow/example_dags/tutorial_taskflow_api_virtualenv.py for tasks to queue
[2022-09-24T08:27:50.481+0000] {logging_mixin.py:117} INFO - [2022-09-24T08:27:50.481+0000] {dagbag.py:525} INFO - Filling up the DagBag from /home/airflow/.local/lib/python3.7/site-packages/airflow/example_dags/tutorial_taskflow_api_virtualenv.py
[2022-09-24T08:27:50.494+0000] {processor.py:768} INFO - DAG(s) dict_keys(['tutorial_taskflow_api_virtualenv']) retrieved from /home/airflow/.local/lib/python3.7/site-packages/airflow/example_dags/tutorial_taskflow_api_virtualenv.py
[2022-09-24T08:27:50.521+0000] {logging_mixin.py:117} INFO - [2022-09-24T08:27:50.520+0000] {dag.py:2573} INFO - Sync 1 DAGs
[2022-09-24T08:27:50.535+0000] {logging_mixin.py:117} INFO - [2022-09-24T08:27:50.535+0000] {dag.py:3328} INFO - Setting next_dagrun for tutorial_taskflow_api_virtualenv to None, run_after=None
[2022-09-24T08:27:50.547+0000] {processor.py:178} INFO - Processing /home/airflow/.local/lib/python3.7/site-packages/airflow/example_dags/tutorial_taskflow_api_virtualenv.py took 0.074 seconds
[2022-09-24T08:28:20.766+0000] {processor.py:156} INFO - Started process (PID=33892) to work on /home/airflow/.local/lib/python3.7/site-packages/airflow/example_dags/tutorial_taskflow_api_virtualenv.py
[2022-09-24T08:28:20.767+0000] {processor.py:758} INFO - Processing file /home/airflow/.local/lib/python3.7/site-packages/airflow/example_dags/tutorial_taskflow_api_virtualenv.py for tasks to queue
[2022-09-24T08:28:20.768+0000] {logging_mixin.py:117} INFO - [2022-09-24T08:28:20.768+0000] {dagbag.py:525} INFO - Filling up the DagBag from /home/airflow/.local/lib/python3.7/site-packages/airflow/example_dags/tutorial_taskflow_api_virtualenv.py
[2022-09-24T08:28:20.782+0000] {processor.py:768} INFO - DAG(s) dict_keys(['tutorial_taskflow_api_virtualenv']) retrieved from /home/airflow/.local/lib/python3.7/site-packages/airflow/example_dags/tutorial_taskflow_api_virtualenv.py
[2022-09-24T08:28:20.807+0000] {logging_mixin.py:117} INFO - [2022-09-24T08:28:20.807+0000] {dag.py:2573} INFO - Sync 1 DAGs
[2022-09-24T08:28:20.820+0000] {logging_mixin.py:117} INFO - [2022-09-24T08:28:20.820+0000] {dag.py:3328} INFO - Setting next_dagrun for tutorial_taskflow_api_virtualenv to None, run_after=None
[2022-09-24T08:28:20.832+0000] {processor.py:178} INFO - Processing /home/airflow/.local/lib/python3.7/site-packages/airflow/example_dags/tutorial_taskflow_api_virtualenv.py took 0.068 seconds
[2022-09-24T08:28:51.033+0000] {processor.py:156} INFO - Started process (PID=33955) to work on /home/airflow/.local/lib/python3.7/site-packages/airflow/example_dags/tutorial_taskflow_api_virtualenv.py
[2022-09-24T08:28:51.034+0000] {processor.py:758} INFO - Processing file /home/airflow/.local/lib/python3.7/site-packages/airflow/example_dags/tutorial_taskflow_api_virtualenv.py for tasks to queue
[2022-09-24T08:28:51.035+0000] {logging_mixin.py:117} INFO - [2022-09-24T08:28:51.035+0000] {dagbag.py:525} INFO - Filling up the DagBag from /home/airflow/.local/lib/python3.7/site-packages/airflow/example_dags/tutorial_taskflow_api_virtualenv.py
[2022-09-24T08:28:51.050+0000] {processor.py:768} INFO - DAG(s) dict_keys(['tutorial_taskflow_api_virtualenv']) retrieved from /home/airflow/.local/lib/python3.7/site-packages/airflow/example_dags/tutorial_taskflow_api_virtualenv.py
[2022-09-24T08:28:51.077+0000] {logging_mixin.py:117} INFO - [2022-09-24T08:28:51.077+0000] {dag.py:2573} INFO - Sync 1 DAGs
[2022-09-24T08:28:51.092+0000] {logging_mixin.py:117} INFO - [2022-09-24T08:28:51.092+0000] {dag.py:3328} INFO - Setting next_dagrun for tutorial_taskflow_api_virtualenv to None, run_after=None
[2022-09-24T08:28:51.103+0000] {processor.py:178} INFO - Processing /home/airflow/.local/lib/python3.7/site-packages/airflow/example_dags/tutorial_taskflow_api_virtualenv.py took 0.073 seconds
[2022-09-24T08:29:21.596+0000] {processor.py:156} INFO - Started process (PID=34019) to work on /home/airflow/.local/lib/python3.7/site-packages/airflow/example_dags/tutorial_taskflow_api_virtualenv.py
[2022-09-24T08:29:21.598+0000] {processor.py:758} INFO - Processing file /home/airflow/.local/lib/python3.7/site-packages/airflow/example_dags/tutorial_taskflow_api_virtualenv.py for tasks to queue
[2022-09-24T08:29:21.600+0000] {logging_mixin.py:117} INFO - [2022-09-24T08:29:21.599+0000] {dagbag.py:525} INFO - Filling up the DagBag from /home/airflow/.local/lib/python3.7/site-packages/airflow/example_dags/tutorial_taskflow_api_virtualenv.py
[2022-09-24T08:29:21.615+0000] {processor.py:768} INFO - DAG(s) dict_keys(['tutorial_taskflow_api_virtualenv']) retrieved from /home/airflow/.local/lib/python3.7/site-packages/airflow/example_dags/tutorial_taskflow_api_virtualenv.py
[2022-09-24T08:29:21.643+0000] {logging_mixin.py:117} INFO - [2022-09-24T08:29:21.643+0000] {dag.py:2573} INFO - Sync 1 DAGs
[2022-09-24T08:29:21.658+0000] {logging_mixin.py:117} INFO - [2022-09-24T08:29:21.658+0000] {dag.py:3328} INFO - Setting next_dagrun for tutorial_taskflow_api_virtualenv to None, run_after=None
[2022-09-24T08:29:21.671+0000] {processor.py:178} INFO - Processing /home/airflow/.local/lib/python3.7/site-packages/airflow/example_dags/tutorial_taskflow_api_virtualenv.py took 0.078 seconds
[2022-09-24T08:29:51.882+0000] {processor.py:156} INFO - Started process (PID=34073) to work on /home/airflow/.local/lib/python3.7/site-packages/airflow/example_dags/tutorial_taskflow_api_virtualenv.py
[2022-09-24T08:29:51.884+0000] {processor.py:758} INFO - Processing file /home/airflow/.local/lib/python3.7/site-packages/airflow/example_dags/tutorial_taskflow_api_virtualenv.py for tasks to queue
[2022-09-24T08:29:51.886+0000] {logging_mixin.py:117} INFO - [2022-09-24T08:29:51.886+0000] {dagbag.py:525} INFO - Filling up the DagBag from /home/airflow/.local/lib/python3.7/site-packages/airflow/example_dags/tutorial_taskflow_api_virtualenv.py
[2022-09-24T08:29:51.904+0000] {processor.py:768} INFO - DAG(s) dict_keys(['tutorial_taskflow_api_virtualenv']) retrieved from /home/airflow/.local/lib/python3.7/site-packages/airflow/example_dags/tutorial_taskflow_api_virtualenv.py
[2022-09-24T08:29:51.931+0000] {logging_mixin.py:117} INFO - [2022-09-24T08:29:51.931+0000] {dag.py:2573} INFO - Sync 1 DAGs
[2022-09-24T08:29:51.946+0000] {logging_mixin.py:117} INFO - [2022-09-24T08:29:51.946+0000] {dag.py:3328} INFO - Setting next_dagrun for tutorial_taskflow_api_virtualenv to None, run_after=None
[2022-09-24T08:29:51.957+0000] {processor.py:178} INFO - Processing /home/airflow/.local/lib/python3.7/site-packages/airflow/example_dags/tutorial_taskflow_api_virtualenv.py took 0.079 seconds
[2022-09-24T08:30:22.202+0000] {processor.py:156} INFO - Started process (PID=34136) to work on /home/airflow/.local/lib/python3.7/site-packages/airflow/example_dags/tutorial_taskflow_api_virtualenv.py
[2022-09-24T08:30:22.204+0000] {processor.py:758} INFO - Processing file /home/airflow/.local/lib/python3.7/site-packages/airflow/example_dags/tutorial_taskflow_api_virtualenv.py for tasks to queue
[2022-09-24T08:30:22.205+0000] {logging_mixin.py:117} INFO - [2022-09-24T08:30:22.205+0000] {dagbag.py:525} INFO - Filling up the DagBag from /home/airflow/.local/lib/python3.7/site-packages/airflow/example_dags/tutorial_taskflow_api_virtualenv.py
[2022-09-24T08:30:22.221+0000] {processor.py:768} INFO - DAG(s) dict_keys(['tutorial_taskflow_api_virtualenv']) retrieved from /home/airflow/.local/lib/python3.7/site-packages/airflow/example_dags/tutorial_taskflow_api_virtualenv.py
[2022-09-24T08:30:22.247+0000] {logging_mixin.py:117} INFO - [2022-09-24T08:30:22.247+0000] {dag.py:2573} INFO - Sync 1 DAGs
[2022-09-24T08:30:22.263+0000] {logging_mixin.py:117} INFO - [2022-09-24T08:30:22.263+0000] {dag.py:3328} INFO - Setting next_dagrun for tutorial_taskflow_api_virtualenv to None, run_after=None
[2022-09-24T08:30:22.275+0000] {processor.py:178} INFO - Processing /home/airflow/.local/lib/python3.7/site-packages/airflow/example_dags/tutorial_taskflow_api_virtualenv.py took 0.075 seconds
[2022-09-24T08:30:52.515+0000] {processor.py:156} INFO - Started process (PID=34201) to work on /home/airflow/.local/lib/python3.7/site-packages/airflow/example_dags/tutorial_taskflow_api_virtualenv.py
[2022-09-24T08:30:52.517+0000] {processor.py:758} INFO - Processing file /home/airflow/.local/lib/python3.7/site-packages/airflow/example_dags/tutorial_taskflow_api_virtualenv.py for tasks to queue
[2022-09-24T08:30:52.518+0000] {logging_mixin.py:117} INFO - [2022-09-24T08:30:52.517+0000] {dagbag.py:525} INFO - Filling up the DagBag from /home/airflow/.local/lib/python3.7/site-packages/airflow/example_dags/tutorial_taskflow_api_virtualenv.py
[2022-09-24T08:30:52.533+0000] {processor.py:768} INFO - DAG(s) dict_keys(['tutorial_taskflow_api_virtualenv']) retrieved from /home/airflow/.local/lib/python3.7/site-packages/airflow/example_dags/tutorial_taskflow_api_virtualenv.py
[2022-09-24T08:30:52.560+0000] {logging_mixin.py:117} INFO - [2022-09-24T08:30:52.560+0000] {dag.py:2573} INFO - Sync 1 DAGs
[2022-09-24T08:30:52.578+0000] {logging_mixin.py:117} INFO - [2022-09-24T08:30:52.578+0000] {dag.py:3328} INFO - Setting next_dagrun for tutorial_taskflow_api_virtualenv to None, run_after=None
[2022-09-24T08:30:52.591+0000] {processor.py:178} INFO - Processing /home/airflow/.local/lib/python3.7/site-packages/airflow/example_dags/tutorial_taskflow_api_virtualenv.py took 0.079 seconds
[2022-09-24T08:31:22.790+0000] {processor.py:156} INFO - Started process (PID=34263) to work on /home/airflow/.local/lib/python3.7/site-packages/airflow/example_dags/tutorial_taskflow_api_virtualenv.py
[2022-09-24T08:31:22.791+0000] {processor.py:758} INFO - Processing file /home/airflow/.local/lib/python3.7/site-packages/airflow/example_dags/tutorial_taskflow_api_virtualenv.py for tasks to queue
[2022-09-24T08:31:22.793+0000] {logging_mixin.py:117} INFO - [2022-09-24T08:31:22.793+0000] {dagbag.py:525} INFO - Filling up the DagBag from /home/airflow/.local/lib/python3.7/site-packages/airflow/example_dags/tutorial_taskflow_api_virtualenv.py
[2022-09-24T08:31:22.810+0000] {processor.py:768} INFO - DAG(s) dict_keys(['tutorial_taskflow_api_virtualenv']) retrieved from /home/airflow/.local/lib/python3.7/site-packages/airflow/example_dags/tutorial_taskflow_api_virtualenv.py
[2022-09-24T08:31:22.835+0000] {logging_mixin.py:117} INFO - [2022-09-24T08:31:22.835+0000] {dag.py:2573} INFO - Sync 1 DAGs
[2022-09-24T08:31:22.850+0000] {logging_mixin.py:117} INFO - [2022-09-24T08:31:22.850+0000] {dag.py:3328} INFO - Setting next_dagrun for tutorial_taskflow_api_virtualenv to None, run_after=None
[2022-09-24T08:31:22.862+0000] {processor.py:178} INFO - Processing /home/airflow/.local/lib/python3.7/site-packages/airflow/example_dags/tutorial_taskflow_api_virtualenv.py took 0.075 seconds
[2022-09-24T08:31:53.005+0000] {processor.py:156} INFO - Started process (PID=34325) to work on /home/airflow/.local/lib/python3.7/site-packages/airflow/example_dags/tutorial_taskflow_api_virtualenv.py
[2022-09-24T08:31:53.006+0000] {processor.py:758} INFO - Processing file /home/airflow/.local/lib/python3.7/site-packages/airflow/example_dags/tutorial_taskflow_api_virtualenv.py for tasks to queue
[2022-09-24T08:31:53.007+0000] {logging_mixin.py:117} INFO - [2022-09-24T08:31:53.007+0000] {dagbag.py:525} INFO - Filling up the DagBag from /home/airflow/.local/lib/python3.7/site-packages/airflow/example_dags/tutorial_taskflow_api_virtualenv.py
[2022-09-24T08:31:53.022+0000] {processor.py:768} INFO - DAG(s) dict_keys(['tutorial_taskflow_api_virtualenv']) retrieved from /home/airflow/.local/lib/python3.7/site-packages/airflow/example_dags/tutorial_taskflow_api_virtualenv.py
[2022-09-24T08:31:53.051+0000] {logging_mixin.py:117} INFO - [2022-09-24T08:31:53.051+0000] {dag.py:2573} INFO - Sync 1 DAGs
[2022-09-24T08:31:53.071+0000] {logging_mixin.py:117} INFO - [2022-09-24T08:31:53.071+0000] {dag.py:3328} INFO - Setting next_dagrun for tutorial_taskflow_api_virtualenv to None, run_after=None
[2022-09-24T08:31:53.085+0000] {processor.py:178} INFO - Processing /home/airflow/.local/lib/python3.7/site-packages/airflow/example_dags/tutorial_taskflow_api_virtualenv.py took 0.082 seconds
[2022-09-24T08:32:23.270+0000] {processor.py:156} INFO - Started process (PID=34387) to work on /home/airflow/.local/lib/python3.7/site-packages/airflow/example_dags/tutorial_taskflow_api_virtualenv.py
[2022-09-24T08:32:23.272+0000] {processor.py:758} INFO - Processing file /home/airflow/.local/lib/python3.7/site-packages/airflow/example_dags/tutorial_taskflow_api_virtualenv.py for tasks to queue
[2022-09-24T08:32:23.273+0000] {logging_mixin.py:117} INFO - [2022-09-24T08:32:23.273+0000] {dagbag.py:525} INFO - Filling up the DagBag from /home/airflow/.local/lib/python3.7/site-packages/airflow/example_dags/tutorial_taskflow_api_virtualenv.py
[2022-09-24T08:32:23.291+0000] {processor.py:768} INFO - DAG(s) dict_keys(['tutorial_taskflow_api_virtualenv']) retrieved from /home/airflow/.local/lib/python3.7/site-packages/airflow/example_dags/tutorial_taskflow_api_virtualenv.py
[2022-09-24T08:32:23.319+0000] {logging_mixin.py:117} INFO - [2022-09-24T08:32:23.318+0000] {dag.py:2573} INFO - Sync 1 DAGs
[2022-09-24T08:32:23.336+0000] {logging_mixin.py:117} INFO - [2022-09-24T08:32:23.336+0000] {dag.py:3328} INFO - Setting next_dagrun for tutorial_taskflow_api_virtualenv to None, run_after=None
[2022-09-24T08:32:23.350+0000] {processor.py:178} INFO - Processing /home/airflow/.local/lib/python3.7/site-packages/airflow/example_dags/tutorial_taskflow_api_virtualenv.py took 0.082 seconds
[2022-09-24T08:32:53.739+0000] {processor.py:156} INFO - Started process (PID=34441) to work on /home/airflow/.local/lib/python3.7/site-packages/airflow/example_dags/tutorial_taskflow_api_virtualenv.py
[2022-09-24T08:32:53.741+0000] {processor.py:758} INFO - Processing file /home/airflow/.local/lib/python3.7/site-packages/airflow/example_dags/tutorial_taskflow_api_virtualenv.py for tasks to queue
[2022-09-24T08:32:53.744+0000] {logging_mixin.py:117} INFO - [2022-09-24T08:32:53.744+0000] {dagbag.py:525} INFO - Filling up the DagBag from /home/airflow/.local/lib/python3.7/site-packages/airflow/example_dags/tutorial_taskflow_api_virtualenv.py
[2022-09-24T08:32:53.762+0000] {processor.py:768} INFO - DAG(s) dict_keys(['tutorial_taskflow_api_virtualenv']) retrieved from /home/airflow/.local/lib/python3.7/site-packages/airflow/example_dags/tutorial_taskflow_api_virtualenv.py
[2022-09-24T08:32:53.798+0000] {logging_mixin.py:117} INFO - [2022-09-24T08:32:53.797+0000] {dag.py:2573} INFO - Sync 1 DAGs
[2022-09-24T08:32:53.817+0000] {logging_mixin.py:117} INFO - [2022-09-24T08:32:53.817+0000] {dag.py:3328} INFO - Setting next_dagrun for tutorial_taskflow_api_virtualenv to None, run_after=None
[2022-09-24T08:32:53.833+0000] {processor.py:178} INFO - Processing /home/airflow/.local/lib/python3.7/site-packages/airflow/example_dags/tutorial_taskflow_api_virtualenv.py took 0.097 seconds
[2022-09-24T08:33:24.090+0000] {processor.py:156} INFO - Started process (PID=34504) to work on /home/airflow/.local/lib/python3.7/site-packages/airflow/example_dags/tutorial_taskflow_api_virtualenv.py
[2022-09-24T08:33:24.092+0000] {processor.py:758} INFO - Processing file /home/airflow/.local/lib/python3.7/site-packages/airflow/example_dags/tutorial_taskflow_api_virtualenv.py for tasks to queue
[2022-09-24T08:33:24.093+0000] {logging_mixin.py:117} INFO - [2022-09-24T08:33:24.093+0000] {dagbag.py:525} INFO - Filling up the DagBag from /home/airflow/.local/lib/python3.7/site-packages/airflow/example_dags/tutorial_taskflow_api_virtualenv.py
[2022-09-24T08:33:24.109+0000] {processor.py:768} INFO - DAG(s) dict_keys(['tutorial_taskflow_api_virtualenv']) retrieved from /home/airflow/.local/lib/python3.7/site-packages/airflow/example_dags/tutorial_taskflow_api_virtualenv.py
[2022-09-24T08:33:24.142+0000] {logging_mixin.py:117} INFO - [2022-09-24T08:33:24.142+0000] {dag.py:2573} INFO - Sync 1 DAGs
[2022-09-24T08:33:24.159+0000] {logging_mixin.py:117} INFO - [2022-09-24T08:33:24.159+0000] {dag.py:3328} INFO - Setting next_dagrun for tutorial_taskflow_api_virtualenv to None, run_after=None
[2022-09-24T08:33:24.173+0000] {processor.py:178} INFO - Processing /home/airflow/.local/lib/python3.7/site-packages/airflow/example_dags/tutorial_taskflow_api_virtualenv.py took 0.086 seconds
[2022-09-24T08:33:54.568+0000] {processor.py:156} INFO - Started process (PID=34567) to work on /home/airflow/.local/lib/python3.7/site-packages/airflow/example_dags/tutorial_taskflow_api_virtualenv.py
[2022-09-24T08:33:54.569+0000] {processor.py:758} INFO - Processing file /home/airflow/.local/lib/python3.7/site-packages/airflow/example_dags/tutorial_taskflow_api_virtualenv.py for tasks to queue
[2022-09-24T08:33:54.570+0000] {logging_mixin.py:117} INFO - [2022-09-24T08:33:54.570+0000] {dagbag.py:525} INFO - Filling up the DagBag from /home/airflow/.local/lib/python3.7/site-packages/airflow/example_dags/tutorial_taskflow_api_virtualenv.py
[2022-09-24T08:33:54.585+0000] {processor.py:768} INFO - DAG(s) dict_keys(['tutorial_taskflow_api_virtualenv']) retrieved from /home/airflow/.local/lib/python3.7/site-packages/airflow/example_dags/tutorial_taskflow_api_virtualenv.py
[2022-09-24T08:33:54.611+0000] {logging_mixin.py:117} INFO - [2022-09-24T08:33:54.611+0000] {dag.py:2573} INFO - Sync 1 DAGs
[2022-09-24T08:33:54.627+0000] {logging_mixin.py:117} INFO - [2022-09-24T08:33:54.626+0000] {dag.py:3328} INFO - Setting next_dagrun for tutorial_taskflow_api_virtualenv to None, run_after=None
[2022-09-24T08:33:54.638+0000] {processor.py:178} INFO - Processing /home/airflow/.local/lib/python3.7/site-packages/airflow/example_dags/tutorial_taskflow_api_virtualenv.py took 0.073 seconds
[2022-09-24T08:34:24.839+0000] {processor.py:156} INFO - Started process (PID=34630) to work on /home/airflow/.local/lib/python3.7/site-packages/airflow/example_dags/tutorial_taskflow_api_virtualenv.py
[2022-09-24T08:34:24.841+0000] {processor.py:758} INFO - Processing file /home/airflow/.local/lib/python3.7/site-packages/airflow/example_dags/tutorial_taskflow_api_virtualenv.py for tasks to queue
[2022-09-24T08:34:24.843+0000] {logging_mixin.py:117} INFO - [2022-09-24T08:34:24.843+0000] {dagbag.py:525} INFO - Filling up the DagBag from /home/airflow/.local/lib/python3.7/site-packages/airflow/example_dags/tutorial_taskflow_api_virtualenv.py
[2022-09-24T08:34:24.859+0000] {processor.py:768} INFO - DAG(s) dict_keys(['tutorial_taskflow_api_virtualenv']) retrieved from /home/airflow/.local/lib/python3.7/site-packages/airflow/example_dags/tutorial_taskflow_api_virtualenv.py
[2022-09-24T08:34:24.885+0000] {logging_mixin.py:117} INFO - [2022-09-24T08:34:24.885+0000] {dag.py:2573} INFO - Sync 1 DAGs
[2022-09-24T08:34:24.900+0000] {logging_mixin.py:117} INFO - [2022-09-24T08:34:24.900+0000] {dag.py:3328} INFO - Setting next_dagrun for tutorial_taskflow_api_virtualenv to None, run_after=None
[2022-09-24T08:34:24.915+0000] {processor.py:178} INFO - Processing /home/airflow/.local/lib/python3.7/site-packages/airflow/example_dags/tutorial_taskflow_api_virtualenv.py took 0.078 seconds
[2022-09-24T08:34:55.122+0000] {processor.py:156} INFO - Started process (PID=34692) to work on /home/airflow/.local/lib/python3.7/site-packages/airflow/example_dags/tutorial_taskflow_api_virtualenv.py
[2022-09-24T08:34:55.124+0000] {processor.py:758} INFO - Processing file /home/airflow/.local/lib/python3.7/site-packages/airflow/example_dags/tutorial_taskflow_api_virtualenv.py for tasks to queue
[2022-09-24T08:34:55.126+0000] {logging_mixin.py:117} INFO - [2022-09-24T08:34:55.125+0000] {dagbag.py:525} INFO - Filling up the DagBag from /home/airflow/.local/lib/python3.7/site-packages/airflow/example_dags/tutorial_taskflow_api_virtualenv.py
[2022-09-24T08:34:55.139+0000] {processor.py:768} INFO - DAG(s) dict_keys(['tutorial_taskflow_api_virtualenv']) retrieved from /home/airflow/.local/lib/python3.7/site-packages/airflow/example_dags/tutorial_taskflow_api_virtualenv.py
[2022-09-24T08:34:55.163+0000] {logging_mixin.py:117} INFO - [2022-09-24T08:34:55.163+0000] {dag.py:2573} INFO - Sync 1 DAGs
[2022-09-24T08:34:55.177+0000] {logging_mixin.py:117} INFO - [2022-09-24T08:34:55.177+0000] {dag.py:3328} INFO - Setting next_dagrun for tutorial_taskflow_api_virtualenv to None, run_after=None
[2022-09-24T08:34:55.188+0000] {processor.py:178} INFO - Processing /home/airflow/.local/lib/python3.7/site-packages/airflow/example_dags/tutorial_taskflow_api_virtualenv.py took 0.068 seconds
[2022-09-24T08:35:25.698+0000] {processor.py:156} INFO - Started process (PID=34756) to work on /home/airflow/.local/lib/python3.7/site-packages/airflow/example_dags/tutorial_taskflow_api_virtualenv.py
[2022-09-24T08:35:25.700+0000] {processor.py:758} INFO - Processing file /home/airflow/.local/lib/python3.7/site-packages/airflow/example_dags/tutorial_taskflow_api_virtualenv.py for tasks to queue
[2022-09-24T08:35:25.701+0000] {logging_mixin.py:117} INFO - [2022-09-24T08:35:25.701+0000] {dagbag.py:525} INFO - Filling up the DagBag from /home/airflow/.local/lib/python3.7/site-packages/airflow/example_dags/tutorial_taskflow_api_virtualenv.py
[2022-09-24T08:35:25.715+0000] {processor.py:768} INFO - DAG(s) dict_keys(['tutorial_taskflow_api_virtualenv']) retrieved from /home/airflow/.local/lib/python3.7/site-packages/airflow/example_dags/tutorial_taskflow_api_virtualenv.py
[2022-09-24T08:35:25.744+0000] {logging_mixin.py:117} INFO - [2022-09-24T08:35:25.744+0000] {dag.py:2573} INFO - Sync 1 DAGs
[2022-09-24T08:35:25.759+0000] {logging_mixin.py:117} INFO - [2022-09-24T08:35:25.759+0000] {dag.py:3328} INFO - Setting next_dagrun for tutorial_taskflow_api_virtualenv to None, run_after=None
[2022-09-24T08:35:25.775+0000] {processor.py:178} INFO - Processing /home/airflow/.local/lib/python3.7/site-packages/airflow/example_dags/tutorial_taskflow_api_virtualenv.py took 0.080 seconds
[2022-09-24T08:35:55.979+0000] {processor.py:156} INFO - Started process (PID=34810) to work on /home/airflow/.local/lib/python3.7/site-packages/airflow/example_dags/tutorial_taskflow_api_virtualenv.py
[2022-09-24T08:35:55.984+0000] {processor.py:758} INFO - Processing file /home/airflow/.local/lib/python3.7/site-packages/airflow/example_dags/tutorial_taskflow_api_virtualenv.py for tasks to queue
[2022-09-24T08:35:55.985+0000] {logging_mixin.py:117} INFO - [2022-09-24T08:35:55.985+0000] {dagbag.py:525} INFO - Filling up the DagBag from /home/airflow/.local/lib/python3.7/site-packages/airflow/example_dags/tutorial_taskflow_api_virtualenv.py
[2022-09-24T08:35:56.007+0000] {processor.py:768} INFO - DAG(s) dict_keys(['tutorial_taskflow_api_virtualenv']) retrieved from /home/airflow/.local/lib/python3.7/site-packages/airflow/example_dags/tutorial_taskflow_api_virtualenv.py
[2022-09-24T08:35:56.054+0000] {logging_mixin.py:117} INFO - [2022-09-24T08:35:56.054+0000] {dag.py:2573} INFO - Sync 1 DAGs
[2022-09-24T08:35:56.075+0000] {logging_mixin.py:117} INFO - [2022-09-24T08:35:56.075+0000] {dag.py:3328} INFO - Setting next_dagrun for tutorial_taskflow_api_virtualenv to None, run_after=None
[2022-09-24T08:35:56.088+0000] {processor.py:178} INFO - Processing /home/airflow/.local/lib/python3.7/site-packages/airflow/example_dags/tutorial_taskflow_api_virtualenv.py took 0.113 seconds
[2022-09-24T08:36:26.235+0000] {processor.py:156} INFO - Started process (PID=34873) to work on /home/airflow/.local/lib/python3.7/site-packages/airflow/example_dags/tutorial_taskflow_api_virtualenv.py
[2022-09-24T08:36:26.236+0000] {processor.py:758} INFO - Processing file /home/airflow/.local/lib/python3.7/site-packages/airflow/example_dags/tutorial_taskflow_api_virtualenv.py for tasks to queue
[2022-09-24T08:36:26.237+0000] {logging_mixin.py:117} INFO - [2022-09-24T08:36:26.237+0000] {dagbag.py:525} INFO - Filling up the DagBag from /home/airflow/.local/lib/python3.7/site-packages/airflow/example_dags/tutorial_taskflow_api_virtualenv.py
[2022-09-24T08:36:26.254+0000] {processor.py:768} INFO - DAG(s) dict_keys(['tutorial_taskflow_api_virtualenv']) retrieved from /home/airflow/.local/lib/python3.7/site-packages/airflow/example_dags/tutorial_taskflow_api_virtualenv.py
[2022-09-24T08:36:26.279+0000] {logging_mixin.py:117} INFO - [2022-09-24T08:36:26.279+0000] {dag.py:2573} INFO - Sync 1 DAGs
[2022-09-24T08:36:26.294+0000] {logging_mixin.py:117} INFO - [2022-09-24T08:36:26.294+0000] {dag.py:3328} INFO - Setting next_dagrun for tutorial_taskflow_api_virtualenv to None, run_after=None
[2022-09-24T08:36:26.306+0000] {processor.py:178} INFO - Processing /home/airflow/.local/lib/python3.7/site-packages/airflow/example_dags/tutorial_taskflow_api_virtualenv.py took 0.074 seconds
[2022-09-24T08:36:56.576+0000] {processor.py:156} INFO - Started process (PID=34936) to work on /home/airflow/.local/lib/python3.7/site-packages/airflow/example_dags/tutorial_taskflow_api_virtualenv.py
[2022-09-24T08:36:56.578+0000] {processor.py:758} INFO - Processing file /home/airflow/.local/lib/python3.7/site-packages/airflow/example_dags/tutorial_taskflow_api_virtualenv.py for tasks to queue
[2022-09-24T08:36:56.579+0000] {logging_mixin.py:117} INFO - [2022-09-24T08:36:56.579+0000] {dagbag.py:525} INFO - Filling up the DagBag from /home/airflow/.local/lib/python3.7/site-packages/airflow/example_dags/tutorial_taskflow_api_virtualenv.py
[2022-09-24T08:36:56.596+0000] {processor.py:768} INFO - DAG(s) dict_keys(['tutorial_taskflow_api_virtualenv']) retrieved from /home/airflow/.local/lib/python3.7/site-packages/airflow/example_dags/tutorial_taskflow_api_virtualenv.py
[2022-09-24T08:36:56.635+0000] {logging_mixin.py:117} INFO - [2022-09-24T08:36:56.635+0000] {dag.py:2573} INFO - Sync 1 DAGs
[2022-09-24T08:36:56.652+0000] {logging_mixin.py:117} INFO - [2022-09-24T08:36:56.652+0000] {dag.py:3328} INFO - Setting next_dagrun for tutorial_taskflow_api_virtualenv to None, run_after=None
[2022-09-24T08:36:56.663+0000] {processor.py:178} INFO - Processing /home/airflow/.local/lib/python3.7/site-packages/airflow/example_dags/tutorial_taskflow_api_virtualenv.py took 0.090 seconds
[2022-09-24T08:37:26.956+0000] {processor.py:156} INFO - Started process (PID=34999) to work on /home/airflow/.local/lib/python3.7/site-packages/airflow/example_dags/tutorial_taskflow_api_virtualenv.py
[2022-09-24T08:37:26.959+0000] {processor.py:758} INFO - Processing file /home/airflow/.local/lib/python3.7/site-packages/airflow/example_dags/tutorial_taskflow_api_virtualenv.py for tasks to queue
[2022-09-24T08:37:26.960+0000] {logging_mixin.py:117} INFO - [2022-09-24T08:37:26.960+0000] {dagbag.py:525} INFO - Filling up the DagBag from /home/airflow/.local/lib/python3.7/site-packages/airflow/example_dags/tutorial_taskflow_api_virtualenv.py
[2022-09-24T08:37:26.975+0000] {processor.py:768} INFO - DAG(s) dict_keys(['tutorial_taskflow_api_virtualenv']) retrieved from /home/airflow/.local/lib/python3.7/site-packages/airflow/example_dags/tutorial_taskflow_api_virtualenv.py
[2022-09-24T08:37:27.001+0000] {logging_mixin.py:117} INFO - [2022-09-24T08:37:27.001+0000] {dag.py:2573} INFO - Sync 1 DAGs
[2022-09-24T08:37:27.016+0000] {logging_mixin.py:117} INFO - [2022-09-24T08:37:27.016+0000] {dag.py:3328} INFO - Setting next_dagrun for tutorial_taskflow_api_virtualenv to None, run_after=None
[2022-09-24T08:37:27.028+0000] {processor.py:178} INFO - Processing /home/airflow/.local/lib/python3.7/site-packages/airflow/example_dags/tutorial_taskflow_api_virtualenv.py took 0.074 seconds
[2022-09-24T08:37:57.386+0000] {processor.py:156} INFO - Started process (PID=35061) to work on /home/airflow/.local/lib/python3.7/site-packages/airflow/example_dags/tutorial_taskflow_api_virtualenv.py
[2022-09-24T08:37:57.388+0000] {processor.py:758} INFO - Processing file /home/airflow/.local/lib/python3.7/site-packages/airflow/example_dags/tutorial_taskflow_api_virtualenv.py for tasks to queue
[2022-09-24T08:37:57.389+0000] {logging_mixin.py:117} INFO - [2022-09-24T08:37:57.389+0000] {dagbag.py:525} INFO - Filling up the DagBag from /home/airflow/.local/lib/python3.7/site-packages/airflow/example_dags/tutorial_taskflow_api_virtualenv.py
[2022-09-24T08:37:57.405+0000] {processor.py:768} INFO - DAG(s) dict_keys(['tutorial_taskflow_api_virtualenv']) retrieved from /home/airflow/.local/lib/python3.7/site-packages/airflow/example_dags/tutorial_taskflow_api_virtualenv.py
[2022-09-24T08:37:57.431+0000] {logging_mixin.py:117} INFO - [2022-09-24T08:37:57.431+0000] {dag.py:2573} INFO - Sync 1 DAGs
[2022-09-24T08:37:57.446+0000] {logging_mixin.py:117} INFO - [2022-09-24T08:37:57.446+0000] {dag.py:3328} INFO - Setting next_dagrun for tutorial_taskflow_api_virtualenv to None, run_after=None
[2022-09-24T08:37:57.458+0000] {processor.py:178} INFO - Processing /home/airflow/.local/lib/python3.7/site-packages/airflow/example_dags/tutorial_taskflow_api_virtualenv.py took 0.073 seconds
[2022-09-24T08:38:27.647+0000] {processor.py:156} INFO - Started process (PID=35124) to work on /home/airflow/.local/lib/python3.7/site-packages/airflow/example_dags/tutorial_taskflow_api_virtualenv.py
[2022-09-24T08:38:27.649+0000] {processor.py:758} INFO - Processing file /home/airflow/.local/lib/python3.7/site-packages/airflow/example_dags/tutorial_taskflow_api_virtualenv.py for tasks to queue
[2022-09-24T08:38:27.651+0000] {logging_mixin.py:117} INFO - [2022-09-24T08:38:27.651+0000] {dagbag.py:525} INFO - Filling up the DagBag from /home/airflow/.local/lib/python3.7/site-packages/airflow/example_dags/tutorial_taskflow_api_virtualenv.py
[2022-09-24T08:38:27.669+0000] {processor.py:768} INFO - DAG(s) dict_keys(['tutorial_taskflow_api_virtualenv']) retrieved from /home/airflow/.local/lib/python3.7/site-packages/airflow/example_dags/tutorial_taskflow_api_virtualenv.py
[2022-09-24T08:38:27.707+0000] {logging_mixin.py:117} INFO - [2022-09-24T08:38:27.707+0000] {dag.py:2573} INFO - Sync 1 DAGs
[2022-09-24T08:38:27.726+0000] {logging_mixin.py:117} INFO - [2022-09-24T08:38:27.726+0000] {dag.py:3328} INFO - Setting next_dagrun for tutorial_taskflow_api_virtualenv to None, run_after=None
[2022-09-24T08:38:27.740+0000] {processor.py:178} INFO - Processing /home/airflow/.local/lib/python3.7/site-packages/airflow/example_dags/tutorial_taskflow_api_virtualenv.py took 0.096 seconds
[2022-09-24T08:38:57.869+0000] {processor.py:156} INFO - Started process (PID=35179) to work on /home/airflow/.local/lib/python3.7/site-packages/airflow/example_dags/tutorial_taskflow_api_virtualenv.py
[2022-09-24T08:38:57.870+0000] {processor.py:758} INFO - Processing file /home/airflow/.local/lib/python3.7/site-packages/airflow/example_dags/tutorial_taskflow_api_virtualenv.py for tasks to queue
[2022-09-24T08:38:57.872+0000] {logging_mixin.py:117} INFO - [2022-09-24T08:38:57.872+0000] {dagbag.py:525} INFO - Filling up the DagBag from /home/airflow/.local/lib/python3.7/site-packages/airflow/example_dags/tutorial_taskflow_api_virtualenv.py
[2022-09-24T08:38:57.888+0000] {processor.py:768} INFO - DAG(s) dict_keys(['tutorial_taskflow_api_virtualenv']) retrieved from /home/airflow/.local/lib/python3.7/site-packages/airflow/example_dags/tutorial_taskflow_api_virtualenv.py
[2022-09-24T08:38:57.920+0000] {logging_mixin.py:117} INFO - [2022-09-24T08:38:57.920+0000] {dag.py:2573} INFO - Sync 1 DAGs
[2022-09-24T08:38:57.955+0000] {logging_mixin.py:117} INFO - [2022-09-24T08:38:57.955+0000] {dag.py:3328} INFO - Setting next_dagrun for tutorial_taskflow_api_virtualenv to None, run_after=None
[2022-09-24T08:38:57.977+0000] {processor.py:178} INFO - Processing /home/airflow/.local/lib/python3.7/site-packages/airflow/example_dags/tutorial_taskflow_api_virtualenv.py took 0.110 seconds
[2022-09-24T08:39:28.166+0000] {processor.py:156} INFO - Started process (PID=35242) to work on /home/airflow/.local/lib/python3.7/site-packages/airflow/example_dags/tutorial_taskflow_api_virtualenv.py
[2022-09-24T08:39:28.168+0000] {processor.py:758} INFO - Processing file /home/airflow/.local/lib/python3.7/site-packages/airflow/example_dags/tutorial_taskflow_api_virtualenv.py for tasks to queue
[2022-09-24T08:39:28.169+0000] {logging_mixin.py:117} INFO - [2022-09-24T08:39:28.169+0000] {dagbag.py:525} INFO - Filling up the DagBag from /home/airflow/.local/lib/python3.7/site-packages/airflow/example_dags/tutorial_taskflow_api_virtualenv.py
[2022-09-24T08:39:28.183+0000] {processor.py:768} INFO - DAG(s) dict_keys(['tutorial_taskflow_api_virtualenv']) retrieved from /home/airflow/.local/lib/python3.7/site-packages/airflow/example_dags/tutorial_taskflow_api_virtualenv.py
[2022-09-24T08:39:28.215+0000] {logging_mixin.py:117} INFO - [2022-09-24T08:39:28.215+0000] {dag.py:2573} INFO - Sync 1 DAGs
[2022-09-24T08:39:28.230+0000] {logging_mixin.py:117} INFO - [2022-09-24T08:39:28.230+0000] {dag.py:3328} INFO - Setting next_dagrun for tutorial_taskflow_api_virtualenv to None, run_after=None
[2022-09-24T08:39:28.242+0000] {processor.py:178} INFO - Processing /home/airflow/.local/lib/python3.7/site-packages/airflow/example_dags/tutorial_taskflow_api_virtualenv.py took 0.078 seconds
[2022-09-24T08:39:58.847+0000] {processor.py:156} INFO - Started process (PID=35305) to work on /home/airflow/.local/lib/python3.7/site-packages/airflow/example_dags/tutorial_taskflow_api_virtualenv.py
[2022-09-24T08:39:58.849+0000] {processor.py:758} INFO - Processing file /home/airflow/.local/lib/python3.7/site-packages/airflow/example_dags/tutorial_taskflow_api_virtualenv.py for tasks to queue
[2022-09-24T08:39:58.850+0000] {logging_mixin.py:117} INFO - [2022-09-24T08:39:58.850+0000] {dagbag.py:525} INFO - Filling up the DagBag from /home/airflow/.local/lib/python3.7/site-packages/airflow/example_dags/tutorial_taskflow_api_virtualenv.py
[2022-09-24T08:39:58.866+0000] {processor.py:768} INFO - DAG(s) dict_keys(['tutorial_taskflow_api_virtualenv']) retrieved from /home/airflow/.local/lib/python3.7/site-packages/airflow/example_dags/tutorial_taskflow_api_virtualenv.py
[2022-09-24T08:39:58.892+0000] {logging_mixin.py:117} INFO - [2022-09-24T08:39:58.892+0000] {dag.py:2573} INFO - Sync 1 DAGs
[2022-09-24T08:39:58.907+0000] {logging_mixin.py:117} INFO - [2022-09-24T08:39:58.907+0000] {dag.py:3328} INFO - Setting next_dagrun for tutorial_taskflow_api_virtualenv to None, run_after=None
[2022-09-24T08:39:58.919+0000] {processor.py:178} INFO - Processing /home/airflow/.local/lib/python3.7/site-packages/airflow/example_dags/tutorial_taskflow_api_virtualenv.py took 0.074 seconds
[2022-09-24T09:07:12.210+0000] {processor.py:156} INFO - Started process (PID=35360) to work on /home/airflow/.local/lib/python3.7/site-packages/airflow/example_dags/tutorial_taskflow_api_virtualenv.py
[2022-09-24T09:07:12.213+0000] {processor.py:758} INFO - Processing file /home/airflow/.local/lib/python3.7/site-packages/airflow/example_dags/tutorial_taskflow_api_virtualenv.py for tasks to queue
[2022-09-24T09:07:12.215+0000] {logging_mixin.py:117} INFO - [2022-09-24T09:07:12.215+0000] {dagbag.py:525} INFO - Filling up the DagBag from /home/airflow/.local/lib/python3.7/site-packages/airflow/example_dags/tutorial_taskflow_api_virtualenv.py
[2022-09-24T09:07:12.247+0000] {processor.py:768} INFO - DAG(s) dict_keys(['tutorial_taskflow_api_virtualenv']) retrieved from /home/airflow/.local/lib/python3.7/site-packages/airflow/example_dags/tutorial_taskflow_api_virtualenv.py
[2022-09-24T09:07:12.297+0000] {logging_mixin.py:117} INFO - [2022-09-24T09:07:12.297+0000] {dag.py:2573} INFO - Sync 1 DAGs
[2022-09-24T09:07:12.334+0000] {logging_mixin.py:117} INFO - [2022-09-24T09:07:12.334+0000] {dag.py:3328} INFO - Setting next_dagrun for tutorial_taskflow_api_virtualenv to None, run_after=None
[2022-09-24T09:07:12.368+0000] {processor.py:178} INFO - Processing /home/airflow/.local/lib/python3.7/site-packages/airflow/example_dags/tutorial_taskflow_api_virtualenv.py took 0.161 seconds
