[2022-09-24T01:04:07.479+0000] {processor.py:156} INFO - Started process (PID=32078) to work on /home/airflow/.local/lib/python3.7/site-packages/airflow/example_dags/tutorial_dag.py
[2022-09-24T01:04:07.482+0000] {processor.py:758} INFO - Processing file /home/airflow/.local/lib/python3.7/site-packages/airflow/example_dags/tutorial_dag.py for tasks to queue
[2022-09-24T01:04:07.486+0000] {logging_mixin.py:117} INFO - [2022-09-24T01:04:07.485+0000] {dagbag.py:525} INFO - Filling up the DagBag from /home/airflow/.local/lib/python3.7/site-packages/airflow/example_dags/tutorial_dag.py
[2022-09-24T01:04:07.511+0000] {processor.py:768} INFO - DAG(s) dict_keys(['tutorial_dag']) retrieved from /home/airflow/.local/lib/python3.7/site-packages/airflow/example_dags/tutorial_dag.py
[2022-09-24T01:04:07.594+0000] {logging_mixin.py:117} INFO - [2022-09-24T01:04:07.593+0000] {dag.py:2573} INFO - Sync 1 DAGs
[2022-09-24T01:04:07.628+0000] {logging_mixin.py:117} INFO - [2022-09-24T01:04:07.628+0000] {dag.py:3328} INFO - Setting next_dagrun for tutorial_dag to None, run_after=None
[2022-09-24T01:04:07.653+0000] {processor.py:178} INFO - Processing /home/airflow/.local/lib/python3.7/site-packages/airflow/example_dags/tutorial_dag.py took 0.178 seconds
[2022-09-24T02:26:58.721+0000] {processor.py:156} INFO - Started process (PID=32141) to work on /home/airflow/.local/lib/python3.7/site-packages/airflow/example_dags/tutorial_dag.py
[2022-09-24T02:26:58.723+0000] {processor.py:758} INFO - Processing file /home/airflow/.local/lib/python3.7/site-packages/airflow/example_dags/tutorial_dag.py for tasks to queue
[2022-09-24T02:26:58.724+0000] {logging_mixin.py:117} INFO - [2022-09-24T02:26:58.724+0000] {dagbag.py:525} INFO - Filling up the DagBag from /home/airflow/.local/lib/python3.7/site-packages/airflow/example_dags/tutorial_dag.py
[2022-09-24T02:26:58.735+0000] {processor.py:768} INFO - DAG(s) dict_keys(['tutorial_dag']) retrieved from /home/airflow/.local/lib/python3.7/site-packages/airflow/example_dags/tutorial_dag.py
[2022-09-24T02:26:58.764+0000] {logging_mixin.py:117} INFO - [2022-09-24T02:26:58.764+0000] {dag.py:2573} INFO - Sync 1 DAGs
[2022-09-24T02:26:58.779+0000] {logging_mixin.py:117} INFO - [2022-09-24T02:26:58.779+0000] {dag.py:3328} INFO - Setting next_dagrun for tutorial_dag to None, run_after=None
[2022-09-24T02:26:58.792+0000] {processor.py:178} INFO - Processing /home/airflow/.local/lib/python3.7/site-packages/airflow/example_dags/tutorial_dag.py took 0.073 seconds
[2022-09-24T03:23:58.340+0000] {processor.py:156} INFO - Started process (PID=32204) to work on /home/airflow/.local/lib/python3.7/site-packages/airflow/example_dags/tutorial_dag.py
[2022-09-24T03:23:58.343+0000] {processor.py:758} INFO - Processing file /home/airflow/.local/lib/python3.7/site-packages/airflow/example_dags/tutorial_dag.py for tasks to queue
[2022-09-24T03:23:58.345+0000] {logging_mixin.py:117} INFO - [2022-09-24T03:23:58.345+0000] {dagbag.py:525} INFO - Filling up the DagBag from /home/airflow/.local/lib/python3.7/site-packages/airflow/example_dags/tutorial_dag.py
[2022-09-24T03:23:58.360+0000] {processor.py:768} INFO - DAG(s) dict_keys(['tutorial_dag']) retrieved from /home/airflow/.local/lib/python3.7/site-packages/airflow/example_dags/tutorial_dag.py
[2022-09-24T03:23:58.406+0000] {logging_mixin.py:117} INFO - [2022-09-24T03:23:58.406+0000] {dag.py:2573} INFO - Sync 1 DAGs
[2022-09-24T03:23:58.425+0000] {logging_mixin.py:117} INFO - [2022-09-24T03:23:58.425+0000] {dag.py:3328} INFO - Setting next_dagrun for tutorial_dag to None, run_after=None
[2022-09-24T03:23:58.441+0000] {processor.py:178} INFO - Processing /home/airflow/.local/lib/python3.7/site-packages/airflow/example_dags/tutorial_dag.py took 0.104 seconds
[2022-09-24T04:29:24.517+0000] {processor.py:156} INFO - Started process (PID=32269) to work on /home/airflow/.local/lib/python3.7/site-packages/airflow/example_dags/tutorial_dag.py
[2022-09-24T04:29:24.519+0000] {processor.py:758} INFO - Processing file /home/airflow/.local/lib/python3.7/site-packages/airflow/example_dags/tutorial_dag.py for tasks to queue
[2022-09-24T04:29:24.522+0000] {logging_mixin.py:117} INFO - [2022-09-24T04:29:24.522+0000] {dagbag.py:525} INFO - Filling up the DagBag from /home/airflow/.local/lib/python3.7/site-packages/airflow/example_dags/tutorial_dag.py
[2022-09-24T04:29:24.539+0000] {processor.py:768} INFO - DAG(s) dict_keys(['tutorial_dag']) retrieved from /home/airflow/.local/lib/python3.7/site-packages/airflow/example_dags/tutorial_dag.py
[2022-09-24T04:29:24.587+0000] {logging_mixin.py:117} INFO - [2022-09-24T04:29:24.587+0000] {dag.py:2573} INFO - Sync 1 DAGs
[2022-09-24T04:29:24.609+0000] {logging_mixin.py:117} INFO - [2022-09-24T04:29:24.609+0000] {dag.py:3328} INFO - Setting next_dagrun for tutorial_dag to None, run_after=None
[2022-09-24T04:29:24.625+0000] {processor.py:178} INFO - Processing /home/airflow/.local/lib/python3.7/site-packages/airflow/example_dags/tutorial_dag.py took 0.111 seconds
[2022-09-24T05:38:04.844+0000] {processor.py:156} INFO - Started process (PID=32323) to work on /home/airflow/.local/lib/python3.7/site-packages/airflow/example_dags/tutorial_dag.py
[2022-09-24T05:38:04.897+0000] {processor.py:758} INFO - Processing file /home/airflow/.local/lib/python3.7/site-packages/airflow/example_dags/tutorial_dag.py for tasks to queue
[2022-09-24T05:38:04.900+0000] {logging_mixin.py:117} INFO - [2022-09-24T05:38:04.900+0000] {dagbag.py:525} INFO - Filling up the DagBag from /home/airflow/.local/lib/python3.7/site-packages/airflow/example_dags/tutorial_dag.py
[2022-09-24T05:38:04.915+0000] {processor.py:768} INFO - DAG(s) dict_keys(['tutorial_dag']) retrieved from /home/airflow/.local/lib/python3.7/site-packages/airflow/example_dags/tutorial_dag.py
[2022-09-24T05:38:04.953+0000] {logging_mixin.py:117} INFO - [2022-09-24T05:38:04.953+0000] {dag.py:2573} INFO - Sync 1 DAGs
[2022-09-24T05:38:04.989+0000] {logging_mixin.py:117} INFO - [2022-09-24T05:38:04.989+0000] {dag.py:3328} INFO - Setting next_dagrun for tutorial_dag to None, run_after=None
[2022-09-24T05:38:05.026+0000] {processor.py:178} INFO - Processing /home/airflow/.local/lib/python3.7/site-packages/airflow/example_dags/tutorial_dag.py took 0.192 seconds
[2022-09-24T06:55:19.445+0000] {processor.py:156} INFO - Started process (PID=32386) to work on /home/airflow/.local/lib/python3.7/site-packages/airflow/example_dags/tutorial_dag.py
[2022-09-24T06:55:19.448+0000] {processor.py:758} INFO - Processing file /home/airflow/.local/lib/python3.7/site-packages/airflow/example_dags/tutorial_dag.py for tasks to queue
[2022-09-24T06:55:19.453+0000] {logging_mixin.py:117} INFO - [2022-09-24T06:55:19.453+0000] {dagbag.py:525} INFO - Filling up the DagBag from /home/airflow/.local/lib/python3.7/site-packages/airflow/example_dags/tutorial_dag.py
[2022-09-24T06:55:19.501+0000] {processor.py:768} INFO - DAG(s) dict_keys(['tutorial_dag']) retrieved from /home/airflow/.local/lib/python3.7/site-packages/airflow/example_dags/tutorial_dag.py
[2022-09-24T06:55:19.574+0000] {logging_mixin.py:117} INFO - [2022-09-24T06:55:19.574+0000] {dag.py:2573} INFO - Sync 1 DAGs
[2022-09-24T06:55:19.603+0000] {logging_mixin.py:117} INFO - [2022-09-24T06:55:19.603+0000] {dag.py:3328} INFO - Setting next_dagrun for tutorial_dag to None, run_after=None
[2022-09-24T06:55:19.639+0000] {processor.py:178} INFO - Processing /home/airflow/.local/lib/python3.7/site-packages/airflow/example_dags/tutorial_dag.py took 0.198 seconds
[2022-09-24T07:36:22.439+0000] {processor.py:156} INFO - Started process (PID=32449) to work on /home/airflow/.local/lib/python3.7/site-packages/airflow/example_dags/tutorial_dag.py
[2022-09-24T07:36:22.442+0000] {processor.py:758} INFO - Processing file /home/airflow/.local/lib/python3.7/site-packages/airflow/example_dags/tutorial_dag.py for tasks to queue
[2022-09-24T07:36:22.444+0000] {logging_mixin.py:117} INFO - [2022-09-24T07:36:22.444+0000] {dagbag.py:525} INFO - Filling up the DagBag from /home/airflow/.local/lib/python3.7/site-packages/airflow/example_dags/tutorial_dag.py
[2022-09-24T07:36:22.468+0000] {processor.py:768} INFO - DAG(s) dict_keys(['tutorial_dag']) retrieved from /home/airflow/.local/lib/python3.7/site-packages/airflow/example_dags/tutorial_dag.py
[2022-09-24T07:36:22.515+0000] {logging_mixin.py:117} INFO - [2022-09-24T07:36:22.514+0000] {dag.py:2573} INFO - Sync 1 DAGs
[2022-09-24T07:36:22.559+0000] {logging_mixin.py:117} INFO - [2022-09-24T07:36:22.558+0000] {dag.py:3328} INFO - Setting next_dagrun for tutorial_dag to None, run_after=None
[2022-09-24T07:36:22.581+0000] {processor.py:178} INFO - Processing /home/airflow/.local/lib/python3.7/site-packages/airflow/example_dags/tutorial_dag.py took 0.144 seconds
[2022-09-24T07:39:15.903+0000] {processor.py:156} INFO - Started process (PID=32512) to work on /home/airflow/.local/lib/python3.7/site-packages/airflow/example_dags/tutorial_dag.py
[2022-09-24T07:39:15.905+0000] {processor.py:758} INFO - Processing file /home/airflow/.local/lib/python3.7/site-packages/airflow/example_dags/tutorial_dag.py for tasks to queue
[2022-09-24T07:39:15.907+0000] {logging_mixin.py:117} INFO - [2022-09-24T07:39:15.906+0000] {dagbag.py:525} INFO - Filling up the DagBag from /home/airflow/.local/lib/python3.7/site-packages/airflow/example_dags/tutorial_dag.py
[2022-09-24T07:39:15.925+0000] {processor.py:768} INFO - DAG(s) dict_keys(['tutorial_dag']) retrieved from /home/airflow/.local/lib/python3.7/site-packages/airflow/example_dags/tutorial_dag.py
[2022-09-24T07:39:15.987+0000] {logging_mixin.py:117} INFO - [2022-09-24T07:39:15.987+0000] {dag.py:2573} INFO - Sync 1 DAGs
[2022-09-24T07:39:16.016+0000] {logging_mixin.py:117} INFO - [2022-09-24T07:39:16.016+0000] {dag.py:3328} INFO - Setting next_dagrun for tutorial_dag to None, run_after=None
[2022-09-24T07:39:16.041+0000] {processor.py:178} INFO - Processing /home/airflow/.local/lib/python3.7/site-packages/airflow/example_dags/tutorial_dag.py took 0.142 seconds
[2022-09-24T07:39:46.228+0000] {processor.py:156} INFO - Started process (PID=32575) to work on /home/airflow/.local/lib/python3.7/site-packages/airflow/example_dags/tutorial_dag.py
[2022-09-24T07:39:46.229+0000] {processor.py:758} INFO - Processing file /home/airflow/.local/lib/python3.7/site-packages/airflow/example_dags/tutorial_dag.py for tasks to queue
[2022-09-24T07:39:46.230+0000] {logging_mixin.py:117} INFO - [2022-09-24T07:39:46.230+0000] {dagbag.py:525} INFO - Filling up the DagBag from /home/airflow/.local/lib/python3.7/site-packages/airflow/example_dags/tutorial_dag.py
[2022-09-24T07:39:46.240+0000] {processor.py:768} INFO - DAG(s) dict_keys(['tutorial_dag']) retrieved from /home/airflow/.local/lib/python3.7/site-packages/airflow/example_dags/tutorial_dag.py
[2022-09-24T07:39:46.269+0000] {logging_mixin.py:117} INFO - [2022-09-24T07:39:46.269+0000] {dag.py:2573} INFO - Sync 1 DAGs
[2022-09-24T07:39:46.284+0000] {logging_mixin.py:117} INFO - [2022-09-24T07:39:46.284+0000] {dag.py:3328} INFO - Setting next_dagrun for tutorial_dag to None, run_after=None
[2022-09-24T07:39:46.297+0000] {processor.py:178} INFO - Processing /home/airflow/.local/lib/python3.7/site-packages/airflow/example_dags/tutorial_dag.py took 0.072 seconds
[2022-09-24T07:40:16.435+0000] {processor.py:156} INFO - Started process (PID=32630) to work on /home/airflow/.local/lib/python3.7/site-packages/airflow/example_dags/tutorial_dag.py
[2022-09-24T07:40:16.437+0000] {processor.py:758} INFO - Processing file /home/airflow/.local/lib/python3.7/site-packages/airflow/example_dags/tutorial_dag.py for tasks to queue
[2022-09-24T07:40:16.438+0000] {logging_mixin.py:117} INFO - [2022-09-24T07:40:16.438+0000] {dagbag.py:525} INFO - Filling up the DagBag from /home/airflow/.local/lib/python3.7/site-packages/airflow/example_dags/tutorial_dag.py
[2022-09-24T07:40:16.447+0000] {processor.py:768} INFO - DAG(s) dict_keys(['tutorial_dag']) retrieved from /home/airflow/.local/lib/python3.7/site-packages/airflow/example_dags/tutorial_dag.py
[2022-09-24T07:40:16.475+0000] {logging_mixin.py:117} INFO - [2022-09-24T07:40:16.474+0000] {dag.py:2573} INFO - Sync 1 DAGs
[2022-09-24T07:40:16.490+0000] {logging_mixin.py:117} INFO - [2022-09-24T07:40:16.490+0000] {dag.py:3328} INFO - Setting next_dagrun for tutorial_dag to None, run_after=None
[2022-09-24T07:40:16.505+0000] {processor.py:178} INFO - Processing /home/airflow/.local/lib/python3.7/site-packages/airflow/example_dags/tutorial_dag.py took 0.073 seconds
[2022-09-24T07:40:46.752+0000] {processor.py:156} INFO - Started process (PID=32694) to work on /home/airflow/.local/lib/python3.7/site-packages/airflow/example_dags/tutorial_dag.py
[2022-09-24T07:40:46.754+0000] {processor.py:758} INFO - Processing file /home/airflow/.local/lib/python3.7/site-packages/airflow/example_dags/tutorial_dag.py for tasks to queue
[2022-09-24T07:40:46.755+0000] {logging_mixin.py:117} INFO - [2022-09-24T07:40:46.755+0000] {dagbag.py:525} INFO - Filling up the DagBag from /home/airflow/.local/lib/python3.7/site-packages/airflow/example_dags/tutorial_dag.py
[2022-09-24T07:40:46.765+0000] {processor.py:768} INFO - DAG(s) dict_keys(['tutorial_dag']) retrieved from /home/airflow/.local/lib/python3.7/site-packages/airflow/example_dags/tutorial_dag.py
[2022-09-24T07:40:46.795+0000] {logging_mixin.py:117} INFO - [2022-09-24T07:40:46.795+0000] {dag.py:2573} INFO - Sync 1 DAGs
[2022-09-24T07:40:46.811+0000] {logging_mixin.py:117} INFO - [2022-09-24T07:40:46.811+0000] {dag.py:3328} INFO - Setting next_dagrun for tutorial_dag to None, run_after=None
[2022-09-24T07:40:46.825+0000] {processor.py:178} INFO - Processing /home/airflow/.local/lib/python3.7/site-packages/airflow/example_dags/tutorial_dag.py took 0.076 seconds
[2022-09-24T07:41:17.362+0000] {processor.py:156} INFO - Started process (PID=32757) to work on /home/airflow/.local/lib/python3.7/site-packages/airflow/example_dags/tutorial_dag.py
[2022-09-24T07:41:17.364+0000] {processor.py:758} INFO - Processing file /home/airflow/.local/lib/python3.7/site-packages/airflow/example_dags/tutorial_dag.py for tasks to queue
[2022-09-24T07:41:17.365+0000] {logging_mixin.py:117} INFO - [2022-09-24T07:41:17.365+0000] {dagbag.py:525} INFO - Filling up the DagBag from /home/airflow/.local/lib/python3.7/site-packages/airflow/example_dags/tutorial_dag.py
[2022-09-24T07:41:17.377+0000] {processor.py:768} INFO - DAG(s) dict_keys(['tutorial_dag']) retrieved from /home/airflow/.local/lib/python3.7/site-packages/airflow/example_dags/tutorial_dag.py
[2022-09-24T07:41:17.410+0000] {logging_mixin.py:117} INFO - [2022-09-24T07:41:17.410+0000] {dag.py:2573} INFO - Sync 1 DAGs
[2022-09-24T07:41:17.427+0000] {logging_mixin.py:117} INFO - [2022-09-24T07:41:17.427+0000] {dag.py:3328} INFO - Setting next_dagrun for tutorial_dag to None, run_after=None
[2022-09-24T07:41:17.439+0000] {processor.py:178} INFO - Processing /home/airflow/.local/lib/python3.7/site-packages/airflow/example_dags/tutorial_dag.py took 0.081 seconds
[2022-09-24T07:41:47.790+0000] {processor.py:156} INFO - Started process (PID=32820) to work on /home/airflow/.local/lib/python3.7/site-packages/airflow/example_dags/tutorial_dag.py
[2022-09-24T07:41:47.791+0000] {processor.py:758} INFO - Processing file /home/airflow/.local/lib/python3.7/site-packages/airflow/example_dags/tutorial_dag.py for tasks to queue
[2022-09-24T07:41:47.793+0000] {logging_mixin.py:117} INFO - [2022-09-24T07:41:47.793+0000] {dagbag.py:525} INFO - Filling up the DagBag from /home/airflow/.local/lib/python3.7/site-packages/airflow/example_dags/tutorial_dag.py
[2022-09-24T07:41:47.803+0000] {processor.py:768} INFO - DAG(s) dict_keys(['tutorial_dag']) retrieved from /home/airflow/.local/lib/python3.7/site-packages/airflow/example_dags/tutorial_dag.py
[2022-09-24T07:41:47.831+0000] {logging_mixin.py:117} INFO - [2022-09-24T07:41:47.831+0000] {dag.py:2573} INFO - Sync 1 DAGs
[2022-09-24T07:41:47.847+0000] {logging_mixin.py:117} INFO - [2022-09-24T07:41:47.847+0000] {dag.py:3328} INFO - Setting next_dagrun for tutorial_dag to None, run_after=None
[2022-09-24T07:41:47.860+0000] {processor.py:178} INFO - Processing /home/airflow/.local/lib/python3.7/site-packages/airflow/example_dags/tutorial_dag.py took 0.072 seconds
[2022-09-24T07:42:17.988+0000] {processor.py:156} INFO - Started process (PID=32883) to work on /home/airflow/.local/lib/python3.7/site-packages/airflow/example_dags/tutorial_dag.py
[2022-09-24T07:42:17.991+0000] {processor.py:758} INFO - Processing file /home/airflow/.local/lib/python3.7/site-packages/airflow/example_dags/tutorial_dag.py for tasks to queue
[2022-09-24T07:42:17.992+0000] {logging_mixin.py:117} INFO - [2022-09-24T07:42:17.992+0000] {dagbag.py:525} INFO - Filling up the DagBag from /home/airflow/.local/lib/python3.7/site-packages/airflow/example_dags/tutorial_dag.py
[2022-09-24T07:42:18.003+0000] {processor.py:768} INFO - DAG(s) dict_keys(['tutorial_dag']) retrieved from /home/airflow/.local/lib/python3.7/site-packages/airflow/example_dags/tutorial_dag.py
[2022-09-24T07:42:18.033+0000] {logging_mixin.py:117} INFO - [2022-09-24T07:42:18.033+0000] {dag.py:2573} INFO - Sync 1 DAGs
[2022-09-24T07:42:18.050+0000] {logging_mixin.py:117} INFO - [2022-09-24T07:42:18.050+0000] {dag.py:3328} INFO - Setting next_dagrun for tutorial_dag to None, run_after=None
[2022-09-24T07:42:18.062+0000] {processor.py:178} INFO - Processing /home/airflow/.local/lib/python3.7/site-packages/airflow/example_dags/tutorial_dag.py took 0.076 seconds
[2022-09-24T07:42:48.265+0000] {processor.py:156} INFO - Started process (PID=32946) to work on /home/airflow/.local/lib/python3.7/site-packages/airflow/example_dags/tutorial_dag.py
[2022-09-24T07:42:48.266+0000] {processor.py:758} INFO - Processing file /home/airflow/.local/lib/python3.7/site-packages/airflow/example_dags/tutorial_dag.py for tasks to queue
[2022-09-24T07:42:48.267+0000] {logging_mixin.py:117} INFO - [2022-09-24T07:42:48.267+0000] {dagbag.py:525} INFO - Filling up the DagBag from /home/airflow/.local/lib/python3.7/site-packages/airflow/example_dags/tutorial_dag.py
[2022-09-24T07:42:48.278+0000] {processor.py:768} INFO - DAG(s) dict_keys(['tutorial_dag']) retrieved from /home/airflow/.local/lib/python3.7/site-packages/airflow/example_dags/tutorial_dag.py
[2022-09-24T07:42:48.304+0000] {logging_mixin.py:117} INFO - [2022-09-24T07:42:48.304+0000] {dag.py:2573} INFO - Sync 1 DAGs
[2022-09-24T07:42:48.319+0000] {logging_mixin.py:117} INFO - [2022-09-24T07:42:48.319+0000] {dag.py:3328} INFO - Setting next_dagrun for tutorial_dag to None, run_after=None
[2022-09-24T07:42:48.332+0000] {processor.py:178} INFO - Processing /home/airflow/.local/lib/python3.7/site-packages/airflow/example_dags/tutorial_dag.py took 0.069 seconds
[2022-09-24T07:43:18.481+0000] {processor.py:156} INFO - Started process (PID=33000) to work on /home/airflow/.local/lib/python3.7/site-packages/airflow/example_dags/tutorial_dag.py
[2022-09-24T07:43:18.483+0000] {processor.py:758} INFO - Processing file /home/airflow/.local/lib/python3.7/site-packages/airflow/example_dags/tutorial_dag.py for tasks to queue
[2022-09-24T07:43:18.484+0000] {logging_mixin.py:117} INFO - [2022-09-24T07:43:18.484+0000] {dagbag.py:525} INFO - Filling up the DagBag from /home/airflow/.local/lib/python3.7/site-packages/airflow/example_dags/tutorial_dag.py
[2022-09-24T07:43:18.494+0000] {processor.py:768} INFO - DAG(s) dict_keys(['tutorial_dag']) retrieved from /home/airflow/.local/lib/python3.7/site-packages/airflow/example_dags/tutorial_dag.py
[2022-09-24T07:43:18.522+0000] {logging_mixin.py:117} INFO - [2022-09-24T07:43:18.522+0000] {dag.py:2573} INFO - Sync 1 DAGs
[2022-09-24T07:43:18.538+0000] {logging_mixin.py:117} INFO - [2022-09-24T07:43:18.538+0000] {dag.py:3328} INFO - Setting next_dagrun for tutorial_dag to None, run_after=None
[2022-09-24T07:43:18.550+0000] {processor.py:178} INFO - Processing /home/airflow/.local/lib/python3.7/site-packages/airflow/example_dags/tutorial_dag.py took 0.072 seconds
[2022-09-24T07:43:48.774+0000] {processor.py:156} INFO - Started process (PID=33063) to work on /home/airflow/.local/lib/python3.7/site-packages/airflow/example_dags/tutorial_dag.py
[2022-09-24T07:43:48.776+0000] {processor.py:758} INFO - Processing file /home/airflow/.local/lib/python3.7/site-packages/airflow/example_dags/tutorial_dag.py for tasks to queue
[2022-09-24T07:43:48.777+0000] {logging_mixin.py:117} INFO - [2022-09-24T07:43:48.777+0000] {dagbag.py:525} INFO - Filling up the DagBag from /home/airflow/.local/lib/python3.7/site-packages/airflow/example_dags/tutorial_dag.py
[2022-09-24T07:43:48.788+0000] {processor.py:768} INFO - DAG(s) dict_keys(['tutorial_dag']) retrieved from /home/airflow/.local/lib/python3.7/site-packages/airflow/example_dags/tutorial_dag.py
[2022-09-24T07:43:48.816+0000] {logging_mixin.py:117} INFO - [2022-09-24T07:43:48.816+0000] {dag.py:2573} INFO - Sync 1 DAGs
[2022-09-24T07:43:48.830+0000] {logging_mixin.py:117} INFO - [2022-09-24T07:43:48.830+0000] {dag.py:3328} INFO - Setting next_dagrun for tutorial_dag to None, run_after=None
[2022-09-24T07:43:48.843+0000] {processor.py:178} INFO - Processing /home/airflow/.local/lib/python3.7/site-packages/airflow/example_dags/tutorial_dag.py took 0.071 seconds
[2022-09-24T07:44:19.007+0000] {processor.py:156} INFO - Started process (PID=33125) to work on /home/airflow/.local/lib/python3.7/site-packages/airflow/example_dags/tutorial_dag.py
[2022-09-24T07:44:19.009+0000] {processor.py:758} INFO - Processing file /home/airflow/.local/lib/python3.7/site-packages/airflow/example_dags/tutorial_dag.py for tasks to queue
[2022-09-24T07:44:19.010+0000] {logging_mixin.py:117} INFO - [2022-09-24T07:44:19.010+0000] {dagbag.py:525} INFO - Filling up the DagBag from /home/airflow/.local/lib/python3.7/site-packages/airflow/example_dags/tutorial_dag.py
[2022-09-24T07:44:19.021+0000] {processor.py:768} INFO - DAG(s) dict_keys(['tutorial_dag']) retrieved from /home/airflow/.local/lib/python3.7/site-packages/airflow/example_dags/tutorial_dag.py
[2022-09-24T07:44:19.054+0000] {logging_mixin.py:117} INFO - [2022-09-24T07:44:19.054+0000] {dag.py:2573} INFO - Sync 1 DAGs
[2022-09-24T07:44:19.069+0000] {logging_mixin.py:117} INFO - [2022-09-24T07:44:19.068+0000] {dag.py:3328} INFO - Setting next_dagrun for tutorial_dag to None, run_after=None
[2022-09-24T07:44:19.081+0000] {processor.py:178} INFO - Processing /home/airflow/.local/lib/python3.7/site-packages/airflow/example_dags/tutorial_dag.py took 0.076 seconds
[2022-09-24T07:44:49.255+0000] {processor.py:156} INFO - Started process (PID=33189) to work on /home/airflow/.local/lib/python3.7/site-packages/airflow/example_dags/tutorial_dag.py
[2022-09-24T07:44:49.257+0000] {processor.py:758} INFO - Processing file /home/airflow/.local/lib/python3.7/site-packages/airflow/example_dags/tutorial_dag.py for tasks to queue
[2022-09-24T07:44:49.258+0000] {logging_mixin.py:117} INFO - [2022-09-24T07:44:49.258+0000] {dagbag.py:525} INFO - Filling up the DagBag from /home/airflow/.local/lib/python3.7/site-packages/airflow/example_dags/tutorial_dag.py
[2022-09-24T07:44:49.267+0000] {processor.py:768} INFO - DAG(s) dict_keys(['tutorial_dag']) retrieved from /home/airflow/.local/lib/python3.7/site-packages/airflow/example_dags/tutorial_dag.py
[2022-09-24T07:44:49.292+0000] {logging_mixin.py:117} INFO - [2022-09-24T07:44:49.292+0000] {dag.py:2573} INFO - Sync 1 DAGs
[2022-09-24T07:44:49.308+0000] {logging_mixin.py:117} INFO - [2022-09-24T07:44:49.307+0000] {dag.py:3328} INFO - Setting next_dagrun for tutorial_dag to None, run_after=None
[2022-09-24T07:44:49.323+0000] {processor.py:178} INFO - Processing /home/airflow/.local/lib/python3.7/site-packages/airflow/example_dags/tutorial_dag.py took 0.070 seconds
[2022-09-24T07:45:19.567+0000] {processor.py:156} INFO - Started process (PID=33253) to work on /home/airflow/.local/lib/python3.7/site-packages/airflow/example_dags/tutorial_dag.py
[2022-09-24T07:45:19.569+0000] {processor.py:758} INFO - Processing file /home/airflow/.local/lib/python3.7/site-packages/airflow/example_dags/tutorial_dag.py for tasks to queue
[2022-09-24T07:45:19.570+0000] {logging_mixin.py:117} INFO - [2022-09-24T07:45:19.570+0000] {dagbag.py:525} INFO - Filling up the DagBag from /home/airflow/.local/lib/python3.7/site-packages/airflow/example_dags/tutorial_dag.py
[2022-09-24T07:45:19.580+0000] {processor.py:768} INFO - DAG(s) dict_keys(['tutorial_dag']) retrieved from /home/airflow/.local/lib/python3.7/site-packages/airflow/example_dags/tutorial_dag.py
[2022-09-24T07:45:19.608+0000] {logging_mixin.py:117} INFO - [2022-09-24T07:45:19.608+0000] {dag.py:2573} INFO - Sync 1 DAGs
[2022-09-24T07:45:19.626+0000] {logging_mixin.py:117} INFO - [2022-09-24T07:45:19.626+0000] {dag.py:3328} INFO - Setting next_dagrun for tutorial_dag to None, run_after=None
[2022-09-24T07:45:19.639+0000] {processor.py:178} INFO - Processing /home/airflow/.local/lib/python3.7/site-packages/airflow/example_dags/tutorial_dag.py took 0.074 seconds
[2022-09-24T07:45:49.902+0000] {processor.py:156} INFO - Started process (PID=33316) to work on /home/airflow/.local/lib/python3.7/site-packages/airflow/example_dags/tutorial_dag.py
[2022-09-24T07:45:49.904+0000] {processor.py:758} INFO - Processing file /home/airflow/.local/lib/python3.7/site-packages/airflow/example_dags/tutorial_dag.py for tasks to queue
[2022-09-24T07:45:49.905+0000] {logging_mixin.py:117} INFO - [2022-09-24T07:45:49.905+0000] {dagbag.py:525} INFO - Filling up the DagBag from /home/airflow/.local/lib/python3.7/site-packages/airflow/example_dags/tutorial_dag.py
[2022-09-24T07:45:49.916+0000] {processor.py:768} INFO - DAG(s) dict_keys(['tutorial_dag']) retrieved from /home/airflow/.local/lib/python3.7/site-packages/airflow/example_dags/tutorial_dag.py
[2022-09-24T07:45:49.944+0000] {logging_mixin.py:117} INFO - [2022-09-24T07:45:49.944+0000] {dag.py:2573} INFO - Sync 1 DAGs
[2022-09-24T07:45:49.961+0000] {logging_mixin.py:117} INFO - [2022-09-24T07:45:49.961+0000] {dag.py:3328} INFO - Setting next_dagrun for tutorial_dag to None, run_after=None
[2022-09-24T07:45:49.975+0000] {processor.py:178} INFO - Processing /home/airflow/.local/lib/python3.7/site-packages/airflow/example_dags/tutorial_dag.py took 0.075 seconds
[2022-09-24T07:46:20.216+0000] {processor.py:156} INFO - Started process (PID=33370) to work on /home/airflow/.local/lib/python3.7/site-packages/airflow/example_dags/tutorial_dag.py
[2022-09-24T07:46:20.217+0000] {processor.py:758} INFO - Processing file /home/airflow/.local/lib/python3.7/site-packages/airflow/example_dags/tutorial_dag.py for tasks to queue
[2022-09-24T07:46:20.218+0000] {logging_mixin.py:117} INFO - [2022-09-24T07:46:20.218+0000] {dagbag.py:525} INFO - Filling up the DagBag from /home/airflow/.local/lib/python3.7/site-packages/airflow/example_dags/tutorial_dag.py
[2022-09-24T07:46:20.228+0000] {processor.py:768} INFO - DAG(s) dict_keys(['tutorial_dag']) retrieved from /home/airflow/.local/lib/python3.7/site-packages/airflow/example_dags/tutorial_dag.py
[2022-09-24T07:46:20.257+0000] {logging_mixin.py:117} INFO - [2022-09-24T07:46:20.257+0000] {dag.py:2573} INFO - Sync 1 DAGs
[2022-09-24T07:46:20.272+0000] {logging_mixin.py:117} INFO - [2022-09-24T07:46:20.272+0000] {dag.py:3328} INFO - Setting next_dagrun for tutorial_dag to None, run_after=None
[2022-09-24T07:46:20.284+0000] {processor.py:178} INFO - Processing /home/airflow/.local/lib/python3.7/site-packages/airflow/example_dags/tutorial_dag.py took 0.070 seconds
[2022-09-24T07:46:50.635+0000] {processor.py:156} INFO - Started process (PID=33433) to work on /home/airflow/.local/lib/python3.7/site-packages/airflow/example_dags/tutorial_dag.py
[2022-09-24T07:46:50.636+0000] {processor.py:758} INFO - Processing file /home/airflow/.local/lib/python3.7/site-packages/airflow/example_dags/tutorial_dag.py for tasks to queue
[2022-09-24T07:46:50.637+0000] {logging_mixin.py:117} INFO - [2022-09-24T07:46:50.637+0000] {dagbag.py:525} INFO - Filling up the DagBag from /home/airflow/.local/lib/python3.7/site-packages/airflow/example_dags/tutorial_dag.py
[2022-09-24T07:46:50.649+0000] {processor.py:768} INFO - DAG(s) dict_keys(['tutorial_dag']) retrieved from /home/airflow/.local/lib/python3.7/site-packages/airflow/example_dags/tutorial_dag.py
[2022-09-24T07:46:50.679+0000] {logging_mixin.py:117} INFO - [2022-09-24T07:46:50.679+0000] {dag.py:2573} INFO - Sync 1 DAGs
[2022-09-24T07:46:50.694+0000] {logging_mixin.py:117} INFO - [2022-09-24T07:46:50.693+0000] {dag.py:3328} INFO - Setting next_dagrun for tutorial_dag to None, run_after=None
[2022-09-24T07:46:50.707+0000] {processor.py:178} INFO - Processing /home/airflow/.local/lib/python3.7/site-packages/airflow/example_dags/tutorial_dag.py took 0.075 seconds
[2022-09-24T08:22:49.159+0000] {processor.py:156} INFO - Started process (PID=33497) to work on /home/airflow/.local/lib/python3.7/site-packages/airflow/example_dags/tutorial_dag.py
[2022-09-24T08:22:49.160+0000] {processor.py:758} INFO - Processing file /home/airflow/.local/lib/python3.7/site-packages/airflow/example_dags/tutorial_dag.py for tasks to queue
[2022-09-24T08:22:49.161+0000] {logging_mixin.py:117} INFO - [2022-09-24T08:22:49.161+0000] {dagbag.py:525} INFO - Filling up the DagBag from /home/airflow/.local/lib/python3.7/site-packages/airflow/example_dags/tutorial_dag.py
[2022-09-24T08:22:49.172+0000] {processor.py:768} INFO - DAG(s) dict_keys(['tutorial_dag']) retrieved from /home/airflow/.local/lib/python3.7/site-packages/airflow/example_dags/tutorial_dag.py
[2022-09-24T08:22:49.199+0000] {logging_mixin.py:117} INFO - [2022-09-24T08:22:49.199+0000] {dag.py:2573} INFO - Sync 1 DAGs
[2022-09-24T08:22:49.216+0000] {logging_mixin.py:117} INFO - [2022-09-24T08:22:49.215+0000] {dag.py:3328} INFO - Setting next_dagrun for tutorial_dag to None, run_after=None
[2022-09-24T08:22:49.227+0000] {processor.py:178} INFO - Processing /home/airflow/.local/lib/python3.7/site-packages/airflow/example_dags/tutorial_dag.py took 0.070 seconds
[2022-09-24T08:25:46.092+0000] {processor.py:156} INFO - Started process (PID=33551) to work on /home/airflow/.local/lib/python3.7/site-packages/airflow/example_dags/tutorial_dag.py
[2022-09-24T08:25:46.096+0000] {processor.py:758} INFO - Processing file /home/airflow/.local/lib/python3.7/site-packages/airflow/example_dags/tutorial_dag.py for tasks to queue
[2022-09-24T08:25:46.099+0000] {logging_mixin.py:117} INFO - [2022-09-24T08:25:46.099+0000] {dagbag.py:525} INFO - Filling up the DagBag from /home/airflow/.local/lib/python3.7/site-packages/airflow/example_dags/tutorial_dag.py
[2022-09-24T08:25:46.123+0000] {processor.py:768} INFO - DAG(s) dict_keys(['tutorial_dag']) retrieved from /home/airflow/.local/lib/python3.7/site-packages/airflow/example_dags/tutorial_dag.py
[2022-09-24T08:25:46.195+0000] {logging_mixin.py:117} INFO - [2022-09-24T08:25:46.195+0000] {dag.py:2573} INFO - Sync 1 DAGs
[2022-09-24T08:25:46.220+0000] {logging_mixin.py:117} INFO - [2022-09-24T08:25:46.220+0000] {dag.py:3328} INFO - Setting next_dagrun for tutorial_dag to None, run_after=None
[2022-09-24T08:25:46.237+0000] {processor.py:178} INFO - Processing /home/airflow/.local/lib/python3.7/site-packages/airflow/example_dags/tutorial_dag.py took 0.148 seconds
[2022-09-24T08:26:17.042+0000] {processor.py:156} INFO - Started process (PID=33614) to work on /home/airflow/.local/lib/python3.7/site-packages/airflow/example_dags/tutorial_dag.py
[2022-09-24T08:26:17.043+0000] {processor.py:758} INFO - Processing file /home/airflow/.local/lib/python3.7/site-packages/airflow/example_dags/tutorial_dag.py for tasks to queue
[2022-09-24T08:26:17.045+0000] {logging_mixin.py:117} INFO - [2022-09-24T08:26:17.044+0000] {dagbag.py:525} INFO - Filling up the DagBag from /home/airflow/.local/lib/python3.7/site-packages/airflow/example_dags/tutorial_dag.py
[2022-09-24T08:26:17.056+0000] {processor.py:768} INFO - DAG(s) dict_keys(['tutorial_dag']) retrieved from /home/airflow/.local/lib/python3.7/site-packages/airflow/example_dags/tutorial_dag.py
[2022-09-24T08:26:17.083+0000] {logging_mixin.py:117} INFO - [2022-09-24T08:26:17.083+0000] {dag.py:2573} INFO - Sync 1 DAGs
[2022-09-24T08:26:17.099+0000] {logging_mixin.py:117} INFO - [2022-09-24T08:26:17.099+0000] {dag.py:3328} INFO - Setting next_dagrun for tutorial_dag to None, run_after=None
[2022-09-24T08:26:17.112+0000] {processor.py:178} INFO - Processing /home/airflow/.local/lib/python3.7/site-packages/airflow/example_dags/tutorial_dag.py took 0.073 seconds
[2022-09-24T08:26:47.296+0000] {processor.py:156} INFO - Started process (PID=33677) to work on /home/airflow/.local/lib/python3.7/site-packages/airflow/example_dags/tutorial_dag.py
[2022-09-24T08:26:47.298+0000] {processor.py:758} INFO - Processing file /home/airflow/.local/lib/python3.7/site-packages/airflow/example_dags/tutorial_dag.py for tasks to queue
[2022-09-24T08:26:47.300+0000] {logging_mixin.py:117} INFO - [2022-09-24T08:26:47.299+0000] {dagbag.py:525} INFO - Filling up the DagBag from /home/airflow/.local/lib/python3.7/site-packages/airflow/example_dags/tutorial_dag.py
[2022-09-24T08:26:47.310+0000] {processor.py:768} INFO - DAG(s) dict_keys(['tutorial_dag']) retrieved from /home/airflow/.local/lib/python3.7/site-packages/airflow/example_dags/tutorial_dag.py
[2022-09-24T08:26:47.337+0000] {logging_mixin.py:117} INFO - [2022-09-24T08:26:47.337+0000] {dag.py:2573} INFO - Sync 1 DAGs
[2022-09-24T08:26:47.353+0000] {logging_mixin.py:117} INFO - [2022-09-24T08:26:47.353+0000] {dag.py:3328} INFO - Setting next_dagrun for tutorial_dag to None, run_after=None
[2022-09-24T08:26:47.367+0000] {processor.py:178} INFO - Processing /home/airflow/.local/lib/python3.7/site-packages/airflow/example_dags/tutorial_dag.py took 0.073 seconds
[2022-09-24T08:27:17.597+0000] {processor.py:156} INFO - Started process (PID=33740) to work on /home/airflow/.local/lib/python3.7/site-packages/airflow/example_dags/tutorial_dag.py
[2022-09-24T08:27:17.599+0000] {processor.py:758} INFO - Processing file /home/airflow/.local/lib/python3.7/site-packages/airflow/example_dags/tutorial_dag.py for tasks to queue
[2022-09-24T08:27:17.600+0000] {logging_mixin.py:117} INFO - [2022-09-24T08:27:17.600+0000] {dagbag.py:525} INFO - Filling up the DagBag from /home/airflow/.local/lib/python3.7/site-packages/airflow/example_dags/tutorial_dag.py
[2022-09-24T08:27:17.609+0000] {processor.py:768} INFO - DAG(s) dict_keys(['tutorial_dag']) retrieved from /home/airflow/.local/lib/python3.7/site-packages/airflow/example_dags/tutorial_dag.py
[2022-09-24T08:27:17.635+0000] {logging_mixin.py:117} INFO - [2022-09-24T08:27:17.635+0000] {dag.py:2573} INFO - Sync 1 DAGs
[2022-09-24T08:27:17.650+0000] {logging_mixin.py:117} INFO - [2022-09-24T08:27:17.650+0000] {dag.py:3328} INFO - Setting next_dagrun for tutorial_dag to None, run_after=None
[2022-09-24T08:27:17.663+0000] {processor.py:178} INFO - Processing /home/airflow/.local/lib/python3.7/site-packages/airflow/example_dags/tutorial_dag.py took 0.068 seconds
[2022-09-24T08:27:48.019+0000] {processor.py:156} INFO - Started process (PID=33802) to work on /home/airflow/.local/lib/python3.7/site-packages/airflow/example_dags/tutorial_dag.py
[2022-09-24T08:27:48.021+0000] {processor.py:758} INFO - Processing file /home/airflow/.local/lib/python3.7/site-packages/airflow/example_dags/tutorial_dag.py for tasks to queue
[2022-09-24T08:27:48.022+0000] {logging_mixin.py:117} INFO - [2022-09-24T08:27:48.022+0000] {dagbag.py:525} INFO - Filling up the DagBag from /home/airflow/.local/lib/python3.7/site-packages/airflow/example_dags/tutorial_dag.py
[2022-09-24T08:27:48.032+0000] {processor.py:768} INFO - DAG(s) dict_keys(['tutorial_dag']) retrieved from /home/airflow/.local/lib/python3.7/site-packages/airflow/example_dags/tutorial_dag.py
[2022-09-24T08:27:48.059+0000] {logging_mixin.py:117} INFO - [2022-09-24T08:27:48.058+0000] {dag.py:2573} INFO - Sync 1 DAGs
[2022-09-24T08:27:48.074+0000] {logging_mixin.py:117} INFO - [2022-09-24T08:27:48.074+0000] {dag.py:3328} INFO - Setting next_dagrun for tutorial_dag to None, run_after=None
[2022-09-24T08:27:48.085+0000] {processor.py:178} INFO - Processing /home/airflow/.local/lib/python3.7/site-packages/airflow/example_dags/tutorial_dag.py took 0.069 seconds
[2022-09-24T08:28:18.221+0000] {processor.py:156} INFO - Started process (PID=33866) to work on /home/airflow/.local/lib/python3.7/site-packages/airflow/example_dags/tutorial_dag.py
[2022-09-24T08:28:18.223+0000] {processor.py:758} INFO - Processing file /home/airflow/.local/lib/python3.7/site-packages/airflow/example_dags/tutorial_dag.py for tasks to queue
[2022-09-24T08:28:18.224+0000] {logging_mixin.py:117} INFO - [2022-09-24T08:28:18.224+0000] {dagbag.py:525} INFO - Filling up the DagBag from /home/airflow/.local/lib/python3.7/site-packages/airflow/example_dags/tutorial_dag.py
[2022-09-24T08:28:18.234+0000] {processor.py:768} INFO - DAG(s) dict_keys(['tutorial_dag']) retrieved from /home/airflow/.local/lib/python3.7/site-packages/airflow/example_dags/tutorial_dag.py
[2022-09-24T08:28:18.261+0000] {logging_mixin.py:117} INFO - [2022-09-24T08:28:18.261+0000] {dag.py:2573} INFO - Sync 1 DAGs
[2022-09-24T08:28:18.275+0000] {logging_mixin.py:117} INFO - [2022-09-24T08:28:18.275+0000] {dag.py:3328} INFO - Setting next_dagrun for tutorial_dag to None, run_after=None
[2022-09-24T08:28:18.288+0000] {processor.py:178} INFO - Processing /home/airflow/.local/lib/python3.7/site-packages/airflow/example_dags/tutorial_dag.py took 0.069 seconds
[2022-09-24T08:28:48.505+0000] {processor.py:156} INFO - Started process (PID=33920) to work on /home/airflow/.local/lib/python3.7/site-packages/airflow/example_dags/tutorial_dag.py
[2022-09-24T08:28:48.506+0000] {processor.py:758} INFO - Processing file /home/airflow/.local/lib/python3.7/site-packages/airflow/example_dags/tutorial_dag.py for tasks to queue
[2022-09-24T08:28:48.508+0000] {logging_mixin.py:117} INFO - [2022-09-24T08:28:48.508+0000] {dagbag.py:525} INFO - Filling up the DagBag from /home/airflow/.local/lib/python3.7/site-packages/airflow/example_dags/tutorial_dag.py
[2022-09-24T08:28:48.519+0000] {processor.py:768} INFO - DAG(s) dict_keys(['tutorial_dag']) retrieved from /home/airflow/.local/lib/python3.7/site-packages/airflow/example_dags/tutorial_dag.py
[2022-09-24T08:28:48.547+0000] {logging_mixin.py:117} INFO - [2022-09-24T08:28:48.547+0000] {dag.py:2573} INFO - Sync 1 DAGs
[2022-09-24T08:28:48.562+0000] {logging_mixin.py:117} INFO - [2022-09-24T08:28:48.562+0000] {dag.py:3328} INFO - Setting next_dagrun for tutorial_dag to None, run_after=None
[2022-09-24T08:28:48.575+0000] {processor.py:178} INFO - Processing /home/airflow/.local/lib/python3.7/site-packages/airflow/example_dags/tutorial_dag.py took 0.072 seconds
[2022-09-24T08:29:18.856+0000] {processor.py:156} INFO - Started process (PID=33983) to work on /home/airflow/.local/lib/python3.7/site-packages/airflow/example_dags/tutorial_dag.py
[2022-09-24T08:29:18.857+0000] {processor.py:758} INFO - Processing file /home/airflow/.local/lib/python3.7/site-packages/airflow/example_dags/tutorial_dag.py for tasks to queue
[2022-09-24T08:29:18.859+0000] {logging_mixin.py:117} INFO - [2022-09-24T08:29:18.859+0000] {dagbag.py:525} INFO - Filling up the DagBag from /home/airflow/.local/lib/python3.7/site-packages/airflow/example_dags/tutorial_dag.py
[2022-09-24T08:29:18.869+0000] {processor.py:768} INFO - DAG(s) dict_keys(['tutorial_dag']) retrieved from /home/airflow/.local/lib/python3.7/site-packages/airflow/example_dags/tutorial_dag.py
[2022-09-24T08:29:18.896+0000] {logging_mixin.py:117} INFO - [2022-09-24T08:29:18.896+0000] {dag.py:2573} INFO - Sync 1 DAGs
[2022-09-24T08:29:18.913+0000] {logging_mixin.py:117} INFO - [2022-09-24T08:29:18.913+0000] {dag.py:3328} INFO - Setting next_dagrun for tutorial_dag to None, run_after=None
[2022-09-24T08:29:18.925+0000] {processor.py:178} INFO - Processing /home/airflow/.local/lib/python3.7/site-packages/airflow/example_dags/tutorial_dag.py took 0.071 seconds
[2022-09-24T08:29:49.370+0000] {processor.py:156} INFO - Started process (PID=34047) to work on /home/airflow/.local/lib/python3.7/site-packages/airflow/example_dags/tutorial_dag.py
[2022-09-24T08:29:49.371+0000] {processor.py:758} INFO - Processing file /home/airflow/.local/lib/python3.7/site-packages/airflow/example_dags/tutorial_dag.py for tasks to queue
[2022-09-24T08:29:49.372+0000] {logging_mixin.py:117} INFO - [2022-09-24T08:29:49.372+0000] {dagbag.py:525} INFO - Filling up the DagBag from /home/airflow/.local/lib/python3.7/site-packages/airflow/example_dags/tutorial_dag.py
[2022-09-24T08:29:49.383+0000] {processor.py:768} INFO - DAG(s) dict_keys(['tutorial_dag']) retrieved from /home/airflow/.local/lib/python3.7/site-packages/airflow/example_dags/tutorial_dag.py
[2022-09-24T08:29:49.410+0000] {logging_mixin.py:117} INFO - [2022-09-24T08:29:49.410+0000] {dag.py:2573} INFO - Sync 1 DAGs
[2022-09-24T08:29:49.429+0000] {logging_mixin.py:117} INFO - [2022-09-24T08:29:49.429+0000] {dag.py:3328} INFO - Setting next_dagrun for tutorial_dag to None, run_after=None
[2022-09-24T08:29:49.442+0000] {processor.py:178} INFO - Processing /home/airflow/.local/lib/python3.7/site-packages/airflow/example_dags/tutorial_dag.py took 0.074 seconds
[2022-09-24T08:30:19.670+0000] {processor.py:156} INFO - Started process (PID=34110) to work on /home/airflow/.local/lib/python3.7/site-packages/airflow/example_dags/tutorial_dag.py
[2022-09-24T08:30:19.674+0000] {processor.py:758} INFO - Processing file /home/airflow/.local/lib/python3.7/site-packages/airflow/example_dags/tutorial_dag.py for tasks to queue
[2022-09-24T08:30:19.675+0000] {logging_mixin.py:117} INFO - [2022-09-24T08:30:19.675+0000] {dagbag.py:525} INFO - Filling up the DagBag from /home/airflow/.local/lib/python3.7/site-packages/airflow/example_dags/tutorial_dag.py
[2022-09-24T08:30:19.687+0000] {processor.py:768} INFO - DAG(s) dict_keys(['tutorial_dag']) retrieved from /home/airflow/.local/lib/python3.7/site-packages/airflow/example_dags/tutorial_dag.py
[2022-09-24T08:30:19.717+0000] {logging_mixin.py:117} INFO - [2022-09-24T08:30:19.717+0000] {dag.py:2573} INFO - Sync 1 DAGs
[2022-09-24T08:30:19.732+0000] {logging_mixin.py:117} INFO - [2022-09-24T08:30:19.732+0000] {dag.py:3328} INFO - Setting next_dagrun for tutorial_dag to None, run_after=None
[2022-09-24T08:30:19.744+0000] {processor.py:178} INFO - Processing /home/airflow/.local/lib/python3.7/site-packages/airflow/example_dags/tutorial_dag.py took 0.076 seconds
[2022-09-24T08:30:49.952+0000] {processor.py:156} INFO - Started process (PID=34174) to work on /home/airflow/.local/lib/python3.7/site-packages/airflow/example_dags/tutorial_dag.py
[2022-09-24T08:30:49.953+0000] {processor.py:758} INFO - Processing file /home/airflow/.local/lib/python3.7/site-packages/airflow/example_dags/tutorial_dag.py for tasks to queue
[2022-09-24T08:30:49.954+0000] {logging_mixin.py:117} INFO - [2022-09-24T08:30:49.954+0000] {dagbag.py:525} INFO - Filling up the DagBag from /home/airflow/.local/lib/python3.7/site-packages/airflow/example_dags/tutorial_dag.py
[2022-09-24T08:30:49.965+0000] {processor.py:768} INFO - DAG(s) dict_keys(['tutorial_dag']) retrieved from /home/airflow/.local/lib/python3.7/site-packages/airflow/example_dags/tutorial_dag.py
[2022-09-24T08:30:49.992+0000] {logging_mixin.py:117} INFO - [2022-09-24T08:30:49.992+0000] {dag.py:2573} INFO - Sync 1 DAGs
[2022-09-24T08:30:50.007+0000] {logging_mixin.py:117} INFO - [2022-09-24T08:30:50.006+0000] {dag.py:3328} INFO - Setting next_dagrun for tutorial_dag to None, run_after=None
[2022-09-24T08:30:50.020+0000] {processor.py:178} INFO - Processing /home/airflow/.local/lib/python3.7/site-packages/airflow/example_dags/tutorial_dag.py took 0.071 seconds
[2022-09-24T08:31:20.278+0000] {processor.py:156} INFO - Started process (PID=34237) to work on /home/airflow/.local/lib/python3.7/site-packages/airflow/example_dags/tutorial_dag.py
[2022-09-24T08:31:20.279+0000] {processor.py:758} INFO - Processing file /home/airflow/.local/lib/python3.7/site-packages/airflow/example_dags/tutorial_dag.py for tasks to queue
[2022-09-24T08:31:20.280+0000] {logging_mixin.py:117} INFO - [2022-09-24T08:31:20.280+0000] {dagbag.py:525} INFO - Filling up the DagBag from /home/airflow/.local/lib/python3.7/site-packages/airflow/example_dags/tutorial_dag.py
[2022-09-24T08:31:20.289+0000] {processor.py:768} INFO - DAG(s) dict_keys(['tutorial_dag']) retrieved from /home/airflow/.local/lib/python3.7/site-packages/airflow/example_dags/tutorial_dag.py
[2022-09-24T08:31:20.315+0000] {logging_mixin.py:117} INFO - [2022-09-24T08:31:20.315+0000] {dag.py:2573} INFO - Sync 1 DAGs
[2022-09-24T08:31:20.330+0000] {logging_mixin.py:117} INFO - [2022-09-24T08:31:20.330+0000] {dag.py:3328} INFO - Setting next_dagrun for tutorial_dag to None, run_after=None
[2022-09-24T08:31:20.347+0000] {processor.py:178} INFO - Processing /home/airflow/.local/lib/python3.7/site-packages/airflow/example_dags/tutorial_dag.py took 0.071 seconds
[2022-09-24T08:31:50.392+0000] {processor.py:156} INFO - Started process (PID=34289) to work on /home/airflow/.local/lib/python3.7/site-packages/airflow/example_dags/tutorial_dag.py
[2022-09-24T08:31:50.393+0000] {processor.py:758} INFO - Processing file /home/airflow/.local/lib/python3.7/site-packages/airflow/example_dags/tutorial_dag.py for tasks to queue
[2022-09-24T08:31:50.395+0000] {logging_mixin.py:117} INFO - [2022-09-24T08:31:50.394+0000] {dagbag.py:525} INFO - Filling up the DagBag from /home/airflow/.local/lib/python3.7/site-packages/airflow/example_dags/tutorial_dag.py
[2022-09-24T08:31:50.403+0000] {processor.py:768} INFO - DAG(s) dict_keys(['tutorial_dag']) retrieved from /home/airflow/.local/lib/python3.7/site-packages/airflow/example_dags/tutorial_dag.py
[2022-09-24T08:31:50.429+0000] {logging_mixin.py:117} INFO - [2022-09-24T08:31:50.428+0000] {dag.py:2573} INFO - Sync 1 DAGs
[2022-09-24T08:31:50.442+0000] {logging_mixin.py:117} INFO - [2022-09-24T08:31:50.442+0000] {dag.py:3328} INFO - Setting next_dagrun for tutorial_dag to None, run_after=None
[2022-09-24T08:31:50.454+0000] {processor.py:178} INFO - Processing /home/airflow/.local/lib/python3.7/site-packages/airflow/example_dags/tutorial_dag.py took 0.064 seconds
[2022-09-24T08:32:20.697+0000] {processor.py:156} INFO - Started process (PID=34352) to work on /home/airflow/.local/lib/python3.7/site-packages/airflow/example_dags/tutorial_dag.py
[2022-09-24T08:32:20.699+0000] {processor.py:758} INFO - Processing file /home/airflow/.local/lib/python3.7/site-packages/airflow/example_dags/tutorial_dag.py for tasks to queue
[2022-09-24T08:32:20.700+0000] {logging_mixin.py:117} INFO - [2022-09-24T08:32:20.700+0000] {dagbag.py:525} INFO - Filling up the DagBag from /home/airflow/.local/lib/python3.7/site-packages/airflow/example_dags/tutorial_dag.py
[2022-09-24T08:32:20.709+0000] {processor.py:768} INFO - DAG(s) dict_keys(['tutorial_dag']) retrieved from /home/airflow/.local/lib/python3.7/site-packages/airflow/example_dags/tutorial_dag.py
[2022-09-24T08:32:20.734+0000] {logging_mixin.py:117} INFO - [2022-09-24T08:32:20.733+0000] {dag.py:2573} INFO - Sync 1 DAGs
[2022-09-24T08:32:20.747+0000] {logging_mixin.py:117} INFO - [2022-09-24T08:32:20.747+0000] {dag.py:3328} INFO - Setting next_dagrun for tutorial_dag to None, run_after=None
[2022-09-24T08:32:20.758+0000] {processor.py:178} INFO - Processing /home/airflow/.local/lib/python3.7/site-packages/airflow/example_dags/tutorial_dag.py took 0.062 seconds
[2022-09-24T08:32:51.027+0000] {processor.py:156} INFO - Started process (PID=34414) to work on /home/airflow/.local/lib/python3.7/site-packages/airflow/example_dags/tutorial_dag.py
[2022-09-24T08:32:51.029+0000] {processor.py:758} INFO - Processing file /home/airflow/.local/lib/python3.7/site-packages/airflow/example_dags/tutorial_dag.py for tasks to queue
[2022-09-24T08:32:51.030+0000] {logging_mixin.py:117} INFO - [2022-09-24T08:32:51.030+0000] {dagbag.py:525} INFO - Filling up the DagBag from /home/airflow/.local/lib/python3.7/site-packages/airflow/example_dags/tutorial_dag.py
[2022-09-24T08:32:51.040+0000] {processor.py:768} INFO - DAG(s) dict_keys(['tutorial_dag']) retrieved from /home/airflow/.local/lib/python3.7/site-packages/airflow/example_dags/tutorial_dag.py
[2022-09-24T08:32:51.066+0000] {logging_mixin.py:117} INFO - [2022-09-24T08:32:51.066+0000] {dag.py:2573} INFO - Sync 1 DAGs
[2022-09-24T08:32:51.080+0000] {logging_mixin.py:117} INFO - [2022-09-24T08:32:51.080+0000] {dag.py:3328} INFO - Setting next_dagrun for tutorial_dag to None, run_after=None
[2022-09-24T08:32:51.093+0000] {processor.py:178} INFO - Processing /home/airflow/.local/lib/python3.7/site-packages/airflow/example_dags/tutorial_dag.py took 0.068 seconds
[2022-09-24T08:33:21.377+0000] {processor.py:156} INFO - Started process (PID=34477) to work on /home/airflow/.local/lib/python3.7/site-packages/airflow/example_dags/tutorial_dag.py
[2022-09-24T08:33:21.379+0000] {processor.py:758} INFO - Processing file /home/airflow/.local/lib/python3.7/site-packages/airflow/example_dags/tutorial_dag.py for tasks to queue
[2022-09-24T08:33:21.380+0000] {logging_mixin.py:117} INFO - [2022-09-24T08:33:21.380+0000] {dagbag.py:525} INFO - Filling up the DagBag from /home/airflow/.local/lib/python3.7/site-packages/airflow/example_dags/tutorial_dag.py
[2022-09-24T08:33:21.390+0000] {processor.py:768} INFO - DAG(s) dict_keys(['tutorial_dag']) retrieved from /home/airflow/.local/lib/python3.7/site-packages/airflow/example_dags/tutorial_dag.py
[2022-09-24T08:33:21.415+0000] {logging_mixin.py:117} INFO - [2022-09-24T08:33:21.415+0000] {dag.py:2573} INFO - Sync 1 DAGs
[2022-09-24T08:33:21.430+0000] {logging_mixin.py:117} INFO - [2022-09-24T08:33:21.430+0000] {dag.py:3328} INFO - Setting next_dagrun for tutorial_dag to None, run_after=None
[2022-09-24T08:33:21.441+0000] {processor.py:178} INFO - Processing /home/airflow/.local/lib/python3.7/site-packages/airflow/example_dags/tutorial_dag.py took 0.067 seconds
[2022-09-24T08:33:51.818+0000] {processor.py:156} INFO - Started process (PID=34540) to work on /home/airflow/.local/lib/python3.7/site-packages/airflow/example_dags/tutorial_dag.py
[2022-09-24T08:33:51.819+0000] {processor.py:758} INFO - Processing file /home/airflow/.local/lib/python3.7/site-packages/airflow/example_dags/tutorial_dag.py for tasks to queue
[2022-09-24T08:33:51.820+0000] {logging_mixin.py:117} INFO - [2022-09-24T08:33:51.820+0000] {dagbag.py:525} INFO - Filling up the DagBag from /home/airflow/.local/lib/python3.7/site-packages/airflow/example_dags/tutorial_dag.py
[2022-09-24T08:33:51.830+0000] {processor.py:768} INFO - DAG(s) dict_keys(['tutorial_dag']) retrieved from /home/airflow/.local/lib/python3.7/site-packages/airflow/example_dags/tutorial_dag.py
[2022-09-24T08:33:51.861+0000] {logging_mixin.py:117} INFO - [2022-09-24T08:33:51.861+0000] {dag.py:2573} INFO - Sync 1 DAGs
[2022-09-24T08:33:51.878+0000] {logging_mixin.py:117} INFO - [2022-09-24T08:33:51.877+0000] {dag.py:3328} INFO - Setting next_dagrun for tutorial_dag to None, run_after=None
[2022-09-24T08:33:51.890+0000] {processor.py:178} INFO - Processing /home/airflow/.local/lib/python3.7/site-packages/airflow/example_dags/tutorial_dag.py took 0.075 seconds
[2022-09-24T08:34:22.269+0000] {processor.py:156} INFO - Started process (PID=34604) to work on /home/airflow/.local/lib/python3.7/site-packages/airflow/example_dags/tutorial_dag.py
[2022-09-24T08:34:22.271+0000] {processor.py:758} INFO - Processing file /home/airflow/.local/lib/python3.7/site-packages/airflow/example_dags/tutorial_dag.py for tasks to queue
[2022-09-24T08:34:22.272+0000] {logging_mixin.py:117} INFO - [2022-09-24T08:34:22.272+0000] {dagbag.py:525} INFO - Filling up the DagBag from /home/airflow/.local/lib/python3.7/site-packages/airflow/example_dags/tutorial_dag.py
[2022-09-24T08:34:22.282+0000] {processor.py:768} INFO - DAG(s) dict_keys(['tutorial_dag']) retrieved from /home/airflow/.local/lib/python3.7/site-packages/airflow/example_dags/tutorial_dag.py
[2022-09-24T08:34:22.308+0000] {logging_mixin.py:117} INFO - [2022-09-24T08:34:22.308+0000] {dag.py:2573} INFO - Sync 1 DAGs
[2022-09-24T08:34:22.323+0000] {logging_mixin.py:117} INFO - [2022-09-24T08:34:22.323+0000] {dag.py:3328} INFO - Setting next_dagrun for tutorial_dag to None, run_after=None
[2022-09-24T08:34:22.338+0000] {processor.py:178} INFO - Processing /home/airflow/.local/lib/python3.7/site-packages/airflow/example_dags/tutorial_dag.py took 0.071 seconds
[2022-09-24T08:34:52.566+0000] {processor.py:156} INFO - Started process (PID=34658) to work on /home/airflow/.local/lib/python3.7/site-packages/airflow/example_dags/tutorial_dag.py
[2022-09-24T08:34:52.567+0000] {processor.py:758} INFO - Processing file /home/airflow/.local/lib/python3.7/site-packages/airflow/example_dags/tutorial_dag.py for tasks to queue
[2022-09-24T08:34:52.569+0000] {logging_mixin.py:117} INFO - [2022-09-24T08:34:52.569+0000] {dagbag.py:525} INFO - Filling up the DagBag from /home/airflow/.local/lib/python3.7/site-packages/airflow/example_dags/tutorial_dag.py
[2022-09-24T08:34:52.579+0000] {processor.py:768} INFO - DAG(s) dict_keys(['tutorial_dag']) retrieved from /home/airflow/.local/lib/python3.7/site-packages/airflow/example_dags/tutorial_dag.py
[2022-09-24T08:34:52.606+0000] {logging_mixin.py:117} INFO - [2022-09-24T08:34:52.606+0000] {dag.py:2573} INFO - Sync 1 DAGs
[2022-09-24T08:34:52.621+0000] {logging_mixin.py:117} INFO - [2022-09-24T08:34:52.621+0000] {dag.py:3328} INFO - Setting next_dagrun for tutorial_dag to None, run_after=None
[2022-09-24T08:34:52.636+0000] {processor.py:178} INFO - Processing /home/airflow/.local/lib/python3.7/site-packages/airflow/example_dags/tutorial_dag.py took 0.072 seconds
[2022-09-24T08:35:22.916+0000] {processor.py:156} INFO - Started process (PID=34721) to work on /home/airflow/.local/lib/python3.7/site-packages/airflow/example_dags/tutorial_dag.py
[2022-09-24T08:35:22.917+0000] {processor.py:758} INFO - Processing file /home/airflow/.local/lib/python3.7/site-packages/airflow/example_dags/tutorial_dag.py for tasks to queue
[2022-09-24T08:35:22.918+0000] {logging_mixin.py:117} INFO - [2022-09-24T08:35:22.918+0000] {dagbag.py:525} INFO - Filling up the DagBag from /home/airflow/.local/lib/python3.7/site-packages/airflow/example_dags/tutorial_dag.py
[2022-09-24T08:35:22.929+0000] {processor.py:768} INFO - DAG(s) dict_keys(['tutorial_dag']) retrieved from /home/airflow/.local/lib/python3.7/site-packages/airflow/example_dags/tutorial_dag.py
[2022-09-24T08:35:22.962+0000] {logging_mixin.py:117} INFO - [2022-09-24T08:35:22.962+0000] {dag.py:2573} INFO - Sync 1 DAGs
[2022-09-24T08:35:22.981+0000] {logging_mixin.py:117} INFO - [2022-09-24T08:35:22.981+0000] {dag.py:3328} INFO - Setting next_dagrun for tutorial_dag to None, run_after=None
[2022-09-24T08:35:23.007+0000] {processor.py:178} INFO - Processing /home/airflow/.local/lib/python3.7/site-packages/airflow/example_dags/tutorial_dag.py took 0.094 seconds
[2022-09-24T08:35:53.396+0000] {processor.py:156} INFO - Started process (PID=34784) to work on /home/airflow/.local/lib/python3.7/site-packages/airflow/example_dags/tutorial_dag.py
[2022-09-24T08:35:53.397+0000] {processor.py:758} INFO - Processing file /home/airflow/.local/lib/python3.7/site-packages/airflow/example_dags/tutorial_dag.py for tasks to queue
[2022-09-24T08:35:53.398+0000] {logging_mixin.py:117} INFO - [2022-09-24T08:35:53.398+0000] {dagbag.py:525} INFO - Filling up the DagBag from /home/airflow/.local/lib/python3.7/site-packages/airflow/example_dags/tutorial_dag.py
[2022-09-24T08:35:53.409+0000] {processor.py:768} INFO - DAG(s) dict_keys(['tutorial_dag']) retrieved from /home/airflow/.local/lib/python3.7/site-packages/airflow/example_dags/tutorial_dag.py
[2022-09-24T08:35:53.437+0000] {logging_mixin.py:117} INFO - [2022-09-24T08:35:53.437+0000] {dag.py:2573} INFO - Sync 1 DAGs
[2022-09-24T08:35:53.452+0000] {logging_mixin.py:117} INFO - [2022-09-24T08:35:53.452+0000] {dag.py:3328} INFO - Setting next_dagrun for tutorial_dag to None, run_after=None
[2022-09-24T08:35:53.464+0000] {processor.py:178} INFO - Processing /home/airflow/.local/lib/python3.7/site-packages/airflow/example_dags/tutorial_dag.py took 0.070 seconds
[2022-09-24T08:36:23.684+0000] {processor.py:156} INFO - Started process (PID=34847) to work on /home/airflow/.local/lib/python3.7/site-packages/airflow/example_dags/tutorial_dag.py
[2022-09-24T08:36:23.685+0000] {processor.py:758} INFO - Processing file /home/airflow/.local/lib/python3.7/site-packages/airflow/example_dags/tutorial_dag.py for tasks to queue
[2022-09-24T08:36:23.686+0000] {logging_mixin.py:117} INFO - [2022-09-24T08:36:23.686+0000] {dagbag.py:525} INFO - Filling up the DagBag from /home/airflow/.local/lib/python3.7/site-packages/airflow/example_dags/tutorial_dag.py
[2022-09-24T08:36:23.697+0000] {processor.py:768} INFO - DAG(s) dict_keys(['tutorial_dag']) retrieved from /home/airflow/.local/lib/python3.7/site-packages/airflow/example_dags/tutorial_dag.py
[2022-09-24T08:36:23.725+0000] {logging_mixin.py:117} INFO - [2022-09-24T08:36:23.725+0000] {dag.py:2573} INFO - Sync 1 DAGs
[2022-09-24T08:36:23.742+0000] {logging_mixin.py:117} INFO - [2022-09-24T08:36:23.742+0000] {dag.py:3328} INFO - Setting next_dagrun for tutorial_dag to None, run_after=None
[2022-09-24T08:36:23.758+0000] {processor.py:178} INFO - Processing /home/airflow/.local/lib/python3.7/site-packages/airflow/example_dags/tutorial_dag.py took 0.076 seconds
[2022-09-24T08:36:54.068+0000] {processor.py:156} INFO - Started process (PID=34910) to work on /home/airflow/.local/lib/python3.7/site-packages/airflow/example_dags/tutorial_dag.py
[2022-09-24T08:36:54.069+0000] {processor.py:758} INFO - Processing file /home/airflow/.local/lib/python3.7/site-packages/airflow/example_dags/tutorial_dag.py for tasks to queue
[2022-09-24T08:36:54.070+0000] {logging_mixin.py:117} INFO - [2022-09-24T08:36:54.070+0000] {dagbag.py:525} INFO - Filling up the DagBag from /home/airflow/.local/lib/python3.7/site-packages/airflow/example_dags/tutorial_dag.py
[2022-09-24T08:36:54.080+0000] {processor.py:768} INFO - DAG(s) dict_keys(['tutorial_dag']) retrieved from /home/airflow/.local/lib/python3.7/site-packages/airflow/example_dags/tutorial_dag.py
[2022-09-24T08:36:54.108+0000] {logging_mixin.py:117} INFO - [2022-09-24T08:36:54.108+0000] {dag.py:2573} INFO - Sync 1 DAGs
[2022-09-24T08:36:54.122+0000] {logging_mixin.py:117} INFO - [2022-09-24T08:36:54.122+0000] {dag.py:3328} INFO - Setting next_dagrun for tutorial_dag to None, run_after=None
[2022-09-24T08:36:54.135+0000] {processor.py:178} INFO - Processing /home/airflow/.local/lib/python3.7/site-packages/airflow/example_dags/tutorial_dag.py took 0.070 seconds
[2022-09-24T08:37:24.341+0000] {processor.py:156} INFO - Started process (PID=34973) to work on /home/airflow/.local/lib/python3.7/site-packages/airflow/example_dags/tutorial_dag.py
[2022-09-24T08:37:24.343+0000] {processor.py:758} INFO - Processing file /home/airflow/.local/lib/python3.7/site-packages/airflow/example_dags/tutorial_dag.py for tasks to queue
[2022-09-24T08:37:24.344+0000] {logging_mixin.py:117} INFO - [2022-09-24T08:37:24.344+0000] {dagbag.py:525} INFO - Filling up the DagBag from /home/airflow/.local/lib/python3.7/site-packages/airflow/example_dags/tutorial_dag.py
[2022-09-24T08:37:24.354+0000] {processor.py:768} INFO - DAG(s) dict_keys(['tutorial_dag']) retrieved from /home/airflow/.local/lib/python3.7/site-packages/airflow/example_dags/tutorial_dag.py
[2022-09-24T08:37:24.385+0000] {logging_mixin.py:117} INFO - [2022-09-24T08:37:24.385+0000] {dag.py:2573} INFO - Sync 1 DAGs
[2022-09-24T08:37:24.405+0000] {logging_mixin.py:117} INFO - [2022-09-24T08:37:24.405+0000] {dag.py:3328} INFO - Setting next_dagrun for tutorial_dag to None, run_after=None
[2022-09-24T08:37:24.419+0000] {processor.py:178} INFO - Processing /home/airflow/.local/lib/python3.7/site-packages/airflow/example_dags/tutorial_dag.py took 0.081 seconds
[2022-09-24T08:37:54.763+0000] {processor.py:156} INFO - Started process (PID=35026) to work on /home/airflow/.local/lib/python3.7/site-packages/airflow/example_dags/tutorial_dag.py
[2022-09-24T08:37:54.765+0000] {processor.py:758} INFO - Processing file /home/airflow/.local/lib/python3.7/site-packages/airflow/example_dags/tutorial_dag.py for tasks to queue
[2022-09-24T08:37:54.766+0000] {logging_mixin.py:117} INFO - [2022-09-24T08:37:54.766+0000] {dagbag.py:525} INFO - Filling up the DagBag from /home/airflow/.local/lib/python3.7/site-packages/airflow/example_dags/tutorial_dag.py
[2022-09-24T08:37:54.776+0000] {processor.py:768} INFO - DAG(s) dict_keys(['tutorial_dag']) retrieved from /home/airflow/.local/lib/python3.7/site-packages/airflow/example_dags/tutorial_dag.py
[2022-09-24T08:37:54.805+0000] {logging_mixin.py:117} INFO - [2022-09-24T08:37:54.805+0000] {dag.py:2573} INFO - Sync 1 DAGs
[2022-09-24T08:37:54.821+0000] {logging_mixin.py:117} INFO - [2022-09-24T08:37:54.821+0000] {dag.py:3328} INFO - Setting next_dagrun for tutorial_dag to None, run_after=None
[2022-09-24T08:37:54.834+0000] {processor.py:178} INFO - Processing /home/airflow/.local/lib/python3.7/site-packages/airflow/example_dags/tutorial_dag.py took 0.073 seconds
[2022-09-24T08:38:25.172+0000] {processor.py:156} INFO - Started process (PID=35089) to work on /home/airflow/.local/lib/python3.7/site-packages/airflow/example_dags/tutorial_dag.py
[2022-09-24T08:38:25.175+0000] {processor.py:758} INFO - Processing file /home/airflow/.local/lib/python3.7/site-packages/airflow/example_dags/tutorial_dag.py for tasks to queue
[2022-09-24T08:38:25.176+0000] {logging_mixin.py:117} INFO - [2022-09-24T08:38:25.176+0000] {dagbag.py:525} INFO - Filling up the DagBag from /home/airflow/.local/lib/python3.7/site-packages/airflow/example_dags/tutorial_dag.py
[2022-09-24T08:38:25.187+0000] {processor.py:768} INFO - DAG(s) dict_keys(['tutorial_dag']) retrieved from /home/airflow/.local/lib/python3.7/site-packages/airflow/example_dags/tutorial_dag.py
[2022-09-24T08:38:25.213+0000] {logging_mixin.py:117} INFO - [2022-09-24T08:38:25.213+0000] {dag.py:2573} INFO - Sync 1 DAGs
[2022-09-24T08:38:25.229+0000] {logging_mixin.py:117} INFO - [2022-09-24T08:38:25.229+0000] {dag.py:3328} INFO - Setting next_dagrun for tutorial_dag to None, run_after=None
[2022-09-24T08:38:25.241+0000] {processor.py:178} INFO - Processing /home/airflow/.local/lib/python3.7/site-packages/airflow/example_dags/tutorial_dag.py took 0.071 seconds
[2022-09-24T08:38:55.395+0000] {processor.py:156} INFO - Started process (PID=35153) to work on /home/airflow/.local/lib/python3.7/site-packages/airflow/example_dags/tutorial_dag.py
[2022-09-24T08:38:55.396+0000] {processor.py:758} INFO - Processing file /home/airflow/.local/lib/python3.7/site-packages/airflow/example_dags/tutorial_dag.py for tasks to queue
[2022-09-24T08:38:55.398+0000] {logging_mixin.py:117} INFO - [2022-09-24T08:38:55.398+0000] {dagbag.py:525} INFO - Filling up the DagBag from /home/airflow/.local/lib/python3.7/site-packages/airflow/example_dags/tutorial_dag.py
[2022-09-24T08:38:55.408+0000] {processor.py:768} INFO - DAG(s) dict_keys(['tutorial_dag']) retrieved from /home/airflow/.local/lib/python3.7/site-packages/airflow/example_dags/tutorial_dag.py
[2022-09-24T08:38:55.436+0000] {logging_mixin.py:117} INFO - [2022-09-24T08:38:55.436+0000] {dag.py:2573} INFO - Sync 1 DAGs
[2022-09-24T08:38:55.453+0000] {logging_mixin.py:117} INFO - [2022-09-24T08:38:55.453+0000] {dag.py:3328} INFO - Setting next_dagrun for tutorial_dag to None, run_after=None
[2022-09-24T08:38:55.472+0000] {processor.py:178} INFO - Processing /home/airflow/.local/lib/python3.7/site-packages/airflow/example_dags/tutorial_dag.py took 0.079 seconds
[2022-09-24T08:39:25.676+0000] {processor.py:156} INFO - Started process (PID=35216) to work on /home/airflow/.local/lib/python3.7/site-packages/airflow/example_dags/tutorial_dag.py
[2022-09-24T08:39:25.678+0000] {processor.py:758} INFO - Processing file /home/airflow/.local/lib/python3.7/site-packages/airflow/example_dags/tutorial_dag.py for tasks to queue
[2022-09-24T08:39:25.681+0000] {logging_mixin.py:117} INFO - [2022-09-24T08:39:25.681+0000] {dagbag.py:525} INFO - Filling up the DagBag from /home/airflow/.local/lib/python3.7/site-packages/airflow/example_dags/tutorial_dag.py
[2022-09-24T08:39:25.693+0000] {processor.py:768} INFO - DAG(s) dict_keys(['tutorial_dag']) retrieved from /home/airflow/.local/lib/python3.7/site-packages/airflow/example_dags/tutorial_dag.py
[2022-09-24T08:39:25.720+0000] {logging_mixin.py:117} INFO - [2022-09-24T08:39:25.720+0000] {dag.py:2573} INFO - Sync 1 DAGs
[2022-09-24T08:39:25.737+0000] {logging_mixin.py:117} INFO - [2022-09-24T08:39:25.737+0000] {dag.py:3328} INFO - Setting next_dagrun for tutorial_dag to None, run_after=None
[2022-09-24T08:39:25.751+0000] {processor.py:178} INFO - Processing /home/airflow/.local/lib/python3.7/site-packages/airflow/example_dags/tutorial_dag.py took 0.077 seconds
[2022-09-24T08:39:56.162+0000] {processor.py:156} INFO - Started process (PID=35279) to work on /home/airflow/.local/lib/python3.7/site-packages/airflow/example_dags/tutorial_dag.py
[2022-09-24T08:39:56.164+0000] {processor.py:758} INFO - Processing file /home/airflow/.local/lib/python3.7/site-packages/airflow/example_dags/tutorial_dag.py for tasks to queue
[2022-09-24T08:39:56.165+0000] {logging_mixin.py:117} INFO - [2022-09-24T08:39:56.164+0000] {dagbag.py:525} INFO - Filling up the DagBag from /home/airflow/.local/lib/python3.7/site-packages/airflow/example_dags/tutorial_dag.py
[2022-09-24T08:39:56.176+0000] {processor.py:768} INFO - DAG(s) dict_keys(['tutorial_dag']) retrieved from /home/airflow/.local/lib/python3.7/site-packages/airflow/example_dags/tutorial_dag.py
[2022-09-24T08:39:56.204+0000] {logging_mixin.py:117} INFO - [2022-09-24T08:39:56.204+0000] {dag.py:2573} INFO - Sync 1 DAGs
[2022-09-24T08:39:56.224+0000] {logging_mixin.py:117} INFO - [2022-09-24T08:39:56.224+0000] {dag.py:3328} INFO - Setting next_dagrun for tutorial_dag to None, run_after=None
[2022-09-24T08:39:56.239+0000] {processor.py:178} INFO - Processing /home/airflow/.local/lib/python3.7/site-packages/airflow/example_dags/tutorial_dag.py took 0.079 seconds
[2022-09-24T09:07:09.384+0000] {processor.py:156} INFO - Started process (PID=35334) to work on /home/airflow/.local/lib/python3.7/site-packages/airflow/example_dags/tutorial_dag.py
[2022-09-24T09:07:09.385+0000] {processor.py:758} INFO - Processing file /home/airflow/.local/lib/python3.7/site-packages/airflow/example_dags/tutorial_dag.py for tasks to queue
[2022-09-24T09:07:09.386+0000] {logging_mixin.py:117} INFO - [2022-09-24T09:07:09.386+0000] {dagbag.py:525} INFO - Filling up the DagBag from /home/airflow/.local/lib/python3.7/site-packages/airflow/example_dags/tutorial_dag.py
[2022-09-24T09:07:09.396+0000] {processor.py:768} INFO - DAG(s) dict_keys(['tutorial_dag']) retrieved from /home/airflow/.local/lib/python3.7/site-packages/airflow/example_dags/tutorial_dag.py
[2022-09-24T09:07:09.424+0000] {logging_mixin.py:117} INFO - [2022-09-24T09:07:09.424+0000] {dag.py:2573} INFO - Sync 1 DAGs
[2022-09-24T09:07:09.441+0000] {logging_mixin.py:117} INFO - [2022-09-24T09:07:09.441+0000] {dag.py:3328} INFO - Setting next_dagrun for tutorial_dag to None, run_after=None
[2022-09-24T09:07:09.458+0000] {processor.py:178} INFO - Processing /home/airflow/.local/lib/python3.7/site-packages/airflow/example_dags/tutorial_dag.py took 0.076 seconds
